[2025-07-06T04:38:33.258+0000] {processor.py:186} INFO - Started process (PID=647) to work on /opt/airflow/dags/hello.py
[2025-07-06T04:38:33.259+0000] {processor.py:914} INFO - Processing file /opt/airflow/dags/hello.py for tasks to queue
[2025-07-06T04:38:33.261+0000] {logging_mixin.py:190} INFO - [2025-07-06T04:38:33.260+0000] {dagbag.py:588} INFO - Filling up the DagBag from /opt/airflow/dags/hello.py
[2025-07-06T04:38:33.269+0000] {processor.py:925} INFO - DAG(s) 'hello_world_ikhsan' retrieved from /opt/airflow/dags/hello.py
[2025-07-06T04:38:33.361+0000] {logging_mixin.py:190} INFO - [2025-07-06T04:38:33.361+0000] {override.py:1911} INFO - Created Permission View: can delete on DAG:hello_world_ikhsan
[2025-07-06T04:38:33.369+0000] {logging_mixin.py:190} INFO - [2025-07-06T04:38:33.369+0000] {override.py:1911} INFO - Created Permission View: can edit on DAG:hello_world_ikhsan
[2025-07-06T04:38:33.375+0000] {logging_mixin.py:190} INFO - [2025-07-06T04:38:33.374+0000] {override.py:1911} INFO - Created Permission View: can read on DAG:hello_world_ikhsan
[2025-07-06T04:38:33.380+0000] {logging_mixin.py:190} INFO - [2025-07-06T04:38:33.380+0000] {override.py:1911} INFO - Created Permission View: can delete on DAG Run:hello_world_ikhsan
[2025-07-06T04:38:33.385+0000] {logging_mixin.py:190} INFO - [2025-07-06T04:38:33.385+0000] {override.py:1911} INFO - Created Permission View: menu access on DAG Run:hello_world_ikhsan
[2025-07-06T04:38:33.391+0000] {logging_mixin.py:190} INFO - [2025-07-06T04:38:33.390+0000] {override.py:1911} INFO - Created Permission View: can create on DAG Run:hello_world_ikhsan
[2025-07-06T04:38:33.396+0000] {logging_mixin.py:190} INFO - [2025-07-06T04:38:33.396+0000] {override.py:1911} INFO - Created Permission View: can read on DAG Run:hello_world_ikhsan
[2025-07-06T04:38:33.397+0000] {logging_mixin.py:190} INFO - [2025-07-06T04:38:33.397+0000] {dag.py:3239} INFO - Sync 1 DAGs
[2025-07-06T04:38:33.408+0000] {logging_mixin.py:190} INFO - [2025-07-06T04:38:33.407+0000] {dag.py:3262} INFO - Creating ORM DAG for hello_world_ikhsan
[2025-07-06T04:38:33.417+0000] {logging_mixin.py:190} INFO - [2025-07-06T04:38:33.416+0000] {dag.py:4180} INFO - Setting next_dagrun for hello_world_ikhsan to 2025-07-06 00:00:00+00:00, run_after=2025-07-07 00:00:00+00:00
[2025-07-06T04:38:33.430+0000] {processor.py:208} INFO - Processing /opt/airflow/dags/hello.py took 0.177 seconds
[2025-07-06T04:39:04.107+0000] {processor.py:186} INFO - Started process (PID=710) to work on /opt/airflow/dags/hello.py
[2025-07-06T04:39:04.107+0000] {processor.py:914} INFO - Processing file /opt/airflow/dags/hello.py for tasks to queue
[2025-07-06T04:39:04.109+0000] {logging_mixin.py:190} INFO - [2025-07-06T04:39:04.109+0000] {dagbag.py:588} INFO - Filling up the DagBag from /opt/airflow/dags/hello.py
[2025-07-06T04:39:04.120+0000] {processor.py:925} INFO - DAG(s) 'hello_world_ikhsan' retrieved from /opt/airflow/dags/hello.py
[2025-07-06T04:39:04.143+0000] {logging_mixin.py:190} INFO - [2025-07-06T04:39:04.143+0000] {dag.py:3239} INFO - Sync 1 DAGs
[2025-07-06T04:39:04.174+0000] {logging_mixin.py:190} INFO - [2025-07-06T04:39:04.174+0000] {dag.py:4180} INFO - Setting next_dagrun for hello_world_ikhsan to 2025-07-06 00:00:00+00:00, run_after=2025-07-07 00:00:00+00:00
[2025-07-06T04:39:04.197+0000] {processor.py:208} INFO - Processing /opt/airflow/dags/hello.py took 0.097 seconds
[2025-07-06T04:39:35.138+0000] {processor.py:186} INFO - Started process (PID=774) to work on /opt/airflow/dags/hello.py
[2025-07-06T04:39:35.141+0000] {processor.py:914} INFO - Processing file /opt/airflow/dags/hello.py for tasks to queue
[2025-07-06T04:39:35.147+0000] {logging_mixin.py:190} INFO - [2025-07-06T04:39:35.147+0000] {dagbag.py:588} INFO - Filling up the DagBag from /opt/airflow/dags/hello.py
[2025-07-06T04:39:35.170+0000] {processor.py:925} INFO - DAG(s) 'hello_world_ikhsan' retrieved from /opt/airflow/dags/hello.py
[2025-07-06T04:39:35.211+0000] {logging_mixin.py:190} INFO - [2025-07-06T04:39:35.211+0000] {dag.py:3239} INFO - Sync 1 DAGs
[2025-07-06T04:39:35.252+0000] {logging_mixin.py:190} INFO - [2025-07-06T04:39:35.251+0000] {dag.py:4180} INFO - Setting next_dagrun for hello_world_ikhsan to 2025-07-06 00:00:00+00:00, run_after=2025-07-07 00:00:00+00:00
[2025-07-06T04:39:35.289+0000] {processor.py:208} INFO - Processing /opt/airflow/dags/hello.py took 0.167 seconds
[2025-07-06T04:40:06.256+0000] {processor.py:186} INFO - Started process (PID=838) to work on /opt/airflow/dags/hello.py
[2025-07-06T04:40:06.259+0000] {processor.py:914} INFO - Processing file /opt/airflow/dags/hello.py for tasks to queue
[2025-07-06T04:40:06.269+0000] {logging_mixin.py:190} INFO - [2025-07-06T04:40:06.269+0000] {dagbag.py:588} INFO - Filling up the DagBag from /opt/airflow/dags/hello.py
[2025-07-06T04:40:06.315+0000] {processor.py:925} INFO - DAG(s) 'hello_world_ikhsan' retrieved from /opt/airflow/dags/hello.py
[2025-07-06T04:40:06.425+0000] {logging_mixin.py:190} INFO - [2025-07-06T04:40:06.424+0000] {dag.py:3239} INFO - Sync 1 DAGs
[2025-07-06T04:40:06.573+0000] {logging_mixin.py:190} INFO - [2025-07-06T04:40:06.573+0000] {dag.py:4180} INFO - Setting next_dagrun for hello_world_ikhsan to 2025-07-06 00:00:00+00:00, run_after=2025-07-07 00:00:00+00:00
[2025-07-06T04:40:06.674+0000] {processor.py:208} INFO - Processing /opt/airflow/dags/hello.py took 0.437 seconds
[2025-07-06T04:40:37.124+0000] {processor.py:186} INFO - Started process (PID=902) to work on /opt/airflow/dags/hello.py
[2025-07-06T04:40:37.125+0000] {processor.py:914} INFO - Processing file /opt/airflow/dags/hello.py for tasks to queue
[2025-07-06T04:40:37.133+0000] {logging_mixin.py:190} INFO - [2025-07-06T04:40:37.131+0000] {dagbag.py:588} INFO - Filling up the DagBag from /opt/airflow/dags/hello.py
[2025-07-06T04:40:37.158+0000] {processor.py:925} INFO - DAG(s) 'hello_world_ikhsan' retrieved from /opt/airflow/dags/hello.py
[2025-07-06T04:40:37.208+0000] {logging_mixin.py:190} INFO - [2025-07-06T04:40:37.208+0000] {dag.py:3239} INFO - Sync 1 DAGs
[2025-07-06T04:40:37.248+0000] {logging_mixin.py:190} INFO - [2025-07-06T04:40:37.248+0000] {dag.py:4180} INFO - Setting next_dagrun for hello_world_ikhsan to 2025-07-06 00:00:00+00:00, run_after=2025-07-07 00:00:00+00:00
[2025-07-06T04:40:37.268+0000] {processor.py:208} INFO - Processing /opt/airflow/dags/hello.py took 0.157 seconds
[2025-07-06T04:41:07.831+0000] {processor.py:186} INFO - Started process (PID=966) to work on /opt/airflow/dags/hello.py
[2025-07-06T04:41:07.832+0000] {processor.py:914} INFO - Processing file /opt/airflow/dags/hello.py for tasks to queue
[2025-07-06T04:41:07.834+0000] {logging_mixin.py:190} INFO - [2025-07-06T04:41:07.834+0000] {dagbag.py:588} INFO - Filling up the DagBag from /opt/airflow/dags/hello.py
[2025-07-06T04:41:07.844+0000] {processor.py:925} INFO - DAG(s) 'hello_world_ikhsan' retrieved from /opt/airflow/dags/hello.py
[2025-07-06T04:41:07.866+0000] {logging_mixin.py:190} INFO - [2025-07-06T04:41:07.866+0000] {dag.py:3239} INFO - Sync 1 DAGs
[2025-07-06T04:41:07.902+0000] {logging_mixin.py:190} INFO - [2025-07-06T04:41:07.902+0000] {dag.py:4180} INFO - Setting next_dagrun for hello_world_ikhsan to 2025-07-06 00:00:00+00:00, run_after=2025-07-07 00:00:00+00:00
[2025-07-06T04:41:07.922+0000] {processor.py:208} INFO - Processing /opt/airflow/dags/hello.py took 0.097 seconds
[2025-07-06T04:41:38.308+0000] {processor.py:186} INFO - Started process (PID=1030) to work on /opt/airflow/dags/hello.py
[2025-07-06T04:41:38.311+0000] {processor.py:914} INFO - Processing file /opt/airflow/dags/hello.py for tasks to queue
[2025-07-06T04:41:38.314+0000] {logging_mixin.py:190} INFO - [2025-07-06T04:41:38.313+0000] {dagbag.py:588} INFO - Filling up the DagBag from /opt/airflow/dags/hello.py
[2025-07-06T04:41:38.325+0000] {processor.py:925} INFO - DAG(s) 'hello_world_ikhsan' retrieved from /opt/airflow/dags/hello.py
[2025-07-06T04:41:38.364+0000] {logging_mixin.py:190} INFO - [2025-07-06T04:41:38.363+0000] {dag.py:3239} INFO - Sync 1 DAGs
[2025-07-06T04:41:38.394+0000] {logging_mixin.py:190} INFO - [2025-07-06T04:41:38.393+0000] {dag.py:4180} INFO - Setting next_dagrun for hello_world_ikhsan to 2025-07-06 00:00:00+00:00, run_after=2025-07-07 00:00:00+00:00
[2025-07-06T04:41:38.415+0000] {processor.py:208} INFO - Processing /opt/airflow/dags/hello.py took 0.122 seconds
[2025-07-06T04:42:08.647+0000] {processor.py:186} INFO - Started process (PID=1094) to work on /opt/airflow/dags/hello.py
[2025-07-06T04:42:08.648+0000] {processor.py:914} INFO - Processing file /opt/airflow/dags/hello.py for tasks to queue
[2025-07-06T04:42:08.650+0000] {logging_mixin.py:190} INFO - [2025-07-06T04:42:08.650+0000] {dagbag.py:588} INFO - Filling up the DagBag from /opt/airflow/dags/hello.py
[2025-07-06T04:42:08.661+0000] {processor.py:925} INFO - DAG(s) 'hello_world_ikhsan' retrieved from /opt/airflow/dags/hello.py
[2025-07-06T04:42:08.686+0000] {logging_mixin.py:190} INFO - [2025-07-06T04:42:08.685+0000] {dag.py:3239} INFO - Sync 1 DAGs
[2025-07-06T04:42:08.717+0000] {logging_mixin.py:190} INFO - [2025-07-06T04:42:08.716+0000] {dag.py:4180} INFO - Setting next_dagrun for hello_world_ikhsan to 2025-07-06 00:00:00+00:00, run_after=2025-07-07 00:00:00+00:00
[2025-07-06T04:42:08.736+0000] {processor.py:208} INFO - Processing /opt/airflow/dags/hello.py took 0.095 seconds
[2025-07-06T04:42:39.336+0000] {processor.py:186} INFO - Started process (PID=1156) to work on /opt/airflow/dags/hello.py
[2025-07-06T04:42:39.337+0000] {processor.py:914} INFO - Processing file /opt/airflow/dags/hello.py for tasks to queue
[2025-07-06T04:42:39.339+0000] {logging_mixin.py:190} INFO - [2025-07-06T04:42:39.339+0000] {dagbag.py:588} INFO - Filling up the DagBag from /opt/airflow/dags/hello.py
[2025-07-06T04:42:39.349+0000] {processor.py:925} INFO - DAG(s) 'hello_world_ikhsan' retrieved from /opt/airflow/dags/hello.py
[2025-07-06T04:42:39.370+0000] {logging_mixin.py:190} INFO - [2025-07-06T04:42:39.370+0000] {dag.py:3239} INFO - Sync 1 DAGs
[2025-07-06T04:42:39.406+0000] {logging_mixin.py:190} INFO - [2025-07-06T04:42:39.405+0000] {dag.py:4180} INFO - Setting next_dagrun for hello_world_ikhsan to 2025-07-06 00:00:00+00:00, run_after=2025-07-07 00:00:00+00:00
[2025-07-06T04:42:39.425+0000] {processor.py:208} INFO - Processing /opt/airflow/dags/hello.py took 0.095 seconds
[2025-07-06T04:43:10.321+0000] {processor.py:186} INFO - Started process (PID=1220) to work on /opt/airflow/dags/hello.py
[2025-07-06T04:43:10.322+0000] {processor.py:914} INFO - Processing file /opt/airflow/dags/hello.py for tasks to queue
[2025-07-06T04:43:10.324+0000] {logging_mixin.py:190} INFO - [2025-07-06T04:43:10.324+0000] {dagbag.py:588} INFO - Filling up the DagBag from /opt/airflow/dags/hello.py
[2025-07-06T04:43:10.335+0000] {processor.py:925} INFO - DAG(s) 'hello_world_ikhsan' retrieved from /opt/airflow/dags/hello.py
[2025-07-06T04:43:10.357+0000] {logging_mixin.py:190} INFO - [2025-07-06T04:43:10.357+0000] {dag.py:3239} INFO - Sync 1 DAGs
[2025-07-06T04:43:10.387+0000] {logging_mixin.py:190} INFO - [2025-07-06T04:43:10.387+0000] {dag.py:4180} INFO - Setting next_dagrun for hello_world_ikhsan to 2025-07-06 00:00:00+00:00, run_after=2025-07-07 00:00:00+00:00
[2025-07-06T04:43:10.410+0000] {processor.py:208} INFO - Processing /opt/airflow/dags/hello.py took 0.095 seconds
