[2025-07-06T04:34:02.345+0000] {processor.py:186} INFO - Started process (PID=101) to work on /home/airflow/.local/lib/python3.12/site-packages/airflow/example_dags/example_xcomargs.py
[2025-07-06T04:34:02.352+0000] {processor.py:914} INFO - Processing file /home/airflow/.local/lib/python3.12/site-packages/airflow/example_dags/example_xcomargs.py for tasks to queue
[2025-07-06T04:34:02.360+0000] {logging_mixin.py:190} INFO - [2025-07-06T04:34:02.359+0000] {dagbag.py:588} INFO - Filling up the DagBag from /home/airflow/.local/lib/python3.12/site-packages/airflow/example_dags/example_xcomargs.py
[2025-07-06T04:34:02.459+0000] {processor.py:925} INFO - DAG(s) 'example_xcom_args_with_operators', 'example_xcom_args' retrieved from /home/airflow/.local/lib/python3.12/site-packages/airflow/example_dags/example_xcomargs.py
[2025-07-06T04:34:02.979+0000] {logging_mixin.py:190} INFO - [2025-07-06T04:34:02.978+0000] {override.py:1911} INFO - Created Permission View: can delete on DAG:example_xcom_args_with_operators
[2025-07-06T04:34:03.063+0000] {logging_mixin.py:190} INFO - [2025-07-06T04:34:03.063+0000] {override.py:1911} INFO - Created Permission View: can edit on DAG:example_xcom_args_with_operators
[2025-07-06T04:34:03.111+0000] {logging_mixin.py:190} INFO - [2025-07-06T04:34:03.111+0000] {override.py:1911} INFO - Created Permission View: can read on DAG:example_xcom_args_with_operators
[2025-07-06T04:34:03.159+0000] {logging_mixin.py:190} INFO - [2025-07-06T04:34:03.159+0000] {override.py:1911} INFO - Created Permission View: can delete on DAG Run:example_xcom_args_with_operators
[2025-07-06T04:34:03.214+0000] {logging_mixin.py:190} INFO - [2025-07-06T04:34:03.214+0000] {override.py:1911} INFO - Created Permission View: menu access on DAG Run:example_xcom_args_with_operators
[2025-07-06T04:34:03.255+0000] {logging_mixin.py:190} INFO - [2025-07-06T04:34:03.253+0000] {override.py:1911} INFO - Created Permission View: can create on DAG Run:example_xcom_args_with_operators
[2025-07-06T04:34:03.296+0000] {logging_mixin.py:190} INFO - [2025-07-06T04:34:03.295+0000] {override.py:1911} INFO - Created Permission View: can read on DAG Run:example_xcom_args_with_operators
[2025-07-06T04:34:03.409+0000] {logging_mixin.py:190} INFO - [2025-07-06T04:34:03.409+0000] {override.py:1911} INFO - Created Permission View: can delete on DAG:example_xcom_args
[2025-07-06T04:34:03.444+0000] {logging_mixin.py:190} INFO - [2025-07-06T04:34:03.444+0000] {override.py:1911} INFO - Created Permission View: can edit on DAG:example_xcom_args
[2025-07-06T04:34:03.499+0000] {logging_mixin.py:190} INFO - [2025-07-06T04:34:03.499+0000] {override.py:1911} INFO - Created Permission View: can read on DAG:example_xcom_args
[2025-07-06T04:34:03.542+0000] {logging_mixin.py:190} INFO - [2025-07-06T04:34:03.542+0000] {override.py:1911} INFO - Created Permission View: can delete on DAG Run:example_xcom_args
[2025-07-06T04:34:03.600+0000] {logging_mixin.py:190} INFO - [2025-07-06T04:34:03.599+0000] {override.py:1911} INFO - Created Permission View: menu access on DAG Run:example_xcom_args
[2025-07-06T04:34:03.673+0000] {logging_mixin.py:190} INFO - [2025-07-06T04:34:03.672+0000] {override.py:1911} INFO - Created Permission View: can create on DAG Run:example_xcom_args
[2025-07-06T04:34:03.688+0000] {logging_mixin.py:190} INFO - [2025-07-06T04:34:03.688+0000] {override.py:1911} INFO - Created Permission View: can read on DAG Run:example_xcom_args
[2025-07-06T04:34:03.690+0000] {logging_mixin.py:190} INFO - [2025-07-06T04:34:03.690+0000] {dag.py:3239} INFO - Sync 2 DAGs
[2025-07-06T04:34:03.740+0000] {logging_mixin.py:190} INFO - [2025-07-06T04:34:03.737+0000] {dag.py:3262} INFO - Creating ORM DAG for example_xcom_args_with_operators
[2025-07-06T04:34:03.741+0000] {logging_mixin.py:190} INFO - [2025-07-06T04:34:03.740+0000] {dag.py:3262} INFO - Creating ORM DAG for example_xcom_args
[2025-07-06T04:34:03.746+0000] {logging_mixin.py:190} INFO - [2025-07-06T04:34:03.745+0000] {dag.py:4180} INFO - Setting next_dagrun for example_xcom_args to None, run_after=None
[2025-07-06T04:34:03.749+0000] {logging_mixin.py:190} INFO - [2025-07-06T04:34:03.748+0000] {dag.py:4180} INFO - Setting next_dagrun for example_xcom_args_with_operators to None, run_after=None
[2025-07-06T04:34:03.938+0000] {processor.py:208} INFO - Processing /home/airflow/.local/lib/python3.12/site-packages/airflow/example_dags/example_xcomargs.py took 1.623 seconds
[2025-07-06T04:34:34.988+0000] {processor.py:186} INFO - Started process (PID=163) to work on /home/airflow/.local/lib/python3.12/site-packages/airflow/example_dags/example_xcomargs.py
[2025-07-06T04:34:34.997+0000] {processor.py:914} INFO - Processing file /home/airflow/.local/lib/python3.12/site-packages/airflow/example_dags/example_xcomargs.py for tasks to queue
[2025-07-06T04:34:35.001+0000] {logging_mixin.py:190} INFO - [2025-07-06T04:34:35.000+0000] {dagbag.py:588} INFO - Filling up the DagBag from /home/airflow/.local/lib/python3.12/site-packages/airflow/example_dags/example_xcomargs.py
[2025-07-06T04:34:35.043+0000] {processor.py:925} INFO - DAG(s) 'example_xcom_args_with_operators', 'example_xcom_args' retrieved from /home/airflow/.local/lib/python3.12/site-packages/airflow/example_dags/example_xcomargs.py
[2025-07-06T04:34:35.123+0000] {logging_mixin.py:190} INFO - [2025-07-06T04:34:35.122+0000] {dag.py:3239} INFO - Sync 2 DAGs
[2025-07-06T04:34:35.161+0000] {logging_mixin.py:190} INFO - [2025-07-06T04:34:35.160+0000] {dag.py:4180} INFO - Setting next_dagrun for example_xcom_args to None, run_after=None
[2025-07-06T04:34:35.171+0000] {logging_mixin.py:190} INFO - [2025-07-06T04:34:35.170+0000] {dag.py:4180} INFO - Setting next_dagrun for example_xcom_args_with_operators to None, run_after=None
[2025-07-06T04:34:35.321+0000] {processor.py:208} INFO - Processing /home/airflow/.local/lib/python3.12/site-packages/airflow/example_dags/example_xcomargs.py took 0.363 seconds
[2025-07-06T04:35:05.391+0000] {processor.py:186} INFO - Started process (PID=226) to work on /home/airflow/.local/lib/python3.12/site-packages/airflow/example_dags/example_xcomargs.py
[2025-07-06T04:35:05.391+0000] {processor.py:914} INFO - Processing file /home/airflow/.local/lib/python3.12/site-packages/airflow/example_dags/example_xcomargs.py for tasks to queue
[2025-07-06T04:35:05.394+0000] {logging_mixin.py:190} INFO - [2025-07-06T04:35:05.393+0000] {dagbag.py:588} INFO - Filling up the DagBag from /home/airflow/.local/lib/python3.12/site-packages/airflow/example_dags/example_xcomargs.py
[2025-07-06T04:35:05.403+0000] {processor.py:925} INFO - DAG(s) 'example_xcom_args', 'example_xcom_args_with_operators' retrieved from /home/airflow/.local/lib/python3.12/site-packages/airflow/example_dags/example_xcomargs.py
[2025-07-06T04:35:05.426+0000] {logging_mixin.py:190} INFO - [2025-07-06T04:35:05.426+0000] {dag.py:3239} INFO - Sync 2 DAGs
[2025-07-06T04:35:05.443+0000] {logging_mixin.py:190} INFO - [2025-07-06T04:35:05.442+0000] {dag.py:4180} INFO - Setting next_dagrun for example_xcom_args to None, run_after=None
[2025-07-06T04:35:05.446+0000] {logging_mixin.py:190} INFO - [2025-07-06T04:35:05.446+0000] {dag.py:4180} INFO - Setting next_dagrun for example_xcom_args_with_operators to None, run_after=None
[2025-07-06T04:35:05.461+0000] {processor.py:208} INFO - Processing /home/airflow/.local/lib/python3.12/site-packages/airflow/example_dags/example_xcomargs.py took 0.077 seconds
[2025-07-06T04:35:36.392+0000] {processor.py:186} INFO - Started process (PID=288) to work on /home/airflow/.local/lib/python3.12/site-packages/airflow/example_dags/example_xcomargs.py
[2025-07-06T04:35:36.393+0000] {processor.py:914} INFO - Processing file /home/airflow/.local/lib/python3.12/site-packages/airflow/example_dags/example_xcomargs.py for tasks to queue
[2025-07-06T04:35:36.395+0000] {logging_mixin.py:190} INFO - [2025-07-06T04:35:36.395+0000] {dagbag.py:588} INFO - Filling up the DagBag from /home/airflow/.local/lib/python3.12/site-packages/airflow/example_dags/example_xcomargs.py
[2025-07-06T04:35:36.406+0000] {processor.py:925} INFO - DAG(s) 'example_xcom_args', 'example_xcom_args_with_operators' retrieved from /home/airflow/.local/lib/python3.12/site-packages/airflow/example_dags/example_xcomargs.py
[2025-07-06T04:35:36.426+0000] {logging_mixin.py:190} INFO - [2025-07-06T04:35:36.426+0000] {dag.py:3239} INFO - Sync 2 DAGs
[2025-07-06T04:35:36.439+0000] {logging_mixin.py:190} INFO - [2025-07-06T04:35:36.439+0000] {dag.py:4180} INFO - Setting next_dagrun for example_xcom_args to None, run_after=None
[2025-07-06T04:35:36.443+0000] {logging_mixin.py:190} INFO - [2025-07-06T04:35:36.442+0000] {dag.py:4180} INFO - Setting next_dagrun for example_xcom_args_with_operators to None, run_after=None
[2025-07-06T04:35:36.456+0000] {processor.py:208} INFO - Processing /home/airflow/.local/lib/python3.12/site-packages/airflow/example_dags/example_xcomargs.py took 0.070 seconds
[2025-07-06T04:36:06.560+0000] {processor.py:186} INFO - Started process (PID=351) to work on /home/airflow/.local/lib/python3.12/site-packages/airflow/example_dags/example_xcomargs.py
[2025-07-06T04:36:06.560+0000] {processor.py:914} INFO - Processing file /home/airflow/.local/lib/python3.12/site-packages/airflow/example_dags/example_xcomargs.py for tasks to queue
[2025-07-06T04:36:06.562+0000] {logging_mixin.py:190} INFO - [2025-07-06T04:36:06.562+0000] {dagbag.py:588} INFO - Filling up the DagBag from /home/airflow/.local/lib/python3.12/site-packages/airflow/example_dags/example_xcomargs.py
[2025-07-06T04:36:06.571+0000] {processor.py:925} INFO - DAG(s) 'example_xcom_args', 'example_xcom_args_with_operators' retrieved from /home/airflow/.local/lib/python3.12/site-packages/airflow/example_dags/example_xcomargs.py
[2025-07-06T04:36:06.591+0000] {logging_mixin.py:190} INFO - [2025-07-06T04:36:06.591+0000] {dag.py:3239} INFO - Sync 2 DAGs
[2025-07-06T04:36:06.606+0000] {logging_mixin.py:190} INFO - [2025-07-06T04:36:06.606+0000] {dag.py:4180} INFO - Setting next_dagrun for example_xcom_args to None, run_after=None
[2025-07-06T04:36:06.610+0000] {logging_mixin.py:190} INFO - [2025-07-06T04:36:06.609+0000] {dag.py:4180} INFO - Setting next_dagrun for example_xcom_args_with_operators to None, run_after=None
[2025-07-06T04:36:06.623+0000] {processor.py:208} INFO - Processing /home/airflow/.local/lib/python3.12/site-packages/airflow/example_dags/example_xcomargs.py took 0.069 seconds
[2025-07-06T04:36:37.344+0000] {processor.py:186} INFO - Started process (PID=414) to work on /home/airflow/.local/lib/python3.12/site-packages/airflow/example_dags/example_xcomargs.py
[2025-07-06T04:36:37.345+0000] {processor.py:914} INFO - Processing file /home/airflow/.local/lib/python3.12/site-packages/airflow/example_dags/example_xcomargs.py for tasks to queue
[2025-07-06T04:36:37.350+0000] {logging_mixin.py:190} INFO - [2025-07-06T04:36:37.349+0000] {dagbag.py:588} INFO - Filling up the DagBag from /home/airflow/.local/lib/python3.12/site-packages/airflow/example_dags/example_xcomargs.py
[2025-07-06T04:36:37.373+0000] {processor.py:925} INFO - DAG(s) 'example_xcom_args_with_operators', 'example_xcom_args' retrieved from /home/airflow/.local/lib/python3.12/site-packages/airflow/example_dags/example_xcomargs.py
[2025-07-06T04:36:37.430+0000] {logging_mixin.py:190} INFO - [2025-07-06T04:36:37.430+0000] {dag.py:3239} INFO - Sync 2 DAGs
[2025-07-06T04:36:37.467+0000] {logging_mixin.py:190} INFO - [2025-07-06T04:36:37.466+0000] {dag.py:4180} INFO - Setting next_dagrun for example_xcom_args to None, run_after=None
[2025-07-06T04:36:37.477+0000] {logging_mixin.py:190} INFO - [2025-07-06T04:36:37.476+0000] {dag.py:4180} INFO - Setting next_dagrun for example_xcom_args_with_operators to None, run_after=None
[2025-07-06T04:36:37.512+0000] {processor.py:208} INFO - Processing /home/airflow/.local/lib/python3.12/site-packages/airflow/example_dags/example_xcomargs.py took 0.184 seconds
[2025-07-06T04:37:10.485+0000] {processor.py:186} INFO - Started process (PID=477) to work on /home/airflow/.local/lib/python3.12/site-packages/airflow/example_dags/example_xcomargs.py
[2025-07-06T04:37:10.490+0000] {processor.py:914} INFO - Processing file /home/airflow/.local/lib/python3.12/site-packages/airflow/example_dags/example_xcomargs.py for tasks to queue
[2025-07-06T04:37:10.497+0000] {logging_mixin.py:190} INFO - [2025-07-06T04:37:10.497+0000] {dagbag.py:588} INFO - Filling up the DagBag from /home/airflow/.local/lib/python3.12/site-packages/airflow/example_dags/example_xcomargs.py
[2025-07-06T04:37:10.572+0000] {processor.py:925} INFO - DAG(s) 'example_xcom_args', 'example_xcom_args_with_operators' retrieved from /home/airflow/.local/lib/python3.12/site-packages/airflow/example_dags/example_xcomargs.py
[2025-07-06T04:37:10.693+0000] {logging_mixin.py:190} INFO - [2025-07-06T04:37:10.692+0000] {dag.py:3239} INFO - Sync 2 DAGs
[2025-07-06T04:37:10.744+0000] {logging_mixin.py:190} INFO - [2025-07-06T04:37:10.744+0000] {dag.py:4180} INFO - Setting next_dagrun for example_xcom_args to None, run_after=None
[2025-07-06T04:37:10.761+0000] {logging_mixin.py:190} INFO - [2025-07-06T04:37:10.761+0000] {dag.py:4180} INFO - Setting next_dagrun for example_xcom_args_with_operators to None, run_after=None
[2025-07-06T04:37:10.815+0000] {processor.py:208} INFO - Processing /home/airflow/.local/lib/python3.12/site-packages/airflow/example_dags/example_xcomargs.py took 0.360 seconds
[2025-07-06T04:37:41.767+0000] {processor.py:186} INFO - Started process (PID=539) to work on /home/airflow/.local/lib/python3.12/site-packages/airflow/example_dags/example_xcomargs.py
[2025-07-06T04:37:41.768+0000] {processor.py:914} INFO - Processing file /home/airflow/.local/lib/python3.12/site-packages/airflow/example_dags/example_xcomargs.py for tasks to queue
[2025-07-06T04:37:41.770+0000] {logging_mixin.py:190} INFO - [2025-07-06T04:37:41.770+0000] {dagbag.py:588} INFO - Filling up the DagBag from /home/airflow/.local/lib/python3.12/site-packages/airflow/example_dags/example_xcomargs.py
[2025-07-06T04:37:41.782+0000] {processor.py:925} INFO - DAG(s) 'example_xcom_args', 'example_xcom_args_with_operators' retrieved from /home/airflow/.local/lib/python3.12/site-packages/airflow/example_dags/example_xcomargs.py
[2025-07-06T04:37:41.811+0000] {logging_mixin.py:190} INFO - [2025-07-06T04:37:41.811+0000] {dag.py:3239} INFO - Sync 2 DAGs
[2025-07-06T04:37:41.830+0000] {logging_mixin.py:190} INFO - [2025-07-06T04:37:41.830+0000] {dag.py:4180} INFO - Setting next_dagrun for example_xcom_args to None, run_after=None
[2025-07-06T04:37:41.835+0000] {logging_mixin.py:190} INFO - [2025-07-06T04:37:41.834+0000] {dag.py:4180} INFO - Setting next_dagrun for example_xcom_args_with_operators to None, run_after=None
[2025-07-06T04:37:41.852+0000] {processor.py:208} INFO - Processing /home/airflow/.local/lib/python3.12/site-packages/airflow/example_dags/example_xcomargs.py took 0.090 seconds
[2025-07-06T04:38:11.971+0000] {processor.py:186} INFO - Started process (PID=602) to work on /home/airflow/.local/lib/python3.12/site-packages/airflow/example_dags/example_xcomargs.py
[2025-07-06T04:38:11.972+0000] {processor.py:914} INFO - Processing file /home/airflow/.local/lib/python3.12/site-packages/airflow/example_dags/example_xcomargs.py for tasks to queue
[2025-07-06T04:38:11.974+0000] {logging_mixin.py:190} INFO - [2025-07-06T04:38:11.974+0000] {dagbag.py:588} INFO - Filling up the DagBag from /home/airflow/.local/lib/python3.12/site-packages/airflow/example_dags/example_xcomargs.py
[2025-07-06T04:38:11.986+0000] {processor.py:925} INFO - DAG(s) 'example_xcom_args', 'example_xcom_args_with_operators' retrieved from /home/airflow/.local/lib/python3.12/site-packages/airflow/example_dags/example_xcomargs.py
[2025-07-06T04:38:12.015+0000] {logging_mixin.py:190} INFO - [2025-07-06T04:38:12.015+0000] {dag.py:3239} INFO - Sync 2 DAGs
[2025-07-06T04:38:12.034+0000] {logging_mixin.py:190} INFO - [2025-07-06T04:38:12.034+0000] {dag.py:4180} INFO - Setting next_dagrun for example_xcom_args to None, run_after=None
[2025-07-06T04:38:12.039+0000] {logging_mixin.py:190} INFO - [2025-07-06T04:38:12.039+0000] {dag.py:4180} INFO - Setting next_dagrun for example_xcom_args_with_operators to None, run_after=None
[2025-07-06T04:38:12.056+0000] {processor.py:208} INFO - Processing /home/airflow/.local/lib/python3.12/site-packages/airflow/example_dags/example_xcomargs.py took 0.091 seconds
[2025-07-06T04:38:42.930+0000] {processor.py:186} INFO - Started process (PID=666) to work on /home/airflow/.local/lib/python3.12/site-packages/airflow/example_dags/example_xcomargs.py
[2025-07-06T04:38:42.931+0000] {processor.py:914} INFO - Processing file /home/airflow/.local/lib/python3.12/site-packages/airflow/example_dags/example_xcomargs.py for tasks to queue
[2025-07-06T04:38:42.934+0000] {logging_mixin.py:190} INFO - [2025-07-06T04:38:42.933+0000] {dagbag.py:588} INFO - Filling up the DagBag from /home/airflow/.local/lib/python3.12/site-packages/airflow/example_dags/example_xcomargs.py
[2025-07-06T04:38:42.946+0000] {processor.py:925} INFO - DAG(s) 'example_xcom_args', 'example_xcom_args_with_operators' retrieved from /home/airflow/.local/lib/python3.12/site-packages/airflow/example_dags/example_xcomargs.py
[2025-07-06T04:38:42.974+0000] {logging_mixin.py:190} INFO - [2025-07-06T04:38:42.974+0000] {dag.py:3239} INFO - Sync 2 DAGs
[2025-07-06T04:38:42.993+0000] {logging_mixin.py:190} INFO - [2025-07-06T04:38:42.993+0000] {dag.py:4180} INFO - Setting next_dagrun for example_xcom_args to None, run_after=None
[2025-07-06T04:38:42.998+0000] {logging_mixin.py:190} INFO - [2025-07-06T04:38:42.998+0000] {dag.py:4180} INFO - Setting next_dagrun for example_xcom_args_with_operators to None, run_after=None
[2025-07-06T04:38:43.017+0000] {processor.py:208} INFO - Processing /home/airflow/.local/lib/python3.12/site-packages/airflow/example_dags/example_xcomargs.py took 0.094 seconds
[2025-07-06T04:39:13.711+0000] {processor.py:186} INFO - Started process (PID=729) to work on /home/airflow/.local/lib/python3.12/site-packages/airflow/example_dags/example_xcomargs.py
[2025-07-06T04:39:13.712+0000] {processor.py:914} INFO - Processing file /home/airflow/.local/lib/python3.12/site-packages/airflow/example_dags/example_xcomargs.py for tasks to queue
[2025-07-06T04:39:13.714+0000] {logging_mixin.py:190} INFO - [2025-07-06T04:39:13.714+0000] {dagbag.py:588} INFO - Filling up the DagBag from /home/airflow/.local/lib/python3.12/site-packages/airflow/example_dags/example_xcomargs.py
[2025-07-06T04:39:13.727+0000] {processor.py:925} INFO - DAG(s) 'example_xcom_args', 'example_xcom_args_with_operators' retrieved from /home/airflow/.local/lib/python3.12/site-packages/airflow/example_dags/example_xcomargs.py
[2025-07-06T04:39:13.763+0000] {logging_mixin.py:190} INFO - [2025-07-06T04:39:13.762+0000] {dag.py:3239} INFO - Sync 2 DAGs
[2025-07-06T04:39:13.816+0000] {logging_mixin.py:190} INFO - [2025-07-06T04:39:13.815+0000] {dag.py:4180} INFO - Setting next_dagrun for example_xcom_args to None, run_after=None
[2025-07-06T04:39:13.821+0000] {logging_mixin.py:190} INFO - [2025-07-06T04:39:13.820+0000] {dag.py:4180} INFO - Setting next_dagrun for example_xcom_args_with_operators to None, run_after=None
[2025-07-06T04:39:13.844+0000] {processor.py:208} INFO - Processing /home/airflow/.local/lib/python3.12/site-packages/airflow/example_dags/example_xcomargs.py took 0.138 seconds
[2025-07-06T04:39:44.044+0000] {processor.py:186} INFO - Started process (PID=793) to work on /home/airflow/.local/lib/python3.12/site-packages/airflow/example_dags/example_xcomargs.py
[2025-07-06T04:39:44.044+0000] {processor.py:914} INFO - Processing file /home/airflow/.local/lib/python3.12/site-packages/airflow/example_dags/example_xcomargs.py for tasks to queue
[2025-07-06T04:39:44.047+0000] {logging_mixin.py:190} INFO - [2025-07-06T04:39:44.047+0000] {dagbag.py:588} INFO - Filling up the DagBag from /home/airflow/.local/lib/python3.12/site-packages/airflow/example_dags/example_xcomargs.py
[2025-07-06T04:39:44.059+0000] {processor.py:925} INFO - DAG(s) 'example_xcom_args_with_operators', 'example_xcom_args' retrieved from /home/airflow/.local/lib/python3.12/site-packages/airflow/example_dags/example_xcomargs.py
[2025-07-06T04:39:44.088+0000] {logging_mixin.py:190} INFO - [2025-07-06T04:39:44.088+0000] {dag.py:3239} INFO - Sync 2 DAGs
[2025-07-06T04:39:44.108+0000] {logging_mixin.py:190} INFO - [2025-07-06T04:39:44.108+0000] {dag.py:4180} INFO - Setting next_dagrun for example_xcom_args to None, run_after=None
[2025-07-06T04:39:44.113+0000] {logging_mixin.py:190} INFO - [2025-07-06T04:39:44.113+0000] {dag.py:4180} INFO - Setting next_dagrun for example_xcom_args_with_operators to None, run_after=None
[2025-07-06T04:39:44.130+0000] {processor.py:208} INFO - Processing /home/airflow/.local/lib/python3.12/site-packages/airflow/example_dags/example_xcomargs.py took 0.093 seconds
[2025-07-06T04:40:14.725+0000] {processor.py:186} INFO - Started process (PID=857) to work on /home/airflow/.local/lib/python3.12/site-packages/airflow/example_dags/example_xcomargs.py
[2025-07-06T04:40:14.725+0000] {processor.py:914} INFO - Processing file /home/airflow/.local/lib/python3.12/site-packages/airflow/example_dags/example_xcomargs.py for tasks to queue
[2025-07-06T04:40:14.728+0000] {logging_mixin.py:190} INFO - [2025-07-06T04:40:14.728+0000] {dagbag.py:588} INFO - Filling up the DagBag from /home/airflow/.local/lib/python3.12/site-packages/airflow/example_dags/example_xcomargs.py
[2025-07-06T04:40:14.739+0000] {processor.py:925} INFO - DAG(s) 'example_xcom_args_with_operators', 'example_xcom_args' retrieved from /home/airflow/.local/lib/python3.12/site-packages/airflow/example_dags/example_xcomargs.py
[2025-07-06T04:40:14.768+0000] {logging_mixin.py:190} INFO - [2025-07-06T04:40:14.767+0000] {dag.py:3239} INFO - Sync 2 DAGs
[2025-07-06T04:40:14.787+0000] {logging_mixin.py:190} INFO - [2025-07-06T04:40:14.787+0000] {dag.py:4180} INFO - Setting next_dagrun for example_xcom_args to None, run_after=None
[2025-07-06T04:40:14.792+0000] {logging_mixin.py:190} INFO - [2025-07-06T04:40:14.792+0000] {dag.py:4180} INFO - Setting next_dagrun for example_xcom_args_with_operators to None, run_after=None
[2025-07-06T04:40:14.810+0000] {processor.py:208} INFO - Processing /home/airflow/.local/lib/python3.12/site-packages/airflow/example_dags/example_xcomargs.py took 0.091 seconds
[2025-07-06T04:40:45.719+0000] {processor.py:186} INFO - Started process (PID=921) to work on /home/airflow/.local/lib/python3.12/site-packages/airflow/example_dags/example_xcomargs.py
[2025-07-06T04:40:45.720+0000] {processor.py:914} INFO - Processing file /home/airflow/.local/lib/python3.12/site-packages/airflow/example_dags/example_xcomargs.py for tasks to queue
[2025-07-06T04:40:45.730+0000] {logging_mixin.py:190} INFO - [2025-07-06T04:40:45.730+0000] {dagbag.py:588} INFO - Filling up the DagBag from /home/airflow/.local/lib/python3.12/site-packages/airflow/example_dags/example_xcomargs.py
[2025-07-06T04:40:45.762+0000] {processor.py:925} INFO - DAG(s) 'example_xcom_args', 'example_xcom_args_with_operators' retrieved from /home/airflow/.local/lib/python3.12/site-packages/airflow/example_dags/example_xcomargs.py
[2025-07-06T04:40:45.837+0000] {logging_mixin.py:190} INFO - [2025-07-06T04:40:45.837+0000] {dag.py:3239} INFO - Sync 2 DAGs
[2025-07-06T04:40:45.885+0000] {logging_mixin.py:190} INFO - [2025-07-06T04:40:45.885+0000] {dag.py:4180} INFO - Setting next_dagrun for example_xcom_args to None, run_after=None
[2025-07-06T04:40:45.895+0000] {logging_mixin.py:190} INFO - [2025-07-06T04:40:45.894+0000] {dag.py:4180} INFO - Setting next_dagrun for example_xcom_args_with_operators to None, run_after=None
[2025-07-06T04:40:45.946+0000] {processor.py:208} INFO - Processing /home/airflow/.local/lib/python3.12/site-packages/airflow/example_dags/example_xcomargs.py took 0.247 seconds
[2025-07-06T04:41:16.860+0000] {processor.py:186} INFO - Started process (PID=985) to work on /home/airflow/.local/lib/python3.12/site-packages/airflow/example_dags/example_xcomargs.py
[2025-07-06T04:41:16.863+0000] {processor.py:914} INFO - Processing file /home/airflow/.local/lib/python3.12/site-packages/airflow/example_dags/example_xcomargs.py for tasks to queue
[2025-07-06T04:41:16.870+0000] {logging_mixin.py:190} INFO - [2025-07-06T04:41:16.870+0000] {dagbag.py:588} INFO - Filling up the DagBag from /home/airflow/.local/lib/python3.12/site-packages/airflow/example_dags/example_xcomargs.py
[2025-07-06T04:41:16.914+0000] {processor.py:925} INFO - DAG(s) 'example_xcom_args', 'example_xcom_args_with_operators' retrieved from /home/airflow/.local/lib/python3.12/site-packages/airflow/example_dags/example_xcomargs.py
[2025-07-06T04:41:17.012+0000] {logging_mixin.py:190} INFO - [2025-07-06T04:41:17.012+0000] {dag.py:3239} INFO - Sync 2 DAGs
[2025-07-06T04:41:17.089+0000] {logging_mixin.py:190} INFO - [2025-07-06T04:41:17.088+0000] {dag.py:4180} INFO - Setting next_dagrun for example_xcom_args to None, run_after=None
[2025-07-06T04:41:17.135+0000] {logging_mixin.py:190} INFO - [2025-07-06T04:41:17.135+0000] {dag.py:4180} INFO - Setting next_dagrun for example_xcom_args_with_operators to None, run_after=None
[2025-07-06T04:41:17.256+0000] {processor.py:208} INFO - Processing /home/airflow/.local/lib/python3.12/site-packages/airflow/example_dags/example_xcomargs.py took 0.415 seconds
[2025-07-06T04:41:47.490+0000] {processor.py:186} INFO - Started process (PID=1055) to work on /home/airflow/.local/lib/python3.12/site-packages/airflow/example_dags/example_xcomargs.py
[2025-07-06T04:41:47.491+0000] {processor.py:914} INFO - Processing file /home/airflow/.local/lib/python3.12/site-packages/airflow/example_dags/example_xcomargs.py for tasks to queue
[2025-07-06T04:41:47.493+0000] {logging_mixin.py:190} INFO - [2025-07-06T04:41:47.493+0000] {dagbag.py:588} INFO - Filling up the DagBag from /home/airflow/.local/lib/python3.12/site-packages/airflow/example_dags/example_xcomargs.py
[2025-07-06T04:41:47.505+0000] {processor.py:925} INFO - DAG(s) 'example_xcom_args_with_operators', 'example_xcom_args' retrieved from /home/airflow/.local/lib/python3.12/site-packages/airflow/example_dags/example_xcomargs.py
[2025-07-06T04:41:47.544+0000] {logging_mixin.py:190} INFO - [2025-07-06T04:41:47.544+0000] {dag.py:3239} INFO - Sync 2 DAGs
[2025-07-06T04:41:47.573+0000] {logging_mixin.py:190} INFO - [2025-07-06T04:41:47.573+0000] {dag.py:4180} INFO - Setting next_dagrun for example_xcom_args to None, run_after=None
[2025-07-06T04:41:47.578+0000] {logging_mixin.py:190} INFO - [2025-07-06T04:41:47.577+0000] {dag.py:4180} INFO - Setting next_dagrun for example_xcom_args_with_operators to None, run_after=None
[2025-07-06T04:41:47.595+0000] {processor.py:208} INFO - Processing /home/airflow/.local/lib/python3.12/site-packages/airflow/example_dags/example_xcomargs.py took 0.112 seconds
[2025-07-06T04:42:17.665+0000] {processor.py:186} INFO - Started process (PID=1118) to work on /home/airflow/.local/lib/python3.12/site-packages/airflow/example_dags/example_xcomargs.py
[2025-07-06T04:42:17.665+0000] {processor.py:914} INFO - Processing file /home/airflow/.local/lib/python3.12/site-packages/airflow/example_dags/example_xcomargs.py for tasks to queue
[2025-07-06T04:42:17.668+0000] {logging_mixin.py:190} INFO - [2025-07-06T04:42:17.667+0000] {dagbag.py:588} INFO - Filling up the DagBag from /home/airflow/.local/lib/python3.12/site-packages/airflow/example_dags/example_xcomargs.py
[2025-07-06T04:42:17.680+0000] {processor.py:925} INFO - DAG(s) 'example_xcom_args', 'example_xcom_args_with_operators' retrieved from /home/airflow/.local/lib/python3.12/site-packages/airflow/example_dags/example_xcomargs.py
[2025-07-06T04:42:17.707+0000] {logging_mixin.py:190} INFO - [2025-07-06T04:42:17.707+0000] {dag.py:3239} INFO - Sync 2 DAGs
[2025-07-06T04:42:17.721+0000] {logging_mixin.py:190} INFO - [2025-07-06T04:42:17.720+0000] {dag.py:4180} INFO - Setting next_dagrun for example_xcom_args to None, run_after=None
[2025-07-06T04:42:17.724+0000] {logging_mixin.py:190} INFO - [2025-07-06T04:42:17.724+0000] {dag.py:4180} INFO - Setting next_dagrun for example_xcom_args_with_operators to None, run_after=None
[2025-07-06T04:42:17.738+0000] {processor.py:208} INFO - Processing /home/airflow/.local/lib/python3.12/site-packages/airflow/example_dags/example_xcomargs.py took 0.081 seconds
[2025-07-06T04:42:48.242+0000] {processor.py:186} INFO - Started process (PID=1181) to work on /home/airflow/.local/lib/python3.12/site-packages/airflow/example_dags/example_xcomargs.py
[2025-07-06T04:42:48.243+0000] {processor.py:914} INFO - Processing file /home/airflow/.local/lib/python3.12/site-packages/airflow/example_dags/example_xcomargs.py for tasks to queue
[2025-07-06T04:42:48.246+0000] {logging_mixin.py:190} INFO - [2025-07-06T04:42:48.245+0000] {dagbag.py:588} INFO - Filling up the DagBag from /home/airflow/.local/lib/python3.12/site-packages/airflow/example_dags/example_xcomargs.py
[2025-07-06T04:42:48.264+0000] {processor.py:925} INFO - DAG(s) 'example_xcom_args_with_operators', 'example_xcom_args' retrieved from /home/airflow/.local/lib/python3.12/site-packages/airflow/example_dags/example_xcomargs.py
[2025-07-06T04:42:48.313+0000] {logging_mixin.py:190} INFO - [2025-07-06T04:42:48.313+0000] {dag.py:3239} INFO - Sync 2 DAGs
[2025-07-06T04:42:48.333+0000] {logging_mixin.py:190} INFO - [2025-07-06T04:42:48.333+0000] {dag.py:4180} INFO - Setting next_dagrun for example_xcom_args to None, run_after=None
[2025-07-06T04:42:48.339+0000] {logging_mixin.py:190} INFO - [2025-07-06T04:42:48.338+0000] {dag.py:4180} INFO - Setting next_dagrun for example_xcom_args_with_operators to None, run_after=None
[2025-07-06T04:42:48.375+0000] {processor.py:208} INFO - Processing /home/airflow/.local/lib/python3.12/site-packages/airflow/example_dags/example_xcomargs.py took 0.139 seconds
[2025-07-06T04:43:18.459+0000] {processor.py:186} INFO - Started process (PID=1245) to work on /home/airflow/.local/lib/python3.12/site-packages/airflow/example_dags/example_xcomargs.py
[2025-07-06T04:43:18.460+0000] {processor.py:914} INFO - Processing file /home/airflow/.local/lib/python3.12/site-packages/airflow/example_dags/example_xcomargs.py for tasks to queue
[2025-07-06T04:43:18.462+0000] {logging_mixin.py:190} INFO - [2025-07-06T04:43:18.462+0000] {dagbag.py:588} INFO - Filling up the DagBag from /home/airflow/.local/lib/python3.12/site-packages/airflow/example_dags/example_xcomargs.py
[2025-07-06T04:43:18.474+0000] {processor.py:925} INFO - DAG(s) 'example_xcom_args', 'example_xcom_args_with_operators' retrieved from /home/airflow/.local/lib/python3.12/site-packages/airflow/example_dags/example_xcomargs.py
[2025-07-06T04:43:18.503+0000] {logging_mixin.py:190} INFO - [2025-07-06T04:43:18.502+0000] {dag.py:3239} INFO - Sync 2 DAGs
[2025-07-06T04:43:18.535+0000] {logging_mixin.py:190} INFO - [2025-07-06T04:43:18.535+0000] {dag.py:4180} INFO - Setting next_dagrun for example_xcom_args to None, run_after=None
[2025-07-06T04:43:18.542+0000] {logging_mixin.py:190} INFO - [2025-07-06T04:43:18.541+0000] {dag.py:4180} INFO - Setting next_dagrun for example_xcom_args_with_operators to None, run_after=None
[2025-07-06T04:43:18.568+0000] {processor.py:208} INFO - Processing /home/airflow/.local/lib/python3.12/site-packages/airflow/example_dags/example_xcomargs.py took 0.115 seconds
