[2025-07-06T04:33:47.062+0000] {processor.py:186} INFO - Started process (PID=85) to work on /home/airflow/.local/lib/python3.12/site-packages/airflow/example_dags/example_branch_operator.py
[2025-07-06T04:33:47.075+0000] {processor.py:914} INFO - Processing file /home/airflow/.local/lib/python3.12/site-packages/airflow/example_dags/example_branch_operator.py for tasks to queue
[2025-07-06T04:33:47.088+0000] {logging_mixin.py:190} INFO - [2025-07-06T04:33:47.088+0000] {dagbag.py:588} INFO - Filling up the DagBag from /home/airflow/.local/lib/python3.12/site-packages/airflow/example_dags/example_branch_operator.py
[2025-07-06T04:33:47.318+0000] {processor.py:925} INFO - DAG(s) 'example_branch_operator' retrieved from /home/airflow/.local/lib/python3.12/site-packages/airflow/example_dags/example_branch_operator.py
[2025-07-06T04:33:48.131+0000] {logging_mixin.py:190} INFO - [2025-07-06T04:33:48.130+0000] {override.py:1911} INFO - Created Permission View: can delete on DAG:example_branch_operator
[2025-07-06T04:33:48.226+0000] {logging_mixin.py:190} INFO - [2025-07-06T04:33:48.226+0000] {override.py:1911} INFO - Created Permission View: can edit on DAG:example_branch_operator
[2025-07-06T04:33:48.290+0000] {logging_mixin.py:190} INFO - [2025-07-06T04:33:48.286+0000] {override.py:1911} INFO - Created Permission View: can read on DAG:example_branch_operator
[2025-07-06T04:33:48.334+0000] {logging_mixin.py:190} INFO - [2025-07-06T04:33:48.334+0000] {override.py:1911} INFO - Created Permission View: can delete on DAG Run:example_branch_operator
[2025-07-06T04:33:48.380+0000] {logging_mixin.py:190} INFO - [2025-07-06T04:33:48.375+0000] {override.py:1911} INFO - Created Permission View: menu access on DAG Run:example_branch_operator
[2025-07-06T04:33:48.464+0000] {logging_mixin.py:190} INFO - [2025-07-06T04:33:48.463+0000] {override.py:1911} INFO - Created Permission View: can create on DAG Run:example_branch_operator
[2025-07-06T04:33:48.503+0000] {logging_mixin.py:190} INFO - [2025-07-06T04:33:48.500+0000] {override.py:1911} INFO - Created Permission View: can read on DAG Run:example_branch_operator
[2025-07-06T04:33:48.513+0000] {logging_mixin.py:190} INFO - [2025-07-06T04:33:48.507+0000] {dag.py:3239} INFO - Sync 1 DAGs
[2025-07-06T04:33:48.563+0000] {logging_mixin.py:190} INFO - [2025-07-06T04:33:48.558+0000] {dag.py:3262} INFO - Creating ORM DAG for example_branch_operator
[2025-07-06T04:33:48.675+0000] {logging_mixin.py:190} INFO - [2025-07-06T04:33:48.663+0000] {dag.py:4180} INFO - Setting next_dagrun for example_branch_operator to 2025-07-05 00:00:00+00:00, run_after=2025-07-06 00:00:00+00:00
[2025-07-06T04:33:48.809+0000] {processor.py:208} INFO - Processing /home/airflow/.local/lib/python3.12/site-packages/airflow/example_dags/example_branch_operator.py took 1.831 seconds
[2025-07-06T04:34:22.841+0000] {processor.py:186} INFO - Started process (PID=148) to work on /home/airflow/.local/lib/python3.12/site-packages/airflow/example_dags/example_branch_operator.py
[2025-07-06T04:34:22.841+0000] {processor.py:914} INFO - Processing file /home/airflow/.local/lib/python3.12/site-packages/airflow/example_dags/example_branch_operator.py for tasks to queue
[2025-07-06T04:34:22.843+0000] {logging_mixin.py:190} INFO - [2025-07-06T04:34:22.843+0000] {dagbag.py:588} INFO - Filling up the DagBag from /home/airflow/.local/lib/python3.12/site-packages/airflow/example_dags/example_branch_operator.py
[2025-07-06T04:34:22.866+0000] {processor.py:925} INFO - DAG(s) 'example_branch_operator' retrieved from /home/airflow/.local/lib/python3.12/site-packages/airflow/example_dags/example_branch_operator.py
[2025-07-06T04:34:22.907+0000] {logging_mixin.py:190} INFO - [2025-07-06T04:34:22.906+0000] {dag.py:3239} INFO - Sync 1 DAGs
[2025-07-06T04:34:22.941+0000] {logging_mixin.py:190} INFO - [2025-07-06T04:34:22.941+0000] {dag.py:4180} INFO - Setting next_dagrun for example_branch_operator to 2025-07-05 00:00:00+00:00, run_after=2025-07-06 00:00:00+00:00
[2025-07-06T04:34:22.972+0000] {processor.py:208} INFO - Processing /home/airflow/.local/lib/python3.12/site-packages/airflow/example_dags/example_branch_operator.py took 0.138 seconds
[2025-07-06T04:34:53.283+0000] {processor.py:186} INFO - Started process (PID=211) to work on /home/airflow/.local/lib/python3.12/site-packages/airflow/example_dags/example_branch_operator.py
[2025-07-06T04:34:53.284+0000] {processor.py:914} INFO - Processing file /home/airflow/.local/lib/python3.12/site-packages/airflow/example_dags/example_branch_operator.py for tasks to queue
[2025-07-06T04:34:53.286+0000] {logging_mixin.py:190} INFO - [2025-07-06T04:34:53.286+0000] {dagbag.py:588} INFO - Filling up the DagBag from /home/airflow/.local/lib/python3.12/site-packages/airflow/example_dags/example_branch_operator.py
[2025-07-06T04:34:53.309+0000] {processor.py:925} INFO - DAG(s) 'example_branch_operator' retrieved from /home/airflow/.local/lib/python3.12/site-packages/airflow/example_dags/example_branch_operator.py
[2025-07-06T04:34:53.348+0000] {logging_mixin.py:190} INFO - [2025-07-06T04:34:53.348+0000] {dag.py:3239} INFO - Sync 1 DAGs
[2025-07-06T04:34:53.379+0000] {logging_mixin.py:190} INFO - [2025-07-06T04:34:53.379+0000] {dag.py:4180} INFO - Setting next_dagrun for example_branch_operator to 2025-07-05 00:00:00+00:00, run_after=2025-07-06 00:00:00+00:00
[2025-07-06T04:34:53.399+0000] {processor.py:208} INFO - Processing /home/airflow/.local/lib/python3.12/site-packages/airflow/example_dags/example_branch_operator.py took 0.123 seconds
[2025-07-06T04:35:23.660+0000] {processor.py:186} INFO - Started process (PID=272) to work on /home/airflow/.local/lib/python3.12/site-packages/airflow/example_dags/example_branch_operator.py
[2025-07-06T04:35:23.661+0000] {processor.py:914} INFO - Processing file /home/airflow/.local/lib/python3.12/site-packages/airflow/example_dags/example_branch_operator.py for tasks to queue
[2025-07-06T04:35:23.664+0000] {logging_mixin.py:190} INFO - [2025-07-06T04:35:23.663+0000] {dagbag.py:588} INFO - Filling up the DagBag from /home/airflow/.local/lib/python3.12/site-packages/airflow/example_dags/example_branch_operator.py
[2025-07-06T04:35:23.686+0000] {processor.py:925} INFO - DAG(s) 'example_branch_operator' retrieved from /home/airflow/.local/lib/python3.12/site-packages/airflow/example_dags/example_branch_operator.py
[2025-07-06T04:35:23.722+0000] {logging_mixin.py:190} INFO - [2025-07-06T04:35:23.721+0000] {dag.py:3239} INFO - Sync 1 DAGs
[2025-07-06T04:35:23.752+0000] {logging_mixin.py:190} INFO - [2025-07-06T04:35:23.752+0000] {dag.py:4180} INFO - Setting next_dagrun for example_branch_operator to 2025-07-05 00:00:00+00:00, run_after=2025-07-06 00:00:00+00:00
[2025-07-06T04:35:23.773+0000] {processor.py:208} INFO - Processing /home/airflow/.local/lib/python3.12/site-packages/airflow/example_dags/example_branch_operator.py took 0.119 seconds
[2025-07-06T04:35:57.955+0000] {processor.py:186} INFO - Started process (PID=324) to work on /home/airflow/.local/lib/python3.12/site-packages/airflow/example_dags/example_branch_operator.py
[2025-07-06T04:35:57.959+0000] {processor.py:914} INFO - Processing file /home/airflow/.local/lib/python3.12/site-packages/airflow/example_dags/example_branch_operator.py for tasks to queue
[2025-07-06T04:35:57.964+0000] {logging_mixin.py:190} INFO - [2025-07-06T04:35:57.963+0000] {dagbag.py:588} INFO - Filling up the DagBag from /home/airflow/.local/lib/python3.12/site-packages/airflow/example_dags/example_branch_operator.py
[2025-07-06T04:35:58.044+0000] {processor.py:925} INFO - DAG(s) 'example_branch_operator' retrieved from /home/airflow/.local/lib/python3.12/site-packages/airflow/example_dags/example_branch_operator.py
[2025-07-06T04:35:58.181+0000] {logging_mixin.py:190} INFO - [2025-07-06T04:35:58.181+0000] {dag.py:3239} INFO - Sync 1 DAGs
[2025-07-06T04:35:58.292+0000] {logging_mixin.py:190} INFO - [2025-07-06T04:35:58.290+0000] {dag.py:4180} INFO - Setting next_dagrun for example_branch_operator to 2025-07-05 00:00:00+00:00, run_after=2025-07-06 00:00:00+00:00
[2025-07-06T04:35:58.405+0000] {processor.py:208} INFO - Processing /home/airflow/.local/lib/python3.12/site-packages/airflow/example_dags/example_branch_operator.py took 0.466 seconds
[2025-07-06T04:36:28.620+0000] {processor.py:186} INFO - Started process (PID=387) to work on /home/airflow/.local/lib/python3.12/site-packages/airflow/example_dags/example_branch_operator.py
[2025-07-06T04:36:28.621+0000] {processor.py:914} INFO - Processing file /home/airflow/.local/lib/python3.12/site-packages/airflow/example_dags/example_branch_operator.py for tasks to queue
[2025-07-06T04:36:28.623+0000] {logging_mixin.py:190} INFO - [2025-07-06T04:36:28.623+0000] {dagbag.py:588} INFO - Filling up the DagBag from /home/airflow/.local/lib/python3.12/site-packages/airflow/example_dags/example_branch_operator.py
[2025-07-06T04:36:28.645+0000] {processor.py:925} INFO - DAG(s) 'example_branch_operator' retrieved from /home/airflow/.local/lib/python3.12/site-packages/airflow/example_dags/example_branch_operator.py
[2025-07-06T04:36:28.681+0000] {logging_mixin.py:190} INFO - [2025-07-06T04:36:28.681+0000] {dag.py:3239} INFO - Sync 1 DAGs
[2025-07-06T04:36:28.711+0000] {logging_mixin.py:190} INFO - [2025-07-06T04:36:28.711+0000] {dag.py:4180} INFO - Setting next_dagrun for example_branch_operator to 2025-07-05 00:00:00+00:00, run_after=2025-07-06 00:00:00+00:00
[2025-07-06T04:36:28.737+0000] {processor.py:208} INFO - Processing /home/airflow/.local/lib/python3.12/site-packages/airflow/example_dags/example_branch_operator.py took 0.123 seconds
[2025-07-06T04:36:59.427+0000] {processor.py:186} INFO - Started process (PID=449) to work on /home/airflow/.local/lib/python3.12/site-packages/airflow/example_dags/example_branch_operator.py
[2025-07-06T04:36:59.428+0000] {processor.py:914} INFO - Processing file /home/airflow/.local/lib/python3.12/site-packages/airflow/example_dags/example_branch_operator.py for tasks to queue
[2025-07-06T04:36:59.430+0000] {logging_mixin.py:190} INFO - [2025-07-06T04:36:59.430+0000] {dagbag.py:588} INFO - Filling up the DagBag from /home/airflow/.local/lib/python3.12/site-packages/airflow/example_dags/example_branch_operator.py
[2025-07-06T04:36:59.452+0000] {processor.py:925} INFO - DAG(s) 'example_branch_operator' retrieved from /home/airflow/.local/lib/python3.12/site-packages/airflow/example_dags/example_branch_operator.py
[2025-07-06T04:36:59.502+0000] {logging_mixin.py:190} INFO - [2025-07-06T04:36:59.502+0000] {dag.py:3239} INFO - Sync 1 DAGs
[2025-07-06T04:36:59.532+0000] {logging_mixin.py:190} INFO - [2025-07-06T04:36:59.532+0000] {dag.py:4180} INFO - Setting next_dagrun for example_branch_operator to 2025-07-05 00:00:00+00:00, run_after=2025-07-06 00:00:00+00:00
[2025-07-06T04:36:59.550+0000] {processor.py:208} INFO - Processing /home/airflow/.local/lib/python3.12/site-packages/airflow/example_dags/example_branch_operator.py took 0.129 seconds
[2025-07-06T04:37:29.859+0000] {processor.py:186} INFO - Started process (PID=512) to work on /home/airflow/.local/lib/python3.12/site-packages/airflow/example_dags/example_branch_operator.py
[2025-07-06T04:37:29.860+0000] {processor.py:914} INFO - Processing file /home/airflow/.local/lib/python3.12/site-packages/airflow/example_dags/example_branch_operator.py for tasks to queue
[2025-07-06T04:37:29.862+0000] {logging_mixin.py:190} INFO - [2025-07-06T04:37:29.862+0000] {dagbag.py:588} INFO - Filling up the DagBag from /home/airflow/.local/lib/python3.12/site-packages/airflow/example_dags/example_branch_operator.py
[2025-07-06T04:37:29.885+0000] {processor.py:925} INFO - DAG(s) 'example_branch_operator' retrieved from /home/airflow/.local/lib/python3.12/site-packages/airflow/example_dags/example_branch_operator.py
[2025-07-06T04:37:29.921+0000] {logging_mixin.py:190} INFO - [2025-07-06T04:37:29.921+0000] {dag.py:3239} INFO - Sync 1 DAGs
[2025-07-06T04:37:29.953+0000] {logging_mixin.py:190} INFO - [2025-07-06T04:37:29.952+0000] {dag.py:4180} INFO - Setting next_dagrun for example_branch_operator to 2025-07-05 00:00:00+00:00, run_after=2025-07-06 00:00:00+00:00
[2025-07-06T04:37:29.971+0000] {processor.py:208} INFO - Processing /home/airflow/.local/lib/python3.12/site-packages/airflow/example_dags/example_branch_operator.py took 0.118 seconds
[2025-07-06T04:38:00.084+0000] {processor.py:186} INFO - Started process (PID=575) to work on /home/airflow/.local/lib/python3.12/site-packages/airflow/example_dags/example_branch_operator.py
[2025-07-06T04:38:00.085+0000] {processor.py:914} INFO - Processing file /home/airflow/.local/lib/python3.12/site-packages/airflow/example_dags/example_branch_operator.py for tasks to queue
[2025-07-06T04:38:00.088+0000] {logging_mixin.py:190} INFO - [2025-07-06T04:38:00.087+0000] {dagbag.py:588} INFO - Filling up the DagBag from /home/airflow/.local/lib/python3.12/site-packages/airflow/example_dags/example_branch_operator.py
[2025-07-06T04:38:00.110+0000] {processor.py:925} INFO - DAG(s) 'example_branch_operator' retrieved from /home/airflow/.local/lib/python3.12/site-packages/airflow/example_dags/example_branch_operator.py
[2025-07-06T04:38:00.147+0000] {logging_mixin.py:190} INFO - [2025-07-06T04:38:00.147+0000] {dag.py:3239} INFO - Sync 1 DAGs
[2025-07-06T04:38:00.178+0000] {logging_mixin.py:190} INFO - [2025-07-06T04:38:00.178+0000] {dag.py:4180} INFO - Setting next_dagrun for example_branch_operator to 2025-07-05 00:00:00+00:00, run_after=2025-07-06 00:00:00+00:00
[2025-07-06T04:38:00.198+0000] {processor.py:208} INFO - Processing /home/airflow/.local/lib/python3.12/site-packages/airflow/example_dags/example_branch_operator.py took 0.119 seconds
[2025-07-06T04:38:30.396+0000] {processor.py:186} INFO - Started process (PID=638) to work on /home/airflow/.local/lib/python3.12/site-packages/airflow/example_dags/example_branch_operator.py
[2025-07-06T04:38:30.397+0000] {processor.py:914} INFO - Processing file /home/airflow/.local/lib/python3.12/site-packages/airflow/example_dags/example_branch_operator.py for tasks to queue
[2025-07-06T04:38:30.399+0000] {logging_mixin.py:190} INFO - [2025-07-06T04:38:30.399+0000] {dagbag.py:588} INFO - Filling up the DagBag from /home/airflow/.local/lib/python3.12/site-packages/airflow/example_dags/example_branch_operator.py
[2025-07-06T04:38:30.425+0000] {processor.py:925} INFO - DAG(s) 'example_branch_operator' retrieved from /home/airflow/.local/lib/python3.12/site-packages/airflow/example_dags/example_branch_operator.py
[2025-07-06T04:38:30.467+0000] {logging_mixin.py:190} INFO - [2025-07-06T04:38:30.467+0000] {dag.py:3239} INFO - Sync 1 DAGs
[2025-07-06T04:38:30.499+0000] {logging_mixin.py:190} INFO - [2025-07-06T04:38:30.499+0000] {dag.py:4180} INFO - Setting next_dagrun for example_branch_operator to 2025-07-05 00:00:00+00:00, run_after=2025-07-06 00:00:00+00:00
[2025-07-06T04:38:30.517+0000] {processor.py:208} INFO - Processing /home/airflow/.local/lib/python3.12/site-packages/airflow/example_dags/example_branch_operator.py took 0.134 seconds
[2025-07-06T04:39:00.644+0000] {processor.py:186} INFO - Started process (PID=702) to work on /home/airflow/.local/lib/python3.12/site-packages/airflow/example_dags/example_branch_operator.py
[2025-07-06T04:39:00.648+0000] {processor.py:914} INFO - Processing file /home/airflow/.local/lib/python3.12/site-packages/airflow/example_dags/example_branch_operator.py for tasks to queue
[2025-07-06T04:39:00.651+0000] {logging_mixin.py:190} INFO - [2025-07-06T04:39:00.651+0000] {dagbag.py:588} INFO - Filling up the DagBag from /home/airflow/.local/lib/python3.12/site-packages/airflow/example_dags/example_branch_operator.py
[2025-07-06T04:39:00.679+0000] {processor.py:925} INFO - DAG(s) 'example_branch_operator' retrieved from /home/airflow/.local/lib/python3.12/site-packages/airflow/example_dags/example_branch_operator.py
[2025-07-06T04:39:00.726+0000] {logging_mixin.py:190} INFO - [2025-07-06T04:39:00.725+0000] {dag.py:3239} INFO - Sync 1 DAGs
[2025-07-06T04:39:00.757+0000] {logging_mixin.py:190} INFO - [2025-07-06T04:39:00.757+0000] {dag.py:4180} INFO - Setting next_dagrun for example_branch_operator to 2025-07-05 00:00:00+00:00, run_after=2025-07-06 00:00:00+00:00
[2025-07-06T04:39:00.777+0000] {processor.py:208} INFO - Processing /home/airflow/.local/lib/python3.12/site-packages/airflow/example_dags/example_branch_operator.py took 0.140 seconds
[2025-07-06T04:39:32.740+0000] {processor.py:186} INFO - Started process (PID=766) to work on /home/airflow/.local/lib/python3.12/site-packages/airflow/example_dags/example_branch_operator.py
[2025-07-06T04:39:32.747+0000] {processor.py:914} INFO - Processing file /home/airflow/.local/lib/python3.12/site-packages/airflow/example_dags/example_branch_operator.py for tasks to queue
[2025-07-06T04:39:32.755+0000] {logging_mixin.py:190} INFO - [2025-07-06T04:39:32.755+0000] {dagbag.py:588} INFO - Filling up the DagBag from /home/airflow/.local/lib/python3.12/site-packages/airflow/example_dags/example_branch_operator.py
[2025-07-06T04:39:32.857+0000] {processor.py:925} INFO - DAG(s) 'example_branch_operator' retrieved from /home/airflow/.local/lib/python3.12/site-packages/airflow/example_dags/example_branch_operator.py
[2025-07-06T04:39:32.893+0000] {logging_mixin.py:190} INFO - [2025-07-06T04:39:32.893+0000] {dag.py:3239} INFO - Sync 1 DAGs
[2025-07-06T04:39:32.928+0000] {logging_mixin.py:190} INFO - [2025-07-06T04:39:32.928+0000] {dag.py:4180} INFO - Setting next_dagrun for example_branch_operator to 2025-07-05 00:00:00+00:00, run_after=2025-07-06 00:00:00+00:00
[2025-07-06T04:39:32.980+0000] {processor.py:208} INFO - Processing /home/airflow/.local/lib/python3.12/site-packages/airflow/example_dags/example_branch_operator.py took 0.266 seconds
[2025-07-06T04:40:04.049+0000] {processor.py:186} INFO - Started process (PID=830) to work on /home/airflow/.local/lib/python3.12/site-packages/airflow/example_dags/example_branch_operator.py
[2025-07-06T04:40:04.051+0000] {processor.py:914} INFO - Processing file /home/airflow/.local/lib/python3.12/site-packages/airflow/example_dags/example_branch_operator.py for tasks to queue
[2025-07-06T04:40:04.054+0000] {logging_mixin.py:190} INFO - [2025-07-06T04:40:04.053+0000] {dagbag.py:588} INFO - Filling up the DagBag from /home/airflow/.local/lib/python3.12/site-packages/airflow/example_dags/example_branch_operator.py
[2025-07-06T04:40:04.096+0000] {processor.py:925} INFO - DAG(s) 'example_branch_operator' retrieved from /home/airflow/.local/lib/python3.12/site-packages/airflow/example_dags/example_branch_operator.py
[2025-07-06T04:40:04.177+0000] {logging_mixin.py:190} INFO - [2025-07-06T04:40:04.176+0000] {dag.py:3239} INFO - Sync 1 DAGs
[2025-07-06T04:40:04.243+0000] {logging_mixin.py:190} INFO - [2025-07-06T04:40:04.243+0000] {dag.py:4180} INFO - Setting next_dagrun for example_branch_operator to 2025-07-05 00:00:00+00:00, run_after=2025-07-06 00:00:00+00:00
[2025-07-06T04:40:04.278+0000] {processor.py:208} INFO - Processing /home/airflow/.local/lib/python3.12/site-packages/airflow/example_dags/example_branch_operator.py took 0.251 seconds
[2025-07-06T04:40:34.591+0000] {processor.py:186} INFO - Started process (PID=894) to work on /home/airflow/.local/lib/python3.12/site-packages/airflow/example_dags/example_branch_operator.py
[2025-07-06T04:40:34.591+0000] {processor.py:914} INFO - Processing file /home/airflow/.local/lib/python3.12/site-packages/airflow/example_dags/example_branch_operator.py for tasks to queue
[2025-07-06T04:40:34.594+0000] {logging_mixin.py:190} INFO - [2025-07-06T04:40:34.593+0000] {dagbag.py:588} INFO - Filling up the DagBag from /home/airflow/.local/lib/python3.12/site-packages/airflow/example_dags/example_branch_operator.py
[2025-07-06T04:40:34.616+0000] {processor.py:925} INFO - DAG(s) 'example_branch_operator' retrieved from /home/airflow/.local/lib/python3.12/site-packages/airflow/example_dags/example_branch_operator.py
[2025-07-06T04:40:34.653+0000] {logging_mixin.py:190} INFO - [2025-07-06T04:40:34.652+0000] {dag.py:3239} INFO - Sync 1 DAGs
[2025-07-06T04:40:34.683+0000] {logging_mixin.py:190} INFO - [2025-07-06T04:40:34.683+0000] {dag.py:4180} INFO - Setting next_dagrun for example_branch_operator to 2025-07-05 00:00:00+00:00, run_after=2025-07-06 00:00:00+00:00
[2025-07-06T04:40:34.710+0000] {processor.py:208} INFO - Processing /home/airflow/.local/lib/python3.12/site-packages/airflow/example_dags/example_branch_operator.py took 0.126 seconds
[2025-07-06T04:41:05.414+0000] {processor.py:186} INFO - Started process (PID=957) to work on /home/airflow/.local/lib/python3.12/site-packages/airflow/example_dags/example_branch_operator.py
[2025-07-06T04:41:05.415+0000] {processor.py:914} INFO - Processing file /home/airflow/.local/lib/python3.12/site-packages/airflow/example_dags/example_branch_operator.py for tasks to queue
[2025-07-06T04:41:05.418+0000] {logging_mixin.py:190} INFO - [2025-07-06T04:41:05.417+0000] {dagbag.py:588} INFO - Filling up the DagBag from /home/airflow/.local/lib/python3.12/site-packages/airflow/example_dags/example_branch_operator.py
[2025-07-06T04:41:05.439+0000] {processor.py:925} INFO - DAG(s) 'example_branch_operator' retrieved from /home/airflow/.local/lib/python3.12/site-packages/airflow/example_dags/example_branch_operator.py
[2025-07-06T04:41:05.475+0000] {logging_mixin.py:190} INFO - [2025-07-06T04:41:05.474+0000] {dag.py:3239} INFO - Sync 1 DAGs
[2025-07-06T04:41:05.505+0000] {logging_mixin.py:190} INFO - [2025-07-06T04:41:05.505+0000] {dag.py:4180} INFO - Setting next_dagrun for example_branch_operator to 2025-07-05 00:00:00+00:00, run_after=2025-07-06 00:00:00+00:00
[2025-07-06T04:41:05.535+0000] {processor.py:208} INFO - Processing /home/airflow/.local/lib/python3.12/site-packages/airflow/example_dags/example_branch_operator.py took 0.131 seconds
[2025-07-06T04:41:35.694+0000] {processor.py:186} INFO - Started process (PID=1021) to work on /home/airflow/.local/lib/python3.12/site-packages/airflow/example_dags/example_branch_operator.py
[2025-07-06T04:41:35.695+0000] {processor.py:914} INFO - Processing file /home/airflow/.local/lib/python3.12/site-packages/airflow/example_dags/example_branch_operator.py for tasks to queue
[2025-07-06T04:41:35.698+0000] {logging_mixin.py:190} INFO - [2025-07-06T04:41:35.697+0000] {dagbag.py:588} INFO - Filling up the DagBag from /home/airflow/.local/lib/python3.12/site-packages/airflow/example_dags/example_branch_operator.py
[2025-07-06T04:41:35.724+0000] {processor.py:925} INFO - DAG(s) 'example_branch_operator' retrieved from /home/airflow/.local/lib/python3.12/site-packages/airflow/example_dags/example_branch_operator.py
[2025-07-06T04:41:35.755+0000] {logging_mixin.py:190} INFO - [2025-07-06T04:41:35.755+0000] {dag.py:3239} INFO - Sync 1 DAGs
[2025-07-06T04:41:35.790+0000] {logging_mixin.py:190} INFO - [2025-07-06T04:41:35.790+0000] {dag.py:4180} INFO - Setting next_dagrun for example_branch_operator to 2025-07-05 00:00:00+00:00, run_after=2025-07-06 00:00:00+00:00
[2025-07-06T04:41:35.812+0000] {processor.py:208} INFO - Processing /home/airflow/.local/lib/python3.12/site-packages/airflow/example_dags/example_branch_operator.py took 0.138 seconds
[2025-07-06T04:42:06.371+0000] {processor.py:186} INFO - Started process (PID=1085) to work on /home/airflow/.local/lib/python3.12/site-packages/airflow/example_dags/example_branch_operator.py
[2025-07-06T04:42:06.372+0000] {processor.py:914} INFO - Processing file /home/airflow/.local/lib/python3.12/site-packages/airflow/example_dags/example_branch_operator.py for tasks to queue
[2025-07-06T04:42:06.374+0000] {logging_mixin.py:190} INFO - [2025-07-06T04:42:06.374+0000] {dagbag.py:588} INFO - Filling up the DagBag from /home/airflow/.local/lib/python3.12/site-packages/airflow/example_dags/example_branch_operator.py
[2025-07-06T04:42:06.397+0000] {processor.py:925} INFO - DAG(s) 'example_branch_operator' retrieved from /home/airflow/.local/lib/python3.12/site-packages/airflow/example_dags/example_branch_operator.py
[2025-07-06T04:42:06.432+0000] {logging_mixin.py:190} INFO - [2025-07-06T04:42:06.432+0000] {dag.py:3239} INFO - Sync 1 DAGs
[2025-07-06T04:42:06.461+0000] {logging_mixin.py:190} INFO - [2025-07-06T04:42:06.461+0000] {dag.py:4180} INFO - Setting next_dagrun for example_branch_operator to 2025-07-05 00:00:00+00:00, run_after=2025-07-06 00:00:00+00:00
[2025-07-06T04:42:06.481+0000] {processor.py:208} INFO - Processing /home/airflow/.local/lib/python3.12/site-packages/airflow/example_dags/example_branch_operator.py took 0.120 seconds
[2025-07-06T04:42:36.778+0000] {processor.py:186} INFO - Started process (PID=1148) to work on /home/airflow/.local/lib/python3.12/site-packages/airflow/example_dags/example_branch_operator.py
[2025-07-06T04:42:36.779+0000] {processor.py:914} INFO - Processing file /home/airflow/.local/lib/python3.12/site-packages/airflow/example_dags/example_branch_operator.py for tasks to queue
[2025-07-06T04:42:36.781+0000] {logging_mixin.py:190} INFO - [2025-07-06T04:42:36.781+0000] {dagbag.py:588} INFO - Filling up the DagBag from /home/airflow/.local/lib/python3.12/site-packages/airflow/example_dags/example_branch_operator.py
[2025-07-06T04:42:36.803+0000] {processor.py:925} INFO - DAG(s) 'example_branch_operator' retrieved from /home/airflow/.local/lib/python3.12/site-packages/airflow/example_dags/example_branch_operator.py
[2025-07-06T04:42:36.839+0000] {logging_mixin.py:190} INFO - [2025-07-06T04:42:36.839+0000] {dag.py:3239} INFO - Sync 1 DAGs
[2025-07-06T04:42:36.868+0000] {logging_mixin.py:190} INFO - [2025-07-06T04:42:36.868+0000] {dag.py:4180} INFO - Setting next_dagrun for example_branch_operator to 2025-07-05 00:00:00+00:00, run_after=2025-07-06 00:00:00+00:00
[2025-07-06T04:42:36.887+0000] {processor.py:208} INFO - Processing /home/airflow/.local/lib/python3.12/site-packages/airflow/example_dags/example_branch_operator.py took 0.122 seconds
[2025-07-06T04:43:07.787+0000] {processor.py:186} INFO - Started process (PID=1212) to work on /home/airflow/.local/lib/python3.12/site-packages/airflow/example_dags/example_branch_operator.py
[2025-07-06T04:43:07.788+0000] {processor.py:914} INFO - Processing file /home/airflow/.local/lib/python3.12/site-packages/airflow/example_dags/example_branch_operator.py for tasks to queue
[2025-07-06T04:43:07.791+0000] {logging_mixin.py:190} INFO - [2025-07-06T04:43:07.791+0000] {dagbag.py:588} INFO - Filling up the DagBag from /home/airflow/.local/lib/python3.12/site-packages/airflow/example_dags/example_branch_operator.py
[2025-07-06T04:43:07.816+0000] {processor.py:925} INFO - DAG(s) 'example_branch_operator' retrieved from /home/airflow/.local/lib/python3.12/site-packages/airflow/example_dags/example_branch_operator.py
[2025-07-06T04:43:07.851+0000] {logging_mixin.py:190} INFO - [2025-07-06T04:43:07.850+0000] {dag.py:3239} INFO - Sync 1 DAGs
[2025-07-06T04:43:07.879+0000] {logging_mixin.py:190} INFO - [2025-07-06T04:43:07.879+0000] {dag.py:4180} INFO - Setting next_dagrun for example_branch_operator to 2025-07-05 00:00:00+00:00, run_after=2025-07-06 00:00:00+00:00
[2025-07-06T04:43:07.900+0000] {processor.py:208} INFO - Processing /home/airflow/.local/lib/python3.12/site-packages/airflow/example_dags/example_branch_operator.py took 0.123 seconds
