[2025-07-06T04:34:20.571+0000] {processor.py:186} INFO - Started process (PID=130) to work on /home/airflow/.local/lib/python3.12/site-packages/airflow/example_dags/example_time_delta_sensor_async.py
[2025-07-06T04:34:20.572+0000] {processor.py:914} INFO - Processing file /home/airflow/.local/lib/python3.12/site-packages/airflow/example_dags/example_time_delta_sensor_async.py for tasks to queue
[2025-07-06T04:34:20.576+0000] {logging_mixin.py:190} INFO - [2025-07-06T04:34:20.575+0000] {dagbag.py:588} INFO - Filling up the DagBag from /home/airflow/.local/lib/python3.12/site-packages/airflow/example_dags/example_time_delta_sensor_async.py
[2025-07-06T04:34:20.588+0000] {processor.py:925} INFO - DAG(s) 'example_time_delta_sensor_async' retrieved from /home/airflow/.local/lib/python3.12/site-packages/airflow/example_dags/example_time_delta_sensor_async.py
[2025-07-06T04:34:20.809+0000] {logging_mixin.py:190} INFO - [2025-07-06T04:34:20.809+0000] {override.py:1911} INFO - Created Permission View: can delete on DAG:example_time_delta_sensor_async
[2025-07-06T04:34:20.819+0000] {logging_mixin.py:190} INFO - [2025-07-06T04:34:20.819+0000] {override.py:1911} INFO - Created Permission View: can edit on DAG:example_time_delta_sensor_async
[2025-07-06T04:34:20.826+0000] {logging_mixin.py:190} INFO - [2025-07-06T04:34:20.825+0000] {override.py:1911} INFO - Created Permission View: can read on DAG:example_time_delta_sensor_async
[2025-07-06T04:34:20.841+0000] {logging_mixin.py:190} INFO - [2025-07-06T04:34:20.840+0000] {override.py:1911} INFO - Created Permission View: can delete on DAG Run:example_time_delta_sensor_async
[2025-07-06T04:34:20.855+0000] {logging_mixin.py:190} INFO - [2025-07-06T04:34:20.854+0000] {override.py:1911} INFO - Created Permission View: menu access on DAG Run:example_time_delta_sensor_async
[2025-07-06T04:34:20.861+0000] {logging_mixin.py:190} INFO - [2025-07-06T04:34:20.861+0000] {override.py:1911} INFO - Created Permission View: can create on DAG Run:example_time_delta_sensor_async
[2025-07-06T04:34:20.867+0000] {logging_mixin.py:190} INFO - [2025-07-06T04:34:20.867+0000] {override.py:1911} INFO - Created Permission View: can read on DAG Run:example_time_delta_sensor_async
[2025-07-06T04:34:20.868+0000] {logging_mixin.py:190} INFO - [2025-07-06T04:34:20.868+0000] {dag.py:3239} INFO - Sync 1 DAGs
[2025-07-06T04:34:20.886+0000] {logging_mixin.py:190} INFO - [2025-07-06T04:34:20.885+0000] {dag.py:3262} INFO - Creating ORM DAG for example_time_delta_sensor_async
[2025-07-06T04:34:20.886+0000] {logging_mixin.py:190} INFO - [2025-07-06T04:34:20.886+0000] {dag.py:4180} INFO - Setting next_dagrun for example_time_delta_sensor_async to None, run_after=None
[2025-07-06T04:34:20.903+0000] {processor.py:208} INFO - Processing /home/airflow/.local/lib/python3.12/site-packages/airflow/example_dags/example_time_delta_sensor_async.py took 0.340 seconds
[2025-07-06T04:34:51.717+0000] {processor.py:186} INFO - Started process (PID=193) to work on /home/airflow/.local/lib/python3.12/site-packages/airflow/example_dags/example_time_delta_sensor_async.py
[2025-07-06T04:34:51.718+0000] {processor.py:914} INFO - Processing file /home/airflow/.local/lib/python3.12/site-packages/airflow/example_dags/example_time_delta_sensor_async.py for tasks to queue
[2025-07-06T04:34:51.721+0000] {logging_mixin.py:190} INFO - [2025-07-06T04:34:51.720+0000] {dagbag.py:588} INFO - Filling up the DagBag from /home/airflow/.local/lib/python3.12/site-packages/airflow/example_dags/example_time_delta_sensor_async.py
[2025-07-06T04:34:51.732+0000] {processor.py:925} INFO - DAG(s) 'example_time_delta_sensor_async' retrieved from /home/airflow/.local/lib/python3.12/site-packages/airflow/example_dags/example_time_delta_sensor_async.py
[2025-07-06T04:34:51.770+0000] {logging_mixin.py:190} INFO - [2025-07-06T04:34:51.770+0000] {dag.py:3239} INFO - Sync 1 DAGs
[2025-07-06T04:34:51.810+0000] {logging_mixin.py:190} INFO - [2025-07-06T04:34:51.809+0000] {dag.py:4180} INFO - Setting next_dagrun for example_time_delta_sensor_async to None, run_after=None
[2025-07-06T04:34:51.838+0000] {processor.py:208} INFO - Processing /home/airflow/.local/lib/python3.12/site-packages/airflow/example_dags/example_time_delta_sensor_async.py took 0.130 seconds
[2025-07-06T04:35:22.693+0000] {processor.py:186} INFO - Started process (PID=256) to work on /home/airflow/.local/lib/python3.12/site-packages/airflow/example_dags/example_time_delta_sensor_async.py
[2025-07-06T04:35:22.694+0000] {processor.py:914} INFO - Processing file /home/airflow/.local/lib/python3.12/site-packages/airflow/example_dags/example_time_delta_sensor_async.py for tasks to queue
[2025-07-06T04:35:22.697+0000] {logging_mixin.py:190} INFO - [2025-07-06T04:35:22.696+0000] {dagbag.py:588} INFO - Filling up the DagBag from /home/airflow/.local/lib/python3.12/site-packages/airflow/example_dags/example_time_delta_sensor_async.py
[2025-07-06T04:35:22.711+0000] {processor.py:925} INFO - DAG(s) 'example_time_delta_sensor_async' retrieved from /home/airflow/.local/lib/python3.12/site-packages/airflow/example_dags/example_time_delta_sensor_async.py
[2025-07-06T04:35:22.738+0000] {logging_mixin.py:190} INFO - [2025-07-06T04:35:22.738+0000] {dag.py:3239} INFO - Sync 1 DAGs
[2025-07-06T04:35:22.756+0000] {logging_mixin.py:190} INFO - [2025-07-06T04:35:22.756+0000] {dag.py:4180} INFO - Setting next_dagrun for example_time_delta_sensor_async to None, run_after=None
[2025-07-06T04:35:22.776+0000] {processor.py:208} INFO - Processing /home/airflow/.local/lib/python3.12/site-packages/airflow/example_dags/example_time_delta_sensor_async.py took 0.089 seconds
[2025-07-06T04:36:00.184+0000] {processor.py:186} INFO - Started process (PID=334) to work on /home/airflow/.local/lib/python3.12/site-packages/airflow/example_dags/example_time_delta_sensor_async.py
[2025-07-06T04:36:00.184+0000] {processor.py:914} INFO - Processing file /home/airflow/.local/lib/python3.12/site-packages/airflow/example_dags/example_time_delta_sensor_async.py for tasks to queue
[2025-07-06T04:36:00.187+0000] {logging_mixin.py:190} INFO - [2025-07-06T04:36:00.186+0000] {dagbag.py:588} INFO - Filling up the DagBag from /home/airflow/.local/lib/python3.12/site-packages/airflow/example_dags/example_time_delta_sensor_async.py
[2025-07-06T04:36:00.193+0000] {processor.py:925} INFO - DAG(s) 'example_time_delta_sensor_async' retrieved from /home/airflow/.local/lib/python3.12/site-packages/airflow/example_dags/example_time_delta_sensor_async.py
[2025-07-06T04:36:00.210+0000] {logging_mixin.py:190} INFO - [2025-07-06T04:36:00.210+0000] {dag.py:3239} INFO - Sync 1 DAGs
[2025-07-06T04:36:00.222+0000] {logging_mixin.py:190} INFO - [2025-07-06T04:36:00.222+0000] {dag.py:4180} INFO - Setting next_dagrun for example_time_delta_sensor_async to None, run_after=None
[2025-07-06T04:36:00.238+0000] {processor.py:208} INFO - Processing /home/airflow/.local/lib/python3.12/site-packages/airflow/example_dags/example_time_delta_sensor_async.py took 0.059 seconds
[2025-07-06T04:36:31.639+0000] {processor.py:186} INFO - Started process (PID=397) to work on /home/airflow/.local/lib/python3.12/site-packages/airflow/example_dags/example_time_delta_sensor_async.py
[2025-07-06T04:36:31.642+0000] {processor.py:914} INFO - Processing file /home/airflow/.local/lib/python3.12/site-packages/airflow/example_dags/example_time_delta_sensor_async.py for tasks to queue
[2025-07-06T04:36:31.664+0000] {logging_mixin.py:190} INFO - [2025-07-06T04:36:31.654+0000] {dagbag.py:588} INFO - Filling up the DagBag from /home/airflow/.local/lib/python3.12/site-packages/airflow/example_dags/example_time_delta_sensor_async.py
[2025-07-06T04:36:31.723+0000] {processor.py:925} INFO - DAG(s) 'example_time_delta_sensor_async' retrieved from /home/airflow/.local/lib/python3.12/site-packages/airflow/example_dags/example_time_delta_sensor_async.py
[2025-07-06T04:36:31.816+0000] {logging_mixin.py:190} INFO - [2025-07-06T04:36:31.816+0000] {dag.py:3239} INFO - Sync 1 DAGs
[2025-07-06T04:36:31.875+0000] {logging_mixin.py:190} INFO - [2025-07-06T04:36:31.875+0000] {dag.py:4180} INFO - Setting next_dagrun for example_time_delta_sensor_async to None, run_after=None
[2025-07-06T04:36:31.958+0000] {processor.py:208} INFO - Processing /home/airflow/.local/lib/python3.12/site-packages/airflow/example_dags/example_time_delta_sensor_async.py took 0.349 seconds
[2025-07-06T04:37:02.702+0000] {processor.py:186} INFO - Started process (PID=460) to work on /home/airflow/.local/lib/python3.12/site-packages/airflow/example_dags/example_time_delta_sensor_async.py
[2025-07-06T04:37:02.702+0000] {processor.py:914} INFO - Processing file /home/airflow/.local/lib/python3.12/site-packages/airflow/example_dags/example_time_delta_sensor_async.py for tasks to queue
[2025-07-06T04:37:02.705+0000] {logging_mixin.py:190} INFO - [2025-07-06T04:37:02.704+0000] {dagbag.py:588} INFO - Filling up the DagBag from /home/airflow/.local/lib/python3.12/site-packages/airflow/example_dags/example_time_delta_sensor_async.py
[2025-07-06T04:37:02.712+0000] {processor.py:925} INFO - DAG(s) 'example_time_delta_sensor_async' retrieved from /home/airflow/.local/lib/python3.12/site-packages/airflow/example_dags/example_time_delta_sensor_async.py
[2025-07-06T04:37:02.735+0000] {logging_mixin.py:190} INFO - [2025-07-06T04:37:02.735+0000] {dag.py:3239} INFO - Sync 1 DAGs
[2025-07-06T04:37:02.756+0000] {logging_mixin.py:190} INFO - [2025-07-06T04:37:02.756+0000] {dag.py:4180} INFO - Setting next_dagrun for example_time_delta_sensor_async to None, run_after=None
[2025-07-06T04:37:02.776+0000] {processor.py:208} INFO - Processing /home/airflow/.local/lib/python3.12/site-packages/airflow/example_dags/example_time_delta_sensor_async.py took 0.081 seconds
[2025-07-06T04:37:33.174+0000] {processor.py:186} INFO - Started process (PID=523) to work on /home/airflow/.local/lib/python3.12/site-packages/airflow/example_dags/example_time_delta_sensor_async.py
[2025-07-06T04:37:33.175+0000] {processor.py:914} INFO - Processing file /home/airflow/.local/lib/python3.12/site-packages/airflow/example_dags/example_time_delta_sensor_async.py for tasks to queue
[2025-07-06T04:37:33.177+0000] {logging_mixin.py:190} INFO - [2025-07-06T04:37:33.177+0000] {dagbag.py:588} INFO - Filling up the DagBag from /home/airflow/.local/lib/python3.12/site-packages/airflow/example_dags/example_time_delta_sensor_async.py
[2025-07-06T04:37:33.186+0000] {processor.py:925} INFO - DAG(s) 'example_time_delta_sensor_async' retrieved from /home/airflow/.local/lib/python3.12/site-packages/airflow/example_dags/example_time_delta_sensor_async.py
[2025-07-06T04:37:33.208+0000] {logging_mixin.py:190} INFO - [2025-07-06T04:37:33.208+0000] {dag.py:3239} INFO - Sync 1 DAGs
[2025-07-06T04:37:33.227+0000] {logging_mixin.py:190} INFO - [2025-07-06T04:37:33.227+0000] {dag.py:4180} INFO - Setting next_dagrun for example_time_delta_sensor_async to None, run_after=None
[2025-07-06T04:37:33.246+0000] {processor.py:208} INFO - Processing /home/airflow/.local/lib/python3.12/site-packages/airflow/example_dags/example_time_delta_sensor_async.py took 0.079 seconds
[2025-07-06T04:38:03.501+0000] {processor.py:186} INFO - Started process (PID=586) to work on /home/airflow/.local/lib/python3.12/site-packages/airflow/example_dags/example_time_delta_sensor_async.py
[2025-07-06T04:38:03.503+0000] {processor.py:914} INFO - Processing file /home/airflow/.local/lib/python3.12/site-packages/airflow/example_dags/example_time_delta_sensor_async.py for tasks to queue
[2025-07-06T04:38:03.505+0000] {logging_mixin.py:190} INFO - [2025-07-06T04:38:03.505+0000] {dagbag.py:588} INFO - Filling up the DagBag from /home/airflow/.local/lib/python3.12/site-packages/airflow/example_dags/example_time_delta_sensor_async.py
[2025-07-06T04:38:03.513+0000] {processor.py:925} INFO - DAG(s) 'example_time_delta_sensor_async' retrieved from /home/airflow/.local/lib/python3.12/site-packages/airflow/example_dags/example_time_delta_sensor_async.py
[2025-07-06T04:38:03.535+0000] {logging_mixin.py:190} INFO - [2025-07-06T04:38:03.535+0000] {dag.py:3239} INFO - Sync 1 DAGs
[2025-07-06T04:38:03.554+0000] {logging_mixin.py:190} INFO - [2025-07-06T04:38:03.553+0000] {dag.py:4180} INFO - Setting next_dagrun for example_time_delta_sensor_async to None, run_after=None
[2025-07-06T04:38:03.587+0000] {processor.py:208} INFO - Processing /home/airflow/.local/lib/python3.12/site-packages/airflow/example_dags/example_time_delta_sensor_async.py took 0.092 seconds
[2025-07-06T04:38:34.413+0000] {processor.py:186} INFO - Started process (PID=650) to work on /home/airflow/.local/lib/python3.12/site-packages/airflow/example_dags/example_time_delta_sensor_async.py
[2025-07-06T04:38:34.414+0000] {processor.py:914} INFO - Processing file /home/airflow/.local/lib/python3.12/site-packages/airflow/example_dags/example_time_delta_sensor_async.py for tasks to queue
[2025-07-06T04:38:34.417+0000] {logging_mixin.py:190} INFO - [2025-07-06T04:38:34.416+0000] {dagbag.py:588} INFO - Filling up the DagBag from /home/airflow/.local/lib/python3.12/site-packages/airflow/example_dags/example_time_delta_sensor_async.py
[2025-07-06T04:38:34.424+0000] {processor.py:925} INFO - DAG(s) 'example_time_delta_sensor_async' retrieved from /home/airflow/.local/lib/python3.12/site-packages/airflow/example_dags/example_time_delta_sensor_async.py
[2025-07-06T04:38:34.448+0000] {logging_mixin.py:190} INFO - [2025-07-06T04:38:34.448+0000] {dag.py:3239} INFO - Sync 1 DAGs
[2025-07-06T04:38:34.467+0000] {logging_mixin.py:190} INFO - [2025-07-06T04:38:34.466+0000] {dag.py:4180} INFO - Setting next_dagrun for example_time_delta_sensor_async to None, run_after=None
[2025-07-06T04:38:34.487+0000] {processor.py:208} INFO - Processing /home/airflow/.local/lib/python3.12/site-packages/airflow/example_dags/example_time_delta_sensor_async.py took 0.081 seconds
[2025-07-06T04:39:05.401+0000] {processor.py:186} INFO - Started process (PID=714) to work on /home/airflow/.local/lib/python3.12/site-packages/airflow/example_dags/example_time_delta_sensor_async.py
[2025-07-06T04:39:05.402+0000] {processor.py:914} INFO - Processing file /home/airflow/.local/lib/python3.12/site-packages/airflow/example_dags/example_time_delta_sensor_async.py for tasks to queue
[2025-07-06T04:39:05.405+0000] {logging_mixin.py:190} INFO - [2025-07-06T04:39:05.405+0000] {dagbag.py:588} INFO - Filling up the DagBag from /home/airflow/.local/lib/python3.12/site-packages/airflow/example_dags/example_time_delta_sensor_async.py
[2025-07-06T04:39:05.413+0000] {processor.py:925} INFO - DAG(s) 'example_time_delta_sensor_async' retrieved from /home/airflow/.local/lib/python3.12/site-packages/airflow/example_dags/example_time_delta_sensor_async.py
[2025-07-06T04:39:05.437+0000] {logging_mixin.py:190} INFO - [2025-07-06T04:39:05.436+0000] {dag.py:3239} INFO - Sync 1 DAGs
[2025-07-06T04:39:05.473+0000] {logging_mixin.py:190} INFO - [2025-07-06T04:39:05.473+0000] {dag.py:4180} INFO - Setting next_dagrun for example_time_delta_sensor_async to None, run_after=None
[2025-07-06T04:39:05.494+0000] {processor.py:208} INFO - Processing /home/airflow/.local/lib/python3.12/site-packages/airflow/example_dags/example_time_delta_sensor_async.py took 0.099 seconds
[2025-07-06T04:39:35.539+0000] {processor.py:186} INFO - Started process (PID=777) to work on /home/airflow/.local/lib/python3.12/site-packages/airflow/example_dags/example_time_delta_sensor_async.py
[2025-07-06T04:39:35.540+0000] {processor.py:914} INFO - Processing file /home/airflow/.local/lib/python3.12/site-packages/airflow/example_dags/example_time_delta_sensor_async.py for tasks to queue
[2025-07-06T04:39:35.542+0000] {logging_mixin.py:190} INFO - [2025-07-06T04:39:35.542+0000] {dagbag.py:588} INFO - Filling up the DagBag from /home/airflow/.local/lib/python3.12/site-packages/airflow/example_dags/example_time_delta_sensor_async.py
[2025-07-06T04:39:35.551+0000] {processor.py:925} INFO - DAG(s) 'example_time_delta_sensor_async' retrieved from /home/airflow/.local/lib/python3.12/site-packages/airflow/example_dags/example_time_delta_sensor_async.py
[2025-07-06T04:39:35.574+0000] {logging_mixin.py:190} INFO - [2025-07-06T04:39:35.574+0000] {dag.py:3239} INFO - Sync 1 DAGs
[2025-07-06T04:39:35.593+0000] {logging_mixin.py:190} INFO - [2025-07-06T04:39:35.593+0000] {dag.py:4180} INFO - Setting next_dagrun for example_time_delta_sensor_async to None, run_after=None
[2025-07-06T04:39:35.613+0000] {processor.py:208} INFO - Processing /home/airflow/.local/lib/python3.12/site-packages/airflow/example_dags/example_time_delta_sensor_async.py took 0.081 seconds
[2025-07-06T04:40:07.047+0000] {processor.py:186} INFO - Started process (PID=841) to work on /home/airflow/.local/lib/python3.12/site-packages/airflow/example_dags/example_time_delta_sensor_async.py
[2025-07-06T04:40:07.050+0000] {processor.py:914} INFO - Processing file /home/airflow/.local/lib/python3.12/site-packages/airflow/example_dags/example_time_delta_sensor_async.py for tasks to queue
[2025-07-06T04:40:07.054+0000] {logging_mixin.py:190} INFO - [2025-07-06T04:40:07.054+0000] {dagbag.py:588} INFO - Filling up the DagBag from /home/airflow/.local/lib/python3.12/site-packages/airflow/example_dags/example_time_delta_sensor_async.py
[2025-07-06T04:40:07.073+0000] {processor.py:925} INFO - DAG(s) 'example_time_delta_sensor_async' retrieved from /home/airflow/.local/lib/python3.12/site-packages/airflow/example_dags/example_time_delta_sensor_async.py
[2025-07-06T04:40:07.101+0000] {logging_mixin.py:190} INFO - [2025-07-06T04:40:07.101+0000] {dag.py:3239} INFO - Sync 1 DAGs
[2025-07-06T04:40:07.120+0000] {logging_mixin.py:190} INFO - [2025-07-06T04:40:07.119+0000] {dag.py:4180} INFO - Setting next_dagrun for example_time_delta_sensor_async to None, run_after=None
[2025-07-06T04:40:07.140+0000] {processor.py:208} INFO - Processing /home/airflow/.local/lib/python3.12/site-packages/airflow/example_dags/example_time_delta_sensor_async.py took 0.110 seconds
[2025-07-06T04:40:37.387+0000] {processor.py:186} INFO - Started process (PID=905) to work on /home/airflow/.local/lib/python3.12/site-packages/airflow/example_dags/example_time_delta_sensor_async.py
[2025-07-06T04:40:37.387+0000] {processor.py:914} INFO - Processing file /home/airflow/.local/lib/python3.12/site-packages/airflow/example_dags/example_time_delta_sensor_async.py for tasks to queue
[2025-07-06T04:40:37.389+0000] {logging_mixin.py:190} INFO - [2025-07-06T04:40:37.389+0000] {dagbag.py:588} INFO - Filling up the DagBag from /home/airflow/.local/lib/python3.12/site-packages/airflow/example_dags/example_time_delta_sensor_async.py
[2025-07-06T04:40:37.395+0000] {processor.py:925} INFO - DAG(s) 'example_time_delta_sensor_async' retrieved from /home/airflow/.local/lib/python3.12/site-packages/airflow/example_dags/example_time_delta_sensor_async.py
[2025-07-06T04:40:37.412+0000] {logging_mixin.py:190} INFO - [2025-07-06T04:40:37.412+0000] {dag.py:3239} INFO - Sync 1 DAGs
[2025-07-06T04:40:37.426+0000] {logging_mixin.py:190} INFO - [2025-07-06T04:40:37.425+0000] {dag.py:4180} INFO - Setting next_dagrun for example_time_delta_sensor_async to None, run_after=None
[2025-07-06T04:40:37.443+0000] {processor.py:208} INFO - Processing /home/airflow/.local/lib/python3.12/site-packages/airflow/example_dags/example_time_delta_sensor_async.py took 0.062 seconds
[2025-07-06T04:41:08.059+0000] {processor.py:186} INFO - Started process (PID=970) to work on /home/airflow/.local/lib/python3.12/site-packages/airflow/example_dags/example_time_delta_sensor_async.py
[2025-07-06T04:41:08.060+0000] {processor.py:914} INFO - Processing file /home/airflow/.local/lib/python3.12/site-packages/airflow/example_dags/example_time_delta_sensor_async.py for tasks to queue
[2025-07-06T04:41:08.063+0000] {logging_mixin.py:190} INFO - [2025-07-06T04:41:08.062+0000] {dagbag.py:588} INFO - Filling up the DagBag from /home/airflow/.local/lib/python3.12/site-packages/airflow/example_dags/example_time_delta_sensor_async.py
[2025-07-06T04:41:08.071+0000] {processor.py:925} INFO - DAG(s) 'example_time_delta_sensor_async' retrieved from /home/airflow/.local/lib/python3.12/site-packages/airflow/example_dags/example_time_delta_sensor_async.py
[2025-07-06T04:41:08.094+0000] {logging_mixin.py:190} INFO - [2025-07-06T04:41:08.093+0000] {dag.py:3239} INFO - Sync 1 DAGs
[2025-07-06T04:41:08.112+0000] {logging_mixin.py:190} INFO - [2025-07-06T04:41:08.112+0000] {dag.py:4180} INFO - Setting next_dagrun for example_time_delta_sensor_async to None, run_after=None
[2025-07-06T04:41:08.131+0000] {processor.py:208} INFO - Processing /home/airflow/.local/lib/python3.12/site-packages/airflow/example_dags/example_time_delta_sensor_async.py took 0.079 seconds
[2025-07-06T04:41:38.554+0000] {processor.py:186} INFO - Started process (PID=1034) to work on /home/airflow/.local/lib/python3.12/site-packages/airflow/example_dags/example_time_delta_sensor_async.py
[2025-07-06T04:41:38.555+0000] {processor.py:914} INFO - Processing file /home/airflow/.local/lib/python3.12/site-packages/airflow/example_dags/example_time_delta_sensor_async.py for tasks to queue
[2025-07-06T04:41:38.557+0000] {logging_mixin.py:190} INFO - [2025-07-06T04:41:38.557+0000] {dagbag.py:588} INFO - Filling up the DagBag from /home/airflow/.local/lib/python3.12/site-packages/airflow/example_dags/example_time_delta_sensor_async.py
[2025-07-06T04:41:38.567+0000] {processor.py:925} INFO - DAG(s) 'example_time_delta_sensor_async' retrieved from /home/airflow/.local/lib/python3.12/site-packages/airflow/example_dags/example_time_delta_sensor_async.py
[2025-07-06T04:41:38.590+0000] {logging_mixin.py:190} INFO - [2025-07-06T04:41:38.589+0000] {dag.py:3239} INFO - Sync 1 DAGs
[2025-07-06T04:41:38.608+0000] {logging_mixin.py:190} INFO - [2025-07-06T04:41:38.608+0000] {dag.py:4180} INFO - Setting next_dagrun for example_time_delta_sensor_async to None, run_after=None
[2025-07-06T04:41:38.632+0000] {processor.py:208} INFO - Processing /home/airflow/.local/lib/python3.12/site-packages/airflow/example_dags/example_time_delta_sensor_async.py took 0.085 seconds
[2025-07-06T04:42:08.976+0000] {processor.py:186} INFO - Started process (PID=1098) to work on /home/airflow/.local/lib/python3.12/site-packages/airflow/example_dags/example_time_delta_sensor_async.py
[2025-07-06T04:42:08.976+0000] {processor.py:914} INFO - Processing file /home/airflow/.local/lib/python3.12/site-packages/airflow/example_dags/example_time_delta_sensor_async.py for tasks to queue
[2025-07-06T04:42:08.979+0000] {logging_mixin.py:190} INFO - [2025-07-06T04:42:08.979+0000] {dagbag.py:588} INFO - Filling up the DagBag from /home/airflow/.local/lib/python3.12/site-packages/airflow/example_dags/example_time_delta_sensor_async.py
[2025-07-06T04:42:08.986+0000] {processor.py:925} INFO - DAG(s) 'example_time_delta_sensor_async' retrieved from /home/airflow/.local/lib/python3.12/site-packages/airflow/example_dags/example_time_delta_sensor_async.py
[2025-07-06T04:42:09.007+0000] {logging_mixin.py:190} INFO - [2025-07-06T04:42:09.007+0000] {dag.py:3239} INFO - Sync 1 DAGs
[2025-07-06T04:42:09.019+0000] {logging_mixin.py:190} INFO - [2025-07-06T04:42:09.019+0000] {dag.py:4180} INFO - Setting next_dagrun for example_time_delta_sensor_async to None, run_after=None
[2025-07-06T04:42:09.034+0000] {processor.py:208} INFO - Processing /home/airflow/.local/lib/python3.12/site-packages/airflow/example_dags/example_time_delta_sensor_async.py took 0.066 seconds
[2025-07-06T04:42:39.743+0000] {processor.py:186} INFO - Started process (PID=1161) to work on /home/airflow/.local/lib/python3.12/site-packages/airflow/example_dags/example_time_delta_sensor_async.py
[2025-07-06T04:42:39.745+0000] {processor.py:914} INFO - Processing file /home/airflow/.local/lib/python3.12/site-packages/airflow/example_dags/example_time_delta_sensor_async.py for tasks to queue
[2025-07-06T04:42:39.749+0000] {logging_mixin.py:190} INFO - [2025-07-06T04:42:39.748+0000] {dagbag.py:588} INFO - Filling up the DagBag from /home/airflow/.local/lib/python3.12/site-packages/airflow/example_dags/example_time_delta_sensor_async.py
[2025-07-06T04:42:39.757+0000] {processor.py:925} INFO - DAG(s) 'example_time_delta_sensor_async' retrieved from /home/airflow/.local/lib/python3.12/site-packages/airflow/example_dags/example_time_delta_sensor_async.py
[2025-07-06T04:42:39.781+0000] {logging_mixin.py:190} INFO - [2025-07-06T04:42:39.780+0000] {dag.py:3239} INFO - Sync 1 DAGs
[2025-07-06T04:42:39.800+0000] {logging_mixin.py:190} INFO - [2025-07-06T04:42:39.799+0000] {dag.py:4180} INFO - Setting next_dagrun for example_time_delta_sensor_async to None, run_after=None
[2025-07-06T04:42:39.820+0000] {processor.py:208} INFO - Processing /home/airflow/.local/lib/python3.12/site-packages/airflow/example_dags/example_time_delta_sensor_async.py took 0.083 seconds
[2025-07-06T04:43:10.596+0000] {processor.py:186} INFO - Started process (PID=1224) to work on /home/airflow/.local/lib/python3.12/site-packages/airflow/example_dags/example_time_delta_sensor_async.py
[2025-07-06T04:43:10.597+0000] {processor.py:914} INFO - Processing file /home/airflow/.local/lib/python3.12/site-packages/airflow/example_dags/example_time_delta_sensor_async.py for tasks to queue
[2025-07-06T04:43:10.602+0000] {logging_mixin.py:190} INFO - [2025-07-06T04:43:10.601+0000] {dagbag.py:588} INFO - Filling up the DagBag from /home/airflow/.local/lib/python3.12/site-packages/airflow/example_dags/example_time_delta_sensor_async.py
[2025-07-06T04:43:10.615+0000] {processor.py:925} INFO - DAG(s) 'example_time_delta_sensor_async' retrieved from /home/airflow/.local/lib/python3.12/site-packages/airflow/example_dags/example_time_delta_sensor_async.py
[2025-07-06T04:43:10.645+0000] {logging_mixin.py:190} INFO - [2025-07-06T04:43:10.644+0000] {dag.py:3239} INFO - Sync 1 DAGs
[2025-07-06T04:43:10.663+0000] {logging_mixin.py:190} INFO - [2025-07-06T04:43:10.663+0000] {dag.py:4180} INFO - Setting next_dagrun for example_time_delta_sensor_async to None, run_after=None
[2025-07-06T04:43:10.683+0000] {processor.py:208} INFO - Processing /home/airflow/.local/lib/python3.12/site-packages/airflow/example_dags/example_time_delta_sensor_async.py took 0.099 seconds
