[2025-07-06T04:34:21.261+0000] {processor.py:186} INFO - Started process (PID=133) to work on /home/airflow/.local/lib/python3.12/site-packages/airflow/example_dags/example_task_group.py
[2025-07-06T04:34:21.264+0000] {processor.py:914} INFO - Processing file /home/airflow/.local/lib/python3.12/site-packages/airflow/example_dags/example_task_group.py for tasks to queue
[2025-07-06T04:34:21.269+0000] {logging_mixin.py:190} INFO - [2025-07-06T04:34:21.269+0000] {dagbag.py:588} INFO - Filling up the DagBag from /home/airflow/.local/lib/python3.12/site-packages/airflow/example_dags/example_task_group.py
[2025-07-06T04:34:21.289+0000] {processor.py:925} INFO - DAG(s) 'example_task_group' retrieved from /home/airflow/.local/lib/python3.12/site-packages/airflow/example_dags/example_task_group.py
[2025-07-06T04:34:21.417+0000] {logging_mixin.py:190} INFO - [2025-07-06T04:34:21.417+0000] {override.py:1911} INFO - Created Permission View: can delete on DAG:example_task_group
[2025-07-06T04:34:21.430+0000] {logging_mixin.py:190} INFO - [2025-07-06T04:34:21.429+0000] {override.py:1911} INFO - Created Permission View: can edit on DAG:example_task_group
[2025-07-06T04:34:21.436+0000] {logging_mixin.py:190} INFO - [2025-07-06T04:34:21.436+0000] {override.py:1911} INFO - Created Permission View: can read on DAG:example_task_group
[2025-07-06T04:34:21.443+0000] {logging_mixin.py:190} INFO - [2025-07-06T04:34:21.442+0000] {override.py:1911} INFO - Created Permission View: can delete on DAG Run:example_task_group
[2025-07-06T04:34:21.449+0000] {logging_mixin.py:190} INFO - [2025-07-06T04:34:21.448+0000] {override.py:1911} INFO - Created Permission View: menu access on DAG Run:example_task_group
[2025-07-06T04:34:21.455+0000] {logging_mixin.py:190} INFO - [2025-07-06T04:34:21.455+0000] {override.py:1911} INFO - Created Permission View: can create on DAG Run:example_task_group
[2025-07-06T04:34:21.462+0000] {logging_mixin.py:190} INFO - [2025-07-06T04:34:21.461+0000] {override.py:1911} INFO - Created Permission View: can read on DAG Run:example_task_group
[2025-07-06T04:34:21.462+0000] {logging_mixin.py:190} INFO - [2025-07-06T04:34:21.462+0000] {dag.py:3239} INFO - Sync 1 DAGs
[2025-07-06T04:34:21.478+0000] {logging_mixin.py:190} INFO - [2025-07-06T04:34:21.478+0000] {dag.py:3262} INFO - Creating ORM DAG for example_task_group
[2025-07-06T04:34:21.479+0000] {logging_mixin.py:190} INFO - [2025-07-06T04:34:21.479+0000] {dag.py:4180} INFO - Setting next_dagrun for example_task_group to None, run_after=None
[2025-07-06T04:34:21.497+0000] {processor.py:208} INFO - Processing /home/airflow/.local/lib/python3.12/site-packages/airflow/example_dags/example_task_group.py took 0.243 seconds
[2025-07-06T04:34:52.219+0000] {processor.py:186} INFO - Started process (PID=197) to work on /home/airflow/.local/lib/python3.12/site-packages/airflow/example_dags/example_task_group.py
[2025-07-06T04:34:52.220+0000] {processor.py:914} INFO - Processing file /home/airflow/.local/lib/python3.12/site-packages/airflow/example_dags/example_task_group.py for tasks to queue
[2025-07-06T04:34:52.222+0000] {logging_mixin.py:190} INFO - [2025-07-06T04:34:52.221+0000] {dagbag.py:588} INFO - Filling up the DagBag from /home/airflow/.local/lib/python3.12/site-packages/airflow/example_dags/example_task_group.py
[2025-07-06T04:34:52.229+0000] {processor.py:925} INFO - DAG(s) 'example_task_group' retrieved from /home/airflow/.local/lib/python3.12/site-packages/airflow/example_dags/example_task_group.py
[2025-07-06T04:34:52.247+0000] {logging_mixin.py:190} INFO - [2025-07-06T04:34:52.247+0000] {dag.py:3239} INFO - Sync 1 DAGs
[2025-07-06T04:34:52.260+0000] {logging_mixin.py:190} INFO - [2025-07-06T04:34:52.259+0000] {dag.py:4180} INFO - Setting next_dagrun for example_task_group to None, run_after=None
[2025-07-06T04:34:52.276+0000] {processor.py:208} INFO - Processing /home/airflow/.local/lib/python3.12/site-packages/airflow/example_dags/example_task_group.py took 0.061 seconds
[2025-07-06T04:35:23.098+0000] {processor.py:186} INFO - Started process (PID=261) to work on /home/airflow/.local/lib/python3.12/site-packages/airflow/example_dags/example_task_group.py
[2025-07-06T04:35:23.099+0000] {processor.py:914} INFO - Processing file /home/airflow/.local/lib/python3.12/site-packages/airflow/example_dags/example_task_group.py for tasks to queue
[2025-07-06T04:35:23.102+0000] {logging_mixin.py:190} INFO - [2025-07-06T04:35:23.101+0000] {dagbag.py:588} INFO - Filling up the DagBag from /home/airflow/.local/lib/python3.12/site-packages/airflow/example_dags/example_task_group.py
[2025-07-06T04:35:23.112+0000] {processor.py:925} INFO - DAG(s) 'example_task_group' retrieved from /home/airflow/.local/lib/python3.12/site-packages/airflow/example_dags/example_task_group.py
[2025-07-06T04:35:23.138+0000] {logging_mixin.py:190} INFO - [2025-07-06T04:35:23.137+0000] {dag.py:3239} INFO - Sync 1 DAGs
[2025-07-06T04:35:23.155+0000] {logging_mixin.py:190} INFO - [2025-07-06T04:35:23.155+0000] {dag.py:4180} INFO - Setting next_dagrun for example_task_group to None, run_after=None
[2025-07-06T04:35:23.174+0000] {processor.py:208} INFO - Processing /home/airflow/.local/lib/python3.12/site-packages/airflow/example_dags/example_task_group.py took 0.083 seconds
[2025-07-06T04:36:00.526+0000] {processor.py:186} INFO - Started process (PID=337) to work on /home/airflow/.local/lib/python3.12/site-packages/airflow/example_dags/example_task_group.py
[2025-07-06T04:36:00.528+0000] {processor.py:914} INFO - Processing file /home/airflow/.local/lib/python3.12/site-packages/airflow/example_dags/example_task_group.py for tasks to queue
[2025-07-06T04:36:00.536+0000] {logging_mixin.py:190} INFO - [2025-07-06T04:36:00.534+0000] {dagbag.py:588} INFO - Filling up the DagBag from /home/airflow/.local/lib/python3.12/site-packages/airflow/example_dags/example_task_group.py
[2025-07-06T04:36:00.562+0000] {processor.py:925} INFO - DAG(s) 'example_task_group' retrieved from /home/airflow/.local/lib/python3.12/site-packages/airflow/example_dags/example_task_group.py
[2025-07-06T04:36:00.606+0000] {logging_mixin.py:190} INFO - [2025-07-06T04:36:00.605+0000] {dag.py:3239} INFO - Sync 1 DAGs
[2025-07-06T04:36:00.627+0000] {logging_mixin.py:190} INFO - [2025-07-06T04:36:00.626+0000] {dag.py:4180} INFO - Setting next_dagrun for example_task_group to None, run_after=None
[2025-07-06T04:36:00.650+0000] {processor.py:208} INFO - Processing /home/airflow/.local/lib/python3.12/site-packages/airflow/example_dags/example_task_group.py took 0.153 seconds
[2025-07-06T04:36:32.752+0000] {processor.py:186} INFO - Started process (PID=400) to work on /home/airflow/.local/lib/python3.12/site-packages/airflow/example_dags/example_task_group.py
[2025-07-06T04:36:32.756+0000] {processor.py:914} INFO - Processing file /home/airflow/.local/lib/python3.12/site-packages/airflow/example_dags/example_task_group.py for tasks to queue
[2025-07-06T04:36:32.762+0000] {logging_mixin.py:190} INFO - [2025-07-06T04:36:32.761+0000] {dagbag.py:588} INFO - Filling up the DagBag from /home/airflow/.local/lib/python3.12/site-packages/airflow/example_dags/example_task_group.py
[2025-07-06T04:36:32.796+0000] {processor.py:925} INFO - DAG(s) 'example_task_group' retrieved from /home/airflow/.local/lib/python3.12/site-packages/airflow/example_dags/example_task_group.py
[2025-07-06T04:36:32.888+0000] {logging_mixin.py:190} INFO - [2025-07-06T04:36:32.888+0000] {dag.py:3239} INFO - Sync 1 DAGs
[2025-07-06T04:36:33.023+0000] {logging_mixin.py:190} INFO - [2025-07-06T04:36:33.021+0000] {dag.py:4180} INFO - Setting next_dagrun for example_task_group to None, run_after=None
[2025-07-06T04:36:33.145+0000] {processor.py:208} INFO - Processing /home/airflow/.local/lib/python3.12/site-packages/airflow/example_dags/example_task_group.py took 0.412 seconds
[2025-07-06T04:37:03.975+0000] {processor.py:186} INFO - Started process (PID=464) to work on /home/airflow/.local/lib/python3.12/site-packages/airflow/example_dags/example_task_group.py
[2025-07-06T04:37:03.976+0000] {processor.py:914} INFO - Processing file /home/airflow/.local/lib/python3.12/site-packages/airflow/example_dags/example_task_group.py for tasks to queue
[2025-07-06T04:37:03.979+0000] {logging_mixin.py:190} INFO - [2025-07-06T04:37:03.979+0000] {dagbag.py:588} INFO - Filling up the DagBag from /home/airflow/.local/lib/python3.12/site-packages/airflow/example_dags/example_task_group.py
[2025-07-06T04:37:03.989+0000] {processor.py:925} INFO - DAG(s) 'example_task_group' retrieved from /home/airflow/.local/lib/python3.12/site-packages/airflow/example_dags/example_task_group.py
[2025-07-06T04:37:04.047+0000] {logging_mixin.py:190} INFO - [2025-07-06T04:37:04.047+0000] {dag.py:3239} INFO - Sync 1 DAGs
[2025-07-06T04:37:04.092+0000] {logging_mixin.py:190} INFO - [2025-07-06T04:37:04.092+0000] {dag.py:4180} INFO - Setting next_dagrun for example_task_group to None, run_after=None
[2025-07-06T04:37:04.139+0000] {processor.py:208} INFO - Processing /home/airflow/.local/lib/python3.12/site-packages/airflow/example_dags/example_task_group.py took 0.171 seconds
[2025-07-06T04:37:34.560+0000] {processor.py:186} INFO - Started process (PID=527) to work on /home/airflow/.local/lib/python3.12/site-packages/airflow/example_dags/example_task_group.py
[2025-07-06T04:37:34.561+0000] {processor.py:914} INFO - Processing file /home/airflow/.local/lib/python3.12/site-packages/airflow/example_dags/example_task_group.py for tasks to queue
[2025-07-06T04:37:34.564+0000] {logging_mixin.py:190} INFO - [2025-07-06T04:37:34.564+0000] {dagbag.py:588} INFO - Filling up the DagBag from /home/airflow/.local/lib/python3.12/site-packages/airflow/example_dags/example_task_group.py
[2025-07-06T04:37:34.574+0000] {processor.py:925} INFO - DAG(s) 'example_task_group' retrieved from /home/airflow/.local/lib/python3.12/site-packages/airflow/example_dags/example_task_group.py
[2025-07-06T04:37:34.601+0000] {logging_mixin.py:190} INFO - [2025-07-06T04:37:34.601+0000] {dag.py:3239} INFO - Sync 1 DAGs
[2025-07-06T04:37:34.620+0000] {logging_mixin.py:190} INFO - [2025-07-06T04:37:34.619+0000] {dag.py:4180} INFO - Setting next_dagrun for example_task_group to None, run_after=None
[2025-07-06T04:37:34.638+0000] {processor.py:208} INFO - Processing /home/airflow/.local/lib/python3.12/site-packages/airflow/example_dags/example_task_group.py took 0.085 seconds
[2025-07-06T04:38:04.729+0000] {processor.py:186} INFO - Started process (PID=590) to work on /home/airflow/.local/lib/python3.12/site-packages/airflow/example_dags/example_task_group.py
[2025-07-06T04:38:04.730+0000] {processor.py:914} INFO - Processing file /home/airflow/.local/lib/python3.12/site-packages/airflow/example_dags/example_task_group.py for tasks to queue
[2025-07-06T04:38:04.732+0000] {logging_mixin.py:190} INFO - [2025-07-06T04:38:04.732+0000] {dagbag.py:588} INFO - Filling up the DagBag from /home/airflow/.local/lib/python3.12/site-packages/airflow/example_dags/example_task_group.py
[2025-07-06T04:38:04.743+0000] {processor.py:925} INFO - DAG(s) 'example_task_group' retrieved from /home/airflow/.local/lib/python3.12/site-packages/airflow/example_dags/example_task_group.py
[2025-07-06T04:38:04.769+0000] {logging_mixin.py:190} INFO - [2025-07-06T04:38:04.769+0000] {dag.py:3239} INFO - Sync 1 DAGs
[2025-07-06T04:38:04.788+0000] {logging_mixin.py:190} INFO - [2025-07-06T04:38:04.788+0000] {dag.py:4180} INFO - Setting next_dagrun for example_task_group to None, run_after=None
[2025-07-06T04:38:04.818+0000] {processor.py:208} INFO - Processing /home/airflow/.local/lib/python3.12/site-packages/airflow/example_dags/example_task_group.py took 0.096 seconds
[2025-07-06T04:38:35.444+0000] {processor.py:186} INFO - Started process (PID=654) to work on /home/airflow/.local/lib/python3.12/site-packages/airflow/example_dags/example_task_group.py
[2025-07-06T04:38:35.445+0000] {processor.py:914} INFO - Processing file /home/airflow/.local/lib/python3.12/site-packages/airflow/example_dags/example_task_group.py for tasks to queue
[2025-07-06T04:38:35.448+0000] {logging_mixin.py:190} INFO - [2025-07-06T04:38:35.447+0000] {dagbag.py:588} INFO - Filling up the DagBag from /home/airflow/.local/lib/python3.12/site-packages/airflow/example_dags/example_task_group.py
[2025-07-06T04:38:35.459+0000] {processor.py:925} INFO - DAG(s) 'example_task_group' retrieved from /home/airflow/.local/lib/python3.12/site-packages/airflow/example_dags/example_task_group.py
[2025-07-06T04:38:35.485+0000] {logging_mixin.py:190} INFO - [2025-07-06T04:38:35.485+0000] {dag.py:3239} INFO - Sync 1 DAGs
[2025-07-06T04:38:35.502+0000] {logging_mixin.py:190} INFO - [2025-07-06T04:38:35.502+0000] {dag.py:4180} INFO - Setting next_dagrun for example_task_group to None, run_after=None
[2025-07-06T04:38:35.521+0000] {processor.py:208} INFO - Processing /home/airflow/.local/lib/python3.12/site-packages/airflow/example_dags/example_task_group.py took 0.084 seconds
[2025-07-06T04:39:06.113+0000] {processor.py:186} INFO - Started process (PID=718) to work on /home/airflow/.local/lib/python3.12/site-packages/airflow/example_dags/example_task_group.py
[2025-07-06T04:39:06.114+0000] {processor.py:914} INFO - Processing file /home/airflow/.local/lib/python3.12/site-packages/airflow/example_dags/example_task_group.py for tasks to queue
[2025-07-06T04:39:06.118+0000] {logging_mixin.py:190} INFO - [2025-07-06T04:39:06.117+0000] {dagbag.py:588} INFO - Filling up the DagBag from /home/airflow/.local/lib/python3.12/site-packages/airflow/example_dags/example_task_group.py
[2025-07-06T04:39:06.128+0000] {processor.py:925} INFO - DAG(s) 'example_task_group' retrieved from /home/airflow/.local/lib/python3.12/site-packages/airflow/example_dags/example_task_group.py
[2025-07-06T04:39:06.154+0000] {logging_mixin.py:190} INFO - [2025-07-06T04:39:06.154+0000] {dag.py:3239} INFO - Sync 1 DAGs
[2025-07-06T04:39:06.173+0000] {logging_mixin.py:190} INFO - [2025-07-06T04:39:06.173+0000] {dag.py:4180} INFO - Setting next_dagrun for example_task_group to None, run_after=None
[2025-07-06T04:39:06.193+0000] {processor.py:208} INFO - Processing /home/airflow/.local/lib/python3.12/site-packages/airflow/example_dags/example_task_group.py took 0.087 seconds
[2025-07-06T04:39:37.544+0000] {processor.py:186} INFO - Started process (PID=782) to work on /home/airflow/.local/lib/python3.12/site-packages/airflow/example_dags/example_task_group.py
[2025-07-06T04:39:37.545+0000] {processor.py:914} INFO - Processing file /home/airflow/.local/lib/python3.12/site-packages/airflow/example_dags/example_task_group.py for tasks to queue
[2025-07-06T04:39:37.548+0000] {logging_mixin.py:190} INFO - [2025-07-06T04:39:37.547+0000] {dagbag.py:588} INFO - Filling up the DagBag from /home/airflow/.local/lib/python3.12/site-packages/airflow/example_dags/example_task_group.py
[2025-07-06T04:39:37.558+0000] {processor.py:925} INFO - DAG(s) 'example_task_group' retrieved from /home/airflow/.local/lib/python3.12/site-packages/airflow/example_dags/example_task_group.py
[2025-07-06T04:39:37.583+0000] {logging_mixin.py:190} INFO - [2025-07-06T04:39:37.583+0000] {dag.py:3239} INFO - Sync 1 DAGs
[2025-07-06T04:39:37.601+0000] {logging_mixin.py:190} INFO - [2025-07-06T04:39:37.601+0000] {dag.py:4180} INFO - Setting next_dagrun for example_task_group to None, run_after=None
[2025-07-06T04:39:37.620+0000] {processor.py:208} INFO - Processing /home/airflow/.local/lib/python3.12/site-packages/airflow/example_dags/example_task_group.py took 0.083 seconds
[2025-07-06T04:40:10.100+0000] {processor.py:186} INFO - Started process (PID=848) to work on /home/airflow/.local/lib/python3.12/site-packages/airflow/example_dags/example_task_group.py
[2025-07-06T04:40:10.101+0000] {processor.py:914} INFO - Processing file /home/airflow/.local/lib/python3.12/site-packages/airflow/example_dags/example_task_group.py for tasks to queue
[2025-07-06T04:40:10.103+0000] {logging_mixin.py:190} INFO - [2025-07-06T04:40:10.103+0000] {dagbag.py:588} INFO - Filling up the DagBag from /home/airflow/.local/lib/python3.12/site-packages/airflow/example_dags/example_task_group.py
[2025-07-06T04:40:10.114+0000] {processor.py:925} INFO - DAG(s) 'example_task_group' retrieved from /home/airflow/.local/lib/python3.12/site-packages/airflow/example_dags/example_task_group.py
[2025-07-06T04:40:10.142+0000] {logging_mixin.py:190} INFO - [2025-07-06T04:40:10.141+0000] {dag.py:3239} INFO - Sync 1 DAGs
[2025-07-06T04:40:10.161+0000] {logging_mixin.py:190} INFO - [2025-07-06T04:40:10.160+0000] {dag.py:4180} INFO - Setting next_dagrun for example_task_group to None, run_after=None
[2025-07-06T04:40:10.181+0000] {processor.py:208} INFO - Processing /home/airflow/.local/lib/python3.12/site-packages/airflow/example_dags/example_task_group.py took 0.088 seconds
[2025-07-06T04:40:41.792+0000] {processor.py:186} INFO - Started process (PID=913) to work on /home/airflow/.local/lib/python3.12/site-packages/airflow/example_dags/example_task_group.py
[2025-07-06T04:40:41.796+0000] {processor.py:914} INFO - Processing file /home/airflow/.local/lib/python3.12/site-packages/airflow/example_dags/example_task_group.py for tasks to queue
[2025-07-06T04:40:41.803+0000] {logging_mixin.py:190} INFO - [2025-07-06T04:40:41.802+0000] {dagbag.py:588} INFO - Filling up the DagBag from /home/airflow/.local/lib/python3.12/site-packages/airflow/example_dags/example_task_group.py
[2025-07-06T04:40:41.823+0000] {processor.py:925} INFO - DAG(s) 'example_task_group' retrieved from /home/airflow/.local/lib/python3.12/site-packages/airflow/example_dags/example_task_group.py
[2025-07-06T04:40:41.878+0000] {logging_mixin.py:190} INFO - [2025-07-06T04:40:41.877+0000] {dag.py:3239} INFO - Sync 1 DAGs
[2025-07-06T04:40:41.915+0000] {logging_mixin.py:190} INFO - [2025-07-06T04:40:41.914+0000] {dag.py:4180} INFO - Setting next_dagrun for example_task_group to None, run_after=None
[2025-07-06T04:40:41.997+0000] {processor.py:208} INFO - Processing /home/airflow/.local/lib/python3.12/site-packages/airflow/example_dags/example_task_group.py took 0.228 seconds
[2025-07-06T04:41:12.401+0000] {processor.py:186} INFO - Started process (PID=976) to work on /home/airflow/.local/lib/python3.12/site-packages/airflow/example_dags/example_task_group.py
[2025-07-06T04:41:12.404+0000] {processor.py:914} INFO - Processing file /home/airflow/.local/lib/python3.12/site-packages/airflow/example_dags/example_task_group.py for tasks to queue
[2025-07-06T04:41:12.407+0000] {logging_mixin.py:190} INFO - [2025-07-06T04:41:12.407+0000] {dagbag.py:588} INFO - Filling up the DagBag from /home/airflow/.local/lib/python3.12/site-packages/airflow/example_dags/example_task_group.py
[2025-07-06T04:41:12.420+0000] {processor.py:925} INFO - DAG(s) 'example_task_group' retrieved from /home/airflow/.local/lib/python3.12/site-packages/airflow/example_dags/example_task_group.py
[2025-07-06T04:41:12.460+0000] {logging_mixin.py:190} INFO - [2025-07-06T04:41:12.459+0000] {dag.py:3239} INFO - Sync 1 DAGs
[2025-07-06T04:41:12.484+0000] {logging_mixin.py:190} INFO - [2025-07-06T04:41:12.483+0000] {dag.py:4180} INFO - Setting next_dagrun for example_task_group to None, run_after=None
[2025-07-06T04:41:12.518+0000] {processor.py:208} INFO - Processing /home/airflow/.local/lib/python3.12/site-packages/airflow/example_dags/example_task_group.py took 0.124 seconds
[2025-07-06T04:41:42.935+0000] {processor.py:186} INFO - Started process (PID=1040) to work on /home/airflow/.local/lib/python3.12/site-packages/airflow/example_dags/example_task_group.py
[2025-07-06T04:41:42.936+0000] {processor.py:914} INFO - Processing file /home/airflow/.local/lib/python3.12/site-packages/airflow/example_dags/example_task_group.py for tasks to queue
[2025-07-06T04:41:42.938+0000] {logging_mixin.py:190} INFO - [2025-07-06T04:41:42.938+0000] {dagbag.py:588} INFO - Filling up the DagBag from /home/airflow/.local/lib/python3.12/site-packages/airflow/example_dags/example_task_group.py
[2025-07-06T04:41:42.948+0000] {processor.py:925} INFO - DAG(s) 'example_task_group' retrieved from /home/airflow/.local/lib/python3.12/site-packages/airflow/example_dags/example_task_group.py
[2025-07-06T04:41:42.974+0000] {logging_mixin.py:190} INFO - [2025-07-06T04:41:42.974+0000] {dag.py:3239} INFO - Sync 1 DAGs
[2025-07-06T04:41:42.994+0000] {logging_mixin.py:190} INFO - [2025-07-06T04:41:42.994+0000] {dag.py:4180} INFO - Setting next_dagrun for example_task_group to None, run_after=None
[2025-07-06T04:41:43.015+0000] {processor.py:208} INFO - Processing /home/airflow/.local/lib/python3.12/site-packages/airflow/example_dags/example_task_group.py took 0.087 seconds
[2025-07-06T04:42:13.362+0000] {processor.py:186} INFO - Started process (PID=1104) to work on /home/airflow/.local/lib/python3.12/site-packages/airflow/example_dags/example_task_group.py
[2025-07-06T04:42:13.363+0000] {processor.py:914} INFO - Processing file /home/airflow/.local/lib/python3.12/site-packages/airflow/example_dags/example_task_group.py for tasks to queue
[2025-07-06T04:42:13.365+0000] {logging_mixin.py:190} INFO - [2025-07-06T04:42:13.365+0000] {dagbag.py:588} INFO - Filling up the DagBag from /home/airflow/.local/lib/python3.12/site-packages/airflow/example_dags/example_task_group.py
[2025-07-06T04:42:13.376+0000] {processor.py:925} INFO - DAG(s) 'example_task_group' retrieved from /home/airflow/.local/lib/python3.12/site-packages/airflow/example_dags/example_task_group.py
[2025-07-06T04:42:13.406+0000] {logging_mixin.py:190} INFO - [2025-07-06T04:42:13.406+0000] {dag.py:3239} INFO - Sync 1 DAGs
[2025-07-06T04:42:13.424+0000] {logging_mixin.py:190} INFO - [2025-07-06T04:42:13.423+0000] {dag.py:4180} INFO - Setting next_dagrun for example_task_group to None, run_after=None
[2025-07-06T04:42:13.444+0000] {processor.py:208} INFO - Processing /home/airflow/.local/lib/python3.12/site-packages/airflow/example_dags/example_task_group.py took 0.090 seconds
[2025-07-06T04:42:43.662+0000] {processor.py:186} INFO - Started process (PID=1167) to work on /home/airflow/.local/lib/python3.12/site-packages/airflow/example_dags/example_task_group.py
[2025-07-06T04:42:43.665+0000] {processor.py:914} INFO - Processing file /home/airflow/.local/lib/python3.12/site-packages/airflow/example_dags/example_task_group.py for tasks to queue
[2025-07-06T04:42:43.668+0000] {logging_mixin.py:190} INFO - [2025-07-06T04:42:43.667+0000] {dagbag.py:588} INFO - Filling up the DagBag from /home/airflow/.local/lib/python3.12/site-packages/airflow/example_dags/example_task_group.py
[2025-07-06T04:42:43.695+0000] {processor.py:925} INFO - DAG(s) 'example_task_group' retrieved from /home/airflow/.local/lib/python3.12/site-packages/airflow/example_dags/example_task_group.py
[2025-07-06T04:42:43.750+0000] {logging_mixin.py:190} INFO - [2025-07-06T04:42:43.749+0000] {dag.py:3239} INFO - Sync 1 DAGs
[2025-07-06T04:42:43.776+0000] {logging_mixin.py:190} INFO - [2025-07-06T04:42:43.775+0000] {dag.py:4180} INFO - Setting next_dagrun for example_task_group to None, run_after=None
[2025-07-06T04:42:43.834+0000] {processor.py:208} INFO - Processing /home/airflow/.local/lib/python3.12/site-packages/airflow/example_dags/example_task_group.py took 0.179 seconds
[2025-07-06T04:43:14.018+0000] {processor.py:186} INFO - Started process (PID=1230) to work on /home/airflow/.local/lib/python3.12/site-packages/airflow/example_dags/example_task_group.py
[2025-07-06T04:43:14.019+0000] {processor.py:914} INFO - Processing file /home/airflow/.local/lib/python3.12/site-packages/airflow/example_dags/example_task_group.py for tasks to queue
[2025-07-06T04:43:14.021+0000] {logging_mixin.py:190} INFO - [2025-07-06T04:43:14.021+0000] {dagbag.py:588} INFO - Filling up the DagBag from /home/airflow/.local/lib/python3.12/site-packages/airflow/example_dags/example_task_group.py
[2025-07-06T04:43:14.028+0000] {processor.py:925} INFO - DAG(s) 'example_task_group' retrieved from /home/airflow/.local/lib/python3.12/site-packages/airflow/example_dags/example_task_group.py
[2025-07-06T04:43:14.052+0000] {logging_mixin.py:190} INFO - [2025-07-06T04:43:14.051+0000] {dag.py:3239} INFO - Sync 1 DAGs
[2025-07-06T04:43:14.085+0000] {logging_mixin.py:190} INFO - [2025-07-06T04:43:14.084+0000] {dag.py:4180} INFO - Setting next_dagrun for example_task_group to None, run_after=None
[2025-07-06T04:43:14.139+0000] {processor.py:208} INFO - Processing /home/airflow/.local/lib/python3.12/site-packages/airflow/example_dags/example_task_group.py took 0.125 seconds
