[2025-07-06T04:34:00.279+0000] {processor.py:186} INFO - Started process (PID=100) to work on /home/airflow/.local/lib/python3.12/site-packages/airflow/example_dags/example_external_task_marker_dag.py
[2025-07-06T04:34:00.287+0000] {processor.py:914} INFO - Processing file /home/airflow/.local/lib/python3.12/site-packages/airflow/example_dags/example_external_task_marker_dag.py for tasks to queue
[2025-07-06T04:34:00.299+0000] {logging_mixin.py:190} INFO - [2025-07-06T04:34:00.294+0000] {dagbag.py:588} INFO - Filling up the DagBag from /home/airflow/.local/lib/python3.12/site-packages/airflow/example_dags/example_external_task_marker_dag.py
[2025-07-06T04:34:00.338+0000] {processor.py:925} INFO - DAG(s) 'example_external_task_marker_parent', 'example_external_task_marker_child' retrieved from /home/airflow/.local/lib/python3.12/site-packages/airflow/example_dags/example_external_task_marker_dag.py
[2025-07-06T04:34:01.145+0000] {logging_mixin.py:190} INFO - [2025-07-06T04:34:01.144+0000] {override.py:1911} INFO - Created Permission View: can delete on DAG:example_external_task_marker_parent
[2025-07-06T04:34:01.203+0000] {logging_mixin.py:190} INFO - [2025-07-06T04:34:01.203+0000] {override.py:1911} INFO - Created Permission View: can edit on DAG:example_external_task_marker_parent
[2025-07-06T04:34:01.305+0000] {logging_mixin.py:190} INFO - [2025-07-06T04:34:01.287+0000] {override.py:1911} INFO - Created Permission View: can read on DAG:example_external_task_marker_parent
[2025-07-06T04:34:01.420+0000] {logging_mixin.py:190} INFO - [2025-07-06T04:34:01.414+0000] {override.py:1911} INFO - Created Permission View: can delete on DAG Run:example_external_task_marker_parent
[2025-07-06T04:34:01.480+0000] {logging_mixin.py:190} INFO - [2025-07-06T04:34:01.479+0000] {override.py:1911} INFO - Created Permission View: menu access on DAG Run:example_external_task_marker_parent
[2025-07-06T04:34:01.504+0000] {logging_mixin.py:190} INFO - [2025-07-06T04:34:01.503+0000] {override.py:1911} INFO - Created Permission View: can create on DAG Run:example_external_task_marker_parent
[2025-07-06T04:34:01.527+0000] {logging_mixin.py:190} INFO - [2025-07-06T04:34:01.526+0000] {override.py:1911} INFO - Created Permission View: can read on DAG Run:example_external_task_marker_parent
[2025-07-06T04:34:01.568+0000] {logging_mixin.py:190} INFO - [2025-07-06T04:34:01.566+0000] {override.py:1911} INFO - Created Permission View: can delete on DAG:example_external_task_marker_child
[2025-07-06T04:34:01.584+0000] {logging_mixin.py:190} INFO - [2025-07-06T04:34:01.583+0000] {override.py:1911} INFO - Created Permission View: can edit on DAG:example_external_task_marker_child
[2025-07-06T04:34:01.624+0000] {logging_mixin.py:190} INFO - [2025-07-06T04:34:01.623+0000] {override.py:1911} INFO - Created Permission View: can read on DAG:example_external_task_marker_child
[2025-07-06T04:34:01.703+0000] {logging_mixin.py:190} INFO - [2025-07-06T04:34:01.703+0000] {override.py:1911} INFO - Created Permission View: can delete on DAG Run:example_external_task_marker_child
[2025-07-06T04:34:01.771+0000] {logging_mixin.py:190} INFO - [2025-07-06T04:34:01.771+0000] {override.py:1911} INFO - Created Permission View: menu access on DAG Run:example_external_task_marker_child
[2025-07-06T04:34:01.838+0000] {logging_mixin.py:190} INFO - [2025-07-06T04:34:01.837+0000] {override.py:1911} INFO - Created Permission View: can create on DAG Run:example_external_task_marker_child
[2025-07-06T04:34:01.963+0000] {logging_mixin.py:190} INFO - [2025-07-06T04:34:01.962+0000] {override.py:1911} INFO - Created Permission View: can read on DAG Run:example_external_task_marker_child
[2025-07-06T04:34:01.966+0000] {logging_mixin.py:190} INFO - [2025-07-06T04:34:01.965+0000] {dag.py:3239} INFO - Sync 2 DAGs
[2025-07-06T04:34:02.036+0000] {logging_mixin.py:190} INFO - [2025-07-06T04:34:02.035+0000] {dag.py:3262} INFO - Creating ORM DAG for example_external_task_marker_child
[2025-07-06T04:34:02.039+0000] {logging_mixin.py:190} INFO - [2025-07-06T04:34:02.038+0000] {dag.py:3262} INFO - Creating ORM DAG for example_external_task_marker_parent
[2025-07-06T04:34:02.045+0000] {logging_mixin.py:190} INFO - [2025-07-06T04:34:02.044+0000] {dag.py:4180} INFO - Setting next_dagrun for example_external_task_marker_child to None, run_after=None
[2025-07-06T04:34:02.052+0000] {logging_mixin.py:190} INFO - [2025-07-06T04:34:02.047+0000] {dag.py:4180} INFO - Setting next_dagrun for example_external_task_marker_parent to None, run_after=None
[2025-07-06T04:34:02.148+0000] {processor.py:208} INFO - Processing /home/airflow/.local/lib/python3.12/site-packages/airflow/example_dags/example_external_task_marker_dag.py took 1.888 seconds
[2025-07-06T04:34:32.846+0000] {processor.py:186} INFO - Started process (PID=162) to work on /home/airflow/.local/lib/python3.12/site-packages/airflow/example_dags/example_external_task_marker_dag.py
[2025-07-06T04:34:32.847+0000] {processor.py:914} INFO - Processing file /home/airflow/.local/lib/python3.12/site-packages/airflow/example_dags/example_external_task_marker_dag.py for tasks to queue
[2025-07-06T04:34:32.851+0000] {logging_mixin.py:190} INFO - [2025-07-06T04:34:32.851+0000] {dagbag.py:588} INFO - Filling up the DagBag from /home/airflow/.local/lib/python3.12/site-packages/airflow/example_dags/example_external_task_marker_dag.py
[2025-07-06T04:34:32.865+0000] {processor.py:925} INFO - DAG(s) 'example_external_task_marker_child', 'example_external_task_marker_parent' retrieved from /home/airflow/.local/lib/python3.12/site-packages/airflow/example_dags/example_external_task_marker_dag.py
[2025-07-06T04:34:32.897+0000] {logging_mixin.py:190} INFO - [2025-07-06T04:34:32.897+0000] {dag.py:3239} INFO - Sync 2 DAGs
[2025-07-06T04:34:32.916+0000] {logging_mixin.py:190} INFO - [2025-07-06T04:34:32.916+0000] {dag.py:4180} INFO - Setting next_dagrun for example_external_task_marker_child to None, run_after=None
[2025-07-06T04:34:32.922+0000] {logging_mixin.py:190} INFO - [2025-07-06T04:34:32.921+0000] {dag.py:4180} INFO - Setting next_dagrun for example_external_task_marker_parent to None, run_after=None
[2025-07-06T04:34:32.936+0000] {processor.py:208} INFO - Processing /home/airflow/.local/lib/python3.12/site-packages/airflow/example_dags/example_external_task_marker_dag.py took 0.097 seconds
[2025-07-06T04:35:03.375+0000] {processor.py:186} INFO - Started process (PID=225) to work on /home/airflow/.local/lib/python3.12/site-packages/airflow/example_dags/example_external_task_marker_dag.py
[2025-07-06T04:35:03.376+0000] {processor.py:914} INFO - Processing file /home/airflow/.local/lib/python3.12/site-packages/airflow/example_dags/example_external_task_marker_dag.py for tasks to queue
[2025-07-06T04:35:03.378+0000] {logging_mixin.py:190} INFO - [2025-07-06T04:35:03.378+0000] {dagbag.py:588} INFO - Filling up the DagBag from /home/airflow/.local/lib/python3.12/site-packages/airflow/example_dags/example_external_task_marker_dag.py
[2025-07-06T04:35:03.387+0000] {processor.py:925} INFO - DAG(s) 'example_external_task_marker_parent', 'example_external_task_marker_child' retrieved from /home/airflow/.local/lib/python3.12/site-packages/airflow/example_dags/example_external_task_marker_dag.py
[2025-07-06T04:35:03.408+0000] {logging_mixin.py:190} INFO - [2025-07-06T04:35:03.408+0000] {dag.py:3239} INFO - Sync 2 DAGs
[2025-07-06T04:35:03.421+0000] {logging_mixin.py:190} INFO - [2025-07-06T04:35:03.420+0000] {dag.py:4180} INFO - Setting next_dagrun for example_external_task_marker_child to None, run_after=None
[2025-07-06T04:35:03.424+0000] {logging_mixin.py:190} INFO - [2025-07-06T04:35:03.424+0000] {dag.py:4180} INFO - Setting next_dagrun for example_external_task_marker_parent to None, run_after=None
[2025-07-06T04:35:03.437+0000] {processor.py:208} INFO - Processing /home/airflow/.local/lib/python3.12/site-packages/airflow/example_dags/example_external_task_marker_dag.py took 0.069 seconds
[2025-07-06T04:35:34.301+0000] {processor.py:186} INFO - Started process (PID=287) to work on /home/airflow/.local/lib/python3.12/site-packages/airflow/example_dags/example_external_task_marker_dag.py
[2025-07-06T04:35:34.302+0000] {processor.py:914} INFO - Processing file /home/airflow/.local/lib/python3.12/site-packages/airflow/example_dags/example_external_task_marker_dag.py for tasks to queue
[2025-07-06T04:35:34.303+0000] {logging_mixin.py:190} INFO - [2025-07-06T04:35:34.303+0000] {dagbag.py:588} INFO - Filling up the DagBag from /home/airflow/.local/lib/python3.12/site-packages/airflow/example_dags/example_external_task_marker_dag.py
[2025-07-06T04:35:34.310+0000] {processor.py:925} INFO - DAG(s) 'example_external_task_marker_parent', 'example_external_task_marker_child' retrieved from /home/airflow/.local/lib/python3.12/site-packages/airflow/example_dags/example_external_task_marker_dag.py
[2025-07-06T04:35:34.330+0000] {logging_mixin.py:190} INFO - [2025-07-06T04:35:34.330+0000] {dag.py:3239} INFO - Sync 2 DAGs
[2025-07-06T04:35:34.343+0000] {logging_mixin.py:190} INFO - [2025-07-06T04:35:34.343+0000] {dag.py:4180} INFO - Setting next_dagrun for example_external_task_marker_child to None, run_after=None
[2025-07-06T04:35:34.347+0000] {logging_mixin.py:190} INFO - [2025-07-06T04:35:34.346+0000] {dag.py:4180} INFO - Setting next_dagrun for example_external_task_marker_parent to None, run_after=None
[2025-07-06T04:35:34.360+0000] {processor.py:208} INFO - Processing /home/airflow/.local/lib/python3.12/site-packages/airflow/example_dags/example_external_task_marker_dag.py took 0.064 seconds
[2025-07-06T04:36:04.462+0000] {processor.py:186} INFO - Started process (PID=350) to work on /home/airflow/.local/lib/python3.12/site-packages/airflow/example_dags/example_external_task_marker_dag.py
[2025-07-06T04:36:04.462+0000] {processor.py:914} INFO - Processing file /home/airflow/.local/lib/python3.12/site-packages/airflow/example_dags/example_external_task_marker_dag.py for tasks to queue
[2025-07-06T04:36:04.464+0000] {logging_mixin.py:190} INFO - [2025-07-06T04:36:04.464+0000] {dagbag.py:588} INFO - Filling up the DagBag from /home/airflow/.local/lib/python3.12/site-packages/airflow/example_dags/example_external_task_marker_dag.py
[2025-07-06T04:36:04.471+0000] {processor.py:925} INFO - DAG(s) 'example_external_task_marker_child', 'example_external_task_marker_parent' retrieved from /home/airflow/.local/lib/python3.12/site-packages/airflow/example_dags/example_external_task_marker_dag.py
[2025-07-06T04:36:04.491+0000] {logging_mixin.py:190} INFO - [2025-07-06T04:36:04.490+0000] {dag.py:3239} INFO - Sync 2 DAGs
[2025-07-06T04:36:04.505+0000] {logging_mixin.py:190} INFO - [2025-07-06T04:36:04.504+0000] {dag.py:4180} INFO - Setting next_dagrun for example_external_task_marker_child to None, run_after=None
[2025-07-06T04:36:04.508+0000] {logging_mixin.py:190} INFO - [2025-07-06T04:36:04.508+0000] {dag.py:4180} INFO - Setting next_dagrun for example_external_task_marker_parent to None, run_after=None
[2025-07-06T04:36:04.522+0000] {processor.py:208} INFO - Processing /home/airflow/.local/lib/python3.12/site-packages/airflow/example_dags/example_external_task_marker_dag.py took 0.065 seconds
[2025-07-06T04:36:36.994+0000] {processor.py:186} INFO - Started process (PID=413) to work on /home/airflow/.local/lib/python3.12/site-packages/airflow/example_dags/example_external_task_marker_dag.py
[2025-07-06T04:36:37.001+0000] {processor.py:914} INFO - Processing file /home/airflow/.local/lib/python3.12/site-packages/airflow/example_dags/example_external_task_marker_dag.py for tasks to queue
[2025-07-06T04:36:37.008+0000] {logging_mixin.py:190} INFO - [2025-07-06T04:36:37.008+0000] {dagbag.py:588} INFO - Filling up the DagBag from /home/airflow/.local/lib/python3.12/site-packages/airflow/example_dags/example_external_task_marker_dag.py
[2025-07-06T04:36:37.041+0000] {processor.py:925} INFO - DAG(s) 'example_external_task_marker_child', 'example_external_task_marker_parent' retrieved from /home/airflow/.local/lib/python3.12/site-packages/airflow/example_dags/example_external_task_marker_dag.py
[2025-07-06T04:36:37.116+0000] {logging_mixin.py:190} INFO - [2025-07-06T04:36:37.115+0000] {dag.py:3239} INFO - Sync 2 DAGs
[2025-07-06T04:36:37.173+0000] {logging_mixin.py:190} INFO - [2025-07-06T04:36:37.173+0000] {dag.py:4180} INFO - Setting next_dagrun for example_external_task_marker_child to None, run_after=None
[2025-07-06T04:36:37.187+0000] {logging_mixin.py:190} INFO - [2025-07-06T04:36:37.187+0000] {dag.py:4180} INFO - Setting next_dagrun for example_external_task_marker_parent to None, run_after=None
[2025-07-06T04:36:37.250+0000] {processor.py:208} INFO - Processing /home/airflow/.local/lib/python3.12/site-packages/airflow/example_dags/example_external_task_marker_dag.py took 0.279 seconds
[2025-07-06T04:37:09.986+0000] {processor.py:186} INFO - Started process (PID=476) to work on /home/airflow/.local/lib/python3.12/site-packages/airflow/example_dags/example_external_task_marker_dag.py
[2025-07-06T04:37:09.986+0000] {processor.py:914} INFO - Processing file /home/airflow/.local/lib/python3.12/site-packages/airflow/example_dags/example_external_task_marker_dag.py for tasks to queue
[2025-07-06T04:37:09.992+0000] {logging_mixin.py:190} INFO - [2025-07-06T04:37:09.991+0000] {dagbag.py:588} INFO - Filling up the DagBag from /home/airflow/.local/lib/python3.12/site-packages/airflow/example_dags/example_external_task_marker_dag.py
[2025-07-06T04:37:10.042+0000] {processor.py:925} INFO - DAG(s) 'example_external_task_marker_child', 'example_external_task_marker_parent' retrieved from /home/airflow/.local/lib/python3.12/site-packages/airflow/example_dags/example_external_task_marker_dag.py
[2025-07-06T04:37:10.161+0000] {logging_mixin.py:190} INFO - [2025-07-06T04:37:10.158+0000] {dag.py:3239} INFO - Sync 2 DAGs
[2025-07-06T04:37:10.232+0000] {logging_mixin.py:190} INFO - [2025-07-06T04:37:10.232+0000] {dag.py:4180} INFO - Setting next_dagrun for example_external_task_marker_child to None, run_after=None
[2025-07-06T04:37:10.251+0000] {logging_mixin.py:190} INFO - [2025-07-06T04:37:10.251+0000] {dag.py:4180} INFO - Setting next_dagrun for example_external_task_marker_parent to None, run_after=None
[2025-07-06T04:37:10.317+0000] {processor.py:208} INFO - Processing /home/airflow/.local/lib/python3.12/site-packages/airflow/example_dags/example_external_task_marker_dag.py took 0.366 seconds
[2025-07-06T04:37:40.754+0000] {processor.py:186} INFO - Started process (PID=538) to work on /home/airflow/.local/lib/python3.12/site-packages/airflow/example_dags/example_external_task_marker_dag.py
[2025-07-06T04:37:40.754+0000] {processor.py:914} INFO - Processing file /home/airflow/.local/lib/python3.12/site-packages/airflow/example_dags/example_external_task_marker_dag.py for tasks to queue
[2025-07-06T04:37:40.756+0000] {logging_mixin.py:190} INFO - [2025-07-06T04:37:40.756+0000] {dagbag.py:588} INFO - Filling up the DagBag from /home/airflow/.local/lib/python3.12/site-packages/airflow/example_dags/example_external_task_marker_dag.py
[2025-07-06T04:37:40.763+0000] {processor.py:925} INFO - DAG(s) 'example_external_task_marker_child', 'example_external_task_marker_parent' retrieved from /home/airflow/.local/lib/python3.12/site-packages/airflow/example_dags/example_external_task_marker_dag.py
[2025-07-06T04:37:40.785+0000] {logging_mixin.py:190} INFO - [2025-07-06T04:37:40.785+0000] {dag.py:3239} INFO - Sync 2 DAGs
[2025-07-06T04:37:40.805+0000] {logging_mixin.py:190} INFO - [2025-07-06T04:37:40.805+0000] {dag.py:4180} INFO - Setting next_dagrun for example_external_task_marker_child to None, run_after=None
[2025-07-06T04:37:40.810+0000] {logging_mixin.py:190} INFO - [2025-07-06T04:37:40.810+0000] {dag.py:4180} INFO - Setting next_dagrun for example_external_task_marker_parent to None, run_after=None
[2025-07-06T04:37:40.831+0000] {processor.py:208} INFO - Processing /home/airflow/.local/lib/python3.12/site-packages/airflow/example_dags/example_external_task_marker_dag.py took 0.082 seconds
[2025-07-06T04:38:11.249+0000] {processor.py:186} INFO - Started process (PID=601) to work on /home/airflow/.local/lib/python3.12/site-packages/airflow/example_dags/example_external_task_marker_dag.py
[2025-07-06T04:38:11.250+0000] {processor.py:914} INFO - Processing file /home/airflow/.local/lib/python3.12/site-packages/airflow/example_dags/example_external_task_marker_dag.py for tasks to queue
[2025-07-06T04:38:11.253+0000] {logging_mixin.py:190} INFO - [2025-07-06T04:38:11.253+0000] {dagbag.py:588} INFO - Filling up the DagBag from /home/airflow/.local/lib/python3.12/site-packages/airflow/example_dags/example_external_task_marker_dag.py
[2025-07-06T04:38:11.268+0000] {processor.py:925} INFO - DAG(s) 'example_external_task_marker_child', 'example_external_task_marker_parent' retrieved from /home/airflow/.local/lib/python3.12/site-packages/airflow/example_dags/example_external_task_marker_dag.py
[2025-07-06T04:38:11.295+0000] {logging_mixin.py:190} INFO - [2025-07-06T04:38:11.295+0000] {dag.py:3239} INFO - Sync 2 DAGs
[2025-07-06T04:38:11.315+0000] {logging_mixin.py:190} INFO - [2025-07-06T04:38:11.315+0000] {dag.py:4180} INFO - Setting next_dagrun for example_external_task_marker_child to None, run_after=None
[2025-07-06T04:38:11.320+0000] {logging_mixin.py:190} INFO - [2025-07-06T04:38:11.320+0000] {dag.py:4180} INFO - Setting next_dagrun for example_external_task_marker_parent to None, run_after=None
[2025-07-06T04:38:11.338+0000] {processor.py:208} INFO - Processing /home/airflow/.local/lib/python3.12/site-packages/airflow/example_dags/example_external_task_marker_dag.py took 0.095 seconds
[2025-07-06T04:38:41.876+0000] {processor.py:186} INFO - Started process (PID=664) to work on /home/airflow/.local/lib/python3.12/site-packages/airflow/example_dags/example_external_task_marker_dag.py
[2025-07-06T04:38:41.876+0000] {processor.py:914} INFO - Processing file /home/airflow/.local/lib/python3.12/site-packages/airflow/example_dags/example_external_task_marker_dag.py for tasks to queue
[2025-07-06T04:38:41.878+0000] {logging_mixin.py:190} INFO - [2025-07-06T04:38:41.878+0000] {dagbag.py:588} INFO - Filling up the DagBag from /home/airflow/.local/lib/python3.12/site-packages/airflow/example_dags/example_external_task_marker_dag.py
[2025-07-06T04:38:41.885+0000] {processor.py:925} INFO - DAG(s) 'example_external_task_marker_child', 'example_external_task_marker_parent' retrieved from /home/airflow/.local/lib/python3.12/site-packages/airflow/example_dags/example_external_task_marker_dag.py
[2025-07-06T04:38:41.906+0000] {logging_mixin.py:190} INFO - [2025-07-06T04:38:41.906+0000] {dag.py:3239} INFO - Sync 2 DAGs
[2025-07-06T04:38:41.919+0000] {logging_mixin.py:190} INFO - [2025-07-06T04:38:41.919+0000] {dag.py:4180} INFO - Setting next_dagrun for example_external_task_marker_child to None, run_after=None
[2025-07-06T04:38:41.922+0000] {logging_mixin.py:190} INFO - [2025-07-06T04:38:41.922+0000] {dag.py:4180} INFO - Setting next_dagrun for example_external_task_marker_parent to None, run_after=None
[2025-07-06T04:38:41.939+0000] {processor.py:208} INFO - Processing /home/airflow/.local/lib/python3.12/site-packages/airflow/example_dags/example_external_task_marker_dag.py took 0.068 seconds
[2025-07-06T04:39:12.674+0000] {processor.py:186} INFO - Started process (PID=728) to work on /home/airflow/.local/lib/python3.12/site-packages/airflow/example_dags/example_external_task_marker_dag.py
[2025-07-06T04:39:12.675+0000] {processor.py:914} INFO - Processing file /home/airflow/.local/lib/python3.12/site-packages/airflow/example_dags/example_external_task_marker_dag.py for tasks to queue
[2025-07-06T04:39:12.677+0000] {logging_mixin.py:190} INFO - [2025-07-06T04:39:12.677+0000] {dagbag.py:588} INFO - Filling up the DagBag from /home/airflow/.local/lib/python3.12/site-packages/airflow/example_dags/example_external_task_marker_dag.py
[2025-07-06T04:39:12.683+0000] {processor.py:925} INFO - DAG(s) 'example_external_task_marker_child', 'example_external_task_marker_parent' retrieved from /home/airflow/.local/lib/python3.12/site-packages/airflow/example_dags/example_external_task_marker_dag.py
[2025-07-06T04:39:12.705+0000] {logging_mixin.py:190} INFO - [2025-07-06T04:39:12.704+0000] {dag.py:3239} INFO - Sync 2 DAGs
[2025-07-06T04:39:12.718+0000] {logging_mixin.py:190} INFO - [2025-07-06T04:39:12.717+0000] {dag.py:4180} INFO - Setting next_dagrun for example_external_task_marker_child to None, run_after=None
[2025-07-06T04:39:12.721+0000] {logging_mixin.py:190} INFO - [2025-07-06T04:39:12.721+0000] {dag.py:4180} INFO - Setting next_dagrun for example_external_task_marker_parent to None, run_after=None
[2025-07-06T04:39:12.735+0000] {processor.py:208} INFO - Processing /home/airflow/.local/lib/python3.12/site-packages/airflow/example_dags/example_external_task_marker_dag.py took 0.065 seconds
[2025-07-06T04:39:42.980+0000] {processor.py:186} INFO - Started process (PID=792) to work on /home/airflow/.local/lib/python3.12/site-packages/airflow/example_dags/example_external_task_marker_dag.py
[2025-07-06T04:39:42.981+0000] {processor.py:914} INFO - Processing file /home/airflow/.local/lib/python3.12/site-packages/airflow/example_dags/example_external_task_marker_dag.py for tasks to queue
[2025-07-06T04:39:42.983+0000] {logging_mixin.py:190} INFO - [2025-07-06T04:39:42.982+0000] {dagbag.py:588} INFO - Filling up the DagBag from /home/airflow/.local/lib/python3.12/site-packages/airflow/example_dags/example_external_task_marker_dag.py
[2025-07-06T04:39:42.990+0000] {processor.py:925} INFO - DAG(s) 'example_external_task_marker_parent', 'example_external_task_marker_child' retrieved from /home/airflow/.local/lib/python3.12/site-packages/airflow/example_dags/example_external_task_marker_dag.py
[2025-07-06T04:39:43.022+0000] {logging_mixin.py:190} INFO - [2025-07-06T04:39:43.022+0000] {dag.py:3239} INFO - Sync 2 DAGs
[2025-07-06T04:39:43.036+0000] {logging_mixin.py:190} INFO - [2025-07-06T04:39:43.036+0000] {dag.py:4180} INFO - Setting next_dagrun for example_external_task_marker_child to None, run_after=None
[2025-07-06T04:39:43.041+0000] {logging_mixin.py:190} INFO - [2025-07-06T04:39:43.041+0000] {dag.py:4180} INFO - Setting next_dagrun for example_external_task_marker_parent to None, run_after=None
[2025-07-06T04:39:43.057+0000] {processor.py:208} INFO - Processing /home/airflow/.local/lib/python3.12/site-packages/airflow/example_dags/example_external_task_marker_dag.py took 0.082 seconds
[2025-07-06T04:40:13.696+0000] {processor.py:186} INFO - Started process (PID=856) to work on /home/airflow/.local/lib/python3.12/site-packages/airflow/example_dags/example_external_task_marker_dag.py
[2025-07-06T04:40:13.696+0000] {processor.py:914} INFO - Processing file /home/airflow/.local/lib/python3.12/site-packages/airflow/example_dags/example_external_task_marker_dag.py for tasks to queue
[2025-07-06T04:40:13.699+0000] {logging_mixin.py:190} INFO - [2025-07-06T04:40:13.698+0000] {dagbag.py:588} INFO - Filling up the DagBag from /home/airflow/.local/lib/python3.12/site-packages/airflow/example_dags/example_external_task_marker_dag.py
[2025-07-06T04:40:13.707+0000] {processor.py:925} INFO - DAG(s) 'example_external_task_marker_child', 'example_external_task_marker_parent' retrieved from /home/airflow/.local/lib/python3.12/site-packages/airflow/example_dags/example_external_task_marker_dag.py
[2025-07-06T04:40:13.726+0000] {logging_mixin.py:190} INFO - [2025-07-06T04:40:13.726+0000] {dag.py:3239} INFO - Sync 2 DAGs
[2025-07-06T04:40:13.739+0000] {logging_mixin.py:190} INFO - [2025-07-06T04:40:13.739+0000] {dag.py:4180} INFO - Setting next_dagrun for example_external_task_marker_child to None, run_after=None
[2025-07-06T04:40:13.743+0000] {logging_mixin.py:190} INFO - [2025-07-06T04:40:13.743+0000] {dag.py:4180} INFO - Setting next_dagrun for example_external_task_marker_parent to None, run_after=None
[2025-07-06T04:40:13.757+0000] {processor.py:208} INFO - Processing /home/airflow/.local/lib/python3.12/site-packages/airflow/example_dags/example_external_task_marker_dag.py took 0.066 seconds
[2025-07-06T04:40:44.561+0000] {processor.py:186} INFO - Started process (PID=920) to work on /home/airflow/.local/lib/python3.12/site-packages/airflow/example_dags/example_external_task_marker_dag.py
[2025-07-06T04:40:44.562+0000] {processor.py:914} INFO - Processing file /home/airflow/.local/lib/python3.12/site-packages/airflow/example_dags/example_external_task_marker_dag.py for tasks to queue
[2025-07-06T04:40:44.564+0000] {logging_mixin.py:190} INFO - [2025-07-06T04:40:44.564+0000] {dagbag.py:588} INFO - Filling up the DagBag from /home/airflow/.local/lib/python3.12/site-packages/airflow/example_dags/example_external_task_marker_dag.py
[2025-07-06T04:40:44.573+0000] {processor.py:925} INFO - DAG(s) 'example_external_task_marker_parent', 'example_external_task_marker_child' retrieved from /home/airflow/.local/lib/python3.12/site-packages/airflow/example_dags/example_external_task_marker_dag.py
[2025-07-06T04:40:44.602+0000] {logging_mixin.py:190} INFO - [2025-07-06T04:40:44.601+0000] {dag.py:3239} INFO - Sync 2 DAGs
[2025-07-06T04:40:44.621+0000] {logging_mixin.py:190} INFO - [2025-07-06T04:40:44.620+0000] {dag.py:4180} INFO - Setting next_dagrun for example_external_task_marker_child to None, run_after=None
[2025-07-06T04:40:44.626+0000] {logging_mixin.py:190} INFO - [2025-07-06T04:40:44.625+0000] {dag.py:4180} INFO - Setting next_dagrun for example_external_task_marker_parent to None, run_after=None
[2025-07-06T04:40:44.650+0000] {processor.py:208} INFO - Processing /home/airflow/.local/lib/python3.12/site-packages/airflow/example_dags/example_external_task_marker_dag.py took 0.096 seconds
[2025-07-06T04:41:14.792+0000] {processor.py:186} INFO - Started process (PID=984) to work on /home/airflow/.local/lib/python3.12/site-packages/airflow/example_dags/example_external_task_marker_dag.py
[2025-07-06T04:41:14.793+0000] {processor.py:914} INFO - Processing file /home/airflow/.local/lib/python3.12/site-packages/airflow/example_dags/example_external_task_marker_dag.py for tasks to queue
[2025-07-06T04:41:14.795+0000] {logging_mixin.py:190} INFO - [2025-07-06T04:41:14.795+0000] {dagbag.py:588} INFO - Filling up the DagBag from /home/airflow/.local/lib/python3.12/site-packages/airflow/example_dags/example_external_task_marker_dag.py
[2025-07-06T04:41:14.805+0000] {processor.py:925} INFO - DAG(s) 'example_external_task_marker_child', 'example_external_task_marker_parent' retrieved from /home/airflow/.local/lib/python3.12/site-packages/airflow/example_dags/example_external_task_marker_dag.py
[2025-07-06T04:41:14.833+0000] {logging_mixin.py:190} INFO - [2025-07-06T04:41:14.833+0000] {dag.py:3239} INFO - Sync 2 DAGs
[2025-07-06T04:41:14.853+0000] {logging_mixin.py:190} INFO - [2025-07-06T04:41:14.852+0000] {dag.py:4180} INFO - Setting next_dagrun for example_external_task_marker_child to None, run_after=None
[2025-07-06T04:41:14.858+0000] {logging_mixin.py:190} INFO - [2025-07-06T04:41:14.857+0000] {dag.py:4180} INFO - Setting next_dagrun for example_external_task_marker_parent to None, run_after=None
[2025-07-06T04:41:14.875+0000] {processor.py:208} INFO - Processing /home/airflow/.local/lib/python3.12/site-packages/airflow/example_dags/example_external_task_marker_dag.py took 0.091 seconds
[2025-07-06T04:41:45.333+0000] {processor.py:186} INFO - Started process (PID=1047) to work on /home/airflow/.local/lib/python3.12/site-packages/airflow/example_dags/example_external_task_marker_dag.py
[2025-07-06T04:41:45.333+0000] {processor.py:914} INFO - Processing file /home/airflow/.local/lib/python3.12/site-packages/airflow/example_dags/example_external_task_marker_dag.py for tasks to queue
[2025-07-06T04:41:45.336+0000] {logging_mixin.py:190} INFO - [2025-07-06T04:41:45.335+0000] {dagbag.py:588} INFO - Filling up the DagBag from /home/airflow/.local/lib/python3.12/site-packages/airflow/example_dags/example_external_task_marker_dag.py
[2025-07-06T04:41:45.344+0000] {processor.py:925} INFO - DAG(s) 'example_external_task_marker_child', 'example_external_task_marker_parent' retrieved from /home/airflow/.local/lib/python3.12/site-packages/airflow/example_dags/example_external_task_marker_dag.py
[2025-07-06T04:41:45.373+0000] {logging_mixin.py:190} INFO - [2025-07-06T04:41:45.373+0000] {dag.py:3239} INFO - Sync 2 DAGs
[2025-07-06T04:41:45.392+0000] {logging_mixin.py:190} INFO - [2025-07-06T04:41:45.392+0000] {dag.py:4180} INFO - Setting next_dagrun for example_external_task_marker_child to None, run_after=None
[2025-07-06T04:41:45.397+0000] {logging_mixin.py:190} INFO - [2025-07-06T04:41:45.397+0000] {dag.py:4180} INFO - Setting next_dagrun for example_external_task_marker_parent to None, run_after=None
[2025-07-06T04:41:45.416+0000] {processor.py:208} INFO - Processing /home/airflow/.local/lib/python3.12/site-packages/airflow/example_dags/example_external_task_marker_dag.py took 0.089 seconds
[2025-07-06T04:42:15.729+0000] {processor.py:186} INFO - Started process (PID=1111) to work on /home/airflow/.local/lib/python3.12/site-packages/airflow/example_dags/example_external_task_marker_dag.py
[2025-07-06T04:42:15.729+0000] {processor.py:914} INFO - Processing file /home/airflow/.local/lib/python3.12/site-packages/airflow/example_dags/example_external_task_marker_dag.py for tasks to queue
[2025-07-06T04:42:15.731+0000] {logging_mixin.py:190} INFO - [2025-07-06T04:42:15.731+0000] {dagbag.py:588} INFO - Filling up the DagBag from /home/airflow/.local/lib/python3.12/site-packages/airflow/example_dags/example_external_task_marker_dag.py
[2025-07-06T04:42:15.738+0000] {processor.py:925} INFO - DAG(s) 'example_external_task_marker_parent', 'example_external_task_marker_child' retrieved from /home/airflow/.local/lib/python3.12/site-packages/airflow/example_dags/example_external_task_marker_dag.py
[2025-07-06T04:42:15.757+0000] {logging_mixin.py:190} INFO - [2025-07-06T04:42:15.756+0000] {dag.py:3239} INFO - Sync 2 DAGs
[2025-07-06T04:42:15.770+0000] {logging_mixin.py:190} INFO - [2025-07-06T04:42:15.769+0000] {dag.py:4180} INFO - Setting next_dagrun for example_external_task_marker_child to None, run_after=None
[2025-07-06T04:42:15.773+0000] {logging_mixin.py:190} INFO - [2025-07-06T04:42:15.773+0000] {dag.py:4180} INFO - Setting next_dagrun for example_external_task_marker_parent to None, run_after=None
[2025-07-06T04:42:15.787+0000] {processor.py:208} INFO - Processing /home/airflow/.local/lib/python3.12/site-packages/airflow/example_dags/example_external_task_marker_dag.py took 0.064 seconds
[2025-07-06T04:42:46.211+0000] {processor.py:186} INFO - Started process (PID=1174) to work on /home/airflow/.local/lib/python3.12/site-packages/airflow/example_dags/example_external_task_marker_dag.py
[2025-07-06T04:42:46.212+0000] {processor.py:914} INFO - Processing file /home/airflow/.local/lib/python3.12/site-packages/airflow/example_dags/example_external_task_marker_dag.py for tasks to queue
[2025-07-06T04:42:46.215+0000] {logging_mixin.py:190} INFO - [2025-07-06T04:42:46.215+0000] {dagbag.py:588} INFO - Filling up the DagBag from /home/airflow/.local/lib/python3.12/site-packages/airflow/example_dags/example_external_task_marker_dag.py
[2025-07-06T04:42:46.223+0000] {processor.py:925} INFO - DAG(s) 'example_external_task_marker_child', 'example_external_task_marker_parent' retrieved from /home/airflow/.local/lib/python3.12/site-packages/airflow/example_dags/example_external_task_marker_dag.py
[2025-07-06T04:42:46.242+0000] {logging_mixin.py:190} INFO - [2025-07-06T04:42:46.242+0000] {dag.py:3239} INFO - Sync 2 DAGs
[2025-07-06T04:42:46.255+0000] {logging_mixin.py:190} INFO - [2025-07-06T04:42:46.255+0000] {dag.py:4180} INFO - Setting next_dagrun for example_external_task_marker_child to None, run_after=None
[2025-07-06T04:42:46.259+0000] {logging_mixin.py:190} INFO - [2025-07-06T04:42:46.259+0000] {dag.py:4180} INFO - Setting next_dagrun for example_external_task_marker_parent to None, run_after=None
[2025-07-06T04:42:46.272+0000] {processor.py:208} INFO - Processing /home/airflow/.local/lib/python3.12/site-packages/airflow/example_dags/example_external_task_marker_dag.py took 0.066 seconds
[2025-07-06T04:43:16.435+0000] {processor.py:186} INFO - Started process (PID=1238) to work on /home/airflow/.local/lib/python3.12/site-packages/airflow/example_dags/example_external_task_marker_dag.py
[2025-07-06T04:43:16.436+0000] {processor.py:914} INFO - Processing file /home/airflow/.local/lib/python3.12/site-packages/airflow/example_dags/example_external_task_marker_dag.py for tasks to queue
[2025-07-06T04:43:16.437+0000] {logging_mixin.py:190} INFO - [2025-07-06T04:43:16.437+0000] {dagbag.py:588} INFO - Filling up the DagBag from /home/airflow/.local/lib/python3.12/site-packages/airflow/example_dags/example_external_task_marker_dag.py
[2025-07-06T04:43:16.444+0000] {processor.py:925} INFO - DAG(s) 'example_external_task_marker_parent', 'example_external_task_marker_child' retrieved from /home/airflow/.local/lib/python3.12/site-packages/airflow/example_dags/example_external_task_marker_dag.py
[2025-07-06T04:43:16.464+0000] {logging_mixin.py:190} INFO - [2025-07-06T04:43:16.463+0000] {dag.py:3239} INFO - Sync 2 DAGs
[2025-07-06T04:43:16.477+0000] {logging_mixin.py:190} INFO - [2025-07-06T04:43:16.477+0000] {dag.py:4180} INFO - Setting next_dagrun for example_external_task_marker_child to None, run_after=None
[2025-07-06T04:43:16.481+0000] {logging_mixin.py:190} INFO - [2025-07-06T04:43:16.480+0000] {dag.py:4180} INFO - Setting next_dagrun for example_external_task_marker_parent to None, run_after=None
[2025-07-06T04:43:16.494+0000] {processor.py:208} INFO - Processing /home/airflow/.local/lib/python3.12/site-packages/airflow/example_dags/example_external_task_marker_dag.py took 0.065 seconds
