[2025-07-06T04:34:18.689+0000] {processor.py:186} INFO - Started process (PID=124) to work on /home/airflow/.local/lib/python3.12/site-packages/airflow/example_dags/example_branch_datetime_operator.py
[2025-07-06T04:34:18.690+0000] {processor.py:914} INFO - Processing file /home/airflow/.local/lib/python3.12/site-packages/airflow/example_dags/example_branch_datetime_operator.py for tasks to queue
[2025-07-06T04:34:18.695+0000] {logging_mixin.py:190} INFO - [2025-07-06T04:34:18.694+0000] {dagbag.py:588} INFO - Filling up the DagBag from /home/airflow/.local/lib/python3.12/site-packages/airflow/example_dags/example_branch_datetime_operator.py
[2025-07-06T04:34:18.724+0000] {processor.py:925} INFO - DAG(s) 'example_branch_datetime_operator', 'example_branch_datetime_operator_3', 'example_branch_datetime_operator_2' retrieved from /home/airflow/.local/lib/python3.12/site-packages/airflow/example_dags/example_branch_datetime_operator.py
[2025-07-06T04:34:18.999+0000] {logging_mixin.py:190} INFO - [2025-07-06T04:34:18.998+0000] {override.py:1911} INFO - Created Permission View: can delete on DAG:example_branch_datetime_operator
[2025-07-06T04:34:19.018+0000] {logging_mixin.py:190} INFO - [2025-07-06T04:34:19.017+0000] {override.py:1911} INFO - Created Permission View: can edit on DAG:example_branch_datetime_operator
[2025-07-06T04:34:19.055+0000] {logging_mixin.py:190} INFO - [2025-07-06T04:34:19.055+0000] {override.py:1911} INFO - Created Permission View: can read on DAG:example_branch_datetime_operator
[2025-07-06T04:34:19.111+0000] {logging_mixin.py:190} INFO - [2025-07-06T04:34:19.109+0000] {override.py:1911} INFO - Created Permission View: can delete on DAG Run:example_branch_datetime_operator
[2025-07-06T04:34:19.131+0000] {logging_mixin.py:190} INFO - [2025-07-06T04:34:19.130+0000] {override.py:1911} INFO - Created Permission View: menu access on DAG Run:example_branch_datetime_operator
[2025-07-06T04:34:19.151+0000] {logging_mixin.py:190} INFO - [2025-07-06T04:34:19.150+0000] {override.py:1911} INFO - Created Permission View: can create on DAG Run:example_branch_datetime_operator
[2025-07-06T04:34:19.172+0000] {logging_mixin.py:190} INFO - [2025-07-06T04:34:19.171+0000] {override.py:1911} INFO - Created Permission View: can read on DAG Run:example_branch_datetime_operator
[2025-07-06T04:34:19.196+0000] {logging_mixin.py:190} INFO - [2025-07-06T04:34:19.195+0000] {override.py:1911} INFO - Created Permission View: can delete on DAG:example_branch_datetime_operator_3
[2025-07-06T04:34:19.203+0000] {logging_mixin.py:190} INFO - [2025-07-06T04:34:19.203+0000] {override.py:1911} INFO - Created Permission View: can edit on DAG:example_branch_datetime_operator_3
[2025-07-06T04:34:19.212+0000] {logging_mixin.py:190} INFO - [2025-07-06T04:34:19.211+0000] {override.py:1911} INFO - Created Permission View: can read on DAG:example_branch_datetime_operator_3
[2025-07-06T04:34:19.219+0000] {logging_mixin.py:190} INFO - [2025-07-06T04:34:19.219+0000] {override.py:1911} INFO - Created Permission View: can delete on DAG Run:example_branch_datetime_operator_3
[2025-07-06T04:34:19.227+0000] {logging_mixin.py:190} INFO - [2025-07-06T04:34:19.226+0000] {override.py:1911} INFO - Created Permission View: menu access on DAG Run:example_branch_datetime_operator_3
[2025-07-06T04:34:19.234+0000] {logging_mixin.py:190} INFO - [2025-07-06T04:34:19.233+0000] {override.py:1911} INFO - Created Permission View: can create on DAG Run:example_branch_datetime_operator_3
[2025-07-06T04:34:19.246+0000] {logging_mixin.py:190} INFO - [2025-07-06T04:34:19.245+0000] {override.py:1911} INFO - Created Permission View: can read on DAG Run:example_branch_datetime_operator_3
[2025-07-06T04:34:19.275+0000] {logging_mixin.py:190} INFO - [2025-07-06T04:34:19.275+0000] {override.py:1911} INFO - Created Permission View: can delete on DAG:example_branch_datetime_operator_2
[2025-07-06T04:34:19.296+0000] {logging_mixin.py:190} INFO - [2025-07-06T04:34:19.294+0000] {override.py:1911} INFO - Created Permission View: can edit on DAG:example_branch_datetime_operator_2
[2025-07-06T04:34:19.312+0000] {logging_mixin.py:190} INFO - [2025-07-06T04:34:19.312+0000] {override.py:1911} INFO - Created Permission View: can read on DAG:example_branch_datetime_operator_2
[2025-07-06T04:34:19.329+0000] {logging_mixin.py:190} INFO - [2025-07-06T04:34:19.328+0000] {override.py:1911} INFO - Created Permission View: can delete on DAG Run:example_branch_datetime_operator_2
[2025-07-06T04:34:19.346+0000] {logging_mixin.py:190} INFO - [2025-07-06T04:34:19.345+0000] {override.py:1911} INFO - Created Permission View: menu access on DAG Run:example_branch_datetime_operator_2
[2025-07-06T04:34:19.370+0000] {logging_mixin.py:190} INFO - [2025-07-06T04:34:19.368+0000] {override.py:1911} INFO - Created Permission View: can create on DAG Run:example_branch_datetime_operator_2
[2025-07-06T04:34:19.391+0000] {logging_mixin.py:190} INFO - [2025-07-06T04:34:19.390+0000] {override.py:1911} INFO - Created Permission View: can read on DAG Run:example_branch_datetime_operator_2
[2025-07-06T04:34:19.392+0000] {logging_mixin.py:190} INFO - [2025-07-06T04:34:19.392+0000] {dag.py:3239} INFO - Sync 3 DAGs
[2025-07-06T04:34:19.428+0000] {logging_mixin.py:190} INFO - [2025-07-06T04:34:19.428+0000] {dag.py:3262} INFO - Creating ORM DAG for example_branch_datetime_operator
[2025-07-06T04:34:19.430+0000] {logging_mixin.py:190} INFO - [2025-07-06T04:34:19.430+0000] {dag.py:3262} INFO - Creating ORM DAG for example_branch_datetime_operator_2
[2025-07-06T04:34:19.433+0000] {logging_mixin.py:190} INFO - [2025-07-06T04:34:19.432+0000] {dag.py:3262} INFO - Creating ORM DAG for example_branch_datetime_operator_3
[2025-07-06T04:34:19.448+0000] {logging_mixin.py:190} INFO - [2025-07-06T04:34:19.448+0000] {dag.py:4180} INFO - Setting next_dagrun for example_branch_datetime_operator to 2025-07-05 00:00:00+00:00, run_after=2025-07-06 00:00:00+00:00
[2025-07-06T04:34:19.451+0000] {logging_mixin.py:190} INFO - [2025-07-06T04:34:19.451+0000] {dag.py:4180} INFO - Setting next_dagrun for example_branch_datetime_operator_2 to 2025-07-05 00:00:00+00:00, run_after=2025-07-06 00:00:00+00:00
[2025-07-06T04:34:19.453+0000] {logging_mixin.py:190} INFO - [2025-07-06T04:34:19.453+0000] {dag.py:4180} INFO - Setting next_dagrun for example_branch_datetime_operator_3 to 2025-07-05 00:00:00+00:00, run_after=2025-07-06 00:00:00+00:00
[2025-07-06T04:34:19.511+0000] {processor.py:208} INFO - Processing /home/airflow/.local/lib/python3.12/site-packages/airflow/example_dags/example_branch_datetime_operator.py took 0.835 seconds
[2025-07-06T04:34:50.220+0000] {processor.py:186} INFO - Started process (PID=187) to work on /home/airflow/.local/lib/python3.12/site-packages/airflow/example_dags/example_branch_datetime_operator.py
[2025-07-06T04:34:50.221+0000] {processor.py:914} INFO - Processing file /home/airflow/.local/lib/python3.12/site-packages/airflow/example_dags/example_branch_datetime_operator.py for tasks to queue
[2025-07-06T04:34:50.224+0000] {logging_mixin.py:190} INFO - [2025-07-06T04:34:50.223+0000] {dagbag.py:588} INFO - Filling up the DagBag from /home/airflow/.local/lib/python3.12/site-packages/airflow/example_dags/example_branch_datetime_operator.py
[2025-07-06T04:34:50.237+0000] {processor.py:925} INFO - DAG(s) 'example_branch_datetime_operator_3', 'example_branch_datetime_operator', 'example_branch_datetime_operator_2' retrieved from /home/airflow/.local/lib/python3.12/site-packages/airflow/example_dags/example_branch_datetime_operator.py
[2025-07-06T04:34:50.287+0000] {logging_mixin.py:190} INFO - [2025-07-06T04:34:50.285+0000] {dag.py:3239} INFO - Sync 3 DAGs
[2025-07-06T04:34:50.336+0000] {logging_mixin.py:190} INFO - [2025-07-06T04:34:50.336+0000] {dag.py:4180} INFO - Setting next_dagrun for example_branch_datetime_operator to 2025-07-05 00:00:00+00:00, run_after=2025-07-06 00:00:00+00:00
[2025-07-06T04:34:50.342+0000] {logging_mixin.py:190} INFO - [2025-07-06T04:34:50.341+0000] {dag.py:4180} INFO - Setting next_dagrun for example_branch_datetime_operator_2 to 2025-07-05 00:00:00+00:00, run_after=2025-07-06 00:00:00+00:00
[2025-07-06T04:34:50.344+0000] {logging_mixin.py:190} INFO - [2025-07-06T04:34:50.344+0000] {dag.py:4180} INFO - Setting next_dagrun for example_branch_datetime_operator_3 to 2025-07-05 00:00:00+00:00, run_after=2025-07-06 00:00:00+00:00
[2025-07-06T04:34:50.362+0000] {processor.py:208} INFO - Processing /home/airflow/.local/lib/python3.12/site-packages/airflow/example_dags/example_branch_datetime_operator.py took 0.147 seconds
[2025-07-06T04:35:21.339+0000] {processor.py:186} INFO - Started process (PID=249) to work on /home/airflow/.local/lib/python3.12/site-packages/airflow/example_dags/example_branch_datetime_operator.py
[2025-07-06T04:35:21.340+0000] {processor.py:914} INFO - Processing file /home/airflow/.local/lib/python3.12/site-packages/airflow/example_dags/example_branch_datetime_operator.py for tasks to queue
[2025-07-06T04:35:21.344+0000] {logging_mixin.py:190} INFO - [2025-07-06T04:35:21.344+0000] {dagbag.py:588} INFO - Filling up the DagBag from /home/airflow/.local/lib/python3.12/site-packages/airflow/example_dags/example_branch_datetime_operator.py
[2025-07-06T04:35:21.391+0000] {processor.py:925} INFO - DAG(s) 'example_branch_datetime_operator', 'example_branch_datetime_operator_2', 'example_branch_datetime_operator_3' retrieved from /home/airflow/.local/lib/python3.12/site-packages/airflow/example_dags/example_branch_datetime_operator.py
[2025-07-06T04:35:21.495+0000] {logging_mixin.py:190} INFO - [2025-07-06T04:35:21.495+0000] {dag.py:3239} INFO - Sync 3 DAGs
[2025-07-06T04:35:21.597+0000] {logging_mixin.py:190} INFO - [2025-07-06T04:35:21.596+0000] {dag.py:4180} INFO - Setting next_dagrun for example_branch_datetime_operator to 2025-07-05 00:00:00+00:00, run_after=2025-07-06 00:00:00+00:00
[2025-07-06T04:35:21.616+0000] {logging_mixin.py:190} INFO - [2025-07-06T04:35:21.616+0000] {dag.py:4180} INFO - Setting next_dagrun for example_branch_datetime_operator_2 to 2025-07-05 00:00:00+00:00, run_after=2025-07-06 00:00:00+00:00
[2025-07-06T04:35:21.630+0000] {logging_mixin.py:190} INFO - [2025-07-06T04:35:21.630+0000] {dag.py:4180} INFO - Setting next_dagrun for example_branch_datetime_operator_3 to 2025-07-05 00:00:00+00:00, run_after=2025-07-06 00:00:00+00:00
[2025-07-06T04:35:21.731+0000] {processor.py:208} INFO - Processing /home/airflow/.local/lib/python3.12/site-packages/airflow/example_dags/example_branch_datetime_operator.py took 0.416 seconds
[2025-07-06T04:35:53.351+0000] {processor.py:186} INFO - Started process (PID=313) to work on /home/airflow/.local/lib/python3.12/site-packages/airflow/example_dags/example_branch_datetime_operator.py
[2025-07-06T04:35:53.352+0000] {processor.py:914} INFO - Processing file /home/airflow/.local/lib/python3.12/site-packages/airflow/example_dags/example_branch_datetime_operator.py for tasks to queue
[2025-07-06T04:35:53.359+0000] {logging_mixin.py:190} INFO - [2025-07-06T04:35:53.359+0000] {dagbag.py:588} INFO - Filling up the DagBag from /home/airflow/.local/lib/python3.12/site-packages/airflow/example_dags/example_branch_datetime_operator.py
[2025-07-06T04:35:53.413+0000] {processor.py:925} INFO - DAG(s) 'example_branch_datetime_operator_3', 'example_branch_datetime_operator', 'example_branch_datetime_operator_2' retrieved from /home/airflow/.local/lib/python3.12/site-packages/airflow/example_dags/example_branch_datetime_operator.py
[2025-07-06T04:35:53.616+0000] {logging_mixin.py:190} INFO - [2025-07-06T04:35:53.615+0000] {dag.py:3239} INFO - Sync 3 DAGs
[2025-07-06T04:35:53.833+0000] {logging_mixin.py:190} INFO - [2025-07-06T04:35:53.832+0000] {dag.py:4180} INFO - Setting next_dagrun for example_branch_datetime_operator to 2025-07-05 00:00:00+00:00, run_after=2025-07-06 00:00:00+00:00
[2025-07-06T04:35:53.852+0000] {logging_mixin.py:190} INFO - [2025-07-06T04:35:53.851+0000] {dag.py:4180} INFO - Setting next_dagrun for example_branch_datetime_operator_2 to 2025-07-05 00:00:00+00:00, run_after=2025-07-06 00:00:00+00:00
[2025-07-06T04:35:53.876+0000] {logging_mixin.py:190} INFO - [2025-07-06T04:35:53.875+0000] {dag.py:4180} INFO - Setting next_dagrun for example_branch_datetime_operator_3 to 2025-07-05 00:00:00+00:00, run_after=2025-07-06 00:00:00+00:00
[2025-07-06T04:35:53.964+0000] {processor.py:208} INFO - Processing /home/airflow/.local/lib/python3.12/site-packages/airflow/example_dags/example_branch_datetime_operator.py took 0.636 seconds
[2025-07-06T04:36:24.088+0000] {processor.py:186} INFO - Started process (PID=375) to work on /home/airflow/.local/lib/python3.12/site-packages/airflow/example_dags/example_branch_datetime_operator.py
[2025-07-06T04:36:24.089+0000] {processor.py:914} INFO - Processing file /home/airflow/.local/lib/python3.12/site-packages/airflow/example_dags/example_branch_datetime_operator.py for tasks to queue
[2025-07-06T04:36:24.092+0000] {logging_mixin.py:190} INFO - [2025-07-06T04:36:24.091+0000] {dagbag.py:588} INFO - Filling up the DagBag from /home/airflow/.local/lib/python3.12/site-packages/airflow/example_dags/example_branch_datetime_operator.py
[2025-07-06T04:36:24.106+0000] {processor.py:925} INFO - DAG(s) 'example_branch_datetime_operator_2', 'example_branch_datetime_operator_3', 'example_branch_datetime_operator' retrieved from /home/airflow/.local/lib/python3.12/site-packages/airflow/example_dags/example_branch_datetime_operator.py
[2025-07-06T04:36:24.138+0000] {logging_mixin.py:190} INFO - [2025-07-06T04:36:24.138+0000] {dag.py:3239} INFO - Sync 3 DAGs
[2025-07-06T04:36:24.171+0000] {logging_mixin.py:190} INFO - [2025-07-06T04:36:24.170+0000] {dag.py:4180} INFO - Setting next_dagrun for example_branch_datetime_operator to 2025-07-05 00:00:00+00:00, run_after=2025-07-06 00:00:00+00:00
[2025-07-06T04:36:24.177+0000] {logging_mixin.py:190} INFO - [2025-07-06T04:36:24.176+0000] {dag.py:4180} INFO - Setting next_dagrun for example_branch_datetime_operator_2 to 2025-07-05 00:00:00+00:00, run_after=2025-07-06 00:00:00+00:00
[2025-07-06T04:36:24.179+0000] {logging_mixin.py:190} INFO - [2025-07-06T04:36:24.179+0000] {dag.py:4180} INFO - Setting next_dagrun for example_branch_datetime_operator_3 to 2025-07-05 00:00:00+00:00, run_after=2025-07-06 00:00:00+00:00
[2025-07-06T04:36:24.195+0000] {processor.py:208} INFO - Processing /home/airflow/.local/lib/python3.12/site-packages/airflow/example_dags/example_branch_datetime_operator.py took 0.119 seconds
[2025-07-06T04:36:54.649+0000] {processor.py:186} INFO - Started process (PID=438) to work on /home/airflow/.local/lib/python3.12/site-packages/airflow/example_dags/example_branch_datetime_operator.py
[2025-07-06T04:36:54.651+0000] {processor.py:914} INFO - Processing file /home/airflow/.local/lib/python3.12/site-packages/airflow/example_dags/example_branch_datetime_operator.py for tasks to queue
[2025-07-06T04:36:54.653+0000] {logging_mixin.py:190} INFO - [2025-07-06T04:36:54.653+0000] {dagbag.py:588} INFO - Filling up the DagBag from /home/airflow/.local/lib/python3.12/site-packages/airflow/example_dags/example_branch_datetime_operator.py
[2025-07-06T04:36:54.667+0000] {processor.py:925} INFO - DAG(s) 'example_branch_datetime_operator_2', 'example_branch_datetime_operator_3', 'example_branch_datetime_operator' retrieved from /home/airflow/.local/lib/python3.12/site-packages/airflow/example_dags/example_branch_datetime_operator.py
[2025-07-06T04:36:54.698+0000] {logging_mixin.py:190} INFO - [2025-07-06T04:36:54.698+0000] {dag.py:3239} INFO - Sync 3 DAGs
[2025-07-06T04:36:54.731+0000] {logging_mixin.py:190} INFO - [2025-07-06T04:36:54.731+0000] {dag.py:4180} INFO - Setting next_dagrun for example_branch_datetime_operator to 2025-07-05 00:00:00+00:00, run_after=2025-07-06 00:00:00+00:00
[2025-07-06T04:36:54.737+0000] {logging_mixin.py:190} INFO - [2025-07-06T04:36:54.737+0000] {dag.py:4180} INFO - Setting next_dagrun for example_branch_datetime_operator_2 to 2025-07-05 00:00:00+00:00, run_after=2025-07-06 00:00:00+00:00
[2025-07-06T04:36:54.740+0000] {logging_mixin.py:190} INFO - [2025-07-06T04:36:54.740+0000] {dag.py:4180} INFO - Setting next_dagrun for example_branch_datetime_operator_3 to 2025-07-05 00:00:00+00:00, run_after=2025-07-06 00:00:00+00:00
[2025-07-06T04:36:54.759+0000] {processor.py:208} INFO - Processing /home/airflow/.local/lib/python3.12/site-packages/airflow/example_dags/example_branch_datetime_operator.py took 0.121 seconds
[2025-07-06T04:37:24.991+0000] {processor.py:186} INFO - Started process (PID=501) to work on /home/airflow/.local/lib/python3.12/site-packages/airflow/example_dags/example_branch_datetime_operator.py
[2025-07-06T04:37:24.992+0000] {processor.py:914} INFO - Processing file /home/airflow/.local/lib/python3.12/site-packages/airflow/example_dags/example_branch_datetime_operator.py for tasks to queue
[2025-07-06T04:37:24.995+0000] {logging_mixin.py:190} INFO - [2025-07-06T04:37:24.994+0000] {dagbag.py:588} INFO - Filling up the DagBag from /home/airflow/.local/lib/python3.12/site-packages/airflow/example_dags/example_branch_datetime_operator.py
[2025-07-06T04:37:25.011+0000] {processor.py:925} INFO - DAG(s) 'example_branch_datetime_operator', 'example_branch_datetime_operator_2', 'example_branch_datetime_operator_3' retrieved from /home/airflow/.local/lib/python3.12/site-packages/airflow/example_dags/example_branch_datetime_operator.py
[2025-07-06T04:37:25.051+0000] {logging_mixin.py:190} INFO - [2025-07-06T04:37:25.051+0000] {dag.py:3239} INFO - Sync 3 DAGs
[2025-07-06T04:37:25.084+0000] {logging_mixin.py:190} INFO - [2025-07-06T04:37:25.083+0000] {dag.py:4180} INFO - Setting next_dagrun for example_branch_datetime_operator to 2025-07-05 00:00:00+00:00, run_after=2025-07-06 00:00:00+00:00
[2025-07-06T04:37:25.091+0000] {logging_mixin.py:190} INFO - [2025-07-06T04:37:25.091+0000] {dag.py:4180} INFO - Setting next_dagrun for example_branch_datetime_operator_2 to 2025-07-05 00:00:00+00:00, run_after=2025-07-06 00:00:00+00:00
[2025-07-06T04:37:25.094+0000] {logging_mixin.py:190} INFO - [2025-07-06T04:37:25.093+0000] {dag.py:4180} INFO - Setting next_dagrun for example_branch_datetime_operator_3 to 2025-07-05 00:00:00+00:00, run_after=2025-07-06 00:00:00+00:00
[2025-07-06T04:37:25.110+0000] {processor.py:208} INFO - Processing /home/airflow/.local/lib/python3.12/site-packages/airflow/example_dags/example_branch_datetime_operator.py took 0.125 seconds
[2025-07-06T04:37:55.254+0000] {processor.py:186} INFO - Started process (PID=564) to work on /home/airflow/.local/lib/python3.12/site-packages/airflow/example_dags/example_branch_datetime_operator.py
[2025-07-06T04:37:55.255+0000] {processor.py:914} INFO - Processing file /home/airflow/.local/lib/python3.12/site-packages/airflow/example_dags/example_branch_datetime_operator.py for tasks to queue
[2025-07-06T04:37:55.258+0000] {logging_mixin.py:190} INFO - [2025-07-06T04:37:55.257+0000] {dagbag.py:588} INFO - Filling up the DagBag from /home/airflow/.local/lib/python3.12/site-packages/airflow/example_dags/example_branch_datetime_operator.py
[2025-07-06T04:37:55.272+0000] {processor.py:925} INFO - DAG(s) 'example_branch_datetime_operator_3', 'example_branch_datetime_operator_2', 'example_branch_datetime_operator' retrieved from /home/airflow/.local/lib/python3.12/site-packages/airflow/example_dags/example_branch_datetime_operator.py
[2025-07-06T04:37:55.304+0000] {logging_mixin.py:190} INFO - [2025-07-06T04:37:55.304+0000] {dag.py:3239} INFO - Sync 3 DAGs
[2025-07-06T04:37:55.352+0000] {logging_mixin.py:190} INFO - [2025-07-06T04:37:55.352+0000] {dag.py:4180} INFO - Setting next_dagrun for example_branch_datetime_operator to 2025-07-05 00:00:00+00:00, run_after=2025-07-06 00:00:00+00:00
[2025-07-06T04:37:55.358+0000] {logging_mixin.py:190} INFO - [2025-07-06T04:37:55.358+0000] {dag.py:4180} INFO - Setting next_dagrun for example_branch_datetime_operator_2 to 2025-07-05 00:00:00+00:00, run_after=2025-07-06 00:00:00+00:00
[2025-07-06T04:37:55.361+0000] {logging_mixin.py:190} INFO - [2025-07-06T04:37:55.361+0000] {dag.py:4180} INFO - Setting next_dagrun for example_branch_datetime_operator_3 to 2025-07-05 00:00:00+00:00, run_after=2025-07-06 00:00:00+00:00
[2025-07-06T04:37:55.377+0000] {processor.py:208} INFO - Processing /home/airflow/.local/lib/python3.12/site-packages/airflow/example_dags/example_branch_datetime_operator.py took 0.129 seconds
[2025-07-06T04:38:25.631+0000] {processor.py:186} INFO - Started process (PID=627) to work on /home/airflow/.local/lib/python3.12/site-packages/airflow/example_dags/example_branch_datetime_operator.py
[2025-07-06T04:38:25.632+0000] {processor.py:914} INFO - Processing file /home/airflow/.local/lib/python3.12/site-packages/airflow/example_dags/example_branch_datetime_operator.py for tasks to queue
[2025-07-06T04:38:25.635+0000] {logging_mixin.py:190} INFO - [2025-07-06T04:38:25.634+0000] {dagbag.py:588} INFO - Filling up the DagBag from /home/airflow/.local/lib/python3.12/site-packages/airflow/example_dags/example_branch_datetime_operator.py
[2025-07-06T04:38:25.649+0000] {processor.py:925} INFO - DAG(s) 'example_branch_datetime_operator_3', 'example_branch_datetime_operator', 'example_branch_datetime_operator_2' retrieved from /home/airflow/.local/lib/python3.12/site-packages/airflow/example_dags/example_branch_datetime_operator.py
[2025-07-06T04:38:25.682+0000] {logging_mixin.py:190} INFO - [2025-07-06T04:38:25.682+0000] {dag.py:3239} INFO - Sync 3 DAGs
[2025-07-06T04:38:25.714+0000] {logging_mixin.py:190} INFO - [2025-07-06T04:38:25.714+0000] {dag.py:4180} INFO - Setting next_dagrun for example_branch_datetime_operator to 2025-07-05 00:00:00+00:00, run_after=2025-07-06 00:00:00+00:00
[2025-07-06T04:38:25.721+0000] {logging_mixin.py:190} INFO - [2025-07-06T04:38:25.720+0000] {dag.py:4180} INFO - Setting next_dagrun for example_branch_datetime_operator_2 to 2025-07-05 00:00:00+00:00, run_after=2025-07-06 00:00:00+00:00
[2025-07-06T04:38:25.724+0000] {logging_mixin.py:190} INFO - [2025-07-06T04:38:25.724+0000] {dag.py:4180} INFO - Setting next_dagrun for example_branch_datetime_operator_3 to 2025-07-05 00:00:00+00:00, run_after=2025-07-06 00:00:00+00:00
[2025-07-06T04:38:25.742+0000] {processor.py:208} INFO - Processing /home/airflow/.local/lib/python3.12/site-packages/airflow/example_dags/example_branch_datetime_operator.py took 0.117 seconds
[2025-07-06T04:38:56.746+0000] {processor.py:186} INFO - Started process (PID=691) to work on /home/airflow/.local/lib/python3.12/site-packages/airflow/example_dags/example_branch_datetime_operator.py
[2025-07-06T04:38:56.749+0000] {processor.py:914} INFO - Processing file /home/airflow/.local/lib/python3.12/site-packages/airflow/example_dags/example_branch_datetime_operator.py for tasks to queue
[2025-07-06T04:38:56.758+0000] {logging_mixin.py:190} INFO - [2025-07-06T04:38:56.756+0000] {dagbag.py:588} INFO - Filling up the DagBag from /home/airflow/.local/lib/python3.12/site-packages/airflow/example_dags/example_branch_datetime_operator.py
[2025-07-06T04:38:56.808+0000] {processor.py:925} INFO - DAG(s) 'example_branch_datetime_operator', 'example_branch_datetime_operator_2', 'example_branch_datetime_operator_3' retrieved from /home/airflow/.local/lib/python3.12/site-packages/airflow/example_dags/example_branch_datetime_operator.py
[2025-07-06T04:38:56.939+0000] {logging_mixin.py:190} INFO - [2025-07-06T04:38:56.938+0000] {dag.py:3239} INFO - Sync 3 DAGs
[2025-07-06T04:38:57.104+0000] {logging_mixin.py:190} INFO - [2025-07-06T04:38:57.102+0000] {dag.py:4180} INFO - Setting next_dagrun for example_branch_datetime_operator to 2025-07-05 00:00:00+00:00, run_after=2025-07-06 00:00:00+00:00
[2025-07-06T04:38:57.133+0000] {logging_mixin.py:190} INFO - [2025-07-06T04:38:57.133+0000] {dag.py:4180} INFO - Setting next_dagrun for example_branch_datetime_operator_2 to 2025-07-05 00:00:00+00:00, run_after=2025-07-06 00:00:00+00:00
[2025-07-06T04:38:57.162+0000] {logging_mixin.py:190} INFO - [2025-07-06T04:38:57.159+0000] {dag.py:4180} INFO - Setting next_dagrun for example_branch_datetime_operator_3 to 2025-07-05 00:00:00+00:00, run_after=2025-07-06 00:00:00+00:00
[2025-07-06T04:38:57.274+0000] {processor.py:208} INFO - Processing /home/airflow/.local/lib/python3.12/site-packages/airflow/example_dags/example_branch_datetime_operator.py took 0.558 seconds
[2025-07-06T04:39:27.380+0000] {processor.py:186} INFO - Started process (PID=754) to work on /home/airflow/.local/lib/python3.12/site-packages/airflow/example_dags/example_branch_datetime_operator.py
[2025-07-06T04:39:27.381+0000] {processor.py:914} INFO - Processing file /home/airflow/.local/lib/python3.12/site-packages/airflow/example_dags/example_branch_datetime_operator.py for tasks to queue
[2025-07-06T04:39:27.383+0000] {logging_mixin.py:190} INFO - [2025-07-06T04:39:27.383+0000] {dagbag.py:588} INFO - Filling up the DagBag from /home/airflow/.local/lib/python3.12/site-packages/airflow/example_dags/example_branch_datetime_operator.py
[2025-07-06T04:39:27.395+0000] {processor.py:925} INFO - DAG(s) 'example_branch_datetime_operator_3', 'example_branch_datetime_operator_2', 'example_branch_datetime_operator' retrieved from /home/airflow/.local/lib/python3.12/site-packages/airflow/example_dags/example_branch_datetime_operator.py
[2025-07-06T04:39:27.418+0000] {logging_mixin.py:190} INFO - [2025-07-06T04:39:27.418+0000] {dag.py:3239} INFO - Sync 3 DAGs
[2025-07-06T04:39:27.440+0000] {logging_mixin.py:190} INFO - [2025-07-06T04:39:27.439+0000] {dag.py:4180} INFO - Setting next_dagrun for example_branch_datetime_operator to 2025-07-05 00:00:00+00:00, run_after=2025-07-06 00:00:00+00:00
[2025-07-06T04:39:27.444+0000] {logging_mixin.py:190} INFO - [2025-07-06T04:39:27.444+0000] {dag.py:4180} INFO - Setting next_dagrun for example_branch_datetime_operator_2 to 2025-07-05 00:00:00+00:00, run_after=2025-07-06 00:00:00+00:00
[2025-07-06T04:39:27.446+0000] {logging_mixin.py:190} INFO - [2025-07-06T04:39:27.446+0000] {dag.py:4180} INFO - Setting next_dagrun for example_branch_datetime_operator_3 to 2025-07-05 00:00:00+00:00, run_after=2025-07-06 00:00:00+00:00
[2025-07-06T04:39:27.459+0000] {processor.py:208} INFO - Processing /home/airflow/.local/lib/python3.12/site-packages/airflow/example_dags/example_branch_datetime_operator.py took 0.087 seconds
[2025-07-06T04:39:57.648+0000] {processor.py:186} INFO - Started process (PID=818) to work on /home/airflow/.local/lib/python3.12/site-packages/airflow/example_dags/example_branch_datetime_operator.py
[2025-07-06T04:39:57.649+0000] {processor.py:914} INFO - Processing file /home/airflow/.local/lib/python3.12/site-packages/airflow/example_dags/example_branch_datetime_operator.py for tasks to queue
[2025-07-06T04:39:57.651+0000] {logging_mixin.py:190} INFO - [2025-07-06T04:39:57.651+0000] {dagbag.py:588} INFO - Filling up the DagBag from /home/airflow/.local/lib/python3.12/site-packages/airflow/example_dags/example_branch_datetime_operator.py
[2025-07-06T04:39:57.665+0000] {processor.py:925} INFO - DAG(s) 'example_branch_datetime_operator_2', 'example_branch_datetime_operator', 'example_branch_datetime_operator_3' retrieved from /home/airflow/.local/lib/python3.12/site-packages/airflow/example_dags/example_branch_datetime_operator.py
[2025-07-06T04:39:57.708+0000] {logging_mixin.py:190} INFO - [2025-07-06T04:39:57.707+0000] {dag.py:3239} INFO - Sync 3 DAGs
[2025-07-06T04:39:57.754+0000] {logging_mixin.py:190} INFO - [2025-07-06T04:39:57.754+0000] {dag.py:4180} INFO - Setting next_dagrun for example_branch_datetime_operator to 2025-07-05 00:00:00+00:00, run_after=2025-07-06 00:00:00+00:00
[2025-07-06T04:39:57.760+0000] {logging_mixin.py:190} INFO - [2025-07-06T04:39:57.760+0000] {dag.py:4180} INFO - Setting next_dagrun for example_branch_datetime_operator_2 to 2025-07-05 00:00:00+00:00, run_after=2025-07-06 00:00:00+00:00
[2025-07-06T04:39:57.763+0000] {logging_mixin.py:190} INFO - [2025-07-06T04:39:57.763+0000] {dag.py:4180} INFO - Setting next_dagrun for example_branch_datetime_operator_3 to 2025-07-05 00:00:00+00:00, run_after=2025-07-06 00:00:00+00:00
[2025-07-06T04:39:57.793+0000] {processor.py:208} INFO - Processing /home/airflow/.local/lib/python3.12/site-packages/airflow/example_dags/example_branch_datetime_operator.py took 0.151 seconds
[2025-07-06T04:40:28.225+0000] {processor.py:186} INFO - Started process (PID=882) to work on /home/airflow/.local/lib/python3.12/site-packages/airflow/example_dags/example_branch_datetime_operator.py
[2025-07-06T04:40:28.226+0000] {processor.py:914} INFO - Processing file /home/airflow/.local/lib/python3.12/site-packages/airflow/example_dags/example_branch_datetime_operator.py for tasks to queue
[2025-07-06T04:40:28.228+0000] {logging_mixin.py:190} INFO - [2025-07-06T04:40:28.228+0000] {dagbag.py:588} INFO - Filling up the DagBag from /home/airflow/.local/lib/python3.12/site-packages/airflow/example_dags/example_branch_datetime_operator.py
[2025-07-06T04:40:28.242+0000] {processor.py:925} INFO - DAG(s) 'example_branch_datetime_operator_3', 'example_branch_datetime_operator', 'example_branch_datetime_operator_2' retrieved from /home/airflow/.local/lib/python3.12/site-packages/airflow/example_dags/example_branch_datetime_operator.py
[2025-07-06T04:40:28.276+0000] {logging_mixin.py:190} INFO - [2025-07-06T04:40:28.275+0000] {dag.py:3239} INFO - Sync 3 DAGs
[2025-07-06T04:40:28.307+0000] {logging_mixin.py:190} INFO - [2025-07-06T04:40:28.307+0000] {dag.py:4180} INFO - Setting next_dagrun for example_branch_datetime_operator to 2025-07-05 00:00:00+00:00, run_after=2025-07-06 00:00:00+00:00
[2025-07-06T04:40:28.314+0000] {logging_mixin.py:190} INFO - [2025-07-06T04:40:28.314+0000] {dag.py:4180} INFO - Setting next_dagrun for example_branch_datetime_operator_2 to 2025-07-05 00:00:00+00:00, run_after=2025-07-06 00:00:00+00:00
[2025-07-06T04:40:28.317+0000] {logging_mixin.py:190} INFO - [2025-07-06T04:40:28.317+0000] {dag.py:4180} INFO - Setting next_dagrun for example_branch_datetime_operator_3 to 2025-07-05 00:00:00+00:00, run_after=2025-07-06 00:00:00+00:00
[2025-07-06T04:40:28.334+0000] {processor.py:208} INFO - Processing /home/airflow/.local/lib/python3.12/site-packages/airflow/example_dags/example_branch_datetime_operator.py took 0.116 seconds
[2025-07-06T04:40:58.599+0000] {processor.py:186} INFO - Started process (PID=946) to work on /home/airflow/.local/lib/python3.12/site-packages/airflow/example_dags/example_branch_datetime_operator.py
[2025-07-06T04:40:58.600+0000] {processor.py:914} INFO - Processing file /home/airflow/.local/lib/python3.12/site-packages/airflow/example_dags/example_branch_datetime_operator.py for tasks to queue
[2025-07-06T04:40:58.603+0000] {logging_mixin.py:190} INFO - [2025-07-06T04:40:58.602+0000] {dagbag.py:588} INFO - Filling up the DagBag from /home/airflow/.local/lib/python3.12/site-packages/airflow/example_dags/example_branch_datetime_operator.py
[2025-07-06T04:40:58.618+0000] {processor.py:925} INFO - DAG(s) 'example_branch_datetime_operator', 'example_branch_datetime_operator_2', 'example_branch_datetime_operator_3' retrieved from /home/airflow/.local/lib/python3.12/site-packages/airflow/example_dags/example_branch_datetime_operator.py
[2025-07-06T04:40:58.653+0000] {logging_mixin.py:190} INFO - [2025-07-06T04:40:58.653+0000] {dag.py:3239} INFO - Sync 3 DAGs
[2025-07-06T04:40:58.685+0000] {logging_mixin.py:190} INFO - [2025-07-06T04:40:58.685+0000] {dag.py:4180} INFO - Setting next_dagrun for example_branch_datetime_operator to 2025-07-05 00:00:00+00:00, run_after=2025-07-06 00:00:00+00:00
[2025-07-06T04:40:58.693+0000] {logging_mixin.py:190} INFO - [2025-07-06T04:40:58.693+0000] {dag.py:4180} INFO - Setting next_dagrun for example_branch_datetime_operator_2 to 2025-07-05 00:00:00+00:00, run_after=2025-07-06 00:00:00+00:00
[2025-07-06T04:40:58.696+0000] {logging_mixin.py:190} INFO - [2025-07-06T04:40:58.696+0000] {dag.py:4180} INFO - Setting next_dagrun for example_branch_datetime_operator_3 to 2025-07-05 00:00:00+00:00, run_after=2025-07-06 00:00:00+00:00
[2025-07-06T04:40:58.713+0000] {processor.py:208} INFO - Processing /home/airflow/.local/lib/python3.12/site-packages/airflow/example_dags/example_branch_datetime_operator.py took 0.121 seconds
[2025-07-06T04:41:28.950+0000] {processor.py:186} INFO - Started process (PID=1010) to work on /home/airflow/.local/lib/python3.12/site-packages/airflow/example_dags/example_branch_datetime_operator.py
[2025-07-06T04:41:28.952+0000] {processor.py:914} INFO - Processing file /home/airflow/.local/lib/python3.12/site-packages/airflow/example_dags/example_branch_datetime_operator.py for tasks to queue
[2025-07-06T04:41:28.955+0000] {logging_mixin.py:190} INFO - [2025-07-06T04:41:28.954+0000] {dagbag.py:588} INFO - Filling up the DagBag from /home/airflow/.local/lib/python3.12/site-packages/airflow/example_dags/example_branch_datetime_operator.py
[2025-07-06T04:41:28.969+0000] {processor.py:925} INFO - DAG(s) 'example_branch_datetime_operator', 'example_branch_datetime_operator_2', 'example_branch_datetime_operator_3' retrieved from /home/airflow/.local/lib/python3.12/site-packages/airflow/example_dags/example_branch_datetime_operator.py
[2025-07-06T04:41:29.003+0000] {logging_mixin.py:190} INFO - [2025-07-06T04:41:29.002+0000] {dag.py:3239} INFO - Sync 3 DAGs
[2025-07-06T04:41:29.035+0000] {logging_mixin.py:190} INFO - [2025-07-06T04:41:29.035+0000] {dag.py:4180} INFO - Setting next_dagrun for example_branch_datetime_operator to 2025-07-05 00:00:00+00:00, run_after=2025-07-06 00:00:00+00:00
[2025-07-06T04:41:29.042+0000] {logging_mixin.py:190} INFO - [2025-07-06T04:41:29.041+0000] {dag.py:4180} INFO - Setting next_dagrun for example_branch_datetime_operator_2 to 2025-07-05 00:00:00+00:00, run_after=2025-07-06 00:00:00+00:00
[2025-07-06T04:41:29.044+0000] {logging_mixin.py:190} INFO - [2025-07-06T04:41:29.044+0000] {dag.py:4180} INFO - Setting next_dagrun for example_branch_datetime_operator_3 to 2025-07-05 00:00:00+00:00, run_after=2025-07-06 00:00:00+00:00
[2025-07-06T04:41:29.062+0000] {processor.py:208} INFO - Processing /home/airflow/.local/lib/python3.12/site-packages/airflow/example_dags/example_branch_datetime_operator.py took 0.118 seconds
[2025-07-06T04:41:59.654+0000] {processor.py:186} INFO - Started process (PID=1074) to work on /home/airflow/.local/lib/python3.12/site-packages/airflow/example_dags/example_branch_datetime_operator.py
[2025-07-06T04:41:59.655+0000] {processor.py:914} INFO - Processing file /home/airflow/.local/lib/python3.12/site-packages/airflow/example_dags/example_branch_datetime_operator.py for tasks to queue
[2025-07-06T04:41:59.657+0000] {logging_mixin.py:190} INFO - [2025-07-06T04:41:59.657+0000] {dagbag.py:588} INFO - Filling up the DagBag from /home/airflow/.local/lib/python3.12/site-packages/airflow/example_dags/example_branch_datetime_operator.py
[2025-07-06T04:41:59.672+0000] {processor.py:925} INFO - DAG(s) 'example_branch_datetime_operator_2', 'example_branch_datetime_operator', 'example_branch_datetime_operator_3' retrieved from /home/airflow/.local/lib/python3.12/site-packages/airflow/example_dags/example_branch_datetime_operator.py
[2025-07-06T04:41:59.705+0000] {logging_mixin.py:190} INFO - [2025-07-06T04:41:59.705+0000] {dag.py:3239} INFO - Sync 3 DAGs
[2025-07-06T04:41:59.737+0000] {logging_mixin.py:190} INFO - [2025-07-06T04:41:59.737+0000] {dag.py:4180} INFO - Setting next_dagrun for example_branch_datetime_operator to 2025-07-05 00:00:00+00:00, run_after=2025-07-06 00:00:00+00:00
[2025-07-06T04:41:59.743+0000] {logging_mixin.py:190} INFO - [2025-07-06T04:41:59.743+0000] {dag.py:4180} INFO - Setting next_dagrun for example_branch_datetime_operator_2 to 2025-07-05 00:00:00+00:00, run_after=2025-07-06 00:00:00+00:00
[2025-07-06T04:41:59.746+0000] {logging_mixin.py:190} INFO - [2025-07-06T04:41:59.746+0000] {dag.py:4180} INFO - Setting next_dagrun for example_branch_datetime_operator_3 to 2025-07-05 00:00:00+00:00, run_after=2025-07-06 00:00:00+00:00
[2025-07-06T04:41:59.763+0000] {processor.py:208} INFO - Processing /home/airflow/.local/lib/python3.12/site-packages/airflow/example_dags/example_branch_datetime_operator.py took 0.116 seconds
[2025-07-06T04:42:30.123+0000] {processor.py:186} INFO - Started process (PID=1137) to work on /home/airflow/.local/lib/python3.12/site-packages/airflow/example_dags/example_branch_datetime_operator.py
[2025-07-06T04:42:30.128+0000] {processor.py:914} INFO - Processing file /home/airflow/.local/lib/python3.12/site-packages/airflow/example_dags/example_branch_datetime_operator.py for tasks to queue
[2025-07-06T04:42:30.143+0000] {logging_mixin.py:190} INFO - [2025-07-06T04:42:30.143+0000] {dagbag.py:588} INFO - Filling up the DagBag from /home/airflow/.local/lib/python3.12/site-packages/airflow/example_dags/example_branch_datetime_operator.py
[2025-07-06T04:42:30.225+0000] {processor.py:925} INFO - DAG(s) 'example_branch_datetime_operator', 'example_branch_datetime_operator_3', 'example_branch_datetime_operator_2' retrieved from /home/airflow/.local/lib/python3.12/site-packages/airflow/example_dags/example_branch_datetime_operator.py
[2025-07-06T04:42:30.298+0000] {logging_mixin.py:190} INFO - [2025-07-06T04:42:30.297+0000] {dag.py:3239} INFO - Sync 3 DAGs
[2025-07-06T04:42:30.356+0000] {logging_mixin.py:190} INFO - [2025-07-06T04:42:30.356+0000] {dag.py:4180} INFO - Setting next_dagrun for example_branch_datetime_operator to 2025-07-05 00:00:00+00:00, run_after=2025-07-06 00:00:00+00:00
[2025-07-06T04:42:30.369+0000] {logging_mixin.py:190} INFO - [2025-07-06T04:42:30.369+0000] {dag.py:4180} INFO - Setting next_dagrun for example_branch_datetime_operator_2 to 2025-07-05 00:00:00+00:00, run_after=2025-07-06 00:00:00+00:00
[2025-07-06T04:42:30.374+0000] {logging_mixin.py:190} INFO - [2025-07-06T04:42:30.374+0000] {dag.py:4180} INFO - Setting next_dagrun for example_branch_datetime_operator_3 to 2025-07-05 00:00:00+00:00, run_after=2025-07-06 00:00:00+00:00
[2025-07-06T04:42:30.405+0000] {processor.py:208} INFO - Processing /home/airflow/.local/lib/python3.12/site-packages/airflow/example_dags/example_branch_datetime_operator.py took 0.304 seconds
[2025-07-06T04:43:00.616+0000] {processor.py:186} INFO - Started process (PID=1201) to work on /home/airflow/.local/lib/python3.12/site-packages/airflow/example_dags/example_branch_datetime_operator.py
[2025-07-06T04:43:00.617+0000] {processor.py:914} INFO - Processing file /home/airflow/.local/lib/python3.12/site-packages/airflow/example_dags/example_branch_datetime_operator.py for tasks to queue
[2025-07-06T04:43:00.619+0000] {logging_mixin.py:190} INFO - [2025-07-06T04:43:00.619+0000] {dagbag.py:588} INFO - Filling up the DagBag from /home/airflow/.local/lib/python3.12/site-packages/airflow/example_dags/example_branch_datetime_operator.py
[2025-07-06T04:43:00.635+0000] {processor.py:925} INFO - DAG(s) 'example_branch_datetime_operator_2', 'example_branch_datetime_operator_3', 'example_branch_datetime_operator' retrieved from /home/airflow/.local/lib/python3.12/site-packages/airflow/example_dags/example_branch_datetime_operator.py
[2025-07-06T04:43:00.668+0000] {logging_mixin.py:190} INFO - [2025-07-06T04:43:00.667+0000] {dag.py:3239} INFO - Sync 3 DAGs
[2025-07-06T04:43:00.712+0000] {logging_mixin.py:190} INFO - [2025-07-06T04:43:00.710+0000] {dag.py:4180} INFO - Setting next_dagrun for example_branch_datetime_operator to 2025-07-05 00:00:00+00:00, run_after=2025-07-06 00:00:00+00:00
[2025-07-06T04:43:00.722+0000] {logging_mixin.py:190} INFO - [2025-07-06T04:43:00.722+0000] {dag.py:4180} INFO - Setting next_dagrun for example_branch_datetime_operator_2 to 2025-07-05 00:00:00+00:00, run_after=2025-07-06 00:00:00+00:00
[2025-07-06T04:43:00.726+0000] {logging_mixin.py:190} INFO - [2025-07-06T04:43:00.726+0000] {dag.py:4180} INFO - Setting next_dagrun for example_branch_datetime_operator_3 to 2025-07-05 00:00:00+00:00, run_after=2025-07-06 00:00:00+00:00
[2025-07-06T04:43:00.741+0000] {processor.py:208} INFO - Processing /home/airflow/.local/lib/python3.12/site-packages/airflow/example_dags/example_branch_datetime_operator.py took 0.132 seconds
