[2025-07-06T04:33:52.804+0000] {processor.py:186} INFO - Started process (PID=93) to work on /home/airflow/.local/lib/python3.12/site-packages/airflow/example_dags/example_sla_dag.py
[2025-07-06T04:33:52.805+0000] {processor.py:914} INFO - Processing file /home/airflow/.local/lib/python3.12/site-packages/airflow/example_dags/example_sla_dag.py for tasks to queue
[2025-07-06T04:33:52.808+0000] {logging_mixin.py:190} INFO - [2025-07-06T04:33:52.807+0000] {dagbag.py:588} INFO - Filling up the DagBag from /home/airflow/.local/lib/python3.12/site-packages/airflow/example_dags/example_sla_dag.py
[2025-07-06T04:33:52.825+0000] {processor.py:925} INFO - DAG(s) 'example_sla_dag' retrieved from /home/airflow/.local/lib/python3.12/site-packages/airflow/example_dags/example_sla_dag.py
[2025-07-06T04:33:53.131+0000] {logging_mixin.py:190} INFO - [2025-07-06T04:33:53.130+0000] {override.py:1911} INFO - Created Permission View: can delete on DAG:example_sla_dag
[2025-07-06T04:33:53.163+0000] {logging_mixin.py:190} INFO - [2025-07-06T04:33:53.162+0000] {override.py:1911} INFO - Created Permission View: can edit on DAG:example_sla_dag
[2025-07-06T04:33:53.178+0000] {logging_mixin.py:190} INFO - [2025-07-06T04:33:53.177+0000] {override.py:1911} INFO - Created Permission View: can read on DAG:example_sla_dag
[2025-07-06T04:33:53.194+0000] {logging_mixin.py:190} INFO - [2025-07-06T04:33:53.194+0000] {override.py:1911} INFO - Created Permission View: can delete on DAG Run:example_sla_dag
[2025-07-06T04:33:53.214+0000] {logging_mixin.py:190} INFO - [2025-07-06T04:33:53.214+0000] {override.py:1911} INFO - Created Permission View: menu access on DAG Run:example_sla_dag
[2025-07-06T04:33:53.229+0000] {logging_mixin.py:190} INFO - [2025-07-06T04:33:53.229+0000] {override.py:1911} INFO - Created Permission View: can create on DAG Run:example_sla_dag
[2025-07-06T04:33:53.247+0000] {logging_mixin.py:190} INFO - [2025-07-06T04:33:53.246+0000] {override.py:1911} INFO - Created Permission View: can read on DAG Run:example_sla_dag
[2025-07-06T04:33:53.249+0000] {logging_mixin.py:190} INFO - [2025-07-06T04:33:53.249+0000] {dag.py:3239} INFO - Sync 1 DAGs
[2025-07-06T04:33:53.288+0000] {logging_mixin.py:190} INFO - [2025-07-06T04:33:53.287+0000] {dag.py:3262} INFO - Creating ORM DAG for example_sla_dag
[2025-07-06T04:33:53.322+0000] {logging_mixin.py:190} INFO - [2025-07-06T04:33:53.321+0000] {dag.py:4180} INFO - Setting next_dagrun for example_sla_dag to 2025-07-06 04:30:00+00:00, run_after=2025-07-06 04:32:00+00:00
[2025-07-06T04:33:53.364+0000] {processor.py:208} INFO - Processing /home/airflow/.local/lib/python3.12/site-packages/airflow/example_dags/example_sla_dag.py took 0.568 seconds
[2025-07-06T04:34:23.592+0000] {processor.py:186} INFO - Started process (PID=156) to work on /home/airflow/.local/lib/python3.12/site-packages/airflow/example_dags/example_sla_dag.py
[2025-07-06T04:34:23.593+0000] {processor.py:914} INFO - Processing file /home/airflow/.local/lib/python3.12/site-packages/airflow/example_dags/example_sla_dag.py for tasks to queue
[2025-07-06T04:34:23.596+0000] {logging_mixin.py:190} INFO - [2025-07-06T04:34:23.595+0000] {dagbag.py:588} INFO - Filling up the DagBag from /home/airflow/.local/lib/python3.12/site-packages/airflow/example_dags/example_sla_dag.py
[2025-07-06T04:34:23.608+0000] {processor.py:925} INFO - DAG(s) 'example_sla_dag' retrieved from /home/airflow/.local/lib/python3.12/site-packages/airflow/example_dags/example_sla_dag.py
[2025-07-06T04:34:23.629+0000] {logging_mixin.py:190} INFO - [2025-07-06T04:34:23.629+0000] {dag.py:3239} INFO - Sync 1 DAGs
[2025-07-06T04:34:23.656+0000] {logging_mixin.py:190} INFO - [2025-07-06T04:34:23.656+0000] {dag.py:4180} INFO - Setting next_dagrun for example_sla_dag to 2025-07-06 04:32:00+00:00, run_after=2025-07-06 04:34:00+00:00
[2025-07-06T04:34:23.670+0000] {processor.py:208} INFO - Processing /home/airflow/.local/lib/python3.12/site-packages/airflow/example_dags/example_sla_dag.py took 0.085 seconds
[2025-07-06T04:34:54.279+0000] {processor.py:186} INFO - Started process (PID=219) to work on /home/airflow/.local/lib/python3.12/site-packages/airflow/example_dags/example_sla_dag.py
[2025-07-06T04:34:54.280+0000] {processor.py:914} INFO - Processing file /home/airflow/.local/lib/python3.12/site-packages/airflow/example_dags/example_sla_dag.py for tasks to queue
[2025-07-06T04:34:54.283+0000] {logging_mixin.py:190} INFO - [2025-07-06T04:34:54.282+0000] {dagbag.py:588} INFO - Filling up the DagBag from /home/airflow/.local/lib/python3.12/site-packages/airflow/example_dags/example_sla_dag.py
[2025-07-06T04:34:54.295+0000] {processor.py:925} INFO - DAG(s) 'example_sla_dag' retrieved from /home/airflow/.local/lib/python3.12/site-packages/airflow/example_dags/example_sla_dag.py
[2025-07-06T04:34:54.317+0000] {logging_mixin.py:190} INFO - [2025-07-06T04:34:54.317+0000] {dag.py:3239} INFO - Sync 1 DAGs
[2025-07-06T04:34:54.343+0000] {logging_mixin.py:190} INFO - [2025-07-06T04:34:54.343+0000] {dag.py:4180} INFO - Setting next_dagrun for example_sla_dag to 2025-07-06 04:32:00+00:00, run_after=2025-07-06 04:34:00+00:00
[2025-07-06T04:34:54.358+0000] {processor.py:208} INFO - Processing /home/airflow/.local/lib/python3.12/site-packages/airflow/example_dags/example_sla_dag.py took 0.086 seconds
[2025-07-06T04:35:25.832+0000] {processor.py:186} INFO - Started process (PID=281) to work on /home/airflow/.local/lib/python3.12/site-packages/airflow/example_dags/example_sla_dag.py
[2025-07-06T04:35:25.839+0000] {processor.py:914} INFO - Processing file /home/airflow/.local/lib/python3.12/site-packages/airflow/example_dags/example_sla_dag.py for tasks to queue
[2025-07-06T04:35:25.846+0000] {logging_mixin.py:190} INFO - [2025-07-06T04:35:25.846+0000] {dagbag.py:588} INFO - Filling up the DagBag from /home/airflow/.local/lib/python3.12/site-packages/airflow/example_dags/example_sla_dag.py
[2025-07-06T04:35:25.896+0000] {processor.py:925} INFO - DAG(s) 'example_sla_dag' retrieved from /home/airflow/.local/lib/python3.12/site-packages/airflow/example_dags/example_sla_dag.py
[2025-07-06T04:35:25.938+0000] {logging_mixin.py:190} INFO - [2025-07-06T04:35:25.938+0000] {dag.py:3239} INFO - Sync 1 DAGs
[2025-07-06T04:35:26.028+0000] {logging_mixin.py:190} INFO - [2025-07-06T04:35:26.028+0000] {dag.py:4180} INFO - Setting next_dagrun for example_sla_dag to 2025-07-06 04:32:00+00:00, run_after=2025-07-06 04:34:00+00:00
[2025-07-06T04:35:26.069+0000] {processor.py:208} INFO - Processing /home/airflow/.local/lib/python3.12/site-packages/airflow/example_dags/example_sla_dag.py took 0.280 seconds
[2025-07-06T04:35:59.907+0000] {processor.py:186} INFO - Started process (PID=332) to work on /home/airflow/.local/lib/python3.12/site-packages/airflow/example_dags/example_sla_dag.py
[2025-07-06T04:35:59.908+0000] {processor.py:914} INFO - Processing file /home/airflow/.local/lib/python3.12/site-packages/airflow/example_dags/example_sla_dag.py for tasks to queue
[2025-07-06T04:35:59.915+0000] {logging_mixin.py:190} INFO - [2025-07-06T04:35:59.912+0000] {dagbag.py:588} INFO - Filling up the DagBag from /home/airflow/.local/lib/python3.12/site-packages/airflow/example_dags/example_sla_dag.py
[2025-07-06T04:35:59.943+0000] {processor.py:925} INFO - DAG(s) 'example_sla_dag' retrieved from /home/airflow/.local/lib/python3.12/site-packages/airflow/example_dags/example_sla_dag.py
[2025-07-06T04:35:59.989+0000] {logging_mixin.py:190} INFO - [2025-07-06T04:35:59.989+0000] {dag.py:3239} INFO - Sync 1 DAGs
[2025-07-06T04:36:00.063+0000] {logging_mixin.py:190} INFO - [2025-07-06T04:36:00.063+0000] {dag.py:4180} INFO - Setting next_dagrun for example_sla_dag to 2025-07-06 04:34:00+00:00, run_after=2025-07-06 04:36:00+00:00
[2025-07-06T04:36:00.133+0000] {processor.py:208} INFO - Processing /home/airflow/.local/lib/python3.12/site-packages/airflow/example_dags/example_sla_dag.py took 0.233 seconds
[2025-07-06T04:36:31.097+0000] {processor.py:186} INFO - Started process (PID=395) to work on /home/airflow/.local/lib/python3.12/site-packages/airflow/example_dags/example_sla_dag.py
[2025-07-06T04:36:31.101+0000] {processor.py:914} INFO - Processing file /home/airflow/.local/lib/python3.12/site-packages/airflow/example_dags/example_sla_dag.py for tasks to queue
[2025-07-06T04:36:31.108+0000] {logging_mixin.py:190} INFO - [2025-07-06T04:36:31.107+0000] {dagbag.py:588} INFO - Filling up the DagBag from /home/airflow/.local/lib/python3.12/site-packages/airflow/example_dags/example_sla_dag.py
[2025-07-06T04:36:31.163+0000] {processor.py:925} INFO - DAG(s) 'example_sla_dag' retrieved from /home/airflow/.local/lib/python3.12/site-packages/airflow/example_dags/example_sla_dag.py
[2025-07-06T04:36:31.254+0000] {logging_mixin.py:190} INFO - [2025-07-06T04:36:31.254+0000] {dag.py:3239} INFO - Sync 1 DAGs
[2025-07-06T04:36:31.387+0000] {logging_mixin.py:190} INFO - [2025-07-06T04:36:31.387+0000] {dag.py:4180} INFO - Setting next_dagrun for example_sla_dag to 2025-07-06 04:34:00+00:00, run_after=2025-07-06 04:36:00+00:00
[2025-07-06T04:36:31.472+0000] {processor.py:208} INFO - Processing /home/airflow/.local/lib/python3.12/site-packages/airflow/example_dags/example_sla_dag.py took 0.410 seconds
[2025-07-06T04:37:01.667+0000] {processor.py:186} INFO - Started process (PID=458) to work on /home/airflow/.local/lib/python3.12/site-packages/airflow/example_dags/example_sla_dag.py
[2025-07-06T04:37:01.668+0000] {processor.py:914} INFO - Processing file /home/airflow/.local/lib/python3.12/site-packages/airflow/example_dags/example_sla_dag.py for tasks to queue
[2025-07-06T04:37:01.670+0000] {logging_mixin.py:190} INFO - [2025-07-06T04:37:01.669+0000] {dagbag.py:588} INFO - Filling up the DagBag from /home/airflow/.local/lib/python3.12/site-packages/airflow/example_dags/example_sla_dag.py
[2025-07-06T04:37:01.678+0000] {processor.py:925} INFO - DAG(s) 'example_sla_dag' retrieved from /home/airflow/.local/lib/python3.12/site-packages/airflow/example_dags/example_sla_dag.py
[2025-07-06T04:37:01.694+0000] {logging_mixin.py:190} INFO - [2025-07-06T04:37:01.694+0000] {dag.py:3239} INFO - Sync 1 DAGs
[2025-07-06T04:37:01.717+0000] {logging_mixin.py:190} INFO - [2025-07-06T04:37:01.716+0000] {dag.py:4180} INFO - Setting next_dagrun for example_sla_dag to 2025-07-06 04:34:00+00:00, run_after=2025-07-06 04:36:00+00:00
[2025-07-06T04:37:01.731+0000] {processor.py:208} INFO - Processing /home/airflow/.local/lib/python3.12/site-packages/airflow/example_dags/example_sla_dag.py took 0.070 seconds
[2025-07-06T04:37:32.126+0000] {processor.py:186} INFO - Started process (PID=521) to work on /home/airflow/.local/lib/python3.12/site-packages/airflow/example_dags/example_sla_dag.py
[2025-07-06T04:37:32.127+0000] {processor.py:914} INFO - Processing file /home/airflow/.local/lib/python3.12/site-packages/airflow/example_dags/example_sla_dag.py for tasks to queue
[2025-07-06T04:37:32.129+0000] {logging_mixin.py:190} INFO - [2025-07-06T04:37:32.128+0000] {dagbag.py:588} INFO - Filling up the DagBag from /home/airflow/.local/lib/python3.12/site-packages/airflow/example_dags/example_sla_dag.py
[2025-07-06T04:37:32.142+0000] {processor.py:925} INFO - DAG(s) 'example_sla_dag' retrieved from /home/airflow/.local/lib/python3.12/site-packages/airflow/example_dags/example_sla_dag.py
[2025-07-06T04:37:32.162+0000] {logging_mixin.py:190} INFO - [2025-07-06T04:37:32.162+0000] {dag.py:3239} INFO - Sync 1 DAGs
[2025-07-06T04:37:32.188+0000] {logging_mixin.py:190} INFO - [2025-07-06T04:37:32.188+0000] {dag.py:4180} INFO - Setting next_dagrun for example_sla_dag to 2025-07-06 04:34:00+00:00, run_after=2025-07-06 04:36:00+00:00
[2025-07-06T04:37:32.203+0000] {processor.py:208} INFO - Processing /home/airflow/.local/lib/python3.12/site-packages/airflow/example_dags/example_sla_dag.py took 0.084 seconds
[2025-07-06T04:38:02.708+0000] {processor.py:186} INFO - Started process (PID=583) to work on /home/airflow/.local/lib/python3.12/site-packages/airflow/example_dags/example_sla_dag.py
[2025-07-06T04:38:02.709+0000] {processor.py:914} INFO - Processing file /home/airflow/.local/lib/python3.12/site-packages/airflow/example_dags/example_sla_dag.py for tasks to queue
[2025-07-06T04:38:02.713+0000] {logging_mixin.py:190} INFO - [2025-07-06T04:38:02.712+0000] {dagbag.py:588} INFO - Filling up the DagBag from /home/airflow/.local/lib/python3.12/site-packages/airflow/example_dags/example_sla_dag.py
[2025-07-06T04:38:02.727+0000] {processor.py:925} INFO - DAG(s) 'example_sla_dag' retrieved from /home/airflow/.local/lib/python3.12/site-packages/airflow/example_dags/example_sla_dag.py
[2025-07-06T04:38:02.747+0000] {logging_mixin.py:190} INFO - [2025-07-06T04:38:02.747+0000] {dag.py:3239} INFO - Sync 1 DAGs
[2025-07-06T04:38:02.779+0000] {logging_mixin.py:190} INFO - [2025-07-06T04:38:02.779+0000] {dag.py:4180} INFO - Setting next_dagrun for example_sla_dag to 2025-07-06 04:36:00+00:00, run_after=2025-07-06 04:38:00+00:00
[2025-07-06T04:38:02.800+0000] {processor.py:208} INFO - Processing /home/airflow/.local/lib/python3.12/site-packages/airflow/example_dags/example_sla_dag.py took 0.098 seconds
[2025-07-06T04:38:32.971+0000] {processor.py:186} INFO - Started process (PID=646) to work on /home/airflow/.local/lib/python3.12/site-packages/airflow/example_dags/example_sla_dag.py
[2025-07-06T04:38:32.973+0000] {processor.py:914} INFO - Processing file /home/airflow/.local/lib/python3.12/site-packages/airflow/example_dags/example_sla_dag.py for tasks to queue
[2025-07-06T04:38:32.979+0000] {logging_mixin.py:190} INFO - [2025-07-06T04:38:32.978+0000] {dagbag.py:588} INFO - Filling up the DagBag from /home/airflow/.local/lib/python3.12/site-packages/airflow/example_dags/example_sla_dag.py
[2025-07-06T04:38:33.012+0000] {processor.py:925} INFO - DAG(s) 'example_sla_dag' retrieved from /home/airflow/.local/lib/python3.12/site-packages/airflow/example_dags/example_sla_dag.py
[2025-07-06T04:38:33.038+0000] {logging_mixin.py:190} INFO - [2025-07-06T04:38:33.038+0000] {dag.py:3239} INFO - Sync 1 DAGs
[2025-07-06T04:38:33.139+0000] {logging_mixin.py:190} INFO - [2025-07-06T04:38:33.138+0000] {dag.py:4180} INFO - Setting next_dagrun for example_sla_dag to 2025-07-06 04:36:00+00:00, run_after=2025-07-06 04:38:00+00:00
[2025-07-06T04:38:33.185+0000] {processor.py:208} INFO - Processing /home/airflow/.local/lib/python3.12/site-packages/airflow/example_dags/example_sla_dag.py took 0.227 seconds
[2025-07-06T04:39:04.121+0000] {processor.py:186} INFO - Started process (PID=711) to work on /home/airflow/.local/lib/python3.12/site-packages/airflow/example_dags/example_sla_dag.py
[2025-07-06T04:39:04.122+0000] {processor.py:914} INFO - Processing file /home/airflow/.local/lib/python3.12/site-packages/airflow/example_dags/example_sla_dag.py for tasks to queue
[2025-07-06T04:39:04.125+0000] {logging_mixin.py:190} INFO - [2025-07-06T04:39:04.124+0000] {dagbag.py:588} INFO - Filling up the DagBag from /home/airflow/.local/lib/python3.12/site-packages/airflow/example_dags/example_sla_dag.py
[2025-07-06T04:39:04.137+0000] {processor.py:925} INFO - DAG(s) 'example_sla_dag' retrieved from /home/airflow/.local/lib/python3.12/site-packages/airflow/example_dags/example_sla_dag.py
[2025-07-06T04:39:04.161+0000] {logging_mixin.py:190} INFO - [2025-07-06T04:39:04.160+0000] {dag.py:3239} INFO - Sync 1 DAGs
[2025-07-06T04:39:04.198+0000] {logging_mixin.py:190} INFO - [2025-07-06T04:39:04.197+0000] {dag.py:4180} INFO - Setting next_dagrun for example_sla_dag to 2025-07-06 04:36:00+00:00, run_after=2025-07-06 04:38:00+00:00
[2025-07-06T04:39:04.216+0000] {processor.py:208} INFO - Processing /home/airflow/.local/lib/python3.12/site-packages/airflow/example_dags/example_sla_dag.py took 0.102 seconds
[2025-07-06T04:39:35.179+0000] {processor.py:186} INFO - Started process (PID=775) to work on /home/airflow/.local/lib/python3.12/site-packages/airflow/example_dags/example_sla_dag.py
[2025-07-06T04:39:35.187+0000] {processor.py:914} INFO - Processing file /home/airflow/.local/lib/python3.12/site-packages/airflow/example_dags/example_sla_dag.py for tasks to queue
[2025-07-06T04:39:35.194+0000] {logging_mixin.py:190} INFO - [2025-07-06T04:39:35.194+0000] {dagbag.py:588} INFO - Filling up the DagBag from /home/airflow/.local/lib/python3.12/site-packages/airflow/example_dags/example_sla_dag.py
[2025-07-06T04:39:35.243+0000] {processor.py:925} INFO - DAG(s) 'example_sla_dag' retrieved from /home/airflow/.local/lib/python3.12/site-packages/airflow/example_dags/example_sla_dag.py
[2025-07-06T04:39:35.287+0000] {logging_mixin.py:190} INFO - [2025-07-06T04:39:35.287+0000] {dag.py:3239} INFO - Sync 1 DAGs
[2025-07-06T04:39:35.341+0000] {logging_mixin.py:190} INFO - [2025-07-06T04:39:35.341+0000] {dag.py:4180} INFO - Setting next_dagrun for example_sla_dag to 2025-07-06 04:36:00+00:00, run_after=2025-07-06 04:38:00+00:00
[2025-07-06T04:39:35.362+0000] {processor.py:208} INFO - Processing /home/airflow/.local/lib/python3.12/site-packages/airflow/example_dags/example_sla_dag.py took 0.212 seconds
[2025-07-06T04:40:06.320+0000] {processor.py:186} INFO - Started process (PID=839) to work on /home/airflow/.local/lib/python3.12/site-packages/airflow/example_dags/example_sla_dag.py
[2025-07-06T04:40:06.325+0000] {processor.py:914} INFO - Processing file /home/airflow/.local/lib/python3.12/site-packages/airflow/example_dags/example_sla_dag.py for tasks to queue
[2025-07-06T04:40:06.333+0000] {logging_mixin.py:190} INFO - [2025-07-06T04:40:06.333+0000] {dagbag.py:588} INFO - Filling up the DagBag from /home/airflow/.local/lib/python3.12/site-packages/airflow/example_dags/example_sla_dag.py
[2025-07-06T04:40:06.387+0000] {processor.py:925} INFO - DAG(s) 'example_sla_dag' retrieved from /home/airflow/.local/lib/python3.12/site-packages/airflow/example_dags/example_sla_dag.py
[2025-07-06T04:40:06.468+0000] {logging_mixin.py:190} INFO - [2025-07-06T04:40:06.467+0000] {dag.py:3239} INFO - Sync 1 DAGs
[2025-07-06T04:40:06.610+0000] {logging_mixin.py:190} INFO - [2025-07-06T04:40:06.610+0000] {dag.py:4180} INFO - Setting next_dagrun for example_sla_dag to 2025-07-06 04:38:00+00:00, run_after=2025-07-06 04:40:00+00:00
[2025-07-06T04:40:06.676+0000] {processor.py:208} INFO - Processing /home/airflow/.local/lib/python3.12/site-packages/airflow/example_dags/example_sla_dag.py took 0.399 seconds
[2025-07-06T04:40:37.129+0000] {processor.py:186} INFO - Started process (PID=903) to work on /home/airflow/.local/lib/python3.12/site-packages/airflow/example_dags/example_sla_dag.py
[2025-07-06T04:40:37.130+0000] {processor.py:914} INFO - Processing file /home/airflow/.local/lib/python3.12/site-packages/airflow/example_dags/example_sla_dag.py for tasks to queue
[2025-07-06T04:40:37.133+0000] {logging_mixin.py:190} INFO - [2025-07-06T04:40:37.132+0000] {dagbag.py:588} INFO - Filling up the DagBag from /home/airflow/.local/lib/python3.12/site-packages/airflow/example_dags/example_sla_dag.py
[2025-07-06T04:40:37.148+0000] {processor.py:925} INFO - DAG(s) 'example_sla_dag' retrieved from /home/airflow/.local/lib/python3.12/site-packages/airflow/example_dags/example_sla_dag.py
[2025-07-06T04:40:37.187+0000] {logging_mixin.py:190} INFO - [2025-07-06T04:40:37.187+0000] {dag.py:3239} INFO - Sync 1 DAGs
[2025-07-06T04:40:37.241+0000] {logging_mixin.py:190} INFO - [2025-07-06T04:40:37.240+0000] {dag.py:4180} INFO - Setting next_dagrun for example_sla_dag to 2025-07-06 04:38:00+00:00, run_after=2025-07-06 04:40:00+00:00
[2025-07-06T04:40:37.260+0000] {processor.py:208} INFO - Processing /home/airflow/.local/lib/python3.12/site-packages/airflow/example_dags/example_sla_dag.py took 0.138 seconds
[2025-07-06T04:41:07.845+0000] {processor.py:186} INFO - Started process (PID=967) to work on /home/airflow/.local/lib/python3.12/site-packages/airflow/example_dags/example_sla_dag.py
[2025-07-06T04:41:07.846+0000] {processor.py:914} INFO - Processing file /home/airflow/.local/lib/python3.12/site-packages/airflow/example_dags/example_sla_dag.py for tasks to queue
[2025-07-06T04:41:07.849+0000] {logging_mixin.py:190} INFO - [2025-07-06T04:41:07.848+0000] {dagbag.py:588} INFO - Filling up the DagBag from /home/airflow/.local/lib/python3.12/site-packages/airflow/example_dags/example_sla_dag.py
[2025-07-06T04:41:07.861+0000] {processor.py:925} INFO - DAG(s) 'example_sla_dag' retrieved from /home/airflow/.local/lib/python3.12/site-packages/airflow/example_dags/example_sla_dag.py
[2025-07-06T04:41:07.884+0000] {logging_mixin.py:190} INFO - [2025-07-06T04:41:07.883+0000] {dag.py:3239} INFO - Sync 1 DAGs
[2025-07-06T04:41:07.916+0000] {logging_mixin.py:190} INFO - [2025-07-06T04:41:07.916+0000] {dag.py:4180} INFO - Setting next_dagrun for example_sla_dag to 2025-07-06 04:38:00+00:00, run_after=2025-07-06 04:40:00+00:00
[2025-07-06T04:41:07.934+0000] {processor.py:208} INFO - Processing /home/airflow/.local/lib/python3.12/site-packages/airflow/example_dags/example_sla_dag.py took 0.096 seconds
[2025-07-06T04:41:38.335+0000] {processor.py:186} INFO - Started process (PID=1031) to work on /home/airflow/.local/lib/python3.12/site-packages/airflow/example_dags/example_sla_dag.py
[2025-07-06T04:41:38.336+0000] {processor.py:914} INFO - Processing file /home/airflow/.local/lib/python3.12/site-packages/airflow/example_dags/example_sla_dag.py for tasks to queue
[2025-07-06T04:41:38.339+0000] {logging_mixin.py:190} INFO - [2025-07-06T04:41:38.339+0000] {dagbag.py:588} INFO - Filling up the DagBag from /home/airflow/.local/lib/python3.12/site-packages/airflow/example_dags/example_sla_dag.py
[2025-07-06T04:41:38.353+0000] {processor.py:925} INFO - DAG(s) 'example_sla_dag' retrieved from /home/airflow/.local/lib/python3.12/site-packages/airflow/example_dags/example_sla_dag.py
[2025-07-06T04:41:38.376+0000] {logging_mixin.py:190} INFO - [2025-07-06T04:41:38.376+0000] {dag.py:3239} INFO - Sync 1 DAGs
[2025-07-06T04:41:38.408+0000] {logging_mixin.py:190} INFO - [2025-07-06T04:41:38.408+0000] {dag.py:4180} INFO - Setting next_dagrun for example_sla_dag to 2025-07-06 04:38:00+00:00, run_after=2025-07-06 04:40:00+00:00
[2025-07-06T04:41:38.427+0000] {processor.py:208} INFO - Processing /home/airflow/.local/lib/python3.12/site-packages/airflow/example_dags/example_sla_dag.py took 0.107 seconds
[2025-07-06T04:42:08.664+0000] {processor.py:186} INFO - Started process (PID=1095) to work on /home/airflow/.local/lib/python3.12/site-packages/airflow/example_dags/example_sla_dag.py
[2025-07-06T04:42:08.664+0000] {processor.py:914} INFO - Processing file /home/airflow/.local/lib/python3.12/site-packages/airflow/example_dags/example_sla_dag.py for tasks to queue
[2025-07-06T04:42:08.667+0000] {logging_mixin.py:190} INFO - [2025-07-06T04:42:08.667+0000] {dagbag.py:588} INFO - Filling up the DagBag from /home/airflow/.local/lib/python3.12/site-packages/airflow/example_dags/example_sla_dag.py
[2025-07-06T04:42:08.682+0000] {processor.py:925} INFO - DAG(s) 'example_sla_dag' retrieved from /home/airflow/.local/lib/python3.12/site-packages/airflow/example_dags/example_sla_dag.py
[2025-07-06T04:42:08.705+0000] {logging_mixin.py:190} INFO - [2025-07-06T04:42:08.704+0000] {dag.py:3239} INFO - Sync 1 DAGs
[2025-07-06T04:42:08.736+0000] {logging_mixin.py:190} INFO - [2025-07-06T04:42:08.736+0000] {dag.py:4180} INFO - Setting next_dagrun for example_sla_dag to 2025-07-06 04:40:00+00:00, run_after=2025-07-06 04:42:00+00:00
[2025-07-06T04:42:08.754+0000] {processor.py:208} INFO - Processing /home/airflow/.local/lib/python3.12/site-packages/airflow/example_dags/example_sla_dag.py took 0.098 seconds
[2025-07-06T04:42:39.350+0000] {processor.py:186} INFO - Started process (PID=1157) to work on /home/airflow/.local/lib/python3.12/site-packages/airflow/example_dags/example_sla_dag.py
[2025-07-06T04:42:39.351+0000] {processor.py:914} INFO - Processing file /home/airflow/.local/lib/python3.12/site-packages/airflow/example_dags/example_sla_dag.py for tasks to queue
[2025-07-06T04:42:39.354+0000] {logging_mixin.py:190} INFO - [2025-07-06T04:42:39.354+0000] {dagbag.py:588} INFO - Filling up the DagBag from /home/airflow/.local/lib/python3.12/site-packages/airflow/example_dags/example_sla_dag.py
[2025-07-06T04:42:39.367+0000] {processor.py:925} INFO - DAG(s) 'example_sla_dag' retrieved from /home/airflow/.local/lib/python3.12/site-packages/airflow/example_dags/example_sla_dag.py
[2025-07-06T04:42:39.391+0000] {logging_mixin.py:190} INFO - [2025-07-06T04:42:39.390+0000] {dag.py:3239} INFO - Sync 1 DAGs
[2025-07-06T04:42:39.428+0000] {logging_mixin.py:190} INFO - [2025-07-06T04:42:39.428+0000] {dag.py:4180} INFO - Setting next_dagrun for example_sla_dag to 2025-07-06 04:40:00+00:00, run_after=2025-07-06 04:42:00+00:00
[2025-07-06T04:42:39.458+0000] {processor.py:208} INFO - Processing /home/airflow/.local/lib/python3.12/site-packages/airflow/example_dags/example_sla_dag.py took 0.114 seconds
[2025-07-06T04:43:10.335+0000] {processor.py:186} INFO - Started process (PID=1221) to work on /home/airflow/.local/lib/python3.12/site-packages/airflow/example_dags/example_sla_dag.py
[2025-07-06T04:43:10.336+0000] {processor.py:914} INFO - Processing file /home/airflow/.local/lib/python3.12/site-packages/airflow/example_dags/example_sla_dag.py for tasks to queue
[2025-07-06T04:43:10.338+0000] {logging_mixin.py:190} INFO - [2025-07-06T04:43:10.338+0000] {dagbag.py:588} INFO - Filling up the DagBag from /home/airflow/.local/lib/python3.12/site-packages/airflow/example_dags/example_sla_dag.py
[2025-07-06T04:43:10.351+0000] {processor.py:925} INFO - DAG(s) 'example_sla_dag' retrieved from /home/airflow/.local/lib/python3.12/site-packages/airflow/example_dags/example_sla_dag.py
[2025-07-06T04:43:10.373+0000] {logging_mixin.py:190} INFO - [2025-07-06T04:43:10.373+0000] {dag.py:3239} INFO - Sync 1 DAGs
[2025-07-06T04:43:10.417+0000] {logging_mixin.py:190} INFO - [2025-07-06T04:43:10.417+0000] {dag.py:4180} INFO - Setting next_dagrun for example_sla_dag to 2025-07-06 04:40:00+00:00, run_after=2025-07-06 04:42:00+00:00
[2025-07-06T04:43:10.435+0000] {processor.py:208} INFO - Processing /home/airflow/.local/lib/python3.12/site-packages/airflow/example_dags/example_sla_dag.py took 0.107 seconds
