[2025-07-06T04:34:07.346+0000] {processor.py:186} INFO - Started process (PID=105) to work on /home/airflow/.local/lib/python3.12/site-packages/airflow/example_dags/example_trigger_target_dag.py
[2025-07-06T04:34:07.351+0000] {processor.py:914} INFO - Processing file /home/airflow/.local/lib/python3.12/site-packages/airflow/example_dags/example_trigger_target_dag.py for tasks to queue
[2025-07-06T04:34:07.363+0000] {logging_mixin.py:190} INFO - [2025-07-06T04:34:07.363+0000] {dagbag.py:588} INFO - Filling up the DagBag from /home/airflow/.local/lib/python3.12/site-packages/airflow/example_dags/example_trigger_target_dag.py
[2025-07-06T04:34:07.426+0000] {processor.py:925} INFO - DAG(s) 'example_trigger_target_dag' retrieved from /home/airflow/.local/lib/python3.12/site-packages/airflow/example_dags/example_trigger_target_dag.py
[2025-07-06T04:34:08.220+0000] {logging_mixin.py:190} INFO - [2025-07-06T04:34:08.218+0000] {override.py:1911} INFO - Created Permission View: can delete on DAG:example_trigger_target_dag
[2025-07-06T04:34:08.261+0000] {logging_mixin.py:190} INFO - [2025-07-06T04:34:08.260+0000] {override.py:1911} INFO - Created Permission View: can edit on DAG:example_trigger_target_dag
[2025-07-06T04:34:08.288+0000] {logging_mixin.py:190} INFO - [2025-07-06T04:34:08.287+0000] {override.py:1911} INFO - Created Permission View: can read on DAG:example_trigger_target_dag
[2025-07-06T04:34:08.318+0000] {logging_mixin.py:190} INFO - [2025-07-06T04:34:08.317+0000] {override.py:1911} INFO - Created Permission View: can delete on DAG Run:example_trigger_target_dag
[2025-07-06T04:34:08.330+0000] {logging_mixin.py:190} INFO - [2025-07-06T04:34:08.330+0000] {override.py:1911} INFO - Created Permission View: menu access on DAG Run:example_trigger_target_dag
[2025-07-06T04:34:08.343+0000] {logging_mixin.py:190} INFO - [2025-07-06T04:34:08.343+0000] {override.py:1911} INFO - Created Permission View: can create on DAG Run:example_trigger_target_dag
[2025-07-06T04:34:08.356+0000] {logging_mixin.py:190} INFO - [2025-07-06T04:34:08.355+0000] {override.py:1911} INFO - Created Permission View: can read on DAG Run:example_trigger_target_dag
[2025-07-06T04:34:08.356+0000] {logging_mixin.py:190} INFO - [2025-07-06T04:34:08.356+0000] {dag.py:3239} INFO - Sync 1 DAGs
[2025-07-06T04:34:08.399+0000] {logging_mixin.py:190} INFO - [2025-07-06T04:34:08.398+0000] {dag.py:3262} INFO - Creating ORM DAG for example_trigger_target_dag
[2025-07-06T04:34:08.399+0000] {logging_mixin.py:190} INFO - [2025-07-06T04:34:08.399+0000] {dag.py:4180} INFO - Setting next_dagrun for example_trigger_target_dag to None, run_after=None
[2025-07-06T04:34:08.436+0000] {processor.py:208} INFO - Processing /home/airflow/.local/lib/python3.12/site-packages/airflow/example_dags/example_trigger_target_dag.py took 1.127 seconds
[2025-07-06T04:34:39.040+0000] {processor.py:186} INFO - Started process (PID=167) to work on /home/airflow/.local/lib/python3.12/site-packages/airflow/example_dags/example_trigger_target_dag.py
[2025-07-06T04:34:39.043+0000] {processor.py:914} INFO - Processing file /home/airflow/.local/lib/python3.12/site-packages/airflow/example_dags/example_trigger_target_dag.py for tasks to queue
[2025-07-06T04:34:39.051+0000] {logging_mixin.py:190} INFO - [2025-07-06T04:34:39.051+0000] {dagbag.py:588} INFO - Filling up the DagBag from /home/airflow/.local/lib/python3.12/site-packages/airflow/example_dags/example_trigger_target_dag.py
[2025-07-06T04:34:39.086+0000] {processor.py:925} INFO - DAG(s) 'example_trigger_target_dag' retrieved from /home/airflow/.local/lib/python3.12/site-packages/airflow/example_dags/example_trigger_target_dag.py
[2025-07-06T04:34:39.167+0000] {logging_mixin.py:190} INFO - [2025-07-06T04:34:39.166+0000] {dag.py:3239} INFO - Sync 1 DAGs
[2025-07-06T04:34:39.228+0000] {logging_mixin.py:190} INFO - [2025-07-06T04:34:39.226+0000] {dag.py:4180} INFO - Setting next_dagrun for example_trigger_target_dag to None, run_after=None
[2025-07-06T04:34:39.279+0000] {processor.py:208} INFO - Processing /home/airflow/.local/lib/python3.12/site-packages/airflow/example_dags/example_trigger_target_dag.py took 0.267 seconds
[2025-07-06T04:35:09.374+0000] {processor.py:186} INFO - Started process (PID=230) to work on /home/airflow/.local/lib/python3.12/site-packages/airflow/example_dags/example_trigger_target_dag.py
[2025-07-06T04:35:09.374+0000] {processor.py:914} INFO - Processing file /home/airflow/.local/lib/python3.12/site-packages/airflow/example_dags/example_trigger_target_dag.py for tasks to queue
[2025-07-06T04:35:09.376+0000] {logging_mixin.py:190} INFO - [2025-07-06T04:35:09.376+0000] {dagbag.py:588} INFO - Filling up the DagBag from /home/airflow/.local/lib/python3.12/site-packages/airflow/example_dags/example_trigger_target_dag.py
[2025-07-06T04:35:09.382+0000] {processor.py:925} INFO - DAG(s) 'example_trigger_target_dag' retrieved from /home/airflow/.local/lib/python3.12/site-packages/airflow/example_dags/example_trigger_target_dag.py
[2025-07-06T04:35:09.401+0000] {logging_mixin.py:190} INFO - [2025-07-06T04:35:09.400+0000] {dag.py:3239} INFO - Sync 1 DAGs
[2025-07-06T04:35:09.423+0000] {logging_mixin.py:190} INFO - [2025-07-06T04:35:09.423+0000] {dag.py:4180} INFO - Setting next_dagrun for example_trigger_target_dag to None, run_after=None
[2025-07-06T04:35:09.444+0000] {processor.py:208} INFO - Processing /home/airflow/.local/lib/python3.12/site-packages/airflow/example_dags/example_trigger_target_dag.py took 0.075 seconds
[2025-07-06T04:35:39.837+0000] {processor.py:186} INFO - Started process (PID=292) to work on /home/airflow/.local/lib/python3.12/site-packages/airflow/example_dags/example_trigger_target_dag.py
[2025-07-06T04:35:39.837+0000] {processor.py:914} INFO - Processing file /home/airflow/.local/lib/python3.12/site-packages/airflow/example_dags/example_trigger_target_dag.py for tasks to queue
[2025-07-06T04:35:39.840+0000] {logging_mixin.py:190} INFO - [2025-07-06T04:35:39.839+0000] {dagbag.py:588} INFO - Filling up the DagBag from /home/airflow/.local/lib/python3.12/site-packages/airflow/example_dags/example_trigger_target_dag.py
[2025-07-06T04:35:39.849+0000] {processor.py:925} INFO - DAG(s) 'example_trigger_target_dag' retrieved from /home/airflow/.local/lib/python3.12/site-packages/airflow/example_dags/example_trigger_target_dag.py
[2025-07-06T04:35:39.872+0000] {logging_mixin.py:190} INFO - [2025-07-06T04:35:39.872+0000] {dag.py:3239} INFO - Sync 1 DAGs
[2025-07-06T04:35:39.890+0000] {logging_mixin.py:190} INFO - [2025-07-06T04:35:39.890+0000] {dag.py:4180} INFO - Setting next_dagrun for example_trigger_target_dag to None, run_after=None
[2025-07-06T04:35:39.910+0000] {processor.py:208} INFO - Processing /home/airflow/.local/lib/python3.12/site-packages/airflow/example_dags/example_trigger_target_dag.py took 0.081 seconds
[2025-07-06T04:36:10.989+0000] {processor.py:186} INFO - Started process (PID=355) to work on /home/airflow/.local/lib/python3.12/site-packages/airflow/example_dags/example_trigger_target_dag.py
[2025-07-06T04:36:10.993+0000] {processor.py:914} INFO - Processing file /home/airflow/.local/lib/python3.12/site-packages/airflow/example_dags/example_trigger_target_dag.py for tasks to queue
[2025-07-06T04:36:10.999+0000] {logging_mixin.py:190} INFO - [2025-07-06T04:36:10.999+0000] {dagbag.py:588} INFO - Filling up the DagBag from /home/airflow/.local/lib/python3.12/site-packages/airflow/example_dags/example_trigger_target_dag.py
[2025-07-06T04:36:11.031+0000] {processor.py:925} INFO - DAG(s) 'example_trigger_target_dag' retrieved from /home/airflow/.local/lib/python3.12/site-packages/airflow/example_dags/example_trigger_target_dag.py
[2025-07-06T04:36:11.091+0000] {logging_mixin.py:190} INFO - [2025-07-06T04:36:11.090+0000] {dag.py:3239} INFO - Sync 1 DAGs
[2025-07-06T04:36:11.136+0000] {logging_mixin.py:190} INFO - [2025-07-06T04:36:11.135+0000] {dag.py:4180} INFO - Setting next_dagrun for example_trigger_target_dag to None, run_after=None
[2025-07-06T04:36:11.250+0000] {processor.py:208} INFO - Processing /home/airflow/.local/lib/python3.12/site-packages/airflow/example_dags/example_trigger_target_dag.py took 0.285 seconds
[2025-07-06T04:36:42.012+0000] {processor.py:186} INFO - Started process (PID=418) to work on /home/airflow/.local/lib/python3.12/site-packages/airflow/example_dags/example_trigger_target_dag.py
[2025-07-06T04:36:42.013+0000] {processor.py:914} INFO - Processing file /home/airflow/.local/lib/python3.12/site-packages/airflow/example_dags/example_trigger_target_dag.py for tasks to queue
[2025-07-06T04:36:42.015+0000] {logging_mixin.py:190} INFO - [2025-07-06T04:36:42.014+0000] {dagbag.py:588} INFO - Filling up the DagBag from /home/airflow/.local/lib/python3.12/site-packages/airflow/example_dags/example_trigger_target_dag.py
[2025-07-06T04:36:42.023+0000] {processor.py:925} INFO - DAG(s) 'example_trigger_target_dag' retrieved from /home/airflow/.local/lib/python3.12/site-packages/airflow/example_dags/example_trigger_target_dag.py
[2025-07-06T04:36:42.046+0000] {logging_mixin.py:190} INFO - [2025-07-06T04:36:42.046+0000] {dag.py:3239} INFO - Sync 1 DAGs
[2025-07-06T04:36:42.064+0000] {logging_mixin.py:190} INFO - [2025-07-06T04:36:42.064+0000] {dag.py:4180} INFO - Setting next_dagrun for example_trigger_target_dag to None, run_after=None
[2025-07-06T04:36:42.110+0000] {processor.py:208} INFO - Processing /home/airflow/.local/lib/python3.12/site-packages/airflow/example_dags/example_trigger_target_dag.py took 0.106 seconds
[2025-07-06T04:37:12.980+0000] {processor.py:186} INFO - Started process (PID=481) to work on /home/airflow/.local/lib/python3.12/site-packages/airflow/example_dags/example_trigger_target_dag.py
[2025-07-06T04:37:12.985+0000] {processor.py:914} INFO - Processing file /home/airflow/.local/lib/python3.12/site-packages/airflow/example_dags/example_trigger_target_dag.py for tasks to queue
[2025-07-06T04:37:12.996+0000] {logging_mixin.py:190} INFO - [2025-07-06T04:37:12.993+0000] {dagbag.py:588} INFO - Filling up the DagBag from /home/airflow/.local/lib/python3.12/site-packages/airflow/example_dags/example_trigger_target_dag.py
[2025-07-06T04:37:13.006+0000] {processor.py:925} INFO - DAG(s) 'example_trigger_target_dag' retrieved from /home/airflow/.local/lib/python3.12/site-packages/airflow/example_dags/example_trigger_target_dag.py
[2025-07-06T04:37:13.035+0000] {logging_mixin.py:190} INFO - [2025-07-06T04:37:13.034+0000] {dag.py:3239} INFO - Sync 1 DAGs
[2025-07-06T04:37:13.084+0000] {logging_mixin.py:190} INFO - [2025-07-06T04:37:13.084+0000] {dag.py:4180} INFO - Setting next_dagrun for example_trigger_target_dag to None, run_after=None
[2025-07-06T04:37:13.144+0000] {processor.py:208} INFO - Processing /home/airflow/.local/lib/python3.12/site-packages/airflow/example_dags/example_trigger_target_dag.py took 0.193 seconds
[2025-07-06T04:37:43.823+0000] {processor.py:186} INFO - Started process (PID=543) to work on /home/airflow/.local/lib/python3.12/site-packages/airflow/example_dags/example_trigger_target_dag.py
[2025-07-06T04:37:43.824+0000] {processor.py:914} INFO - Processing file /home/airflow/.local/lib/python3.12/site-packages/airflow/example_dags/example_trigger_target_dag.py for tasks to queue
[2025-07-06T04:37:43.826+0000] {logging_mixin.py:190} INFO - [2025-07-06T04:37:43.826+0000] {dagbag.py:588} INFO - Filling up the DagBag from /home/airflow/.local/lib/python3.12/site-packages/airflow/example_dags/example_trigger_target_dag.py
[2025-07-06T04:37:43.836+0000] {processor.py:925} INFO - DAG(s) 'example_trigger_target_dag' retrieved from /home/airflow/.local/lib/python3.12/site-packages/airflow/example_dags/example_trigger_target_dag.py
[2025-07-06T04:37:43.860+0000] {logging_mixin.py:190} INFO - [2025-07-06T04:37:43.860+0000] {dag.py:3239} INFO - Sync 1 DAGs
[2025-07-06T04:37:43.878+0000] {logging_mixin.py:190} INFO - [2025-07-06T04:37:43.878+0000] {dag.py:4180} INFO - Setting next_dagrun for example_trigger_target_dag to None, run_after=None
[2025-07-06T04:37:43.899+0000] {processor.py:208} INFO - Processing /home/airflow/.local/lib/python3.12/site-packages/airflow/example_dags/example_trigger_target_dag.py took 0.083 seconds
[2025-07-06T04:38:14.237+0000] {processor.py:186} INFO - Started process (PID=606) to work on /home/airflow/.local/lib/python3.12/site-packages/airflow/example_dags/example_trigger_target_dag.py
[2025-07-06T04:38:14.238+0000] {processor.py:914} INFO - Processing file /home/airflow/.local/lib/python3.12/site-packages/airflow/example_dags/example_trigger_target_dag.py for tasks to queue
[2025-07-06T04:38:14.240+0000] {logging_mixin.py:190} INFO - [2025-07-06T04:38:14.240+0000] {dagbag.py:588} INFO - Filling up the DagBag from /home/airflow/.local/lib/python3.12/site-packages/airflow/example_dags/example_trigger_target_dag.py
[2025-07-06T04:38:14.247+0000] {processor.py:925} INFO - DAG(s) 'example_trigger_target_dag' retrieved from /home/airflow/.local/lib/python3.12/site-packages/airflow/example_dags/example_trigger_target_dag.py
[2025-07-06T04:38:14.263+0000] {logging_mixin.py:190} INFO - [2025-07-06T04:38:14.263+0000] {dag.py:3239} INFO - Sync 1 DAGs
[2025-07-06T04:38:14.276+0000] {logging_mixin.py:190} INFO - [2025-07-06T04:38:14.276+0000] {dag.py:4180} INFO - Setting next_dagrun for example_trigger_target_dag to None, run_after=None
[2025-07-06T04:38:14.291+0000] {processor.py:208} INFO - Processing /home/airflow/.local/lib/python3.12/site-packages/airflow/example_dags/example_trigger_target_dag.py took 0.059 seconds
[2025-07-06T04:38:44.447+0000] {processor.py:186} INFO - Started process (PID=670) to work on /home/airflow/.local/lib/python3.12/site-packages/airflow/example_dags/example_trigger_target_dag.py
[2025-07-06T04:38:44.448+0000] {processor.py:914} INFO - Processing file /home/airflow/.local/lib/python3.12/site-packages/airflow/example_dags/example_trigger_target_dag.py for tasks to queue
[2025-07-06T04:38:44.450+0000] {logging_mixin.py:190} INFO - [2025-07-06T04:38:44.450+0000] {dagbag.py:588} INFO - Filling up the DagBag from /home/airflow/.local/lib/python3.12/site-packages/airflow/example_dags/example_trigger_target_dag.py
[2025-07-06T04:38:44.460+0000] {processor.py:925} INFO - DAG(s) 'example_trigger_target_dag' retrieved from /home/airflow/.local/lib/python3.12/site-packages/airflow/example_dags/example_trigger_target_dag.py
[2025-07-06T04:38:44.482+0000] {logging_mixin.py:190} INFO - [2025-07-06T04:38:44.482+0000] {dag.py:3239} INFO - Sync 1 DAGs
[2025-07-06T04:38:44.500+0000] {logging_mixin.py:190} INFO - [2025-07-06T04:38:44.500+0000] {dag.py:4180} INFO - Setting next_dagrun for example_trigger_target_dag to None, run_after=None
[2025-07-06T04:38:44.520+0000] {processor.py:208} INFO - Processing /home/airflow/.local/lib/python3.12/site-packages/airflow/example_dags/example_trigger_target_dag.py took 0.080 seconds
[2025-07-06T04:39:14.725+0000] {processor.py:186} INFO - Started process (PID=734) to work on /home/airflow/.local/lib/python3.12/site-packages/airflow/example_dags/example_trigger_target_dag.py
[2025-07-06T04:39:14.726+0000] {processor.py:914} INFO - Processing file /home/airflow/.local/lib/python3.12/site-packages/airflow/example_dags/example_trigger_target_dag.py for tasks to queue
[2025-07-06T04:39:14.729+0000] {logging_mixin.py:190} INFO - [2025-07-06T04:39:14.728+0000] {dagbag.py:588} INFO - Filling up the DagBag from /home/airflow/.local/lib/python3.12/site-packages/airflow/example_dags/example_trigger_target_dag.py
[2025-07-06T04:39:14.738+0000] {processor.py:925} INFO - DAG(s) 'example_trigger_target_dag' retrieved from /home/airflow/.local/lib/python3.12/site-packages/airflow/example_dags/example_trigger_target_dag.py
[2025-07-06T04:39:14.761+0000] {logging_mixin.py:190} INFO - [2025-07-06T04:39:14.760+0000] {dag.py:3239} INFO - Sync 1 DAGs
[2025-07-06T04:39:14.779+0000] {logging_mixin.py:190} INFO - [2025-07-06T04:39:14.778+0000] {dag.py:4180} INFO - Setting next_dagrun for example_trigger_target_dag to None, run_after=None
[2025-07-06T04:39:14.799+0000] {processor.py:208} INFO - Processing /home/airflow/.local/lib/python3.12/site-packages/airflow/example_dags/example_trigger_target_dag.py took 0.081 seconds
[2025-07-06T04:39:45.212+0000] {processor.py:186} INFO - Started process (PID=797) to work on /home/airflow/.local/lib/python3.12/site-packages/airflow/example_dags/example_trigger_target_dag.py
[2025-07-06T04:39:45.215+0000] {processor.py:914} INFO - Processing file /home/airflow/.local/lib/python3.12/site-packages/airflow/example_dags/example_trigger_target_dag.py for tasks to queue
[2025-07-06T04:39:45.218+0000] {logging_mixin.py:190} INFO - [2025-07-06T04:39:45.217+0000] {dagbag.py:588} INFO - Filling up the DagBag from /home/airflow/.local/lib/python3.12/site-packages/airflow/example_dags/example_trigger_target_dag.py
[2025-07-06T04:39:45.233+0000] {processor.py:925} INFO - DAG(s) 'example_trigger_target_dag' retrieved from /home/airflow/.local/lib/python3.12/site-packages/airflow/example_dags/example_trigger_target_dag.py
[2025-07-06T04:39:45.258+0000] {logging_mixin.py:190} INFO - [2025-07-06T04:39:45.257+0000] {dag.py:3239} INFO - Sync 1 DAGs
[2025-07-06T04:39:45.276+0000] {logging_mixin.py:190} INFO - [2025-07-06T04:39:45.276+0000] {dag.py:4180} INFO - Setting next_dagrun for example_trigger_target_dag to None, run_after=None
[2025-07-06T04:39:45.303+0000] {processor.py:208} INFO - Processing /home/airflow/.local/lib/python3.12/site-packages/airflow/example_dags/example_trigger_target_dag.py took 0.102 seconds
[2025-07-06T04:40:15.876+0000] {processor.py:186} INFO - Started process (PID=860) to work on /home/airflow/.local/lib/python3.12/site-packages/airflow/example_dags/example_trigger_target_dag.py
[2025-07-06T04:40:15.877+0000] {processor.py:914} INFO - Processing file /home/airflow/.local/lib/python3.12/site-packages/airflow/example_dags/example_trigger_target_dag.py for tasks to queue
[2025-07-06T04:40:15.879+0000] {logging_mixin.py:190} INFO - [2025-07-06T04:40:15.878+0000] {dagbag.py:588} INFO - Filling up the DagBag from /home/airflow/.local/lib/python3.12/site-packages/airflow/example_dags/example_trigger_target_dag.py
[2025-07-06T04:40:15.885+0000] {processor.py:925} INFO - DAG(s) 'example_trigger_target_dag' retrieved from /home/airflow/.local/lib/python3.12/site-packages/airflow/example_dags/example_trigger_target_dag.py
[2025-07-06T04:40:15.902+0000] {logging_mixin.py:190} INFO - [2025-07-06T04:40:15.902+0000] {dag.py:3239} INFO - Sync 1 DAGs
[2025-07-06T04:40:15.915+0000] {logging_mixin.py:190} INFO - [2025-07-06T04:40:15.914+0000] {dag.py:4180} INFO - Setting next_dagrun for example_trigger_target_dag to None, run_after=None
[2025-07-06T04:40:15.931+0000] {processor.py:208} INFO - Processing /home/airflow/.local/lib/python3.12/site-packages/airflow/example_dags/example_trigger_target_dag.py took 0.060 seconds
[2025-07-06T04:40:46.180+0000] {processor.py:186} INFO - Started process (PID=924) to work on /home/airflow/.local/lib/python3.12/site-packages/airflow/example_dags/example_trigger_target_dag.py
[2025-07-06T04:40:46.183+0000] {processor.py:914} INFO - Processing file /home/airflow/.local/lib/python3.12/site-packages/airflow/example_dags/example_trigger_target_dag.py for tasks to queue
[2025-07-06T04:40:46.190+0000] {logging_mixin.py:190} INFO - [2025-07-06T04:40:46.190+0000] {dagbag.py:588} INFO - Filling up the DagBag from /home/airflow/.local/lib/python3.12/site-packages/airflow/example_dags/example_trigger_target_dag.py
[2025-07-06T04:40:46.203+0000] {processor.py:925} INFO - DAG(s) 'example_trigger_target_dag' retrieved from /home/airflow/.local/lib/python3.12/site-packages/airflow/example_dags/example_trigger_target_dag.py
[2025-07-06T04:40:46.227+0000] {logging_mixin.py:190} INFO - [2025-07-06T04:40:46.227+0000] {dag.py:3239} INFO - Sync 1 DAGs
[2025-07-06T04:40:46.244+0000] {logging_mixin.py:190} INFO - [2025-07-06T04:40:46.244+0000] {dag.py:4180} INFO - Setting next_dagrun for example_trigger_target_dag to None, run_after=None
[2025-07-06T04:40:46.279+0000] {processor.py:208} INFO - Processing /home/airflow/.local/lib/python3.12/site-packages/airflow/example_dags/example_trigger_target_dag.py took 0.132 seconds
[2025-07-06T04:41:17.545+0000] {processor.py:186} INFO - Started process (PID=994) to work on /home/airflow/.local/lib/python3.12/site-packages/airflow/example_dags/example_trigger_target_dag.py
[2025-07-06T04:41:17.549+0000] {processor.py:914} INFO - Processing file /home/airflow/.local/lib/python3.12/site-packages/airflow/example_dags/example_trigger_target_dag.py for tasks to queue
[2025-07-06T04:41:17.555+0000] {logging_mixin.py:190} INFO - [2025-07-06T04:41:17.555+0000] {dagbag.py:588} INFO - Filling up the DagBag from /home/airflow/.local/lib/python3.12/site-packages/airflow/example_dags/example_trigger_target_dag.py
[2025-07-06T04:41:17.595+0000] {processor.py:925} INFO - DAG(s) 'example_trigger_target_dag' retrieved from /home/airflow/.local/lib/python3.12/site-packages/airflow/example_dags/example_trigger_target_dag.py
[2025-07-06T04:41:17.732+0000] {logging_mixin.py:190} INFO - [2025-07-06T04:41:17.732+0000] {dag.py:3239} INFO - Sync 1 DAGs
[2025-07-06T04:41:17.806+0000] {logging_mixin.py:190} INFO - [2025-07-06T04:41:17.805+0000] {dag.py:4180} INFO - Setting next_dagrun for example_trigger_target_dag to None, run_after=None
[2025-07-06T04:41:17.887+0000] {processor.py:208} INFO - Processing /home/airflow/.local/lib/python3.12/site-packages/airflow/example_dags/example_trigger_target_dag.py took 0.363 seconds
[2025-07-06T04:41:48.698+0000] {processor.py:186} INFO - Started process (PID=1058) to work on /home/airflow/.local/lib/python3.12/site-packages/airflow/example_dags/example_trigger_target_dag.py
[2025-07-06T04:41:48.703+0000] {processor.py:914} INFO - Processing file /home/airflow/.local/lib/python3.12/site-packages/airflow/example_dags/example_trigger_target_dag.py for tasks to queue
[2025-07-06T04:41:48.710+0000] {logging_mixin.py:190} INFO - [2025-07-06T04:41:48.710+0000] {dagbag.py:588} INFO - Filling up the DagBag from /home/airflow/.local/lib/python3.12/site-packages/airflow/example_dags/example_trigger_target_dag.py
[2025-07-06T04:41:48.744+0000] {processor.py:925} INFO - DAG(s) 'example_trigger_target_dag' retrieved from /home/airflow/.local/lib/python3.12/site-packages/airflow/example_dags/example_trigger_target_dag.py
[2025-07-06T04:41:48.789+0000] {logging_mixin.py:190} INFO - [2025-07-06T04:41:48.789+0000] {dag.py:3239} INFO - Sync 1 DAGs
[2025-07-06T04:41:48.811+0000] {logging_mixin.py:190} INFO - [2025-07-06T04:41:48.810+0000] {dag.py:4180} INFO - Setting next_dagrun for example_trigger_target_dag to None, run_after=None
[2025-07-06T04:41:48.910+0000] {processor.py:208} INFO - Processing /home/airflow/.local/lib/python3.12/site-packages/airflow/example_dags/example_trigger_target_dag.py took 0.241 seconds
[2025-07-06T04:42:19.806+0000] {processor.py:186} INFO - Started process (PID=1121) to work on /home/airflow/.local/lib/python3.12/site-packages/airflow/example_dags/example_trigger_target_dag.py
[2025-07-06T04:42:19.807+0000] {processor.py:914} INFO - Processing file /home/airflow/.local/lib/python3.12/site-packages/airflow/example_dags/example_trigger_target_dag.py for tasks to queue
[2025-07-06T04:42:19.810+0000] {logging_mixin.py:190} INFO - [2025-07-06T04:42:19.809+0000] {dagbag.py:588} INFO - Filling up the DagBag from /home/airflow/.local/lib/python3.12/site-packages/airflow/example_dags/example_trigger_target_dag.py
[2025-07-06T04:42:19.819+0000] {processor.py:925} INFO - DAG(s) 'example_trigger_target_dag' retrieved from /home/airflow/.local/lib/python3.12/site-packages/airflow/example_dags/example_trigger_target_dag.py
[2025-07-06T04:42:19.841+0000] {logging_mixin.py:190} INFO - [2025-07-06T04:42:19.841+0000] {dag.py:3239} INFO - Sync 1 DAGs
[2025-07-06T04:42:19.860+0000] {logging_mixin.py:190} INFO - [2025-07-06T04:42:19.859+0000] {dag.py:4180} INFO - Setting next_dagrun for example_trigger_target_dag to None, run_after=None
[2025-07-06T04:42:19.880+0000] {processor.py:208} INFO - Processing /home/airflow/.local/lib/python3.12/site-packages/airflow/example_dags/example_trigger_target_dag.py took 0.081 seconds
[2025-07-06T04:42:50.218+0000] {processor.py:186} INFO - Started process (PID=1185) to work on /home/airflow/.local/lib/python3.12/site-packages/airflow/example_dags/example_trigger_target_dag.py
[2025-07-06T04:42:50.219+0000] {processor.py:914} INFO - Processing file /home/airflow/.local/lib/python3.12/site-packages/airflow/example_dags/example_trigger_target_dag.py for tasks to queue
[2025-07-06T04:42:50.221+0000] {logging_mixin.py:190} INFO - [2025-07-06T04:42:50.221+0000] {dagbag.py:588} INFO - Filling up the DagBag from /home/airflow/.local/lib/python3.12/site-packages/airflow/example_dags/example_trigger_target_dag.py
[2025-07-06T04:42:50.230+0000] {processor.py:925} INFO - DAG(s) 'example_trigger_target_dag' retrieved from /home/airflow/.local/lib/python3.12/site-packages/airflow/example_dags/example_trigger_target_dag.py
[2025-07-06T04:42:50.255+0000] {logging_mixin.py:190} INFO - [2025-07-06T04:42:50.254+0000] {dag.py:3239} INFO - Sync 1 DAGs
[2025-07-06T04:42:50.274+0000] {logging_mixin.py:190} INFO - [2025-07-06T04:42:50.273+0000] {dag.py:4180} INFO - Setting next_dagrun for example_trigger_target_dag to None, run_after=None
[2025-07-06T04:42:50.295+0000] {processor.py:208} INFO - Processing /home/airflow/.local/lib/python3.12/site-packages/airflow/example_dags/example_trigger_target_dag.py took 0.084 seconds
[2025-07-06T04:43:20.358+0000] {processor.py:186} INFO - Started process (PID=1248) to work on /home/airflow/.local/lib/python3.12/site-packages/airflow/example_dags/example_trigger_target_dag.py
[2025-07-06T04:43:20.359+0000] {processor.py:914} INFO - Processing file /home/airflow/.local/lib/python3.12/site-packages/airflow/example_dags/example_trigger_target_dag.py for tasks to queue
[2025-07-06T04:43:20.361+0000] {logging_mixin.py:190} INFO - [2025-07-06T04:43:20.361+0000] {dagbag.py:588} INFO - Filling up the DagBag from /home/airflow/.local/lib/python3.12/site-packages/airflow/example_dags/example_trigger_target_dag.py
[2025-07-06T04:43:20.368+0000] {processor.py:925} INFO - DAG(s) 'example_trigger_target_dag' retrieved from /home/airflow/.local/lib/python3.12/site-packages/airflow/example_dags/example_trigger_target_dag.py
[2025-07-06T04:43:20.384+0000] {logging_mixin.py:190} INFO - [2025-07-06T04:43:20.384+0000] {dag.py:3239} INFO - Sync 1 DAGs
[2025-07-06T04:43:20.397+0000] {logging_mixin.py:190} INFO - [2025-07-06T04:43:20.396+0000] {dag.py:4180} INFO - Setting next_dagrun for example_trigger_target_dag to None, run_after=None
[2025-07-06T04:43:20.412+0000] {processor.py:208} INFO - Processing /home/airflow/.local/lib/python3.12/site-packages/airflow/example_dags/example_trigger_target_dag.py took 0.058 seconds
