[2025-07-06T04:33:41.939+0000] {processor.py:186} INFO - Started process (PID=76) to work on /home/airflow/.local/lib/python3.12/site-packages/airflow/example_dags/example_subdag_operator.py
[2025-07-06T04:33:41.948+0000] {processor.py:914} INFO - Processing file /home/airflow/.local/lib/python3.12/site-packages/airflow/example_dags/example_subdag_operator.py for tasks to queue
[2025-07-06T04:33:41.977+0000] {logging_mixin.py:190} INFO - [2025-07-06T04:33:41.966+0000] {dagbag.py:588} INFO - Filling up the DagBag from /home/airflow/.local/lib/python3.12/site-packages/airflow/example_dags/example_subdag_operator.py
[2025-07-06T04:33:42.243+0000] {processor.py:925} INFO - DAG(s) 'example_subdag_operator.section-1', 'example_subdag_operator.section-2', 'example_subdag_operator' retrieved from /home/airflow/.local/lib/python3.12/site-packages/airflow/example_dags/example_subdag_operator.py
[2025-07-06T04:33:42.849+0000] {logging_mixin.py:190} INFO - [2025-07-06T04:33:42.848+0000] {override.py:1911} INFO - Created Permission View: can delete on DAG:example_subdag_operator
[2025-07-06T04:33:42.906+0000] {logging_mixin.py:190} INFO - [2025-07-06T04:33:42.903+0000] {override.py:1911} INFO - Created Permission View: can edit on DAG:example_subdag_operator
[2025-07-06T04:33:42.949+0000] {logging_mixin.py:190} INFO - [2025-07-06T04:33:42.948+0000] {override.py:1911} INFO - Created Permission View: can read on DAG:example_subdag_operator
[2025-07-06T04:33:43.007+0000] {logging_mixin.py:190} INFO - [2025-07-06T04:33:43.003+0000] {override.py:1911} INFO - Created Permission View: can delete on DAG Run:example_subdag_operator
[2025-07-06T04:33:43.061+0000] {logging_mixin.py:190} INFO - [2025-07-06T04:33:43.060+0000] {override.py:1911} INFO - Created Permission View: menu access on DAG Run:example_subdag_operator
[2025-07-06T04:33:43.095+0000] {logging_mixin.py:190} INFO - [2025-07-06T04:33:43.094+0000] {override.py:1911} INFO - Created Permission View: can create on DAG Run:example_subdag_operator
[2025-07-06T04:33:43.121+0000] {logging_mixin.py:190} INFO - [2025-07-06T04:33:43.119+0000] {override.py:1911} INFO - Created Permission View: can read on DAG Run:example_subdag_operator
[2025-07-06T04:33:43.122+0000] {logging_mixin.py:190} INFO - [2025-07-06T04:33:43.121+0000] {dag.py:3239} INFO - Sync 3 DAGs
[2025-07-06T04:33:43.184+0000] {logging_mixin.py:190} INFO - [2025-07-06T04:33:43.183+0000] {dag.py:3262} INFO - Creating ORM DAG for example_subdag_operator.section-1
[2025-07-06T04:33:43.186+0000] {logging_mixin.py:190} INFO - [2025-07-06T04:33:43.185+0000] {dag.py:3262} INFO - Creating ORM DAG for example_subdag_operator.section-2
[2025-07-06T04:33:43.188+0000] {logging_mixin.py:190} INFO - [2025-07-06T04:33:43.188+0000] {dag.py:3262} INFO - Creating ORM DAG for example_subdag_operator
[2025-07-06T04:33:43.239+0000] {logging_mixin.py:190} INFO - [2025-07-06T04:33:43.239+0000] {dag.py:4180} INFO - Setting next_dagrun for example_subdag_operator to 2022-01-01 00:00:00+00:00, run_after=2022-01-01 00:00:00+00:00
[2025-07-06T04:33:43.240+0000] {logging_mixin.py:190} INFO - [2025-07-06T04:33:43.239+0000] {dag.py:4180} INFO - Setting next_dagrun for example_subdag_operator.section-1 to None, run_after=None
[2025-07-06T04:33:43.253+0000] {logging_mixin.py:190} INFO - [2025-07-06T04:33:43.252+0000] {dag.py:4180} INFO - Setting next_dagrun for example_subdag_operator.section-2 to None, run_after=None
[2025-07-06T04:33:43.350+0000] {logging_mixin.py:190} INFO - [2025-07-06T04:33:43.350+0000] {dag.py:3239} INFO - Sync 2 DAGs
[2025-07-06T04:33:43.418+0000] {logging_mixin.py:190} INFO - [2025-07-06T04:33:43.417+0000] {dag.py:4180} INFO - Setting next_dagrun for example_subdag_operator.section-1 to None, run_after=None
[2025-07-06T04:33:43.447+0000] {logging_mixin.py:190} INFO - [2025-07-06T04:33:43.447+0000] {dag.py:4180} INFO - Setting next_dagrun for example_subdag_operator.section-2 to None, run_after=None
[2025-07-06T04:33:43.933+0000] {processor.py:208} INFO - Processing /home/airflow/.local/lib/python3.12/site-packages/airflow/example_dags/example_subdag_operator.py took 2.019 seconds
[2025-07-06T04:34:22.399+0000] {processor.py:186} INFO - Started process (PID=145) to work on /home/airflow/.local/lib/python3.12/site-packages/airflow/example_dags/example_subdag_operator.py
[2025-07-06T04:34:22.400+0000] {processor.py:914} INFO - Processing file /home/airflow/.local/lib/python3.12/site-packages/airflow/example_dags/example_subdag_operator.py for tasks to queue
[2025-07-06T04:34:22.403+0000] {logging_mixin.py:190} INFO - [2025-07-06T04:34:22.402+0000] {dagbag.py:588} INFO - Filling up the DagBag from /home/airflow/.local/lib/python3.12/site-packages/airflow/example_dags/example_subdag_operator.py
[2025-07-06T04:34:22.432+0000] {processor.py:925} INFO - DAG(s) 'example_subdag_operator.section-1', 'example_subdag_operator.section-2', 'example_subdag_operator' retrieved from /home/airflow/.local/lib/python3.12/site-packages/airflow/example_dags/example_subdag_operator.py
[2025-07-06T04:34:22.449+0000] {logging_mixin.py:190} INFO - [2025-07-06T04:34:22.449+0000] {dag.py:3239} INFO - Sync 3 DAGs
[2025-07-06T04:34:22.476+0000] {logging_mixin.py:190} INFO - [2025-07-06T04:34:22.476+0000] {dag.py:4180} INFO - Setting next_dagrun for example_subdag_operator to 2022-01-01 00:00:00+00:00, run_after=2022-01-01 00:00:00+00:00
[2025-07-06T04:34:22.480+0000] {logging_mixin.py:190} INFO - [2025-07-06T04:34:22.480+0000] {dag.py:4180} INFO - Setting next_dagrun for example_subdag_operator.section-1 to None, run_after=None
[2025-07-06T04:34:22.482+0000] {logging_mixin.py:190} INFO - [2025-07-06T04:34:22.481+0000] {dag.py:4180} INFO - Setting next_dagrun for example_subdag_operator.section-2 to None, run_after=None
[2025-07-06T04:34:22.489+0000] {logging_mixin.py:190} INFO - [2025-07-06T04:34:22.488+0000] {dag.py:3239} INFO - Sync 2 DAGs
[2025-07-06T04:34:22.495+0000] {logging_mixin.py:190} INFO - [2025-07-06T04:34:22.494+0000] {dag.py:4180} INFO - Setting next_dagrun for example_subdag_operator.section-1 to None, run_after=None
[2025-07-06T04:34:22.495+0000] {logging_mixin.py:190} INFO - [2025-07-06T04:34:22.495+0000] {dag.py:4180} INFO - Setting next_dagrun for example_subdag_operator.section-2 to None, run_after=None
[2025-07-06T04:34:22.505+0000] {processor.py:208} INFO - Processing /home/airflow/.local/lib/python3.12/site-packages/airflow/example_dags/example_subdag_operator.py took 0.113 seconds
[2025-07-06T04:34:52.778+0000] {processor.py:186} INFO - Started process (PID=207) to work on /home/airflow/.local/lib/python3.12/site-packages/airflow/example_dags/example_subdag_operator.py
[2025-07-06T04:34:52.779+0000] {processor.py:914} INFO - Processing file /home/airflow/.local/lib/python3.12/site-packages/airflow/example_dags/example_subdag_operator.py for tasks to queue
[2025-07-06T04:34:52.782+0000] {logging_mixin.py:190} INFO - [2025-07-06T04:34:52.781+0000] {dagbag.py:588} INFO - Filling up the DagBag from /home/airflow/.local/lib/python3.12/site-packages/airflow/example_dags/example_subdag_operator.py
[2025-07-06T04:34:52.812+0000] {processor.py:925} INFO - DAG(s) 'example_subdag_operator.section-1', 'example_subdag_operator.section-2', 'example_subdag_operator' retrieved from /home/airflow/.local/lib/python3.12/site-packages/airflow/example_dags/example_subdag_operator.py
[2025-07-06T04:34:52.835+0000] {logging_mixin.py:190} INFO - [2025-07-06T04:34:52.835+0000] {dag.py:3239} INFO - Sync 3 DAGs
[2025-07-06T04:34:52.874+0000] {logging_mixin.py:190} INFO - [2025-07-06T04:34:52.873+0000] {dag.py:4180} INFO - Setting next_dagrun for example_subdag_operator to 2022-01-01 00:00:00+00:00, run_after=2022-01-01 00:00:00+00:00
[2025-07-06T04:34:52.881+0000] {logging_mixin.py:190} INFO - [2025-07-06T04:34:52.881+0000] {dag.py:4180} INFO - Setting next_dagrun for example_subdag_operator.section-1 to None, run_after=None
[2025-07-06T04:34:52.884+0000] {logging_mixin.py:190} INFO - [2025-07-06T04:34:52.883+0000] {dag.py:4180} INFO - Setting next_dagrun for example_subdag_operator.section-2 to None, run_after=None
[2025-07-06T04:34:52.894+0000] {logging_mixin.py:190} INFO - [2025-07-06T04:34:52.893+0000] {dag.py:3239} INFO - Sync 2 DAGs
[2025-07-06T04:34:52.901+0000] {logging_mixin.py:190} INFO - [2025-07-06T04:34:52.901+0000] {dag.py:4180} INFO - Setting next_dagrun for example_subdag_operator.section-1 to None, run_after=None
[2025-07-06T04:34:52.902+0000] {logging_mixin.py:190} INFO - [2025-07-06T04:34:52.902+0000] {dag.py:4180} INFO - Setting next_dagrun for example_subdag_operator.section-2 to None, run_after=None
[2025-07-06T04:34:52.914+0000] {processor.py:208} INFO - Processing /home/airflow/.local/lib/python3.12/site-packages/airflow/example_dags/example_subdag_operator.py took 0.142 seconds
[2025-07-06T04:35:23.459+0000] {processor.py:186} INFO - Started process (PID=269) to work on /home/airflow/.local/lib/python3.12/site-packages/airflow/example_dags/example_subdag_operator.py
[2025-07-06T04:35:23.460+0000] {processor.py:914} INFO - Processing file /home/airflow/.local/lib/python3.12/site-packages/airflow/example_dags/example_subdag_operator.py for tasks to queue
[2025-07-06T04:35:23.463+0000] {logging_mixin.py:190} INFO - [2025-07-06T04:35:23.462+0000] {dagbag.py:588} INFO - Filling up the DagBag from /home/airflow/.local/lib/python3.12/site-packages/airflow/example_dags/example_subdag_operator.py
[2025-07-06T04:35:23.493+0000] {processor.py:925} INFO - DAG(s) 'example_subdag_operator.section-1', 'example_subdag_operator.section-2', 'example_subdag_operator' retrieved from /home/airflow/.local/lib/python3.12/site-packages/airflow/example_dags/example_subdag_operator.py
[2025-07-06T04:35:23.510+0000] {logging_mixin.py:190} INFO - [2025-07-06T04:35:23.510+0000] {dag.py:3239} INFO - Sync 3 DAGs
[2025-07-06T04:35:23.540+0000] {logging_mixin.py:190} INFO - [2025-07-06T04:35:23.539+0000] {dag.py:4180} INFO - Setting next_dagrun for example_subdag_operator to 2022-01-01 00:00:00+00:00, run_after=2022-01-01 00:00:00+00:00
[2025-07-06T04:35:23.545+0000] {logging_mixin.py:190} INFO - [2025-07-06T04:35:23.545+0000] {dag.py:4180} INFO - Setting next_dagrun for example_subdag_operator.section-1 to None, run_after=None
[2025-07-06T04:35:23.547+0000] {logging_mixin.py:190} INFO - [2025-07-06T04:35:23.547+0000] {dag.py:4180} INFO - Setting next_dagrun for example_subdag_operator.section-2 to None, run_after=None
[2025-07-06T04:35:23.555+0000] {logging_mixin.py:190} INFO - [2025-07-06T04:35:23.554+0000] {dag.py:3239} INFO - Sync 2 DAGs
[2025-07-06T04:35:23.561+0000] {logging_mixin.py:190} INFO - [2025-07-06T04:35:23.561+0000] {dag.py:4180} INFO - Setting next_dagrun for example_subdag_operator.section-1 to None, run_after=None
[2025-07-06T04:35:23.562+0000] {logging_mixin.py:190} INFO - [2025-07-06T04:35:23.562+0000] {dag.py:4180} INFO - Setting next_dagrun for example_subdag_operator.section-2 to None, run_after=None
[2025-07-06T04:35:23.573+0000] {processor.py:208} INFO - Processing /home/airflow/.local/lib/python3.12/site-packages/airflow/example_dags/example_subdag_operator.py took 0.121 seconds
[2025-07-06T04:35:56.968+0000] {processor.py:186} INFO - Started process (PID=321) to work on /home/airflow/.local/lib/python3.12/site-packages/airflow/example_dags/example_subdag_operator.py
[2025-07-06T04:35:56.972+0000] {processor.py:914} INFO - Processing file /home/airflow/.local/lib/python3.12/site-packages/airflow/example_dags/example_subdag_operator.py for tasks to queue
[2025-07-06T04:35:56.980+0000] {logging_mixin.py:190} INFO - [2025-07-06T04:35:56.979+0000] {dagbag.py:588} INFO - Filling up the DagBag from /home/airflow/.local/lib/python3.12/site-packages/airflow/example_dags/example_subdag_operator.py
[2025-07-06T04:35:57.094+0000] {processor.py:925} INFO - DAG(s) 'example_subdag_operator.section-1', 'example_subdag_operator.section-2', 'example_subdag_operator' retrieved from /home/airflow/.local/lib/python3.12/site-packages/airflow/example_dags/example_subdag_operator.py
[2025-07-06T04:35:57.185+0000] {logging_mixin.py:190} INFO - [2025-07-06T04:35:57.184+0000] {dag.py:3239} INFO - Sync 3 DAGs
[2025-07-06T04:35:57.324+0000] {logging_mixin.py:190} INFO - [2025-07-06T04:35:57.324+0000] {dag.py:4180} INFO - Setting next_dagrun for example_subdag_operator to 2022-01-01 00:00:00+00:00, run_after=2022-01-01 00:00:00+00:00
[2025-07-06T04:35:57.347+0000] {logging_mixin.py:190} INFO - [2025-07-06T04:35:57.347+0000] {dag.py:4180} INFO - Setting next_dagrun for example_subdag_operator.section-1 to None, run_after=None
[2025-07-06T04:35:57.352+0000] {logging_mixin.py:190} INFO - [2025-07-06T04:35:57.352+0000] {dag.py:4180} INFO - Setting next_dagrun for example_subdag_operator.section-2 to None, run_after=None
[2025-07-06T04:35:57.380+0000] {logging_mixin.py:190} INFO - [2025-07-06T04:35:57.379+0000] {dag.py:3239} INFO - Sync 2 DAGs
[2025-07-06T04:35:57.399+0000] {logging_mixin.py:190} INFO - [2025-07-06T04:35:57.399+0000] {dag.py:4180} INFO - Setting next_dagrun for example_subdag_operator.section-1 to None, run_after=None
[2025-07-06T04:35:57.401+0000] {logging_mixin.py:190} INFO - [2025-07-06T04:35:57.401+0000] {dag.py:4180} INFO - Setting next_dagrun for example_subdag_operator.section-2 to None, run_after=None
[2025-07-06T04:35:57.455+0000] {processor.py:208} INFO - Processing /home/airflow/.local/lib/python3.12/site-packages/airflow/example_dags/example_subdag_operator.py took 0.525 seconds
[2025-07-06T04:36:27.816+0000] {processor.py:186} INFO - Started process (PID=385) to work on /home/airflow/.local/lib/python3.12/site-packages/airflow/example_dags/example_subdag_operator.py
[2025-07-06T04:36:27.819+0000] {processor.py:914} INFO - Processing file /home/airflow/.local/lib/python3.12/site-packages/airflow/example_dags/example_subdag_operator.py for tasks to queue
[2025-07-06T04:36:27.824+0000] {logging_mixin.py:190} INFO - [2025-07-06T04:36:27.824+0000] {dagbag.py:588} INFO - Filling up the DagBag from /home/airflow/.local/lib/python3.12/site-packages/airflow/example_dags/example_subdag_operator.py
[2025-07-06T04:36:27.891+0000] {processor.py:925} INFO - DAG(s) 'example_subdag_operator.section-1', 'example_subdag_operator.section-2', 'example_subdag_operator' retrieved from /home/airflow/.local/lib/python3.12/site-packages/airflow/example_dags/example_subdag_operator.py
[2025-07-06T04:36:27.911+0000] {logging_mixin.py:190} INFO - [2025-07-06T04:36:27.910+0000] {dag.py:3239} INFO - Sync 3 DAGs
[2025-07-06T04:36:27.941+0000] {logging_mixin.py:190} INFO - [2025-07-06T04:36:27.940+0000] {dag.py:4180} INFO - Setting next_dagrun for example_subdag_operator to 2022-01-01 00:00:00+00:00, run_after=2022-01-01 00:00:00+00:00
[2025-07-06T04:36:27.945+0000] {logging_mixin.py:190} INFO - [2025-07-06T04:36:27.945+0000] {dag.py:4180} INFO - Setting next_dagrun for example_subdag_operator.section-1 to None, run_after=None
[2025-07-06T04:36:27.947+0000] {logging_mixin.py:190} INFO - [2025-07-06T04:36:27.947+0000] {dag.py:4180} INFO - Setting next_dagrun for example_subdag_operator.section-2 to None, run_after=None
[2025-07-06T04:36:27.955+0000] {logging_mixin.py:190} INFO - [2025-07-06T04:36:27.954+0000] {dag.py:3239} INFO - Sync 2 DAGs
[2025-07-06T04:36:27.962+0000] {logging_mixin.py:190} INFO - [2025-07-06T04:36:27.962+0000] {dag.py:4180} INFO - Setting next_dagrun for example_subdag_operator.section-1 to None, run_after=None
[2025-07-06T04:36:27.963+0000] {logging_mixin.py:190} INFO - [2025-07-06T04:36:27.963+0000] {dag.py:4180} INFO - Setting next_dagrun for example_subdag_operator.section-2 to None, run_after=None
[2025-07-06T04:36:27.974+0000] {processor.py:208} INFO - Processing /home/airflow/.local/lib/python3.12/site-packages/airflow/example_dags/example_subdag_operator.py took 0.168 seconds
[2025-07-06T04:36:58.212+0000] {processor.py:186} INFO - Started process (PID=446) to work on /home/airflow/.local/lib/python3.12/site-packages/airflow/example_dags/example_subdag_operator.py
[2025-07-06T04:36:58.213+0000] {processor.py:914} INFO - Processing file /home/airflow/.local/lib/python3.12/site-packages/airflow/example_dags/example_subdag_operator.py for tasks to queue
[2025-07-06T04:36:58.215+0000] {logging_mixin.py:190} INFO - [2025-07-06T04:36:58.215+0000] {dagbag.py:588} INFO - Filling up the DagBag from /home/airflow/.local/lib/python3.12/site-packages/airflow/example_dags/example_subdag_operator.py
[2025-07-06T04:36:58.246+0000] {processor.py:925} INFO - DAG(s) 'example_subdag_operator.section-1', 'example_subdag_operator.section-2', 'example_subdag_operator' retrieved from /home/airflow/.local/lib/python3.12/site-packages/airflow/example_dags/example_subdag_operator.py
[2025-07-06T04:36:58.264+0000] {logging_mixin.py:190} INFO - [2025-07-06T04:36:58.264+0000] {dag.py:3239} INFO - Sync 3 DAGs
[2025-07-06T04:36:58.292+0000] {logging_mixin.py:190} INFO - [2025-07-06T04:36:58.292+0000] {dag.py:4180} INFO - Setting next_dagrun for example_subdag_operator to 2022-01-01 00:00:00+00:00, run_after=2022-01-01 00:00:00+00:00
[2025-07-06T04:36:58.296+0000] {logging_mixin.py:190} INFO - [2025-07-06T04:36:58.296+0000] {dag.py:4180} INFO - Setting next_dagrun for example_subdag_operator.section-1 to None, run_after=None
[2025-07-06T04:36:58.298+0000] {logging_mixin.py:190} INFO - [2025-07-06T04:36:58.297+0000] {dag.py:4180} INFO - Setting next_dagrun for example_subdag_operator.section-2 to None, run_after=None
[2025-07-06T04:36:58.305+0000] {logging_mixin.py:190} INFO - [2025-07-06T04:36:58.305+0000] {dag.py:3239} INFO - Sync 2 DAGs
[2025-07-06T04:36:58.312+0000] {logging_mixin.py:190} INFO - [2025-07-06T04:36:58.312+0000] {dag.py:4180} INFO - Setting next_dagrun for example_subdag_operator.section-1 to None, run_after=None
[2025-07-06T04:36:58.313+0000] {logging_mixin.py:190} INFO - [2025-07-06T04:36:58.312+0000] {dag.py:4180} INFO - Setting next_dagrun for example_subdag_operator.section-2 to None, run_after=None
[2025-07-06T04:36:58.323+0000] {processor.py:208} INFO - Processing /home/airflow/.local/lib/python3.12/site-packages/airflow/example_dags/example_subdag_operator.py took 0.118 seconds
[2025-07-06T04:37:28.511+0000] {processor.py:186} INFO - Started process (PID=509) to work on /home/airflow/.local/lib/python3.12/site-packages/airflow/example_dags/example_subdag_operator.py
[2025-07-06T04:37:28.512+0000] {processor.py:914} INFO - Processing file /home/airflow/.local/lib/python3.12/site-packages/airflow/example_dags/example_subdag_operator.py for tasks to queue
[2025-07-06T04:37:28.515+0000] {logging_mixin.py:190} INFO - [2025-07-06T04:37:28.515+0000] {dagbag.py:588} INFO - Filling up the DagBag from /home/airflow/.local/lib/python3.12/site-packages/airflow/example_dags/example_subdag_operator.py
[2025-07-06T04:37:28.548+0000] {processor.py:925} INFO - DAG(s) 'example_subdag_operator.section-1', 'example_subdag_operator.section-2', 'example_subdag_operator' retrieved from /home/airflow/.local/lib/python3.12/site-packages/airflow/example_dags/example_subdag_operator.py
[2025-07-06T04:37:28.566+0000] {logging_mixin.py:190} INFO - [2025-07-06T04:37:28.565+0000] {dag.py:3239} INFO - Sync 3 DAGs
[2025-07-06T04:37:28.595+0000] {logging_mixin.py:190} INFO - [2025-07-06T04:37:28.595+0000] {dag.py:4180} INFO - Setting next_dagrun for example_subdag_operator to 2022-01-01 00:00:00+00:00, run_after=2022-01-01 00:00:00+00:00
[2025-07-06T04:37:28.600+0000] {logging_mixin.py:190} INFO - [2025-07-06T04:37:28.600+0000] {dag.py:4180} INFO - Setting next_dagrun for example_subdag_operator.section-1 to None, run_after=None
[2025-07-06T04:37:28.602+0000] {logging_mixin.py:190} INFO - [2025-07-06T04:37:28.601+0000] {dag.py:4180} INFO - Setting next_dagrun for example_subdag_operator.section-2 to None, run_after=None
[2025-07-06T04:37:28.610+0000] {logging_mixin.py:190} INFO - [2025-07-06T04:37:28.609+0000] {dag.py:3239} INFO - Sync 2 DAGs
[2025-07-06T04:37:28.617+0000] {logging_mixin.py:190} INFO - [2025-07-06T04:37:28.616+0000] {dag.py:4180} INFO - Setting next_dagrun for example_subdag_operator.section-1 to None, run_after=None
[2025-07-06T04:37:28.617+0000] {logging_mixin.py:190} INFO - [2025-07-06T04:37:28.617+0000] {dag.py:4180} INFO - Setting next_dagrun for example_subdag_operator.section-2 to None, run_after=None
[2025-07-06T04:37:28.628+0000] {processor.py:208} INFO - Processing /home/airflow/.local/lib/python3.12/site-packages/airflow/example_dags/example_subdag_operator.py took 0.124 seconds
[2025-07-06T04:37:58.881+0000] {processor.py:186} INFO - Started process (PID=572) to work on /home/airflow/.local/lib/python3.12/site-packages/airflow/example_dags/example_subdag_operator.py
[2025-07-06T04:37:58.882+0000] {processor.py:914} INFO - Processing file /home/airflow/.local/lib/python3.12/site-packages/airflow/example_dags/example_subdag_operator.py for tasks to queue
[2025-07-06T04:37:58.885+0000] {logging_mixin.py:190} INFO - [2025-07-06T04:37:58.884+0000] {dagbag.py:588} INFO - Filling up the DagBag from /home/airflow/.local/lib/python3.12/site-packages/airflow/example_dags/example_subdag_operator.py
[2025-07-06T04:37:58.915+0000] {processor.py:925} INFO - DAG(s) 'example_subdag_operator.section-1', 'example_subdag_operator.section-2', 'example_subdag_operator' retrieved from /home/airflow/.local/lib/python3.12/site-packages/airflow/example_dags/example_subdag_operator.py
[2025-07-06T04:37:58.933+0000] {logging_mixin.py:190} INFO - [2025-07-06T04:37:58.933+0000] {dag.py:3239} INFO - Sync 3 DAGs
[2025-07-06T04:37:58.960+0000] {logging_mixin.py:190} INFO - [2025-07-06T04:37:58.959+0000] {dag.py:4180} INFO - Setting next_dagrun for example_subdag_operator to 2022-01-01 00:00:00+00:00, run_after=2022-01-01 00:00:00+00:00
[2025-07-06T04:37:58.965+0000] {logging_mixin.py:190} INFO - [2025-07-06T04:37:58.964+0000] {dag.py:4180} INFO - Setting next_dagrun for example_subdag_operator.section-1 to None, run_after=None
[2025-07-06T04:37:58.966+0000] {logging_mixin.py:190} INFO - [2025-07-06T04:37:58.966+0000] {dag.py:4180} INFO - Setting next_dagrun for example_subdag_operator.section-2 to None, run_after=None
[2025-07-06T04:37:58.974+0000] {logging_mixin.py:190} INFO - [2025-07-06T04:37:58.974+0000] {dag.py:3239} INFO - Sync 2 DAGs
[2025-07-06T04:37:58.980+0000] {logging_mixin.py:190} INFO - [2025-07-06T04:37:58.980+0000] {dag.py:4180} INFO - Setting next_dagrun for example_subdag_operator.section-1 to None, run_after=None
[2025-07-06T04:37:58.980+0000] {logging_mixin.py:190} INFO - [2025-07-06T04:37:58.980+0000] {dag.py:4180} INFO - Setting next_dagrun for example_subdag_operator.section-2 to None, run_after=None
[2025-07-06T04:37:58.992+0000] {processor.py:208} INFO - Processing /home/airflow/.local/lib/python3.12/site-packages/airflow/example_dags/example_subdag_operator.py took 0.118 seconds
[2025-07-06T04:38:29.152+0000] {processor.py:186} INFO - Started process (PID=635) to work on /home/airflow/.local/lib/python3.12/site-packages/airflow/example_dags/example_subdag_operator.py
[2025-07-06T04:38:29.153+0000] {processor.py:914} INFO - Processing file /home/airflow/.local/lib/python3.12/site-packages/airflow/example_dags/example_subdag_operator.py for tasks to queue
[2025-07-06T04:38:29.157+0000] {logging_mixin.py:190} INFO - [2025-07-06T04:38:29.157+0000] {dagbag.py:588} INFO - Filling up the DagBag from /home/airflow/.local/lib/python3.12/site-packages/airflow/example_dags/example_subdag_operator.py
[2025-07-06T04:38:29.186+0000] {processor.py:925} INFO - DAG(s) 'example_subdag_operator.section-1', 'example_subdag_operator.section-2', 'example_subdag_operator' retrieved from /home/airflow/.local/lib/python3.12/site-packages/airflow/example_dags/example_subdag_operator.py
[2025-07-06T04:38:29.205+0000] {logging_mixin.py:190} INFO - [2025-07-06T04:38:29.205+0000] {dag.py:3239} INFO - Sync 3 DAGs
[2025-07-06T04:38:29.232+0000] {logging_mixin.py:190} INFO - [2025-07-06T04:38:29.231+0000] {dag.py:4180} INFO - Setting next_dagrun for example_subdag_operator to 2022-01-01 00:00:00+00:00, run_after=2022-01-01 00:00:00+00:00
[2025-07-06T04:38:29.236+0000] {logging_mixin.py:190} INFO - [2025-07-06T04:38:29.236+0000] {dag.py:4180} INFO - Setting next_dagrun for example_subdag_operator.section-1 to None, run_after=None
[2025-07-06T04:38:29.238+0000] {logging_mixin.py:190} INFO - [2025-07-06T04:38:29.237+0000] {dag.py:4180} INFO - Setting next_dagrun for example_subdag_operator.section-2 to None, run_after=None
[2025-07-06T04:38:29.245+0000] {logging_mixin.py:190} INFO - [2025-07-06T04:38:29.245+0000] {dag.py:3239} INFO - Sync 2 DAGs
[2025-07-06T04:38:29.252+0000] {logging_mixin.py:190} INFO - [2025-07-06T04:38:29.251+0000] {dag.py:4180} INFO - Setting next_dagrun for example_subdag_operator.section-1 to None, run_after=None
[2025-07-06T04:38:29.252+0000] {logging_mixin.py:190} INFO - [2025-07-06T04:38:29.252+0000] {dag.py:4180} INFO - Setting next_dagrun for example_subdag_operator.section-2 to None, run_after=None
[2025-07-06T04:38:29.264+0000] {processor.py:208} INFO - Processing /home/airflow/.local/lib/python3.12/site-packages/airflow/example_dags/example_subdag_operator.py took 0.119 seconds
[2025-07-06T04:39:00.399+0000] {processor.py:186} INFO - Started process (PID=699) to work on /home/airflow/.local/lib/python3.12/site-packages/airflow/example_dags/example_subdag_operator.py
[2025-07-06T04:39:00.400+0000] {processor.py:914} INFO - Processing file /home/airflow/.local/lib/python3.12/site-packages/airflow/example_dags/example_subdag_operator.py for tasks to queue
[2025-07-06T04:39:00.404+0000] {logging_mixin.py:190} INFO - [2025-07-06T04:39:00.403+0000] {dagbag.py:588} INFO - Filling up the DagBag from /home/airflow/.local/lib/python3.12/site-packages/airflow/example_dags/example_subdag_operator.py
[2025-07-06T04:39:00.428+0000] {processor.py:925} INFO - DAG(s) 'example_subdag_operator.section-1', 'example_subdag_operator.section-2', 'example_subdag_operator' retrieved from /home/airflow/.local/lib/python3.12/site-packages/airflow/example_dags/example_subdag_operator.py
[2025-07-06T04:39:00.442+0000] {logging_mixin.py:190} INFO - [2025-07-06T04:39:00.441+0000] {dag.py:3239} INFO - Sync 3 DAGs
[2025-07-06T04:39:00.462+0000] {logging_mixin.py:190} INFO - [2025-07-06T04:39:00.462+0000] {dag.py:4180} INFO - Setting next_dagrun for example_subdag_operator to 2022-01-01 00:00:00+00:00, run_after=2022-01-01 00:00:00+00:00
[2025-07-06T04:39:00.466+0000] {logging_mixin.py:190} INFO - [2025-07-06T04:39:00.466+0000] {dag.py:4180} INFO - Setting next_dagrun for example_subdag_operator.section-1 to None, run_after=None
[2025-07-06T04:39:00.467+0000] {logging_mixin.py:190} INFO - [2025-07-06T04:39:00.467+0000] {dag.py:4180} INFO - Setting next_dagrun for example_subdag_operator.section-2 to None, run_after=None
[2025-07-06T04:39:00.473+0000] {logging_mixin.py:190} INFO - [2025-07-06T04:39:00.473+0000] {dag.py:3239} INFO - Sync 2 DAGs
[2025-07-06T04:39:00.478+0000] {logging_mixin.py:190} INFO - [2025-07-06T04:39:00.478+0000] {dag.py:4180} INFO - Setting next_dagrun for example_subdag_operator.section-1 to None, run_after=None
[2025-07-06T04:39:00.478+0000] {logging_mixin.py:190} INFO - [2025-07-06T04:39:00.478+0000] {dag.py:4180} INFO - Setting next_dagrun for example_subdag_operator.section-2 to None, run_after=None
[2025-07-06T04:39:00.487+0000] {processor.py:208} INFO - Processing /home/airflow/.local/lib/python3.12/site-packages/airflow/example_dags/example_subdag_operator.py took 0.094 seconds
[2025-07-06T04:39:32.148+0000] {processor.py:186} INFO - Started process (PID=763) to work on /home/airflow/.local/lib/python3.12/site-packages/airflow/example_dags/example_subdag_operator.py
[2025-07-06T04:39:32.155+0000] {processor.py:914} INFO - Processing file /home/airflow/.local/lib/python3.12/site-packages/airflow/example_dags/example_subdag_operator.py for tasks to queue
[2025-07-06T04:39:32.168+0000] {logging_mixin.py:190} INFO - [2025-07-06T04:39:32.167+0000] {dagbag.py:588} INFO - Filling up the DagBag from /home/airflow/.local/lib/python3.12/site-packages/airflow/example_dags/example_subdag_operator.py
[2025-07-06T04:39:32.269+0000] {processor.py:925} INFO - DAG(s) 'example_subdag_operator.section-1', 'example_subdag_operator.section-2', 'example_subdag_operator' retrieved from /home/airflow/.local/lib/python3.12/site-packages/airflow/example_dags/example_subdag_operator.py
[2025-07-06T04:39:32.353+0000] {logging_mixin.py:190} INFO - [2025-07-06T04:39:32.353+0000] {dag.py:3239} INFO - Sync 3 DAGs
[2025-07-06T04:39:32.464+0000] {logging_mixin.py:190} INFO - [2025-07-06T04:39:32.464+0000] {dag.py:4180} INFO - Setting next_dagrun for example_subdag_operator to 2022-01-01 00:00:00+00:00, run_after=2022-01-01 00:00:00+00:00
[2025-07-06T04:39:32.480+0000] {logging_mixin.py:190} INFO - [2025-07-06T04:39:32.479+0000] {dag.py:4180} INFO - Setting next_dagrun for example_subdag_operator.section-1 to None, run_after=None
[2025-07-06T04:39:32.487+0000] {logging_mixin.py:190} INFO - [2025-07-06T04:39:32.486+0000] {dag.py:4180} INFO - Setting next_dagrun for example_subdag_operator.section-2 to None, run_after=None
[2025-07-06T04:39:32.516+0000] {logging_mixin.py:190} INFO - [2025-07-06T04:39:32.516+0000] {dag.py:3239} INFO - Sync 2 DAGs
[2025-07-06T04:39:32.541+0000] {logging_mixin.py:190} INFO - [2025-07-06T04:39:32.540+0000] {dag.py:4180} INFO - Setting next_dagrun for example_subdag_operator.section-1 to None, run_after=None
[2025-07-06T04:39:32.542+0000] {logging_mixin.py:190} INFO - [2025-07-06T04:39:32.542+0000] {dag.py:4180} INFO - Setting next_dagrun for example_subdag_operator.section-2 to None, run_after=None
[2025-07-06T04:39:32.577+0000] {processor.py:208} INFO - Processing /home/airflow/.local/lib/python3.12/site-packages/airflow/example_dags/example_subdag_operator.py took 0.453 seconds
[2025-07-06T04:40:02.864+0000] {processor.py:186} INFO - Started process (PID=827) to work on /home/airflow/.local/lib/python3.12/site-packages/airflow/example_dags/example_subdag_operator.py
[2025-07-06T04:40:02.865+0000] {processor.py:914} INFO - Processing file /home/airflow/.local/lib/python3.12/site-packages/airflow/example_dags/example_subdag_operator.py for tasks to queue
[2025-07-06T04:40:02.867+0000] {logging_mixin.py:190} INFO - [2025-07-06T04:40:02.867+0000] {dagbag.py:588} INFO - Filling up the DagBag from /home/airflow/.local/lib/python3.12/site-packages/airflow/example_dags/example_subdag_operator.py
[2025-07-06T04:40:02.896+0000] {processor.py:925} INFO - DAG(s) 'example_subdag_operator.section-1', 'example_subdag_operator.section-2', 'example_subdag_operator' retrieved from /home/airflow/.local/lib/python3.12/site-packages/airflow/example_dags/example_subdag_operator.py
[2025-07-06T04:40:02.916+0000] {logging_mixin.py:190} INFO - [2025-07-06T04:40:02.915+0000] {dag.py:3239} INFO - Sync 3 DAGs
[2025-07-06T04:40:02.943+0000] {logging_mixin.py:190} INFO - [2025-07-06T04:40:02.942+0000] {dag.py:4180} INFO - Setting next_dagrun for example_subdag_operator to 2022-01-01 00:00:00+00:00, run_after=2022-01-01 00:00:00+00:00
[2025-07-06T04:40:02.947+0000] {logging_mixin.py:190} INFO - [2025-07-06T04:40:02.947+0000] {dag.py:4180} INFO - Setting next_dagrun for example_subdag_operator.section-1 to None, run_after=None
[2025-07-06T04:40:02.949+0000] {logging_mixin.py:190} INFO - [2025-07-06T04:40:02.949+0000] {dag.py:4180} INFO - Setting next_dagrun for example_subdag_operator.section-2 to None, run_after=None
[2025-07-06T04:40:02.956+0000] {logging_mixin.py:190} INFO - [2025-07-06T04:40:02.956+0000] {dag.py:3239} INFO - Sync 2 DAGs
[2025-07-06T04:40:02.962+0000] {logging_mixin.py:190} INFO - [2025-07-06T04:40:02.962+0000] {dag.py:4180} INFO - Setting next_dagrun for example_subdag_operator.section-1 to None, run_after=None
[2025-07-06T04:40:02.963+0000] {logging_mixin.py:190} INFO - [2025-07-06T04:40:02.962+0000] {dag.py:4180} INFO - Setting next_dagrun for example_subdag_operator.section-2 to None, run_after=None
[2025-07-06T04:40:02.973+0000] {processor.py:208} INFO - Processing /home/airflow/.local/lib/python3.12/site-packages/airflow/example_dags/example_subdag_operator.py took 0.115 seconds
[2025-07-06T04:40:33.740+0000] {processor.py:186} INFO - Started process (PID=890) to work on /home/airflow/.local/lib/python3.12/site-packages/airflow/example_dags/example_subdag_operator.py
[2025-07-06T04:40:33.740+0000] {processor.py:914} INFO - Processing file /home/airflow/.local/lib/python3.12/site-packages/airflow/example_dags/example_subdag_operator.py for tasks to queue
[2025-07-06T04:40:33.743+0000] {logging_mixin.py:190} INFO - [2025-07-06T04:40:33.743+0000] {dagbag.py:588} INFO - Filling up the DagBag from /home/airflow/.local/lib/python3.12/site-packages/airflow/example_dags/example_subdag_operator.py
[2025-07-06T04:40:33.773+0000] {processor.py:925} INFO - DAG(s) 'example_subdag_operator.section-1', 'example_subdag_operator.section-2', 'example_subdag_operator' retrieved from /home/airflow/.local/lib/python3.12/site-packages/airflow/example_dags/example_subdag_operator.py
[2025-07-06T04:40:33.792+0000] {logging_mixin.py:190} INFO - [2025-07-06T04:40:33.792+0000] {dag.py:3239} INFO - Sync 3 DAGs
[2025-07-06T04:40:33.823+0000] {logging_mixin.py:190} INFO - [2025-07-06T04:40:33.823+0000] {dag.py:4180} INFO - Setting next_dagrun for example_subdag_operator to 2022-01-01 00:00:00+00:00, run_after=2022-01-01 00:00:00+00:00
[2025-07-06T04:40:33.828+0000] {logging_mixin.py:190} INFO - [2025-07-06T04:40:33.828+0000] {dag.py:4180} INFO - Setting next_dagrun for example_subdag_operator.section-1 to None, run_after=None
[2025-07-06T04:40:33.829+0000] {logging_mixin.py:190} INFO - [2025-07-06T04:40:33.829+0000] {dag.py:4180} INFO - Setting next_dagrun for example_subdag_operator.section-2 to None, run_after=None
[2025-07-06T04:40:33.837+0000] {logging_mixin.py:190} INFO - [2025-07-06T04:40:33.837+0000] {dag.py:3239} INFO - Sync 2 DAGs
[2025-07-06T04:40:33.843+0000] {logging_mixin.py:190} INFO - [2025-07-06T04:40:33.843+0000] {dag.py:4180} INFO - Setting next_dagrun for example_subdag_operator.section-1 to None, run_after=None
[2025-07-06T04:40:33.843+0000] {logging_mixin.py:190} INFO - [2025-07-06T04:40:33.843+0000] {dag.py:4180} INFO - Setting next_dagrun for example_subdag_operator.section-2 to None, run_after=None
[2025-07-06T04:40:33.854+0000] {processor.py:208} INFO - Processing /home/airflow/.local/lib/python3.12/site-packages/airflow/example_dags/example_subdag_operator.py took 0.120 seconds
[2025-07-06T04:41:04.196+0000] {processor.py:186} INFO - Started process (PID=954) to work on /home/airflow/.local/lib/python3.12/site-packages/airflow/example_dags/example_subdag_operator.py
[2025-07-06T04:41:04.197+0000] {processor.py:914} INFO - Processing file /home/airflow/.local/lib/python3.12/site-packages/airflow/example_dags/example_subdag_operator.py for tasks to queue
[2025-07-06T04:41:04.199+0000] {logging_mixin.py:190} INFO - [2025-07-06T04:41:04.199+0000] {dagbag.py:588} INFO - Filling up the DagBag from /home/airflow/.local/lib/python3.12/site-packages/airflow/example_dags/example_subdag_operator.py
[2025-07-06T04:41:04.259+0000] {processor.py:925} INFO - DAG(s) 'example_subdag_operator.section-1', 'example_subdag_operator.section-2', 'example_subdag_operator' retrieved from /home/airflow/.local/lib/python3.12/site-packages/airflow/example_dags/example_subdag_operator.py
[2025-07-06T04:41:04.281+0000] {logging_mixin.py:190} INFO - [2025-07-06T04:41:04.280+0000] {dag.py:3239} INFO - Sync 3 DAGs
[2025-07-06T04:41:04.324+0000] {logging_mixin.py:190} INFO - [2025-07-06T04:41:04.323+0000] {dag.py:4180} INFO - Setting next_dagrun for example_subdag_operator to 2022-01-01 00:00:00+00:00, run_after=2022-01-01 00:00:00+00:00
[2025-07-06T04:41:04.329+0000] {logging_mixin.py:190} INFO - [2025-07-06T04:41:04.329+0000] {dag.py:4180} INFO - Setting next_dagrun for example_subdag_operator.section-1 to None, run_after=None
[2025-07-06T04:41:04.330+0000] {logging_mixin.py:190} INFO - [2025-07-06T04:41:04.330+0000] {dag.py:4180} INFO - Setting next_dagrun for example_subdag_operator.section-2 to None, run_after=None
[2025-07-06T04:41:04.349+0000] {logging_mixin.py:190} INFO - [2025-07-06T04:41:04.349+0000] {dag.py:3239} INFO - Sync 2 DAGs
[2025-07-06T04:41:04.369+0000] {logging_mixin.py:190} INFO - [2025-07-06T04:41:04.368+0000] {dag.py:4180} INFO - Setting next_dagrun for example_subdag_operator.section-1 to None, run_after=None
[2025-07-06T04:41:04.370+0000] {logging_mixin.py:190} INFO - [2025-07-06T04:41:04.370+0000] {dag.py:4180} INFO - Setting next_dagrun for example_subdag_operator.section-2 to None, run_after=None
[2025-07-06T04:41:04.381+0000] {processor.py:208} INFO - Processing /home/airflow/.local/lib/python3.12/site-packages/airflow/example_dags/example_subdag_operator.py took 0.191 seconds
[2025-07-06T04:41:34.501+0000] {processor.py:186} INFO - Started process (PID=1018) to work on /home/airflow/.local/lib/python3.12/site-packages/airflow/example_dags/example_subdag_operator.py
[2025-07-06T04:41:34.502+0000] {processor.py:914} INFO - Processing file /home/airflow/.local/lib/python3.12/site-packages/airflow/example_dags/example_subdag_operator.py for tasks to queue
[2025-07-06T04:41:34.505+0000] {logging_mixin.py:190} INFO - [2025-07-06T04:41:34.504+0000] {dagbag.py:588} INFO - Filling up the DagBag from /home/airflow/.local/lib/python3.12/site-packages/airflow/example_dags/example_subdag_operator.py
[2025-07-06T04:41:34.535+0000] {processor.py:925} INFO - DAG(s) 'example_subdag_operator.section-1', 'example_subdag_operator.section-2', 'example_subdag_operator' retrieved from /home/airflow/.local/lib/python3.12/site-packages/airflow/example_dags/example_subdag_operator.py
[2025-07-06T04:41:34.560+0000] {logging_mixin.py:190} INFO - [2025-07-06T04:41:34.559+0000] {dag.py:3239} INFO - Sync 3 DAGs
[2025-07-06T04:41:34.589+0000] {logging_mixin.py:190} INFO - [2025-07-06T04:41:34.589+0000] {dag.py:4180} INFO - Setting next_dagrun for example_subdag_operator to 2022-01-01 00:00:00+00:00, run_after=2022-01-01 00:00:00+00:00
[2025-07-06T04:41:34.595+0000] {logging_mixin.py:190} INFO - [2025-07-06T04:41:34.594+0000] {dag.py:4180} INFO - Setting next_dagrun for example_subdag_operator.section-1 to None, run_after=None
[2025-07-06T04:41:34.596+0000] {logging_mixin.py:190} INFO - [2025-07-06T04:41:34.596+0000] {dag.py:4180} INFO - Setting next_dagrun for example_subdag_operator.section-2 to None, run_after=None
[2025-07-06T04:41:34.603+0000] {logging_mixin.py:190} INFO - [2025-07-06T04:41:34.603+0000] {dag.py:3239} INFO - Sync 2 DAGs
[2025-07-06T04:41:34.610+0000] {logging_mixin.py:190} INFO - [2025-07-06T04:41:34.609+0000] {dag.py:4180} INFO - Setting next_dagrun for example_subdag_operator.section-1 to None, run_after=None
[2025-07-06T04:41:34.610+0000] {logging_mixin.py:190} INFO - [2025-07-06T04:41:34.610+0000] {dag.py:4180} INFO - Setting next_dagrun for example_subdag_operator.section-2 to None, run_after=None
[2025-07-06T04:41:34.619+0000] {processor.py:208} INFO - Processing /home/airflow/.local/lib/python3.12/site-packages/airflow/example_dags/example_subdag_operator.py took 0.124 seconds
[2025-07-06T04:42:05.214+0000] {processor.py:186} INFO - Started process (PID=1082) to work on /home/airflow/.local/lib/python3.12/site-packages/airflow/example_dags/example_subdag_operator.py
[2025-07-06T04:42:05.214+0000] {processor.py:914} INFO - Processing file /home/airflow/.local/lib/python3.12/site-packages/airflow/example_dags/example_subdag_operator.py for tasks to queue
[2025-07-06T04:42:05.217+0000] {logging_mixin.py:190} INFO - [2025-07-06T04:42:05.217+0000] {dagbag.py:588} INFO - Filling up the DagBag from /home/airflow/.local/lib/python3.12/site-packages/airflow/example_dags/example_subdag_operator.py
[2025-07-06T04:42:05.250+0000] {processor.py:925} INFO - DAG(s) 'example_subdag_operator.section-1', 'example_subdag_operator.section-2', 'example_subdag_operator' retrieved from /home/airflow/.local/lib/python3.12/site-packages/airflow/example_dags/example_subdag_operator.py
[2025-07-06T04:42:05.270+0000] {logging_mixin.py:190} INFO - [2025-07-06T04:42:05.270+0000] {dag.py:3239} INFO - Sync 3 DAGs
[2025-07-06T04:42:05.298+0000] {logging_mixin.py:190} INFO - [2025-07-06T04:42:05.298+0000] {dag.py:4180} INFO - Setting next_dagrun for example_subdag_operator to 2022-01-01 00:00:00+00:00, run_after=2022-01-01 00:00:00+00:00
[2025-07-06T04:42:05.303+0000] {logging_mixin.py:190} INFO - [2025-07-06T04:42:05.303+0000] {dag.py:4180} INFO - Setting next_dagrun for example_subdag_operator.section-1 to None, run_after=None
[2025-07-06T04:42:05.304+0000] {logging_mixin.py:190} INFO - [2025-07-06T04:42:05.304+0000] {dag.py:4180} INFO - Setting next_dagrun for example_subdag_operator.section-2 to None, run_after=None
[2025-07-06T04:42:05.312+0000] {logging_mixin.py:190} INFO - [2025-07-06T04:42:05.312+0000] {dag.py:3239} INFO - Sync 2 DAGs
[2025-07-06T04:42:05.318+0000] {logging_mixin.py:190} INFO - [2025-07-06T04:42:05.318+0000] {dag.py:4180} INFO - Setting next_dagrun for example_subdag_operator.section-1 to None, run_after=None
[2025-07-06T04:42:05.318+0000] {logging_mixin.py:190} INFO - [2025-07-06T04:42:05.318+0000] {dag.py:4180} INFO - Setting next_dagrun for example_subdag_operator.section-2 to None, run_after=None
[2025-07-06T04:42:05.329+0000] {processor.py:208} INFO - Processing /home/airflow/.local/lib/python3.12/site-packages/airflow/example_dags/example_subdag_operator.py took 0.121 seconds
[2025-07-06T04:42:35.621+0000] {processor.py:186} INFO - Started process (PID=1145) to work on /home/airflow/.local/lib/python3.12/site-packages/airflow/example_dags/example_subdag_operator.py
[2025-07-06T04:42:35.622+0000] {processor.py:914} INFO - Processing file /home/airflow/.local/lib/python3.12/site-packages/airflow/example_dags/example_subdag_operator.py for tasks to queue
[2025-07-06T04:42:35.624+0000] {logging_mixin.py:190} INFO - [2025-07-06T04:42:35.624+0000] {dagbag.py:588} INFO - Filling up the DagBag from /home/airflow/.local/lib/python3.12/site-packages/airflow/example_dags/example_subdag_operator.py
[2025-07-06T04:42:35.654+0000] {processor.py:925} INFO - DAG(s) 'example_subdag_operator.section-1', 'example_subdag_operator.section-2', 'example_subdag_operator' retrieved from /home/airflow/.local/lib/python3.12/site-packages/airflow/example_dags/example_subdag_operator.py
[2025-07-06T04:42:35.679+0000] {logging_mixin.py:190} INFO - [2025-07-06T04:42:35.679+0000] {dag.py:3239} INFO - Sync 3 DAGs
[2025-07-06T04:42:35.709+0000] {logging_mixin.py:190} INFO - [2025-07-06T04:42:35.709+0000] {dag.py:4180} INFO - Setting next_dagrun for example_subdag_operator to 2022-01-01 00:00:00+00:00, run_after=2022-01-01 00:00:00+00:00
[2025-07-06T04:42:35.714+0000] {logging_mixin.py:190} INFO - [2025-07-06T04:42:35.714+0000] {dag.py:4180} INFO - Setting next_dagrun for example_subdag_operator.section-1 to None, run_after=None
[2025-07-06T04:42:35.715+0000] {logging_mixin.py:190} INFO - [2025-07-06T04:42:35.715+0000] {dag.py:4180} INFO - Setting next_dagrun for example_subdag_operator.section-2 to None, run_after=None
[2025-07-06T04:42:35.723+0000] {logging_mixin.py:190} INFO - [2025-07-06T04:42:35.723+0000] {dag.py:3239} INFO - Sync 2 DAGs
[2025-07-06T04:42:35.729+0000] {logging_mixin.py:190} INFO - [2025-07-06T04:42:35.729+0000] {dag.py:4180} INFO - Setting next_dagrun for example_subdag_operator.section-1 to None, run_after=None
[2025-07-06T04:42:35.730+0000] {logging_mixin.py:190} INFO - [2025-07-06T04:42:35.729+0000] {dag.py:4180} INFO - Setting next_dagrun for example_subdag_operator.section-2 to None, run_after=None
[2025-07-06T04:42:35.739+0000] {processor.py:208} INFO - Processing /home/airflow/.local/lib/python3.12/site-packages/airflow/example_dags/example_subdag_operator.py took 0.125 seconds
[2025-07-06T04:43:06.621+0000] {processor.py:186} INFO - Started process (PID=1209) to work on /home/airflow/.local/lib/python3.12/site-packages/airflow/example_dags/example_subdag_operator.py
[2025-07-06T04:43:06.621+0000] {processor.py:914} INFO - Processing file /home/airflow/.local/lib/python3.12/site-packages/airflow/example_dags/example_subdag_operator.py for tasks to queue
[2025-07-06T04:43:06.624+0000] {logging_mixin.py:190} INFO - [2025-07-06T04:43:06.624+0000] {dagbag.py:588} INFO - Filling up the DagBag from /home/airflow/.local/lib/python3.12/site-packages/airflow/example_dags/example_subdag_operator.py
[2025-07-06T04:43:06.655+0000] {processor.py:925} INFO - DAG(s) 'example_subdag_operator.section-1', 'example_subdag_operator.section-2', 'example_subdag_operator' retrieved from /home/airflow/.local/lib/python3.12/site-packages/airflow/example_dags/example_subdag_operator.py
[2025-07-06T04:43:06.675+0000] {logging_mixin.py:190} INFO - [2025-07-06T04:43:06.674+0000] {dag.py:3239} INFO - Sync 3 DAGs
[2025-07-06T04:43:06.726+0000] {logging_mixin.py:190} INFO - [2025-07-06T04:43:06.726+0000] {dag.py:4180} INFO - Setting next_dagrun for example_subdag_operator to 2022-01-01 00:00:00+00:00, run_after=2022-01-01 00:00:00+00:00
[2025-07-06T04:43:06.735+0000] {logging_mixin.py:190} INFO - [2025-07-06T04:43:06.734+0000] {dag.py:4180} INFO - Setting next_dagrun for example_subdag_operator.section-1 to None, run_after=None
[2025-07-06T04:43:06.736+0000] {logging_mixin.py:190} INFO - [2025-07-06T04:43:06.736+0000] {dag.py:4180} INFO - Setting next_dagrun for example_subdag_operator.section-2 to None, run_after=None
[2025-07-06T04:43:06.744+0000] {logging_mixin.py:190} INFO - [2025-07-06T04:43:06.743+0000] {dag.py:3239} INFO - Sync 2 DAGs
[2025-07-06T04:43:06.750+0000] {logging_mixin.py:190} INFO - [2025-07-06T04:43:06.749+0000] {dag.py:4180} INFO - Setting next_dagrun for example_subdag_operator.section-1 to None, run_after=None
[2025-07-06T04:43:06.750+0000] {logging_mixin.py:190} INFO - [2025-07-06T04:43:06.750+0000] {dag.py:4180} INFO - Setting next_dagrun for example_subdag_operator.section-2 to None, run_after=None
[2025-07-06T04:43:06.761+0000] {processor.py:208} INFO - Processing /home/airflow/.local/lib/python3.12/site-packages/airflow/example_dags/example_subdag_operator.py took 0.146 seconds
