[2025-07-06T04:33:57.950+0000] {processor.py:186} INFO - Started process (PID=98) to work on /home/airflow/.local/lib/python3.12/site-packages/airflow/example_dags/example_setup_teardown.py
[2025-07-06T04:33:57.952+0000] {processor.py:914} INFO - Processing file /home/airflow/.local/lib/python3.12/site-packages/airflow/example_dags/example_setup_teardown.py for tasks to queue
[2025-07-06T04:33:57.971+0000] {logging_mixin.py:190} INFO - [2025-07-06T04:33:57.962+0000] {dagbag.py:588} INFO - Filling up the DagBag from /home/airflow/.local/lib/python3.12/site-packages/airflow/example_dags/example_setup_teardown.py
[2025-07-06T04:33:58.026+0000] {processor.py:925} INFO - DAG(s) 'example_setup_teardown' retrieved from /home/airflow/.local/lib/python3.12/site-packages/airflow/example_dags/example_setup_teardown.py
[2025-07-06T04:33:59.460+0000] {logging_mixin.py:190} INFO - [2025-07-06T04:33:59.459+0000] {override.py:1911} INFO - Created Permission View: can delete on DAG:example_setup_teardown
[2025-07-06T04:33:59.516+0000] {logging_mixin.py:190} INFO - [2025-07-06T04:33:59.516+0000] {override.py:1911} INFO - Created Permission View: can edit on DAG:example_setup_teardown
[2025-07-06T04:33:59.555+0000] {logging_mixin.py:190} INFO - [2025-07-06T04:33:59.554+0000] {override.py:1911} INFO - Created Permission View: can read on DAG:example_setup_teardown
[2025-07-06T04:33:59.616+0000] {logging_mixin.py:190} INFO - [2025-07-06T04:33:59.615+0000] {override.py:1911} INFO - Created Permission View: can delete on DAG Run:example_setup_teardown
[2025-07-06T04:33:59.821+0000] {logging_mixin.py:190} INFO - [2025-07-06T04:33:59.820+0000] {override.py:1911} INFO - Created Permission View: menu access on DAG Run:example_setup_teardown
[2025-07-06T04:33:59.864+0000] {logging_mixin.py:190} INFO - [2025-07-06T04:33:59.864+0000] {override.py:1911} INFO - Created Permission View: can create on DAG Run:example_setup_teardown
[2025-07-06T04:33:59.894+0000] {logging_mixin.py:190} INFO - [2025-07-06T04:33:59.893+0000] {override.py:1911} INFO - Created Permission View: can read on DAG Run:example_setup_teardown
[2025-07-06T04:33:59.894+0000] {logging_mixin.py:190} INFO - [2025-07-06T04:33:59.894+0000] {dag.py:3239} INFO - Sync 1 DAGs
[2025-07-06T04:33:59.960+0000] {logging_mixin.py:190} INFO - [2025-07-06T04:33:59.960+0000] {dag.py:3262} INFO - Creating ORM DAG for example_setup_teardown
[2025-07-06T04:33:59.966+0000] {logging_mixin.py:190} INFO - [2025-07-06T04:33:59.965+0000] {dag.py:4180} INFO - Setting next_dagrun for example_setup_teardown to None, run_after=None
[2025-07-06T04:34:00.047+0000] {processor.py:208} INFO - Processing /home/airflow/.local/lib/python3.12/site-packages/airflow/example_dags/example_setup_teardown.py took 2.155 seconds
[2025-07-06T04:34:30.819+0000] {processor.py:186} INFO - Started process (PID=161) to work on /home/airflow/.local/lib/python3.12/site-packages/airflow/example_dags/example_setup_teardown.py
[2025-07-06T04:34:30.820+0000] {processor.py:914} INFO - Processing file /home/airflow/.local/lib/python3.12/site-packages/airflow/example_dags/example_setup_teardown.py for tasks to queue
[2025-07-06T04:34:30.822+0000] {logging_mixin.py:190} INFO - [2025-07-06T04:34:30.822+0000] {dagbag.py:588} INFO - Filling up the DagBag from /home/airflow/.local/lib/python3.12/site-packages/airflow/example_dags/example_setup_teardown.py
[2025-07-06T04:34:30.829+0000] {processor.py:925} INFO - DAG(s) 'example_setup_teardown' retrieved from /home/airflow/.local/lib/python3.12/site-packages/airflow/example_dags/example_setup_teardown.py
[2025-07-06T04:34:30.848+0000] {logging_mixin.py:190} INFO - [2025-07-06T04:34:30.847+0000] {dag.py:3239} INFO - Sync 1 DAGs
[2025-07-06T04:34:30.860+0000] {logging_mixin.py:190} INFO - [2025-07-06T04:34:30.860+0000] {dag.py:4180} INFO - Setting next_dagrun for example_setup_teardown to None, run_after=None
[2025-07-06T04:34:30.877+0000] {processor.py:208} INFO - Processing /home/airflow/.local/lib/python3.12/site-packages/airflow/example_dags/example_setup_teardown.py took 0.062 seconds
[2025-07-06T04:35:01.547+0000] {processor.py:186} INFO - Started process (PID=224) to work on /home/airflow/.local/lib/python3.12/site-packages/airflow/example_dags/example_setup_teardown.py
[2025-07-06T04:35:01.547+0000] {processor.py:914} INFO - Processing file /home/airflow/.local/lib/python3.12/site-packages/airflow/example_dags/example_setup_teardown.py for tasks to queue
[2025-07-06T04:35:01.550+0000] {logging_mixin.py:190} INFO - [2025-07-06T04:35:01.550+0000] {dagbag.py:588} INFO - Filling up the DagBag from /home/airflow/.local/lib/python3.12/site-packages/airflow/example_dags/example_setup_teardown.py
[2025-07-06T04:35:01.562+0000] {processor.py:925} INFO - DAG(s) 'example_setup_teardown' retrieved from /home/airflow/.local/lib/python3.12/site-packages/airflow/example_dags/example_setup_teardown.py
[2025-07-06T04:35:01.590+0000] {logging_mixin.py:190} INFO - [2025-07-06T04:35:01.589+0000] {dag.py:3239} INFO - Sync 1 DAGs
[2025-07-06T04:35:01.608+0000] {logging_mixin.py:190} INFO - [2025-07-06T04:35:01.608+0000] {dag.py:4180} INFO - Setting next_dagrun for example_setup_teardown to None, run_after=None
[2025-07-06T04:35:01.630+0000] {processor.py:208} INFO - Processing /home/airflow/.local/lib/python3.12/site-packages/airflow/example_dags/example_setup_teardown.py took 0.091 seconds
[2025-07-06T04:35:32.279+0000] {processor.py:186} INFO - Started process (PID=285) to work on /home/airflow/.local/lib/python3.12/site-packages/airflow/example_dags/example_setup_teardown.py
[2025-07-06T04:35:32.280+0000] {processor.py:914} INFO - Processing file /home/airflow/.local/lib/python3.12/site-packages/airflow/example_dags/example_setup_teardown.py for tasks to queue
[2025-07-06T04:35:32.282+0000] {logging_mixin.py:190} INFO - [2025-07-06T04:35:32.281+0000] {dagbag.py:588} INFO - Filling up the DagBag from /home/airflow/.local/lib/python3.12/site-packages/airflow/example_dags/example_setup_teardown.py
[2025-07-06T04:35:32.288+0000] {processor.py:925} INFO - DAG(s) 'example_setup_teardown' retrieved from /home/airflow/.local/lib/python3.12/site-packages/airflow/example_dags/example_setup_teardown.py
[2025-07-06T04:35:32.306+0000] {logging_mixin.py:190} INFO - [2025-07-06T04:35:32.305+0000] {dag.py:3239} INFO - Sync 1 DAGs
[2025-07-06T04:35:32.319+0000] {logging_mixin.py:190} INFO - [2025-07-06T04:35:32.319+0000] {dag.py:4180} INFO - Setting next_dagrun for example_setup_teardown to None, run_after=None
[2025-07-06T04:35:32.334+0000] {processor.py:208} INFO - Processing /home/airflow/.local/lib/python3.12/site-packages/airflow/example_dags/example_setup_teardown.py took 0.061 seconds
[2025-07-06T04:36:02.363+0000] {processor.py:186} INFO - Started process (PID=348) to work on /home/airflow/.local/lib/python3.12/site-packages/airflow/example_dags/example_setup_teardown.py
[2025-07-06T04:36:02.364+0000] {processor.py:914} INFO - Processing file /home/airflow/.local/lib/python3.12/site-packages/airflow/example_dags/example_setup_teardown.py for tasks to queue
[2025-07-06T04:36:02.366+0000] {logging_mixin.py:190} INFO - [2025-07-06T04:36:02.365+0000] {dagbag.py:588} INFO - Filling up the DagBag from /home/airflow/.local/lib/python3.12/site-packages/airflow/example_dags/example_setup_teardown.py
[2025-07-06T04:36:02.373+0000] {processor.py:925} INFO - DAG(s) 'example_setup_teardown' retrieved from /home/airflow/.local/lib/python3.12/site-packages/airflow/example_dags/example_setup_teardown.py
[2025-07-06T04:36:02.392+0000] {logging_mixin.py:190} INFO - [2025-07-06T04:36:02.392+0000] {dag.py:3239} INFO - Sync 1 DAGs
[2025-07-06T04:36:02.405+0000] {logging_mixin.py:190} INFO - [2025-07-06T04:36:02.405+0000] {dag.py:4180} INFO - Setting next_dagrun for example_setup_teardown to None, run_after=None
[2025-07-06T04:36:02.421+0000] {processor.py:208} INFO - Processing /home/airflow/.local/lib/python3.12/site-packages/airflow/example_dags/example_setup_teardown.py took 0.063 seconds
[2025-07-06T04:36:35.111+0000] {processor.py:186} INFO - Started process (PID=405) to work on /home/airflow/.local/lib/python3.12/site-packages/airflow/example_dags/example_setup_teardown.py
[2025-07-06T04:36:35.113+0000] {processor.py:914} INFO - Processing file /home/airflow/.local/lib/python3.12/site-packages/airflow/example_dags/example_setup_teardown.py for tasks to queue
[2025-07-06T04:36:35.121+0000] {logging_mixin.py:190} INFO - [2025-07-06T04:36:35.120+0000] {dagbag.py:588} INFO - Filling up the DagBag from /home/airflow/.local/lib/python3.12/site-packages/airflow/example_dags/example_setup_teardown.py
[2025-07-06T04:36:35.154+0000] {processor.py:925} INFO - DAG(s) 'example_setup_teardown' retrieved from /home/airflow/.local/lib/python3.12/site-packages/airflow/example_dags/example_setup_teardown.py
[2025-07-06T04:36:35.265+0000] {logging_mixin.py:190} INFO - [2025-07-06T04:36:35.264+0000] {dag.py:3239} INFO - Sync 1 DAGs
[2025-07-06T04:36:35.379+0000] {logging_mixin.py:190} INFO - [2025-07-06T04:36:35.379+0000] {dag.py:4180} INFO - Setting next_dagrun for example_setup_teardown to None, run_after=None
[2025-07-06T04:36:35.474+0000] {processor.py:208} INFO - Processing /home/airflow/.local/lib/python3.12/site-packages/airflow/example_dags/example_setup_teardown.py took 0.394 seconds
[2025-07-06T04:37:06.091+0000] {processor.py:186} INFO - Started process (PID=467) to work on /home/airflow/.local/lib/python3.12/site-packages/airflow/example_dags/example_setup_teardown.py
[2025-07-06T04:37:06.092+0000] {processor.py:914} INFO - Processing file /home/airflow/.local/lib/python3.12/site-packages/airflow/example_dags/example_setup_teardown.py for tasks to queue
[2025-07-06T04:37:06.094+0000] {logging_mixin.py:190} INFO - [2025-07-06T04:37:06.093+0000] {dagbag.py:588} INFO - Filling up the DagBag from /home/airflow/.local/lib/python3.12/site-packages/airflow/example_dags/example_setup_teardown.py
[2025-07-06T04:37:06.100+0000] {processor.py:925} INFO - DAG(s) 'example_setup_teardown' retrieved from /home/airflow/.local/lib/python3.12/site-packages/airflow/example_dags/example_setup_teardown.py
[2025-07-06T04:37:06.119+0000] {logging_mixin.py:190} INFO - [2025-07-06T04:37:06.118+0000] {dag.py:3239} INFO - Sync 1 DAGs
[2025-07-06T04:37:06.131+0000] {logging_mixin.py:190} INFO - [2025-07-06T04:37:06.131+0000] {dag.py:4180} INFO - Setting next_dagrun for example_setup_teardown to None, run_after=None
[2025-07-06T04:37:06.147+0000] {processor.py:208} INFO - Processing /home/airflow/.local/lib/python3.12/site-packages/airflow/example_dags/example_setup_teardown.py took 0.061 seconds
[2025-07-06T04:37:36.707+0000] {processor.py:186} INFO - Started process (PID=530) to work on /home/airflow/.local/lib/python3.12/site-packages/airflow/example_dags/example_setup_teardown.py
[2025-07-06T04:37:36.707+0000] {processor.py:914} INFO - Processing file /home/airflow/.local/lib/python3.12/site-packages/airflow/example_dags/example_setup_teardown.py for tasks to queue
[2025-07-06T04:37:36.710+0000] {logging_mixin.py:190} INFO - [2025-07-06T04:37:36.710+0000] {dagbag.py:588} INFO - Filling up the DagBag from /home/airflow/.local/lib/python3.12/site-packages/airflow/example_dags/example_setup_teardown.py
[2025-07-06T04:37:36.720+0000] {processor.py:925} INFO - DAG(s) 'example_setup_teardown' retrieved from /home/airflow/.local/lib/python3.12/site-packages/airflow/example_dags/example_setup_teardown.py
[2025-07-06T04:37:36.753+0000] {logging_mixin.py:190} INFO - [2025-07-06T04:37:36.753+0000] {dag.py:3239} INFO - Sync 1 DAGs
[2025-07-06T04:37:36.772+0000] {logging_mixin.py:190} INFO - [2025-07-06T04:37:36.772+0000] {dag.py:4180} INFO - Setting next_dagrun for example_setup_teardown to None, run_after=None
[2025-07-06T04:37:36.795+0000] {processor.py:208} INFO - Processing /home/airflow/.local/lib/python3.12/site-packages/airflow/example_dags/example_setup_teardown.py took 0.095 seconds
[2025-07-06T04:38:07.022+0000] {processor.py:186} INFO - Started process (PID=593) to work on /home/airflow/.local/lib/python3.12/site-packages/airflow/example_dags/example_setup_teardown.py
[2025-07-06T04:38:07.022+0000] {processor.py:914} INFO - Processing file /home/airflow/.local/lib/python3.12/site-packages/airflow/example_dags/example_setup_teardown.py for tasks to queue
[2025-07-06T04:38:07.024+0000] {logging_mixin.py:190} INFO - [2025-07-06T04:38:07.024+0000] {dagbag.py:588} INFO - Filling up the DagBag from /home/airflow/.local/lib/python3.12/site-packages/airflow/example_dags/example_setup_teardown.py
[2025-07-06T04:38:07.031+0000] {processor.py:925} INFO - DAG(s) 'example_setup_teardown' retrieved from /home/airflow/.local/lib/python3.12/site-packages/airflow/example_dags/example_setup_teardown.py
[2025-07-06T04:38:07.050+0000] {logging_mixin.py:190} INFO - [2025-07-06T04:38:07.049+0000] {dag.py:3239} INFO - Sync 1 DAGs
[2025-07-06T04:38:07.066+0000] {logging_mixin.py:190} INFO - [2025-07-06T04:38:07.066+0000] {dag.py:4180} INFO - Setting next_dagrun for example_setup_teardown to None, run_after=None
[2025-07-06T04:38:07.082+0000] {processor.py:208} INFO - Processing /home/airflow/.local/lib/python3.12/site-packages/airflow/example_dags/example_setup_teardown.py took 0.066 seconds
[2025-07-06T04:38:37.673+0000] {processor.py:186} INFO - Started process (PID=657) to work on /home/airflow/.local/lib/python3.12/site-packages/airflow/example_dags/example_setup_teardown.py
[2025-07-06T04:38:37.674+0000] {processor.py:914} INFO - Processing file /home/airflow/.local/lib/python3.12/site-packages/airflow/example_dags/example_setup_teardown.py for tasks to queue
[2025-07-06T04:38:37.676+0000] {logging_mixin.py:190} INFO - [2025-07-06T04:38:37.675+0000] {dagbag.py:588} INFO - Filling up the DagBag from /home/airflow/.local/lib/python3.12/site-packages/airflow/example_dags/example_setup_teardown.py
[2025-07-06T04:38:37.682+0000] {processor.py:925} INFO - DAG(s) 'example_setup_teardown' retrieved from /home/airflow/.local/lib/python3.12/site-packages/airflow/example_dags/example_setup_teardown.py
[2025-07-06T04:38:37.699+0000] {logging_mixin.py:190} INFO - [2025-07-06T04:38:37.699+0000] {dag.py:3239} INFO - Sync 1 DAGs
[2025-07-06T04:38:37.711+0000] {logging_mixin.py:190} INFO - [2025-07-06T04:38:37.711+0000] {dag.py:4180} INFO - Setting next_dagrun for example_setup_teardown to None, run_after=None
[2025-07-06T04:38:37.728+0000] {processor.py:208} INFO - Processing /home/airflow/.local/lib/python3.12/site-packages/airflow/example_dags/example_setup_teardown.py took 0.061 seconds
[2025-07-06T04:39:08.377+0000] {processor.py:186} INFO - Started process (PID=721) to work on /home/airflow/.local/lib/python3.12/site-packages/airflow/example_dags/example_setup_teardown.py
[2025-07-06T04:39:08.378+0000] {processor.py:914} INFO - Processing file /home/airflow/.local/lib/python3.12/site-packages/airflow/example_dags/example_setup_teardown.py for tasks to queue
[2025-07-06T04:39:08.380+0000] {logging_mixin.py:190} INFO - [2025-07-06T04:39:08.380+0000] {dagbag.py:588} INFO - Filling up the DagBag from /home/airflow/.local/lib/python3.12/site-packages/airflow/example_dags/example_setup_teardown.py
[2025-07-06T04:39:08.387+0000] {processor.py:925} INFO - DAG(s) 'example_setup_teardown' retrieved from /home/airflow/.local/lib/python3.12/site-packages/airflow/example_dags/example_setup_teardown.py
[2025-07-06T04:39:08.404+0000] {logging_mixin.py:190} INFO - [2025-07-06T04:39:08.404+0000] {dag.py:3239} INFO - Sync 1 DAGs
[2025-07-06T04:39:08.420+0000] {logging_mixin.py:190} INFO - [2025-07-06T04:39:08.420+0000] {dag.py:4180} INFO - Setting next_dagrun for example_setup_teardown to None, run_after=None
[2025-07-06T04:39:08.436+0000] {processor.py:208} INFO - Processing /home/airflow/.local/lib/python3.12/site-packages/airflow/example_dags/example_setup_teardown.py took 0.065 seconds
[2025-07-06T04:39:38.751+0000] {processor.py:186} INFO - Started process (PID=785) to work on /home/airflow/.local/lib/python3.12/site-packages/airflow/example_dags/example_setup_teardown.py
[2025-07-06T04:39:38.752+0000] {processor.py:914} INFO - Processing file /home/airflow/.local/lib/python3.12/site-packages/airflow/example_dags/example_setup_teardown.py for tasks to queue
[2025-07-06T04:39:38.754+0000] {logging_mixin.py:190} INFO - [2025-07-06T04:39:38.753+0000] {dagbag.py:588} INFO - Filling up the DagBag from /home/airflow/.local/lib/python3.12/site-packages/airflow/example_dags/example_setup_teardown.py
[2025-07-06T04:39:38.761+0000] {processor.py:925} INFO - DAG(s) 'example_setup_teardown' retrieved from /home/airflow/.local/lib/python3.12/site-packages/airflow/example_dags/example_setup_teardown.py
[2025-07-06T04:39:38.780+0000] {logging_mixin.py:190} INFO - [2025-07-06T04:39:38.780+0000] {dag.py:3239} INFO - Sync 1 DAGs
[2025-07-06T04:39:38.793+0000] {logging_mixin.py:190} INFO - [2025-07-06T04:39:38.793+0000] {dag.py:4180} INFO - Setting next_dagrun for example_setup_teardown to None, run_after=None
[2025-07-06T04:39:38.809+0000] {processor.py:208} INFO - Processing /home/airflow/.local/lib/python3.12/site-packages/airflow/example_dags/example_setup_teardown.py took 0.063 seconds
[2025-07-06T04:40:10.235+0000] {processor.py:186} INFO - Started process (PID=849) to work on /home/airflow/.local/lib/python3.12/site-packages/airflow/example_dags/example_setup_teardown.py
[2025-07-06T04:40:10.237+0000] {processor.py:914} INFO - Processing file /home/airflow/.local/lib/python3.12/site-packages/airflow/example_dags/example_setup_teardown.py for tasks to queue
[2025-07-06T04:40:10.242+0000] {logging_mixin.py:190} INFO - [2025-07-06T04:40:10.242+0000] {dagbag.py:588} INFO - Filling up the DagBag from /home/airflow/.local/lib/python3.12/site-packages/airflow/example_dags/example_setup_teardown.py
[2025-07-06T04:40:10.253+0000] {processor.py:925} INFO - DAG(s) 'example_setup_teardown' retrieved from /home/airflow/.local/lib/python3.12/site-packages/airflow/example_dags/example_setup_teardown.py
[2025-07-06T04:40:10.299+0000] {logging_mixin.py:190} INFO - [2025-07-06T04:40:10.299+0000] {dag.py:3239} INFO - Sync 1 DAGs
[2025-07-06T04:40:10.318+0000] {logging_mixin.py:190} INFO - [2025-07-06T04:40:10.318+0000] {dag.py:4180} INFO - Setting next_dagrun for example_setup_teardown to None, run_after=None
[2025-07-06T04:40:10.342+0000] {processor.py:208} INFO - Processing /home/airflow/.local/lib/python3.12/site-packages/airflow/example_dags/example_setup_teardown.py took 0.123 seconds
[2025-07-06T04:40:40.709+0000] {processor.py:186} INFO - Started process (PID=909) to work on /home/airflow/.local/lib/python3.12/site-packages/airflow/example_dags/example_setup_teardown.py
[2025-07-06T04:40:40.710+0000] {processor.py:914} INFO - Processing file /home/airflow/.local/lib/python3.12/site-packages/airflow/example_dags/example_setup_teardown.py for tasks to queue
[2025-07-06T04:40:40.713+0000] {logging_mixin.py:190} INFO - [2025-07-06T04:40:40.713+0000] {dagbag.py:588} INFO - Filling up the DagBag from /home/airflow/.local/lib/python3.12/site-packages/airflow/example_dags/example_setup_teardown.py
[2025-07-06T04:40:40.723+0000] {processor.py:925} INFO - DAG(s) 'example_setup_teardown' retrieved from /home/airflow/.local/lib/python3.12/site-packages/airflow/example_dags/example_setup_teardown.py
[2025-07-06T04:40:40.748+0000] {logging_mixin.py:190} INFO - [2025-07-06T04:40:40.748+0000] {dag.py:3239} INFO - Sync 1 DAGs
[2025-07-06T04:40:40.781+0000] {logging_mixin.py:190} INFO - [2025-07-06T04:40:40.781+0000] {dag.py:4180} INFO - Setting next_dagrun for example_setup_teardown to None, run_after=None
[2025-07-06T04:40:40.833+0000] {processor.py:208} INFO - Processing /home/airflow/.local/lib/python3.12/site-packages/airflow/example_dags/example_setup_teardown.py took 0.132 seconds
[2025-07-06T04:41:11.241+0000] {processor.py:186} INFO - Started process (PID=973) to work on /home/airflow/.local/lib/python3.12/site-packages/airflow/example_dags/example_setup_teardown.py
[2025-07-06T04:41:11.244+0000] {processor.py:914} INFO - Processing file /home/airflow/.local/lib/python3.12/site-packages/airflow/example_dags/example_setup_teardown.py for tasks to queue
[2025-07-06T04:41:11.257+0000] {logging_mixin.py:190} INFO - [2025-07-06T04:41:11.257+0000] {dagbag.py:588} INFO - Filling up the DagBag from /home/airflow/.local/lib/python3.12/site-packages/airflow/example_dags/example_setup_teardown.py
[2025-07-06T04:41:11.266+0000] {processor.py:925} INFO - DAG(s) 'example_setup_teardown' retrieved from /home/airflow/.local/lib/python3.12/site-packages/airflow/example_dags/example_setup_teardown.py
[2025-07-06T04:41:11.289+0000] {logging_mixin.py:190} INFO - [2025-07-06T04:41:11.289+0000] {dag.py:3239} INFO - Sync 1 DAGs
[2025-07-06T04:41:11.311+0000] {logging_mixin.py:190} INFO - [2025-07-06T04:41:11.310+0000] {dag.py:4180} INFO - Setting next_dagrun for example_setup_teardown to None, run_after=None
[2025-07-06T04:41:11.333+0000] {processor.py:208} INFO - Processing /home/airflow/.local/lib/python3.12/site-packages/airflow/example_dags/example_setup_teardown.py took 0.132 seconds
[2025-07-06T04:41:41.802+0000] {processor.py:186} INFO - Started process (PID=1037) to work on /home/airflow/.local/lib/python3.12/site-packages/airflow/example_dags/example_setup_teardown.py
[2025-07-06T04:41:41.802+0000] {processor.py:914} INFO - Processing file /home/airflow/.local/lib/python3.12/site-packages/airflow/example_dags/example_setup_teardown.py for tasks to queue
[2025-07-06T04:41:41.805+0000] {logging_mixin.py:190} INFO - [2025-07-06T04:41:41.805+0000] {dagbag.py:588} INFO - Filling up the DagBag from /home/airflow/.local/lib/python3.12/site-packages/airflow/example_dags/example_setup_teardown.py
[2025-07-06T04:41:41.815+0000] {processor.py:925} INFO - DAG(s) 'example_setup_teardown' retrieved from /home/airflow/.local/lib/python3.12/site-packages/airflow/example_dags/example_setup_teardown.py
[2025-07-06T04:41:41.839+0000] {logging_mixin.py:190} INFO - [2025-07-06T04:41:41.839+0000] {dag.py:3239} INFO - Sync 1 DAGs
[2025-07-06T04:41:41.859+0000] {logging_mixin.py:190} INFO - [2025-07-06T04:41:41.859+0000] {dag.py:4180} INFO - Setting next_dagrun for example_setup_teardown to None, run_after=None
[2025-07-06T04:41:41.879+0000] {processor.py:208} INFO - Processing /home/airflow/.local/lib/python3.12/site-packages/airflow/example_dags/example_setup_teardown.py took 0.083 seconds
[2025-07-06T04:42:12.202+0000] {processor.py:186} INFO - Started process (PID=1101) to work on /home/airflow/.local/lib/python3.12/site-packages/airflow/example_dags/example_setup_teardown.py
[2025-07-06T04:42:12.202+0000] {processor.py:914} INFO - Processing file /home/airflow/.local/lib/python3.12/site-packages/airflow/example_dags/example_setup_teardown.py for tasks to queue
[2025-07-06T04:42:12.205+0000] {logging_mixin.py:190} INFO - [2025-07-06T04:42:12.205+0000] {dagbag.py:588} INFO - Filling up the DagBag from /home/airflow/.local/lib/python3.12/site-packages/airflow/example_dags/example_setup_teardown.py
[2025-07-06T04:42:12.214+0000] {processor.py:925} INFO - DAG(s) 'example_setup_teardown' retrieved from /home/airflow/.local/lib/python3.12/site-packages/airflow/example_dags/example_setup_teardown.py
[2025-07-06T04:42:12.264+0000] {logging_mixin.py:190} INFO - [2025-07-06T04:42:12.263+0000] {dag.py:3239} INFO - Sync 1 DAGs
[2025-07-06T04:42:12.282+0000] {logging_mixin.py:190} INFO - [2025-07-06T04:42:12.281+0000] {dag.py:4180} INFO - Setting next_dagrun for example_setup_teardown to None, run_after=None
[2025-07-06T04:42:12.301+0000] {processor.py:208} INFO - Processing /home/airflow/.local/lib/python3.12/site-packages/airflow/example_dags/example_setup_teardown.py took 0.105 seconds
[2025-07-06T04:42:42.482+0000] {processor.py:186} INFO - Started process (PID=1164) to work on /home/airflow/.local/lib/python3.12/site-packages/airflow/example_dags/example_setup_teardown.py
[2025-07-06T04:42:42.483+0000] {processor.py:914} INFO - Processing file /home/airflow/.local/lib/python3.12/site-packages/airflow/example_dags/example_setup_teardown.py for tasks to queue
[2025-07-06T04:42:42.486+0000] {logging_mixin.py:190} INFO - [2025-07-06T04:42:42.485+0000] {dagbag.py:588} INFO - Filling up the DagBag from /home/airflow/.local/lib/python3.12/site-packages/airflow/example_dags/example_setup_teardown.py
[2025-07-06T04:42:42.495+0000] {processor.py:925} INFO - DAG(s) 'example_setup_teardown' retrieved from /home/airflow/.local/lib/python3.12/site-packages/airflow/example_dags/example_setup_teardown.py
[2025-07-06T04:42:42.519+0000] {logging_mixin.py:190} INFO - [2025-07-06T04:42:42.519+0000] {dag.py:3239} INFO - Sync 1 DAGs
[2025-07-06T04:42:42.537+0000] {logging_mixin.py:190} INFO - [2025-07-06T04:42:42.537+0000] {dag.py:4180} INFO - Setting next_dagrun for example_setup_teardown to None, run_after=None
[2025-07-06T04:42:42.576+0000] {processor.py:208} INFO - Processing /home/airflow/.local/lib/python3.12/site-packages/airflow/example_dags/example_setup_teardown.py took 0.100 seconds
[2025-07-06T04:43:12.875+0000] {processor.py:186} INFO - Started process (PID=1228) to work on /home/airflow/.local/lib/python3.12/site-packages/airflow/example_dags/example_setup_teardown.py
[2025-07-06T04:43:12.877+0000] {processor.py:914} INFO - Processing file /home/airflow/.local/lib/python3.12/site-packages/airflow/example_dags/example_setup_teardown.py for tasks to queue
[2025-07-06T04:43:12.884+0000] {logging_mixin.py:190} INFO - [2025-07-06T04:43:12.884+0000] {dagbag.py:588} INFO - Filling up the DagBag from /home/airflow/.local/lib/python3.12/site-packages/airflow/example_dags/example_setup_teardown.py
[2025-07-06T04:43:12.906+0000] {processor.py:925} INFO - DAG(s) 'example_setup_teardown' retrieved from /home/airflow/.local/lib/python3.12/site-packages/airflow/example_dags/example_setup_teardown.py
[2025-07-06T04:43:12.937+0000] {logging_mixin.py:190} INFO - [2025-07-06T04:43:12.937+0000] {dag.py:3239} INFO - Sync 1 DAGs
[2025-07-06T04:43:12.955+0000] {logging_mixin.py:190} INFO - [2025-07-06T04:43:12.955+0000] {dag.py:4180} INFO - Setting next_dagrun for example_setup_teardown to None, run_after=None
[2025-07-06T04:43:12.976+0000] {processor.py:208} INFO - Processing /home/airflow/.local/lib/python3.12/site-packages/airflow/example_dags/example_setup_teardown.py took 0.107 seconds
