[2025-07-06T04:34:04.109+0000] {processor.py:186} INFO - Started process (PID=102) to work on /home/airflow/.local/lib/python3.12/site-packages/airflow/example_dags/example_python_decorator.py
[2025-07-06T04:34:04.113+0000] {processor.py:914} INFO - Processing file /home/airflow/.local/lib/python3.12/site-packages/airflow/example_dags/example_python_decorator.py for tasks to queue
[2025-07-06T04:34:04.121+0000] {logging_mixin.py:190} INFO - [2025-07-06T04:34:04.120+0000] {dagbag.py:588} INFO - Filling up the DagBag from /home/airflow/.local/lib/python3.12/site-packages/airflow/example_dags/example_python_decorator.py
[2025-07-06T04:34:04.256+0000] {processor.py:925} INFO - DAG(s) 'example_python_decorator' retrieved from /home/airflow/.local/lib/python3.12/site-packages/airflow/example_dags/example_python_decorator.py
[2025-07-06T04:34:05.108+0000] {logging_mixin.py:190} INFO - [2025-07-06T04:34:05.107+0000] {override.py:1911} INFO - Created Permission View: can delete on DAG:example_python_decorator
[2025-07-06T04:34:05.157+0000] {logging_mixin.py:190} INFO - [2025-07-06T04:34:05.157+0000] {override.py:1911} INFO - Created Permission View: can edit on DAG:example_python_decorator
[2025-07-06T04:34:05.190+0000] {logging_mixin.py:190} INFO - [2025-07-06T04:34:05.189+0000] {override.py:1911} INFO - Created Permission View: can read on DAG:example_python_decorator
[2025-07-06T04:34:05.218+0000] {logging_mixin.py:190} INFO - [2025-07-06T04:34:05.218+0000] {override.py:1911} INFO - Created Permission View: can delete on DAG Run:example_python_decorator
[2025-07-06T04:34:05.243+0000] {logging_mixin.py:190} INFO - [2025-07-06T04:34:05.242+0000] {override.py:1911} INFO - Created Permission View: menu access on DAG Run:example_python_decorator
[2025-07-06T04:34:05.305+0000] {logging_mixin.py:190} INFO - [2025-07-06T04:34:05.302+0000] {override.py:1911} INFO - Created Permission View: can create on DAG Run:example_python_decorator
[2025-07-06T04:34:05.345+0000] {logging_mixin.py:190} INFO - [2025-07-06T04:34:05.344+0000] {override.py:1911} INFO - Created Permission View: can read on DAG Run:example_python_decorator
[2025-07-06T04:34:05.346+0000] {logging_mixin.py:190} INFO - [2025-07-06T04:34:05.346+0000] {dag.py:3239} INFO - Sync 1 DAGs
[2025-07-06T04:34:05.456+0000] {logging_mixin.py:190} INFO - [2025-07-06T04:34:05.454+0000] {dag.py:3262} INFO - Creating ORM DAG for example_python_decorator
[2025-07-06T04:34:05.457+0000] {logging_mixin.py:190} INFO - [2025-07-06T04:34:05.457+0000] {dag.py:4180} INFO - Setting next_dagrun for example_python_decorator to None, run_after=None
[2025-07-06T04:34:05.636+0000] {processor.py:208} INFO - Processing /home/airflow/.local/lib/python3.12/site-packages/airflow/example_dags/example_python_decorator.py took 1.553 seconds
[2025-07-06T04:34:36.171+0000] {processor.py:186} INFO - Started process (PID=165) to work on /home/airflow/.local/lib/python3.12/site-packages/airflow/example_dags/example_python_decorator.py
[2025-07-06T04:34:36.173+0000] {processor.py:914} INFO - Processing file /home/airflow/.local/lib/python3.12/site-packages/airflow/example_dags/example_python_decorator.py for tasks to queue
[2025-07-06T04:34:36.179+0000] {logging_mixin.py:190} INFO - [2025-07-06T04:34:36.179+0000] {dagbag.py:588} INFO - Filling up the DagBag from /home/airflow/.local/lib/python3.12/site-packages/airflow/example_dags/example_python_decorator.py
[2025-07-06T04:34:36.248+0000] {processor.py:925} INFO - DAG(s) 'example_python_decorator' retrieved from /home/airflow/.local/lib/python3.12/site-packages/airflow/example_dags/example_python_decorator.py
[2025-07-06T04:34:36.325+0000] {logging_mixin.py:190} INFO - [2025-07-06T04:34:36.325+0000] {dag.py:3239} INFO - Sync 1 DAGs
[2025-07-06T04:34:36.373+0000] {logging_mixin.py:190} INFO - [2025-07-06T04:34:36.373+0000] {dag.py:4180} INFO - Setting next_dagrun for example_python_decorator to None, run_after=None
[2025-07-06T04:34:36.445+0000] {processor.py:208} INFO - Processing /home/airflow/.local/lib/python3.12/site-packages/airflow/example_dags/example_python_decorator.py took 0.331 seconds
[2025-07-06T04:35:06.497+0000] {processor.py:186} INFO - Started process (PID=227) to work on /home/airflow/.local/lib/python3.12/site-packages/airflow/example_dags/example_python_decorator.py
[2025-07-06T04:35:06.497+0000] {processor.py:914} INFO - Processing file /home/airflow/.local/lib/python3.12/site-packages/airflow/example_dags/example_python_decorator.py for tasks to queue
[2025-07-06T04:35:06.499+0000] {logging_mixin.py:190} INFO - [2025-07-06T04:35:06.499+0000] {dagbag.py:588} INFO - Filling up the DagBag from /home/airflow/.local/lib/python3.12/site-packages/airflow/example_dags/example_python_decorator.py
[2025-07-06T04:35:06.511+0000] {processor.py:925} INFO - DAG(s) 'example_python_decorator' retrieved from /home/airflow/.local/lib/python3.12/site-packages/airflow/example_dags/example_python_decorator.py
[2025-07-06T04:35:06.530+0000] {logging_mixin.py:190} INFO - [2025-07-06T04:35:06.530+0000] {dag.py:3239} INFO - Sync 1 DAGs
[2025-07-06T04:35:06.543+0000] {logging_mixin.py:190} INFO - [2025-07-06T04:35:06.543+0000] {dag.py:4180} INFO - Setting next_dagrun for example_python_decorator to None, run_after=None
[2025-07-06T04:35:06.559+0000] {processor.py:208} INFO - Processing /home/airflow/.local/lib/python3.12/site-packages/airflow/example_dags/example_python_decorator.py took 0.067 seconds
[2025-07-06T04:35:37.424+0000] {processor.py:186} INFO - Started process (PID=289) to work on /home/airflow/.local/lib/python3.12/site-packages/airflow/example_dags/example_python_decorator.py
[2025-07-06T04:35:37.424+0000] {processor.py:914} INFO - Processing file /home/airflow/.local/lib/python3.12/site-packages/airflow/example_dags/example_python_decorator.py for tasks to queue
[2025-07-06T04:35:37.426+0000] {logging_mixin.py:190} INFO - [2025-07-06T04:35:37.426+0000] {dagbag.py:588} INFO - Filling up the DagBag from /home/airflow/.local/lib/python3.12/site-packages/airflow/example_dags/example_python_decorator.py
[2025-07-06T04:35:37.439+0000] {processor.py:925} INFO - DAG(s) 'example_python_decorator' retrieved from /home/airflow/.local/lib/python3.12/site-packages/airflow/example_dags/example_python_decorator.py
[2025-07-06T04:35:37.458+0000] {logging_mixin.py:190} INFO - [2025-07-06T04:35:37.458+0000] {dag.py:3239} INFO - Sync 1 DAGs
[2025-07-06T04:35:37.470+0000] {logging_mixin.py:190} INFO - [2025-07-06T04:35:37.470+0000] {dag.py:4180} INFO - Setting next_dagrun for example_python_decorator to None, run_after=None
[2025-07-06T04:35:37.488+0000] {processor.py:208} INFO - Processing /home/airflow/.local/lib/python3.12/site-packages/airflow/example_dags/example_python_decorator.py took 0.069 seconds
[2025-07-06T04:36:07.572+0000] {processor.py:186} INFO - Started process (PID=352) to work on /home/airflow/.local/lib/python3.12/site-packages/airflow/example_dags/example_python_decorator.py
[2025-07-06T04:36:07.573+0000] {processor.py:914} INFO - Processing file /home/airflow/.local/lib/python3.12/site-packages/airflow/example_dags/example_python_decorator.py for tasks to queue
[2025-07-06T04:36:07.575+0000] {logging_mixin.py:190} INFO - [2025-07-06T04:36:07.574+0000] {dagbag.py:588} INFO - Filling up the DagBag from /home/airflow/.local/lib/python3.12/site-packages/airflow/example_dags/example_python_decorator.py
[2025-07-06T04:36:07.589+0000] {processor.py:925} INFO - DAG(s) 'example_python_decorator' retrieved from /home/airflow/.local/lib/python3.12/site-packages/airflow/example_dags/example_python_decorator.py
[2025-07-06T04:36:07.608+0000] {logging_mixin.py:190} INFO - [2025-07-06T04:36:07.608+0000] {dag.py:3239} INFO - Sync 1 DAGs
[2025-07-06T04:36:07.621+0000] {logging_mixin.py:190} INFO - [2025-07-06T04:36:07.621+0000] {dag.py:4180} INFO - Setting next_dagrun for example_python_decorator to None, run_after=None
[2025-07-06T04:36:07.637+0000] {processor.py:208} INFO - Processing /home/airflow/.local/lib/python3.12/site-packages/airflow/example_dags/example_python_decorator.py took 0.070 seconds
[2025-07-06T04:36:37.961+0000] {processor.py:186} INFO - Started process (PID=415) to work on /home/airflow/.local/lib/python3.12/site-packages/airflow/example_dags/example_python_decorator.py
[2025-07-06T04:36:37.963+0000] {processor.py:914} INFO - Processing file /home/airflow/.local/lib/python3.12/site-packages/airflow/example_dags/example_python_decorator.py for tasks to queue
[2025-07-06T04:36:37.964+0000] {logging_mixin.py:190} INFO - [2025-07-06T04:36:37.964+0000] {dagbag.py:588} INFO - Filling up the DagBag from /home/airflow/.local/lib/python3.12/site-packages/airflow/example_dags/example_python_decorator.py
[2025-07-06T04:36:37.980+0000] {processor.py:925} INFO - DAG(s) 'example_python_decorator' retrieved from /home/airflow/.local/lib/python3.12/site-packages/airflow/example_dags/example_python_decorator.py
[2025-07-06T04:36:38.008+0000] {logging_mixin.py:190} INFO - [2025-07-06T04:36:38.008+0000] {dag.py:3239} INFO - Sync 1 DAGs
[2025-07-06T04:36:38.028+0000] {logging_mixin.py:190} INFO - [2025-07-06T04:36:38.027+0000] {dag.py:4180} INFO - Setting next_dagrun for example_python_decorator to None, run_after=None
[2025-07-06T04:36:38.051+0000] {processor.py:208} INFO - Processing /home/airflow/.local/lib/python3.12/site-packages/airflow/example_dags/example_python_decorator.py took 0.095 seconds
[2025-07-06T04:37:10.939+0000] {processor.py:186} INFO - Started process (PID=478) to work on /home/airflow/.local/lib/python3.12/site-packages/airflow/example_dags/example_python_decorator.py
[2025-07-06T04:37:10.943+0000] {processor.py:914} INFO - Processing file /home/airflow/.local/lib/python3.12/site-packages/airflow/example_dags/example_python_decorator.py for tasks to queue
[2025-07-06T04:37:10.950+0000] {logging_mixin.py:190} INFO - [2025-07-06T04:37:10.950+0000] {dagbag.py:588} INFO - Filling up the DagBag from /home/airflow/.local/lib/python3.12/site-packages/airflow/example_dags/example_python_decorator.py
[2025-07-06T04:37:11.010+0000] {processor.py:925} INFO - DAG(s) 'example_python_decorator' retrieved from /home/airflow/.local/lib/python3.12/site-packages/airflow/example_dags/example_python_decorator.py
[2025-07-06T04:37:11.124+0000] {logging_mixin.py:190} INFO - [2025-07-06T04:37:11.122+0000] {dag.py:3239} INFO - Sync 1 DAGs
[2025-07-06T04:37:11.181+0000] {logging_mixin.py:190} INFO - [2025-07-06T04:37:11.181+0000] {dag.py:4180} INFO - Setting next_dagrun for example_python_decorator to None, run_after=None
[2025-07-06T04:37:11.247+0000] {processor.py:208} INFO - Processing /home/airflow/.local/lib/python3.12/site-packages/airflow/example_dags/example_python_decorator.py took 0.328 seconds
[2025-07-06T04:37:41.782+0000] {processor.py:186} INFO - Started process (PID=540) to work on /home/airflow/.local/lib/python3.12/site-packages/airflow/example_dags/example_python_decorator.py
[2025-07-06T04:37:41.783+0000] {processor.py:914} INFO - Processing file /home/airflow/.local/lib/python3.12/site-packages/airflow/example_dags/example_python_decorator.py for tasks to queue
[2025-07-06T04:37:41.785+0000] {logging_mixin.py:190} INFO - [2025-07-06T04:37:41.785+0000] {dagbag.py:588} INFO - Filling up the DagBag from /home/airflow/.local/lib/python3.12/site-packages/airflow/example_dags/example_python_decorator.py
[2025-07-06T04:37:41.803+0000] {processor.py:925} INFO - DAG(s) 'example_python_decorator' retrieved from /home/airflow/.local/lib/python3.12/site-packages/airflow/example_dags/example_python_decorator.py
[2025-07-06T04:37:41.830+0000] {logging_mixin.py:190} INFO - [2025-07-06T04:37:41.830+0000] {dag.py:3239} INFO - Sync 1 DAGs
[2025-07-06T04:37:41.849+0000] {logging_mixin.py:190} INFO - [2025-07-06T04:37:41.848+0000] {dag.py:4180} INFO - Setting next_dagrun for example_python_decorator to None, run_after=None
[2025-07-06T04:37:41.869+0000] {processor.py:208} INFO - Processing /home/airflow/.local/lib/python3.12/site-packages/airflow/example_dags/example_python_decorator.py took 0.093 seconds
[2025-07-06T04:38:11.986+0000] {processor.py:186} INFO - Started process (PID=603) to work on /home/airflow/.local/lib/python3.12/site-packages/airflow/example_dags/example_python_decorator.py
[2025-07-06T04:38:11.987+0000] {processor.py:914} INFO - Processing file /home/airflow/.local/lib/python3.12/site-packages/airflow/example_dags/example_python_decorator.py for tasks to queue
[2025-07-06T04:38:11.989+0000] {logging_mixin.py:190} INFO - [2025-07-06T04:38:11.989+0000] {dagbag.py:588} INFO - Filling up the DagBag from /home/airflow/.local/lib/python3.12/site-packages/airflow/example_dags/example_python_decorator.py
[2025-07-06T04:38:12.006+0000] {processor.py:925} INFO - DAG(s) 'example_python_decorator' retrieved from /home/airflow/.local/lib/python3.12/site-packages/airflow/example_dags/example_python_decorator.py
[2025-07-06T04:38:12.033+0000] {logging_mixin.py:190} INFO - [2025-07-06T04:38:12.033+0000] {dag.py:3239} INFO - Sync 1 DAGs
[2025-07-06T04:38:12.052+0000] {logging_mixin.py:190} INFO - [2025-07-06T04:38:12.052+0000] {dag.py:4180} INFO - Setting next_dagrun for example_python_decorator to None, run_after=None
[2025-07-06T04:38:12.071+0000] {processor.py:208} INFO - Processing /home/airflow/.local/lib/python3.12/site-packages/airflow/example_dags/example_python_decorator.py took 0.091 seconds
[2025-07-06T04:38:43.077+0000] {processor.py:186} INFO - Started process (PID=667) to work on /home/airflow/.local/lib/python3.12/site-packages/airflow/example_dags/example_python_decorator.py
[2025-07-06T04:38:43.079+0000] {processor.py:914} INFO - Processing file /home/airflow/.local/lib/python3.12/site-packages/airflow/example_dags/example_python_decorator.py for tasks to queue
[2025-07-06T04:38:43.085+0000] {logging_mixin.py:190} INFO - [2025-07-06T04:38:43.084+0000] {dagbag.py:588} INFO - Filling up the DagBag from /home/airflow/.local/lib/python3.12/site-packages/airflow/example_dags/example_python_decorator.py
[2025-07-06T04:38:43.123+0000] {processor.py:925} INFO - DAG(s) 'example_python_decorator' retrieved from /home/airflow/.local/lib/python3.12/site-packages/airflow/example_dags/example_python_decorator.py
[2025-07-06T04:38:43.152+0000] {logging_mixin.py:190} INFO - [2025-07-06T04:38:43.152+0000] {dag.py:3239} INFO - Sync 1 DAGs
[2025-07-06T04:38:43.170+0000] {logging_mixin.py:190} INFO - [2025-07-06T04:38:43.170+0000] {dag.py:4180} INFO - Setting next_dagrun for example_python_decorator to None, run_after=None
[2025-07-06T04:38:43.192+0000] {processor.py:208} INFO - Processing /home/airflow/.local/lib/python3.12/site-packages/airflow/example_dags/example_python_decorator.py took 0.131 seconds
[2025-07-06T04:39:13.727+0000] {processor.py:186} INFO - Started process (PID=730) to work on /home/airflow/.local/lib/python3.12/site-packages/airflow/example_dags/example_python_decorator.py
[2025-07-06T04:39:13.728+0000] {processor.py:914} INFO - Processing file /home/airflow/.local/lib/python3.12/site-packages/airflow/example_dags/example_python_decorator.py for tasks to queue
[2025-07-06T04:39:13.730+0000] {logging_mixin.py:190} INFO - [2025-07-06T04:39:13.730+0000] {dagbag.py:588} INFO - Filling up the DagBag from /home/airflow/.local/lib/python3.12/site-packages/airflow/example_dags/example_python_decorator.py
[2025-07-06T04:39:13.748+0000] {processor.py:925} INFO - DAG(s) 'example_python_decorator' retrieved from /home/airflow/.local/lib/python3.12/site-packages/airflow/example_dags/example_python_decorator.py
[2025-07-06T04:39:13.784+0000] {logging_mixin.py:190} INFO - [2025-07-06T04:39:13.784+0000] {dag.py:3239} INFO - Sync 1 DAGs
[2025-07-06T04:39:13.803+0000] {logging_mixin.py:190} INFO - [2025-07-06T04:39:13.802+0000] {dag.py:4180} INFO - Setting next_dagrun for example_python_decorator to None, run_after=None
[2025-07-06T04:39:13.837+0000] {processor.py:208} INFO - Processing /home/airflow/.local/lib/python3.12/site-packages/airflow/example_dags/example_python_decorator.py took 0.117 seconds
[2025-07-06T04:39:44.060+0000] {processor.py:186} INFO - Started process (PID=794) to work on /home/airflow/.local/lib/python3.12/site-packages/airflow/example_dags/example_python_decorator.py
[2025-07-06T04:39:44.061+0000] {processor.py:914} INFO - Processing file /home/airflow/.local/lib/python3.12/site-packages/airflow/example_dags/example_python_decorator.py for tasks to queue
[2025-07-06T04:39:44.063+0000] {logging_mixin.py:190} INFO - [2025-07-06T04:39:44.063+0000] {dagbag.py:588} INFO - Filling up the DagBag from /home/airflow/.local/lib/python3.12/site-packages/airflow/example_dags/example_python_decorator.py
[2025-07-06T04:39:44.086+0000] {processor.py:925} INFO - DAG(s) 'example_python_decorator' retrieved from /home/airflow/.local/lib/python3.12/site-packages/airflow/example_dags/example_python_decorator.py
[2025-07-06T04:39:44.113+0000] {logging_mixin.py:190} INFO - [2025-07-06T04:39:44.113+0000] {dag.py:3239} INFO - Sync 1 DAGs
[2025-07-06T04:39:44.132+0000] {logging_mixin.py:190} INFO - [2025-07-06T04:39:44.132+0000] {dag.py:4180} INFO - Setting next_dagrun for example_python_decorator to None, run_after=None
[2025-07-06T04:39:44.150+0000] {processor.py:208} INFO - Processing /home/airflow/.local/lib/python3.12/site-packages/airflow/example_dags/example_python_decorator.py took 0.097 seconds
[2025-07-06T04:40:14.741+0000] {processor.py:186} INFO - Started process (PID=858) to work on /home/airflow/.local/lib/python3.12/site-packages/airflow/example_dags/example_python_decorator.py
[2025-07-06T04:40:14.742+0000] {processor.py:914} INFO - Processing file /home/airflow/.local/lib/python3.12/site-packages/airflow/example_dags/example_python_decorator.py for tasks to queue
[2025-07-06T04:40:14.744+0000] {logging_mixin.py:190} INFO - [2025-07-06T04:40:14.744+0000] {dagbag.py:588} INFO - Filling up the DagBag from /home/airflow/.local/lib/python3.12/site-packages/airflow/example_dags/example_python_decorator.py
[2025-07-06T04:40:14.762+0000] {processor.py:925} INFO - DAG(s) 'example_python_decorator' retrieved from /home/airflow/.local/lib/python3.12/site-packages/airflow/example_dags/example_python_decorator.py
[2025-07-06T04:40:14.794+0000] {logging_mixin.py:190} INFO - [2025-07-06T04:40:14.794+0000] {dag.py:3239} INFO - Sync 1 DAGs
[2025-07-06T04:40:14.813+0000] {logging_mixin.py:190} INFO - [2025-07-06T04:40:14.812+0000] {dag.py:4180} INFO - Setting next_dagrun for example_python_decorator to None, run_after=None
[2025-07-06T04:40:14.833+0000] {processor.py:208} INFO - Processing /home/airflow/.local/lib/python3.12/site-packages/airflow/example_dags/example_python_decorator.py took 0.099 seconds
[2025-07-06T04:40:45.794+0000] {processor.py:186} INFO - Started process (PID=922) to work on /home/airflow/.local/lib/python3.12/site-packages/airflow/example_dags/example_python_decorator.py
[2025-07-06T04:40:45.796+0000] {processor.py:914} INFO - Processing file /home/airflow/.local/lib/python3.12/site-packages/airflow/example_dags/example_python_decorator.py for tasks to queue
[2025-07-06T04:40:45.801+0000] {logging_mixin.py:190} INFO - [2025-07-06T04:40:45.801+0000] {dagbag.py:588} INFO - Filling up the DagBag from /home/airflow/.local/lib/python3.12/site-packages/airflow/example_dags/example_python_decorator.py
[2025-07-06T04:40:45.838+0000] {processor.py:925} INFO - DAG(s) 'example_python_decorator' retrieved from /home/airflow/.local/lib/python3.12/site-packages/airflow/example_dags/example_python_decorator.py
[2025-07-06T04:40:45.891+0000] {logging_mixin.py:190} INFO - [2025-07-06T04:40:45.890+0000] {dag.py:3239} INFO - Sync 1 DAGs
[2025-07-06T04:40:45.938+0000] {logging_mixin.py:190} INFO - [2025-07-06T04:40:45.938+0000] {dag.py:4180} INFO - Setting next_dagrun for example_python_decorator to None, run_after=None
[2025-07-06T04:40:45.994+0000] {processor.py:208} INFO - Processing /home/airflow/.local/lib/python3.12/site-packages/airflow/example_dags/example_python_decorator.py took 0.213 seconds
[2025-07-06T04:41:16.908+0000] {processor.py:186} INFO - Started process (PID=986) to work on /home/airflow/.local/lib/python3.12/site-packages/airflow/example_dags/example_python_decorator.py
[2025-07-06T04:41:16.917+0000] {processor.py:914} INFO - Processing file /home/airflow/.local/lib/python3.12/site-packages/airflow/example_dags/example_python_decorator.py for tasks to queue
[2025-07-06T04:41:16.930+0000] {logging_mixin.py:190} INFO - [2025-07-06T04:41:16.925+0000] {dagbag.py:588} INFO - Filling up the DagBag from /home/airflow/.local/lib/python3.12/site-packages/airflow/example_dags/example_python_decorator.py
[2025-07-06T04:41:16.986+0000] {processor.py:925} INFO - DAG(s) 'example_python_decorator' retrieved from /home/airflow/.local/lib/python3.12/site-packages/airflow/example_dags/example_python_decorator.py
[2025-07-06T04:41:17.139+0000] {logging_mixin.py:190} INFO - [2025-07-06T04:41:17.138+0000] {dag.py:3239} INFO - Sync 1 DAGs
[2025-07-06T04:41:17.258+0000] {logging_mixin.py:190} INFO - [2025-07-06T04:41:17.258+0000] {dag.py:4180} INFO - Setting next_dagrun for example_python_decorator to None, run_after=None
[2025-07-06T04:41:17.378+0000] {processor.py:208} INFO - Processing /home/airflow/.local/lib/python3.12/site-packages/airflow/example_dags/example_python_decorator.py took 0.489 seconds
[2025-07-06T04:41:47.531+0000] {processor.py:186} INFO - Started process (PID=1056) to work on /home/airflow/.local/lib/python3.12/site-packages/airflow/example_dags/example_python_decorator.py
[2025-07-06T04:41:47.533+0000] {processor.py:914} INFO - Processing file /home/airflow/.local/lib/python3.12/site-packages/airflow/example_dags/example_python_decorator.py for tasks to queue
[2025-07-06T04:41:47.540+0000] {logging_mixin.py:190} INFO - [2025-07-06T04:41:47.539+0000] {dagbag.py:588} INFO - Filling up the DagBag from /home/airflow/.local/lib/python3.12/site-packages/airflow/example_dags/example_python_decorator.py
[2025-07-06T04:41:47.558+0000] {processor.py:925} INFO - DAG(s) 'example_python_decorator' retrieved from /home/airflow/.local/lib/python3.12/site-packages/airflow/example_dags/example_python_decorator.py
[2025-07-06T04:41:47.589+0000] {logging_mixin.py:190} INFO - [2025-07-06T04:41:47.588+0000] {dag.py:3239} INFO - Sync 1 DAGs
[2025-07-06T04:41:47.607+0000] {logging_mixin.py:190} INFO - [2025-07-06T04:41:47.607+0000] {dag.py:4180} INFO - Setting next_dagrun for example_python_decorator to None, run_after=None
[2025-07-06T04:41:47.626+0000] {processor.py:208} INFO - Processing /home/airflow/.local/lib/python3.12/site-packages/airflow/example_dags/example_python_decorator.py took 0.110 seconds
[2025-07-06T04:42:17.769+0000] {processor.py:186} INFO - Started process (PID=1119) to work on /home/airflow/.local/lib/python3.12/site-packages/airflow/example_dags/example_python_decorator.py
[2025-07-06T04:42:17.769+0000] {processor.py:914} INFO - Processing file /home/airflow/.local/lib/python3.12/site-packages/airflow/example_dags/example_python_decorator.py for tasks to queue
[2025-07-06T04:42:17.771+0000] {logging_mixin.py:190} INFO - [2025-07-06T04:42:17.771+0000] {dagbag.py:588} INFO - Filling up the DagBag from /home/airflow/.local/lib/python3.12/site-packages/airflow/example_dags/example_python_decorator.py
[2025-07-06T04:42:17.784+0000] {processor.py:925} INFO - DAG(s) 'example_python_decorator' retrieved from /home/airflow/.local/lib/python3.12/site-packages/airflow/example_dags/example_python_decorator.py
[2025-07-06T04:42:17.803+0000] {logging_mixin.py:190} INFO - [2025-07-06T04:42:17.803+0000] {dag.py:3239} INFO - Sync 1 DAGs
[2025-07-06T04:42:17.816+0000] {logging_mixin.py:190} INFO - [2025-07-06T04:42:17.816+0000] {dag.py:4180} INFO - Setting next_dagrun for example_python_decorator to None, run_after=None
[2025-07-06T04:42:17.832+0000] {processor.py:208} INFO - Processing /home/airflow/.local/lib/python3.12/site-packages/airflow/example_dags/example_python_decorator.py took 0.068 seconds
[2025-07-06T04:42:48.259+0000] {processor.py:186} INFO - Started process (PID=1182) to work on /home/airflow/.local/lib/python3.12/site-packages/airflow/example_dags/example_python_decorator.py
[2025-07-06T04:42:48.259+0000] {processor.py:914} INFO - Processing file /home/airflow/.local/lib/python3.12/site-packages/airflow/example_dags/example_python_decorator.py for tasks to queue
[2025-07-06T04:42:48.262+0000] {logging_mixin.py:190} INFO - [2025-07-06T04:42:48.262+0000] {dagbag.py:588} INFO - Filling up the DagBag from /home/airflow/.local/lib/python3.12/site-packages/airflow/example_dags/example_python_decorator.py
[2025-07-06T04:42:48.283+0000] {processor.py:925} INFO - DAG(s) 'example_python_decorator' retrieved from /home/airflow/.local/lib/python3.12/site-packages/airflow/example_dags/example_python_decorator.py
[2025-07-06T04:42:48.380+0000] {logging_mixin.py:190} INFO - [2025-07-06T04:42:48.379+0000] {dag.py:3239} INFO - Sync 1 DAGs
[2025-07-06T04:42:48.396+0000] {logging_mixin.py:190} INFO - [2025-07-06T04:42:48.396+0000] {dag.py:4180} INFO - Setting next_dagrun for example_python_decorator to None, run_after=None
[2025-07-06T04:42:48.416+0000] {processor.py:208} INFO - Processing /home/airflow/.local/lib/python3.12/site-packages/airflow/example_dags/example_python_decorator.py took 0.164 seconds
[2025-07-06T04:43:18.474+0000] {processor.py:186} INFO - Started process (PID=1246) to work on /home/airflow/.local/lib/python3.12/site-packages/airflow/example_dags/example_python_decorator.py
[2025-07-06T04:43:18.475+0000] {processor.py:914} INFO - Processing file /home/airflow/.local/lib/python3.12/site-packages/airflow/example_dags/example_python_decorator.py for tasks to queue
[2025-07-06T04:43:18.478+0000] {logging_mixin.py:190} INFO - [2025-07-06T04:43:18.477+0000] {dagbag.py:588} INFO - Filling up the DagBag from /home/airflow/.local/lib/python3.12/site-packages/airflow/example_dags/example_python_decorator.py
[2025-07-06T04:43:18.495+0000] {processor.py:925} INFO - DAG(s) 'example_python_decorator' retrieved from /home/airflow/.local/lib/python3.12/site-packages/airflow/example_dags/example_python_decorator.py
[2025-07-06T04:43:18.525+0000] {logging_mixin.py:190} INFO - [2025-07-06T04:43:18.525+0000] {dag.py:3239} INFO - Sync 1 DAGs
[2025-07-06T04:43:18.564+0000] {logging_mixin.py:190} INFO - [2025-07-06T04:43:18.563+0000] {dag.py:4180} INFO - Setting next_dagrun for example_python_decorator to None, run_after=None
[2025-07-06T04:43:18.583+0000] {processor.py:208} INFO - Processing /home/airflow/.local/lib/python3.12/site-packages/airflow/example_dags/example_python_decorator.py took 0.115 seconds
