[2025-07-06T04:34:05.878+0000] {processor.py:186} INFO - Started process (PID=103) to work on /home/airflow/.local/lib/python3.12/site-packages/airflow/example_dags/example_outlet_event_extra.py
[2025-07-06T04:34:05.882+0000] {processor.py:914} INFO - Processing file /home/airflow/.local/lib/python3.12/site-packages/airflow/example_dags/example_outlet_event_extra.py for tasks to queue
[2025-07-06T04:34:05.899+0000] {logging_mixin.py:190} INFO - [2025-07-06T04:34:05.894+0000] {dagbag.py:588} INFO - Filling up the DagBag from /home/airflow/.local/lib/python3.12/site-packages/airflow/example_dags/example_outlet_event_extra.py
[2025-07-06T04:34:09.200+0000] {processor.py:925} INFO - DAG(s) 'dataset_with_extra_from_classic_operator', 'dataset_with_extra_by_context', 'dataset_with_extra_by_yield' retrieved from /home/airflow/.local/lib/python3.12/site-packages/airflow/example_dags/example_outlet_event_extra.py
[2025-07-06T04:34:09.816+0000] {logging_mixin.py:190} INFO - [2025-07-06T04:34:09.815+0000] {override.py:1911} INFO - Created Permission View: can delete on DAG:dataset_with_extra_from_classic_operator
[2025-07-06T04:34:09.828+0000] {logging_mixin.py:190} INFO - [2025-07-06T04:34:09.827+0000] {override.py:1911} INFO - Created Permission View: can edit on DAG:dataset_with_extra_from_classic_operator
[2025-07-06T04:34:09.835+0000] {logging_mixin.py:190} INFO - [2025-07-06T04:34:09.834+0000] {override.py:1911} INFO - Created Permission View: can read on DAG:dataset_with_extra_from_classic_operator
[2025-07-06T04:34:09.842+0000] {logging_mixin.py:190} INFO - [2025-07-06T04:34:09.841+0000] {override.py:1911} INFO - Created Permission View: can delete on DAG Run:dataset_with_extra_from_classic_operator
[2025-07-06T04:34:09.849+0000] {logging_mixin.py:190} INFO - [2025-07-06T04:34:09.848+0000] {override.py:1911} INFO - Created Permission View: menu access on DAG Run:dataset_with_extra_from_classic_operator
[2025-07-06T04:34:09.856+0000] {logging_mixin.py:190} INFO - [2025-07-06T04:34:09.855+0000] {override.py:1911} INFO - Created Permission View: can create on DAG Run:dataset_with_extra_from_classic_operator
[2025-07-06T04:34:09.863+0000] {logging_mixin.py:190} INFO - [2025-07-06T04:34:09.862+0000] {override.py:1911} INFO - Created Permission View: can read on DAG Run:dataset_with_extra_from_classic_operator
[2025-07-06T04:34:09.879+0000] {logging_mixin.py:190} INFO - [2025-07-06T04:34:09.878+0000] {override.py:1911} INFO - Created Permission View: can delete on DAG:dataset_with_extra_by_context
[2025-07-06T04:34:09.886+0000] {logging_mixin.py:190} INFO - [2025-07-06T04:34:09.885+0000] {override.py:1911} INFO - Created Permission View: can edit on DAG:dataset_with_extra_by_context
[2025-07-06T04:34:09.894+0000] {logging_mixin.py:190} INFO - [2025-07-06T04:34:09.894+0000] {override.py:1911} INFO - Created Permission View: can read on DAG:dataset_with_extra_by_context
[2025-07-06T04:34:09.905+0000] {logging_mixin.py:190} INFO - [2025-07-06T04:34:09.904+0000] {override.py:1911} INFO - Created Permission View: can delete on DAG Run:dataset_with_extra_by_context
[2025-07-06T04:34:09.917+0000] {logging_mixin.py:190} INFO - [2025-07-06T04:34:09.916+0000] {override.py:1911} INFO - Created Permission View: menu access on DAG Run:dataset_with_extra_by_context
[2025-07-06T04:34:09.927+0000] {logging_mixin.py:190} INFO - [2025-07-06T04:34:09.927+0000] {override.py:1911} INFO - Created Permission View: can create on DAG Run:dataset_with_extra_by_context
[2025-07-06T04:34:09.937+0000] {logging_mixin.py:190} INFO - [2025-07-06T04:34:09.937+0000] {override.py:1911} INFO - Created Permission View: can read on DAG Run:dataset_with_extra_by_context
[2025-07-06T04:34:09.961+0000] {logging_mixin.py:190} INFO - [2025-07-06T04:34:09.960+0000] {override.py:1911} INFO - Created Permission View: can delete on DAG:dataset_with_extra_by_yield
[2025-07-06T04:34:09.973+0000] {logging_mixin.py:190} INFO - [2025-07-06T04:34:09.973+0000] {override.py:1911} INFO - Created Permission View: can edit on DAG:dataset_with_extra_by_yield
[2025-07-06T04:34:09.986+0000] {logging_mixin.py:190} INFO - [2025-07-06T04:34:09.986+0000] {override.py:1911} INFO - Created Permission View: can read on DAG:dataset_with_extra_by_yield
[2025-07-06T04:34:10.000+0000] {logging_mixin.py:190} INFO - [2025-07-06T04:34:10.000+0000] {override.py:1911} INFO - Created Permission View: can delete on DAG Run:dataset_with_extra_by_yield
[2025-07-06T04:34:10.015+0000] {logging_mixin.py:190} INFO - [2025-07-06T04:34:10.014+0000] {override.py:1911} INFO - Created Permission View: menu access on DAG Run:dataset_with_extra_by_yield
[2025-07-06T04:34:10.028+0000] {logging_mixin.py:190} INFO - [2025-07-06T04:34:10.028+0000] {override.py:1911} INFO - Created Permission View: can create on DAG Run:dataset_with_extra_by_yield
[2025-07-06T04:34:10.041+0000] {logging_mixin.py:190} INFO - [2025-07-06T04:34:10.041+0000] {override.py:1911} INFO - Created Permission View: can read on DAG Run:dataset_with_extra_by_yield
[2025-07-06T04:34:10.044+0000] {logging_mixin.py:190} INFO - [2025-07-06T04:34:10.044+0000] {dag.py:3239} INFO - Sync 3 DAGs
[2025-07-06T04:34:10.102+0000] {logging_mixin.py:190} INFO - [2025-07-06T04:34:10.101+0000] {dag.py:3262} INFO - Creating ORM DAG for dataset_with_extra_by_yield
[2025-07-06T04:34:10.108+0000] {logging_mixin.py:190} INFO - [2025-07-06T04:34:10.108+0000] {dag.py:3262} INFO - Creating ORM DAG for dataset_with_extra_from_classic_operator
[2025-07-06T04:34:10.111+0000] {logging_mixin.py:190} INFO - [2025-07-06T04:34:10.110+0000] {dag.py:3262} INFO - Creating ORM DAG for dataset_with_extra_by_context
[2025-07-06T04:34:10.138+0000] {logging_mixin.py:190} INFO - [2025-07-06T04:34:10.137+0000] {dag.py:4180} INFO - Setting next_dagrun for dataset_with_extra_by_context to 2025-07-05 00:00:00+00:00, run_after=2025-07-06 00:00:00+00:00
[2025-07-06T04:34:10.142+0000] {logging_mixin.py:190} INFO - [2025-07-06T04:34:10.142+0000] {dag.py:4180} INFO - Setting next_dagrun for dataset_with_extra_by_yield to 2025-07-05 00:00:00+00:00, run_after=2025-07-06 00:00:00+00:00
[2025-07-06T04:34:10.145+0000] {logging_mixin.py:190} INFO - [2025-07-06T04:34:10.144+0000] {dag.py:4180} INFO - Setting next_dagrun for dataset_with_extra_from_classic_operator to 2025-07-05 00:00:00+00:00, run_after=2025-07-06 00:00:00+00:00
[2025-07-06T04:34:10.244+0000] {processor.py:208} INFO - Processing /home/airflow/.local/lib/python3.12/site-packages/airflow/example_dags/example_outlet_event_extra.py took 4.421 seconds
[2025-07-06T04:34:41.251+0000] {processor.py:186} INFO - Started process (PID=168) to work on /home/airflow/.local/lib/python3.12/site-packages/airflow/example_dags/example_outlet_event_extra.py
[2025-07-06T04:34:41.256+0000] {processor.py:914} INFO - Processing file /home/airflow/.local/lib/python3.12/site-packages/airflow/example_dags/example_outlet_event_extra.py for tasks to queue
[2025-07-06T04:34:41.264+0000] {logging_mixin.py:190} INFO - [2025-07-06T04:34:41.263+0000] {dagbag.py:588} INFO - Filling up the DagBag from /home/airflow/.local/lib/python3.12/site-packages/airflow/example_dags/example_outlet_event_extra.py
[2025-07-06T04:34:44.801+0000] {processor.py:925} INFO - DAG(s) 'dataset_with_extra_by_yield', 'dataset_with_extra_from_classic_operator', 'dataset_with_extra_by_context' retrieved from /home/airflow/.local/lib/python3.12/site-packages/airflow/example_dags/example_outlet_event_extra.py
[2025-07-06T04:34:44.834+0000] {logging_mixin.py:190} INFO - [2025-07-06T04:34:44.834+0000] {dag.py:3239} INFO - Sync 3 DAGs
[2025-07-06T04:34:44.863+0000] {logging_mixin.py:190} INFO - [2025-07-06T04:34:44.863+0000] {dag.py:4180} INFO - Setting next_dagrun for dataset_with_extra_by_context to 2025-07-05 00:00:00+00:00, run_after=2025-07-06 00:00:00+00:00
[2025-07-06T04:34:44.869+0000] {logging_mixin.py:190} INFO - [2025-07-06T04:34:44.869+0000] {dag.py:4180} INFO - Setting next_dagrun for dataset_with_extra_by_yield to 2025-07-05 00:00:00+00:00, run_after=2025-07-06 00:00:00+00:00
[2025-07-06T04:34:44.873+0000] {logging_mixin.py:190} INFO - [2025-07-06T04:34:44.873+0000] {dag.py:4180} INFO - Setting next_dagrun for dataset_with_extra_from_classic_operator to 2025-07-05 00:00:00+00:00, run_after=2025-07-06 00:00:00+00:00
[2025-07-06T04:34:44.908+0000] {processor.py:208} INFO - Processing /home/airflow/.local/lib/python3.12/site-packages/airflow/example_dags/example_outlet_event_extra.py took 3.685 seconds
[2025-07-06T04:35:15.684+0000] {processor.py:186} INFO - Started process (PID=233) to work on /home/airflow/.local/lib/python3.12/site-packages/airflow/example_dags/example_outlet_event_extra.py
[2025-07-06T04:35:15.685+0000] {processor.py:914} INFO - Processing file /home/airflow/.local/lib/python3.12/site-packages/airflow/example_dags/example_outlet_event_extra.py for tasks to queue
[2025-07-06T04:35:15.694+0000] {logging_mixin.py:190} INFO - [2025-07-06T04:35:15.693+0000] {dagbag.py:588} INFO - Filling up the DagBag from /home/airflow/.local/lib/python3.12/site-packages/airflow/example_dags/example_outlet_event_extra.py
[2025-07-06T04:35:17.073+0000] {processor.py:925} INFO - DAG(s) 'dataset_with_extra_by_context', 'dataset_with_extra_by_yield', 'dataset_with_extra_from_classic_operator' retrieved from /home/airflow/.local/lib/python3.12/site-packages/airflow/example_dags/example_outlet_event_extra.py
[2025-07-06T04:35:17.105+0000] {logging_mixin.py:190} INFO - [2025-07-06T04:35:17.105+0000] {dag.py:3239} INFO - Sync 3 DAGs
[2025-07-06T04:35:17.138+0000] {logging_mixin.py:190} INFO - [2025-07-06T04:35:17.138+0000] {dag.py:4180} INFO - Setting next_dagrun for dataset_with_extra_by_context to 2025-07-05 00:00:00+00:00, run_after=2025-07-06 00:00:00+00:00
[2025-07-06T04:35:17.145+0000] {logging_mixin.py:190} INFO - [2025-07-06T04:35:17.145+0000] {dag.py:4180} INFO - Setting next_dagrun for dataset_with_extra_by_yield to 2025-07-05 00:00:00+00:00, run_after=2025-07-06 00:00:00+00:00
[2025-07-06T04:35:17.149+0000] {logging_mixin.py:190} INFO - [2025-07-06T04:35:17.149+0000] {dag.py:4180} INFO - Setting next_dagrun for dataset_with_extra_from_classic_operator to 2025-07-05 00:00:00+00:00, run_after=2025-07-06 00:00:00+00:00
[2025-07-06T04:35:17.184+0000] {processor.py:208} INFO - Processing /home/airflow/.local/lib/python3.12/site-packages/airflow/example_dags/example_outlet_event_extra.py took 1.534 seconds
[2025-07-06T04:35:48.038+0000] {processor.py:186} INFO - Started process (PID=302) to work on /home/airflow/.local/lib/python3.12/site-packages/airflow/example_dags/example_outlet_event_extra.py
[2025-07-06T04:35:48.040+0000] {processor.py:914} INFO - Processing file /home/airflow/.local/lib/python3.12/site-packages/airflow/example_dags/example_outlet_event_extra.py for tasks to queue
[2025-07-06T04:35:48.042+0000] {logging_mixin.py:190} INFO - [2025-07-06T04:35:48.042+0000] {dagbag.py:588} INFO - Filling up the DagBag from /home/airflow/.local/lib/python3.12/site-packages/airflow/example_dags/example_outlet_event_extra.py
[2025-07-06T04:35:48.808+0000] {processor.py:925} INFO - DAG(s) 'dataset_with_extra_from_classic_operator', 'dataset_with_extra_by_context', 'dataset_with_extra_by_yield' retrieved from /home/airflow/.local/lib/python3.12/site-packages/airflow/example_dags/example_outlet_event_extra.py
[2025-07-06T04:35:48.837+0000] {logging_mixin.py:190} INFO - [2025-07-06T04:35:48.837+0000] {dag.py:3239} INFO - Sync 3 DAGs
[2025-07-06T04:35:48.860+0000] {logging_mixin.py:190} INFO - [2025-07-06T04:35:48.860+0000] {dag.py:4180} INFO - Setting next_dagrun for dataset_with_extra_by_context to 2025-07-05 00:00:00+00:00, run_after=2025-07-06 00:00:00+00:00
[2025-07-06T04:35:48.865+0000] {logging_mixin.py:190} INFO - [2025-07-06T04:35:48.865+0000] {dag.py:4180} INFO - Setting next_dagrun for dataset_with_extra_by_yield to 2025-07-05 00:00:00+00:00, run_after=2025-07-06 00:00:00+00:00
[2025-07-06T04:35:48.867+0000] {logging_mixin.py:190} INFO - [2025-07-06T04:35:48.867+0000] {dag.py:4180} INFO - Setting next_dagrun for dataset_with_extra_from_classic_operator to 2025-07-05 00:00:00+00:00, run_after=2025-07-06 00:00:00+00:00
[2025-07-06T04:35:48.885+0000] {processor.py:208} INFO - Processing /home/airflow/.local/lib/python3.12/site-packages/airflow/example_dags/example_outlet_event_extra.py took 0.859 seconds
[2025-07-06T04:36:19.578+0000] {processor.py:186} INFO - Started process (PID=367) to work on /home/airflow/.local/lib/python3.12/site-packages/airflow/example_dags/example_outlet_event_extra.py
[2025-07-06T04:36:19.579+0000] {processor.py:914} INFO - Processing file /home/airflow/.local/lib/python3.12/site-packages/airflow/example_dags/example_outlet_event_extra.py for tasks to queue
[2025-07-06T04:36:19.581+0000] {logging_mixin.py:190} INFO - [2025-07-06T04:36:19.581+0000] {dagbag.py:588} INFO - Filling up the DagBag from /home/airflow/.local/lib/python3.12/site-packages/airflow/example_dags/example_outlet_event_extra.py
[2025-07-06T04:36:20.224+0000] {processor.py:925} INFO - DAG(s) 'dataset_with_extra_by_context', 'dataset_with_extra_by_yield', 'dataset_with_extra_from_classic_operator' retrieved from /home/airflow/.local/lib/python3.12/site-packages/airflow/example_dags/example_outlet_event_extra.py
[2025-07-06T04:36:20.247+0000] {logging_mixin.py:190} INFO - [2025-07-06T04:36:20.246+0000] {dag.py:3239} INFO - Sync 3 DAGs
[2025-07-06T04:36:20.276+0000] {logging_mixin.py:190} INFO - [2025-07-06T04:36:20.275+0000] {dag.py:4180} INFO - Setting next_dagrun for dataset_with_extra_by_context to 2025-07-05 00:00:00+00:00, run_after=2025-07-06 00:00:00+00:00
[2025-07-06T04:36:20.280+0000] {logging_mixin.py:190} INFO - [2025-07-06T04:36:20.280+0000] {dag.py:4180} INFO - Setting next_dagrun for dataset_with_extra_by_yield to 2025-07-05 00:00:00+00:00, run_after=2025-07-06 00:00:00+00:00
[2025-07-06T04:36:20.283+0000] {logging_mixin.py:190} INFO - [2025-07-06T04:36:20.282+0000] {dag.py:4180} INFO - Setting next_dagrun for dataset_with_extra_from_classic_operator to 2025-07-05 00:00:00+00:00, run_after=2025-07-06 00:00:00+00:00
[2025-07-06T04:36:20.300+0000] {processor.py:208} INFO - Processing /home/airflow/.local/lib/python3.12/site-packages/airflow/example_dags/example_outlet_event_extra.py took 0.728 seconds
[2025-07-06T04:36:50.949+0000] {processor.py:186} INFO - Started process (PID=431) to work on /home/airflow/.local/lib/python3.12/site-packages/airflow/example_dags/example_outlet_event_extra.py
[2025-07-06T04:36:50.950+0000] {processor.py:914} INFO - Processing file /home/airflow/.local/lib/python3.12/site-packages/airflow/example_dags/example_outlet_event_extra.py for tasks to queue
[2025-07-06T04:36:50.952+0000] {logging_mixin.py:190} INFO - [2025-07-06T04:36:50.952+0000] {dagbag.py:588} INFO - Filling up the DagBag from /home/airflow/.local/lib/python3.12/site-packages/airflow/example_dags/example_outlet_event_extra.py
[2025-07-06T04:36:51.810+0000] {processor.py:925} INFO - DAG(s) 'dataset_with_extra_by_yield', 'dataset_with_extra_from_classic_operator', 'dataset_with_extra_by_context' retrieved from /home/airflow/.local/lib/python3.12/site-packages/airflow/example_dags/example_outlet_event_extra.py
[2025-07-06T04:36:51.840+0000] {logging_mixin.py:190} INFO - [2025-07-06T04:36:51.840+0000] {dag.py:3239} INFO - Sync 3 DAGs
[2025-07-06T04:36:51.866+0000] {logging_mixin.py:190} INFO - [2025-07-06T04:36:51.866+0000] {dag.py:4180} INFO - Setting next_dagrun for dataset_with_extra_by_context to 2025-07-05 00:00:00+00:00, run_after=2025-07-06 00:00:00+00:00
[2025-07-06T04:36:51.872+0000] {logging_mixin.py:190} INFO - [2025-07-06T04:36:51.872+0000] {dag.py:4180} INFO - Setting next_dagrun for dataset_with_extra_by_yield to 2025-07-05 00:00:00+00:00, run_after=2025-07-06 00:00:00+00:00
[2025-07-06T04:36:51.877+0000] {logging_mixin.py:190} INFO - [2025-07-06T04:36:51.876+0000] {dag.py:4180} INFO - Setting next_dagrun for dataset_with_extra_from_classic_operator to 2025-07-05 00:00:00+00:00, run_after=2025-07-06 00:00:00+00:00
[2025-07-06T04:36:51.901+0000] {processor.py:208} INFO - Processing /home/airflow/.local/lib/python3.12/site-packages/airflow/example_dags/example_outlet_event_extra.py took 0.958 seconds
[2025-07-06T04:37:22.548+0000] {processor.py:186} INFO - Started process (PID=497) to work on /home/airflow/.local/lib/python3.12/site-packages/airflow/example_dags/example_outlet_event_extra.py
[2025-07-06T04:37:22.548+0000] {processor.py:914} INFO - Processing file /home/airflow/.local/lib/python3.12/site-packages/airflow/example_dags/example_outlet_event_extra.py for tasks to queue
[2025-07-06T04:37:22.550+0000] {logging_mixin.py:190} INFO - [2025-07-06T04:37:22.550+0000] {dagbag.py:588} INFO - Filling up the DagBag from /home/airflow/.local/lib/python3.12/site-packages/airflow/example_dags/example_outlet_event_extra.py
[2025-07-06T04:37:23.304+0000] {processor.py:925} INFO - DAG(s) 'dataset_with_extra_by_yield', 'dataset_with_extra_from_classic_operator', 'dataset_with_extra_by_context' retrieved from /home/airflow/.local/lib/python3.12/site-packages/airflow/example_dags/example_outlet_event_extra.py
[2025-07-06T04:37:23.344+0000] {logging_mixin.py:190} INFO - [2025-07-06T04:37:23.344+0000] {dag.py:3239} INFO - Sync 3 DAGs
[2025-07-06T04:37:23.379+0000] {logging_mixin.py:190} INFO - [2025-07-06T04:37:23.379+0000] {dag.py:4180} INFO - Setting next_dagrun for dataset_with_extra_by_context to 2025-07-05 00:00:00+00:00, run_after=2025-07-06 00:00:00+00:00
[2025-07-06T04:37:23.386+0000] {logging_mixin.py:190} INFO - [2025-07-06T04:37:23.386+0000] {dag.py:4180} INFO - Setting next_dagrun for dataset_with_extra_by_yield to 2025-07-05 00:00:00+00:00, run_after=2025-07-06 00:00:00+00:00
[2025-07-06T04:37:23.390+0000] {logging_mixin.py:190} INFO - [2025-07-06T04:37:23.390+0000] {dag.py:4180} INFO - Setting next_dagrun for dataset_with_extra_from_classic_operator to 2025-07-05 00:00:00+00:00, run_after=2025-07-06 00:00:00+00:00
[2025-07-06T04:37:23.415+0000] {processor.py:208} INFO - Processing /home/airflow/.local/lib/python3.12/site-packages/airflow/example_dags/example_outlet_event_extra.py took 0.872 seconds
[2025-07-06T04:37:54.216+0000] {processor.py:186} INFO - Started process (PID=562) to work on /home/airflow/.local/lib/python3.12/site-packages/airflow/example_dags/example_outlet_event_extra.py
[2025-07-06T04:37:54.217+0000] {processor.py:914} INFO - Processing file /home/airflow/.local/lib/python3.12/site-packages/airflow/example_dags/example_outlet_event_extra.py for tasks to queue
[2025-07-06T04:37:54.220+0000] {logging_mixin.py:190} INFO - [2025-07-06T04:37:54.220+0000] {dagbag.py:588} INFO - Filling up the DagBag from /home/airflow/.local/lib/python3.12/site-packages/airflow/example_dags/example_outlet_event_extra.py
[2025-07-06T04:37:54.784+0000] {processor.py:925} INFO - DAG(s) 'dataset_with_extra_from_classic_operator', 'dataset_with_extra_by_yield', 'dataset_with_extra_by_context' retrieved from /home/airflow/.local/lib/python3.12/site-packages/airflow/example_dags/example_outlet_event_extra.py
[2025-07-06T04:37:54.819+0000] {logging_mixin.py:190} INFO - [2025-07-06T04:37:54.819+0000] {dag.py:3239} INFO - Sync 3 DAGs
[2025-07-06T04:37:54.851+0000] {logging_mixin.py:190} INFO - [2025-07-06T04:37:54.851+0000] {dag.py:4180} INFO - Setting next_dagrun for dataset_with_extra_by_context to 2025-07-05 00:00:00+00:00, run_after=2025-07-06 00:00:00+00:00
[2025-07-06T04:37:54.861+0000] {logging_mixin.py:190} INFO - [2025-07-06T04:37:54.861+0000] {dag.py:4180} INFO - Setting next_dagrun for dataset_with_extra_by_yield to 2025-07-05 00:00:00+00:00, run_after=2025-07-06 00:00:00+00:00
[2025-07-06T04:37:54.865+0000] {logging_mixin.py:190} INFO - [2025-07-06T04:37:54.865+0000] {dag.py:4180} INFO - Setting next_dagrun for dataset_with_extra_from_classic_operator to 2025-07-05 00:00:00+00:00, run_after=2025-07-06 00:00:00+00:00
[2025-07-06T04:37:54.891+0000] {processor.py:208} INFO - Processing /home/airflow/.local/lib/python3.12/site-packages/airflow/example_dags/example_outlet_event_extra.py took 0.681 seconds
[2025-07-06T04:38:25.388+0000] {processor.py:186} INFO - Started process (PID=625) to work on /home/airflow/.local/lib/python3.12/site-packages/airflow/example_dags/example_outlet_event_extra.py
[2025-07-06T04:38:25.388+0000] {processor.py:914} INFO - Processing file /home/airflow/.local/lib/python3.12/site-packages/airflow/example_dags/example_outlet_event_extra.py for tasks to queue
[2025-07-06T04:38:25.391+0000] {logging_mixin.py:190} INFO - [2025-07-06T04:38:25.390+0000] {dagbag.py:588} INFO - Filling up the DagBag from /home/airflow/.local/lib/python3.12/site-packages/airflow/example_dags/example_outlet_event_extra.py
[2025-07-06T04:38:26.049+0000] {processor.py:925} INFO - DAG(s) 'dataset_with_extra_by_context', 'dataset_with_extra_by_yield', 'dataset_with_extra_from_classic_operator' retrieved from /home/airflow/.local/lib/python3.12/site-packages/airflow/example_dags/example_outlet_event_extra.py
[2025-07-06T04:38:26.070+0000] {logging_mixin.py:190} INFO - [2025-07-06T04:38:26.070+0000] {dag.py:3239} INFO - Sync 3 DAGs
[2025-07-06T04:38:26.093+0000] {logging_mixin.py:190} INFO - [2025-07-06T04:38:26.092+0000] {dag.py:4180} INFO - Setting next_dagrun for dataset_with_extra_by_context to 2025-07-05 00:00:00+00:00, run_after=2025-07-06 00:00:00+00:00
[2025-07-06T04:38:26.097+0000] {logging_mixin.py:190} INFO - [2025-07-06T04:38:26.097+0000] {dag.py:4180} INFO - Setting next_dagrun for dataset_with_extra_by_yield to 2025-07-05 00:00:00+00:00, run_after=2025-07-06 00:00:00+00:00
[2025-07-06T04:38:26.099+0000] {logging_mixin.py:190} INFO - [2025-07-06T04:38:26.099+0000] {dag.py:4180} INFO - Setting next_dagrun for dataset_with_extra_from_classic_operator to 2025-07-05 00:00:00+00:00, run_after=2025-07-06 00:00:00+00:00
[2025-07-06T04:38:26.116+0000] {processor.py:208} INFO - Processing /home/airflow/.local/lib/python3.12/site-packages/airflow/example_dags/example_outlet_event_extra.py took 0.733 seconds
[2025-07-06T04:38:56.311+0000] {processor.py:186} INFO - Started process (PID=690) to work on /home/airflow/.local/lib/python3.12/site-packages/airflow/example_dags/example_outlet_event_extra.py
[2025-07-06T04:38:56.317+0000] {processor.py:914} INFO - Processing file /home/airflow/.local/lib/python3.12/site-packages/airflow/example_dags/example_outlet_event_extra.py for tasks to queue
[2025-07-06T04:38:56.330+0000] {logging_mixin.py:190} INFO - [2025-07-06T04:38:56.329+0000] {dagbag.py:588} INFO - Filling up the DagBag from /home/airflow/.local/lib/python3.12/site-packages/airflow/example_dags/example_outlet_event_extra.py
[2025-07-06T04:38:58.575+0000] {processor.py:925} INFO - DAG(s) 'dataset_with_extra_from_classic_operator', 'dataset_with_extra_by_yield', 'dataset_with_extra_by_context' retrieved from /home/airflow/.local/lib/python3.12/site-packages/airflow/example_dags/example_outlet_event_extra.py
[2025-07-06T04:38:58.716+0000] {logging_mixin.py:190} INFO - [2025-07-06T04:38:58.715+0000] {dag.py:3239} INFO - Sync 3 DAGs
[2025-07-06T04:38:58.822+0000] {logging_mixin.py:190} INFO - [2025-07-06T04:38:58.821+0000] {dag.py:4180} INFO - Setting next_dagrun for dataset_with_extra_by_context to 2025-07-05 00:00:00+00:00, run_after=2025-07-06 00:00:00+00:00
[2025-07-06T04:38:58.836+0000] {logging_mixin.py:190} INFO - [2025-07-06T04:38:58.836+0000] {dag.py:4180} INFO - Setting next_dagrun for dataset_with_extra_by_yield to 2025-07-05 00:00:00+00:00, run_after=2025-07-06 00:00:00+00:00
[2025-07-06T04:38:58.850+0000] {logging_mixin.py:190} INFO - [2025-07-06T04:38:58.850+0000] {dag.py:4180} INFO - Setting next_dagrun for dataset_with_extra_from_classic_operator to 2025-07-05 00:00:00+00:00, run_after=2025-07-06 00:00:00+00:00
[2025-07-06T04:38:58.934+0000] {processor.py:208} INFO - Processing /home/airflow/.local/lib/python3.12/site-packages/airflow/example_dags/example_outlet_event_extra.py took 2.665 seconds
[2025-07-06T04:39:29.564+0000] {processor.py:186} INFO - Started process (PID=756) to work on /home/airflow/.local/lib/python3.12/site-packages/airflow/example_dags/example_outlet_event_extra.py
[2025-07-06T04:39:29.568+0000] {processor.py:914} INFO - Processing file /home/airflow/.local/lib/python3.12/site-packages/airflow/example_dags/example_outlet_event_extra.py for tasks to queue
[2025-07-06T04:39:29.571+0000] {logging_mixin.py:190} INFO - [2025-07-06T04:39:29.570+0000] {dagbag.py:588} INFO - Filling up the DagBag from /home/airflow/.local/lib/python3.12/site-packages/airflow/example_dags/example_outlet_event_extra.py
[2025-07-06T04:39:31.332+0000] {processor.py:925} INFO - DAG(s) 'dataset_with_extra_by_yield', 'dataset_with_extra_by_context', 'dataset_with_extra_from_classic_operator' retrieved from /home/airflow/.local/lib/python3.12/site-packages/airflow/example_dags/example_outlet_event_extra.py
[2025-07-06T04:39:31.435+0000] {logging_mixin.py:190} INFO - [2025-07-06T04:39:31.434+0000] {dag.py:3239} INFO - Sync 3 DAGs
[2025-07-06T04:39:31.590+0000] {logging_mixin.py:190} INFO - [2025-07-06T04:39:31.590+0000] {dag.py:4180} INFO - Setting next_dagrun for dataset_with_extra_by_context to 2025-07-05 00:00:00+00:00, run_after=2025-07-06 00:00:00+00:00
[2025-07-06T04:39:31.625+0000] {logging_mixin.py:190} INFO - [2025-07-06T04:39:31.624+0000] {dag.py:4180} INFO - Setting next_dagrun for dataset_with_extra_by_yield to 2025-07-05 00:00:00+00:00, run_after=2025-07-06 00:00:00+00:00
[2025-07-06T04:39:31.642+0000] {logging_mixin.py:190} INFO - [2025-07-06T04:39:31.641+0000] {dag.py:4180} INFO - Setting next_dagrun for dataset_with_extra_from_classic_operator to 2025-07-05 00:00:00+00:00, run_after=2025-07-06 00:00:00+00:00
[2025-07-06T04:39:31.725+0000] {processor.py:208} INFO - Processing /home/airflow/.local/lib/python3.12/site-packages/airflow/example_dags/example_outlet_event_extra.py took 2.176 seconds
[2025-07-06T04:40:02.159+0000] {processor.py:186} INFO - Started process (PID=825) to work on /home/airflow/.local/lib/python3.12/site-packages/airflow/example_dags/example_outlet_event_extra.py
[2025-07-06T04:40:02.160+0000] {processor.py:914} INFO - Processing file /home/airflow/.local/lib/python3.12/site-packages/airflow/example_dags/example_outlet_event_extra.py for tasks to queue
[2025-07-06T04:40:02.163+0000] {logging_mixin.py:190} INFO - [2025-07-06T04:40:02.162+0000] {dagbag.py:588} INFO - Filling up the DagBag from /home/airflow/.local/lib/python3.12/site-packages/airflow/example_dags/example_outlet_event_extra.py
[2025-07-06T04:40:02.758+0000] {processor.py:925} INFO - DAG(s) 'dataset_with_extra_from_classic_operator', 'dataset_with_extra_by_context', 'dataset_with_extra_by_yield' retrieved from /home/airflow/.local/lib/python3.12/site-packages/airflow/example_dags/example_outlet_event_extra.py
[2025-07-06T04:40:02.780+0000] {logging_mixin.py:190} INFO - [2025-07-06T04:40:02.780+0000] {dag.py:3239} INFO - Sync 3 DAGs
[2025-07-06T04:40:02.802+0000] {logging_mixin.py:190} INFO - [2025-07-06T04:40:02.802+0000] {dag.py:4180} INFO - Setting next_dagrun for dataset_with_extra_by_context to 2025-07-05 00:00:00+00:00, run_after=2025-07-06 00:00:00+00:00
[2025-07-06T04:40:02.807+0000] {logging_mixin.py:190} INFO - [2025-07-06T04:40:02.806+0000] {dag.py:4180} INFO - Setting next_dagrun for dataset_with_extra_by_yield to 2025-07-05 00:00:00+00:00, run_after=2025-07-06 00:00:00+00:00
[2025-07-06T04:40:02.809+0000] {logging_mixin.py:190} INFO - [2025-07-06T04:40:02.809+0000] {dag.py:4180} INFO - Setting next_dagrun for dataset_with_extra_from_classic_operator to 2025-07-05 00:00:00+00:00, run_after=2025-07-06 00:00:00+00:00
[2025-07-06T04:40:02.826+0000] {processor.py:208} INFO - Processing /home/airflow/.local/lib/python3.12/site-packages/airflow/example_dags/example_outlet_event_extra.py took 0.673 seconds
[2025-07-06T04:40:33.875+0000] {processor.py:186} INFO - Started process (PID=892) to work on /home/airflow/.local/lib/python3.12/site-packages/airflow/example_dags/example_outlet_event_extra.py
[2025-07-06T04:40:33.877+0000] {processor.py:914} INFO - Processing file /home/airflow/.local/lib/python3.12/site-packages/airflow/example_dags/example_outlet_event_extra.py for tasks to queue
[2025-07-06T04:40:33.879+0000] {logging_mixin.py:190} INFO - [2025-07-06T04:40:33.879+0000] {dagbag.py:588} INFO - Filling up the DagBag from /home/airflow/.local/lib/python3.12/site-packages/airflow/example_dags/example_outlet_event_extra.py
[2025-07-06T04:40:34.462+0000] {processor.py:925} INFO - DAG(s) 'dataset_with_extra_by_yield', 'dataset_with_extra_from_classic_operator', 'dataset_with_extra_by_context' retrieved from /home/airflow/.local/lib/python3.12/site-packages/airflow/example_dags/example_outlet_event_extra.py
[2025-07-06T04:40:34.484+0000] {logging_mixin.py:190} INFO - [2025-07-06T04:40:34.483+0000] {dag.py:3239} INFO - Sync 3 DAGs
[2025-07-06T04:40:34.507+0000] {logging_mixin.py:190} INFO - [2025-07-06T04:40:34.507+0000] {dag.py:4180} INFO - Setting next_dagrun for dataset_with_extra_by_context to 2025-07-05 00:00:00+00:00, run_after=2025-07-06 00:00:00+00:00
[2025-07-06T04:40:34.512+0000] {logging_mixin.py:190} INFO - [2025-07-06T04:40:34.512+0000] {dag.py:4180} INFO - Setting next_dagrun for dataset_with_extra_by_yield to 2025-07-05 00:00:00+00:00, run_after=2025-07-06 00:00:00+00:00
[2025-07-06T04:40:34.515+0000] {logging_mixin.py:190} INFO - [2025-07-06T04:40:34.514+0000] {dag.py:4180} INFO - Setting next_dagrun for dataset_with_extra_from_classic_operator to 2025-07-05 00:00:00+00:00, run_after=2025-07-06 00:00:00+00:00
[2025-07-06T04:40:34.532+0000] {processor.py:208} INFO - Processing /home/airflow/.local/lib/python3.12/site-packages/airflow/example_dags/example_outlet_event_extra.py took 0.664 seconds
[2025-07-06T04:41:05.958+0000] {processor.py:186} INFO - Started process (PID=962) to work on /home/airflow/.local/lib/python3.12/site-packages/airflow/example_dags/example_outlet_event_extra.py
[2025-07-06T04:41:05.959+0000] {processor.py:914} INFO - Processing file /home/airflow/.local/lib/python3.12/site-packages/airflow/example_dags/example_outlet_event_extra.py for tasks to queue
[2025-07-06T04:41:05.961+0000] {logging_mixin.py:190} INFO - [2025-07-06T04:41:05.960+0000] {dagbag.py:588} INFO - Filling up the DagBag from /home/airflow/.local/lib/python3.12/site-packages/airflow/example_dags/example_outlet_event_extra.py
[2025-07-06T04:41:06.558+0000] {processor.py:925} INFO - DAG(s) 'dataset_with_extra_from_classic_operator', 'dataset_with_extra_by_context', 'dataset_with_extra_by_yield' retrieved from /home/airflow/.local/lib/python3.12/site-packages/airflow/example_dags/example_outlet_event_extra.py
[2025-07-06T04:41:06.586+0000] {logging_mixin.py:190} INFO - [2025-07-06T04:41:06.586+0000] {dag.py:3239} INFO - Sync 3 DAGs
[2025-07-06T04:41:06.608+0000] {logging_mixin.py:190} INFO - [2025-07-06T04:41:06.608+0000] {dag.py:4180} INFO - Setting next_dagrun for dataset_with_extra_by_context to 2025-07-05 00:00:00+00:00, run_after=2025-07-06 00:00:00+00:00
[2025-07-06T04:41:06.613+0000] {logging_mixin.py:190} INFO - [2025-07-06T04:41:06.612+0000] {dag.py:4180} INFO - Setting next_dagrun for dataset_with_extra_by_yield to 2025-07-05 00:00:00+00:00, run_after=2025-07-06 00:00:00+00:00
[2025-07-06T04:41:06.615+0000] {logging_mixin.py:190} INFO - [2025-07-06T04:41:06.615+0000] {dag.py:4180} INFO - Setting next_dagrun for dataset_with_extra_from_classic_operator to 2025-07-05 00:00:00+00:00, run_after=2025-07-06 00:00:00+00:00
[2025-07-06T04:41:06.634+0000] {processor.py:208} INFO - Processing /home/airflow/.local/lib/python3.12/site-packages/airflow/example_dags/example_outlet_event_extra.py took 0.681 seconds
[2025-07-06T04:41:37.187+0000] {processor.py:186} INFO - Started process (PID=1029) to work on /home/airflow/.local/lib/python3.12/site-packages/airflow/example_dags/example_outlet_event_extra.py
[2025-07-06T04:41:37.188+0000] {processor.py:914} INFO - Processing file /home/airflow/.local/lib/python3.12/site-packages/airflow/example_dags/example_outlet_event_extra.py for tasks to queue
[2025-07-06T04:41:37.191+0000] {logging_mixin.py:190} INFO - [2025-07-06T04:41:37.190+0000] {dagbag.py:588} INFO - Filling up the DagBag from /home/airflow/.local/lib/python3.12/site-packages/airflow/example_dags/example_outlet_event_extra.py
[2025-07-06T04:41:37.773+0000] {processor.py:925} INFO - DAG(s) 'dataset_with_extra_by_context', 'dataset_with_extra_by_yield', 'dataset_with_extra_from_classic_operator' retrieved from /home/airflow/.local/lib/python3.12/site-packages/airflow/example_dags/example_outlet_event_extra.py
[2025-07-06T04:41:37.804+0000] {logging_mixin.py:190} INFO - [2025-07-06T04:41:37.804+0000] {dag.py:3239} INFO - Sync 3 DAGs
[2025-07-06T04:41:37.857+0000] {logging_mixin.py:190} INFO - [2025-07-06T04:41:37.857+0000] {dag.py:4180} INFO - Setting next_dagrun for dataset_with_extra_by_context to 2025-07-05 00:00:00+00:00, run_after=2025-07-06 00:00:00+00:00
[2025-07-06T04:41:37.866+0000] {logging_mixin.py:190} INFO - [2025-07-06T04:41:37.866+0000] {dag.py:4180} INFO - Setting next_dagrun for dataset_with_extra_by_yield to 2025-07-05 00:00:00+00:00, run_after=2025-07-06 00:00:00+00:00
[2025-07-06T04:41:37.872+0000] {logging_mixin.py:190} INFO - [2025-07-06T04:41:37.871+0000] {dag.py:4180} INFO - Setting next_dagrun for dataset_with_extra_from_classic_operator to 2025-07-05 00:00:00+00:00, run_after=2025-07-06 00:00:00+00:00
[2025-07-06T04:41:37.897+0000] {processor.py:208} INFO - Processing /home/airflow/.local/lib/python3.12/site-packages/airflow/example_dags/example_outlet_event_extra.py took 0.717 seconds
[2025-07-06T04:42:07.954+0000] {processor.py:186} INFO - Started process (PID=1093) to work on /home/airflow/.local/lib/python3.12/site-packages/airflow/example_dags/example_outlet_event_extra.py
[2025-07-06T04:42:07.955+0000] {processor.py:914} INFO - Processing file /home/airflow/.local/lib/python3.12/site-packages/airflow/example_dags/example_outlet_event_extra.py for tasks to queue
[2025-07-06T04:42:07.957+0000] {logging_mixin.py:190} INFO - [2025-07-06T04:42:07.956+0000] {dagbag.py:588} INFO - Filling up the DagBag from /home/airflow/.local/lib/python3.12/site-packages/airflow/example_dags/example_outlet_event_extra.py
[2025-07-06T04:42:08.542+0000] {processor.py:925} INFO - DAG(s) 'dataset_with_extra_from_classic_operator', 'dataset_with_extra_by_context', 'dataset_with_extra_by_yield' retrieved from /home/airflow/.local/lib/python3.12/site-packages/airflow/example_dags/example_outlet_event_extra.py
[2025-07-06T04:42:08.563+0000] {logging_mixin.py:190} INFO - [2025-07-06T04:42:08.563+0000] {dag.py:3239} INFO - Sync 3 DAGs
[2025-07-06T04:42:08.586+0000] {logging_mixin.py:190} INFO - [2025-07-06T04:42:08.586+0000] {dag.py:4180} INFO - Setting next_dagrun for dataset_with_extra_by_context to 2025-07-05 00:00:00+00:00, run_after=2025-07-06 00:00:00+00:00
[2025-07-06T04:42:08.591+0000] {logging_mixin.py:190} INFO - [2025-07-06T04:42:08.591+0000] {dag.py:4180} INFO - Setting next_dagrun for dataset_with_extra_by_yield to 2025-07-05 00:00:00+00:00, run_after=2025-07-06 00:00:00+00:00
[2025-07-06T04:42:08.593+0000] {logging_mixin.py:190} INFO - [2025-07-06T04:42:08.593+0000] {dag.py:4180} INFO - Setting next_dagrun for dataset_with_extra_from_classic_operator to 2025-07-05 00:00:00+00:00, run_after=2025-07-06 00:00:00+00:00
[2025-07-06T04:42:08.611+0000] {processor.py:208} INFO - Processing /home/airflow/.local/lib/python3.12/site-packages/airflow/example_dags/example_outlet_event_extra.py took 0.661 seconds
[2025-07-06T04:42:39.593+0000] {processor.py:186} INFO - Started process (PID=1159) to work on /home/airflow/.local/lib/python3.12/site-packages/airflow/example_dags/example_outlet_event_extra.py
[2025-07-06T04:42:39.594+0000] {processor.py:914} INFO - Processing file /home/airflow/.local/lib/python3.12/site-packages/airflow/example_dags/example_outlet_event_extra.py for tasks to queue
[2025-07-06T04:42:39.596+0000] {logging_mixin.py:190} INFO - [2025-07-06T04:42:39.595+0000] {dagbag.py:588} INFO - Filling up the DagBag from /home/airflow/.local/lib/python3.12/site-packages/airflow/example_dags/example_outlet_event_extra.py
[2025-07-06T04:42:40.220+0000] {processor.py:925} INFO - DAG(s) 'dataset_with_extra_from_classic_operator', 'dataset_with_extra_by_context', 'dataset_with_extra_by_yield' retrieved from /home/airflow/.local/lib/python3.12/site-packages/airflow/example_dags/example_outlet_event_extra.py
[2025-07-06T04:42:40.241+0000] {logging_mixin.py:190} INFO - [2025-07-06T04:42:40.241+0000] {dag.py:3239} INFO - Sync 3 DAGs
[2025-07-06T04:42:40.274+0000] {logging_mixin.py:190} INFO - [2025-07-06T04:42:40.274+0000] {dag.py:4180} INFO - Setting next_dagrun for dataset_with_extra_by_context to 2025-07-05 00:00:00+00:00, run_after=2025-07-06 00:00:00+00:00
[2025-07-06T04:42:40.281+0000] {logging_mixin.py:190} INFO - [2025-07-06T04:42:40.281+0000] {dag.py:4180} INFO - Setting next_dagrun for dataset_with_extra_by_yield to 2025-07-05 00:00:00+00:00, run_after=2025-07-06 00:00:00+00:00
[2025-07-06T04:42:40.287+0000] {logging_mixin.py:190} INFO - [2025-07-06T04:42:40.287+0000] {dag.py:4180} INFO - Setting next_dagrun for dataset_with_extra_from_classic_operator to 2025-07-05 00:00:00+00:00, run_after=2025-07-06 00:00:00+00:00
[2025-07-06T04:42:40.306+0000] {processor.py:208} INFO - Processing /home/airflow/.local/lib/python3.12/site-packages/airflow/example_dags/example_outlet_event_extra.py took 0.720 seconds
[2025-07-06T04:43:10.640+0000] {processor.py:186} INFO - Started process (PID=1225) to work on /home/airflow/.local/lib/python3.12/site-packages/airflow/example_dags/example_outlet_event_extra.py
[2025-07-06T04:43:10.641+0000] {processor.py:914} INFO - Processing file /home/airflow/.local/lib/python3.12/site-packages/airflow/example_dags/example_outlet_event_extra.py for tasks to queue
[2025-07-06T04:43:10.643+0000] {logging_mixin.py:190} INFO - [2025-07-06T04:43:10.643+0000] {dagbag.py:588} INFO - Filling up the DagBag from /home/airflow/.local/lib/python3.12/site-packages/airflow/example_dags/example_outlet_event_extra.py
[2025-07-06T04:43:11.289+0000] {processor.py:925} INFO - DAG(s) 'dataset_with_extra_by_yield', 'dataset_with_extra_from_classic_operator', 'dataset_with_extra_by_context' retrieved from /home/airflow/.local/lib/python3.12/site-packages/airflow/example_dags/example_outlet_event_extra.py
[2025-07-06T04:43:11.311+0000] {logging_mixin.py:190} INFO - [2025-07-06T04:43:11.310+0000] {dag.py:3239} INFO - Sync 3 DAGs
[2025-07-06T04:43:11.334+0000] {logging_mixin.py:190} INFO - [2025-07-06T04:43:11.334+0000] {dag.py:4180} INFO - Setting next_dagrun for dataset_with_extra_by_context to 2025-07-05 00:00:00+00:00, run_after=2025-07-06 00:00:00+00:00
[2025-07-06T04:43:11.339+0000] {logging_mixin.py:190} INFO - [2025-07-06T04:43:11.339+0000] {dag.py:4180} INFO - Setting next_dagrun for dataset_with_extra_by_yield to 2025-07-05 00:00:00+00:00, run_after=2025-07-06 00:00:00+00:00
[2025-07-06T04:43:11.342+0000] {logging_mixin.py:190} INFO - [2025-07-06T04:43:11.342+0000] {dag.py:4180} INFO - Setting next_dagrun for dataset_with_extra_from_classic_operator to 2025-07-05 00:00:00+00:00, run_after=2025-07-06 00:00:00+00:00
[2025-07-06T04:43:11.369+0000] {processor.py:208} INFO - Processing /home/airflow/.local/lib/python3.12/site-packages/airflow/example_dags/example_outlet_event_extra.py took 0.737 seconds
