[2025-07-06T04:33:53.018+0000] {processor.py:186} INFO - Started process (PID=94) to work on /home/airflow/.local/lib/python3.12/site-packages/airflow/example_dags/example_dataset_alias_with_no_taskflow.py
[2025-07-06T04:33:53.019+0000] {processor.py:914} INFO - Processing file /home/airflow/.local/lib/python3.12/site-packages/airflow/example_dags/example_dataset_alias_with_no_taskflow.py for tasks to queue
[2025-07-06T04:33:53.026+0000] {logging_mixin.py:190} INFO - [2025-07-06T04:33:53.025+0000] {dagbag.py:588} INFO - Filling up the DagBag from /home/airflow/.local/lib/python3.12/site-packages/airflow/example_dags/example_dataset_alias_with_no_taskflow.py
[2025-07-06T04:33:56.041+0000] {processor.py:925} INFO - DAG(s) 'dataset_alias_example_alias_producer_with_no_taskflow', 'dataset_s3_bucket_consumer_with_no_taskflow', 'dataset_alias_example_alias_consumer_with_no_taskflow', 'dataset_s3_bucket_producer_with_no_taskflow' retrieved from /home/airflow/.local/lib/python3.12/site-packages/airflow/example_dags/example_dataset_alias_with_no_taskflow.py
[2025-07-06T04:33:57.048+0000] {logging_mixin.py:190} INFO - [2025-07-06T04:33:57.047+0000] {override.py:1911} INFO - Created Permission View: can delete on DAG:dataset_alias_example_alias_producer_with_no_taskflow
[2025-07-06T04:33:57.123+0000] {logging_mixin.py:190} INFO - [2025-07-06T04:33:57.123+0000] {override.py:1911} INFO - Created Permission View: can edit on DAG:dataset_alias_example_alias_producer_with_no_taskflow
[2025-07-06T04:33:57.164+0000] {logging_mixin.py:190} INFO - [2025-07-06T04:33:57.164+0000] {override.py:1911} INFO - Created Permission View: can read on DAG:dataset_alias_example_alias_producer_with_no_taskflow
[2025-07-06T04:33:57.233+0000] {logging_mixin.py:190} INFO - [2025-07-06T04:33:57.228+0000] {override.py:1911} INFO - Created Permission View: can delete on DAG Run:dataset_alias_example_alias_producer_with_no_taskflow
[2025-07-06T04:33:57.298+0000] {logging_mixin.py:190} INFO - [2025-07-06T04:33:57.297+0000] {override.py:1911} INFO - Created Permission View: menu access on DAG Run:dataset_alias_example_alias_producer_with_no_taskflow
[2025-07-06T04:33:57.428+0000] {logging_mixin.py:190} INFO - [2025-07-06T04:33:57.427+0000] {override.py:1911} INFO - Created Permission View: can create on DAG Run:dataset_alias_example_alias_producer_with_no_taskflow
[2025-07-06T04:33:57.489+0000] {logging_mixin.py:190} INFO - [2025-07-06T04:33:57.488+0000] {override.py:1911} INFO - Created Permission View: can read on DAG Run:dataset_alias_example_alias_producer_with_no_taskflow
[2025-07-06T04:33:57.593+0000] {logging_mixin.py:190} INFO - [2025-07-06T04:33:57.593+0000] {override.py:1911} INFO - Created Permission View: can delete on DAG:dataset_s3_bucket_consumer_with_no_taskflow
[2025-07-06T04:33:57.657+0000] {logging_mixin.py:190} INFO - [2025-07-06T04:33:57.657+0000] {override.py:1911} INFO - Created Permission View: can edit on DAG:dataset_s3_bucket_consumer_with_no_taskflow
[2025-07-06T04:33:57.687+0000] {logging_mixin.py:190} INFO - [2025-07-06T04:33:57.687+0000] {override.py:1911} INFO - Created Permission View: can read on DAG:dataset_s3_bucket_consumer_with_no_taskflow
[2025-07-06T04:33:57.703+0000] {logging_mixin.py:190} INFO - [2025-07-06T04:33:57.703+0000] {override.py:1911} INFO - Created Permission View: can delete on DAG Run:dataset_s3_bucket_consumer_with_no_taskflow
[2025-07-06T04:33:57.726+0000] {logging_mixin.py:190} INFO - [2025-07-06T04:33:57.725+0000] {override.py:1911} INFO - Created Permission View: menu access on DAG Run:dataset_s3_bucket_consumer_with_no_taskflow
[2025-07-06T04:33:57.751+0000] {logging_mixin.py:190} INFO - [2025-07-06T04:33:57.751+0000] {override.py:1911} INFO - Created Permission View: can create on DAG Run:dataset_s3_bucket_consumer_with_no_taskflow
[2025-07-06T04:33:57.775+0000] {logging_mixin.py:190} INFO - [2025-07-06T04:33:57.775+0000] {override.py:1911} INFO - Created Permission View: can read on DAG Run:dataset_s3_bucket_consumer_with_no_taskflow
[2025-07-06T04:33:57.824+0000] {logging_mixin.py:190} INFO - [2025-07-06T04:33:57.823+0000] {override.py:1911} INFO - Created Permission View: can delete on DAG:dataset_alias_example_alias_consumer_with_no_taskflow
[2025-07-06T04:33:57.869+0000] {logging_mixin.py:190} INFO - [2025-07-06T04:33:57.869+0000] {override.py:1911} INFO - Created Permission View: can edit on DAG:dataset_alias_example_alias_consumer_with_no_taskflow
[2025-07-06T04:33:57.884+0000] {logging_mixin.py:190} INFO - [2025-07-06T04:33:57.884+0000] {override.py:1911} INFO - Created Permission View: can read on DAG:dataset_alias_example_alias_consumer_with_no_taskflow
[2025-07-06T04:33:57.899+0000] {logging_mixin.py:190} INFO - [2025-07-06T04:33:57.898+0000] {override.py:1911} INFO - Created Permission View: can delete on DAG Run:dataset_alias_example_alias_consumer_with_no_taskflow
[2025-07-06T04:33:57.910+0000] {logging_mixin.py:190} INFO - [2025-07-06T04:33:57.906+0000] {override.py:1911} INFO - Created Permission View: menu access on DAG Run:dataset_alias_example_alias_consumer_with_no_taskflow
[2025-07-06T04:33:57.920+0000] {logging_mixin.py:190} INFO - [2025-07-06T04:33:57.920+0000] {override.py:1911} INFO - Created Permission View: can create on DAG Run:dataset_alias_example_alias_consumer_with_no_taskflow
[2025-07-06T04:33:57.939+0000] {logging_mixin.py:190} INFO - [2025-07-06T04:33:57.938+0000] {override.py:1911} INFO - Created Permission View: can read on DAG Run:dataset_alias_example_alias_consumer_with_no_taskflow
[2025-07-06T04:33:57.992+0000] {logging_mixin.py:190} INFO - [2025-07-06T04:33:57.991+0000] {override.py:1911} INFO - Created Permission View: can delete on DAG:dataset_s3_bucket_producer_with_no_taskflow
[2025-07-06T04:33:58.007+0000] {logging_mixin.py:190} INFO - [2025-07-06T04:33:58.007+0000] {override.py:1911} INFO - Created Permission View: can edit on DAG:dataset_s3_bucket_producer_with_no_taskflow
[2025-07-06T04:33:58.020+0000] {logging_mixin.py:190} INFO - [2025-07-06T04:33:58.020+0000] {override.py:1911} INFO - Created Permission View: can read on DAG:dataset_s3_bucket_producer_with_no_taskflow
[2025-07-06T04:33:58.038+0000] {logging_mixin.py:190} INFO - [2025-07-06T04:33:58.036+0000] {override.py:1911} INFO - Created Permission View: can delete on DAG Run:dataset_s3_bucket_producer_with_no_taskflow
[2025-07-06T04:33:58.085+0000] {logging_mixin.py:190} INFO - [2025-07-06T04:33:58.084+0000] {override.py:1911} INFO - Created Permission View: menu access on DAG Run:dataset_s3_bucket_producer_with_no_taskflow
[2025-07-06T04:33:58.142+0000] {logging_mixin.py:190} INFO - [2025-07-06T04:33:58.141+0000] {override.py:1911} INFO - Created Permission View: can create on DAG Run:dataset_s3_bucket_producer_with_no_taskflow
[2025-07-06T04:33:58.181+0000] {logging_mixin.py:190} INFO - [2025-07-06T04:33:58.181+0000] {override.py:1911} INFO - Created Permission View: can read on DAG Run:dataset_s3_bucket_producer_with_no_taskflow
[2025-07-06T04:33:58.185+0000] {logging_mixin.py:190} INFO - [2025-07-06T04:33:58.184+0000] {dag.py:3239} INFO - Sync 4 DAGs
[2025-07-06T04:33:58.304+0000] {logging_mixin.py:190} INFO - [2025-07-06T04:33:58.289+0000] {dag.py:3262} INFO - Creating ORM DAG for dataset_alias_example_alias_consumer_with_no_taskflow
[2025-07-06T04:33:58.314+0000] {logging_mixin.py:190} INFO - [2025-07-06T04:33:58.314+0000] {dag.py:3262} INFO - Creating ORM DAG for dataset_s3_bucket_consumer_with_no_taskflow
[2025-07-06T04:33:58.322+0000] {logging_mixin.py:190} INFO - [2025-07-06T04:33:58.318+0000] {dag.py:3262} INFO - Creating ORM DAG for dataset_alias_example_alias_producer_with_no_taskflow
[2025-07-06T04:33:58.326+0000] {logging_mixin.py:190} INFO - [2025-07-06T04:33:58.325+0000] {dag.py:3262} INFO - Creating ORM DAG for dataset_s3_bucket_producer_with_no_taskflow
[2025-07-06T04:33:58.397+0000] {logging_mixin.py:190} INFO - [2025-07-06T04:33:58.396+0000] {dag.py:4180} INFO - Setting next_dagrun for dataset_alias_example_alias_consumer_with_no_taskflow to None, run_after=None
[2025-07-06T04:33:58.403+0000] {logging_mixin.py:190} INFO - [2025-07-06T04:33:58.403+0000] {dag.py:4180} INFO - Setting next_dagrun for dataset_alias_example_alias_producer_with_no_taskflow to None, run_after=None
[2025-07-06T04:33:58.407+0000] {logging_mixin.py:190} INFO - [2025-07-06T04:33:58.407+0000] {dag.py:4180} INFO - Setting next_dagrun for dataset_s3_bucket_consumer_with_no_taskflow to None, run_after=None
[2025-07-06T04:33:58.414+0000] {logging_mixin.py:190} INFO - [2025-07-06T04:33:58.413+0000] {dag.py:4180} INFO - Setting next_dagrun for dataset_s3_bucket_producer_with_no_taskflow to None, run_after=None
[2025-07-06T04:33:58.641+0000] {processor.py:208} INFO - Processing /home/airflow/.local/lib/python3.12/site-packages/airflow/example_dags/example_dataset_alias_with_no_taskflow.py took 5.644 seconds
[2025-07-06T04:34:29.827+0000] {processor.py:186} INFO - Started process (PID=160) to work on /home/airflow/.local/lib/python3.12/site-packages/airflow/example_dags/example_dataset_alias_with_no_taskflow.py
[2025-07-06T04:34:29.827+0000] {processor.py:914} INFO - Processing file /home/airflow/.local/lib/python3.12/site-packages/airflow/example_dags/example_dataset_alias_with_no_taskflow.py for tasks to queue
[2025-07-06T04:34:29.829+0000] {logging_mixin.py:190} INFO - [2025-07-06T04:34:29.829+0000] {dagbag.py:588} INFO - Filling up the DagBag from /home/airflow/.local/lib/python3.12/site-packages/airflow/example_dags/example_dataset_alias_with_no_taskflow.py
[2025-07-06T04:34:30.721+0000] {processor.py:925} INFO - DAG(s) 'dataset_alias_example_alias_consumer_with_no_taskflow', 'dataset_s3_bucket_consumer_with_no_taskflow', 'dataset_alias_example_alias_producer_with_no_taskflow', 'dataset_s3_bucket_producer_with_no_taskflow' retrieved from /home/airflow/.local/lib/python3.12/site-packages/airflow/example_dags/example_dataset_alias_with_no_taskflow.py
[2025-07-06T04:34:30.740+0000] {logging_mixin.py:190} INFO - [2025-07-06T04:34:30.739+0000] {dag.py:3239} INFO - Sync 4 DAGs
[2025-07-06T04:34:30.760+0000] {logging_mixin.py:190} INFO - [2025-07-06T04:34:30.760+0000] {dag.py:4180} INFO - Setting next_dagrun for dataset_alias_example_alias_consumer_with_no_taskflow to None, run_after=None
[2025-07-06T04:34:30.762+0000] {logging_mixin.py:190} INFO - [2025-07-06T04:34:30.762+0000] {dag.py:4180} INFO - Setting next_dagrun for dataset_alias_example_alias_producer_with_no_taskflow to None, run_after=None
[2025-07-06T04:34:30.764+0000] {logging_mixin.py:190} INFO - [2025-07-06T04:34:30.763+0000] {dag.py:4180} INFO - Setting next_dagrun for dataset_s3_bucket_consumer_with_no_taskflow to None, run_after=None
[2025-07-06T04:34:30.765+0000] {logging_mixin.py:190} INFO - [2025-07-06T04:34:30.764+0000] {dag.py:4180} INFO - Setting next_dagrun for dataset_s3_bucket_producer_with_no_taskflow to None, run_after=None
[2025-07-06T04:34:30.782+0000] {processor.py:208} INFO - Processing /home/airflow/.local/lib/python3.12/site-packages/airflow/example_dags/example_dataset_alias_with_no_taskflow.py took 0.960 seconds
[2025-07-06T04:35:01.532+0000] {processor.py:186} INFO - Started process (PID=223) to work on /home/airflow/.local/lib/python3.12/site-packages/airflow/example_dags/example_dataset_alias_with_no_taskflow.py
[2025-07-06T04:35:01.533+0000] {processor.py:914} INFO - Processing file /home/airflow/.local/lib/python3.12/site-packages/airflow/example_dags/example_dataset_alias_with_no_taskflow.py for tasks to queue
[2025-07-06T04:35:01.535+0000] {logging_mixin.py:190} INFO - [2025-07-06T04:35:01.534+0000] {dagbag.py:588} INFO - Filling up the DagBag from /home/airflow/.local/lib/python3.12/site-packages/airflow/example_dags/example_dataset_alias_with_no_taskflow.py
[2025-07-06T04:35:02.227+0000] {processor.py:925} INFO - DAG(s) 'dataset_alias_example_alias_consumer_with_no_taskflow', 'dataset_alias_example_alias_producer_with_no_taskflow', 'dataset_s3_bucket_producer_with_no_taskflow', 'dataset_s3_bucket_consumer_with_no_taskflow' retrieved from /home/airflow/.local/lib/python3.12/site-packages/airflow/example_dags/example_dataset_alias_with_no_taskflow.py
[2025-07-06T04:35:02.263+0000] {logging_mixin.py:190} INFO - [2025-07-06T04:35:02.261+0000] {dag.py:3239} INFO - Sync 4 DAGs
[2025-07-06T04:35:02.296+0000] {logging_mixin.py:190} INFO - [2025-07-06T04:35:02.295+0000] {dag.py:4180} INFO - Setting next_dagrun for dataset_alias_example_alias_consumer_with_no_taskflow to None, run_after=None
[2025-07-06T04:35:02.299+0000] {logging_mixin.py:190} INFO - [2025-07-06T04:35:02.299+0000] {dag.py:4180} INFO - Setting next_dagrun for dataset_alias_example_alias_producer_with_no_taskflow to None, run_after=None
[2025-07-06T04:35:02.301+0000] {logging_mixin.py:190} INFO - [2025-07-06T04:35:02.301+0000] {dag.py:4180} INFO - Setting next_dagrun for dataset_s3_bucket_consumer_with_no_taskflow to None, run_after=None
[2025-07-06T04:35:02.302+0000] {logging_mixin.py:190} INFO - [2025-07-06T04:35:02.302+0000] {dag.py:4180} INFO - Setting next_dagrun for dataset_s3_bucket_producer_with_no_taskflow to None, run_after=None
[2025-07-06T04:35:02.324+0000] {processor.py:208} INFO - Processing /home/airflow/.local/lib/python3.12/site-packages/airflow/example_dags/example_dataset_alias_with_no_taskflow.py took 0.798 seconds
[2025-07-06T04:35:32.363+0000] {processor.py:186} INFO - Started process (PID=286) to work on /home/airflow/.local/lib/python3.12/site-packages/airflow/example_dags/example_dataset_alias_with_no_taskflow.py
[2025-07-06T04:35:32.363+0000] {processor.py:914} INFO - Processing file /home/airflow/.local/lib/python3.12/site-packages/airflow/example_dags/example_dataset_alias_with_no_taskflow.py for tasks to queue
[2025-07-06T04:35:32.365+0000] {logging_mixin.py:190} INFO - [2025-07-06T04:35:32.365+0000] {dagbag.py:588} INFO - Filling up the DagBag from /home/airflow/.local/lib/python3.12/site-packages/airflow/example_dags/example_dataset_alias_with_no_taskflow.py
[2025-07-06T04:35:33.141+0000] {processor.py:925} INFO - DAG(s) 'dataset_alias_example_alias_consumer_with_no_taskflow', 'dataset_s3_bucket_producer_with_no_taskflow', 'dataset_alias_example_alias_producer_with_no_taskflow', 'dataset_s3_bucket_consumer_with_no_taskflow' retrieved from /home/airflow/.local/lib/python3.12/site-packages/airflow/example_dags/example_dataset_alias_with_no_taskflow.py
[2025-07-06T04:35:33.172+0000] {logging_mixin.py:190} INFO - [2025-07-06T04:35:33.168+0000] {dag.py:3239} INFO - Sync 4 DAGs
[2025-07-06T04:35:33.214+0000] {logging_mixin.py:190} INFO - [2025-07-06T04:35:33.214+0000] {dag.py:4180} INFO - Setting next_dagrun for dataset_alias_example_alias_consumer_with_no_taskflow to None, run_after=None
[2025-07-06T04:35:33.218+0000] {logging_mixin.py:190} INFO - [2025-07-06T04:35:33.217+0000] {dag.py:4180} INFO - Setting next_dagrun for dataset_alias_example_alias_producer_with_no_taskflow to None, run_after=None
[2025-07-06T04:35:33.219+0000] {logging_mixin.py:190} INFO - [2025-07-06T04:35:33.219+0000] {dag.py:4180} INFO - Setting next_dagrun for dataset_s3_bucket_consumer_with_no_taskflow to None, run_after=None
[2025-07-06T04:35:33.221+0000] {logging_mixin.py:190} INFO - [2025-07-06T04:35:33.220+0000] {dag.py:4180} INFO - Setting next_dagrun for dataset_s3_bucket_producer_with_no_taskflow to None, run_after=None
[2025-07-06T04:35:33.245+0000] {processor.py:208} INFO - Processing /home/airflow/.local/lib/python3.12/site-packages/airflow/example_dags/example_dataset_alias_with_no_taskflow.py took 0.887 seconds
[2025-07-06T04:36:03.375+0000] {processor.py:186} INFO - Started process (PID=349) to work on /home/airflow/.local/lib/python3.12/site-packages/airflow/example_dags/example_dataset_alias_with_no_taskflow.py
[2025-07-06T04:36:03.376+0000] {processor.py:914} INFO - Processing file /home/airflow/.local/lib/python3.12/site-packages/airflow/example_dags/example_dataset_alias_with_no_taskflow.py for tasks to queue
[2025-07-06T04:36:03.378+0000] {logging_mixin.py:190} INFO - [2025-07-06T04:36:03.378+0000] {dagbag.py:588} INFO - Filling up the DagBag from /home/airflow/.local/lib/python3.12/site-packages/airflow/example_dags/example_dataset_alias_with_no_taskflow.py
[2025-07-06T04:36:04.033+0000] {processor.py:925} INFO - DAG(s) 'dataset_alias_example_alias_producer_with_no_taskflow', 'dataset_s3_bucket_producer_with_no_taskflow', 'dataset_alias_example_alias_consumer_with_no_taskflow', 'dataset_s3_bucket_consumer_with_no_taskflow' retrieved from /home/airflow/.local/lib/python3.12/site-packages/airflow/example_dags/example_dataset_alias_with_no_taskflow.py
[2025-07-06T04:36:04.063+0000] {logging_mixin.py:190} INFO - [2025-07-06T04:36:04.062+0000] {dag.py:3239} INFO - Sync 4 DAGs
[2025-07-06T04:36:04.090+0000] {logging_mixin.py:190} INFO - [2025-07-06T04:36:04.090+0000] {dag.py:4180} INFO - Setting next_dagrun for dataset_alias_example_alias_consumer_with_no_taskflow to None, run_after=None
[2025-07-06T04:36:04.092+0000] {logging_mixin.py:190} INFO - [2025-07-06T04:36:04.092+0000] {dag.py:4180} INFO - Setting next_dagrun for dataset_alias_example_alias_producer_with_no_taskflow to None, run_after=None
[2025-07-06T04:36:04.094+0000] {logging_mixin.py:190} INFO - [2025-07-06T04:36:04.093+0000] {dag.py:4180} INFO - Setting next_dagrun for dataset_s3_bucket_consumer_with_no_taskflow to None, run_after=None
[2025-07-06T04:36:04.095+0000] {logging_mixin.py:190} INFO - [2025-07-06T04:36:04.094+0000] {dag.py:4180} INFO - Setting next_dagrun for dataset_s3_bucket_producer_with_no_taskflow to None, run_after=None
[2025-07-06T04:36:04.112+0000] {processor.py:208} INFO - Processing /home/airflow/.local/lib/python3.12/site-packages/airflow/example_dags/example_dataset_alias_with_no_taskflow.py took 0.742 seconds
[2025-07-06T04:36:36.951+0000] {processor.py:186} INFO - Started process (PID=412) to work on /home/airflow/.local/lib/python3.12/site-packages/airflow/example_dags/example_dataset_alias_with_no_taskflow.py
[2025-07-06T04:36:36.963+0000] {processor.py:914} INFO - Processing file /home/airflow/.local/lib/python3.12/site-packages/airflow/example_dags/example_dataset_alias_with_no_taskflow.py for tasks to queue
[2025-07-06T04:36:36.970+0000] {logging_mixin.py:190} INFO - [2025-07-06T04:36:36.970+0000] {dagbag.py:588} INFO - Filling up the DagBag from /home/airflow/.local/lib/python3.12/site-packages/airflow/example_dags/example_dataset_alias_with_no_taskflow.py
[2025-07-06T04:36:37.861+0000] {processor.py:925} INFO - DAG(s) 'dataset_s3_bucket_consumer_with_no_taskflow', 'dataset_s3_bucket_producer_with_no_taskflow', 'dataset_alias_example_alias_producer_with_no_taskflow', 'dataset_alias_example_alias_consumer_with_no_taskflow' retrieved from /home/airflow/.local/lib/python3.12/site-packages/airflow/example_dags/example_dataset_alias_with_no_taskflow.py
[2025-07-06T04:36:37.879+0000] {logging_mixin.py:190} INFO - [2025-07-06T04:36:37.879+0000] {dag.py:3239} INFO - Sync 4 DAGs
[2025-07-06T04:36:37.900+0000] {logging_mixin.py:190} INFO - [2025-07-06T04:36:37.900+0000] {dag.py:4180} INFO - Setting next_dagrun for dataset_alias_example_alias_consumer_with_no_taskflow to None, run_after=None
[2025-07-06T04:36:37.903+0000] {logging_mixin.py:190} INFO - [2025-07-06T04:36:37.902+0000] {dag.py:4180} INFO - Setting next_dagrun for dataset_alias_example_alias_producer_with_no_taskflow to None, run_after=None
[2025-07-06T04:36:37.904+0000] {logging_mixin.py:190} INFO - [2025-07-06T04:36:37.904+0000] {dag.py:4180} INFO - Setting next_dagrun for dataset_s3_bucket_consumer_with_no_taskflow to None, run_after=None
[2025-07-06T04:36:37.905+0000] {logging_mixin.py:190} INFO - [2025-07-06T04:36:37.905+0000] {dag.py:4180} INFO - Setting next_dagrun for dataset_s3_bucket_producer_with_no_taskflow to None, run_after=None
[2025-07-06T04:36:37.924+0000] {processor.py:208} INFO - Processing /home/airflow/.local/lib/python3.12/site-packages/airflow/example_dags/example_dataset_alias_with_no_taskflow.py took 0.990 seconds
[2025-07-06T04:37:08.399+0000] {processor.py:186} INFO - Started process (PID=475) to work on /home/airflow/.local/lib/python3.12/site-packages/airflow/example_dags/example_dataset_alias_with_no_taskflow.py
[2025-07-06T04:37:08.400+0000] {processor.py:914} INFO - Processing file /home/airflow/.local/lib/python3.12/site-packages/airflow/example_dags/example_dataset_alias_with_no_taskflow.py for tasks to queue
[2025-07-06T04:37:08.413+0000] {logging_mixin.py:190} INFO - [2025-07-06T04:37:08.408+0000] {dagbag.py:588} INFO - Filling up the DagBag from /home/airflow/.local/lib/python3.12/site-packages/airflow/example_dags/example_dataset_alias_with_no_taskflow.py
[2025-07-06T04:37:11.318+0000] {processor.py:925} INFO - DAG(s) 'dataset_s3_bucket_consumer_with_no_taskflow', 'dataset_alias_example_alias_consumer_with_no_taskflow', 'dataset_s3_bucket_producer_with_no_taskflow', 'dataset_alias_example_alias_producer_with_no_taskflow' retrieved from /home/airflow/.local/lib/python3.12/site-packages/airflow/example_dags/example_dataset_alias_with_no_taskflow.py
[2025-07-06T04:37:11.522+0000] {logging_mixin.py:190} INFO - [2025-07-06T04:37:11.521+0000] {dag.py:3239} INFO - Sync 4 DAGs
[2025-07-06T04:37:11.677+0000] {logging_mixin.py:190} INFO - [2025-07-06T04:37:11.676+0000] {dag.py:4180} INFO - Setting next_dagrun for dataset_alias_example_alias_consumer_with_no_taskflow to None, run_after=None
[2025-07-06T04:37:11.688+0000] {logging_mixin.py:190} INFO - [2025-07-06T04:37:11.688+0000] {dag.py:4180} INFO - Setting next_dagrun for dataset_alias_example_alias_producer_with_no_taskflow to None, run_after=None
[2025-07-06T04:37:11.693+0000] {logging_mixin.py:190} INFO - [2025-07-06T04:37:11.693+0000] {dag.py:4180} INFO - Setting next_dagrun for dataset_s3_bucket_consumer_with_no_taskflow to None, run_after=None
[2025-07-06T04:37:11.700+0000] {logging_mixin.py:190} INFO - [2025-07-06T04:37:11.699+0000] {dag.py:4180} INFO - Setting next_dagrun for dataset_s3_bucket_producer_with_no_taskflow to None, run_after=None
[2025-07-06T04:37:11.804+0000] {processor.py:208} INFO - Processing /home/airflow/.local/lib/python3.12/site-packages/airflow/example_dags/example_dataset_alias_with_no_taskflow.py took 3.432 seconds
[2025-07-06T04:37:42.053+0000] {processor.py:186} INFO - Started process (PID=542) to work on /home/airflow/.local/lib/python3.12/site-packages/airflow/example_dags/example_dataset_alias_with_no_taskflow.py
[2025-07-06T04:37:42.053+0000] {processor.py:914} INFO - Processing file /home/airflow/.local/lib/python3.12/site-packages/airflow/example_dags/example_dataset_alias_with_no_taskflow.py for tasks to queue
[2025-07-06T04:37:42.056+0000] {logging_mixin.py:190} INFO - [2025-07-06T04:37:42.056+0000] {dagbag.py:588} INFO - Filling up the DagBag from /home/airflow/.local/lib/python3.12/site-packages/airflow/example_dags/example_dataset_alias_with_no_taskflow.py
[2025-07-06T04:37:42.706+0000] {processor.py:925} INFO - DAG(s) 'dataset_alias_example_alias_consumer_with_no_taskflow', 'dataset_alias_example_alias_producer_with_no_taskflow', 'dataset_s3_bucket_consumer_with_no_taskflow', 'dataset_s3_bucket_producer_with_no_taskflow' retrieved from /home/airflow/.local/lib/python3.12/site-packages/airflow/example_dags/example_dataset_alias_with_no_taskflow.py
[2025-07-06T04:37:42.727+0000] {logging_mixin.py:190} INFO - [2025-07-06T04:37:42.727+0000] {dag.py:3239} INFO - Sync 4 DAGs
[2025-07-06T04:37:42.748+0000] {logging_mixin.py:190} INFO - [2025-07-06T04:37:42.747+0000] {dag.py:4180} INFO - Setting next_dagrun for dataset_alias_example_alias_consumer_with_no_taskflow to None, run_after=None
[2025-07-06T04:37:42.750+0000] {logging_mixin.py:190} INFO - [2025-07-06T04:37:42.750+0000] {dag.py:4180} INFO - Setting next_dagrun for dataset_alias_example_alias_producer_with_no_taskflow to None, run_after=None
[2025-07-06T04:37:42.751+0000] {logging_mixin.py:190} INFO - [2025-07-06T04:37:42.751+0000] {dag.py:4180} INFO - Setting next_dagrun for dataset_s3_bucket_consumer_with_no_taskflow to None, run_after=None
[2025-07-06T04:37:42.752+0000] {logging_mixin.py:190} INFO - [2025-07-06T04:37:42.752+0000] {dag.py:4180} INFO - Setting next_dagrun for dataset_s3_bucket_producer_with_no_taskflow to None, run_after=None
[2025-07-06T04:37:42.770+0000] {processor.py:208} INFO - Processing /home/airflow/.local/lib/python3.12/site-packages/airflow/example_dags/example_dataset_alias_with_no_taskflow.py took 0.725 seconds
[2025-07-06T04:38:13.109+0000] {processor.py:186} INFO - Started process (PID=605) to work on /home/airflow/.local/lib/python3.12/site-packages/airflow/example_dags/example_dataset_alias_with_no_taskflow.py
[2025-07-06T04:38:13.110+0000] {processor.py:914} INFO - Processing file /home/airflow/.local/lib/python3.12/site-packages/airflow/example_dags/example_dataset_alias_with_no_taskflow.py for tasks to queue
[2025-07-06T04:38:13.112+0000] {logging_mixin.py:190} INFO - [2025-07-06T04:38:13.112+0000] {dagbag.py:588} INFO - Filling up the DagBag from /home/airflow/.local/lib/python3.12/site-packages/airflow/example_dags/example_dataset_alias_with_no_taskflow.py
[2025-07-06T04:38:13.720+0000] {processor.py:925} INFO - DAG(s) 'dataset_alias_example_alias_producer_with_no_taskflow', 'dataset_s3_bucket_consumer_with_no_taskflow', 'dataset_s3_bucket_producer_with_no_taskflow', 'dataset_alias_example_alias_consumer_with_no_taskflow' retrieved from /home/airflow/.local/lib/python3.12/site-packages/airflow/example_dags/example_dataset_alias_with_no_taskflow.py
[2025-07-06T04:38:13.739+0000] {logging_mixin.py:190} INFO - [2025-07-06T04:38:13.738+0000] {dag.py:3239} INFO - Sync 4 DAGs
[2025-07-06T04:38:13.760+0000] {logging_mixin.py:190} INFO - [2025-07-06T04:38:13.760+0000] {dag.py:4180} INFO - Setting next_dagrun for dataset_alias_example_alias_consumer_with_no_taskflow to None, run_after=None
[2025-07-06T04:38:13.763+0000] {logging_mixin.py:190} INFO - [2025-07-06T04:38:13.763+0000] {dag.py:4180} INFO - Setting next_dagrun for dataset_alias_example_alias_producer_with_no_taskflow to None, run_after=None
[2025-07-06T04:38:13.764+0000] {logging_mixin.py:190} INFO - [2025-07-06T04:38:13.764+0000] {dag.py:4180} INFO - Setting next_dagrun for dataset_s3_bucket_consumer_with_no_taskflow to None, run_after=None
[2025-07-06T04:38:13.765+0000] {logging_mixin.py:190} INFO - [2025-07-06T04:38:13.765+0000] {dag.py:4180} INFO - Setting next_dagrun for dataset_s3_bucket_producer_with_no_taskflow to None, run_after=None
[2025-07-06T04:38:13.782+0000] {processor.py:208} INFO - Processing /home/airflow/.local/lib/python3.12/site-packages/airflow/example_dags/example_dataset_alias_with_no_taskflow.py took 0.678 seconds
[2025-07-06T04:38:43.880+0000] {processor.py:186} INFO - Started process (PID=669) to work on /home/airflow/.local/lib/python3.12/site-packages/airflow/example_dags/example_dataset_alias_with_no_taskflow.py
[2025-07-06T04:38:43.881+0000] {processor.py:914} INFO - Processing file /home/airflow/.local/lib/python3.12/site-packages/airflow/example_dags/example_dataset_alias_with_no_taskflow.py for tasks to queue
[2025-07-06T04:38:43.883+0000] {logging_mixin.py:190} INFO - [2025-07-06T04:38:43.882+0000] {dagbag.py:588} INFO - Filling up the DagBag from /home/airflow/.local/lib/python3.12/site-packages/airflow/example_dags/example_dataset_alias_with_no_taskflow.py
[2025-07-06T04:38:44.516+0000] {processor.py:925} INFO - DAG(s) 'dataset_s3_bucket_consumer_with_no_taskflow', 'dataset_alias_example_alias_consumer_with_no_taskflow', 'dataset_s3_bucket_producer_with_no_taskflow', 'dataset_alias_example_alias_producer_with_no_taskflow' retrieved from /home/airflow/.local/lib/python3.12/site-packages/airflow/example_dags/example_dataset_alias_with_no_taskflow.py
[2025-07-06T04:38:44.541+0000] {logging_mixin.py:190} INFO - [2025-07-06T04:38:44.540+0000] {dag.py:3239} INFO - Sync 4 DAGs
[2025-07-06T04:38:44.562+0000] {logging_mixin.py:190} INFO - [2025-07-06T04:38:44.562+0000] {dag.py:4180} INFO - Setting next_dagrun for dataset_alias_example_alias_consumer_with_no_taskflow to None, run_after=None
[2025-07-06T04:38:44.564+0000] {logging_mixin.py:190} INFO - [2025-07-06T04:38:44.564+0000] {dag.py:4180} INFO - Setting next_dagrun for dataset_alias_example_alias_producer_with_no_taskflow to None, run_after=None
[2025-07-06T04:38:44.565+0000] {logging_mixin.py:190} INFO - [2025-07-06T04:38:44.565+0000] {dag.py:4180} INFO - Setting next_dagrun for dataset_s3_bucket_consumer_with_no_taskflow to None, run_after=None
[2025-07-06T04:38:44.567+0000] {logging_mixin.py:190} INFO - [2025-07-06T04:38:44.566+0000] {dag.py:4180} INFO - Setting next_dagrun for dataset_s3_bucket_producer_with_no_taskflow to None, run_after=None
[2025-07-06T04:38:44.584+0000] {processor.py:208} INFO - Processing /home/airflow/.local/lib/python3.12/site-packages/airflow/example_dags/example_dataset_alias_with_no_taskflow.py took 0.709 seconds
[2025-07-06T04:39:14.711+0000] {processor.py:186} INFO - Started process (PID=733) to work on /home/airflow/.local/lib/python3.12/site-packages/airflow/example_dags/example_dataset_alias_with_no_taskflow.py
[2025-07-06T04:39:14.712+0000] {processor.py:914} INFO - Processing file /home/airflow/.local/lib/python3.12/site-packages/airflow/example_dags/example_dataset_alias_with_no_taskflow.py for tasks to queue
[2025-07-06T04:39:14.714+0000] {logging_mixin.py:190} INFO - [2025-07-06T04:39:14.714+0000] {dagbag.py:588} INFO - Filling up the DagBag from /home/airflow/.local/lib/python3.12/site-packages/airflow/example_dags/example_dataset_alias_with_no_taskflow.py
[2025-07-06T04:39:15.309+0000] {processor.py:925} INFO - DAG(s) 'dataset_s3_bucket_producer_with_no_taskflow', 'dataset_alias_example_alias_producer_with_no_taskflow', 'dataset_s3_bucket_consumer_with_no_taskflow', 'dataset_alias_example_alias_consumer_with_no_taskflow' retrieved from /home/airflow/.local/lib/python3.12/site-packages/airflow/example_dags/example_dataset_alias_with_no_taskflow.py
[2025-07-06T04:39:15.330+0000] {logging_mixin.py:190} INFO - [2025-07-06T04:39:15.330+0000] {dag.py:3239} INFO - Sync 4 DAGs
[2025-07-06T04:39:15.351+0000] {logging_mixin.py:190} INFO - [2025-07-06T04:39:15.351+0000] {dag.py:4180} INFO - Setting next_dagrun for dataset_alias_example_alias_consumer_with_no_taskflow to None, run_after=None
[2025-07-06T04:39:15.354+0000] {logging_mixin.py:190} INFO - [2025-07-06T04:39:15.353+0000] {dag.py:4180} INFO - Setting next_dagrun for dataset_alias_example_alias_producer_with_no_taskflow to None, run_after=None
[2025-07-06T04:39:15.355+0000] {logging_mixin.py:190} INFO - [2025-07-06T04:39:15.355+0000] {dag.py:4180} INFO - Setting next_dagrun for dataset_s3_bucket_consumer_with_no_taskflow to None, run_after=None
[2025-07-06T04:39:15.356+0000] {logging_mixin.py:190} INFO - [2025-07-06T04:39:15.356+0000] {dag.py:4180} INFO - Setting next_dagrun for dataset_s3_bucket_producer_with_no_taskflow to None, run_after=None
[2025-07-06T04:39:15.375+0000] {processor.py:208} INFO - Processing /home/airflow/.local/lib/python3.12/site-packages/airflow/example_dags/example_dataset_alias_with_no_taskflow.py took 0.669 seconds
[2025-07-06T04:39:45.880+0000] {processor.py:186} INFO - Started process (PID=798) to work on /home/airflow/.local/lib/python3.12/site-packages/airflow/example_dags/example_dataset_alias_with_no_taskflow.py
[2025-07-06T04:39:45.881+0000] {processor.py:914} INFO - Processing file /home/airflow/.local/lib/python3.12/site-packages/airflow/example_dags/example_dataset_alias_with_no_taskflow.py for tasks to queue
[2025-07-06T04:39:45.883+0000] {logging_mixin.py:190} INFO - [2025-07-06T04:39:45.882+0000] {dagbag.py:588} INFO - Filling up the DagBag from /home/airflow/.local/lib/python3.12/site-packages/airflow/example_dags/example_dataset_alias_with_no_taskflow.py
[2025-07-06T04:39:46.480+0000] {processor.py:925} INFO - DAG(s) 'dataset_alias_example_alias_consumer_with_no_taskflow', 'dataset_s3_bucket_consumer_with_no_taskflow', 'dataset_alias_example_alias_producer_with_no_taskflow', 'dataset_s3_bucket_producer_with_no_taskflow' retrieved from /home/airflow/.local/lib/python3.12/site-packages/airflow/example_dags/example_dataset_alias_with_no_taskflow.py
[2025-07-06T04:39:46.499+0000] {logging_mixin.py:190} INFO - [2025-07-06T04:39:46.499+0000] {dag.py:3239} INFO - Sync 4 DAGs
[2025-07-06T04:39:46.521+0000] {logging_mixin.py:190} INFO - [2025-07-06T04:39:46.521+0000] {dag.py:4180} INFO - Setting next_dagrun for dataset_alias_example_alias_consumer_with_no_taskflow to None, run_after=None
[2025-07-06T04:39:46.524+0000] {logging_mixin.py:190} INFO - [2025-07-06T04:39:46.524+0000] {dag.py:4180} INFO - Setting next_dagrun for dataset_alias_example_alias_producer_with_no_taskflow to None, run_after=None
[2025-07-06T04:39:46.525+0000] {logging_mixin.py:190} INFO - [2025-07-06T04:39:46.525+0000] {dag.py:4180} INFO - Setting next_dagrun for dataset_s3_bucket_consumer_with_no_taskflow to None, run_after=None
[2025-07-06T04:39:46.526+0000] {logging_mixin.py:190} INFO - [2025-07-06T04:39:46.526+0000] {dag.py:4180} INFO - Setting next_dagrun for dataset_s3_bucket_producer_with_no_taskflow to None, run_after=None
[2025-07-06T04:39:46.543+0000] {processor.py:208} INFO - Processing /home/airflow/.local/lib/python3.12/site-packages/airflow/example_dags/example_dataset_alias_with_no_taskflow.py took 0.668 seconds
[2025-07-06T04:40:16.615+0000] {processor.py:186} INFO - Started process (PID=862) to work on /home/airflow/.local/lib/python3.12/site-packages/airflow/example_dags/example_dataset_alias_with_no_taskflow.py
[2025-07-06T04:40:16.616+0000] {processor.py:914} INFO - Processing file /home/airflow/.local/lib/python3.12/site-packages/airflow/example_dags/example_dataset_alias_with_no_taskflow.py for tasks to queue
[2025-07-06T04:40:16.618+0000] {logging_mixin.py:190} INFO - [2025-07-06T04:40:16.618+0000] {dagbag.py:588} INFO - Filling up the DagBag from /home/airflow/.local/lib/python3.12/site-packages/airflow/example_dags/example_dataset_alias_with_no_taskflow.py
[2025-07-06T04:40:17.379+0000] {processor.py:925} INFO - DAG(s) 'dataset_s3_bucket_producer_with_no_taskflow', 'dataset_s3_bucket_consumer_with_no_taskflow', 'dataset_alias_example_alias_consumer_with_no_taskflow', 'dataset_alias_example_alias_producer_with_no_taskflow' retrieved from /home/airflow/.local/lib/python3.12/site-packages/airflow/example_dags/example_dataset_alias_with_no_taskflow.py
[2025-07-06T04:40:17.406+0000] {logging_mixin.py:190} INFO - [2025-07-06T04:40:17.406+0000] {dag.py:3239} INFO - Sync 4 DAGs
[2025-07-06T04:40:17.426+0000] {logging_mixin.py:190} INFO - [2025-07-06T04:40:17.426+0000] {dag.py:4180} INFO - Setting next_dagrun for dataset_alias_example_alias_consumer_with_no_taskflow to None, run_after=None
[2025-07-06T04:40:17.429+0000] {logging_mixin.py:190} INFO - [2025-07-06T04:40:17.428+0000] {dag.py:4180} INFO - Setting next_dagrun for dataset_alias_example_alias_producer_with_no_taskflow to None, run_after=None
[2025-07-06T04:40:17.431+0000] {logging_mixin.py:190} INFO - [2025-07-06T04:40:17.431+0000] {dag.py:4180} INFO - Setting next_dagrun for dataset_s3_bucket_consumer_with_no_taskflow to None, run_after=None
[2025-07-06T04:40:17.432+0000] {logging_mixin.py:190} INFO - [2025-07-06T04:40:17.432+0000] {dag.py:4180} INFO - Setting next_dagrun for dataset_s3_bucket_producer_with_no_taskflow to None, run_after=None
[2025-07-06T04:40:17.450+0000] {processor.py:208} INFO - Processing /home/airflow/.local/lib/python3.12/site-packages/airflow/example_dags/example_dataset_alias_with_no_taskflow.py took 0.839 seconds
[2025-07-06T04:40:48.073+0000] {processor.py:186} INFO - Started process (PID=932) to work on /home/airflow/.local/lib/python3.12/site-packages/airflow/example_dags/example_dataset_alias_with_no_taskflow.py
[2025-07-06T04:40:48.074+0000] {processor.py:914} INFO - Processing file /home/airflow/.local/lib/python3.12/site-packages/airflow/example_dags/example_dataset_alias_with_no_taskflow.py for tasks to queue
[2025-07-06T04:40:48.075+0000] {logging_mixin.py:190} INFO - [2025-07-06T04:40:48.075+0000] {dagbag.py:588} INFO - Filling up the DagBag from /home/airflow/.local/lib/python3.12/site-packages/airflow/example_dags/example_dataset_alias_with_no_taskflow.py
[2025-07-06T04:40:48.666+0000] {processor.py:925} INFO - DAG(s) 'dataset_alias_example_alias_producer_with_no_taskflow', 'dataset_alias_example_alias_consumer_with_no_taskflow', 'dataset_s3_bucket_producer_with_no_taskflow', 'dataset_s3_bucket_consumer_with_no_taskflow' retrieved from /home/airflow/.local/lib/python3.12/site-packages/airflow/example_dags/example_dataset_alias_with_no_taskflow.py
[2025-07-06T04:40:48.685+0000] {logging_mixin.py:190} INFO - [2025-07-06T04:40:48.684+0000] {dag.py:3239} INFO - Sync 4 DAGs
[2025-07-06T04:40:48.705+0000] {logging_mixin.py:190} INFO - [2025-07-06T04:40:48.705+0000] {dag.py:4180} INFO - Setting next_dagrun for dataset_alias_example_alias_consumer_with_no_taskflow to None, run_after=None
[2025-07-06T04:40:48.707+0000] {logging_mixin.py:190} INFO - [2025-07-06T04:40:48.707+0000] {dag.py:4180} INFO - Setting next_dagrun for dataset_alias_example_alias_producer_with_no_taskflow to None, run_after=None
[2025-07-06T04:40:48.709+0000] {logging_mixin.py:190} INFO - [2025-07-06T04:40:48.708+0000] {dag.py:4180} INFO - Setting next_dagrun for dataset_s3_bucket_consumer_with_no_taskflow to None, run_after=None
[2025-07-06T04:40:48.710+0000] {logging_mixin.py:190} INFO - [2025-07-06T04:40:48.710+0000] {dag.py:4180} INFO - Setting next_dagrun for dataset_s3_bucket_producer_with_no_taskflow to None, run_after=None
[2025-07-06T04:40:48.727+0000] {processor.py:208} INFO - Processing /home/airflow/.local/lib/python3.12/site-packages/airflow/example_dags/example_dataset_alias_with_no_taskflow.py took 0.659 seconds
[2025-07-06T04:41:18.999+0000] {processor.py:186} INFO - Started process (PID=996) to work on /home/airflow/.local/lib/python3.12/site-packages/airflow/example_dags/example_dataset_alias_with_no_taskflow.py
[2025-07-06T04:41:19.002+0000] {processor.py:914} INFO - Processing file /home/airflow/.local/lib/python3.12/site-packages/airflow/example_dags/example_dataset_alias_with_no_taskflow.py for tasks to queue
[2025-07-06T04:41:19.007+0000] {logging_mixin.py:190} INFO - [2025-07-06T04:41:19.006+0000] {dagbag.py:588} INFO - Filling up the DagBag from /home/airflow/.local/lib/python3.12/site-packages/airflow/example_dags/example_dataset_alias_with_no_taskflow.py
[2025-07-06T04:41:20.595+0000] {processor.py:925} INFO - DAG(s) 'dataset_s3_bucket_consumer_with_no_taskflow', 'dataset_alias_example_alias_producer_with_no_taskflow', 'dataset_s3_bucket_producer_with_no_taskflow', 'dataset_alias_example_alias_consumer_with_no_taskflow' retrieved from /home/airflow/.local/lib/python3.12/site-packages/airflow/example_dags/example_dataset_alias_with_no_taskflow.py
[2025-07-06T04:41:20.666+0000] {logging_mixin.py:190} INFO - [2025-07-06T04:41:20.665+0000] {dag.py:3239} INFO - Sync 4 DAGs
[2025-07-06T04:41:20.806+0000] {logging_mixin.py:190} INFO - [2025-07-06T04:41:20.806+0000] {dag.py:4180} INFO - Setting next_dagrun for dataset_alias_example_alias_consumer_with_no_taskflow to None, run_after=None
[2025-07-06T04:41:20.831+0000] {logging_mixin.py:190} INFO - [2025-07-06T04:41:20.830+0000] {dag.py:4180} INFO - Setting next_dagrun for dataset_alias_example_alias_producer_with_no_taskflow to None, run_after=None
[2025-07-06T04:41:20.857+0000] {logging_mixin.py:190} INFO - [2025-07-06T04:41:20.850+0000] {dag.py:4180} INFO - Setting next_dagrun for dataset_s3_bucket_consumer_with_no_taskflow to None, run_after=None
[2025-07-06T04:41:20.870+0000] {logging_mixin.py:190} INFO - [2025-07-06T04:41:20.870+0000] {dag.py:4180} INFO - Setting next_dagrun for dataset_s3_bucket_producer_with_no_taskflow to None, run_after=None
[2025-07-06T04:41:20.974+0000] {processor.py:208} INFO - Processing /home/airflow/.local/lib/python3.12/site-packages/airflow/example_dags/example_dataset_alias_with_no_taskflow.py took 1.990 seconds
[2025-07-06T04:41:51.938+0000] {processor.py:186} INFO - Started process (PID=1060) to work on /home/airflow/.local/lib/python3.12/site-packages/airflow/example_dags/example_dataset_alias_with_no_taskflow.py
[2025-07-06T04:41:51.939+0000] {processor.py:914} INFO - Processing file /home/airflow/.local/lib/python3.12/site-packages/airflow/example_dags/example_dataset_alias_with_no_taskflow.py for tasks to queue
[2025-07-06T04:41:51.941+0000] {logging_mixin.py:190} INFO - [2025-07-06T04:41:51.941+0000] {dagbag.py:588} INFO - Filling up the DagBag from /home/airflow/.local/lib/python3.12/site-packages/airflow/example_dags/example_dataset_alias_with_no_taskflow.py
[2025-07-06T04:41:53.737+0000] {processor.py:925} INFO - DAG(s) 'dataset_alias_example_alias_producer_with_no_taskflow', 'dataset_alias_example_alias_consumer_with_no_taskflow', 'dataset_s3_bucket_consumer_with_no_taskflow', 'dataset_s3_bucket_producer_with_no_taskflow' retrieved from /home/airflow/.local/lib/python3.12/site-packages/airflow/example_dags/example_dataset_alias_with_no_taskflow.py
[2025-07-06T04:41:53.808+0000] {logging_mixin.py:190} INFO - [2025-07-06T04:41:53.807+0000] {dag.py:3239} INFO - Sync 4 DAGs
[2025-07-06T04:41:53.838+0000] {logging_mixin.py:190} INFO - [2025-07-06T04:41:53.837+0000] {dag.py:4180} INFO - Setting next_dagrun for dataset_alias_example_alias_consumer_with_no_taskflow to None, run_after=None
[2025-07-06T04:41:53.841+0000] {logging_mixin.py:190} INFO - [2025-07-06T04:41:53.841+0000] {dag.py:4180} INFO - Setting next_dagrun for dataset_alias_example_alias_producer_with_no_taskflow to None, run_after=None
[2025-07-06T04:41:53.844+0000] {logging_mixin.py:190} INFO - [2025-07-06T04:41:53.844+0000] {dag.py:4180} INFO - Setting next_dagrun for dataset_s3_bucket_consumer_with_no_taskflow to None, run_after=None
[2025-07-06T04:41:53.848+0000] {logging_mixin.py:190} INFO - [2025-07-06T04:41:53.847+0000] {dag.py:4180} INFO - Setting next_dagrun for dataset_s3_bucket_producer_with_no_taskflow to None, run_after=None
[2025-07-06T04:41:53.903+0000] {processor.py:208} INFO - Processing /home/airflow/.local/lib/python3.12/site-packages/airflow/example_dags/example_dataset_alias_with_no_taskflow.py took 1.972 seconds
[2025-07-06T04:42:25.027+0000] {processor.py:186} INFO - Started process (PID=1123) to work on /home/airflow/.local/lib/python3.12/site-packages/airflow/example_dags/example_dataset_alias_with_no_taskflow.py
[2025-07-06T04:42:25.030+0000] {processor.py:914} INFO - Processing file /home/airflow/.local/lib/python3.12/site-packages/airflow/example_dags/example_dataset_alias_with_no_taskflow.py for tasks to queue
[2025-07-06T04:42:25.037+0000] {logging_mixin.py:190} INFO - [2025-07-06T04:42:25.037+0000] {dagbag.py:588} INFO - Filling up the DagBag from /home/airflow/.local/lib/python3.12/site-packages/airflow/example_dags/example_dataset_alias_with_no_taskflow.py
[2025-07-06T04:42:26.049+0000] {processor.py:925} INFO - DAG(s) 'dataset_alias_example_alias_consumer_with_no_taskflow', 'dataset_s3_bucket_consumer_with_no_taskflow', 'dataset_alias_example_alias_producer_with_no_taskflow', 'dataset_s3_bucket_producer_with_no_taskflow' retrieved from /home/airflow/.local/lib/python3.12/site-packages/airflow/example_dags/example_dataset_alias_with_no_taskflow.py
[2025-07-06T04:42:26.077+0000] {logging_mixin.py:190} INFO - [2025-07-06T04:42:26.076+0000] {dag.py:3239} INFO - Sync 4 DAGs
[2025-07-06T04:42:26.110+0000] {logging_mixin.py:190} INFO - [2025-07-06T04:42:26.110+0000] {dag.py:4180} INFO - Setting next_dagrun for dataset_alias_example_alias_consumer_with_no_taskflow to None, run_after=None
[2025-07-06T04:42:26.116+0000] {logging_mixin.py:190} INFO - [2025-07-06T04:42:26.115+0000] {dag.py:4180} INFO - Setting next_dagrun for dataset_alias_example_alias_producer_with_no_taskflow to None, run_after=None
[2025-07-06T04:42:26.117+0000] {logging_mixin.py:190} INFO - [2025-07-06T04:42:26.117+0000] {dag.py:4180} INFO - Setting next_dagrun for dataset_s3_bucket_consumer_with_no_taskflow to None, run_after=None
[2025-07-06T04:42:26.119+0000] {logging_mixin.py:190} INFO - [2025-07-06T04:42:26.119+0000] {dag.py:4180} INFO - Setting next_dagrun for dataset_s3_bucket_producer_with_no_taskflow to None, run_after=None
[2025-07-06T04:42:26.143+0000] {processor.py:208} INFO - Processing /home/airflow/.local/lib/python3.12/site-packages/airflow/example_dags/example_dataset_alias_with_no_taskflow.py took 1.137 seconds
[2025-07-06T04:42:56.838+0000] {processor.py:186} INFO - Started process (PID=1192) to work on /home/airflow/.local/lib/python3.12/site-packages/airflow/example_dags/example_dataset_alias_with_no_taskflow.py
[2025-07-06T04:42:56.839+0000] {processor.py:914} INFO - Processing file /home/airflow/.local/lib/python3.12/site-packages/airflow/example_dags/example_dataset_alias_with_no_taskflow.py for tasks to queue
[2025-07-06T04:42:56.841+0000] {logging_mixin.py:190} INFO - [2025-07-06T04:42:56.841+0000] {dagbag.py:588} INFO - Filling up the DagBag from /home/airflow/.local/lib/python3.12/site-packages/airflow/example_dags/example_dataset_alias_with_no_taskflow.py
[2025-07-06T04:42:58.300+0000] {processor.py:925} INFO - DAG(s) 'dataset_alias_example_alias_producer_with_no_taskflow', 'dataset_s3_bucket_producer_with_no_taskflow', 'dataset_alias_example_alias_consumer_with_no_taskflow', 'dataset_s3_bucket_consumer_with_no_taskflow' retrieved from /home/airflow/.local/lib/python3.12/site-packages/airflow/example_dags/example_dataset_alias_with_no_taskflow.py
[2025-07-06T04:42:58.370+0000] {logging_mixin.py:190} INFO - [2025-07-06T04:42:58.368+0000] {dag.py:3239} INFO - Sync 4 DAGs
[2025-07-06T04:42:58.433+0000] {logging_mixin.py:190} INFO - [2025-07-06T04:42:58.432+0000] {dag.py:4180} INFO - Setting next_dagrun for dataset_alias_example_alias_consumer_with_no_taskflow to None, run_after=None
[2025-07-06T04:42:58.442+0000] {logging_mixin.py:190} INFO - [2025-07-06T04:42:58.442+0000] {dag.py:4180} INFO - Setting next_dagrun for dataset_alias_example_alias_producer_with_no_taskflow to None, run_after=None
[2025-07-06T04:42:58.448+0000] {logging_mixin.py:190} INFO - [2025-07-06T04:42:58.448+0000] {dag.py:4180} INFO - Setting next_dagrun for dataset_s3_bucket_consumer_with_no_taskflow to None, run_after=None
[2025-07-06T04:42:58.474+0000] {logging_mixin.py:190} INFO - [2025-07-06T04:42:58.474+0000] {dag.py:4180} INFO - Setting next_dagrun for dataset_s3_bucket_producer_with_no_taskflow to None, run_after=None
[2025-07-06T04:42:58.611+0000] {processor.py:208} INFO - Processing /home/airflow/.local/lib/python3.12/site-packages/airflow/example_dags/example_dataset_alias_with_no_taskflow.py took 1.780 seconds
