[2025-07-06T04:34:18.230+0000] {processor.py:186} INFO - Started process (PID=123) to work on /home/airflow/.local/lib/python3.12/site-packages/airflow/example_dags/example_trigger_controller_dag.py
[2025-07-06T04:34:18.233+0000] {processor.py:914} INFO - Processing file /home/airflow/.local/lib/python3.12/site-packages/airflow/example_dags/example_trigger_controller_dag.py for tasks to queue
[2025-07-06T04:34:18.247+0000] {logging_mixin.py:190} INFO - [2025-07-06T04:34:18.246+0000] {dagbag.py:588} INFO - Filling up the DagBag from /home/airflow/.local/lib/python3.12/site-packages/airflow/example_dags/example_trigger_controller_dag.py
[2025-07-06T04:34:18.271+0000] {processor.py:925} INFO - DAG(s) 'example_trigger_controller_dag' retrieved from /home/airflow/.local/lib/python3.12/site-packages/airflow/example_dags/example_trigger_controller_dag.py
[2025-07-06T04:34:18.531+0000] {logging_mixin.py:190} INFO - [2025-07-06T04:34:18.530+0000] {override.py:1911} INFO - Created Permission View: can delete on DAG:example_trigger_controller_dag
[2025-07-06T04:34:18.573+0000] {logging_mixin.py:190} INFO - [2025-07-06T04:34:18.573+0000] {override.py:1911} INFO - Created Permission View: can edit on DAG:example_trigger_controller_dag
[2025-07-06T04:34:18.587+0000] {logging_mixin.py:190} INFO - [2025-07-06T04:34:18.587+0000] {override.py:1911} INFO - Created Permission View: can read on DAG:example_trigger_controller_dag
[2025-07-06T04:34:18.609+0000] {logging_mixin.py:190} INFO - [2025-07-06T04:34:18.607+0000] {override.py:1911} INFO - Created Permission View: can delete on DAG Run:example_trigger_controller_dag
[2025-07-06T04:34:18.630+0000] {logging_mixin.py:190} INFO - [2025-07-06T04:34:18.629+0000] {override.py:1911} INFO - Created Permission View: menu access on DAG Run:example_trigger_controller_dag
[2025-07-06T04:34:18.638+0000] {logging_mixin.py:190} INFO - [2025-07-06T04:34:18.638+0000] {override.py:1911} INFO - Created Permission View: can create on DAG Run:example_trigger_controller_dag
[2025-07-06T04:34:18.663+0000] {logging_mixin.py:190} INFO - [2025-07-06T04:34:18.663+0000] {override.py:1911} INFO - Created Permission View: can read on DAG Run:example_trigger_controller_dag
[2025-07-06T04:34:18.667+0000] {logging_mixin.py:190} INFO - [2025-07-06T04:34:18.666+0000] {dag.py:3239} INFO - Sync 1 DAGs
[2025-07-06T04:34:18.732+0000] {logging_mixin.py:190} INFO - [2025-07-06T04:34:18.732+0000] {dag.py:3262} INFO - Creating ORM DAG for example_trigger_controller_dag
[2025-07-06T04:34:18.762+0000] {logging_mixin.py:190} INFO - [2025-07-06T04:34:18.762+0000] {dag.py:4180} INFO - Setting next_dagrun for example_trigger_controller_dag to 2021-01-01 00:00:00+00:00, run_after=2021-01-01 00:00:00+00:00
[2025-07-06T04:34:18.843+0000] {processor.py:208} INFO - Processing /home/airflow/.local/lib/python3.12/site-packages/airflow/example_dags/example_trigger_controller_dag.py took 0.655 seconds
[2025-07-06T04:34:49.205+0000] {processor.py:186} INFO - Started process (PID=186) to work on /home/airflow/.local/lib/python3.12/site-packages/airflow/example_dags/example_trigger_controller_dag.py
[2025-07-06T04:34:49.206+0000] {processor.py:914} INFO - Processing file /home/airflow/.local/lib/python3.12/site-packages/airflow/example_dags/example_trigger_controller_dag.py for tasks to queue
[2025-07-06T04:34:49.208+0000] {logging_mixin.py:190} INFO - [2025-07-06T04:34:49.207+0000] {dagbag.py:588} INFO - Filling up the DagBag from /home/airflow/.local/lib/python3.12/site-packages/airflow/example_dags/example_trigger_controller_dag.py
[2025-07-06T04:34:49.214+0000] {processor.py:925} INFO - DAG(s) 'example_trigger_controller_dag' retrieved from /home/airflow/.local/lib/python3.12/site-packages/airflow/example_dags/example_trigger_controller_dag.py
[2025-07-06T04:34:49.230+0000] {logging_mixin.py:190} INFO - [2025-07-06T04:34:49.230+0000] {dag.py:3239} INFO - Sync 1 DAGs
[2025-07-06T04:34:49.250+0000] {logging_mixin.py:190} INFO - [2025-07-06T04:34:49.250+0000] {dag.py:4180} INFO - Setting next_dagrun for example_trigger_controller_dag to 2021-01-01 00:00:00+00:00, run_after=2021-01-01 00:00:00+00:00
[2025-07-06T04:34:49.267+0000] {processor.py:208} INFO - Processing /home/airflow/.local/lib/python3.12/site-packages/airflow/example_dags/example_trigger_controller_dag.py took 0.066 seconds
[2025-07-06T04:35:21.081+0000] {processor.py:186} INFO - Started process (PID=248) to work on /home/airflow/.local/lib/python3.12/site-packages/airflow/example_dags/example_trigger_controller_dag.py
[2025-07-06T04:35:21.081+0000] {processor.py:914} INFO - Processing file /home/airflow/.local/lib/python3.12/site-packages/airflow/example_dags/example_trigger_controller_dag.py for tasks to queue
[2025-07-06T04:35:21.086+0000] {logging_mixin.py:190} INFO - [2025-07-06T04:35:21.085+0000] {dagbag.py:588} INFO - Filling up the DagBag from /home/airflow/.local/lib/python3.12/site-packages/airflow/example_dags/example_trigger_controller_dag.py
[2025-07-06T04:35:21.101+0000] {processor.py:925} INFO - DAG(s) 'example_trigger_controller_dag' retrieved from /home/airflow/.local/lib/python3.12/site-packages/airflow/example_dags/example_trigger_controller_dag.py
[2025-07-06T04:35:21.149+0000] {logging_mixin.py:190} INFO - [2025-07-06T04:35:21.149+0000] {dag.py:3239} INFO - Sync 1 DAGs
[2025-07-06T04:35:21.205+0000] {logging_mixin.py:190} INFO - [2025-07-06T04:35:21.205+0000] {dag.py:4180} INFO - Setting next_dagrun for example_trigger_controller_dag to 2021-01-01 00:00:00+00:00, run_after=2021-01-01 00:00:00+00:00
[2025-07-06T04:35:21.246+0000] {processor.py:208} INFO - Processing /home/airflow/.local/lib/python3.12/site-packages/airflow/example_dags/example_trigger_controller_dag.py took 0.181 seconds
[2025-07-06T04:35:51.541+0000] {processor.py:186} INFO - Started process (PID=310) to work on /home/airflow/.local/lib/python3.12/site-packages/airflow/example_dags/example_trigger_controller_dag.py
[2025-07-06T04:35:51.542+0000] {processor.py:914} INFO - Processing file /home/airflow/.local/lib/python3.12/site-packages/airflow/example_dags/example_trigger_controller_dag.py for tasks to queue
[2025-07-06T04:35:51.545+0000] {logging_mixin.py:190} INFO - [2025-07-06T04:35:51.545+0000] {dagbag.py:588} INFO - Filling up the DagBag from /home/airflow/.local/lib/python3.12/site-packages/airflow/example_dags/example_trigger_controller_dag.py
[2025-07-06T04:35:51.553+0000] {processor.py:925} INFO - DAG(s) 'example_trigger_controller_dag' retrieved from /home/airflow/.local/lib/python3.12/site-packages/airflow/example_dags/example_trigger_controller_dag.py
[2025-07-06T04:35:51.575+0000] {logging_mixin.py:190} INFO - [2025-07-06T04:35:51.574+0000] {dag.py:3239} INFO - Sync 1 DAGs
[2025-07-06T04:35:51.603+0000] {logging_mixin.py:190} INFO - [2025-07-06T04:35:51.603+0000] {dag.py:4180} INFO - Setting next_dagrun for example_trigger_controller_dag to 2021-01-01 00:00:00+00:00, run_after=2021-01-01 00:00:00+00:00
[2025-07-06T04:35:51.621+0000] {processor.py:208} INFO - Processing /home/airflow/.local/lib/python3.12/site-packages/airflow/example_dags/example_trigger_controller_dag.py took 0.087 seconds
[2025-07-06T04:36:21.919+0000] {processor.py:186} INFO - Started process (PID=373) to work on /home/airflow/.local/lib/python3.12/site-packages/airflow/example_dags/example_trigger_controller_dag.py
[2025-07-06T04:36:21.919+0000] {processor.py:914} INFO - Processing file /home/airflow/.local/lib/python3.12/site-packages/airflow/example_dags/example_trigger_controller_dag.py for tasks to queue
[2025-07-06T04:36:21.924+0000] {logging_mixin.py:190} INFO - [2025-07-06T04:36:21.924+0000] {dagbag.py:588} INFO - Filling up the DagBag from /home/airflow/.local/lib/python3.12/site-packages/airflow/example_dags/example_trigger_controller_dag.py
[2025-07-06T04:36:21.938+0000] {processor.py:925} INFO - DAG(s) 'example_trigger_controller_dag' retrieved from /home/airflow/.local/lib/python3.12/site-packages/airflow/example_dags/example_trigger_controller_dag.py
[2025-07-06T04:36:21.986+0000] {logging_mixin.py:190} INFO - [2025-07-06T04:36:21.985+0000] {dag.py:3239} INFO - Sync 1 DAGs
[2025-07-06T04:36:22.014+0000] {logging_mixin.py:190} INFO - [2025-07-06T04:36:22.013+0000] {dag.py:4180} INFO - Setting next_dagrun for example_trigger_controller_dag to 2021-01-01 00:00:00+00:00, run_after=2021-01-01 00:00:00+00:00
[2025-07-06T04:36:22.035+0000] {processor.py:208} INFO - Processing /home/airflow/.local/lib/python3.12/site-packages/airflow/example_dags/example_trigger_controller_dag.py took 0.125 seconds
[2025-07-06T04:36:52.521+0000] {processor.py:186} INFO - Started process (PID=436) to work on /home/airflow/.local/lib/python3.12/site-packages/airflow/example_dags/example_trigger_controller_dag.py
[2025-07-06T04:36:52.522+0000] {processor.py:914} INFO - Processing file /home/airflow/.local/lib/python3.12/site-packages/airflow/example_dags/example_trigger_controller_dag.py for tasks to queue
[2025-07-06T04:36:52.524+0000] {logging_mixin.py:190} INFO - [2025-07-06T04:36:52.524+0000] {dagbag.py:588} INFO - Filling up the DagBag from /home/airflow/.local/lib/python3.12/site-packages/airflow/example_dags/example_trigger_controller_dag.py
[2025-07-06T04:36:52.532+0000] {processor.py:925} INFO - DAG(s) 'example_trigger_controller_dag' retrieved from /home/airflow/.local/lib/python3.12/site-packages/airflow/example_dags/example_trigger_controller_dag.py
[2025-07-06T04:36:52.554+0000] {logging_mixin.py:190} INFO - [2025-07-06T04:36:52.554+0000] {dag.py:3239} INFO - Sync 1 DAGs
[2025-07-06T04:36:52.584+0000] {logging_mixin.py:190} INFO - [2025-07-06T04:36:52.584+0000] {dag.py:4180} INFO - Setting next_dagrun for example_trigger_controller_dag to 2021-01-01 00:00:00+00:00, run_after=2021-01-01 00:00:00+00:00
[2025-07-06T04:36:52.602+0000] {processor.py:208} INFO - Processing /home/airflow/.local/lib/python3.12/site-packages/airflow/example_dags/example_trigger_controller_dag.py took 0.088 seconds
[2025-07-06T04:37:22.832+0000] {processor.py:186} INFO - Started process (PID=499) to work on /home/airflow/.local/lib/python3.12/site-packages/airflow/example_dags/example_trigger_controller_dag.py
[2025-07-06T04:37:22.834+0000] {processor.py:914} INFO - Processing file /home/airflow/.local/lib/python3.12/site-packages/airflow/example_dags/example_trigger_controller_dag.py for tasks to queue
[2025-07-06T04:37:22.842+0000] {logging_mixin.py:190} INFO - [2025-07-06T04:37:22.841+0000] {dagbag.py:588} INFO - Filling up the DagBag from /home/airflow/.local/lib/python3.12/site-packages/airflow/example_dags/example_trigger_controller_dag.py
[2025-07-06T04:37:22.850+0000] {processor.py:925} INFO - DAG(s) 'example_trigger_controller_dag' retrieved from /home/airflow/.local/lib/python3.12/site-packages/airflow/example_dags/example_trigger_controller_dag.py
[2025-07-06T04:37:22.873+0000] {logging_mixin.py:190} INFO - [2025-07-06T04:37:22.873+0000] {dag.py:3239} INFO - Sync 1 DAGs
[2025-07-06T04:37:22.904+0000] {logging_mixin.py:190} INFO - [2025-07-06T04:37:22.903+0000] {dag.py:4180} INFO - Setting next_dagrun for example_trigger_controller_dag to 2021-01-01 00:00:00+00:00, run_after=2021-01-01 00:00:00+00:00
[2025-07-06T04:37:22.927+0000] {processor.py:208} INFO - Processing /home/airflow/.local/lib/python3.12/site-packages/airflow/example_dags/example_trigger_controller_dag.py took 0.115 seconds
[2025-07-06T04:37:53.078+0000] {processor.py:186} INFO - Started process (PID=561) to work on /home/airflow/.local/lib/python3.12/site-packages/airflow/example_dags/example_trigger_controller_dag.py
[2025-07-06T04:37:53.079+0000] {processor.py:914} INFO - Processing file /home/airflow/.local/lib/python3.12/site-packages/airflow/example_dags/example_trigger_controller_dag.py for tasks to queue
[2025-07-06T04:37:53.082+0000] {logging_mixin.py:190} INFO - [2025-07-06T04:37:53.082+0000] {dagbag.py:588} INFO - Filling up the DagBag from /home/airflow/.local/lib/python3.12/site-packages/airflow/example_dags/example_trigger_controller_dag.py
[2025-07-06T04:37:53.092+0000] {processor.py:925} INFO - DAG(s) 'example_trigger_controller_dag' retrieved from /home/airflow/.local/lib/python3.12/site-packages/airflow/example_dags/example_trigger_controller_dag.py
[2025-07-06T04:37:53.136+0000] {logging_mixin.py:190} INFO - [2025-07-06T04:37:53.136+0000] {dag.py:3239} INFO - Sync 1 DAGs
[2025-07-06T04:37:53.180+0000] {logging_mixin.py:190} INFO - [2025-07-06T04:37:53.179+0000] {dag.py:4180} INFO - Setting next_dagrun for example_trigger_controller_dag to 2021-01-01 00:00:00+00:00, run_after=2021-01-01 00:00:00+00:00
[2025-07-06T04:37:53.198+0000] {processor.py:208} INFO - Processing /home/airflow/.local/lib/python3.12/site-packages/airflow/example_dags/example_trigger_controller_dag.py took 0.137 seconds
[2025-07-06T04:38:23.295+0000] {processor.py:186} INFO - Started process (PID=624) to work on /home/airflow/.local/lib/python3.12/site-packages/airflow/example_dags/example_trigger_controller_dag.py
[2025-07-06T04:38:23.296+0000] {processor.py:914} INFO - Processing file /home/airflow/.local/lib/python3.12/site-packages/airflow/example_dags/example_trigger_controller_dag.py for tasks to queue
[2025-07-06T04:38:23.309+0000] {logging_mixin.py:190} INFO - [2025-07-06T04:38:23.309+0000] {dagbag.py:588} INFO - Filling up the DagBag from /home/airflow/.local/lib/python3.12/site-packages/airflow/example_dags/example_trigger_controller_dag.py
[2025-07-06T04:38:23.330+0000] {processor.py:925} INFO - DAG(s) 'example_trigger_controller_dag' retrieved from /home/airflow/.local/lib/python3.12/site-packages/airflow/example_dags/example_trigger_controller_dag.py
[2025-07-06T04:38:23.371+0000] {logging_mixin.py:190} INFO - [2025-07-06T04:38:23.371+0000] {dag.py:3239} INFO - Sync 1 DAGs
[2025-07-06T04:38:23.400+0000] {logging_mixin.py:190} INFO - [2025-07-06T04:38:23.400+0000] {dag.py:4180} INFO - Setting next_dagrun for example_trigger_controller_dag to 2021-01-01 00:00:00+00:00, run_after=2021-01-01 00:00:00+00:00
[2025-07-06T04:38:23.420+0000] {processor.py:208} INFO - Processing /home/airflow/.local/lib/python3.12/site-packages/airflow/example_dags/example_trigger_controller_dag.py took 0.151 seconds
[2025-07-06T04:38:54.062+0000] {processor.py:186} INFO - Started process (PID=688) to work on /home/airflow/.local/lib/python3.12/site-packages/airflow/example_dags/example_trigger_controller_dag.py
[2025-07-06T04:38:54.063+0000] {processor.py:914} INFO - Processing file /home/airflow/.local/lib/python3.12/site-packages/airflow/example_dags/example_trigger_controller_dag.py for tasks to queue
[2025-07-06T04:38:54.066+0000] {logging_mixin.py:190} INFO - [2025-07-06T04:38:54.066+0000] {dagbag.py:588} INFO - Filling up the DagBag from /home/airflow/.local/lib/python3.12/site-packages/airflow/example_dags/example_trigger_controller_dag.py
[2025-07-06T04:38:54.074+0000] {processor.py:925} INFO - DAG(s) 'example_trigger_controller_dag' retrieved from /home/airflow/.local/lib/python3.12/site-packages/airflow/example_dags/example_trigger_controller_dag.py
[2025-07-06T04:38:54.124+0000] {logging_mixin.py:190} INFO - [2025-07-06T04:38:54.124+0000] {dag.py:3239} INFO - Sync 1 DAGs
[2025-07-06T04:38:54.176+0000] {logging_mixin.py:190} INFO - [2025-07-06T04:38:54.175+0000] {dag.py:4180} INFO - Setting next_dagrun for example_trigger_controller_dag to 2021-01-01 00:00:00+00:00, run_after=2021-01-01 00:00:00+00:00
[2025-07-06T04:38:54.197+0000] {processor.py:208} INFO - Processing /home/airflow/.local/lib/python3.12/site-packages/airflow/example_dags/example_trigger_controller_dag.py took 0.142 seconds
[2025-07-06T04:39:24.267+0000] {processor.py:186} INFO - Started process (PID=752) to work on /home/airflow/.local/lib/python3.12/site-packages/airflow/example_dags/example_trigger_controller_dag.py
[2025-07-06T04:39:24.268+0000] {processor.py:914} INFO - Processing file /home/airflow/.local/lib/python3.12/site-packages/airflow/example_dags/example_trigger_controller_dag.py for tasks to queue
[2025-07-06T04:39:24.270+0000] {logging_mixin.py:190} INFO - [2025-07-06T04:39:24.269+0000] {dagbag.py:588} INFO - Filling up the DagBag from /home/airflow/.local/lib/python3.12/site-packages/airflow/example_dags/example_trigger_controller_dag.py
[2025-07-06T04:39:24.276+0000] {processor.py:925} INFO - DAG(s) 'example_trigger_controller_dag' retrieved from /home/airflow/.local/lib/python3.12/site-packages/airflow/example_dags/example_trigger_controller_dag.py
[2025-07-06T04:39:24.292+0000] {logging_mixin.py:190} INFO - [2025-07-06T04:39:24.292+0000] {dag.py:3239} INFO - Sync 1 DAGs
[2025-07-06T04:39:24.313+0000] {logging_mixin.py:190} INFO - [2025-07-06T04:39:24.312+0000] {dag.py:4180} INFO - Setting next_dagrun for example_trigger_controller_dag to 2021-01-01 00:00:00+00:00, run_after=2021-01-01 00:00:00+00:00
[2025-07-06T04:39:24.327+0000] {processor.py:208} INFO - Processing /home/airflow/.local/lib/python3.12/site-packages/airflow/example_dags/example_trigger_controller_dag.py took 0.066 seconds
[2025-07-06T04:39:54.609+0000] {processor.py:186} INFO - Started process (PID=816) to work on /home/airflow/.local/lib/python3.12/site-packages/airflow/example_dags/example_trigger_controller_dag.py
[2025-07-06T04:39:54.610+0000] {processor.py:914} INFO - Processing file /home/airflow/.local/lib/python3.12/site-packages/airflow/example_dags/example_trigger_controller_dag.py for tasks to queue
[2025-07-06T04:39:54.612+0000] {logging_mixin.py:190} INFO - [2025-07-06T04:39:54.612+0000] {dagbag.py:588} INFO - Filling up the DagBag from /home/airflow/.local/lib/python3.12/site-packages/airflow/example_dags/example_trigger_controller_dag.py
[2025-07-06T04:39:54.618+0000] {processor.py:925} INFO - DAG(s) 'example_trigger_controller_dag' retrieved from /home/airflow/.local/lib/python3.12/site-packages/airflow/example_dags/example_trigger_controller_dag.py
[2025-07-06T04:39:54.641+0000] {logging_mixin.py:190} INFO - [2025-07-06T04:39:54.641+0000] {dag.py:3239} INFO - Sync 1 DAGs
[2025-07-06T04:39:54.671+0000] {logging_mixin.py:190} INFO - [2025-07-06T04:39:54.670+0000] {dag.py:4180} INFO - Setting next_dagrun for example_trigger_controller_dag to 2021-01-01 00:00:00+00:00, run_after=2021-01-01 00:00:00+00:00
[2025-07-06T04:39:54.704+0000] {processor.py:208} INFO - Processing /home/airflow/.local/lib/python3.12/site-packages/airflow/example_dags/example_trigger_controller_dag.py took 0.100 seconds
[2025-07-06T04:40:25.187+0000] {processor.py:186} INFO - Started process (PID=880) to work on /home/airflow/.local/lib/python3.12/site-packages/airflow/example_dags/example_trigger_controller_dag.py
[2025-07-06T04:40:25.188+0000] {processor.py:914} INFO - Processing file /home/airflow/.local/lib/python3.12/site-packages/airflow/example_dags/example_trigger_controller_dag.py for tasks to queue
[2025-07-06T04:40:25.190+0000] {logging_mixin.py:190} INFO - [2025-07-06T04:40:25.190+0000] {dagbag.py:588} INFO - Filling up the DagBag from /home/airflow/.local/lib/python3.12/site-packages/airflow/example_dags/example_trigger_controller_dag.py
[2025-07-06T04:40:25.195+0000] {processor.py:925} INFO - DAG(s) 'example_trigger_controller_dag' retrieved from /home/airflow/.local/lib/python3.12/site-packages/airflow/example_dags/example_trigger_controller_dag.py
[2025-07-06T04:40:25.212+0000] {logging_mixin.py:190} INFO - [2025-07-06T04:40:25.212+0000] {dag.py:3239} INFO - Sync 1 DAGs
[2025-07-06T04:40:25.247+0000] {logging_mixin.py:190} INFO - [2025-07-06T04:40:25.247+0000] {dag.py:4180} INFO - Setting next_dagrun for example_trigger_controller_dag to 2021-01-01 00:00:00+00:00, run_after=2021-01-01 00:00:00+00:00
[2025-07-06T04:40:25.269+0000] {processor.py:208} INFO - Processing /home/airflow/.local/lib/python3.12/site-packages/airflow/example_dags/example_trigger_controller_dag.py took 0.087 seconds
[2025-07-06T04:40:55.557+0000] {processor.py:186} INFO - Started process (PID=944) to work on /home/airflow/.local/lib/python3.12/site-packages/airflow/example_dags/example_trigger_controller_dag.py
[2025-07-06T04:40:55.558+0000] {processor.py:914} INFO - Processing file /home/airflow/.local/lib/python3.12/site-packages/airflow/example_dags/example_trigger_controller_dag.py for tasks to queue
[2025-07-06T04:40:55.560+0000] {logging_mixin.py:190} INFO - [2025-07-06T04:40:55.559+0000] {dagbag.py:588} INFO - Filling up the DagBag from /home/airflow/.local/lib/python3.12/site-packages/airflow/example_dags/example_trigger_controller_dag.py
[2025-07-06T04:40:55.565+0000] {processor.py:925} INFO - DAG(s) 'example_trigger_controller_dag' retrieved from /home/airflow/.local/lib/python3.12/site-packages/airflow/example_dags/example_trigger_controller_dag.py
[2025-07-06T04:40:55.582+0000] {logging_mixin.py:190} INFO - [2025-07-06T04:40:55.582+0000] {dag.py:3239} INFO - Sync 1 DAGs
[2025-07-06T04:40:55.602+0000] {logging_mixin.py:190} INFO - [2025-07-06T04:40:55.602+0000] {dag.py:4180} INFO - Setting next_dagrun for example_trigger_controller_dag to 2021-01-01 00:00:00+00:00, run_after=2021-01-01 00:00:00+00:00
[2025-07-06T04:40:55.618+0000] {processor.py:208} INFO - Processing /home/airflow/.local/lib/python3.12/site-packages/airflow/example_dags/example_trigger_controller_dag.py took 0.066 seconds
[2025-07-06T04:41:26.402+0000] {processor.py:186} INFO - Started process (PID=1008) to work on /home/airflow/.local/lib/python3.12/site-packages/airflow/example_dags/example_trigger_controller_dag.py
[2025-07-06T04:41:26.403+0000] {processor.py:914} INFO - Processing file /home/airflow/.local/lib/python3.12/site-packages/airflow/example_dags/example_trigger_controller_dag.py for tasks to queue
[2025-07-06T04:41:26.406+0000] {logging_mixin.py:190} INFO - [2025-07-06T04:41:26.405+0000] {dagbag.py:588} INFO - Filling up the DagBag from /home/airflow/.local/lib/python3.12/site-packages/airflow/example_dags/example_trigger_controller_dag.py
[2025-07-06T04:41:26.413+0000] {processor.py:925} INFO - DAG(s) 'example_trigger_controller_dag' retrieved from /home/airflow/.local/lib/python3.12/site-packages/airflow/example_dags/example_trigger_controller_dag.py
[2025-07-06T04:41:26.434+0000] {logging_mixin.py:190} INFO - [2025-07-06T04:41:26.433+0000] {dag.py:3239} INFO - Sync 1 DAGs
[2025-07-06T04:41:26.460+0000] {logging_mixin.py:190} INFO - [2025-07-06T04:41:26.459+0000] {dag.py:4180} INFO - Setting next_dagrun for example_trigger_controller_dag to 2021-01-01 00:00:00+00:00, run_after=2021-01-01 00:00:00+00:00
[2025-07-06T04:41:26.478+0000] {processor.py:208} INFO - Processing /home/airflow/.local/lib/python3.12/site-packages/airflow/example_dags/example_trigger_controller_dag.py took 0.082 seconds
[2025-07-06T04:41:56.805+0000] {processor.py:186} INFO - Started process (PID=1071) to work on /home/airflow/.local/lib/python3.12/site-packages/airflow/example_dags/example_trigger_controller_dag.py
[2025-07-06T04:41:56.807+0000] {processor.py:914} INFO - Processing file /home/airflow/.local/lib/python3.12/site-packages/airflow/example_dags/example_trigger_controller_dag.py for tasks to queue
[2025-07-06T04:41:56.821+0000] {logging_mixin.py:190} INFO - [2025-07-06T04:41:56.821+0000] {dagbag.py:588} INFO - Filling up the DagBag from /home/airflow/.local/lib/python3.12/site-packages/airflow/example_dags/example_trigger_controller_dag.py
[2025-07-06T04:41:56.833+0000] {processor.py:925} INFO - DAG(s) 'example_trigger_controller_dag' retrieved from /home/airflow/.local/lib/python3.12/site-packages/airflow/example_dags/example_trigger_controller_dag.py
[2025-07-06T04:41:56.857+0000] {logging_mixin.py:190} INFO - [2025-07-06T04:41:56.857+0000] {dag.py:3239} INFO - Sync 1 DAGs
[2025-07-06T04:41:56.886+0000] {logging_mixin.py:190} INFO - [2025-07-06T04:41:56.886+0000] {dag.py:4180} INFO - Setting next_dagrun for example_trigger_controller_dag to 2021-01-01 00:00:00+00:00, run_after=2021-01-01 00:00:00+00:00
[2025-07-06T04:41:56.905+0000] {processor.py:208} INFO - Processing /home/airflow/.local/lib/python3.12/site-packages/airflow/example_dags/example_trigger_controller_dag.py took 0.112 seconds
[2025-07-06T04:42:27.673+0000] {processor.py:186} INFO - Started process (PID=1134) to work on /home/airflow/.local/lib/python3.12/site-packages/airflow/example_dags/example_trigger_controller_dag.py
[2025-07-06T04:42:27.676+0000] {processor.py:914} INFO - Processing file /home/airflow/.local/lib/python3.12/site-packages/airflow/example_dags/example_trigger_controller_dag.py for tasks to queue
[2025-07-06T04:42:27.684+0000] {logging_mixin.py:190} INFO - [2025-07-06T04:42:27.683+0000] {dagbag.py:588} INFO - Filling up the DagBag from /home/airflow/.local/lib/python3.12/site-packages/airflow/example_dags/example_trigger_controller_dag.py
[2025-07-06T04:42:27.711+0000] {processor.py:925} INFO - DAG(s) 'example_trigger_controller_dag' retrieved from /home/airflow/.local/lib/python3.12/site-packages/airflow/example_dags/example_trigger_controller_dag.py
[2025-07-06T04:42:27.816+0000] {logging_mixin.py:190} INFO - [2025-07-06T04:42:27.816+0000] {dag.py:3239} INFO - Sync 1 DAGs
[2025-07-06T04:42:27.941+0000] {logging_mixin.py:190} INFO - [2025-07-06T04:42:27.940+0000] {dag.py:4180} INFO - Setting next_dagrun for example_trigger_controller_dag to 2021-01-01 00:00:00+00:00, run_after=2021-01-01 00:00:00+00:00
[2025-07-06T04:42:28.034+0000] {processor.py:208} INFO - Processing /home/airflow/.local/lib/python3.12/site-packages/airflow/example_dags/example_trigger_controller_dag.py took 0.382 seconds
[2025-07-06T04:42:58.674+0000] {processor.py:186} INFO - Started process (PID=1198) to work on /home/airflow/.local/lib/python3.12/site-packages/airflow/example_dags/example_trigger_controller_dag.py
[2025-07-06T04:42:58.677+0000] {processor.py:914} INFO - Processing file /home/airflow/.local/lib/python3.12/site-packages/airflow/example_dags/example_trigger_controller_dag.py for tasks to queue
[2025-07-06T04:42:58.680+0000] {logging_mixin.py:190} INFO - [2025-07-06T04:42:58.679+0000] {dagbag.py:588} INFO - Filling up the DagBag from /home/airflow/.local/lib/python3.12/site-packages/airflow/example_dags/example_trigger_controller_dag.py
[2025-07-06T04:42:58.689+0000] {processor.py:925} INFO - DAG(s) 'example_trigger_controller_dag' retrieved from /home/airflow/.local/lib/python3.12/site-packages/airflow/example_dags/example_trigger_controller_dag.py
[2025-07-06T04:42:58.711+0000] {logging_mixin.py:190} INFO - [2025-07-06T04:42:58.711+0000] {dag.py:3239} INFO - Sync 1 DAGs
[2025-07-06T04:42:58.738+0000] {logging_mixin.py:190} INFO - [2025-07-06T04:42:58.738+0000] {dag.py:4180} INFO - Setting next_dagrun for example_trigger_controller_dag to 2021-01-01 00:00:00+00:00, run_after=2021-01-01 00:00:00+00:00
[2025-07-06T04:42:58.755+0000] {processor.py:208} INFO - Processing /home/airflow/.local/lib/python3.12/site-packages/airflow/example_dags/example_trigger_controller_dag.py took 0.097 seconds
