[2025-07-06T04:33:33.921+0000] {processor.py:186} INFO - Started process (PID=72) to work on /home/airflow/.local/lib/python3.12/site-packages/airflow/example_dags/example_inlet_event_extra.py
[2025-07-06T04:33:33.922+0000] {processor.py:914} INFO - Processing file /home/airflow/.local/lib/python3.12/site-packages/airflow/example_dags/example_inlet_event_extra.py for tasks to queue
[2025-07-06T04:33:33.933+0000] {logging_mixin.py:190} INFO - [2025-07-06T04:33:33.932+0000] {dagbag.py:588} INFO - Filling up the DagBag from /home/airflow/.local/lib/python3.12/site-packages/airflow/example_dags/example_inlet_event_extra.py
[2025-07-06T04:33:45.670+0000] {processor.py:925} INFO - DAG(s) 'read_dataset_event', 'read_dataset_event_from_classic' retrieved from /home/airflow/.local/lib/python3.12/site-packages/airflow/example_dags/example_inlet_event_extra.py
[2025-07-06T04:33:46.483+0000] {logging_mixin.py:190} INFO - [2025-07-06T04:33:46.482+0000] {override.py:1911} INFO - Created Permission View: can delete on DAG:read_dataset_event
[2025-07-06T04:33:46.516+0000] {logging_mixin.py:190} INFO - [2025-07-06T04:33:46.516+0000] {override.py:1911} INFO - Created Permission View: can edit on DAG:read_dataset_event
[2025-07-06T04:33:46.540+0000] {logging_mixin.py:190} INFO - [2025-07-06T04:33:46.540+0000] {override.py:1911} INFO - Created Permission View: can read on DAG:read_dataset_event
[2025-07-06T04:33:46.568+0000] {logging_mixin.py:190} INFO - [2025-07-06T04:33:46.568+0000] {override.py:1911} INFO - Created Permission View: can delete on DAG Run:read_dataset_event
[2025-07-06T04:33:46.599+0000] {logging_mixin.py:190} INFO - [2025-07-06T04:33:46.598+0000] {override.py:1911} INFO - Created Permission View: menu access on DAG Run:read_dataset_event
[2025-07-06T04:33:46.638+0000] {logging_mixin.py:190} INFO - [2025-07-06T04:33:46.638+0000] {override.py:1911} INFO - Created Permission View: can create on DAG Run:read_dataset_event
[2025-07-06T04:33:46.675+0000] {logging_mixin.py:190} INFO - [2025-07-06T04:33:46.674+0000] {override.py:1911} INFO - Created Permission View: can read on DAG Run:read_dataset_event
[2025-07-06T04:33:46.752+0000] {logging_mixin.py:190} INFO - [2025-07-06T04:33:46.752+0000] {override.py:1911} INFO - Created Permission View: can delete on DAG:read_dataset_event_from_classic
[2025-07-06T04:33:46.784+0000] {logging_mixin.py:190} INFO - [2025-07-06T04:33:46.784+0000] {override.py:1911} INFO - Created Permission View: can edit on DAG:read_dataset_event_from_classic
[2025-07-06T04:33:46.826+0000] {logging_mixin.py:190} INFO - [2025-07-06T04:33:46.826+0000] {override.py:1911} INFO - Created Permission View: can read on DAG:read_dataset_event_from_classic
[2025-07-06T04:33:46.866+0000] {logging_mixin.py:190} INFO - [2025-07-06T04:33:46.865+0000] {override.py:1911} INFO - Created Permission View: can delete on DAG Run:read_dataset_event_from_classic
[2025-07-06T04:33:46.892+0000] {logging_mixin.py:190} INFO - [2025-07-06T04:33:46.891+0000] {override.py:1911} INFO - Created Permission View: menu access on DAG Run:read_dataset_event_from_classic
[2025-07-06T04:33:46.966+0000] {logging_mixin.py:190} INFO - [2025-07-06T04:33:46.966+0000] {override.py:1911} INFO - Created Permission View: can create on DAG Run:read_dataset_event_from_classic
[2025-07-06T04:33:47.094+0000] {logging_mixin.py:190} INFO - [2025-07-06T04:33:47.093+0000] {override.py:1911} INFO - Created Permission View: can read on DAG Run:read_dataset_event_from_classic
[2025-07-06T04:33:47.094+0000] {logging_mixin.py:190} INFO - [2025-07-06T04:33:47.094+0000] {dag.py:3239} INFO - Sync 2 DAGs
[2025-07-06T04:33:47.189+0000] {logging_mixin.py:190} INFO - [2025-07-06T04:33:47.188+0000] {dag.py:3262} INFO - Creating ORM DAG for read_dataset_event_from_classic
[2025-07-06T04:33:47.202+0000] {logging_mixin.py:190} INFO - [2025-07-06T04:33:47.198+0000] {dag.py:3262} INFO - Creating ORM DAG for read_dataset_event
[2025-07-06T04:33:47.328+0000] {logging_mixin.py:190} INFO - [2025-07-06T04:33:47.328+0000] {dag.py:4180} INFO - Setting next_dagrun for read_dataset_event to 2025-07-05 00:00:00+00:00, run_after=2025-07-06 00:00:00+00:00
[2025-07-06T04:33:47.336+0000] {logging_mixin.py:190} INFO - [2025-07-06T04:33:47.336+0000] {dag.py:4180} INFO - Setting next_dagrun for read_dataset_event_from_classic to 2025-07-05 00:00:00+00:00, run_after=2025-07-06 00:00:00+00:00
[2025-07-06T04:33:47.444+0000] {processor.py:208} INFO - Processing /home/airflow/.local/lib/python3.12/site-packages/airflow/example_dags/example_inlet_event_extra.py took 13.563 seconds
[2025-07-06T04:34:21.793+0000] {processor.py:186} INFO - Started process (PID=141) to work on /home/airflow/.local/lib/python3.12/site-packages/airflow/example_dags/example_inlet_event_extra.py
[2025-07-06T04:34:21.795+0000] {processor.py:914} INFO - Processing file /home/airflow/.local/lib/python3.12/site-packages/airflow/example_dags/example_inlet_event_extra.py for tasks to queue
[2025-07-06T04:34:21.797+0000] {logging_mixin.py:190} INFO - [2025-07-06T04:34:21.797+0000] {dagbag.py:588} INFO - Filling up the DagBag from /home/airflow/.local/lib/python3.12/site-packages/airflow/example_dags/example_inlet_event_extra.py
[2025-07-06T04:34:22.693+0000] {processor.py:925} INFO - DAG(s) 'read_dataset_event', 'read_dataset_event_from_classic' retrieved from /home/airflow/.local/lib/python3.12/site-packages/airflow/example_dags/example_inlet_event_extra.py
[2025-07-06T04:34:22.725+0000] {logging_mixin.py:190} INFO - [2025-07-06T04:34:22.725+0000] {dag.py:3239} INFO - Sync 2 DAGs
[2025-07-06T04:34:22.771+0000] {logging_mixin.py:190} INFO - [2025-07-06T04:34:22.771+0000] {dag.py:4180} INFO - Setting next_dagrun for read_dataset_event to 2025-07-05 00:00:00+00:00, run_after=2025-07-06 00:00:00+00:00
[2025-07-06T04:34:22.778+0000] {logging_mixin.py:190} INFO - [2025-07-06T04:34:22.778+0000] {dag.py:4180} INFO - Setting next_dagrun for read_dataset_event_from_classic to 2025-07-05 00:00:00+00:00, run_after=2025-07-06 00:00:00+00:00
[2025-07-06T04:34:22.805+0000] {processor.py:208} INFO - Processing /home/airflow/.local/lib/python3.12/site-packages/airflow/example_dags/example_inlet_event_extra.py took 1.022 seconds
[2025-07-06T04:34:52.902+0000] {processor.py:186} INFO - Started process (PID=208) to work on /home/airflow/.local/lib/python3.12/site-packages/airflow/example_dags/example_inlet_event_extra.py
[2025-07-06T04:34:52.903+0000] {processor.py:914} INFO - Processing file /home/airflow/.local/lib/python3.12/site-packages/airflow/example_dags/example_inlet_event_extra.py for tasks to queue
[2025-07-06T04:34:52.906+0000] {logging_mixin.py:190} INFO - [2025-07-06T04:34:52.905+0000] {dagbag.py:588} INFO - Filling up the DagBag from /home/airflow/.local/lib/python3.12/site-packages/airflow/example_dags/example_inlet_event_extra.py
[2025-07-06T04:34:53.900+0000] {processor.py:925} INFO - DAG(s) 'read_dataset_event', 'read_dataset_event_from_classic' retrieved from /home/airflow/.local/lib/python3.12/site-packages/airflow/example_dags/example_inlet_event_extra.py
[2025-07-06T04:34:53.937+0000] {logging_mixin.py:190} INFO - [2025-07-06T04:34:53.936+0000] {dag.py:3239} INFO - Sync 2 DAGs
[2025-07-06T04:34:53.968+0000] {logging_mixin.py:190} INFO - [2025-07-06T04:34:53.967+0000] {dag.py:4180} INFO - Setting next_dagrun for read_dataset_event to 2025-07-05 00:00:00+00:00, run_after=2025-07-06 00:00:00+00:00
[2025-07-06T04:34:53.974+0000] {logging_mixin.py:190} INFO - [2025-07-06T04:34:53.973+0000] {dag.py:4180} INFO - Setting next_dagrun for read_dataset_event_from_classic to 2025-07-05 00:00:00+00:00, run_after=2025-07-06 00:00:00+00:00
[2025-07-06T04:34:53.994+0000] {processor.py:208} INFO - Processing /home/airflow/.local/lib/python3.12/site-packages/airflow/example_dags/example_inlet_event_extra.py took 1.099 seconds
[2025-07-06T04:35:24.864+0000] {processor.py:186} INFO - Started process (PID=275) to work on /home/airflow/.local/lib/python3.12/site-packages/airflow/example_dags/example_inlet_event_extra.py
[2025-07-06T04:35:24.864+0000] {processor.py:914} INFO - Processing file /home/airflow/.local/lib/python3.12/site-packages/airflow/example_dags/example_inlet_event_extra.py for tasks to queue
[2025-07-06T04:35:24.866+0000] {logging_mixin.py:190} INFO - [2025-07-06T04:35:24.866+0000] {dagbag.py:588} INFO - Filling up the DagBag from /home/airflow/.local/lib/python3.12/site-packages/airflow/example_dags/example_inlet_event_extra.py
[2025-07-06T04:35:26.073+0000] {processor.py:925} INFO - DAG(s) 'read_dataset_event', 'read_dataset_event_from_classic' retrieved from /home/airflow/.local/lib/python3.12/site-packages/airflow/example_dags/example_inlet_event_extra.py
[2025-07-06T04:35:26.148+0000] {logging_mixin.py:190} INFO - [2025-07-06T04:35:26.148+0000] {dag.py:3239} INFO - Sync 2 DAGs
[2025-07-06T04:35:26.206+0000] {logging_mixin.py:190} INFO - [2025-07-06T04:35:26.206+0000] {dag.py:4180} INFO - Setting next_dagrun for read_dataset_event to 2025-07-05 00:00:00+00:00, run_after=2025-07-06 00:00:00+00:00
[2025-07-06T04:35:26.215+0000] {logging_mixin.py:190} INFO - [2025-07-06T04:35:26.215+0000] {dag.py:4180} INFO - Setting next_dagrun for read_dataset_event_from_classic to 2025-07-05 00:00:00+00:00, run_after=2025-07-06 00:00:00+00:00
[2025-07-06T04:35:26.263+0000] {processor.py:208} INFO - Processing /home/airflow/.local/lib/python3.12/site-packages/airflow/example_dags/example_inlet_event_extra.py took 1.405 seconds
[2025-07-06T04:36:00.900+0000] {processor.py:186} INFO - Started process (PID=344) to work on /home/airflow/.local/lib/python3.12/site-packages/airflow/example_dags/example_inlet_event_extra.py
[2025-07-06T04:36:00.901+0000] {processor.py:914} INFO - Processing file /home/airflow/.local/lib/python3.12/site-packages/airflow/example_dags/example_inlet_event_extra.py for tasks to queue
[2025-07-06T04:36:00.903+0000] {logging_mixin.py:190} INFO - [2025-07-06T04:36:00.903+0000] {dagbag.py:588} INFO - Filling up the DagBag from /home/airflow/.local/lib/python3.12/site-packages/airflow/example_dags/example_inlet_event_extra.py
[2025-07-06T04:36:01.629+0000] {processor.py:925} INFO - DAG(s) 'read_dataset_event_from_classic', 'read_dataset_event' retrieved from /home/airflow/.local/lib/python3.12/site-packages/airflow/example_dags/example_inlet_event_extra.py
[2025-07-06T04:36:01.650+0000] {logging_mixin.py:190} INFO - [2025-07-06T04:36:01.650+0000] {dag.py:3239} INFO - Sync 2 DAGs
[2025-07-06T04:36:01.676+0000] {logging_mixin.py:190} INFO - [2025-07-06T04:36:01.676+0000] {dag.py:4180} INFO - Setting next_dagrun for read_dataset_event to 2025-07-05 00:00:00+00:00, run_after=2025-07-06 00:00:00+00:00
[2025-07-06T04:36:01.681+0000] {logging_mixin.py:190} INFO - [2025-07-06T04:36:01.681+0000] {dag.py:4180} INFO - Setting next_dagrun for read_dataset_event_from_classic to 2025-07-05 00:00:00+00:00, run_after=2025-07-06 00:00:00+00:00
[2025-07-06T04:36:01.694+0000] {processor.py:208} INFO - Processing /home/airflow/.local/lib/python3.12/site-packages/airflow/example_dags/example_inlet_event_extra.py took 0.800 seconds
[2025-07-06T04:36:33.170+0000] {processor.py:186} INFO - Started process (PID=401) to work on /home/airflow/.local/lib/python3.12/site-packages/airflow/example_dags/example_inlet_event_extra.py
[2025-07-06T04:36:33.173+0000] {processor.py:914} INFO - Processing file /home/airflow/.local/lib/python3.12/site-packages/airflow/example_dags/example_inlet_event_extra.py for tasks to queue
[2025-07-06T04:36:33.178+0000] {logging_mixin.py:190} INFO - [2025-07-06T04:36:33.178+0000] {dagbag.py:588} INFO - Filling up the DagBag from /home/airflow/.local/lib/python3.12/site-packages/airflow/example_dags/example_inlet_event_extra.py
[2025-07-06T04:36:36.352+0000] {processor.py:925} INFO - DAG(s) 'read_dataset_event_from_classic', 'read_dataset_event' retrieved from /home/airflow/.local/lib/python3.12/site-packages/airflow/example_dags/example_inlet_event_extra.py
[2025-07-06T04:36:36.403+0000] {logging_mixin.py:190} INFO - [2025-07-06T04:36:36.403+0000] {dag.py:3239} INFO - Sync 2 DAGs
[2025-07-06T04:36:36.448+0000] {logging_mixin.py:190} INFO - [2025-07-06T04:36:36.448+0000] {dag.py:4180} INFO - Setting next_dagrun for read_dataset_event to 2025-07-05 00:00:00+00:00, run_after=2025-07-06 00:00:00+00:00
[2025-07-06T04:36:36.464+0000] {logging_mixin.py:190} INFO - [2025-07-06T04:36:36.464+0000] {dag.py:4180} INFO - Setting next_dagrun for read_dataset_event_from_classic to 2025-07-05 00:00:00+00:00, run_after=2025-07-06 00:00:00+00:00
[2025-07-06T04:36:36.509+0000] {processor.py:208} INFO - Processing /home/airflow/.local/lib/python3.12/site-packages/airflow/example_dags/example_inlet_event_extra.py took 3.376 seconds
[2025-07-06T04:37:07.126+0000] {processor.py:186} INFO - Started process (PID=468) to work on /home/airflow/.local/lib/python3.12/site-packages/airflow/example_dags/example_inlet_event_extra.py
[2025-07-06T04:37:07.127+0000] {processor.py:914} INFO - Processing file /home/airflow/.local/lib/python3.12/site-packages/airflow/example_dags/example_inlet_event_extra.py for tasks to queue
[2025-07-06T04:37:07.140+0000] {logging_mixin.py:190} INFO - [2025-07-06T04:37:07.134+0000] {dagbag.py:588} INFO - Filling up the DagBag from /home/airflow/.local/lib/python3.12/site-packages/airflow/example_dags/example_inlet_event_extra.py
[2025-07-06T04:37:09.442+0000] {processor.py:925} INFO - DAG(s) 'read_dataset_event_from_classic', 'read_dataset_event' retrieved from /home/airflow/.local/lib/python3.12/site-packages/airflow/example_dags/example_inlet_event_extra.py
[2025-07-06T04:37:09.537+0000] {logging_mixin.py:190} INFO - [2025-07-06T04:37:09.536+0000] {dag.py:3239} INFO - Sync 2 DAGs
[2025-07-06T04:37:09.682+0000] {logging_mixin.py:190} INFO - [2025-07-06T04:37:09.682+0000] {dag.py:4180} INFO - Setting next_dagrun for read_dataset_event to 2025-07-05 00:00:00+00:00, run_after=2025-07-06 00:00:00+00:00
[2025-07-06T04:37:09.703+0000] {logging_mixin.py:190} INFO - [2025-07-06T04:37:09.703+0000] {dag.py:4180} INFO - Setting next_dagrun for read_dataset_event_from_classic to 2025-07-05 00:00:00+00:00, run_after=2025-07-06 00:00:00+00:00
[2025-07-06T04:37:09.764+0000] {processor.py:208} INFO - Processing /home/airflow/.local/lib/python3.12/site-packages/airflow/example_dags/example_inlet_event_extra.py took 2.658 seconds
[2025-07-06T04:37:40.095+0000] {processor.py:186} INFO - Started process (PID=537) to work on /home/airflow/.local/lib/python3.12/site-packages/airflow/example_dags/example_inlet_event_extra.py
[2025-07-06T04:37:40.096+0000] {processor.py:914} INFO - Processing file /home/airflow/.local/lib/python3.12/site-packages/airflow/example_dags/example_inlet_event_extra.py for tasks to queue
[2025-07-06T04:37:40.098+0000] {logging_mixin.py:190} INFO - [2025-07-06T04:37:40.097+0000] {dagbag.py:588} INFO - Filling up the DagBag from /home/airflow/.local/lib/python3.12/site-packages/airflow/example_dags/example_inlet_event_extra.py
[2025-07-06T04:37:40.660+0000] {processor.py:925} INFO - DAG(s) 'read_dataset_event', 'read_dataset_event_from_classic' retrieved from /home/airflow/.local/lib/python3.12/site-packages/airflow/example_dags/example_inlet_event_extra.py
[2025-07-06T04:37:40.677+0000] {logging_mixin.py:190} INFO - [2025-07-06T04:37:40.677+0000] {dag.py:3239} INFO - Sync 2 DAGs
[2025-07-06T04:37:40.700+0000] {logging_mixin.py:190} INFO - [2025-07-06T04:37:40.700+0000] {dag.py:4180} INFO - Setting next_dagrun for read_dataset_event to 2025-07-05 00:00:00+00:00, run_after=2025-07-06 00:00:00+00:00
[2025-07-06T04:37:40.705+0000] {logging_mixin.py:190} INFO - [2025-07-06T04:37:40.704+0000] {dag.py:4180} INFO - Setting next_dagrun for read_dataset_event_from_classic to 2025-07-05 00:00:00+00:00, run_after=2025-07-06 00:00:00+00:00
[2025-07-06T04:37:40.718+0000] {processor.py:208} INFO - Processing /home/airflow/.local/lib/python3.12/site-packages/airflow/example_dags/example_inlet_event_extra.py took 0.628 seconds
[2025-07-06T04:38:11.237+0000] {processor.py:186} INFO - Started process (PID=600) to work on /home/airflow/.local/lib/python3.12/site-packages/airflow/example_dags/example_inlet_event_extra.py
[2025-07-06T04:38:11.237+0000] {processor.py:914} INFO - Processing file /home/airflow/.local/lib/python3.12/site-packages/airflow/example_dags/example_inlet_event_extra.py for tasks to queue
[2025-07-06T04:38:11.240+0000] {logging_mixin.py:190} INFO - [2025-07-06T04:38:11.239+0000] {dagbag.py:588} INFO - Filling up the DagBag from /home/airflow/.local/lib/python3.12/site-packages/airflow/example_dags/example_inlet_event_extra.py
[2025-07-06T04:38:11.875+0000] {processor.py:925} INFO - DAG(s) 'read_dataset_event_from_classic', 'read_dataset_event' retrieved from /home/airflow/.local/lib/python3.12/site-packages/airflow/example_dags/example_inlet_event_extra.py
[2025-07-06T04:38:11.893+0000] {logging_mixin.py:190} INFO - [2025-07-06T04:38:11.893+0000] {dag.py:3239} INFO - Sync 2 DAGs
[2025-07-06T04:38:11.915+0000] {logging_mixin.py:190} INFO - [2025-07-06T04:38:11.915+0000] {dag.py:4180} INFO - Setting next_dagrun for read_dataset_event to 2025-07-05 00:00:00+00:00, run_after=2025-07-06 00:00:00+00:00
[2025-07-06T04:38:11.919+0000] {logging_mixin.py:190} INFO - [2025-07-06T04:38:11.919+0000] {dag.py:4180} INFO - Setting next_dagrun for read_dataset_event_from_classic to 2025-07-05 00:00:00+00:00, run_after=2025-07-06 00:00:00+00:00
[2025-07-06T04:38:11.933+0000] {processor.py:208} INFO - Processing /home/airflow/.local/lib/python3.12/site-packages/airflow/example_dags/example_inlet_event_extra.py took 0.703 seconds
[2025-07-06T04:38:42.916+0000] {processor.py:186} INFO - Started process (PID=665) to work on /home/airflow/.local/lib/python3.12/site-packages/airflow/example_dags/example_inlet_event_extra.py
[2025-07-06T04:38:42.916+0000] {processor.py:914} INFO - Processing file /home/airflow/.local/lib/python3.12/site-packages/airflow/example_dags/example_inlet_event_extra.py for tasks to queue
[2025-07-06T04:38:42.919+0000] {logging_mixin.py:190} INFO - [2025-07-06T04:38:42.919+0000] {dagbag.py:588} INFO - Filling up the DagBag from /home/airflow/.local/lib/python3.12/site-packages/airflow/example_dags/example_inlet_event_extra.py
[2025-07-06T04:38:43.776+0000] {processor.py:925} INFO - DAG(s) 'read_dataset_event_from_classic', 'read_dataset_event' retrieved from /home/airflow/.local/lib/python3.12/site-packages/airflow/example_dags/example_inlet_event_extra.py
[2025-07-06T04:38:43.800+0000] {logging_mixin.py:190} INFO - [2025-07-06T04:38:43.799+0000] {dag.py:3239} INFO - Sync 2 DAGs
[2025-07-06T04:38:43.822+0000] {logging_mixin.py:190} INFO - [2025-07-06T04:38:43.822+0000] {dag.py:4180} INFO - Setting next_dagrun for read_dataset_event to 2025-07-05 00:00:00+00:00, run_after=2025-07-06 00:00:00+00:00
[2025-07-06T04:38:43.827+0000] {logging_mixin.py:190} INFO - [2025-07-06T04:38:43.827+0000] {dag.py:4180} INFO - Setting next_dagrun for read_dataset_event_from_classic to 2025-07-05 00:00:00+00:00, run_after=2025-07-06 00:00:00+00:00
[2025-07-06T04:38:43.841+0000] {processor.py:208} INFO - Processing /home/airflow/.local/lib/python3.12/site-packages/airflow/example_dags/example_inlet_event_extra.py took 0.931 seconds
[2025-07-06T04:39:14.031+0000] {processor.py:186} INFO - Started process (PID=732) to work on /home/airflow/.local/lib/python3.12/site-packages/airflow/example_dags/example_inlet_event_extra.py
[2025-07-06T04:39:14.032+0000] {processor.py:914} INFO - Processing file /home/airflow/.local/lib/python3.12/site-packages/airflow/example_dags/example_inlet_event_extra.py for tasks to queue
[2025-07-06T04:39:14.034+0000] {logging_mixin.py:190} INFO - [2025-07-06T04:39:14.034+0000] {dagbag.py:588} INFO - Filling up the DagBag from /home/airflow/.local/lib/python3.12/site-packages/airflow/example_dags/example_inlet_event_extra.py
[2025-07-06T04:39:14.614+0000] {processor.py:925} INFO - DAG(s) 'read_dataset_event', 'read_dataset_event_from_classic' retrieved from /home/airflow/.local/lib/python3.12/site-packages/airflow/example_dags/example_inlet_event_extra.py
[2025-07-06T04:39:14.633+0000] {logging_mixin.py:190} INFO - [2025-07-06T04:39:14.633+0000] {dag.py:3239} INFO - Sync 2 DAGs
[2025-07-06T04:39:14.655+0000] {logging_mixin.py:190} INFO - [2025-07-06T04:39:14.655+0000] {dag.py:4180} INFO - Setting next_dagrun for read_dataset_event to 2025-07-05 00:00:00+00:00, run_after=2025-07-06 00:00:00+00:00
[2025-07-06T04:39:14.660+0000] {logging_mixin.py:190} INFO - [2025-07-06T04:39:14.659+0000] {dag.py:4180} INFO - Setting next_dagrun for read_dataset_event_from_classic to 2025-07-05 00:00:00+00:00, run_after=2025-07-06 00:00:00+00:00
[2025-07-06T04:39:14.673+0000] {processor.py:208} INFO - Processing /home/airflow/.local/lib/python3.12/site-packages/airflow/example_dags/example_inlet_event_extra.py took 0.649 seconds
[2025-07-06T04:39:45.194+0000] {processor.py:186} INFO - Started process (PID=796) to work on /home/airflow/.local/lib/python3.12/site-packages/airflow/example_dags/example_inlet_event_extra.py
[2025-07-06T04:39:45.194+0000] {processor.py:914} INFO - Processing file /home/airflow/.local/lib/python3.12/site-packages/airflow/example_dags/example_inlet_event_extra.py for tasks to queue
[2025-07-06T04:39:45.197+0000] {logging_mixin.py:190} INFO - [2025-07-06T04:39:45.196+0000] {dagbag.py:588} INFO - Filling up the DagBag from /home/airflow/.local/lib/python3.12/site-packages/airflow/example_dags/example_inlet_event_extra.py
[2025-07-06T04:39:45.786+0000] {processor.py:925} INFO - DAG(s) 'read_dataset_event', 'read_dataset_event_from_classic' retrieved from /home/airflow/.local/lib/python3.12/site-packages/airflow/example_dags/example_inlet_event_extra.py
[2025-07-06T04:39:45.804+0000] {logging_mixin.py:190} INFO - [2025-07-06T04:39:45.804+0000] {dag.py:3239} INFO - Sync 2 DAGs
[2025-07-06T04:39:45.827+0000] {logging_mixin.py:190} INFO - [2025-07-06T04:39:45.827+0000] {dag.py:4180} INFO - Setting next_dagrun for read_dataset_event to 2025-07-05 00:00:00+00:00, run_after=2025-07-06 00:00:00+00:00
[2025-07-06T04:39:45.832+0000] {logging_mixin.py:190} INFO - [2025-07-06T04:39:45.831+0000] {dag.py:4180} INFO - Setting next_dagrun for read_dataset_event_from_classic to 2025-07-05 00:00:00+00:00, run_after=2025-07-06 00:00:00+00:00
[2025-07-06T04:39:45.845+0000] {processor.py:208} INFO - Processing /home/airflow/.local/lib/python3.12/site-packages/airflow/example_dags/example_inlet_event_extra.py took 0.657 seconds
[2025-07-06T04:40:15.960+0000] {processor.py:186} INFO - Started process (PID=861) to work on /home/airflow/.local/lib/python3.12/site-packages/airflow/example_dags/example_inlet_event_extra.py
[2025-07-06T04:40:15.961+0000] {processor.py:914} INFO - Processing file /home/airflow/.local/lib/python3.12/site-packages/airflow/example_dags/example_inlet_event_extra.py for tasks to queue
[2025-07-06T04:40:15.962+0000] {logging_mixin.py:190} INFO - [2025-07-06T04:40:15.962+0000] {dagbag.py:588} INFO - Filling up the DagBag from /home/airflow/.local/lib/python3.12/site-packages/airflow/example_dags/example_inlet_event_extra.py
[2025-07-06T04:40:16.519+0000] {processor.py:925} INFO - DAG(s) 'read_dataset_event', 'read_dataset_event_from_classic' retrieved from /home/airflow/.local/lib/python3.12/site-packages/airflow/example_dags/example_inlet_event_extra.py
[2025-07-06T04:40:16.539+0000] {logging_mixin.py:190} INFO - [2025-07-06T04:40:16.539+0000] {dag.py:3239} INFO - Sync 2 DAGs
[2025-07-06T04:40:16.561+0000] {logging_mixin.py:190} INFO - [2025-07-06T04:40:16.561+0000] {dag.py:4180} INFO - Setting next_dagrun for read_dataset_event to 2025-07-05 00:00:00+00:00, run_after=2025-07-06 00:00:00+00:00
[2025-07-06T04:40:16.566+0000] {logging_mixin.py:190} INFO - [2025-07-06T04:40:16.565+0000] {dag.py:4180} INFO - Setting next_dagrun for read_dataset_event_from_classic to 2025-07-05 00:00:00+00:00, run_after=2025-07-06 00:00:00+00:00
[2025-07-06T04:40:16.579+0000] {processor.py:208} INFO - Processing /home/airflow/.local/lib/python3.12/site-packages/airflow/example_dags/example_inlet_event_extra.py took 0.624 seconds
[2025-07-06T04:40:47.350+0000] {processor.py:186} INFO - Started process (PID=931) to work on /home/airflow/.local/lib/python3.12/site-packages/airflow/example_dags/example_inlet_event_extra.py
[2025-07-06T04:40:47.351+0000] {processor.py:914} INFO - Processing file /home/airflow/.local/lib/python3.12/site-packages/airflow/example_dags/example_inlet_event_extra.py for tasks to queue
[2025-07-06T04:40:47.353+0000] {logging_mixin.py:190} INFO - [2025-07-06T04:40:47.352+0000] {dagbag.py:588} INFO - Filling up the DagBag from /home/airflow/.local/lib/python3.12/site-packages/airflow/example_dags/example_inlet_event_extra.py
[2025-07-06T04:40:47.947+0000] {processor.py:925} INFO - DAG(s) 'read_dataset_event', 'read_dataset_event_from_classic' retrieved from /home/airflow/.local/lib/python3.12/site-packages/airflow/example_dags/example_inlet_event_extra.py
[2025-07-06T04:40:47.977+0000] {logging_mixin.py:190} INFO - [2025-07-06T04:40:47.976+0000] {dag.py:3239} INFO - Sync 2 DAGs
[2025-07-06T04:40:48.015+0000] {logging_mixin.py:190} INFO - [2025-07-06T04:40:48.015+0000] {dag.py:4180} INFO - Setting next_dagrun for read_dataset_event to 2025-07-05 00:00:00+00:00, run_after=2025-07-06 00:00:00+00:00
[2025-07-06T04:40:48.022+0000] {logging_mixin.py:190} INFO - [2025-07-06T04:40:48.022+0000] {dag.py:4180} INFO - Setting next_dagrun for read_dataset_event_from_classic to 2025-07-05 00:00:00+00:00, run_after=2025-07-06 00:00:00+00:00
[2025-07-06T04:40:48.036+0000] {processor.py:208} INFO - Processing /home/airflow/.local/lib/python3.12/site-packages/airflow/example_dags/example_inlet_event_extra.py took 0.691 seconds
[2025-07-06T04:41:18.969+0000] {processor.py:186} INFO - Started process (PID=995) to work on /home/airflow/.local/lib/python3.12/site-packages/airflow/example_dags/example_inlet_event_extra.py
[2025-07-06T04:41:18.970+0000] {processor.py:914} INFO - Processing file /home/airflow/.local/lib/python3.12/site-packages/airflow/example_dags/example_inlet_event_extra.py for tasks to queue
[2025-07-06T04:41:18.974+0000] {logging_mixin.py:190} INFO - [2025-07-06T04:41:18.972+0000] {dagbag.py:588} INFO - Filling up the DagBag from /home/airflow/.local/lib/python3.12/site-packages/airflow/example_dags/example_inlet_event_extra.py
[2025-07-06T04:41:20.754+0000] {processor.py:925} INFO - DAG(s) 'read_dataset_event', 'read_dataset_event_from_classic' retrieved from /home/airflow/.local/lib/python3.12/site-packages/airflow/example_dags/example_inlet_event_extra.py
[2025-07-06T04:41:20.899+0000] {logging_mixin.py:190} INFO - [2025-07-06T04:41:20.895+0000] {dag.py:3239} INFO - Sync 2 DAGs
[2025-07-06T04:41:21.038+0000] {logging_mixin.py:190} INFO - [2025-07-06T04:41:21.037+0000] {dag.py:4180} INFO - Setting next_dagrun for read_dataset_event to 2025-07-05 00:00:00+00:00, run_after=2025-07-06 00:00:00+00:00
[2025-07-06T04:41:21.052+0000] {logging_mixin.py:190} INFO - [2025-07-06T04:41:21.051+0000] {dag.py:4180} INFO - Setting next_dagrun for read_dataset_event_from_classic to 2025-07-05 00:00:00+00:00, run_after=2025-07-06 00:00:00+00:00
[2025-07-06T04:41:21.133+0000] {processor.py:208} INFO - Processing /home/airflow/.local/lib/python3.12/site-packages/airflow/example_dags/example_inlet_event_extra.py took 2.180 seconds
[2025-07-06T04:41:51.924+0000] {processor.py:186} INFO - Started process (PID=1059) to work on /home/airflow/.local/lib/python3.12/site-packages/airflow/example_dags/example_inlet_event_extra.py
[2025-07-06T04:41:51.924+0000] {processor.py:914} INFO - Processing file /home/airflow/.local/lib/python3.12/site-packages/airflow/example_dags/example_inlet_event_extra.py for tasks to queue
[2025-07-06T04:41:51.926+0000] {logging_mixin.py:190} INFO - [2025-07-06T04:41:51.926+0000] {dagbag.py:588} INFO - Filling up the DagBag from /home/airflow/.local/lib/python3.12/site-packages/airflow/example_dags/example_inlet_event_extra.py
[2025-07-06T04:41:53.659+0000] {processor.py:925} INFO - DAG(s) 'read_dataset_event', 'read_dataset_event_from_classic' retrieved from /home/airflow/.local/lib/python3.12/site-packages/airflow/example_dags/example_inlet_event_extra.py
[2025-07-06T04:41:53.711+0000] {logging_mixin.py:190} INFO - [2025-07-06T04:41:53.710+0000] {dag.py:3239} INFO - Sync 2 DAGs
[2025-07-06T04:41:53.747+0000] {logging_mixin.py:190} INFO - [2025-07-06T04:41:53.747+0000] {dag.py:4180} INFO - Setting next_dagrun for read_dataset_event to 2025-07-05 00:00:00+00:00, run_after=2025-07-06 00:00:00+00:00
[2025-07-06T04:41:53.755+0000] {logging_mixin.py:190} INFO - [2025-07-06T04:41:53.754+0000] {dag.py:4180} INFO - Setting next_dagrun for read_dataset_event_from_classic to 2025-07-05 00:00:00+00:00, run_after=2025-07-06 00:00:00+00:00
[2025-07-06T04:41:53.776+0000] {processor.py:208} INFO - Processing /home/airflow/.local/lib/python3.12/site-packages/airflow/example_dags/example_inlet_event_extra.py took 1.858 seconds
[2025-07-06T04:42:23.953+0000] {processor.py:186} INFO - Started process (PID=1122) to work on /home/airflow/.local/lib/python3.12/site-packages/airflow/example_dags/example_inlet_event_extra.py
[2025-07-06T04:42:23.954+0000] {processor.py:914} INFO - Processing file /home/airflow/.local/lib/python3.12/site-packages/airflow/example_dags/example_inlet_event_extra.py for tasks to queue
[2025-07-06T04:42:23.957+0000] {logging_mixin.py:190} INFO - [2025-07-06T04:42:23.956+0000] {dagbag.py:588} INFO - Filling up the DagBag from /home/airflow/.local/lib/python3.12/site-packages/airflow/example_dags/example_inlet_event_extra.py
[2025-07-06T04:42:24.812+0000] {processor.py:925} INFO - DAG(s) 'read_dataset_event_from_classic', 'read_dataset_event' retrieved from /home/airflow/.local/lib/python3.12/site-packages/airflow/example_dags/example_inlet_event_extra.py
[2025-07-06T04:42:24.840+0000] {logging_mixin.py:190} INFO - [2025-07-06T04:42:24.840+0000] {dag.py:3239} INFO - Sync 2 DAGs
[2025-07-06T04:42:24.871+0000] {logging_mixin.py:190} INFO - [2025-07-06T04:42:24.871+0000] {dag.py:4180} INFO - Setting next_dagrun for read_dataset_event to 2025-07-05 00:00:00+00:00, run_after=2025-07-06 00:00:00+00:00
[2025-07-06T04:42:24.878+0000] {logging_mixin.py:190} INFO - [2025-07-06T04:42:24.877+0000] {dag.py:4180} INFO - Setting next_dagrun for read_dataset_event_from_classic to 2025-07-05 00:00:00+00:00, run_after=2025-07-06 00:00:00+00:00
[2025-07-06T04:42:24.914+0000] {processor.py:208} INFO - Processing /home/airflow/.local/lib/python3.12/site-packages/airflow/example_dags/example_inlet_event_extra.py took 0.975 seconds
[2025-07-06T04:42:55.400+0000] {processor.py:186} INFO - Started process (PID=1186) to work on /home/airflow/.local/lib/python3.12/site-packages/airflow/example_dags/example_inlet_event_extra.py
[2025-07-06T04:42:55.402+0000] {processor.py:914} INFO - Processing file /home/airflow/.local/lib/python3.12/site-packages/airflow/example_dags/example_inlet_event_extra.py for tasks to queue
[2025-07-06T04:42:55.409+0000] {logging_mixin.py:190} INFO - [2025-07-06T04:42:55.408+0000] {dagbag.py:588} INFO - Filling up the DagBag from /home/airflow/.local/lib/python3.12/site-packages/airflow/example_dags/example_inlet_event_extra.py
[2025-07-06T04:42:56.685+0000] {processor.py:925} INFO - DAG(s) 'read_dataset_event', 'read_dataset_event_from_classic' retrieved from /home/airflow/.local/lib/python3.12/site-packages/airflow/example_dags/example_inlet_event_extra.py
[2025-07-06T04:42:56.711+0000] {logging_mixin.py:190} INFO - [2025-07-06T04:42:56.710+0000] {dag.py:3239} INFO - Sync 2 DAGs
[2025-07-06T04:42:56.746+0000] {logging_mixin.py:190} INFO - [2025-07-06T04:42:56.746+0000] {dag.py:4180} INFO - Setting next_dagrun for read_dataset_event to 2025-07-05 00:00:00+00:00, run_after=2025-07-06 00:00:00+00:00
[2025-07-06T04:42:56.753+0000] {logging_mixin.py:190} INFO - [2025-07-06T04:42:56.753+0000] {dag.py:4180} INFO - Setting next_dagrun for read_dataset_event_from_classic to 2025-07-05 00:00:00+00:00, run_after=2025-07-06 00:00:00+00:00
[2025-07-06T04:42:56.776+0000] {processor.py:208} INFO - Processing /home/airflow/.local/lib/python3.12/site-packages/airflow/example_dags/example_inlet_event_extra.py took 1.390 seconds
