[2025-07-06T04:34:10.592+0000] {processor.py:186} INFO - Started process (PID=107) to work on /home/airflow/.local/lib/python3.12/site-packages/airflow/example_dags/example_branch_python_dop_operator_3.py
[2025-07-06T04:34:10.603+0000] {processor.py:914} INFO - Processing file /home/airflow/.local/lib/python3.12/site-packages/airflow/example_dags/example_branch_python_dop_operator_3.py for tasks to queue
[2025-07-06T04:34:10.622+0000] {logging_mixin.py:190} INFO - [2025-07-06T04:34:10.617+0000] {dagbag.py:588} INFO - Filling up the DagBag from /home/airflow/.local/lib/python3.12/site-packages/airflow/example_dags/example_branch_python_dop_operator_3.py
[2025-07-06T04:34:10.700+0000] {processor.py:925} INFO - DAG(s) 'example_branch_dop_operator_v3' retrieved from /home/airflow/.local/lib/python3.12/site-packages/airflow/example_dags/example_branch_python_dop_operator_3.py
[2025-07-06T04:34:11.362+0000] {logging_mixin.py:190} INFO - [2025-07-06T04:34:11.361+0000] {override.py:1911} INFO - Created Permission View: can delete on DAG:example_branch_dop_operator_v3
[2025-07-06T04:34:11.388+0000] {logging_mixin.py:190} INFO - [2025-07-06T04:34:11.388+0000] {override.py:1911} INFO - Created Permission View: can edit on DAG:example_branch_dop_operator_v3
[2025-07-06T04:34:11.403+0000] {logging_mixin.py:190} INFO - [2025-07-06T04:34:11.403+0000] {override.py:1911} INFO - Created Permission View: can read on DAG:example_branch_dop_operator_v3
[2025-07-06T04:34:11.418+0000] {logging_mixin.py:190} INFO - [2025-07-06T04:34:11.417+0000] {override.py:1911} INFO - Created Permission View: can delete on DAG Run:example_branch_dop_operator_v3
[2025-07-06T04:34:11.428+0000] {logging_mixin.py:190} INFO - [2025-07-06T04:34:11.428+0000] {override.py:1911} INFO - Created Permission View: menu access on DAG Run:example_branch_dop_operator_v3
[2025-07-06T04:34:11.439+0000] {logging_mixin.py:190} INFO - [2025-07-06T04:34:11.439+0000] {override.py:1911} INFO - Created Permission View: can create on DAG Run:example_branch_dop_operator_v3
[2025-07-06T04:34:11.448+0000] {logging_mixin.py:190} INFO - [2025-07-06T04:34:11.448+0000] {override.py:1911} INFO - Created Permission View: can read on DAG Run:example_branch_dop_operator_v3
[2025-07-06T04:34:11.449+0000] {logging_mixin.py:190} INFO - [2025-07-06T04:34:11.449+0000] {dag.py:3239} INFO - Sync 1 DAGs
[2025-07-06T04:34:11.483+0000] {logging_mixin.py:190} INFO - [2025-07-06T04:34:11.483+0000] {dag.py:3262} INFO - Creating ORM DAG for example_branch_dop_operator_v3
[2025-07-06T04:34:11.504+0000] {logging_mixin.py:190} INFO - [2025-07-06T04:34:11.503+0000] {dag.py:4180} INFO - Setting next_dagrun for example_branch_dop_operator_v3 to 2025-07-06 04:33:00+00:00, run_after=2025-07-06 04:34:00+00:00
[2025-07-06T04:34:11.527+0000] {processor.py:208} INFO - Processing /home/airflow/.local/lib/python3.12/site-packages/airflow/example_dags/example_branch_python_dop_operator_3.py took 0.991 seconds
[2025-07-06T04:34:42.434+0000] {processor.py:186} INFO - Started process (PID=169) to work on /home/airflow/.local/lib/python3.12/site-packages/airflow/example_dags/example_branch_python_dop_operator_3.py
[2025-07-06T04:34:42.435+0000] {processor.py:914} INFO - Processing file /home/airflow/.local/lib/python3.12/site-packages/airflow/example_dags/example_branch_python_dop_operator_3.py for tasks to queue
[2025-07-06T04:34:42.458+0000] {logging_mixin.py:190} INFO - [2025-07-06T04:34:42.458+0000] {dagbag.py:588} INFO - Filling up the DagBag from /home/airflow/.local/lib/python3.12/site-packages/airflow/example_dags/example_branch_python_dop_operator_3.py
[2025-07-06T04:34:42.596+0000] {processor.py:925} INFO - DAG(s) 'example_branch_dop_operator_v3' retrieved from /home/airflow/.local/lib/python3.12/site-packages/airflow/example_dags/example_branch_python_dop_operator_3.py
[2025-07-06T04:34:42.937+0000] {logging_mixin.py:190} INFO - [2025-07-06T04:34:42.936+0000] {dag.py:3239} INFO - Sync 1 DAGs
[2025-07-06T04:34:43.274+0000] {logging_mixin.py:190} INFO - [2025-07-06T04:34:43.274+0000] {dag.py:4180} INFO - Setting next_dagrun for example_branch_dop_operator_v3 to 2025-07-06 04:33:00+00:00, run_after=2025-07-06 04:34:00+00:00
[2025-07-06T04:34:43.593+0000] {processor.py:208} INFO - Processing /home/airflow/.local/lib/python3.12/site-packages/airflow/example_dags/example_branch_python_dop_operator_3.py took 1.216 seconds
[2025-07-06T04:35:14.419+0000] {processor.py:186} INFO - Started process (PID=231) to work on /home/airflow/.local/lib/python3.12/site-packages/airflow/example_dags/example_branch_python_dop_operator_3.py
[2025-07-06T04:35:14.420+0000] {processor.py:914} INFO - Processing file /home/airflow/.local/lib/python3.12/site-packages/airflow/example_dags/example_branch_python_dop_operator_3.py for tasks to queue
[2025-07-06T04:35:14.423+0000] {logging_mixin.py:190} INFO - [2025-07-06T04:35:14.423+0000] {dagbag.py:588} INFO - Filling up the DagBag from /home/airflow/.local/lib/python3.12/site-packages/airflow/example_dags/example_branch_python_dop_operator_3.py
[2025-07-06T04:35:14.441+0000] {processor.py:925} INFO - DAG(s) 'example_branch_dop_operator_v3' retrieved from /home/airflow/.local/lib/python3.12/site-packages/airflow/example_dags/example_branch_python_dop_operator_3.py
[2025-07-06T04:35:14.484+0000] {logging_mixin.py:190} INFO - [2025-07-06T04:35:14.484+0000] {dag.py:3239} INFO - Sync 1 DAGs
[2025-07-06T04:35:14.526+0000] {logging_mixin.py:190} INFO - [2025-07-06T04:35:14.525+0000] {dag.py:4180} INFO - Setting next_dagrun for example_branch_dop_operator_v3 to 2025-07-06 04:34:00+00:00, run_after=2025-07-06 04:35:00+00:00
[2025-07-06T04:35:14.579+0000] {processor.py:208} INFO - Processing /home/airflow/.local/lib/python3.12/site-packages/airflow/example_dags/example_branch_python_dop_operator_3.py took 0.166 seconds
[2025-07-06T04:35:44.981+0000] {processor.py:186} INFO - Started process (PID=293) to work on /home/airflow/.local/lib/python3.12/site-packages/airflow/example_dags/example_branch_python_dop_operator_3.py
[2025-07-06T04:35:44.982+0000] {processor.py:914} INFO - Processing file /home/airflow/.local/lib/python3.12/site-packages/airflow/example_dags/example_branch_python_dop_operator_3.py for tasks to queue
[2025-07-06T04:35:44.985+0000] {logging_mixin.py:190} INFO - [2025-07-06T04:35:44.984+0000] {dagbag.py:588} INFO - Filling up the DagBag from /home/airflow/.local/lib/python3.12/site-packages/airflow/example_dags/example_branch_python_dop_operator_3.py
[2025-07-06T04:35:44.996+0000] {processor.py:925} INFO - DAG(s) 'example_branch_dop_operator_v3' retrieved from /home/airflow/.local/lib/python3.12/site-packages/airflow/example_dags/example_branch_python_dop_operator_3.py
[2025-07-06T04:35:45.019+0000] {logging_mixin.py:190} INFO - [2025-07-06T04:35:45.019+0000] {dag.py:3239} INFO - Sync 1 DAGs
[2025-07-06T04:35:45.053+0000] {logging_mixin.py:190} INFO - [2025-07-06T04:35:45.053+0000] {dag.py:4180} INFO - Setting next_dagrun for example_branch_dop_operator_v3 to 2025-07-06 04:34:00+00:00, run_after=2025-07-06 04:35:00+00:00
[2025-07-06T04:35:45.073+0000] {processor.py:208} INFO - Processing /home/airflow/.local/lib/python3.12/site-packages/airflow/example_dags/example_branch_python_dop_operator_3.py took 0.100 seconds
[2025-07-06T04:36:15.377+0000] {processor.py:186} INFO - Started process (PID=356) to work on /home/airflow/.local/lib/python3.12/site-packages/airflow/example_dags/example_branch_python_dop_operator_3.py
[2025-07-06T04:36:15.377+0000] {processor.py:914} INFO - Processing file /home/airflow/.local/lib/python3.12/site-packages/airflow/example_dags/example_branch_python_dop_operator_3.py for tasks to queue
[2025-07-06T04:36:15.380+0000] {logging_mixin.py:190} INFO - [2025-07-06T04:36:15.380+0000] {dagbag.py:588} INFO - Filling up the DagBag from /home/airflow/.local/lib/python3.12/site-packages/airflow/example_dags/example_branch_python_dop_operator_3.py
[2025-07-06T04:36:15.392+0000] {processor.py:925} INFO - DAG(s) 'example_branch_dop_operator_v3' retrieved from /home/airflow/.local/lib/python3.12/site-packages/airflow/example_dags/example_branch_python_dop_operator_3.py
[2025-07-06T04:36:15.416+0000] {logging_mixin.py:190} INFO - [2025-07-06T04:36:15.416+0000] {dag.py:3239} INFO - Sync 1 DAGs
[2025-07-06T04:36:15.450+0000] {logging_mixin.py:190} INFO - [2025-07-06T04:36:15.450+0000] {dag.py:4180} INFO - Setting next_dagrun for example_branch_dop_operator_v3 to 2025-07-06 04:35:00+00:00, run_after=2025-07-06 04:36:00+00:00
[2025-07-06T04:36:15.469+0000] {processor.py:208} INFO - Processing /home/airflow/.local/lib/python3.12/site-packages/airflow/example_dags/example_branch_python_dop_operator_3.py took 0.099 seconds
[2025-07-06T04:36:45.745+0000] {processor.py:186} INFO - Started process (PID=419) to work on /home/airflow/.local/lib/python3.12/site-packages/airflow/example_dags/example_branch_python_dop_operator_3.py
[2025-07-06T04:36:45.746+0000] {processor.py:914} INFO - Processing file /home/airflow/.local/lib/python3.12/site-packages/airflow/example_dags/example_branch_python_dop_operator_3.py for tasks to queue
[2025-07-06T04:36:45.749+0000] {logging_mixin.py:190} INFO - [2025-07-06T04:36:45.748+0000] {dagbag.py:588} INFO - Filling up the DagBag from /home/airflow/.local/lib/python3.12/site-packages/airflow/example_dags/example_branch_python_dop_operator_3.py
[2025-07-06T04:36:45.760+0000] {processor.py:925} INFO - DAG(s) 'example_branch_dop_operator_v3' retrieved from /home/airflow/.local/lib/python3.12/site-packages/airflow/example_dags/example_branch_python_dop_operator_3.py
[2025-07-06T04:36:45.784+0000] {logging_mixin.py:190} INFO - [2025-07-06T04:36:45.783+0000] {dag.py:3239} INFO - Sync 1 DAGs
[2025-07-06T04:36:45.818+0000] {logging_mixin.py:190} INFO - [2025-07-06T04:36:45.818+0000] {dag.py:4180} INFO - Setting next_dagrun for example_branch_dop_operator_v3 to 2025-07-06 04:35:00+00:00, run_after=2025-07-06 04:36:00+00:00
[2025-07-06T04:36:45.838+0000] {processor.py:208} INFO - Processing /home/airflow/.local/lib/python3.12/site-packages/airflow/example_dags/example_branch_python_dop_operator_3.py took 0.099 seconds
[2025-07-06T04:37:16.026+0000] {processor.py:186} INFO - Started process (PID=482) to work on /home/airflow/.local/lib/python3.12/site-packages/airflow/example_dags/example_branch_python_dop_operator_3.py
[2025-07-06T04:37:16.027+0000] {processor.py:914} INFO - Processing file /home/airflow/.local/lib/python3.12/site-packages/airflow/example_dags/example_branch_python_dop_operator_3.py for tasks to queue
[2025-07-06T04:37:16.030+0000] {logging_mixin.py:190} INFO - [2025-07-06T04:37:16.029+0000] {dagbag.py:588} INFO - Filling up the DagBag from /home/airflow/.local/lib/python3.12/site-packages/airflow/example_dags/example_branch_python_dop_operator_3.py
[2025-07-06T04:37:16.043+0000] {processor.py:925} INFO - DAG(s) 'example_branch_dop_operator_v3' retrieved from /home/airflow/.local/lib/python3.12/site-packages/airflow/example_dags/example_branch_python_dop_operator_3.py
[2025-07-06T04:37:16.083+0000] {logging_mixin.py:190} INFO - [2025-07-06T04:37:16.082+0000] {dag.py:3239} INFO - Sync 1 DAGs
[2025-07-06T04:37:16.145+0000] {logging_mixin.py:190} INFO - [2025-07-06T04:37:16.144+0000] {dag.py:4180} INFO - Setting next_dagrun for example_branch_dop_operator_v3 to 2025-07-06 04:36:00+00:00, run_after=2025-07-06 04:37:00+00:00
[2025-07-06T04:37:16.195+0000] {processor.py:208} INFO - Processing /home/airflow/.local/lib/python3.12/site-packages/airflow/example_dags/example_branch_python_dop_operator_3.py took 0.175 seconds
[2025-07-06T04:37:46.978+0000] {processor.py:186} INFO - Started process (PID=551) to work on /home/airflow/.local/lib/python3.12/site-packages/airflow/example_dags/example_branch_python_dop_operator_3.py
[2025-07-06T04:37:46.982+0000] {processor.py:914} INFO - Processing file /home/airflow/.local/lib/python3.12/site-packages/airflow/example_dags/example_branch_python_dop_operator_3.py for tasks to queue
[2025-07-06T04:37:46.991+0000] {logging_mixin.py:190} INFO - [2025-07-06T04:37:46.987+0000] {dagbag.py:588} INFO - Filling up the DagBag from /home/airflow/.local/lib/python3.12/site-packages/airflow/example_dags/example_branch_python_dop_operator_3.py
[2025-07-06T04:37:47.028+0000] {processor.py:925} INFO - DAG(s) 'example_branch_dop_operator_v3' retrieved from /home/airflow/.local/lib/python3.12/site-packages/airflow/example_dags/example_branch_python_dop_operator_3.py
[2025-07-06T04:37:47.234+0000] {logging_mixin.py:190} INFO - [2025-07-06T04:37:47.233+0000] {dag.py:3239} INFO - Sync 1 DAGs
[2025-07-06T04:37:47.351+0000] {logging_mixin.py:190} INFO - [2025-07-06T04:37:47.351+0000] {dag.py:4180} INFO - Setting next_dagrun for example_branch_dop_operator_v3 to 2025-07-06 04:36:00+00:00, run_after=2025-07-06 04:37:00+00:00
[2025-07-06T04:37:47.514+0000] {processor.py:208} INFO - Processing /home/airflow/.local/lib/python3.12/site-packages/airflow/example_dags/example_branch_python_dop_operator_3.py took 0.562 seconds
[2025-07-06T04:38:17.978+0000] {processor.py:186} INFO - Started process (PID=614) to work on /home/airflow/.local/lib/python3.12/site-packages/airflow/example_dags/example_branch_python_dop_operator_3.py
[2025-07-06T04:38:17.979+0000] {processor.py:914} INFO - Processing file /home/airflow/.local/lib/python3.12/site-packages/airflow/example_dags/example_branch_python_dop_operator_3.py for tasks to queue
[2025-07-06T04:38:17.981+0000] {logging_mixin.py:190} INFO - [2025-07-06T04:38:17.981+0000] {dagbag.py:588} INFO - Filling up the DagBag from /home/airflow/.local/lib/python3.12/site-packages/airflow/example_dags/example_branch_python_dop_operator_3.py
[2025-07-06T04:38:17.993+0000] {processor.py:925} INFO - DAG(s) 'example_branch_dop_operator_v3' retrieved from /home/airflow/.local/lib/python3.12/site-packages/airflow/example_dags/example_branch_python_dop_operator_3.py
[2025-07-06T04:38:18.017+0000] {logging_mixin.py:190} INFO - [2025-07-06T04:38:18.017+0000] {dag.py:3239} INFO - Sync 1 DAGs
[2025-07-06T04:38:18.051+0000] {logging_mixin.py:190} INFO - [2025-07-06T04:38:18.050+0000] {dag.py:4180} INFO - Setting next_dagrun for example_branch_dop_operator_v3 to 2025-07-06 04:37:00+00:00, run_after=2025-07-06 04:38:00+00:00
[2025-07-06T04:38:18.071+0000] {processor.py:208} INFO - Processing /home/airflow/.local/lib/python3.12/site-packages/airflow/example_dags/example_branch_python_dop_operator_3.py took 0.099 seconds
[2025-07-06T04:38:48.603+0000] {processor.py:186} INFO - Started process (PID=678) to work on /home/airflow/.local/lib/python3.12/site-packages/airflow/example_dags/example_branch_python_dop_operator_3.py
[2025-07-06T04:38:48.604+0000] {processor.py:914} INFO - Processing file /home/airflow/.local/lib/python3.12/site-packages/airflow/example_dags/example_branch_python_dop_operator_3.py for tasks to queue
[2025-07-06T04:38:48.608+0000] {logging_mixin.py:190} INFO - [2025-07-06T04:38:48.608+0000] {dagbag.py:588} INFO - Filling up the DagBag from /home/airflow/.local/lib/python3.12/site-packages/airflow/example_dags/example_branch_python_dop_operator_3.py
[2025-07-06T04:38:48.625+0000] {processor.py:925} INFO - DAG(s) 'example_branch_dop_operator_v3' retrieved from /home/airflow/.local/lib/python3.12/site-packages/airflow/example_dags/example_branch_python_dop_operator_3.py
[2025-07-06T04:38:48.653+0000] {logging_mixin.py:190} INFO - [2025-07-06T04:38:48.653+0000] {dag.py:3239} INFO - Sync 1 DAGs
[2025-07-06T04:38:48.688+0000] {logging_mixin.py:190} INFO - [2025-07-06T04:38:48.688+0000] {dag.py:4180} INFO - Setting next_dagrun for example_branch_dop_operator_v3 to 2025-07-06 04:37:00+00:00, run_after=2025-07-06 04:38:00+00:00
[2025-07-06T04:38:48.710+0000] {processor.py:208} INFO - Processing /home/airflow/.local/lib/python3.12/site-packages/airflow/example_dags/example_branch_python_dop_operator_3.py took 0.114 seconds
[2025-07-06T04:39:18.854+0000] {processor.py:186} INFO - Started process (PID=741) to work on /home/airflow/.local/lib/python3.12/site-packages/airflow/example_dags/example_branch_python_dop_operator_3.py
[2025-07-06T04:39:18.855+0000] {processor.py:914} INFO - Processing file /home/airflow/.local/lib/python3.12/site-packages/airflow/example_dags/example_branch_python_dop_operator_3.py for tasks to queue
[2025-07-06T04:39:18.857+0000] {logging_mixin.py:190} INFO - [2025-07-06T04:39:18.857+0000] {dagbag.py:588} INFO - Filling up the DagBag from /home/airflow/.local/lib/python3.12/site-packages/airflow/example_dags/example_branch_python_dop_operator_3.py
[2025-07-06T04:39:18.866+0000] {processor.py:925} INFO - DAG(s) 'example_branch_dop_operator_v3' retrieved from /home/airflow/.local/lib/python3.12/site-packages/airflow/example_dags/example_branch_python_dop_operator_3.py
[2025-07-06T04:39:18.883+0000] {logging_mixin.py:190} INFO - [2025-07-06T04:39:18.883+0000] {dag.py:3239} INFO - Sync 1 DAGs
[2025-07-06T04:39:18.905+0000] {logging_mixin.py:190} INFO - [2025-07-06T04:39:18.905+0000] {dag.py:4180} INFO - Setting next_dagrun for example_branch_dop_operator_v3 to 2025-07-06 04:38:00+00:00, run_after=2025-07-06 04:39:00+00:00
[2025-07-06T04:39:18.921+0000] {processor.py:208} INFO - Processing /home/airflow/.local/lib/python3.12/site-packages/airflow/example_dags/example_branch_python_dop_operator_3.py took 0.071 seconds
[2025-07-06T04:39:49.365+0000] {processor.py:186} INFO - Started process (PID=805) to work on /home/airflow/.local/lib/python3.12/site-packages/airflow/example_dags/example_branch_python_dop_operator_3.py
[2025-07-06T04:39:49.366+0000] {processor.py:914} INFO - Processing file /home/airflow/.local/lib/python3.12/site-packages/airflow/example_dags/example_branch_python_dop_operator_3.py for tasks to queue
[2025-07-06T04:39:49.369+0000] {logging_mixin.py:190} INFO - [2025-07-06T04:39:49.368+0000] {dagbag.py:588} INFO - Filling up the DagBag from /home/airflow/.local/lib/python3.12/site-packages/airflow/example_dags/example_branch_python_dop_operator_3.py
[2025-07-06T04:39:49.381+0000] {processor.py:925} INFO - DAG(s) 'example_branch_dop_operator_v3' retrieved from /home/airflow/.local/lib/python3.12/site-packages/airflow/example_dags/example_branch_python_dop_operator_3.py
[2025-07-06T04:39:49.415+0000] {logging_mixin.py:190} INFO - [2025-07-06T04:39:49.415+0000] {dag.py:3239} INFO - Sync 1 DAGs
[2025-07-06T04:39:49.449+0000] {logging_mixin.py:190} INFO - [2025-07-06T04:39:49.449+0000] {dag.py:4180} INFO - Setting next_dagrun for example_branch_dop_operator_v3 to 2025-07-06 04:38:00+00:00, run_after=2025-07-06 04:39:00+00:00
[2025-07-06T04:39:49.469+0000] {processor.py:208} INFO - Processing /home/airflow/.local/lib/python3.12/site-packages/airflow/example_dags/example_branch_python_dop_operator_3.py took 0.110 seconds
[2025-07-06T04:40:20.037+0000] {processor.py:186} INFO - Started process (PID=869) to work on /home/airflow/.local/lib/python3.12/site-packages/airflow/example_dags/example_branch_python_dop_operator_3.py
[2025-07-06T04:40:20.037+0000] {processor.py:914} INFO - Processing file /home/airflow/.local/lib/python3.12/site-packages/airflow/example_dags/example_branch_python_dop_operator_3.py for tasks to queue
[2025-07-06T04:40:20.040+0000] {logging_mixin.py:190} INFO - [2025-07-06T04:40:20.040+0000] {dagbag.py:588} INFO - Filling up the DagBag from /home/airflow/.local/lib/python3.12/site-packages/airflow/example_dags/example_branch_python_dop_operator_3.py
[2025-07-06T04:40:20.052+0000] {processor.py:925} INFO - DAG(s) 'example_branch_dop_operator_v3' retrieved from /home/airflow/.local/lib/python3.12/site-packages/airflow/example_dags/example_branch_python_dop_operator_3.py
[2025-07-06T04:40:20.075+0000] {logging_mixin.py:190} INFO - [2025-07-06T04:40:20.075+0000] {dag.py:3239} INFO - Sync 1 DAGs
[2025-07-06T04:40:20.112+0000] {logging_mixin.py:190} INFO - [2025-07-06T04:40:20.112+0000] {dag.py:4180} INFO - Setting next_dagrun for example_branch_dop_operator_v3 to 2025-07-06 04:39:00+00:00, run_after=2025-07-06 04:40:00+00:00
[2025-07-06T04:40:20.134+0000] {processor.py:208} INFO - Processing /home/airflow/.local/lib/python3.12/site-packages/airflow/example_dags/example_branch_python_dop_operator_3.py took 0.111 seconds
[2025-07-06T04:40:50.397+0000] {processor.py:186} INFO - Started process (PID=933) to work on /home/airflow/.local/lib/python3.12/site-packages/airflow/example_dags/example_branch_python_dop_operator_3.py
[2025-07-06T04:40:50.397+0000] {processor.py:914} INFO - Processing file /home/airflow/.local/lib/python3.12/site-packages/airflow/example_dags/example_branch_python_dop_operator_3.py for tasks to queue
[2025-07-06T04:40:50.400+0000] {logging_mixin.py:190} INFO - [2025-07-06T04:40:50.400+0000] {dagbag.py:588} INFO - Filling up the DagBag from /home/airflow/.local/lib/python3.12/site-packages/airflow/example_dags/example_branch_python_dop_operator_3.py
[2025-07-06T04:40:50.412+0000] {processor.py:925} INFO - DAG(s) 'example_branch_dop_operator_v3' retrieved from /home/airflow/.local/lib/python3.12/site-packages/airflow/example_dags/example_branch_python_dop_operator_3.py
[2025-07-06T04:40:50.436+0000] {logging_mixin.py:190} INFO - [2025-07-06T04:40:50.435+0000] {dag.py:3239} INFO - Sync 1 DAGs
[2025-07-06T04:40:50.469+0000] {logging_mixin.py:190} INFO - [2025-07-06T04:40:50.468+0000] {dag.py:4180} INFO - Setting next_dagrun for example_branch_dop_operator_v3 to 2025-07-06 04:39:00+00:00, run_after=2025-07-06 04:40:00+00:00
[2025-07-06T04:40:50.490+0000] {processor.py:208} INFO - Processing /home/airflow/.local/lib/python3.12/site-packages/airflow/example_dags/example_branch_python_dop_operator_3.py took 0.099 seconds
[2025-07-06T04:41:21.099+0000] {processor.py:186} INFO - Started process (PID=997) to work on /home/airflow/.local/lib/python3.12/site-packages/airflow/example_dags/example_branch_python_dop_operator_3.py
[2025-07-06T04:41:21.100+0000] {processor.py:914} INFO - Processing file /home/airflow/.local/lib/python3.12/site-packages/airflow/example_dags/example_branch_python_dop_operator_3.py for tasks to queue
[2025-07-06T04:41:21.110+0000] {logging_mixin.py:190} INFO - [2025-07-06T04:41:21.110+0000] {dagbag.py:588} INFO - Filling up the DagBag from /home/airflow/.local/lib/python3.12/site-packages/airflow/example_dags/example_branch_python_dop_operator_3.py
[2025-07-06T04:41:21.123+0000] {processor.py:925} INFO - DAG(s) 'example_branch_dop_operator_v3' retrieved from /home/airflow/.local/lib/python3.12/site-packages/airflow/example_dags/example_branch_python_dop_operator_3.py
[2025-07-06T04:41:21.148+0000] {logging_mixin.py:190} INFO - [2025-07-06T04:41:21.147+0000] {dag.py:3239} INFO - Sync 1 DAGs
[2025-07-06T04:41:21.181+0000] {logging_mixin.py:190} INFO - [2025-07-06T04:41:21.181+0000] {dag.py:4180} INFO - Setting next_dagrun for example_branch_dop_operator_v3 to 2025-07-06 04:40:00+00:00, run_after=2025-07-06 04:41:00+00:00
[2025-07-06T04:41:21.205+0000] {processor.py:208} INFO - Processing /home/airflow/.local/lib/python3.12/site-packages/airflow/example_dags/example_branch_python_dop_operator_3.py took 0.122 seconds
[2025-07-06T04:41:53.868+0000] {processor.py:186} INFO - Started process (PID=1061) to work on /home/airflow/.local/lib/python3.12/site-packages/airflow/example_dags/example_branch_python_dop_operator_3.py
[2025-07-06T04:41:53.871+0000] {processor.py:914} INFO - Processing file /home/airflow/.local/lib/python3.12/site-packages/airflow/example_dags/example_branch_python_dop_operator_3.py for tasks to queue
[2025-07-06T04:41:53.877+0000] {logging_mixin.py:190} INFO - [2025-07-06T04:41:53.876+0000] {dagbag.py:588} INFO - Filling up the DagBag from /home/airflow/.local/lib/python3.12/site-packages/airflow/example_dags/example_branch_python_dop_operator_3.py
[2025-07-06T04:41:53.904+0000] {processor.py:925} INFO - DAG(s) 'example_branch_dop_operator_v3' retrieved from /home/airflow/.local/lib/python3.12/site-packages/airflow/example_dags/example_branch_python_dop_operator_3.py
[2025-07-06T04:41:53.955+0000] {logging_mixin.py:190} INFO - [2025-07-06T04:41:53.954+0000] {dag.py:3239} INFO - Sync 1 DAGs
[2025-07-06T04:41:53.989+0000] {logging_mixin.py:190} INFO - [2025-07-06T04:41:53.989+0000] {dag.py:4180} INFO - Setting next_dagrun for example_branch_dop_operator_v3 to 2025-07-06 04:40:00+00:00, run_after=2025-07-06 04:41:00+00:00
[2025-07-06T04:41:54.013+0000] {processor.py:208} INFO - Processing /home/airflow/.local/lib/python3.12/site-packages/airflow/example_dags/example_branch_python_dop_operator_3.py took 0.162 seconds
[2025-07-06T04:42:25.092+0000] {processor.py:186} INFO - Started process (PID=1124) to work on /home/airflow/.local/lib/python3.12/site-packages/airflow/example_dags/example_branch_python_dop_operator_3.py
[2025-07-06T04:42:25.095+0000] {processor.py:914} INFO - Processing file /home/airflow/.local/lib/python3.12/site-packages/airflow/example_dags/example_branch_python_dop_operator_3.py for tasks to queue
[2025-07-06T04:42:25.101+0000] {logging_mixin.py:190} INFO - [2025-07-06T04:42:25.101+0000] {dagbag.py:588} INFO - Filling up the DagBag from /home/airflow/.local/lib/python3.12/site-packages/airflow/example_dags/example_branch_python_dop_operator_3.py
[2025-07-06T04:42:25.137+0000] {processor.py:925} INFO - DAG(s) 'example_branch_dop_operator_v3' retrieved from /home/airflow/.local/lib/python3.12/site-packages/airflow/example_dags/example_branch_python_dop_operator_3.py
[2025-07-06T04:42:25.184+0000] {logging_mixin.py:190} INFO - [2025-07-06T04:42:25.183+0000] {dag.py:3239} INFO - Sync 1 DAGs
[2025-07-06T04:42:25.259+0000] {logging_mixin.py:190} INFO - [2025-07-06T04:42:25.258+0000] {dag.py:4180} INFO - Setting next_dagrun for example_branch_dop_operator_v3 to 2025-07-06 04:41:00+00:00, run_after=2025-07-06 04:42:00+00:00
[2025-07-06T04:42:25.333+0000] {processor.py:208} INFO - Processing /home/airflow/.local/lib/python3.12/site-packages/airflow/example_dags/example_branch_python_dop_operator_3.py took 0.255 seconds
[2025-07-06T04:42:55.410+0000] {processor.py:186} INFO - Started process (PID=1187) to work on /home/airflow/.local/lib/python3.12/site-packages/airflow/example_dags/example_branch_python_dop_operator_3.py
[2025-07-06T04:42:55.413+0000] {processor.py:914} INFO - Processing file /home/airflow/.local/lib/python3.12/site-packages/airflow/example_dags/example_branch_python_dop_operator_3.py for tasks to queue
[2025-07-06T04:42:55.416+0000] {logging_mixin.py:190} INFO - [2025-07-06T04:42:55.415+0000] {dagbag.py:588} INFO - Filling up the DagBag from /home/airflow/.local/lib/python3.12/site-packages/airflow/example_dags/example_branch_python_dop_operator_3.py
[2025-07-06T04:42:55.432+0000] {processor.py:925} INFO - DAG(s) 'example_branch_dop_operator_v3' retrieved from /home/airflow/.local/lib/python3.12/site-packages/airflow/example_dags/example_branch_python_dop_operator_3.py
[2025-07-06T04:42:55.463+0000] {logging_mixin.py:190} INFO - [2025-07-06T04:42:55.463+0000] {dag.py:3239} INFO - Sync 1 DAGs
[2025-07-06T04:42:55.501+0000] {logging_mixin.py:190} INFO - [2025-07-06T04:42:55.501+0000] {dag.py:4180} INFO - Setting next_dagrun for example_branch_dop_operator_v3 to 2025-07-06 04:41:00+00:00, run_after=2025-07-06 04:42:00+00:00
[2025-07-06T04:42:55.535+0000] {processor.py:208} INFO - Processing /home/airflow/.local/lib/python3.12/site-packages/airflow/example_dags/example_branch_python_dop_operator_3.py took 0.136 seconds
