[2025-07-06T04:33:51.571+0000] {processor.py:186} INFO - Started process (PID=91) to work on /home/airflow/.local/lib/python3.12/site-packages/airflow/example_dags/example_complex.py
[2025-07-06T04:33:51.576+0000] {processor.py:914} INFO - Processing file /home/airflow/.local/lib/python3.12/site-packages/airflow/example_dags/example_complex.py for tasks to queue
[2025-07-06T04:33:51.583+0000] {logging_mixin.py:190} INFO - [2025-07-06T04:33:51.582+0000] {dagbag.py:588} INFO - Filling up the DagBag from /home/airflow/.local/lib/python3.12/site-packages/airflow/example_dags/example_complex.py
[2025-07-06T04:33:51.644+0000] {processor.py:925} INFO - DAG(s) 'example_complex' retrieved from /home/airflow/.local/lib/python3.12/site-packages/airflow/example_dags/example_complex.py
[2025-07-06T04:33:52.312+0000] {logging_mixin.py:190} INFO - [2025-07-06T04:33:52.311+0000] {override.py:1911} INFO - Created Permission View: can delete on DAG:example_complex
[2025-07-06T04:33:52.369+0000] {logging_mixin.py:190} INFO - [2025-07-06T04:33:52.368+0000] {override.py:1911} INFO - Created Permission View: can edit on DAG:example_complex
[2025-07-06T04:33:52.425+0000] {logging_mixin.py:190} INFO - [2025-07-06T04:33:52.424+0000] {override.py:1911} INFO - Created Permission View: can read on DAG:example_complex
[2025-07-06T04:33:52.469+0000] {logging_mixin.py:190} INFO - [2025-07-06T04:33:52.468+0000] {override.py:1911} INFO - Created Permission View: can delete on DAG Run:example_complex
[2025-07-06T04:33:52.522+0000] {logging_mixin.py:190} INFO - [2025-07-06T04:33:52.521+0000] {override.py:1911} INFO - Created Permission View: menu access on DAG Run:example_complex
[2025-07-06T04:33:52.598+0000] {logging_mixin.py:190} INFO - [2025-07-06T04:33:52.598+0000] {override.py:1911} INFO - Created Permission View: can create on DAG Run:example_complex
[2025-07-06T04:33:52.655+0000] {logging_mixin.py:190} INFO - [2025-07-06T04:33:52.655+0000] {override.py:1911} INFO - Created Permission View: can read on DAG Run:example_complex
[2025-07-06T04:33:52.656+0000] {logging_mixin.py:190} INFO - [2025-07-06T04:33:52.655+0000] {dag.py:3239} INFO - Sync 1 DAGs
[2025-07-06T04:33:52.732+0000] {logging_mixin.py:190} INFO - [2025-07-06T04:33:52.722+0000] {dag.py:3262} INFO - Creating ORM DAG for example_complex
[2025-07-06T04:33:52.733+0000] {logging_mixin.py:190} INFO - [2025-07-06T04:33:52.732+0000] {dag.py:4180} INFO - Setting next_dagrun for example_complex to None, run_after=None
[2025-07-06T04:33:52.834+0000] {processor.py:208} INFO - Processing /home/airflow/.local/lib/python3.12/site-packages/airflow/example_dags/example_complex.py took 1.287 seconds
[2025-07-06T04:34:23.423+0000] {processor.py:186} INFO - Started process (PID=154) to work on /home/airflow/.local/lib/python3.12/site-packages/airflow/example_dags/example_complex.py
[2025-07-06T04:34:23.424+0000] {processor.py:914} INFO - Processing file /home/airflow/.local/lib/python3.12/site-packages/airflow/example_dags/example_complex.py for tasks to queue
[2025-07-06T04:34:23.427+0000] {logging_mixin.py:190} INFO - [2025-07-06T04:34:23.426+0000] {dagbag.py:588} INFO - Filling up the DagBag from /home/airflow/.local/lib/python3.12/site-packages/airflow/example_dags/example_complex.py
[2025-07-06T04:34:23.443+0000] {processor.py:925} INFO - DAG(s) 'example_complex' retrieved from /home/airflow/.local/lib/python3.12/site-packages/airflow/example_dags/example_complex.py
[2025-07-06T04:34:23.480+0000] {logging_mixin.py:190} INFO - [2025-07-06T04:34:23.479+0000] {dag.py:3239} INFO - Sync 1 DAGs
[2025-07-06T04:34:23.497+0000] {logging_mixin.py:190} INFO - [2025-07-06T04:34:23.497+0000] {dag.py:4180} INFO - Setting next_dagrun for example_complex to None, run_after=None
[2025-07-06T04:34:23.521+0000] {processor.py:208} INFO - Processing /home/airflow/.local/lib/python3.12/site-packages/airflow/example_dags/example_complex.py took 0.105 seconds
[2025-07-06T04:34:54.127+0000] {processor.py:186} INFO - Started process (PID=217) to work on /home/airflow/.local/lib/python3.12/site-packages/airflow/example_dags/example_complex.py
[2025-07-06T04:34:54.127+0000] {processor.py:914} INFO - Processing file /home/airflow/.local/lib/python3.12/site-packages/airflow/example_dags/example_complex.py for tasks to queue
[2025-07-06T04:34:54.130+0000] {logging_mixin.py:190} INFO - [2025-07-06T04:34:54.129+0000] {dagbag.py:588} INFO - Filling up the DagBag from /home/airflow/.local/lib/python3.12/site-packages/airflow/example_dags/example_complex.py
[2025-07-06T04:34:54.146+0000] {processor.py:925} INFO - DAG(s) 'example_complex' retrieved from /home/airflow/.local/lib/python3.12/site-packages/airflow/example_dags/example_complex.py
[2025-07-06T04:34:54.187+0000] {logging_mixin.py:190} INFO - [2025-07-06T04:34:54.187+0000] {dag.py:3239} INFO - Sync 1 DAGs
[2025-07-06T04:34:54.214+0000] {logging_mixin.py:190} INFO - [2025-07-06T04:34:54.214+0000] {dag.py:4180} INFO - Setting next_dagrun for example_complex to None, run_after=None
[2025-07-06T04:34:54.234+0000] {processor.py:208} INFO - Processing /home/airflow/.local/lib/python3.12/site-packages/airflow/example_dags/example_complex.py took 0.115 seconds
[2025-07-06T04:35:25.278+0000] {processor.py:186} INFO - Started process (PID=279) to work on /home/airflow/.local/lib/python3.12/site-packages/airflow/example_dags/example_complex.py
[2025-07-06T04:35:25.279+0000] {processor.py:914} INFO - Processing file /home/airflow/.local/lib/python3.12/site-packages/airflow/example_dags/example_complex.py for tasks to queue
[2025-07-06T04:35:25.281+0000] {logging_mixin.py:190} INFO - [2025-07-06T04:35:25.281+0000] {dagbag.py:588} INFO - Filling up the DagBag from /home/airflow/.local/lib/python3.12/site-packages/airflow/example_dags/example_complex.py
[2025-07-06T04:35:25.297+0000] {processor.py:925} INFO - DAG(s) 'example_complex' retrieved from /home/airflow/.local/lib/python3.12/site-packages/airflow/example_dags/example_complex.py
[2025-07-06T04:35:25.338+0000] {logging_mixin.py:190} INFO - [2025-07-06T04:35:25.337+0000] {dag.py:3239} INFO - Sync 1 DAGs
[2025-07-06T04:35:25.356+0000] {logging_mixin.py:190} INFO - [2025-07-06T04:35:25.356+0000] {dag.py:4180} INFO - Setting next_dagrun for example_complex to None, run_after=None
[2025-07-06T04:35:25.376+0000] {processor.py:208} INFO - Processing /home/airflow/.local/lib/python3.12/site-packages/airflow/example_dags/example_complex.py took 0.105 seconds
[2025-07-06T04:35:59.635+0000] {processor.py:186} INFO - Started process (PID=330) to work on /home/airflow/.local/lib/python3.12/site-packages/airflow/example_dags/example_complex.py
[2025-07-06T04:35:59.638+0000] {processor.py:914} INFO - Processing file /home/airflow/.local/lib/python3.12/site-packages/airflow/example_dags/example_complex.py for tasks to queue
[2025-07-06T04:35:59.643+0000] {logging_mixin.py:190} INFO - [2025-07-06T04:35:59.642+0000] {dagbag.py:588} INFO - Filling up the DagBag from /home/airflow/.local/lib/python3.12/site-packages/airflow/example_dags/example_complex.py
[2025-07-06T04:35:59.670+0000] {processor.py:925} INFO - DAG(s) 'example_complex' retrieved from /home/airflow/.local/lib/python3.12/site-packages/airflow/example_dags/example_complex.py
[2025-07-06T04:35:59.742+0000] {logging_mixin.py:190} INFO - [2025-07-06T04:35:59.742+0000] {dag.py:3239} INFO - Sync 1 DAGs
[2025-07-06T04:35:59.761+0000] {logging_mixin.py:190} INFO - [2025-07-06T04:35:59.761+0000] {dag.py:4180} INFO - Setting next_dagrun for example_complex to None, run_after=None
[2025-07-06T04:35:59.794+0000] {processor.py:208} INFO - Processing /home/airflow/.local/lib/python3.12/site-packages/airflow/example_dags/example_complex.py took 0.169 seconds
[2025-07-06T04:36:30.802+0000] {processor.py:186} INFO - Started process (PID=393) to work on /home/airflow/.local/lib/python3.12/site-packages/airflow/example_dags/example_complex.py
[2025-07-06T04:36:30.803+0000] {processor.py:914} INFO - Processing file /home/airflow/.local/lib/python3.12/site-packages/airflow/example_dags/example_complex.py for tasks to queue
[2025-07-06T04:36:30.810+0000] {logging_mixin.py:190} INFO - [2025-07-06T04:36:30.810+0000] {dagbag.py:588} INFO - Filling up the DagBag from /home/airflow/.local/lib/python3.12/site-packages/airflow/example_dags/example_complex.py
[2025-07-06T04:36:30.851+0000] {processor.py:925} INFO - DAG(s) 'example_complex' retrieved from /home/airflow/.local/lib/python3.12/site-packages/airflow/example_dags/example_complex.py
[2025-07-06T04:36:30.907+0000] {logging_mixin.py:190} INFO - [2025-07-06T04:36:30.907+0000] {dag.py:3239} INFO - Sync 1 DAGs
[2025-07-06T04:36:30.930+0000] {logging_mixin.py:190} INFO - [2025-07-06T04:36:30.929+0000] {dag.py:4180} INFO - Setting next_dagrun for example_complex to None, run_after=None
[2025-07-06T04:36:30.952+0000] {processor.py:208} INFO - Processing /home/airflow/.local/lib/python3.12/site-packages/airflow/example_dags/example_complex.py took 0.166 seconds
[2025-07-06T04:37:01.526+0000] {processor.py:186} INFO - Started process (PID=456) to work on /home/airflow/.local/lib/python3.12/site-packages/airflow/example_dags/example_complex.py
[2025-07-06T04:37:01.529+0000] {processor.py:914} INFO - Processing file /home/airflow/.local/lib/python3.12/site-packages/airflow/example_dags/example_complex.py for tasks to queue
[2025-07-06T04:37:01.531+0000] {logging_mixin.py:190} INFO - [2025-07-06T04:37:01.531+0000] {dagbag.py:588} INFO - Filling up the DagBag from /home/airflow/.local/lib/python3.12/site-packages/airflow/example_dags/example_complex.py
[2025-07-06T04:37:01.545+0000] {processor.py:925} INFO - DAG(s) 'example_complex' retrieved from /home/airflow/.local/lib/python3.12/site-packages/airflow/example_dags/example_complex.py
[2025-07-06T04:37:01.585+0000] {logging_mixin.py:190} INFO - [2025-07-06T04:37:01.584+0000] {dag.py:3239} INFO - Sync 1 DAGs
[2025-07-06T04:37:01.603+0000] {logging_mixin.py:190} INFO - [2025-07-06T04:37:01.603+0000] {dag.py:4180} INFO - Setting next_dagrun for example_complex to None, run_after=None
[2025-07-06T04:37:01.623+0000] {processor.py:208} INFO - Processing /home/airflow/.local/lib/python3.12/site-packages/airflow/example_dags/example_complex.py took 0.104 seconds
[2025-07-06T04:37:31.985+0000] {processor.py:186} INFO - Started process (PID=519) to work on /home/airflow/.local/lib/python3.12/site-packages/airflow/example_dags/example_complex.py
[2025-07-06T04:37:31.986+0000] {processor.py:914} INFO - Processing file /home/airflow/.local/lib/python3.12/site-packages/airflow/example_dags/example_complex.py for tasks to queue
[2025-07-06T04:37:31.988+0000] {logging_mixin.py:190} INFO - [2025-07-06T04:37:31.988+0000] {dagbag.py:588} INFO - Filling up the DagBag from /home/airflow/.local/lib/python3.12/site-packages/airflow/example_dags/example_complex.py
[2025-07-06T04:37:32.003+0000] {processor.py:925} INFO - DAG(s) 'example_complex' retrieved from /home/airflow/.local/lib/python3.12/site-packages/airflow/example_dags/example_complex.py
[2025-07-06T04:37:32.043+0000] {logging_mixin.py:190} INFO - [2025-07-06T04:37:32.043+0000] {dag.py:3239} INFO - Sync 1 DAGs
[2025-07-06T04:37:32.062+0000] {logging_mixin.py:190} INFO - [2025-07-06T04:37:32.061+0000] {dag.py:4180} INFO - Setting next_dagrun for example_complex to None, run_after=None
[2025-07-06T04:37:32.082+0000] {processor.py:208} INFO - Processing /home/airflow/.local/lib/python3.12/site-packages/airflow/example_dags/example_complex.py took 0.104 seconds
[2025-07-06T04:38:02.562+0000] {processor.py:186} INFO - Started process (PID=581) to work on /home/airflow/.local/lib/python3.12/site-packages/airflow/example_dags/example_complex.py
[2025-07-06T04:38:02.563+0000] {processor.py:914} INFO - Processing file /home/airflow/.local/lib/python3.12/site-packages/airflow/example_dags/example_complex.py for tasks to queue
[2025-07-06T04:38:02.566+0000] {logging_mixin.py:190} INFO - [2025-07-06T04:38:02.566+0000] {dagbag.py:588} INFO - Filling up the DagBag from /home/airflow/.local/lib/python3.12/site-packages/airflow/example_dags/example_complex.py
[2025-07-06T04:38:02.583+0000] {processor.py:925} INFO - DAG(s) 'example_complex' retrieved from /home/airflow/.local/lib/python3.12/site-packages/airflow/example_dags/example_complex.py
[2025-07-06T04:38:02.627+0000] {logging_mixin.py:190} INFO - [2025-07-06T04:38:02.626+0000] {dag.py:3239} INFO - Sync 1 DAGs
[2025-07-06T04:38:02.645+0000] {logging_mixin.py:190} INFO - [2025-07-06T04:38:02.645+0000] {dag.py:4180} INFO - Setting next_dagrun for example_complex to None, run_after=None
[2025-07-06T04:38:02.665+0000] {processor.py:208} INFO - Processing /home/airflow/.local/lib/python3.12/site-packages/airflow/example_dags/example_complex.py took 0.116 seconds
[2025-07-06T04:38:32.800+0000] {processor.py:186} INFO - Started process (PID=644) to work on /home/airflow/.local/lib/python3.12/site-packages/airflow/example_dags/example_complex.py
[2025-07-06T04:38:32.800+0000] {processor.py:914} INFO - Processing file /home/airflow/.local/lib/python3.12/site-packages/airflow/example_dags/example_complex.py for tasks to queue
[2025-07-06T04:38:32.803+0000] {logging_mixin.py:190} INFO - [2025-07-06T04:38:32.802+0000] {dagbag.py:588} INFO - Filling up the DagBag from /home/airflow/.local/lib/python3.12/site-packages/airflow/example_dags/example_complex.py
[2025-07-06T04:38:32.817+0000] {processor.py:925} INFO - DAG(s) 'example_complex' retrieved from /home/airflow/.local/lib/python3.12/site-packages/airflow/example_dags/example_complex.py
[2025-07-06T04:38:32.857+0000] {logging_mixin.py:190} INFO - [2025-07-06T04:38:32.857+0000] {dag.py:3239} INFO - Sync 1 DAGs
[2025-07-06T04:38:32.879+0000] {logging_mixin.py:190} INFO - [2025-07-06T04:38:32.878+0000] {dag.py:4180} INFO - Setting next_dagrun for example_complex to None, run_after=None
[2025-07-06T04:38:32.903+0000] {processor.py:208} INFO - Processing /home/airflow/.local/lib/python3.12/site-packages/airflow/example_dags/example_complex.py took 0.109 seconds
[2025-07-06T04:39:02.988+0000] {processor.py:186} INFO - Started process (PID=708) to work on /home/airflow/.local/lib/python3.12/site-packages/airflow/example_dags/example_complex.py
[2025-07-06T04:39:02.989+0000] {processor.py:914} INFO - Processing file /home/airflow/.local/lib/python3.12/site-packages/airflow/example_dags/example_complex.py for tasks to queue
[2025-07-06T04:39:02.992+0000] {logging_mixin.py:190} INFO - [2025-07-06T04:39:02.991+0000] {dagbag.py:588} INFO - Filling up the DagBag from /home/airflow/.local/lib/python3.12/site-packages/airflow/example_dags/example_complex.py
[2025-07-06T04:39:03.009+0000] {processor.py:925} INFO - DAG(s) 'example_complex' retrieved from /home/airflow/.local/lib/python3.12/site-packages/airflow/example_dags/example_complex.py
[2025-07-06T04:39:03.036+0000] {logging_mixin.py:190} INFO - [2025-07-06T04:39:03.035+0000] {dag.py:3239} INFO - Sync 1 DAGs
[2025-07-06T04:39:03.048+0000] {logging_mixin.py:190} INFO - [2025-07-06T04:39:03.048+0000] {dag.py:4180} INFO - Setting next_dagrun for example_complex to None, run_after=None
[2025-07-06T04:39:03.063+0000] {processor.py:208} INFO - Processing /home/airflow/.local/lib/python3.12/site-packages/airflow/example_dags/example_complex.py took 0.082 seconds
[2025-07-06T04:39:33.831+0000] {processor.py:186} INFO - Started process (PID=772) to work on /home/airflow/.local/lib/python3.12/site-packages/airflow/example_dags/example_complex.py
[2025-07-06T04:39:33.834+0000] {processor.py:914} INFO - Processing file /home/airflow/.local/lib/python3.12/site-packages/airflow/example_dags/example_complex.py for tasks to queue
[2025-07-06T04:39:33.842+0000] {logging_mixin.py:190} INFO - [2025-07-06T04:39:33.841+0000] {dagbag.py:588} INFO - Filling up the DagBag from /home/airflow/.local/lib/python3.12/site-packages/airflow/example_dags/example_complex.py
[2025-07-06T04:39:33.908+0000] {processor.py:925} INFO - DAG(s) 'example_complex' retrieved from /home/airflow/.local/lib/python3.12/site-packages/airflow/example_dags/example_complex.py
[2025-07-06T04:39:33.999+0000] {logging_mixin.py:190} INFO - [2025-07-06T04:39:33.997+0000] {dag.py:3239} INFO - Sync 1 DAGs
[2025-07-06T04:39:34.020+0000] {logging_mixin.py:190} INFO - [2025-07-06T04:39:34.020+0000] {dag.py:4180} INFO - Setting next_dagrun for example_complex to None, run_after=None
[2025-07-06T04:39:34.060+0000] {processor.py:208} INFO - Processing /home/airflow/.local/lib/python3.12/site-packages/airflow/example_dags/example_complex.py took 0.255 seconds
[2025-07-06T04:40:04.951+0000] {processor.py:186} INFO - Started process (PID=836) to work on /home/airflow/.local/lib/python3.12/site-packages/airflow/example_dags/example_complex.py
[2025-07-06T04:40:04.954+0000] {processor.py:914} INFO - Processing file /home/airflow/.local/lib/python3.12/site-packages/airflow/example_dags/example_complex.py for tasks to queue
[2025-07-06T04:40:04.961+0000] {logging_mixin.py:190} INFO - [2025-07-06T04:40:04.960+0000] {dagbag.py:588} INFO - Filling up the DagBag from /home/airflow/.local/lib/python3.12/site-packages/airflow/example_dags/example_complex.py
[2025-07-06T04:40:05.004+0000] {processor.py:925} INFO - DAG(s) 'example_complex' retrieved from /home/airflow/.local/lib/python3.12/site-packages/airflow/example_dags/example_complex.py
[2025-07-06T04:40:05.083+0000] {logging_mixin.py:190} INFO - [2025-07-06T04:40:05.082+0000] {dag.py:3239} INFO - Sync 1 DAGs
[2025-07-06T04:40:05.120+0000] {logging_mixin.py:190} INFO - [2025-07-06T04:40:05.120+0000] {dag.py:4180} INFO - Setting next_dagrun for example_complex to None, run_after=None
[2025-07-06T04:40:05.155+0000] {processor.py:208} INFO - Processing /home/airflow/.local/lib/python3.12/site-packages/airflow/example_dags/example_complex.py took 0.210 seconds
[2025-07-06T04:40:35.971+0000] {processor.py:186} INFO - Started process (PID=900) to work on /home/airflow/.local/lib/python3.12/site-packages/airflow/example_dags/example_complex.py
[2025-07-06T04:40:35.972+0000] {processor.py:914} INFO - Processing file /home/airflow/.local/lib/python3.12/site-packages/airflow/example_dags/example_complex.py for tasks to queue
[2025-07-06T04:40:35.974+0000] {logging_mixin.py:190} INFO - [2025-07-06T04:40:35.974+0000] {dagbag.py:588} INFO - Filling up the DagBag from /home/airflow/.local/lib/python3.12/site-packages/airflow/example_dags/example_complex.py
[2025-07-06T04:40:35.991+0000] {processor.py:925} INFO - DAG(s) 'example_complex' retrieved from /home/airflow/.local/lib/python3.12/site-packages/airflow/example_dags/example_complex.py
[2025-07-06T04:40:36.033+0000] {logging_mixin.py:190} INFO - [2025-07-06T04:40:36.032+0000] {dag.py:3239} INFO - Sync 1 DAGs
[2025-07-06T04:40:36.051+0000] {logging_mixin.py:190} INFO - [2025-07-06T04:40:36.051+0000] {dag.py:4180} INFO - Setting next_dagrun for example_complex to None, run_after=None
[2025-07-06T04:40:36.071+0000] {processor.py:208} INFO - Processing /home/airflow/.local/lib/python3.12/site-packages/airflow/example_dags/example_complex.py took 0.107 seconds
[2025-07-06T04:41:06.690+0000] {processor.py:186} INFO - Started process (PID=964) to work on /home/airflow/.local/lib/python3.12/site-packages/airflow/example_dags/example_complex.py
[2025-07-06T04:41:06.690+0000] {processor.py:914} INFO - Processing file /home/airflow/.local/lib/python3.12/site-packages/airflow/example_dags/example_complex.py for tasks to queue
[2025-07-06T04:41:06.693+0000] {logging_mixin.py:190} INFO - [2025-07-06T04:41:06.692+0000] {dagbag.py:588} INFO - Filling up the DagBag from /home/airflow/.local/lib/python3.12/site-packages/airflow/example_dags/example_complex.py
[2025-07-06T04:41:06.710+0000] {processor.py:925} INFO - DAG(s) 'example_complex' retrieved from /home/airflow/.local/lib/python3.12/site-packages/airflow/example_dags/example_complex.py
[2025-07-06T04:41:06.752+0000] {logging_mixin.py:190} INFO - [2025-07-06T04:41:06.752+0000] {dag.py:3239} INFO - Sync 1 DAGs
[2025-07-06T04:41:06.771+0000] {logging_mixin.py:190} INFO - [2025-07-06T04:41:06.770+0000] {dag.py:4180} INFO - Setting next_dagrun for example_complex to None, run_after=None
[2025-07-06T04:41:06.789+0000] {processor.py:208} INFO - Processing /home/airflow/.local/lib/python3.12/site-packages/airflow/example_dags/example_complex.py took 0.107 seconds
[2025-07-06T04:41:37.036+0000] {processor.py:186} INFO - Started process (PID=1027) to work on /home/airflow/.local/lib/python3.12/site-packages/airflow/example_dags/example_complex.py
[2025-07-06T04:41:37.037+0000] {processor.py:914} INFO - Processing file /home/airflow/.local/lib/python3.12/site-packages/airflow/example_dags/example_complex.py for tasks to queue
[2025-07-06T04:41:37.039+0000] {logging_mixin.py:190} INFO - [2025-07-06T04:41:37.039+0000] {dagbag.py:588} INFO - Filling up the DagBag from /home/airflow/.local/lib/python3.12/site-packages/airflow/example_dags/example_complex.py
[2025-07-06T04:41:37.056+0000] {processor.py:925} INFO - DAG(s) 'example_complex' retrieved from /home/airflow/.local/lib/python3.12/site-packages/airflow/example_dags/example_complex.py
[2025-07-06T04:41:37.102+0000] {logging_mixin.py:190} INFO - [2025-07-06T04:41:37.102+0000] {dag.py:3239} INFO - Sync 1 DAGs
[2025-07-06T04:41:37.121+0000] {logging_mixin.py:190} INFO - [2025-07-06T04:41:37.120+0000] {dag.py:4180} INFO - Setting next_dagrun for example_complex to None, run_after=None
[2025-07-06T04:41:37.140+0000] {processor.py:208} INFO - Processing /home/airflow/.local/lib/python3.12/site-packages/airflow/example_dags/example_complex.py took 0.111 seconds
[2025-07-06T04:42:07.731+0000] {processor.py:186} INFO - Started process (PID=1091) to work on /home/airflow/.local/lib/python3.12/site-packages/airflow/example_dags/example_complex.py
[2025-07-06T04:42:07.732+0000] {processor.py:914} INFO - Processing file /home/airflow/.local/lib/python3.12/site-packages/airflow/example_dags/example_complex.py for tasks to queue
[2025-07-06T04:42:07.734+0000] {logging_mixin.py:190} INFO - [2025-07-06T04:42:07.734+0000] {dagbag.py:588} INFO - Filling up the DagBag from /home/airflow/.local/lib/python3.12/site-packages/airflow/example_dags/example_complex.py
[2025-07-06T04:42:07.750+0000] {processor.py:925} INFO - DAG(s) 'example_complex' retrieved from /home/airflow/.local/lib/python3.12/site-packages/airflow/example_dags/example_complex.py
[2025-07-06T04:42:07.792+0000] {logging_mixin.py:190} INFO - [2025-07-06T04:42:07.791+0000] {dag.py:3239} INFO - Sync 1 DAGs
[2025-07-06T04:42:07.810+0000] {logging_mixin.py:190} INFO - [2025-07-06T04:42:07.809+0000] {dag.py:4180} INFO - Setting next_dagrun for example_complex to None, run_after=None
[2025-07-06T04:42:07.829+0000] {processor.py:208} INFO - Processing /home/airflow/.local/lib/python3.12/site-packages/airflow/example_dags/example_complex.py took 0.105 seconds
[2025-07-06T04:42:38.193+0000] {processor.py:186} INFO - Started process (PID=1154) to work on /home/airflow/.local/lib/python3.12/site-packages/airflow/example_dags/example_complex.py
[2025-07-06T04:42:38.194+0000] {processor.py:914} INFO - Processing file /home/airflow/.local/lib/python3.12/site-packages/airflow/example_dags/example_complex.py for tasks to queue
[2025-07-06T04:42:38.197+0000] {logging_mixin.py:190} INFO - [2025-07-06T04:42:38.197+0000] {dagbag.py:588} INFO - Filling up the DagBag from /home/airflow/.local/lib/python3.12/site-packages/airflow/example_dags/example_complex.py
[2025-07-06T04:42:38.213+0000] {processor.py:925} INFO - DAG(s) 'example_complex' retrieved from /home/airflow/.local/lib/python3.12/site-packages/airflow/example_dags/example_complex.py
[2025-07-06T04:42:38.253+0000] {logging_mixin.py:190} INFO - [2025-07-06T04:42:38.252+0000] {dag.py:3239} INFO - Sync 1 DAGs
[2025-07-06T04:42:38.271+0000] {logging_mixin.py:190} INFO - [2025-07-06T04:42:38.271+0000] {dag.py:4180} INFO - Setting next_dagrun for example_complex to None, run_after=None
[2025-07-06T04:42:38.291+0000] {processor.py:208} INFO - Processing /home/airflow/.local/lib/python3.12/site-packages/airflow/example_dags/example_complex.py took 0.117 seconds
[2025-07-06T04:43:09.162+0000] {processor.py:186} INFO - Started process (PID=1218) to work on /home/airflow/.local/lib/python3.12/site-packages/airflow/example_dags/example_complex.py
[2025-07-06T04:43:09.163+0000] {processor.py:914} INFO - Processing file /home/airflow/.local/lib/python3.12/site-packages/airflow/example_dags/example_complex.py for tasks to queue
[2025-07-06T04:43:09.166+0000] {logging_mixin.py:190} INFO - [2025-07-06T04:43:09.165+0000] {dagbag.py:588} INFO - Filling up the DagBag from /home/airflow/.local/lib/python3.12/site-packages/airflow/example_dags/example_complex.py
[2025-07-06T04:43:09.182+0000] {processor.py:925} INFO - DAG(s) 'example_complex' retrieved from /home/airflow/.local/lib/python3.12/site-packages/airflow/example_dags/example_complex.py
[2025-07-06T04:43:09.230+0000] {logging_mixin.py:190} INFO - [2025-07-06T04:43:09.229+0000] {dag.py:3239} INFO - Sync 1 DAGs
[2025-07-06T04:43:09.248+0000] {logging_mixin.py:190} INFO - [2025-07-06T04:43:09.248+0000] {dag.py:4180} INFO - Setting next_dagrun for example_complex to None, run_after=None
[2025-07-06T04:43:09.270+0000] {processor.py:208} INFO - Processing /home/airflow/.local/lib/python3.12/site-packages/airflow/example_dags/example_complex.py took 0.114 seconds
