[2025-07-06T04:33:33.503+0000] {processor.py:186} INFO - Started process (PID=71) to work on /home/airflow/.local/lib/python3.12/site-packages/airflow/example_dags/example_bash_operator.py
[2025-07-06T04:33:33.510+0000] {processor.py:914} INFO - Processing file /home/airflow/.local/lib/python3.12/site-packages/airflow/example_dags/example_bash_operator.py for tasks to queue
[2025-07-06T04:33:33.527+0000] {logging_mixin.py:190} INFO - [2025-07-06T04:33:33.527+0000] {dagbag.py:588} INFO - Filling up the DagBag from /home/airflow/.local/lib/python3.12/site-packages/airflow/example_dags/example_bash_operator.py
[2025-07-06T04:33:33.768+0000] {processor.py:925} INFO - DAG(s) 'example_bash_operator' retrieved from /home/airflow/.local/lib/python3.12/site-packages/airflow/example_dags/example_bash_operator.py
[2025-07-06T04:33:35.680+0000] {logging_mixin.py:190} INFO - [2025-07-06T04:33:35.673+0000] {override.py:1911} INFO - Created Permission View: can delete on DAG:example_bash_operator
[2025-07-06T04:33:35.750+0000] {logging_mixin.py:190} INFO - [2025-07-06T04:33:35.749+0000] {override.py:1911} INFO - Created Permission View: can edit on DAG:example_bash_operator
[2025-07-06T04:33:35.803+0000] {logging_mixin.py:190} INFO - [2025-07-06T04:33:35.803+0000] {override.py:1911} INFO - Created Permission View: can read on DAG:example_bash_operator
[2025-07-06T04:33:35.843+0000] {logging_mixin.py:190} INFO - [2025-07-06T04:33:35.842+0000] {override.py:1911} INFO - Created Permission View: can delete on DAG Run:example_bash_operator
[2025-07-06T04:33:35.885+0000] {logging_mixin.py:190} INFO - [2025-07-06T04:33:35.885+0000] {override.py:1911} INFO - Created Permission View: menu access on DAG Run:example_bash_operator
[2025-07-06T04:33:35.929+0000] {logging_mixin.py:190} INFO - [2025-07-06T04:33:35.929+0000] {override.py:1911} INFO - Created Permission View: can create on DAG Run:example_bash_operator
[2025-07-06T04:33:35.977+0000] {logging_mixin.py:190} INFO - [2025-07-06T04:33:35.976+0000] {override.py:1911} INFO - Created Permission View: can read on DAG Run:example_bash_operator
[2025-07-06T04:33:35.978+0000] {logging_mixin.py:190} INFO - [2025-07-06T04:33:35.978+0000] {dag.py:3239} INFO - Sync 1 DAGs
[2025-07-06T04:33:36.068+0000] {logging_mixin.py:190} INFO - [2025-07-06T04:33:36.068+0000] {dag.py:3262} INFO - Creating ORM DAG for example_bash_operator
[2025-07-06T04:33:36.167+0000] {logging_mixin.py:190} INFO - [2025-07-06T04:33:36.166+0000] {dag.py:4180} INFO - Setting next_dagrun for example_bash_operator to 2025-07-05 00:00:00+00:00, run_after=2025-07-06 00:00:00+00:00
[2025-07-06T04:33:36.296+0000] {processor.py:208} INFO - Processing /home/airflow/.local/lib/python3.12/site-packages/airflow/example_dags/example_bash_operator.py took 2.832 seconds
[2025-07-06T04:34:21.768+0000] {processor.py:186} INFO - Started process (PID=140) to work on /home/airflow/.local/lib/python3.12/site-packages/airflow/example_dags/example_bash_operator.py
[2025-07-06T04:34:21.774+0000] {processor.py:914} INFO - Processing file /home/airflow/.local/lib/python3.12/site-packages/airflow/example_dags/example_bash_operator.py for tasks to queue
[2025-07-06T04:34:21.777+0000] {logging_mixin.py:190} INFO - [2025-07-06T04:34:21.776+0000] {dagbag.py:588} INFO - Filling up the DagBag from /home/airflow/.local/lib/python3.12/site-packages/airflow/example_dags/example_bash_operator.py
[2025-07-06T04:34:21.814+0000] {processor.py:925} INFO - DAG(s) 'example_bash_operator' retrieved from /home/airflow/.local/lib/python3.12/site-packages/airflow/example_dags/example_bash_operator.py
[2025-07-06T04:34:21.851+0000] {logging_mixin.py:190} INFO - [2025-07-06T04:34:21.850+0000] {dag.py:3239} INFO - Sync 1 DAGs
[2025-07-06T04:34:21.897+0000] {logging_mixin.py:190} INFO - [2025-07-06T04:34:21.897+0000] {dag.py:4180} INFO - Setting next_dagrun for example_bash_operator to 2025-07-05 00:00:00+00:00, run_after=2025-07-06 00:00:00+00:00
[2025-07-06T04:34:21.917+0000] {processor.py:208} INFO - Processing /home/airflow/.local/lib/python3.12/site-packages/airflow/example_dags/example_bash_operator.py took 0.155 seconds
[2025-07-06T04:34:52.010+0000] {processor.py:186} INFO - Started process (PID=196) to work on /home/airflow/.local/lib/python3.12/site-packages/airflow/example_dags/example_bash_operator.py
[2025-07-06T04:34:52.011+0000] {processor.py:914} INFO - Processing file /home/airflow/.local/lib/python3.12/site-packages/airflow/example_dags/example_bash_operator.py for tasks to queue
[2025-07-06T04:34:52.013+0000] {logging_mixin.py:190} INFO - [2025-07-06T04:34:52.013+0000] {dagbag.py:588} INFO - Filling up the DagBag from /home/airflow/.local/lib/python3.12/site-packages/airflow/example_dags/example_bash_operator.py
[2025-07-06T04:34:52.040+0000] {processor.py:925} INFO - DAG(s) 'example_bash_operator' retrieved from /home/airflow/.local/lib/python3.12/site-packages/airflow/example_dags/example_bash_operator.py
[2025-07-06T04:34:52.088+0000] {logging_mixin.py:190} INFO - [2025-07-06T04:34:52.088+0000] {dag.py:3239} INFO - Sync 1 DAGs
[2025-07-06T04:34:52.154+0000] {logging_mixin.py:190} INFO - [2025-07-06T04:34:52.154+0000] {dag.py:4180} INFO - Setting next_dagrun for example_bash_operator to 2025-07-05 00:00:00+00:00, run_after=2025-07-06 00:00:00+00:00
[2025-07-06T04:34:52.191+0000] {processor.py:208} INFO - Processing /home/airflow/.local/lib/python3.12/site-packages/airflow/example_dags/example_bash_operator.py took 0.188 seconds
[2025-07-06T04:35:22.271+0000] {processor.py:186} INFO - Started process (PID=253) to work on /home/airflow/.local/lib/python3.12/site-packages/airflow/example_dags/example_bash_operator.py
[2025-07-06T04:35:22.272+0000] {processor.py:914} INFO - Processing file /home/airflow/.local/lib/python3.12/site-packages/airflow/example_dags/example_bash_operator.py for tasks to queue
[2025-07-06T04:35:22.275+0000] {logging_mixin.py:190} INFO - [2025-07-06T04:35:22.274+0000] {dagbag.py:588} INFO - Filling up the DagBag from /home/airflow/.local/lib/python3.12/site-packages/airflow/example_dags/example_bash_operator.py
[2025-07-06T04:35:22.293+0000] {processor.py:925} INFO - DAG(s) 'example_bash_operator' retrieved from /home/airflow/.local/lib/python3.12/site-packages/airflow/example_dags/example_bash_operator.py
[2025-07-06T04:35:22.348+0000] {logging_mixin.py:190} INFO - [2025-07-06T04:35:22.347+0000] {dag.py:3239} INFO - Sync 1 DAGs
[2025-07-06T04:35:22.392+0000] {logging_mixin.py:190} INFO - [2025-07-06T04:35:22.392+0000] {dag.py:4180} INFO - Setting next_dagrun for example_bash_operator to 2025-07-05 00:00:00+00:00, run_after=2025-07-06 00:00:00+00:00
[2025-07-06T04:35:22.467+0000] {processor.py:208} INFO - Processing /home/airflow/.local/lib/python3.12/site-packages/airflow/example_dags/example_bash_operator.py took 0.201 seconds
[2025-07-06T04:35:52.685+0000] {processor.py:186} INFO - Started process (PID=311) to work on /home/airflow/.local/lib/python3.12/site-packages/airflow/example_dags/example_bash_operator.py
[2025-07-06T04:35:52.691+0000] {processor.py:914} INFO - Processing file /home/airflow/.local/lib/python3.12/site-packages/airflow/example_dags/example_bash_operator.py for tasks to queue
[2025-07-06T04:35:52.696+0000] {logging_mixin.py:190} INFO - [2025-07-06T04:35:52.695+0000] {dagbag.py:588} INFO - Filling up the DagBag from /home/airflow/.local/lib/python3.12/site-packages/airflow/example_dags/example_bash_operator.py
[2025-07-06T04:35:52.768+0000] {processor.py:925} INFO - DAG(s) 'example_bash_operator' retrieved from /home/airflow/.local/lib/python3.12/site-packages/airflow/example_dags/example_bash_operator.py
[2025-07-06T04:35:52.914+0000] {logging_mixin.py:190} INFO - [2025-07-06T04:35:52.914+0000] {dag.py:3239} INFO - Sync 1 DAGs
[2025-07-06T04:35:53.077+0000] {logging_mixin.py:190} INFO - [2025-07-06T04:35:53.077+0000] {dag.py:4180} INFO - Setting next_dagrun for example_bash_operator to 2025-07-05 00:00:00+00:00, run_after=2025-07-06 00:00:00+00:00
[2025-07-06T04:35:53.221+0000] {processor.py:208} INFO - Processing /home/airflow/.local/lib/python3.12/site-packages/airflow/example_dags/example_bash_operator.py took 0.552 seconds
[2025-07-06T04:36:24.065+0000] {processor.py:186} INFO - Started process (PID=374) to work on /home/airflow/.local/lib/python3.12/site-packages/airflow/example_dags/example_bash_operator.py
[2025-07-06T04:36:24.066+0000] {processor.py:914} INFO - Processing file /home/airflow/.local/lib/python3.12/site-packages/airflow/example_dags/example_bash_operator.py for tasks to queue
[2025-07-06T04:36:24.068+0000] {logging_mixin.py:190} INFO - [2025-07-06T04:36:24.068+0000] {dagbag.py:588} INFO - Filling up the DagBag from /home/airflow/.local/lib/python3.12/site-packages/airflow/example_dags/example_bash_operator.py
[2025-07-06T04:36:24.083+0000] {processor.py:925} INFO - DAG(s) 'example_bash_operator' retrieved from /home/airflow/.local/lib/python3.12/site-packages/airflow/example_dags/example_bash_operator.py
[2025-07-06T04:36:24.119+0000] {logging_mixin.py:190} INFO - [2025-07-06T04:36:24.119+0000] {dag.py:3239} INFO - Sync 1 DAGs
[2025-07-06T04:36:24.149+0000] {logging_mixin.py:190} INFO - [2025-07-06T04:36:24.149+0000] {dag.py:4180} INFO - Setting next_dagrun for example_bash_operator to 2025-07-05 00:00:00+00:00, run_after=2025-07-06 00:00:00+00:00
[2025-07-06T04:36:24.170+0000] {processor.py:208} INFO - Processing /home/airflow/.local/lib/python3.12/site-packages/airflow/example_dags/example_bash_operator.py took 0.112 seconds
[2025-07-06T04:36:54.627+0000] {processor.py:186} INFO - Started process (PID=437) to work on /home/airflow/.local/lib/python3.12/site-packages/airflow/example_dags/example_bash_operator.py
[2025-07-06T04:36:54.628+0000] {processor.py:914} INFO - Processing file /home/airflow/.local/lib/python3.12/site-packages/airflow/example_dags/example_bash_operator.py for tasks to queue
[2025-07-06T04:36:54.630+0000] {logging_mixin.py:190} INFO - [2025-07-06T04:36:54.630+0000] {dagbag.py:588} INFO - Filling up the DagBag from /home/airflow/.local/lib/python3.12/site-packages/airflow/example_dags/example_bash_operator.py
[2025-07-06T04:36:54.645+0000] {processor.py:925} INFO - DAG(s) 'example_bash_operator' retrieved from /home/airflow/.local/lib/python3.12/site-packages/airflow/example_dags/example_bash_operator.py
[2025-07-06T04:36:54.679+0000] {logging_mixin.py:190} INFO - [2025-07-06T04:36:54.679+0000] {dag.py:3239} INFO - Sync 1 DAGs
[2025-07-06T04:36:54.709+0000] {logging_mixin.py:190} INFO - [2025-07-06T04:36:54.709+0000] {dag.py:4180} INFO - Setting next_dagrun for example_bash_operator to 2025-07-05 00:00:00+00:00, run_after=2025-07-06 00:00:00+00:00
[2025-07-06T04:36:54.728+0000] {processor.py:208} INFO - Processing /home/airflow/.local/lib/python3.12/site-packages/airflow/example_dags/example_bash_operator.py took 0.107 seconds
[2025-07-06T04:37:24.975+0000] {processor.py:186} INFO - Started process (PID=500) to work on /home/airflow/.local/lib/python3.12/site-packages/airflow/example_dags/example_bash_operator.py
[2025-07-06T04:37:24.976+0000] {processor.py:914} INFO - Processing file /home/airflow/.local/lib/python3.12/site-packages/airflow/example_dags/example_bash_operator.py for tasks to queue
[2025-07-06T04:37:24.979+0000] {logging_mixin.py:190} INFO - [2025-07-06T04:37:24.978+0000] {dagbag.py:588} INFO - Filling up the DagBag from /home/airflow/.local/lib/python3.12/site-packages/airflow/example_dags/example_bash_operator.py
[2025-07-06T04:37:24.994+0000] {processor.py:925} INFO - DAG(s) 'example_bash_operator' retrieved from /home/airflow/.local/lib/python3.12/site-packages/airflow/example_dags/example_bash_operator.py
[2025-07-06T04:37:25.029+0000] {logging_mixin.py:190} INFO - [2025-07-06T04:37:25.028+0000] {dag.py:3239} INFO - Sync 1 DAGs
[2025-07-06T04:37:25.059+0000] {logging_mixin.py:190} INFO - [2025-07-06T04:37:25.059+0000] {dag.py:4180} INFO - Setting next_dagrun for example_bash_operator to 2025-07-05 00:00:00+00:00, run_after=2025-07-06 00:00:00+00:00
[2025-07-06T04:37:25.082+0000] {processor.py:208} INFO - Processing /home/airflow/.local/lib/python3.12/site-packages/airflow/example_dags/example_bash_operator.py took 0.113 seconds
[2025-07-06T04:37:55.243+0000] {processor.py:186} INFO - Started process (PID=563) to work on /home/airflow/.local/lib/python3.12/site-packages/airflow/example_dags/example_bash_operator.py
[2025-07-06T04:37:55.244+0000] {processor.py:914} INFO - Processing file /home/airflow/.local/lib/python3.12/site-packages/airflow/example_dags/example_bash_operator.py for tasks to queue
[2025-07-06T04:37:55.247+0000] {logging_mixin.py:190} INFO - [2025-07-06T04:37:55.247+0000] {dagbag.py:588} INFO - Filling up the DagBag from /home/airflow/.local/lib/python3.12/site-packages/airflow/example_dags/example_bash_operator.py
[2025-07-06T04:37:55.262+0000] {processor.py:925} INFO - DAG(s) 'example_bash_operator' retrieved from /home/airflow/.local/lib/python3.12/site-packages/airflow/example_dags/example_bash_operator.py
[2025-07-06T04:37:55.296+0000] {logging_mixin.py:190} INFO - [2025-07-06T04:37:55.296+0000] {dag.py:3239} INFO - Sync 1 DAGs
[2025-07-06T04:37:55.340+0000] {logging_mixin.py:190} INFO - [2025-07-06T04:37:55.339+0000] {dag.py:4180} INFO - Setting next_dagrun for example_bash_operator to 2025-07-05 00:00:00+00:00, run_after=2025-07-06 00:00:00+00:00
[2025-07-06T04:37:55.359+0000] {processor.py:208} INFO - Processing /home/airflow/.local/lib/python3.12/site-packages/airflow/example_dags/example_bash_operator.py took 0.125 seconds
[2025-07-06T04:38:25.478+0000] {processor.py:186} INFO - Started process (PID=626) to work on /home/airflow/.local/lib/python3.12/site-packages/airflow/example_dags/example_bash_operator.py
[2025-07-06T04:38:25.479+0000] {processor.py:914} INFO - Processing file /home/airflow/.local/lib/python3.12/site-packages/airflow/example_dags/example_bash_operator.py for tasks to queue
[2025-07-06T04:38:25.482+0000] {logging_mixin.py:190} INFO - [2025-07-06T04:38:25.482+0000] {dagbag.py:588} INFO - Filling up the DagBag from /home/airflow/.local/lib/python3.12/site-packages/airflow/example_dags/example_bash_operator.py
[2025-07-06T04:38:25.498+0000] {processor.py:925} INFO - DAG(s) 'example_bash_operator' retrieved from /home/airflow/.local/lib/python3.12/site-packages/airflow/example_dags/example_bash_operator.py
[2025-07-06T04:38:25.534+0000] {logging_mixin.py:190} INFO - [2025-07-06T04:38:25.534+0000] {dag.py:3239} INFO - Sync 1 DAGs
[2025-07-06T04:38:25.565+0000] {logging_mixin.py:190} INFO - [2025-07-06T04:38:25.565+0000] {dag.py:4180} INFO - Setting next_dagrun for example_bash_operator to 2025-07-05 00:00:00+00:00, run_after=2025-07-06 00:00:00+00:00
[2025-07-06T04:38:25.585+0000] {processor.py:208} INFO - Processing /home/airflow/.local/lib/python3.12/site-packages/airflow/example_dags/example_bash_operator.py took 0.114 seconds
[2025-07-06T04:38:56.234+0000] {processor.py:186} INFO - Started process (PID=689) to work on /home/airflow/.local/lib/python3.12/site-packages/airflow/example_dags/example_bash_operator.py
[2025-07-06T04:38:56.242+0000] {processor.py:914} INFO - Processing file /home/airflow/.local/lib/python3.12/site-packages/airflow/example_dags/example_bash_operator.py for tasks to queue
[2025-07-06T04:38:56.260+0000] {logging_mixin.py:190} INFO - [2025-07-06T04:38:56.251+0000] {dagbag.py:588} INFO - Filling up the DagBag from /home/airflow/.local/lib/python3.12/site-packages/airflow/example_dags/example_bash_operator.py
[2025-07-06T04:38:56.321+0000] {processor.py:925} INFO - DAG(s) 'example_bash_operator' retrieved from /home/airflow/.local/lib/python3.12/site-packages/airflow/example_dags/example_bash_operator.py
[2025-07-06T04:38:56.439+0000] {logging_mixin.py:190} INFO - [2025-07-06T04:38:56.438+0000] {dag.py:3239} INFO - Sync 1 DAGs
[2025-07-06T04:38:56.543+0000] {logging_mixin.py:190} INFO - [2025-07-06T04:38:56.543+0000] {dag.py:4180} INFO - Setting next_dagrun for example_bash_operator to 2025-07-05 00:00:00+00:00, run_after=2025-07-06 00:00:00+00:00
[2025-07-06T04:38:56.612+0000] {processor.py:208} INFO - Processing /home/airflow/.local/lib/python3.12/site-packages/airflow/example_dags/example_bash_operator.py took 0.397 seconds
[2025-07-06T04:39:27.288+0000] {processor.py:186} INFO - Started process (PID=753) to work on /home/airflow/.local/lib/python3.12/site-packages/airflow/example_dags/example_bash_operator.py
[2025-07-06T04:39:27.288+0000] {processor.py:914} INFO - Processing file /home/airflow/.local/lib/python3.12/site-packages/airflow/example_dags/example_bash_operator.py for tasks to queue
[2025-07-06T04:39:27.291+0000] {logging_mixin.py:190} INFO - [2025-07-06T04:39:27.290+0000] {dagbag.py:588} INFO - Filling up the DagBag from /home/airflow/.local/lib/python3.12/site-packages/airflow/example_dags/example_bash_operator.py
[2025-07-06T04:39:27.302+0000] {processor.py:925} INFO - DAG(s) 'example_bash_operator' retrieved from /home/airflow/.local/lib/python3.12/site-packages/airflow/example_dags/example_bash_operator.py
[2025-07-06T04:39:27.326+0000] {logging_mixin.py:190} INFO - [2025-07-06T04:39:27.326+0000] {dag.py:3239} INFO - Sync 1 DAGs
[2025-07-06T04:39:27.347+0000] {logging_mixin.py:190} INFO - [2025-07-06T04:39:27.347+0000] {dag.py:4180} INFO - Setting next_dagrun for example_bash_operator to 2025-07-05 00:00:00+00:00, run_after=2025-07-06 00:00:00+00:00
[2025-07-06T04:39:27.364+0000] {processor.py:208} INFO - Processing /home/airflow/.local/lib/python3.12/site-packages/airflow/example_dags/example_bash_operator.py took 0.081 seconds
[2025-07-06T04:39:57.633+0000] {processor.py:186} INFO - Started process (PID=817) to work on /home/airflow/.local/lib/python3.12/site-packages/airflow/example_dags/example_bash_operator.py
[2025-07-06T04:39:57.633+0000] {processor.py:914} INFO - Processing file /home/airflow/.local/lib/python3.12/site-packages/airflow/example_dags/example_bash_operator.py for tasks to queue
[2025-07-06T04:39:57.636+0000] {logging_mixin.py:190} INFO - [2025-07-06T04:39:57.636+0000] {dagbag.py:588} INFO - Filling up the DagBag from /home/airflow/.local/lib/python3.12/site-packages/airflow/example_dags/example_bash_operator.py
[2025-07-06T04:39:57.651+0000] {processor.py:925} INFO - DAG(s) 'example_bash_operator' retrieved from /home/airflow/.local/lib/python3.12/site-packages/airflow/example_dags/example_bash_operator.py
[2025-07-06T04:39:57.686+0000] {logging_mixin.py:190} INFO - [2025-07-06T04:39:57.686+0000] {dag.py:3239} INFO - Sync 1 DAGs
[2025-07-06T04:39:57.737+0000] {logging_mixin.py:190} INFO - [2025-07-06T04:39:57.737+0000] {dag.py:4180} INFO - Setting next_dagrun for example_bash_operator to 2025-07-05 00:00:00+00:00, run_after=2025-07-06 00:00:00+00:00
[2025-07-06T04:39:57.758+0000] {processor.py:208} INFO - Processing /home/airflow/.local/lib/python3.12/site-packages/airflow/example_dags/example_bash_operator.py took 0.131 seconds
[2025-07-06T04:40:28.209+0000] {processor.py:186} INFO - Started process (PID=881) to work on /home/airflow/.local/lib/python3.12/site-packages/airflow/example_dags/example_bash_operator.py
[2025-07-06T04:40:28.210+0000] {processor.py:914} INFO - Processing file /home/airflow/.local/lib/python3.12/site-packages/airflow/example_dags/example_bash_operator.py for tasks to queue
[2025-07-06T04:40:28.212+0000] {logging_mixin.py:190} INFO - [2025-07-06T04:40:28.212+0000] {dagbag.py:588} INFO - Filling up the DagBag from /home/airflow/.local/lib/python3.12/site-packages/airflow/example_dags/example_bash_operator.py
[2025-07-06T04:40:28.227+0000] {processor.py:925} INFO - DAG(s) 'example_bash_operator' retrieved from /home/airflow/.local/lib/python3.12/site-packages/airflow/example_dags/example_bash_operator.py
[2025-07-06T04:40:28.262+0000] {logging_mixin.py:190} INFO - [2025-07-06T04:40:28.261+0000] {dag.py:3239} INFO - Sync 1 DAGs
[2025-07-06T04:40:28.292+0000] {logging_mixin.py:190} INFO - [2025-07-06T04:40:28.292+0000] {dag.py:4180} INFO - Setting next_dagrun for example_bash_operator to 2025-07-05 00:00:00+00:00, run_after=2025-07-06 00:00:00+00:00
[2025-07-06T04:40:28.319+0000] {processor.py:208} INFO - Processing /home/airflow/.local/lib/python3.12/site-packages/airflow/example_dags/example_bash_operator.py took 0.116 seconds
[2025-07-06T04:40:58.583+0000] {processor.py:186} INFO - Started process (PID=945) to work on /home/airflow/.local/lib/python3.12/site-packages/airflow/example_dags/example_bash_operator.py
[2025-07-06T04:40:58.584+0000] {processor.py:914} INFO - Processing file /home/airflow/.local/lib/python3.12/site-packages/airflow/example_dags/example_bash_operator.py for tasks to queue
[2025-07-06T04:40:58.587+0000] {logging_mixin.py:190} INFO - [2025-07-06T04:40:58.587+0000] {dagbag.py:588} INFO - Filling up the DagBag from /home/airflow/.local/lib/python3.12/site-packages/airflow/example_dags/example_bash_operator.py
[2025-07-06T04:40:58.603+0000] {processor.py:925} INFO - DAG(s) 'example_bash_operator' retrieved from /home/airflow/.local/lib/python3.12/site-packages/airflow/example_dags/example_bash_operator.py
[2025-07-06T04:40:58.638+0000] {logging_mixin.py:190} INFO - [2025-07-06T04:40:58.638+0000] {dag.py:3239} INFO - Sync 1 DAGs
[2025-07-06T04:40:58.674+0000] {logging_mixin.py:190} INFO - [2025-07-06T04:40:58.673+0000] {dag.py:4180} INFO - Setting next_dagrun for example_bash_operator to 2025-07-05 00:00:00+00:00, run_after=2025-07-06 00:00:00+00:00
[2025-07-06T04:40:58.695+0000] {processor.py:208} INFO - Processing /home/airflow/.local/lib/python3.12/site-packages/airflow/example_dags/example_bash_operator.py took 0.118 seconds
[2025-07-06T04:41:28.935+0000] {processor.py:186} INFO - Started process (PID=1009) to work on /home/airflow/.local/lib/python3.12/site-packages/airflow/example_dags/example_bash_operator.py
[2025-07-06T04:41:28.936+0000] {processor.py:914} INFO - Processing file /home/airflow/.local/lib/python3.12/site-packages/airflow/example_dags/example_bash_operator.py for tasks to queue
[2025-07-06T04:41:28.938+0000] {logging_mixin.py:190} INFO - [2025-07-06T04:41:28.938+0000] {dagbag.py:588} INFO - Filling up the DagBag from /home/airflow/.local/lib/python3.12/site-packages/airflow/example_dags/example_bash_operator.py
[2025-07-06T04:41:28.953+0000] {processor.py:925} INFO - DAG(s) 'example_bash_operator' retrieved from /home/airflow/.local/lib/python3.12/site-packages/airflow/example_dags/example_bash_operator.py
[2025-07-06T04:41:28.987+0000] {logging_mixin.py:190} INFO - [2025-07-06T04:41:28.987+0000] {dag.py:3239} INFO - Sync 1 DAGs
[2025-07-06T04:41:29.017+0000] {logging_mixin.py:190} INFO - [2025-07-06T04:41:29.017+0000] {dag.py:4180} INFO - Setting next_dagrun for example_bash_operator to 2025-07-05 00:00:00+00:00, run_after=2025-07-06 00:00:00+00:00
[2025-07-06T04:41:29.040+0000] {processor.py:208} INFO - Processing /home/airflow/.local/lib/python3.12/site-packages/airflow/example_dags/example_bash_operator.py took 0.111 seconds
[2025-07-06T04:41:59.638+0000] {processor.py:186} INFO - Started process (PID=1073) to work on /home/airflow/.local/lib/python3.12/site-packages/airflow/example_dags/example_bash_operator.py
[2025-07-06T04:41:59.639+0000] {processor.py:914} INFO - Processing file /home/airflow/.local/lib/python3.12/site-packages/airflow/example_dags/example_bash_operator.py for tasks to queue
[2025-07-06T04:41:59.641+0000] {logging_mixin.py:190} INFO - [2025-07-06T04:41:59.641+0000] {dagbag.py:588} INFO - Filling up the DagBag from /home/airflow/.local/lib/python3.12/site-packages/airflow/example_dags/example_bash_operator.py
[2025-07-06T04:41:59.660+0000] {processor.py:925} INFO - DAG(s) 'example_bash_operator' retrieved from /home/airflow/.local/lib/python3.12/site-packages/airflow/example_dags/example_bash_operator.py
[2025-07-06T04:41:59.695+0000] {logging_mixin.py:190} INFO - [2025-07-06T04:41:59.695+0000] {dag.py:3239} INFO - Sync 1 DAGs
[2025-07-06T04:41:59.726+0000] {logging_mixin.py:190} INFO - [2025-07-06T04:41:59.725+0000] {dag.py:4180} INFO - Setting next_dagrun for example_bash_operator to 2025-07-05 00:00:00+00:00, run_after=2025-07-06 00:00:00+00:00
[2025-07-06T04:41:59.747+0000] {processor.py:208} INFO - Processing /home/airflow/.local/lib/python3.12/site-packages/airflow/example_dags/example_bash_operator.py took 0.115 seconds
[2025-07-06T04:42:30.088+0000] {processor.py:186} INFO - Started process (PID=1136) to work on /home/airflow/.local/lib/python3.12/site-packages/airflow/example_dags/example_bash_operator.py
[2025-07-06T04:42:30.088+0000] {processor.py:914} INFO - Processing file /home/airflow/.local/lib/python3.12/site-packages/airflow/example_dags/example_bash_operator.py for tasks to queue
[2025-07-06T04:42:30.095+0000] {logging_mixin.py:190} INFO - [2025-07-06T04:42:30.094+0000] {dagbag.py:588} INFO - Filling up the DagBag from /home/airflow/.local/lib/python3.12/site-packages/airflow/example_dags/example_bash_operator.py
[2025-07-06T04:42:30.127+0000] {processor.py:925} INFO - DAG(s) 'example_bash_operator' retrieved from /home/airflow/.local/lib/python3.12/site-packages/airflow/example_dags/example_bash_operator.py
[2025-07-06T04:42:30.268+0000] {logging_mixin.py:190} INFO - [2025-07-06T04:42:30.267+0000] {dag.py:3239} INFO - Sync 1 DAGs
[2025-07-06T04:42:30.336+0000] {logging_mixin.py:190} INFO - [2025-07-06T04:42:30.336+0000] {dag.py:4180} INFO - Setting next_dagrun for example_bash_operator to 2025-07-05 00:00:00+00:00, run_after=2025-07-06 00:00:00+00:00
[2025-07-06T04:42:30.388+0000] {processor.py:208} INFO - Processing /home/airflow/.local/lib/python3.12/site-packages/airflow/example_dags/example_bash_operator.py took 0.316 seconds
[2025-07-06T04:43:00.601+0000] {processor.py:186} INFO - Started process (PID=1200) to work on /home/airflow/.local/lib/python3.12/site-packages/airflow/example_dags/example_bash_operator.py
[2025-07-06T04:43:00.602+0000] {processor.py:914} INFO - Processing file /home/airflow/.local/lib/python3.12/site-packages/airflow/example_dags/example_bash_operator.py for tasks to queue
[2025-07-06T04:43:00.604+0000] {logging_mixin.py:190} INFO - [2025-07-06T04:43:00.604+0000] {dagbag.py:588} INFO - Filling up the DagBag from /home/airflow/.local/lib/python3.12/site-packages/airflow/example_dags/example_bash_operator.py
[2025-07-06T04:43:00.619+0000] {processor.py:925} INFO - DAG(s) 'example_bash_operator' retrieved from /home/airflow/.local/lib/python3.12/site-packages/airflow/example_dags/example_bash_operator.py
[2025-07-06T04:43:00.653+0000] {logging_mixin.py:190} INFO - [2025-07-06T04:43:00.653+0000] {dag.py:3239} INFO - Sync 1 DAGs
[2025-07-06T04:43:00.683+0000] {logging_mixin.py:190} INFO - [2025-07-06T04:43:00.683+0000] {dag.py:4180} INFO - Setting next_dagrun for example_bash_operator to 2025-07-05 00:00:00+00:00, run_after=2025-07-06 00:00:00+00:00
[2025-07-06T04:43:00.707+0000] {processor.py:208} INFO - Processing /home/airflow/.local/lib/python3.12/site-packages/airflow/example_dags/example_bash_operator.py took 0.112 seconds
