[2025-07-06T04:34:20.320+0000] {processor.py:186} INFO - Started process (PID=129) to work on /home/airflow/.local/lib/python3.12/site-packages/airflow/example_dags/example_setup_teardown_taskflow.py
[2025-07-06T04:34:20.321+0000] {processor.py:914} INFO - Processing file /home/airflow/.local/lib/python3.12/site-packages/airflow/example_dags/example_setup_teardown_taskflow.py for tasks to queue
[2025-07-06T04:34:20.323+0000] {logging_mixin.py:190} INFO - [2025-07-06T04:34:20.322+0000] {dagbag.py:588} INFO - Filling up the DagBag from /home/airflow/.local/lib/python3.12/site-packages/airflow/example_dags/example_setup_teardown_taskflow.py
[2025-07-06T04:34:20.356+0000] {processor.py:925} INFO - DAG(s) 'example_setup_teardown_taskflow' retrieved from /home/airflow/.local/lib/python3.12/site-packages/airflow/example_dags/example_setup_teardown_taskflow.py
[2025-07-06T04:34:20.538+0000] {logging_mixin.py:190} INFO - [2025-07-06T04:34:20.537+0000] {override.py:1911} INFO - Created Permission View: can delete on DAG:example_setup_teardown_taskflow
[2025-07-06T04:34:20.549+0000] {logging_mixin.py:190} INFO - [2025-07-06T04:34:20.549+0000] {override.py:1911} INFO - Created Permission View: can edit on DAG:example_setup_teardown_taskflow
[2025-07-06T04:34:20.555+0000] {logging_mixin.py:190} INFO - [2025-07-06T04:34:20.554+0000] {override.py:1911} INFO - Created Permission View: can read on DAG:example_setup_teardown_taskflow
[2025-07-06T04:34:20.561+0000] {logging_mixin.py:190} INFO - [2025-07-06T04:34:20.561+0000] {override.py:1911} INFO - Created Permission View: can delete on DAG Run:example_setup_teardown_taskflow
[2025-07-06T04:34:20.579+0000] {logging_mixin.py:190} INFO - [2025-07-06T04:34:20.578+0000] {override.py:1911} INFO - Created Permission View: menu access on DAG Run:example_setup_teardown_taskflow
[2025-07-06T04:34:20.601+0000] {logging_mixin.py:190} INFO - [2025-07-06T04:34:20.601+0000] {override.py:1911} INFO - Created Permission View: can create on DAG Run:example_setup_teardown_taskflow
[2025-07-06T04:34:20.611+0000] {logging_mixin.py:190} INFO - [2025-07-06T04:34:20.608+0000] {override.py:1911} INFO - Created Permission View: can read on DAG Run:example_setup_teardown_taskflow
[2025-07-06T04:34:20.612+0000] {logging_mixin.py:190} INFO - [2025-07-06T04:34:20.611+0000] {dag.py:3239} INFO - Sync 1 DAGs
[2025-07-06T04:34:20.679+0000] {logging_mixin.py:190} INFO - [2025-07-06T04:34:20.678+0000] {dag.py:3262} INFO - Creating ORM DAG for example_setup_teardown_taskflow
[2025-07-06T04:34:20.681+0000] {logging_mixin.py:190} INFO - [2025-07-06T04:34:20.680+0000] {dag.py:4180} INFO - Setting next_dagrun for example_setup_teardown_taskflow to None, run_after=None
[2025-07-06T04:34:20.720+0000] {processor.py:208} INFO - Processing /home/airflow/.local/lib/python3.12/site-packages/airflow/example_dags/example_setup_teardown_taskflow.py took 0.407 seconds
[2025-07-06T04:34:51.535+0000] {processor.py:186} INFO - Started process (PID=192) to work on /home/airflow/.local/lib/python3.12/site-packages/airflow/example_dags/example_setup_teardown_taskflow.py
[2025-07-06T04:34:51.538+0000] {processor.py:914} INFO - Processing file /home/airflow/.local/lib/python3.12/site-packages/airflow/example_dags/example_setup_teardown_taskflow.py for tasks to queue
[2025-07-06T04:34:51.542+0000] {logging_mixin.py:190} INFO - [2025-07-06T04:34:51.541+0000] {dagbag.py:588} INFO - Filling up the DagBag from /home/airflow/.local/lib/python3.12/site-packages/airflow/example_dags/example_setup_teardown_taskflow.py
[2025-07-06T04:34:51.558+0000] {processor.py:925} INFO - DAG(s) 'example_setup_teardown_taskflow' retrieved from /home/airflow/.local/lib/python3.12/site-packages/airflow/example_dags/example_setup_teardown_taskflow.py
[2025-07-06T04:34:51.617+0000] {logging_mixin.py:190} INFO - [2025-07-06T04:34:51.616+0000] {dag.py:3239} INFO - Sync 1 DAGs
[2025-07-06T04:34:51.657+0000] {logging_mixin.py:190} INFO - [2025-07-06T04:34:51.657+0000] {dag.py:4180} INFO - Setting next_dagrun for example_setup_teardown_taskflow to None, run_after=None
[2025-07-06T04:34:51.702+0000] {processor.py:208} INFO - Processing /home/airflow/.local/lib/python3.12/site-packages/airflow/example_dags/example_setup_teardown_taskflow.py took 0.182 seconds
[2025-07-06T04:35:22.569+0000] {processor.py:186} INFO - Started process (PID=255) to work on /home/airflow/.local/lib/python3.12/site-packages/airflow/example_dags/example_setup_teardown_taskflow.py
[2025-07-06T04:35:22.570+0000] {processor.py:914} INFO - Processing file /home/airflow/.local/lib/python3.12/site-packages/airflow/example_dags/example_setup_teardown_taskflow.py for tasks to queue
[2025-07-06T04:35:22.573+0000] {logging_mixin.py:190} INFO - [2025-07-06T04:35:22.573+0000] {dagbag.py:588} INFO - Filling up the DagBag from /home/airflow/.local/lib/python3.12/site-packages/airflow/example_dags/example_setup_teardown_taskflow.py
[2025-07-06T04:35:22.602+0000] {processor.py:925} INFO - DAG(s) 'example_setup_teardown_taskflow' retrieved from /home/airflow/.local/lib/python3.12/site-packages/airflow/example_dags/example_setup_teardown_taskflow.py
[2025-07-06T04:35:22.632+0000] {logging_mixin.py:190} INFO - [2025-07-06T04:35:22.632+0000] {dag.py:3239} INFO - Sync 1 DAGs
[2025-07-06T04:35:22.649+0000] {logging_mixin.py:190} INFO - [2025-07-06T04:35:22.649+0000] {dag.py:4180} INFO - Setting next_dagrun for example_setup_teardown_taskflow to None, run_after=None
[2025-07-06T04:35:22.665+0000] {processor.py:208} INFO - Processing /home/airflow/.local/lib/python3.12/site-packages/airflow/example_dags/example_setup_teardown_taskflow.py took 0.118 seconds
[2025-07-06T04:35:59.965+0000] {processor.py:186} INFO - Started process (PID=333) to work on /home/airflow/.local/lib/python3.12/site-packages/airflow/example_dags/example_setup_teardown_taskflow.py
[2025-07-06T04:35:59.968+0000] {processor.py:914} INFO - Processing file /home/airflow/.local/lib/python3.12/site-packages/airflow/example_dags/example_setup_teardown_taskflow.py for tasks to queue
[2025-07-06T04:35:59.974+0000] {logging_mixin.py:190} INFO - [2025-07-06T04:35:59.973+0000] {dagbag.py:588} INFO - Filling up the DagBag from /home/airflow/.local/lib/python3.12/site-packages/airflow/example_dags/example_setup_teardown_taskflow.py
[2025-07-06T04:35:59.992+0000] {processor.py:925} INFO - DAG(s) 'example_setup_teardown_taskflow' retrieved from /home/airflow/.local/lib/python3.12/site-packages/airflow/example_dags/example_setup_teardown_taskflow.py
[2025-07-06T04:36:00.044+0000] {logging_mixin.py:190} INFO - [2025-07-06T04:36:00.043+0000] {dag.py:3239} INFO - Sync 1 DAGs
[2025-07-06T04:36:00.096+0000] {logging_mixin.py:190} INFO - [2025-07-06T04:36:00.095+0000] {dag.py:4180} INFO - Setting next_dagrun for example_setup_teardown_taskflow to None, run_after=None
[2025-07-06T04:36:00.144+0000] {processor.py:208} INFO - Processing /home/airflow/.local/lib/python3.12/site-packages/airflow/example_dags/example_setup_teardown_taskflow.py took 0.192 seconds
[2025-07-06T04:36:31.532+0000] {processor.py:186} INFO - Started process (PID=396) to work on /home/airflow/.local/lib/python3.12/site-packages/airflow/example_dags/example_setup_teardown_taskflow.py
[2025-07-06T04:36:31.535+0000] {processor.py:914} INFO - Processing file /home/airflow/.local/lib/python3.12/site-packages/airflow/example_dags/example_setup_teardown_taskflow.py for tasks to queue
[2025-07-06T04:36:31.543+0000] {logging_mixin.py:190} INFO - [2025-07-06T04:36:31.542+0000] {dagbag.py:588} INFO - Filling up the DagBag from /home/airflow/.local/lib/python3.12/site-packages/airflow/example_dags/example_setup_teardown_taskflow.py
[2025-07-06T04:36:31.588+0000] {processor.py:925} INFO - DAG(s) 'example_setup_teardown_taskflow' retrieved from /home/airflow/.local/lib/python3.12/site-packages/airflow/example_dags/example_setup_teardown_taskflow.py
[2025-07-06T04:36:31.679+0000] {logging_mixin.py:190} INFO - [2025-07-06T04:36:31.679+0000] {dag.py:3239} INFO - Sync 1 DAGs
[2025-07-06T04:36:31.761+0000] {logging_mixin.py:190} INFO - [2025-07-06T04:36:31.760+0000] {dag.py:4180} INFO - Setting next_dagrun for example_setup_teardown_taskflow to None, run_after=None
[2025-07-06T04:36:31.853+0000] {processor.py:208} INFO - Processing /home/airflow/.local/lib/python3.12/site-packages/airflow/example_dags/example_setup_teardown_taskflow.py took 0.360 seconds
[2025-07-06T04:37:02.688+0000] {processor.py:186} INFO - Started process (PID=459) to work on /home/airflow/.local/lib/python3.12/site-packages/airflow/example_dags/example_setup_teardown_taskflow.py
[2025-07-06T04:37:02.689+0000] {processor.py:914} INFO - Processing file /home/airflow/.local/lib/python3.12/site-packages/airflow/example_dags/example_setup_teardown_taskflow.py for tasks to queue
[2025-07-06T04:37:02.691+0000] {logging_mixin.py:190} INFO - [2025-07-06T04:37:02.690+0000] {dagbag.py:588} INFO - Filling up the DagBag from /home/airflow/.local/lib/python3.12/site-packages/airflow/example_dags/example_setup_teardown_taskflow.py
[2025-07-06T04:37:02.703+0000] {processor.py:925} INFO - DAG(s) 'example_setup_teardown_taskflow' retrieved from /home/airflow/.local/lib/python3.12/site-packages/airflow/example_dags/example_setup_teardown_taskflow.py
[2025-07-06T04:37:02.731+0000] {logging_mixin.py:190} INFO - [2025-07-06T04:37:02.730+0000] {dag.py:3239} INFO - Sync 1 DAGs
[2025-07-06T04:37:02.749+0000] {logging_mixin.py:190} INFO - [2025-07-06T04:37:02.749+0000] {dag.py:4180} INFO - Setting next_dagrun for example_setup_teardown_taskflow to None, run_after=None
[2025-07-06T04:37:02.770+0000] {processor.py:208} INFO - Processing /home/airflow/.local/lib/python3.12/site-packages/airflow/example_dags/example_setup_teardown_taskflow.py took 0.088 seconds
[2025-07-06T04:37:33.160+0000] {processor.py:186} INFO - Started process (PID=522) to work on /home/airflow/.local/lib/python3.12/site-packages/airflow/example_dags/example_setup_teardown_taskflow.py
[2025-07-06T04:37:33.161+0000] {processor.py:914} INFO - Processing file /home/airflow/.local/lib/python3.12/site-packages/airflow/example_dags/example_setup_teardown_taskflow.py for tasks to queue
[2025-07-06T04:37:33.163+0000] {logging_mixin.py:190} INFO - [2025-07-06T04:37:33.162+0000] {dagbag.py:588} INFO - Filling up the DagBag from /home/airflow/.local/lib/python3.12/site-packages/airflow/example_dags/example_setup_teardown_taskflow.py
[2025-07-06T04:37:33.177+0000] {processor.py:925} INFO - DAG(s) 'example_setup_teardown_taskflow' retrieved from /home/airflow/.local/lib/python3.12/site-packages/airflow/example_dags/example_setup_teardown_taskflow.py
[2025-07-06T04:37:33.204+0000] {logging_mixin.py:190} INFO - [2025-07-06T04:37:33.204+0000] {dag.py:3239} INFO - Sync 1 DAGs
[2025-07-06T04:37:33.226+0000] {logging_mixin.py:190} INFO - [2025-07-06T04:37:33.226+0000] {dag.py:4180} INFO - Setting next_dagrun for example_setup_teardown_taskflow to None, run_after=None
[2025-07-06T04:37:33.246+0000] {processor.py:208} INFO - Processing /home/airflow/.local/lib/python3.12/site-packages/airflow/example_dags/example_setup_teardown_taskflow.py took 0.094 seconds
[2025-07-06T04:38:03.488+0000] {processor.py:186} INFO - Started process (PID=585) to work on /home/airflow/.local/lib/python3.12/site-packages/airflow/example_dags/example_setup_teardown_taskflow.py
[2025-07-06T04:38:03.488+0000] {processor.py:914} INFO - Processing file /home/airflow/.local/lib/python3.12/site-packages/airflow/example_dags/example_setup_teardown_taskflow.py for tasks to queue
[2025-07-06T04:38:03.491+0000] {logging_mixin.py:190} INFO - [2025-07-06T04:38:03.491+0000] {dagbag.py:588} INFO - Filling up the DagBag from /home/airflow/.local/lib/python3.12/site-packages/airflow/example_dags/example_setup_teardown_taskflow.py
[2025-07-06T04:38:03.503+0000] {processor.py:925} INFO - DAG(s) 'example_setup_teardown_taskflow' retrieved from /home/airflow/.local/lib/python3.12/site-packages/airflow/example_dags/example_setup_teardown_taskflow.py
[2025-07-06T04:38:03.530+0000] {logging_mixin.py:190} INFO - [2025-07-06T04:38:03.530+0000] {dag.py:3239} INFO - Sync 1 DAGs
[2025-07-06T04:38:03.549+0000] {logging_mixin.py:190} INFO - [2025-07-06T04:38:03.548+0000] {dag.py:4180} INFO - Setting next_dagrun for example_setup_teardown_taskflow to None, run_after=None
[2025-07-06T04:38:03.577+0000] {processor.py:208} INFO - Processing /home/airflow/.local/lib/python3.12/site-packages/airflow/example_dags/example_setup_teardown_taskflow.py took 0.095 seconds
[2025-07-06T04:38:34.287+0000] {processor.py:186} INFO - Started process (PID=649) to work on /home/airflow/.local/lib/python3.12/site-packages/airflow/example_dags/example_setup_teardown_taskflow.py
[2025-07-06T04:38:34.287+0000] {processor.py:914} INFO - Processing file /home/airflow/.local/lib/python3.12/site-packages/airflow/example_dags/example_setup_teardown_taskflow.py for tasks to queue
[2025-07-06T04:38:34.290+0000] {logging_mixin.py:190} INFO - [2025-07-06T04:38:34.289+0000] {dagbag.py:588} INFO - Filling up the DagBag from /home/airflow/.local/lib/python3.12/site-packages/airflow/example_dags/example_setup_teardown_taskflow.py
[2025-07-06T04:38:34.302+0000] {processor.py:925} INFO - DAG(s) 'example_setup_teardown_taskflow' retrieved from /home/airflow/.local/lib/python3.12/site-packages/airflow/example_dags/example_setup_teardown_taskflow.py
[2025-07-06T04:38:34.329+0000] {logging_mixin.py:190} INFO - [2025-07-06T04:38:34.329+0000] {dag.py:3239} INFO - Sync 1 DAGs
[2025-07-06T04:38:34.347+0000] {logging_mixin.py:190} INFO - [2025-07-06T04:38:34.347+0000] {dag.py:4180} INFO - Setting next_dagrun for example_setup_teardown_taskflow to None, run_after=None
[2025-07-06T04:38:34.368+0000] {processor.py:208} INFO - Processing /home/airflow/.local/lib/python3.12/site-packages/airflow/example_dags/example_setup_teardown_taskflow.py took 0.088 seconds
[2025-07-06T04:39:05.262+0000] {processor.py:186} INFO - Started process (PID=713) to work on /home/airflow/.local/lib/python3.12/site-packages/airflow/example_dags/example_setup_teardown_taskflow.py
[2025-07-06T04:39:05.263+0000] {processor.py:914} INFO - Processing file /home/airflow/.local/lib/python3.12/site-packages/airflow/example_dags/example_setup_teardown_taskflow.py for tasks to queue
[2025-07-06T04:39:05.266+0000] {logging_mixin.py:190} INFO - [2025-07-06T04:39:05.265+0000] {dagbag.py:588} INFO - Filling up the DagBag from /home/airflow/.local/lib/python3.12/site-packages/airflow/example_dags/example_setup_teardown_taskflow.py
[2025-07-06T04:39:05.278+0000] {processor.py:925} INFO - DAG(s) 'example_setup_teardown_taskflow' retrieved from /home/airflow/.local/lib/python3.12/site-packages/airflow/example_dags/example_setup_teardown_taskflow.py
[2025-07-06T04:39:05.307+0000] {logging_mixin.py:190} INFO - [2025-07-06T04:39:05.307+0000] {dag.py:3239} INFO - Sync 1 DAGs
[2025-07-06T04:39:05.327+0000] {logging_mixin.py:190} INFO - [2025-07-06T04:39:05.326+0000] {dag.py:4180} INFO - Setting next_dagrun for example_setup_teardown_taskflow to None, run_after=None
[2025-07-06T04:39:05.349+0000] {processor.py:208} INFO - Processing /home/airflow/.local/lib/python3.12/site-packages/airflow/example_dags/example_setup_teardown_taskflow.py took 0.098 seconds
[2025-07-06T04:39:35.407+0000] {processor.py:186} INFO - Started process (PID=776) to work on /home/airflow/.local/lib/python3.12/site-packages/airflow/example_dags/example_setup_teardown_taskflow.py
[2025-07-06T04:39:35.408+0000] {processor.py:914} INFO - Processing file /home/airflow/.local/lib/python3.12/site-packages/airflow/example_dags/example_setup_teardown_taskflow.py for tasks to queue
[2025-07-06T04:39:35.411+0000] {logging_mixin.py:190} INFO - [2025-07-06T04:39:35.410+0000] {dagbag.py:588} INFO - Filling up the DagBag from /home/airflow/.local/lib/python3.12/site-packages/airflow/example_dags/example_setup_teardown_taskflow.py
[2025-07-06T04:39:35.424+0000] {processor.py:925} INFO - DAG(s) 'example_setup_teardown_taskflow' retrieved from /home/airflow/.local/lib/python3.12/site-packages/airflow/example_dags/example_setup_teardown_taskflow.py
[2025-07-06T04:39:35.452+0000] {logging_mixin.py:190} INFO - [2025-07-06T04:39:35.452+0000] {dag.py:3239} INFO - Sync 1 DAGs
[2025-07-06T04:39:35.471+0000] {logging_mixin.py:190} INFO - [2025-07-06T04:39:35.471+0000] {dag.py:4180} INFO - Setting next_dagrun for example_setup_teardown_taskflow to None, run_after=None
[2025-07-06T04:39:35.493+0000] {processor.py:208} INFO - Processing /home/airflow/.local/lib/python3.12/site-packages/airflow/example_dags/example_setup_teardown_taskflow.py took 0.093 seconds
[2025-07-06T04:40:06.781+0000] {processor.py:186} INFO - Started process (PID=840) to work on /home/airflow/.local/lib/python3.12/site-packages/airflow/example_dags/example_setup_teardown_taskflow.py
[2025-07-06T04:40:06.785+0000] {processor.py:914} INFO - Processing file /home/airflow/.local/lib/python3.12/site-packages/airflow/example_dags/example_setup_teardown_taskflow.py for tasks to queue
[2025-07-06T04:40:06.790+0000] {logging_mixin.py:190} INFO - [2025-07-06T04:40:06.790+0000] {dagbag.py:588} INFO - Filling up the DagBag from /home/airflow/.local/lib/python3.12/site-packages/airflow/example_dags/example_setup_teardown_taskflow.py
[2025-07-06T04:40:06.820+0000] {processor.py:925} INFO - DAG(s) 'example_setup_teardown_taskflow' retrieved from /home/airflow/.local/lib/python3.12/site-packages/airflow/example_dags/example_setup_teardown_taskflow.py
[2025-07-06T04:40:06.875+0000] {logging_mixin.py:190} INFO - [2025-07-06T04:40:06.875+0000] {dag.py:3239} INFO - Sync 1 DAGs
[2025-07-06T04:40:06.914+0000] {logging_mixin.py:190} INFO - [2025-07-06T04:40:06.914+0000] {dag.py:4180} INFO - Setting next_dagrun for example_setup_teardown_taskflow to None, run_after=None
[2025-07-06T04:40:06.961+0000] {processor.py:208} INFO - Processing /home/airflow/.local/lib/python3.12/site-packages/airflow/example_dags/example_setup_teardown_taskflow.py took 0.198 seconds
[2025-07-06T04:40:37.297+0000] {processor.py:186} INFO - Started process (PID=904) to work on /home/airflow/.local/lib/python3.12/site-packages/airflow/example_dags/example_setup_teardown_taskflow.py
[2025-07-06T04:40:37.298+0000] {processor.py:914} INFO - Processing file /home/airflow/.local/lib/python3.12/site-packages/airflow/example_dags/example_setup_teardown_taskflow.py for tasks to queue
[2025-07-06T04:40:37.300+0000] {logging_mixin.py:190} INFO - [2025-07-06T04:40:37.299+0000] {dagbag.py:588} INFO - Filling up the DagBag from /home/airflow/.local/lib/python3.12/site-packages/airflow/example_dags/example_setup_teardown_taskflow.py
[2025-07-06T04:40:37.309+0000] {processor.py:925} INFO - DAG(s) 'example_setup_teardown_taskflow' retrieved from /home/airflow/.local/lib/python3.12/site-packages/airflow/example_dags/example_setup_teardown_taskflow.py
[2025-07-06T04:40:37.328+0000] {logging_mixin.py:190} INFO - [2025-07-06T04:40:37.328+0000] {dag.py:3239} INFO - Sync 1 DAGs
[2025-07-06T04:40:37.341+0000] {logging_mixin.py:190} INFO - [2025-07-06T04:40:37.341+0000] {dag.py:4180} INFO - Setting next_dagrun for example_setup_teardown_taskflow to None, run_after=None
[2025-07-06T04:40:37.358+0000] {processor.py:208} INFO - Processing /home/airflow/.local/lib/python3.12/site-packages/airflow/example_dags/example_setup_teardown_taskflow.py took 0.066 seconds
[2025-07-06T04:41:08.045+0000] {processor.py:186} INFO - Started process (PID=969) to work on /home/airflow/.local/lib/python3.12/site-packages/airflow/example_dags/example_setup_teardown_taskflow.py
[2025-07-06T04:41:08.046+0000] {processor.py:914} INFO - Processing file /home/airflow/.local/lib/python3.12/site-packages/airflow/example_dags/example_setup_teardown_taskflow.py for tasks to queue
[2025-07-06T04:41:08.048+0000] {logging_mixin.py:190} INFO - [2025-07-06T04:41:08.048+0000] {dagbag.py:588} INFO - Filling up the DagBag from /home/airflow/.local/lib/python3.12/site-packages/airflow/example_dags/example_setup_teardown_taskflow.py
[2025-07-06T04:41:08.060+0000] {processor.py:925} INFO - DAG(s) 'example_setup_teardown_taskflow' retrieved from /home/airflow/.local/lib/python3.12/site-packages/airflow/example_dags/example_setup_teardown_taskflow.py
[2025-07-06T04:41:08.087+0000] {logging_mixin.py:190} INFO - [2025-07-06T04:41:08.087+0000] {dag.py:3239} INFO - Sync 1 DAGs
[2025-07-06T04:41:08.106+0000] {logging_mixin.py:190} INFO - [2025-07-06T04:41:08.105+0000] {dag.py:4180} INFO - Setting next_dagrun for example_setup_teardown_taskflow to None, run_after=None
[2025-07-06T04:41:08.126+0000] {processor.py:208} INFO - Processing /home/airflow/.local/lib/python3.12/site-packages/airflow/example_dags/example_setup_teardown_taskflow.py took 0.087 seconds
[2025-07-06T04:41:38.540+0000] {processor.py:186} INFO - Started process (PID=1033) to work on /home/airflow/.local/lib/python3.12/site-packages/airflow/example_dags/example_setup_teardown_taskflow.py
[2025-07-06T04:41:38.541+0000] {processor.py:914} INFO - Processing file /home/airflow/.local/lib/python3.12/site-packages/airflow/example_dags/example_setup_teardown_taskflow.py for tasks to queue
[2025-07-06T04:41:38.543+0000] {logging_mixin.py:190} INFO - [2025-07-06T04:41:38.542+0000] {dagbag.py:588} INFO - Filling up the DagBag from /home/airflow/.local/lib/python3.12/site-packages/airflow/example_dags/example_setup_teardown_taskflow.py
[2025-07-06T04:41:38.555+0000] {processor.py:925} INFO - DAG(s) 'example_setup_teardown_taskflow' retrieved from /home/airflow/.local/lib/python3.12/site-packages/airflow/example_dags/example_setup_teardown_taskflow.py
[2025-07-06T04:41:38.581+0000] {logging_mixin.py:190} INFO - [2025-07-06T04:41:38.581+0000] {dag.py:3239} INFO - Sync 1 DAGs
[2025-07-06T04:41:38.599+0000] {logging_mixin.py:190} INFO - [2025-07-06T04:41:38.598+0000] {dag.py:4180} INFO - Setting next_dagrun for example_setup_teardown_taskflow to None, run_after=None
[2025-07-06T04:41:38.620+0000] {processor.py:208} INFO - Processing /home/airflow/.local/lib/python3.12/site-packages/airflow/example_dags/example_setup_teardown_taskflow.py took 0.086 seconds
[2025-07-06T04:42:08.825+0000] {processor.py:186} INFO - Started process (PID=1097) to work on /home/airflow/.local/lib/python3.12/site-packages/airflow/example_dags/example_setup_teardown_taskflow.py
[2025-07-06T04:42:08.828+0000] {processor.py:914} INFO - Processing file /home/airflow/.local/lib/python3.12/site-packages/airflow/example_dags/example_setup_teardown_taskflow.py for tasks to queue
[2025-07-06T04:42:08.833+0000] {logging_mixin.py:190} INFO - [2025-07-06T04:42:08.832+0000] {dagbag.py:588} INFO - Filling up the DagBag from /home/airflow/.local/lib/python3.12/site-packages/airflow/example_dags/example_setup_teardown_taskflow.py
[2025-07-06T04:42:08.858+0000] {processor.py:925} INFO - DAG(s) 'example_setup_teardown_taskflow' retrieved from /home/airflow/.local/lib/python3.12/site-packages/airflow/example_dags/example_setup_teardown_taskflow.py
[2025-07-06T04:42:08.942+0000] {logging_mixin.py:190} INFO - [2025-07-06T04:42:08.942+0000] {dag.py:3239} INFO - Sync 1 DAGs
[2025-07-06T04:42:08.959+0000] {logging_mixin.py:190} INFO - [2025-07-06T04:42:08.959+0000] {dag.py:4180} INFO - Setting next_dagrun for example_setup_teardown_taskflow to None, run_after=None
[2025-07-06T04:42:08.979+0000] {processor.py:208} INFO - Processing /home/airflow/.local/lib/python3.12/site-packages/airflow/example_dags/example_setup_teardown_taskflow.py took 0.164 seconds
[2025-07-06T04:42:39.608+0000] {processor.py:186} INFO - Started process (PID=1160) to work on /home/airflow/.local/lib/python3.12/site-packages/airflow/example_dags/example_setup_teardown_taskflow.py
[2025-07-06T04:42:39.609+0000] {processor.py:914} INFO - Processing file /home/airflow/.local/lib/python3.12/site-packages/airflow/example_dags/example_setup_teardown_taskflow.py for tasks to queue
[2025-07-06T04:42:39.611+0000] {logging_mixin.py:190} INFO - [2025-07-06T04:42:39.611+0000] {dagbag.py:588} INFO - Filling up the DagBag from /home/airflow/.local/lib/python3.12/site-packages/airflow/example_dags/example_setup_teardown_taskflow.py
[2025-07-06T04:42:39.625+0000] {processor.py:925} INFO - DAG(s) 'example_setup_teardown_taskflow' retrieved from /home/airflow/.local/lib/python3.12/site-packages/airflow/example_dags/example_setup_teardown_taskflow.py
[2025-07-06T04:42:39.659+0000] {logging_mixin.py:190} INFO - [2025-07-06T04:42:39.659+0000] {dag.py:3239} INFO - Sync 1 DAGs
[2025-07-06T04:42:39.678+0000] {logging_mixin.py:190} INFO - [2025-07-06T04:42:39.678+0000] {dag.py:4180} INFO - Setting next_dagrun for example_setup_teardown_taskflow to None, run_after=None
[2025-07-06T04:42:39.699+0000] {processor.py:208} INFO - Processing /home/airflow/.local/lib/python3.12/site-packages/airflow/example_dags/example_setup_teardown_taskflow.py took 0.098 seconds
[2025-07-06T04:43:10.483+0000] {processor.py:186} INFO - Started process (PID=1223) to work on /home/airflow/.local/lib/python3.12/site-packages/airflow/example_dags/example_setup_teardown_taskflow.py
[2025-07-06T04:43:10.484+0000] {processor.py:914} INFO - Processing file /home/airflow/.local/lib/python3.12/site-packages/airflow/example_dags/example_setup_teardown_taskflow.py for tasks to queue
[2025-07-06T04:43:10.486+0000] {logging_mixin.py:190} INFO - [2025-07-06T04:43:10.486+0000] {dagbag.py:588} INFO - Filling up the DagBag from /home/airflow/.local/lib/python3.12/site-packages/airflow/example_dags/example_setup_teardown_taskflow.py
[2025-07-06T04:43:10.499+0000] {processor.py:925} INFO - DAG(s) 'example_setup_teardown_taskflow' retrieved from /home/airflow/.local/lib/python3.12/site-packages/airflow/example_dags/example_setup_teardown_taskflow.py
[2025-07-06T04:43:10.527+0000] {logging_mixin.py:190} INFO - [2025-07-06T04:43:10.527+0000] {dag.py:3239} INFO - Sync 1 DAGs
[2025-07-06T04:43:10.545+0000] {logging_mixin.py:190} INFO - [2025-07-06T04:43:10.544+0000] {dag.py:4180} INFO - Setting next_dagrun for example_setup_teardown_taskflow to None, run_after=None
[2025-07-06T04:43:10.565+0000] {processor.py:208} INFO - Processing /home/airflow/.local/lib/python3.12/site-packages/airflow/example_dags/example_setup_teardown_taskflow.py took 0.090 seconds
