[2025-07-06T04:33:51.972+0000] {processor.py:186} INFO - Started process (PID=92) to work on /home/airflow/.local/lib/python3.12/site-packages/airflow/example_dags/example_bash_decorator.py
[2025-07-06T04:33:51.973+0000] {processor.py:914} INFO - Processing file /home/airflow/.local/lib/python3.12/site-packages/airflow/example_dags/example_bash_decorator.py for tasks to queue
[2025-07-06T04:33:51.989+0000] {logging_mixin.py:190} INFO - [2025-07-06T04:33:51.987+0000] {dagbag.py:588} INFO - Filling up the DagBag from /home/airflow/.local/lib/python3.12/site-packages/airflow/example_dags/example_bash_decorator.py
[2025-07-06T04:33:52.136+0000] {processor.py:925} INFO - DAG(s) 'example_bash_decorator' retrieved from /home/airflow/.local/lib/python3.12/site-packages/airflow/example_dags/example_bash_decorator.py
[2025-07-06T04:33:52.669+0000] {logging_mixin.py:190} INFO - [2025-07-06T04:33:52.668+0000] {override.py:1911} INFO - Created Permission View: can delete on DAG:example_bash_decorator
[2025-07-06T04:33:52.682+0000] {logging_mixin.py:190} INFO - [2025-07-06T04:33:52.681+0000] {override.py:1911} INFO - Created Permission View: can edit on DAG:example_bash_decorator
[2025-07-06T04:33:52.688+0000] {logging_mixin.py:190} INFO - [2025-07-06T04:33:52.688+0000] {override.py:1911} INFO - Created Permission View: can read on DAG:example_bash_decorator
[2025-07-06T04:33:52.694+0000] {logging_mixin.py:190} INFO - [2025-07-06T04:33:52.694+0000] {override.py:1911} INFO - Created Permission View: can delete on DAG Run:example_bash_decorator
[2025-07-06T04:33:52.701+0000] {logging_mixin.py:190} INFO - [2025-07-06T04:33:52.700+0000] {override.py:1911} INFO - Created Permission View: menu access on DAG Run:example_bash_decorator
[2025-07-06T04:33:52.707+0000] {logging_mixin.py:190} INFO - [2025-07-06T04:33:52.707+0000] {override.py:1911} INFO - Created Permission View: can create on DAG Run:example_bash_decorator
[2025-07-06T04:33:52.713+0000] {logging_mixin.py:190} INFO - [2025-07-06T04:33:52.713+0000] {override.py:1911} INFO - Created Permission View: can read on DAG Run:example_bash_decorator
[2025-07-06T04:33:52.714+0000] {logging_mixin.py:190} INFO - [2025-07-06T04:33:52.714+0000] {dag.py:3239} INFO - Sync 1 DAGs
[2025-07-06T04:33:52.733+0000] {logging_mixin.py:190} INFO - [2025-07-06T04:33:52.733+0000] {dag.py:3262} INFO - Creating ORM DAG for example_bash_decorator
[2025-07-06T04:33:52.735+0000] {logging_mixin.py:190} INFO - [2025-07-06T04:33:52.735+0000] {dag.py:4180} INFO - Setting next_dagrun for example_bash_decorator to None, run_after=None
[2025-07-06T04:33:52.752+0000] {processor.py:208} INFO - Processing /home/airflow/.local/lib/python3.12/site-packages/airflow/example_dags/example_bash_decorator.py took 0.835 seconds
[2025-07-06T04:34:23.498+0000] {processor.py:186} INFO - Started process (PID=155) to work on /home/airflow/.local/lib/python3.12/site-packages/airflow/example_dags/example_bash_decorator.py
[2025-07-06T04:34:23.499+0000] {processor.py:914} INFO - Processing file /home/airflow/.local/lib/python3.12/site-packages/airflow/example_dags/example_bash_decorator.py for tasks to queue
[2025-07-06T04:34:23.502+0000] {logging_mixin.py:190} INFO - [2025-07-06T04:34:23.501+0000] {dagbag.py:588} INFO - Filling up the DagBag from /home/airflow/.local/lib/python3.12/site-packages/airflow/example_dags/example_bash_decorator.py
[2025-07-06T04:34:23.529+0000] {processor.py:925} INFO - DAG(s) 'example_bash_decorator' retrieved from /home/airflow/.local/lib/python3.12/site-packages/airflow/example_dags/example_bash_decorator.py
[2025-07-06T04:34:23.582+0000] {logging_mixin.py:190} INFO - [2025-07-06T04:34:23.582+0000] {dag.py:3239} INFO - Sync 1 DAGs
[2025-07-06T04:34:23.600+0000] {logging_mixin.py:190} INFO - [2025-07-06T04:34:23.600+0000] {dag.py:4180} INFO - Setting next_dagrun for example_bash_decorator to None, run_after=None
[2025-07-06T04:34:23.619+0000] {processor.py:208} INFO - Processing /home/airflow/.local/lib/python3.12/site-packages/airflow/example_dags/example_bash_decorator.py took 0.128 seconds
[2025-07-06T04:34:54.226+0000] {processor.py:186} INFO - Started process (PID=218) to work on /home/airflow/.local/lib/python3.12/site-packages/airflow/example_dags/example_bash_decorator.py
[2025-07-06T04:34:54.226+0000] {processor.py:914} INFO - Processing file /home/airflow/.local/lib/python3.12/site-packages/airflow/example_dags/example_bash_decorator.py for tasks to queue
[2025-07-06T04:34:54.229+0000] {logging_mixin.py:190} INFO - [2025-07-06T04:34:54.229+0000] {dagbag.py:588} INFO - Filling up the DagBag from /home/airflow/.local/lib/python3.12/site-packages/airflow/example_dags/example_bash_decorator.py
[2025-07-06T04:34:54.246+0000] {processor.py:925} INFO - DAG(s) 'example_bash_decorator' retrieved from /home/airflow/.local/lib/python3.12/site-packages/airflow/example_dags/example_bash_decorator.py
[2025-07-06T04:34:54.272+0000] {logging_mixin.py:190} INFO - [2025-07-06T04:34:54.272+0000] {dag.py:3239} INFO - Sync 1 DAGs
[2025-07-06T04:34:54.290+0000] {logging_mixin.py:190} INFO - [2025-07-06T04:34:54.289+0000] {dag.py:4180} INFO - Setting next_dagrun for example_bash_decorator to None, run_after=None
[2025-07-06T04:34:54.309+0000] {processor.py:208} INFO - Processing /home/airflow/.local/lib/python3.12/site-packages/airflow/example_dags/example_bash_decorator.py took 0.091 seconds
[2025-07-06T04:35:25.450+0000] {processor.py:186} INFO - Started process (PID=280) to work on /home/airflow/.local/lib/python3.12/site-packages/airflow/example_dags/example_bash_decorator.py
[2025-07-06T04:35:25.452+0000] {processor.py:914} INFO - Processing file /home/airflow/.local/lib/python3.12/site-packages/airflow/example_dags/example_bash_decorator.py for tasks to queue
[2025-07-06T04:35:25.459+0000] {logging_mixin.py:190} INFO - [2025-07-06T04:35:25.458+0000] {dagbag.py:588} INFO - Filling up the DagBag from /home/airflow/.local/lib/python3.12/site-packages/airflow/example_dags/example_bash_decorator.py
[2025-07-06T04:35:25.489+0000] {processor.py:925} INFO - DAG(s) 'example_bash_decorator' retrieved from /home/airflow/.local/lib/python3.12/site-packages/airflow/example_dags/example_bash_decorator.py
[2025-07-06T04:35:25.565+0000] {logging_mixin.py:190} INFO - [2025-07-06T04:35:25.564+0000] {dag.py:3239} INFO - Sync 1 DAGs
[2025-07-06T04:35:25.610+0000] {logging_mixin.py:190} INFO - [2025-07-06T04:35:25.610+0000] {dag.py:4180} INFO - Setting next_dagrun for example_bash_decorator to None, run_after=None
[2025-07-06T04:35:25.672+0000] {processor.py:208} INFO - Processing /home/airflow/.local/lib/python3.12/site-packages/airflow/example_dags/example_bash_decorator.py took 0.231 seconds
[2025-07-06T04:35:59.674+0000] {processor.py:186} INFO - Started process (PID=331) to work on /home/airflow/.local/lib/python3.12/site-packages/airflow/example_dags/example_bash_decorator.py
[2025-07-06T04:35:59.675+0000] {processor.py:914} INFO - Processing file /home/airflow/.local/lib/python3.12/site-packages/airflow/example_dags/example_bash_decorator.py for tasks to queue
[2025-07-06T04:35:59.679+0000] {logging_mixin.py:190} INFO - [2025-07-06T04:35:59.679+0000] {dagbag.py:588} INFO - Filling up the DagBag from /home/airflow/.local/lib/python3.12/site-packages/airflow/example_dags/example_bash_decorator.py
[2025-07-06T04:35:59.714+0000] {processor.py:925} INFO - DAG(s) 'example_bash_decorator' retrieved from /home/airflow/.local/lib/python3.12/site-packages/airflow/example_dags/example_bash_decorator.py
[2025-07-06T04:35:59.780+0000] {logging_mixin.py:190} INFO - [2025-07-06T04:35:59.779+0000] {dag.py:3239} INFO - Sync 1 DAGs
[2025-07-06T04:35:59.819+0000] {logging_mixin.py:190} INFO - [2025-07-06T04:35:59.819+0000] {dag.py:4180} INFO - Setting next_dagrun for example_bash_decorator to None, run_after=None
[2025-07-06T04:35:59.892+0000] {processor.py:208} INFO - Processing /home/airflow/.local/lib/python3.12/site-packages/airflow/example_dags/example_bash_decorator.py took 0.239 seconds
[2025-07-06T04:36:30.993+0000] {processor.py:186} INFO - Started process (PID=394) to work on /home/airflow/.local/lib/python3.12/site-packages/airflow/example_dags/example_bash_decorator.py
[2025-07-06T04:36:30.994+0000] {processor.py:914} INFO - Processing file /home/airflow/.local/lib/python3.12/site-packages/airflow/example_dags/example_bash_decorator.py for tasks to queue
[2025-07-06T04:36:31.001+0000] {logging_mixin.py:190} INFO - [2025-07-06T04:36:31.000+0000] {dagbag.py:588} INFO - Filling up the DagBag from /home/airflow/.local/lib/python3.12/site-packages/airflow/example_dags/example_bash_decorator.py
[2025-07-06T04:36:31.068+0000] {processor.py:925} INFO - DAG(s) 'example_bash_decorator' retrieved from /home/airflow/.local/lib/python3.12/site-packages/airflow/example_dags/example_bash_decorator.py
[2025-07-06T04:36:31.192+0000] {logging_mixin.py:190} INFO - [2025-07-06T04:36:31.192+0000] {dag.py:3239} INFO - Sync 1 DAGs
[2025-07-06T04:36:31.266+0000] {logging_mixin.py:190} INFO - [2025-07-06T04:36:31.266+0000] {dag.py:4180} INFO - Setting next_dagrun for example_bash_decorator to None, run_after=None
[2025-07-06T04:36:31.360+0000] {processor.py:208} INFO - Processing /home/airflow/.local/lib/python3.12/site-packages/airflow/example_dags/example_bash_decorator.py took 0.391 seconds
[2025-07-06T04:37:01.558+0000] {processor.py:186} INFO - Started process (PID=457) to work on /home/airflow/.local/lib/python3.12/site-packages/airflow/example_dags/example_bash_decorator.py
[2025-07-06T04:37:01.559+0000] {processor.py:914} INFO - Processing file /home/airflow/.local/lib/python3.12/site-packages/airflow/example_dags/example_bash_decorator.py for tasks to queue
[2025-07-06T04:37:01.561+0000] {logging_mixin.py:190} INFO - [2025-07-06T04:37:01.561+0000] {dagbag.py:588} INFO - Filling up the DagBag from /home/airflow/.local/lib/python3.12/site-packages/airflow/example_dags/example_bash_decorator.py
[2025-07-06T04:37:01.580+0000] {processor.py:925} INFO - DAG(s) 'example_bash_decorator' retrieved from /home/airflow/.local/lib/python3.12/site-packages/airflow/example_dags/example_bash_decorator.py
[2025-07-06T04:37:01.608+0000] {logging_mixin.py:190} INFO - [2025-07-06T04:37:01.608+0000] {dag.py:3239} INFO - Sync 1 DAGs
[2025-07-06T04:37:01.626+0000] {logging_mixin.py:190} INFO - [2025-07-06T04:37:01.626+0000] {dag.py:4180} INFO - Setting next_dagrun for example_bash_decorator to None, run_after=None
[2025-07-06T04:37:01.644+0000] {processor.py:208} INFO - Processing /home/airflow/.local/lib/python3.12/site-packages/airflow/example_dags/example_bash_decorator.py took 0.094 seconds
[2025-07-06T04:37:32.027+0000] {processor.py:186} INFO - Started process (PID=520) to work on /home/airflow/.local/lib/python3.12/site-packages/airflow/example_dags/example_bash_decorator.py
[2025-07-06T04:37:32.028+0000] {processor.py:914} INFO - Processing file /home/airflow/.local/lib/python3.12/site-packages/airflow/example_dags/example_bash_decorator.py for tasks to queue
[2025-07-06T04:37:32.030+0000] {logging_mixin.py:190} INFO - [2025-07-06T04:37:32.030+0000] {dagbag.py:588} INFO - Filling up the DagBag from /home/airflow/.local/lib/python3.12/site-packages/airflow/example_dags/example_bash_decorator.py
[2025-07-06T04:37:32.048+0000] {processor.py:925} INFO - DAG(s) 'example_bash_decorator' retrieved from /home/airflow/.local/lib/python3.12/site-packages/airflow/example_dags/example_bash_decorator.py
[2025-07-06T04:37:32.078+0000] {logging_mixin.py:190} INFO - [2025-07-06T04:37:32.077+0000] {dag.py:3239} INFO - Sync 1 DAGs
[2025-07-06T04:37:32.094+0000] {logging_mixin.py:190} INFO - [2025-07-06T04:37:32.094+0000] {dag.py:4180} INFO - Setting next_dagrun for example_bash_decorator to None, run_after=None
[2025-07-06T04:37:32.112+0000] {processor.py:208} INFO - Processing /home/airflow/.local/lib/python3.12/site-packages/airflow/example_dags/example_bash_decorator.py took 0.092 seconds
[2025-07-06T04:38:02.613+0000] {processor.py:186} INFO - Started process (PID=582) to work on /home/airflow/.local/lib/python3.12/site-packages/airflow/example_dags/example_bash_decorator.py
[2025-07-06T04:38:02.614+0000] {processor.py:914} INFO - Processing file /home/airflow/.local/lib/python3.12/site-packages/airflow/example_dags/example_bash_decorator.py for tasks to queue
[2025-07-06T04:38:02.617+0000] {logging_mixin.py:190} INFO - [2025-07-06T04:38:02.617+0000] {dagbag.py:588} INFO - Filling up the DagBag from /home/airflow/.local/lib/python3.12/site-packages/airflow/example_dags/example_bash_decorator.py
[2025-07-06T04:38:02.635+0000] {processor.py:925} INFO - DAG(s) 'example_bash_decorator' retrieved from /home/airflow/.local/lib/python3.12/site-packages/airflow/example_dags/example_bash_decorator.py
[2025-07-06T04:38:02.664+0000] {logging_mixin.py:190} INFO - [2025-07-06T04:38:02.664+0000] {dag.py:3239} INFO - Sync 1 DAGs
[2025-07-06T04:38:02.680+0000] {logging_mixin.py:190} INFO - [2025-07-06T04:38:02.680+0000] {dag.py:4180} INFO - Setting next_dagrun for example_bash_decorator to None, run_after=None
[2025-07-06T04:38:02.700+0000] {processor.py:208} INFO - Processing /home/airflow/.local/lib/python3.12/site-packages/airflow/example_dags/example_bash_decorator.py took 0.093 seconds
[2025-07-06T04:38:32.832+0000] {processor.py:186} INFO - Started process (PID=645) to work on /home/airflow/.local/lib/python3.12/site-packages/airflow/example_dags/example_bash_decorator.py
[2025-07-06T04:38:32.832+0000] {processor.py:914} INFO - Processing file /home/airflow/.local/lib/python3.12/site-packages/airflow/example_dags/example_bash_decorator.py for tasks to queue
[2025-07-06T04:38:32.835+0000] {logging_mixin.py:190} INFO - [2025-07-06T04:38:32.834+0000] {dagbag.py:588} INFO - Filling up the DagBag from /home/airflow/.local/lib/python3.12/site-packages/airflow/example_dags/example_bash_decorator.py
[2025-07-06T04:38:32.861+0000] {processor.py:925} INFO - DAG(s) 'example_bash_decorator' retrieved from /home/airflow/.local/lib/python3.12/site-packages/airflow/example_dags/example_bash_decorator.py
[2025-07-06T04:38:32.908+0000] {logging_mixin.py:190} INFO - [2025-07-06T04:38:32.908+0000] {dag.py:3239} INFO - Sync 1 DAGs
[2025-07-06T04:38:32.925+0000] {logging_mixin.py:190} INFO - [2025-07-06T04:38:32.925+0000] {dag.py:4180} INFO - Setting next_dagrun for example_bash_decorator to None, run_after=None
[2025-07-06T04:38:32.982+0000] {processor.py:208} INFO - Processing /home/airflow/.local/lib/python3.12/site-packages/airflow/example_dags/example_bash_decorator.py took 0.158 seconds
[2025-07-06T04:39:03.093+0000] {processor.py:186} INFO - Started process (PID=709) to work on /home/airflow/.local/lib/python3.12/site-packages/airflow/example_dags/example_bash_decorator.py
[2025-07-06T04:39:03.094+0000] {processor.py:914} INFO - Processing file /home/airflow/.local/lib/python3.12/site-packages/airflow/example_dags/example_bash_decorator.py for tasks to queue
[2025-07-06T04:39:03.096+0000] {logging_mixin.py:190} INFO - [2025-07-06T04:39:03.096+0000] {dagbag.py:588} INFO - Filling up the DagBag from /home/airflow/.local/lib/python3.12/site-packages/airflow/example_dags/example_bash_decorator.py
[2025-07-06T04:39:03.109+0000] {processor.py:925} INFO - DAG(s) 'example_bash_decorator' retrieved from /home/airflow/.local/lib/python3.12/site-packages/airflow/example_dags/example_bash_decorator.py
[2025-07-06T04:39:03.129+0000] {logging_mixin.py:190} INFO - [2025-07-06T04:39:03.129+0000] {dag.py:3239} INFO - Sync 1 DAGs
[2025-07-06T04:39:03.141+0000] {logging_mixin.py:190} INFO - [2025-07-06T04:39:03.141+0000] {dag.py:4180} INFO - Setting next_dagrun for example_bash_decorator to None, run_after=None
[2025-07-06T04:39:03.156+0000] {processor.py:208} INFO - Processing /home/airflow/.local/lib/python3.12/site-packages/airflow/example_dags/example_bash_decorator.py took 0.068 seconds
[2025-07-06T04:39:34.052+0000] {processor.py:186} INFO - Started process (PID=773) to work on /home/airflow/.local/lib/python3.12/site-packages/airflow/example_dags/example_bash_decorator.py
[2025-07-06T04:39:34.053+0000] {processor.py:914} INFO - Processing file /home/airflow/.local/lib/python3.12/site-packages/airflow/example_dags/example_bash_decorator.py for tasks to queue
[2025-07-06T04:39:34.055+0000] {logging_mixin.py:190} INFO - [2025-07-06T04:39:34.055+0000] {dagbag.py:588} INFO - Filling up the DagBag from /home/airflow/.local/lib/python3.12/site-packages/airflow/example_dags/example_bash_decorator.py
[2025-07-06T04:39:34.075+0000] {processor.py:925} INFO - DAG(s) 'example_bash_decorator' retrieved from /home/airflow/.local/lib/python3.12/site-packages/airflow/example_dags/example_bash_decorator.py
[2025-07-06T04:39:34.117+0000] {logging_mixin.py:190} INFO - [2025-07-06T04:39:34.117+0000] {dag.py:3239} INFO - Sync 1 DAGs
[2025-07-06T04:39:34.135+0000] {logging_mixin.py:190} INFO - [2025-07-06T04:39:34.135+0000] {dag.py:4180} INFO - Setting next_dagrun for example_bash_decorator to None, run_after=None
[2025-07-06T04:39:34.156+0000] {processor.py:208} INFO - Processing /home/airflow/.local/lib/python3.12/site-packages/airflow/example_dags/example_bash_decorator.py took 0.112 seconds
[2025-07-06T04:40:05.088+0000] {processor.py:186} INFO - Started process (PID=837) to work on /home/airflow/.local/lib/python3.12/site-packages/airflow/example_dags/example_bash_decorator.py
[2025-07-06T04:40:05.091+0000] {processor.py:914} INFO - Processing file /home/airflow/.local/lib/python3.12/site-packages/airflow/example_dags/example_bash_decorator.py for tasks to queue
[2025-07-06T04:40:05.094+0000] {logging_mixin.py:190} INFO - [2025-07-06T04:40:05.093+0000] {dagbag.py:588} INFO - Filling up the DagBag from /home/airflow/.local/lib/python3.12/site-packages/airflow/example_dags/example_bash_decorator.py
[2025-07-06T04:40:05.139+0000] {processor.py:925} INFO - DAG(s) 'example_bash_decorator' retrieved from /home/airflow/.local/lib/python3.12/site-packages/airflow/example_dags/example_bash_decorator.py
[2025-07-06T04:40:05.199+0000] {logging_mixin.py:190} INFO - [2025-07-06T04:40:05.198+0000] {dag.py:3239} INFO - Sync 1 DAGs
[2025-07-06T04:40:05.218+0000] {logging_mixin.py:190} INFO - [2025-07-06T04:40:05.218+0000] {dag.py:4180} INFO - Setting next_dagrun for example_bash_decorator to None, run_after=None
[2025-07-06T04:40:05.249+0000] {processor.py:208} INFO - Processing /home/airflow/.local/lib/python3.12/site-packages/airflow/example_dags/example_bash_decorator.py took 0.167 seconds
[2025-07-06T04:40:36.096+0000] {processor.py:186} INFO - Started process (PID=901) to work on /home/airflow/.local/lib/python3.12/site-packages/airflow/example_dags/example_bash_decorator.py
[2025-07-06T04:40:36.097+0000] {processor.py:914} INFO - Processing file /home/airflow/.local/lib/python3.12/site-packages/airflow/example_dags/example_bash_decorator.py for tasks to queue
[2025-07-06T04:40:36.099+0000] {logging_mixin.py:190} INFO - [2025-07-06T04:40:36.098+0000] {dagbag.py:588} INFO - Filling up the DagBag from /home/airflow/.local/lib/python3.12/site-packages/airflow/example_dags/example_bash_decorator.py
[2025-07-06T04:40:36.112+0000] {processor.py:925} INFO - DAG(s) 'example_bash_decorator' retrieved from /home/airflow/.local/lib/python3.12/site-packages/airflow/example_dags/example_bash_decorator.py
[2025-07-06T04:40:36.132+0000] {logging_mixin.py:190} INFO - [2025-07-06T04:40:36.132+0000] {dag.py:3239} INFO - Sync 1 DAGs
[2025-07-06T04:40:36.145+0000] {logging_mixin.py:190} INFO - [2025-07-06T04:40:36.144+0000] {dag.py:4180} INFO - Setting next_dagrun for example_bash_decorator to None, run_after=None
[2025-07-06T04:40:36.161+0000] {processor.py:208} INFO - Processing /home/airflow/.local/lib/python3.12/site-packages/airflow/example_dags/example_bash_decorator.py took 0.069 seconds
[2025-07-06T04:41:06.812+0000] {processor.py:186} INFO - Started process (PID=965) to work on /home/airflow/.local/lib/python3.12/site-packages/airflow/example_dags/example_bash_decorator.py
[2025-07-06T04:41:06.812+0000] {processor.py:914} INFO - Processing file /home/airflow/.local/lib/python3.12/site-packages/airflow/example_dags/example_bash_decorator.py for tasks to queue
[2025-07-06T04:41:06.814+0000] {logging_mixin.py:190} INFO - [2025-07-06T04:41:06.814+0000] {dagbag.py:588} INFO - Filling up the DagBag from /home/airflow/.local/lib/python3.12/site-packages/airflow/example_dags/example_bash_decorator.py
[2025-07-06T04:41:06.827+0000] {processor.py:925} INFO - DAG(s) 'example_bash_decorator' retrieved from /home/airflow/.local/lib/python3.12/site-packages/airflow/example_dags/example_bash_decorator.py
[2025-07-06T04:41:06.847+0000] {logging_mixin.py:190} INFO - [2025-07-06T04:41:06.846+0000] {dag.py:3239} INFO - Sync 1 DAGs
[2025-07-06T04:41:06.859+0000] {logging_mixin.py:190} INFO - [2025-07-06T04:41:06.859+0000] {dag.py:4180} INFO - Setting next_dagrun for example_bash_decorator to None, run_after=None
[2025-07-06T04:41:06.874+0000] {processor.py:208} INFO - Processing /home/airflow/.local/lib/python3.12/site-packages/airflow/example_dags/example_bash_decorator.py took 0.069 seconds
[2025-07-06T04:41:37.159+0000] {processor.py:186} INFO - Started process (PID=1028) to work on /home/airflow/.local/lib/python3.12/site-packages/airflow/example_dags/example_bash_decorator.py
[2025-07-06T04:41:37.160+0000] {processor.py:914} INFO - Processing file /home/airflow/.local/lib/python3.12/site-packages/airflow/example_dags/example_bash_decorator.py for tasks to queue
[2025-07-06T04:41:37.163+0000] {logging_mixin.py:190} INFO - [2025-07-06T04:41:37.162+0000] {dagbag.py:588} INFO - Filling up the DagBag from /home/airflow/.local/lib/python3.12/site-packages/airflow/example_dags/example_bash_decorator.py
[2025-07-06T04:41:37.179+0000] {processor.py:925} INFO - DAG(s) 'example_bash_decorator' retrieved from /home/airflow/.local/lib/python3.12/site-packages/airflow/example_dags/example_bash_decorator.py
[2025-07-06T04:41:37.206+0000] {logging_mixin.py:190} INFO - [2025-07-06T04:41:37.205+0000] {dag.py:3239} INFO - Sync 1 DAGs
[2025-07-06T04:41:37.224+0000] {logging_mixin.py:190} INFO - [2025-07-06T04:41:37.223+0000] {dag.py:4180} INFO - Setting next_dagrun for example_bash_decorator to None, run_after=None
[2025-07-06T04:41:37.245+0000] {processor.py:208} INFO - Processing /home/airflow/.local/lib/python3.12/site-packages/airflow/example_dags/example_bash_decorator.py took 0.092 seconds
[2025-07-06T04:42:07.860+0000] {processor.py:186} INFO - Started process (PID=1092) to work on /home/airflow/.local/lib/python3.12/site-packages/airflow/example_dags/example_bash_decorator.py
[2025-07-06T04:42:07.861+0000] {processor.py:914} INFO - Processing file /home/airflow/.local/lib/python3.12/site-packages/airflow/example_dags/example_bash_decorator.py for tasks to queue
[2025-07-06T04:42:07.863+0000] {logging_mixin.py:190} INFO - [2025-07-06T04:42:07.863+0000] {dagbag.py:588} INFO - Filling up the DagBag from /home/airflow/.local/lib/python3.12/site-packages/airflow/example_dags/example_bash_decorator.py
[2025-07-06T04:42:07.876+0000] {processor.py:925} INFO - DAG(s) 'example_bash_decorator' retrieved from /home/airflow/.local/lib/python3.12/site-packages/airflow/example_dags/example_bash_decorator.py
[2025-07-06T04:42:07.897+0000] {logging_mixin.py:190} INFO - [2025-07-06T04:42:07.896+0000] {dag.py:3239} INFO - Sync 1 DAGs
[2025-07-06T04:42:07.910+0000] {logging_mixin.py:190} INFO - [2025-07-06T04:42:07.910+0000] {dag.py:4180} INFO - Setting next_dagrun for example_bash_decorator to None, run_after=None
[2025-07-06T04:42:07.925+0000] {processor.py:208} INFO - Processing /home/airflow/.local/lib/python3.12/site-packages/airflow/example_dags/example_bash_decorator.py took 0.073 seconds
[2025-07-06T04:42:38.312+0000] {processor.py:186} INFO - Started process (PID=1155) to work on /home/airflow/.local/lib/python3.12/site-packages/airflow/example_dags/example_bash_decorator.py
[2025-07-06T04:42:38.313+0000] {processor.py:914} INFO - Processing file /home/airflow/.local/lib/python3.12/site-packages/airflow/example_dags/example_bash_decorator.py for tasks to queue
[2025-07-06T04:42:38.316+0000] {logging_mixin.py:190} INFO - [2025-07-06T04:42:38.315+0000] {dagbag.py:588} INFO - Filling up the DagBag from /home/airflow/.local/lib/python3.12/site-packages/airflow/example_dags/example_bash_decorator.py
[2025-07-06T04:42:38.329+0000] {processor.py:925} INFO - DAG(s) 'example_bash_decorator' retrieved from /home/airflow/.local/lib/python3.12/site-packages/airflow/example_dags/example_bash_decorator.py
[2025-07-06T04:42:38.349+0000] {logging_mixin.py:190} INFO - [2025-07-06T04:42:38.348+0000] {dag.py:3239} INFO - Sync 1 DAGs
[2025-07-06T04:42:38.361+0000] {logging_mixin.py:190} INFO - [2025-07-06T04:42:38.360+0000] {dag.py:4180} INFO - Setting next_dagrun for example_bash_decorator to None, run_after=None
[2025-07-06T04:42:38.375+0000] {processor.py:208} INFO - Processing /home/airflow/.local/lib/python3.12/site-packages/airflow/example_dags/example_bash_decorator.py took 0.070 seconds
[2025-07-06T04:43:09.308+0000] {processor.py:186} INFO - Started process (PID=1219) to work on /home/airflow/.local/lib/python3.12/site-packages/airflow/example_dags/example_bash_decorator.py
[2025-07-06T04:43:09.309+0000] {processor.py:914} INFO - Processing file /home/airflow/.local/lib/python3.12/site-packages/airflow/example_dags/example_bash_decorator.py for tasks to queue
[2025-07-06T04:43:09.310+0000] {logging_mixin.py:190} INFO - [2025-07-06T04:43:09.310+0000] {dagbag.py:588} INFO - Filling up the DagBag from /home/airflow/.local/lib/python3.12/site-packages/airflow/example_dags/example_bash_decorator.py
[2025-07-06T04:43:09.323+0000] {processor.py:925} INFO - DAG(s) 'example_bash_decorator' retrieved from /home/airflow/.local/lib/python3.12/site-packages/airflow/example_dags/example_bash_decorator.py
[2025-07-06T04:43:09.344+0000] {logging_mixin.py:190} INFO - [2025-07-06T04:43:09.343+0000] {dag.py:3239} INFO - Sync 1 DAGs
[2025-07-06T04:43:09.356+0000] {logging_mixin.py:190} INFO - [2025-07-06T04:43:09.355+0000] {dag.py:4180} INFO - Setting next_dagrun for example_bash_decorator to None, run_after=None
[2025-07-06T04:43:09.372+0000] {processor.py:208} INFO - Processing /home/airflow/.local/lib/python3.12/site-packages/airflow/example_dags/example_bash_decorator.py took 0.069 seconds
