[2025-07-06T04:33:40.299+0000] {processor.py:186} INFO - Started process (PID=75) to work on /home/airflow/.local/lib/python3.12/site-packages/airflow/example_dags/example_sensor_decorator.py
[2025-07-06T04:33:40.302+0000] {processor.py:914} INFO - Processing file /home/airflow/.local/lib/python3.12/site-packages/airflow/example_dags/example_sensor_decorator.py for tasks to queue
[2025-07-06T04:33:40.309+0000] {logging_mixin.py:190} INFO - [2025-07-06T04:33:40.309+0000] {dagbag.py:588} INFO - Filling up the DagBag from /home/airflow/.local/lib/python3.12/site-packages/airflow/example_dags/example_sensor_decorator.py
[2025-07-06T04:33:40.362+0000] {processor.py:925} INFO - DAG(s) 'example_sensor_decorator' retrieved from /home/airflow/.local/lib/python3.12/site-packages/airflow/example_dags/example_sensor_decorator.py
[2025-07-06T04:33:41.161+0000] {logging_mixin.py:190} INFO - [2025-07-06T04:33:41.160+0000] {override.py:1911} INFO - Created Permission View: can delete on DAG:example_sensor_decorator
[2025-07-06T04:33:41.260+0000] {logging_mixin.py:190} INFO - [2025-07-06T04:33:41.259+0000] {override.py:1911} INFO - Created Permission View: can edit on DAG:example_sensor_decorator
[2025-07-06T04:33:41.316+0000] {logging_mixin.py:190} INFO - [2025-07-06T04:33:41.316+0000] {override.py:1911} INFO - Created Permission View: can read on DAG:example_sensor_decorator
[2025-07-06T04:33:41.371+0000] {logging_mixin.py:190} INFO - [2025-07-06T04:33:41.371+0000] {override.py:1911} INFO - Created Permission View: can delete on DAG Run:example_sensor_decorator
[2025-07-06T04:33:41.417+0000] {logging_mixin.py:190} INFO - [2025-07-06T04:33:41.417+0000] {override.py:1911} INFO - Created Permission View: menu access on DAG Run:example_sensor_decorator
[2025-07-06T04:33:41.459+0000] {logging_mixin.py:190} INFO - [2025-07-06T04:33:41.458+0000] {override.py:1911} INFO - Created Permission View: can create on DAG Run:example_sensor_decorator
[2025-07-06T04:33:41.499+0000] {logging_mixin.py:190} INFO - [2025-07-06T04:33:41.499+0000] {override.py:1911} INFO - Created Permission View: can read on DAG Run:example_sensor_decorator
[2025-07-06T04:33:41.506+0000] {logging_mixin.py:190} INFO - [2025-07-06T04:33:41.506+0000] {dag.py:3239} INFO - Sync 1 DAGs
[2025-07-06T04:33:41.585+0000] {logging_mixin.py:190} INFO - [2025-07-06T04:33:41.585+0000] {dag.py:3262} INFO - Creating ORM DAG for example_sensor_decorator
[2025-07-06T04:33:41.586+0000] {logging_mixin.py:190} INFO - [2025-07-06T04:33:41.586+0000] {dag.py:4180} INFO - Setting next_dagrun for example_sensor_decorator to None, run_after=None
[2025-07-06T04:33:41.706+0000] {processor.py:208} INFO - Processing /home/airflow/.local/lib/python3.12/site-packages/airflow/example_dags/example_sensor_decorator.py took 1.445 seconds
[2025-07-06T04:34:22.266+0000] {processor.py:186} INFO - Started process (PID=144) to work on /home/airflow/.local/lib/python3.12/site-packages/airflow/example_dags/example_sensor_decorator.py
[2025-07-06T04:34:22.267+0000] {processor.py:914} INFO - Processing file /home/airflow/.local/lib/python3.12/site-packages/airflow/example_dags/example_sensor_decorator.py for tasks to queue
[2025-07-06T04:34:22.270+0000] {logging_mixin.py:190} INFO - [2025-07-06T04:34:22.269+0000] {dagbag.py:588} INFO - Filling up the DagBag from /home/airflow/.local/lib/python3.12/site-packages/airflow/example_dags/example_sensor_decorator.py
[2025-07-06T04:34:22.280+0000] {processor.py:925} INFO - DAG(s) 'example_sensor_decorator' retrieved from /home/airflow/.local/lib/python3.12/site-packages/airflow/example_dags/example_sensor_decorator.py
[2025-07-06T04:34:22.305+0000] {logging_mixin.py:190} INFO - [2025-07-06T04:34:22.304+0000] {dag.py:3239} INFO - Sync 1 DAGs
[2025-07-06T04:34:22.322+0000] {logging_mixin.py:190} INFO - [2025-07-06T04:34:22.321+0000] {dag.py:4180} INFO - Setting next_dagrun for example_sensor_decorator to None, run_after=None
[2025-07-06T04:34:22.356+0000] {processor.py:208} INFO - Processing /home/airflow/.local/lib/python3.12/site-packages/airflow/example_dags/example_sensor_decorator.py took 0.096 seconds
[2025-07-06T04:34:52.735+0000] {processor.py:186} INFO - Started process (PID=206) to work on /home/airflow/.local/lib/python3.12/site-packages/airflow/example_dags/example_sensor_decorator.py
[2025-07-06T04:34:52.736+0000] {processor.py:914} INFO - Processing file /home/airflow/.local/lib/python3.12/site-packages/airflow/example_dags/example_sensor_decorator.py for tasks to queue
[2025-07-06T04:34:52.739+0000] {logging_mixin.py:190} INFO - [2025-07-06T04:34:52.738+0000] {dagbag.py:588} INFO - Filling up the DagBag from /home/airflow/.local/lib/python3.12/site-packages/airflow/example_dags/example_sensor_decorator.py
[2025-07-06T04:34:52.747+0000] {processor.py:925} INFO - DAG(s) 'example_sensor_decorator' retrieved from /home/airflow/.local/lib/python3.12/site-packages/airflow/example_dags/example_sensor_decorator.py
[2025-07-06T04:34:52.768+0000] {logging_mixin.py:190} INFO - [2025-07-06T04:34:52.767+0000] {dag.py:3239} INFO - Sync 1 DAGs
[2025-07-06T04:34:52.786+0000] {logging_mixin.py:190} INFO - [2025-07-06T04:34:52.785+0000] {dag.py:4180} INFO - Setting next_dagrun for example_sensor_decorator to None, run_after=None
[2025-07-06T04:34:52.835+0000] {processor.py:208} INFO - Processing /home/airflow/.local/lib/python3.12/site-packages/airflow/example_dags/example_sensor_decorator.py took 0.107 seconds
[2025-07-06T04:35:23.423+0000] {processor.py:186} INFO - Started process (PID=268) to work on /home/airflow/.local/lib/python3.12/site-packages/airflow/example_dags/example_sensor_decorator.py
[2025-07-06T04:35:23.424+0000] {processor.py:914} INFO - Processing file /home/airflow/.local/lib/python3.12/site-packages/airflow/example_dags/example_sensor_decorator.py for tasks to queue
[2025-07-06T04:35:23.426+0000] {logging_mixin.py:190} INFO - [2025-07-06T04:35:23.426+0000] {dagbag.py:588} INFO - Filling up the DagBag from /home/airflow/.local/lib/python3.12/site-packages/airflow/example_dags/example_sensor_decorator.py
[2025-07-06T04:35:23.435+0000] {processor.py:925} INFO - DAG(s) 'example_sensor_decorator' retrieved from /home/airflow/.local/lib/python3.12/site-packages/airflow/example_dags/example_sensor_decorator.py
[2025-07-06T04:35:23.456+0000] {logging_mixin.py:190} INFO - [2025-07-06T04:35:23.455+0000] {dag.py:3239} INFO - Sync 1 DAGs
[2025-07-06T04:35:23.474+0000] {logging_mixin.py:190} INFO - [2025-07-06T04:35:23.473+0000] {dag.py:4180} INFO - Setting next_dagrun for example_sensor_decorator to None, run_after=None
[2025-07-06T04:35:23.495+0000] {processor.py:208} INFO - Processing /home/airflow/.local/lib/python3.12/site-packages/airflow/example_dags/example_sensor_decorator.py took 0.078 seconds
[2025-07-06T04:35:56.719+0000] {processor.py:186} INFO - Started process (PID=320) to work on /home/airflow/.local/lib/python3.12/site-packages/airflow/example_dags/example_sensor_decorator.py
[2025-07-06T04:35:56.722+0000] {processor.py:914} INFO - Processing file /home/airflow/.local/lib/python3.12/site-packages/airflow/example_dags/example_sensor_decorator.py for tasks to queue
[2025-07-06T04:35:56.731+0000] {logging_mixin.py:190} INFO - [2025-07-06T04:35:56.730+0000] {dagbag.py:588} INFO - Filling up the DagBag from /home/airflow/.local/lib/python3.12/site-packages/airflow/example_dags/example_sensor_decorator.py
[2025-07-06T04:35:56.769+0000] {processor.py:925} INFO - DAG(s) 'example_sensor_decorator' retrieved from /home/airflow/.local/lib/python3.12/site-packages/airflow/example_dags/example_sensor_decorator.py
[2025-07-06T04:35:56.852+0000] {logging_mixin.py:190} INFO - [2025-07-06T04:35:56.852+0000] {dag.py:3239} INFO - Sync 1 DAGs
[2025-07-06T04:35:56.913+0000] {logging_mixin.py:190} INFO - [2025-07-06T04:35:56.913+0000] {dag.py:4180} INFO - Setting next_dagrun for example_sensor_decorator to None, run_after=None
[2025-07-06T04:35:57.010+0000] {processor.py:208} INFO - Processing /home/airflow/.local/lib/python3.12/site-packages/airflow/example_dags/example_sensor_decorator.py took 0.305 seconds
[2025-07-06T04:36:27.610+0000] {processor.py:186} INFO - Started process (PID=382) to work on /home/airflow/.local/lib/python3.12/site-packages/airflow/example_dags/example_sensor_decorator.py
[2025-07-06T04:36:27.611+0000] {processor.py:914} INFO - Processing file /home/airflow/.local/lib/python3.12/site-packages/airflow/example_dags/example_sensor_decorator.py for tasks to queue
[2025-07-06T04:36:27.614+0000] {logging_mixin.py:190} INFO - [2025-07-06T04:36:27.614+0000] {dagbag.py:588} INFO - Filling up the DagBag from /home/airflow/.local/lib/python3.12/site-packages/airflow/example_dags/example_sensor_decorator.py
[2025-07-06T04:36:27.623+0000] {processor.py:925} INFO - DAG(s) 'example_sensor_decorator' retrieved from /home/airflow/.local/lib/python3.12/site-packages/airflow/example_dags/example_sensor_decorator.py
[2025-07-06T04:36:27.645+0000] {logging_mixin.py:190} INFO - [2025-07-06T04:36:27.645+0000] {dag.py:3239} INFO - Sync 1 DAGs
[2025-07-06T04:36:27.661+0000] {logging_mixin.py:190} INFO - [2025-07-06T04:36:27.661+0000] {dag.py:4180} INFO - Setting next_dagrun for example_sensor_decorator to None, run_after=None
[2025-07-06T04:36:27.681+0000] {processor.py:208} INFO - Processing /home/airflow/.local/lib/python3.12/site-packages/airflow/example_dags/example_sensor_decorator.py took 0.079 seconds
[2025-07-06T04:36:58.181+0000] {processor.py:186} INFO - Started process (PID=445) to work on /home/airflow/.local/lib/python3.12/site-packages/airflow/example_dags/example_sensor_decorator.py
[2025-07-06T04:36:58.182+0000] {processor.py:914} INFO - Processing file /home/airflow/.local/lib/python3.12/site-packages/airflow/example_dags/example_sensor_decorator.py for tasks to queue
[2025-07-06T04:36:58.184+0000] {logging_mixin.py:190} INFO - [2025-07-06T04:36:58.184+0000] {dagbag.py:588} INFO - Filling up the DagBag from /home/airflow/.local/lib/python3.12/site-packages/airflow/example_dags/example_sensor_decorator.py
[2025-07-06T04:36:58.193+0000] {processor.py:925} INFO - DAG(s) 'example_sensor_decorator' retrieved from /home/airflow/.local/lib/python3.12/site-packages/airflow/example_dags/example_sensor_decorator.py
[2025-07-06T04:36:58.214+0000] {logging_mixin.py:190} INFO - [2025-07-06T04:36:58.214+0000] {dag.py:3239} INFO - Sync 1 DAGs
[2025-07-06T04:36:58.234+0000] {logging_mixin.py:190} INFO - [2025-07-06T04:36:58.234+0000] {dag.py:4180} INFO - Setting next_dagrun for example_sensor_decorator to None, run_after=None
[2025-07-06T04:36:58.254+0000] {processor.py:208} INFO - Processing /home/airflow/.local/lib/python3.12/site-packages/airflow/example_dags/example_sensor_decorator.py took 0.079 seconds
[2025-07-06T04:37:28.474+0000] {processor.py:186} INFO - Started process (PID=508) to work on /home/airflow/.local/lib/python3.12/site-packages/airflow/example_dags/example_sensor_decorator.py
[2025-07-06T04:37:28.474+0000] {processor.py:914} INFO - Processing file /home/airflow/.local/lib/python3.12/site-packages/airflow/example_dags/example_sensor_decorator.py for tasks to queue
[2025-07-06T04:37:28.477+0000] {logging_mixin.py:190} INFO - [2025-07-06T04:37:28.477+0000] {dagbag.py:588} INFO - Filling up the DagBag from /home/airflow/.local/lib/python3.12/site-packages/airflow/example_dags/example_sensor_decorator.py
[2025-07-06T04:37:28.486+0000] {processor.py:925} INFO - DAG(s) 'example_sensor_decorator' retrieved from /home/airflow/.local/lib/python3.12/site-packages/airflow/example_dags/example_sensor_decorator.py
[2025-07-06T04:37:28.507+0000] {logging_mixin.py:190} INFO - [2025-07-06T04:37:28.507+0000] {dag.py:3239} INFO - Sync 1 DAGs
[2025-07-06T04:37:28.525+0000] {logging_mixin.py:190} INFO - [2025-07-06T04:37:28.525+0000] {dag.py:4180} INFO - Setting next_dagrun for example_sensor_decorator to None, run_after=None
[2025-07-06T04:37:28.554+0000] {processor.py:208} INFO - Processing /home/airflow/.local/lib/python3.12/site-packages/airflow/example_dags/example_sensor_decorator.py took 0.087 seconds
[2025-07-06T04:37:58.848+0000] {processor.py:186} INFO - Started process (PID=571) to work on /home/airflow/.local/lib/python3.12/site-packages/airflow/example_dags/example_sensor_decorator.py
[2025-07-06T04:37:58.849+0000] {processor.py:914} INFO - Processing file /home/airflow/.local/lib/python3.12/site-packages/airflow/example_dags/example_sensor_decorator.py for tasks to queue
[2025-07-06T04:37:58.852+0000] {logging_mixin.py:190} INFO - [2025-07-06T04:37:58.851+0000] {dagbag.py:588} INFO - Filling up the DagBag from /home/airflow/.local/lib/python3.12/site-packages/airflow/example_dags/example_sensor_decorator.py
[2025-07-06T04:37:58.861+0000] {processor.py:925} INFO - DAG(s) 'example_sensor_decorator' retrieved from /home/airflow/.local/lib/python3.12/site-packages/airflow/example_dags/example_sensor_decorator.py
[2025-07-06T04:37:58.882+0000] {logging_mixin.py:190} INFO - [2025-07-06T04:37:58.882+0000] {dag.py:3239} INFO - Sync 1 DAGs
[2025-07-06T04:37:58.901+0000] {logging_mixin.py:190} INFO - [2025-07-06T04:37:58.901+0000] {dag.py:4180} INFO - Setting next_dagrun for example_sensor_decorator to None, run_after=None
[2025-07-06T04:37:58.922+0000] {processor.py:208} INFO - Processing /home/airflow/.local/lib/python3.12/site-packages/airflow/example_dags/example_sensor_decorator.py took 0.079 seconds
[2025-07-06T04:38:29.127+0000] {processor.py:186} INFO - Started process (PID=634) to work on /home/airflow/.local/lib/python3.12/site-packages/airflow/example_dags/example_sensor_decorator.py
[2025-07-06T04:38:29.127+0000] {processor.py:914} INFO - Processing file /home/airflow/.local/lib/python3.12/site-packages/airflow/example_dags/example_sensor_decorator.py for tasks to queue
[2025-07-06T04:38:29.130+0000] {logging_mixin.py:190} INFO - [2025-07-06T04:38:29.129+0000] {dagbag.py:588} INFO - Filling up the DagBag from /home/airflow/.local/lib/python3.12/site-packages/airflow/example_dags/example_sensor_decorator.py
[2025-07-06T04:38:29.138+0000] {processor.py:925} INFO - DAG(s) 'example_sensor_decorator' retrieved from /home/airflow/.local/lib/python3.12/site-packages/airflow/example_dags/example_sensor_decorator.py
[2025-07-06T04:38:29.161+0000] {logging_mixin.py:190} INFO - [2025-07-06T04:38:29.161+0000] {dag.py:3239} INFO - Sync 1 DAGs
[2025-07-06T04:38:29.179+0000] {logging_mixin.py:190} INFO - [2025-07-06T04:38:29.179+0000] {dag.py:4180} INFO - Setting next_dagrun for example_sensor_decorator to None, run_after=None
[2025-07-06T04:38:29.199+0000] {processor.py:208} INFO - Processing /home/airflow/.local/lib/python3.12/site-packages/airflow/example_dags/example_sensor_decorator.py took 0.079 seconds
[2025-07-06T04:39:00.224+0000] {processor.py:186} INFO - Started process (PID=698) to work on /home/airflow/.local/lib/python3.12/site-packages/airflow/example_dags/example_sensor_decorator.py
[2025-07-06T04:39:00.226+0000] {processor.py:914} INFO - Processing file /home/airflow/.local/lib/python3.12/site-packages/airflow/example_dags/example_sensor_decorator.py for tasks to queue
[2025-07-06T04:39:00.231+0000] {logging_mixin.py:190} INFO - [2025-07-06T04:39:00.231+0000] {dagbag.py:588} INFO - Filling up the DagBag from /home/airflow/.local/lib/python3.12/site-packages/airflow/example_dags/example_sensor_decorator.py
[2025-07-06T04:39:00.247+0000] {processor.py:925} INFO - DAG(s) 'example_sensor_decorator' retrieved from /home/airflow/.local/lib/python3.12/site-packages/airflow/example_dags/example_sensor_decorator.py
[2025-07-06T04:39:00.285+0000] {logging_mixin.py:190} INFO - [2025-07-06T04:39:00.285+0000] {dag.py:3239} INFO - Sync 1 DAGs
[2025-07-06T04:39:00.313+0000] {logging_mixin.py:190} INFO - [2025-07-06T04:39:00.313+0000] {dag.py:4180} INFO - Setting next_dagrun for example_sensor_decorator to None, run_after=None
[2025-07-06T04:39:00.353+0000] {processor.py:208} INFO - Processing /home/airflow/.local/lib/python3.12/site-packages/airflow/example_dags/example_sensor_decorator.py took 0.138 seconds
[2025-07-06T04:39:31.835+0000] {processor.py:186} INFO - Started process (PID=762) to work on /home/airflow/.local/lib/python3.12/site-packages/airflow/example_dags/example_sensor_decorator.py
[2025-07-06T04:39:31.836+0000] {processor.py:914} INFO - Processing file /home/airflow/.local/lib/python3.12/site-packages/airflow/example_dags/example_sensor_decorator.py for tasks to queue
[2025-07-06T04:39:31.843+0000] {logging_mixin.py:190} INFO - [2025-07-06T04:39:31.842+0000] {dagbag.py:588} INFO - Filling up the DagBag from /home/airflow/.local/lib/python3.12/site-packages/airflow/example_dags/example_sensor_decorator.py
[2025-07-06T04:39:31.861+0000] {processor.py:925} INFO - DAG(s) 'example_sensor_decorator' retrieved from /home/airflow/.local/lib/python3.12/site-packages/airflow/example_dags/example_sensor_decorator.py
[2025-07-06T04:39:31.914+0000] {logging_mixin.py:190} INFO - [2025-07-06T04:39:31.913+0000] {dag.py:3239} INFO - Sync 1 DAGs
[2025-07-06T04:39:31.969+0000] {logging_mixin.py:190} INFO - [2025-07-06T04:39:31.962+0000] {dag.py:4180} INFO - Setting next_dagrun for example_sensor_decorator to None, run_after=None
[2025-07-06T04:39:32.042+0000] {processor.py:208} INFO - Processing /home/airflow/.local/lib/python3.12/site-packages/airflow/example_dags/example_sensor_decorator.py took 0.235 seconds
[2025-07-06T04:40:02.207+0000] {processor.py:186} INFO - Started process (PID=826) to work on /home/airflow/.local/lib/python3.12/site-packages/airflow/example_dags/example_sensor_decorator.py
[2025-07-06T04:40:02.208+0000] {processor.py:914} INFO - Processing file /home/airflow/.local/lib/python3.12/site-packages/airflow/example_dags/example_sensor_decorator.py for tasks to queue
[2025-07-06T04:40:02.211+0000] {logging_mixin.py:190} INFO - [2025-07-06T04:40:02.211+0000] {dagbag.py:588} INFO - Filling up the DagBag from /home/airflow/.local/lib/python3.12/site-packages/airflow/example_dags/example_sensor_decorator.py
[2025-07-06T04:40:02.223+0000] {processor.py:925} INFO - DAG(s) 'example_sensor_decorator' retrieved from /home/airflow/.local/lib/python3.12/site-packages/airflow/example_dags/example_sensor_decorator.py
[2025-07-06T04:40:02.257+0000] {logging_mixin.py:190} INFO - [2025-07-06T04:40:02.257+0000] {dag.py:3239} INFO - Sync 1 DAGs
[2025-07-06T04:40:02.275+0000] {logging_mixin.py:190} INFO - [2025-07-06T04:40:02.275+0000] {dag.py:4180} INFO - Setting next_dagrun for example_sensor_decorator to None, run_after=None
[2025-07-06T04:40:02.295+0000] {processor.py:208} INFO - Processing /home/airflow/.local/lib/python3.12/site-packages/airflow/example_dags/example_sensor_decorator.py took 0.095 seconds
[2025-07-06T04:40:32.727+0000] {processor.py:186} INFO - Started process (PID=889) to work on /home/airflow/.local/lib/python3.12/site-packages/airflow/example_dags/example_sensor_decorator.py
[2025-07-06T04:40:32.727+0000] {processor.py:914} INFO - Processing file /home/airflow/.local/lib/python3.12/site-packages/airflow/example_dags/example_sensor_decorator.py for tasks to queue
[2025-07-06T04:40:32.730+0000] {logging_mixin.py:190} INFO - [2025-07-06T04:40:32.729+0000] {dagbag.py:588} INFO - Filling up the DagBag from /home/airflow/.local/lib/python3.12/site-packages/airflow/example_dags/example_sensor_decorator.py
[2025-07-06T04:40:32.736+0000] {processor.py:925} INFO - DAG(s) 'example_sensor_decorator' retrieved from /home/airflow/.local/lib/python3.12/site-packages/airflow/example_dags/example_sensor_decorator.py
[2025-07-06T04:40:32.753+0000] {logging_mixin.py:190} INFO - [2025-07-06T04:40:32.753+0000] {dag.py:3239} INFO - Sync 1 DAGs
[2025-07-06T04:40:32.766+0000] {logging_mixin.py:190} INFO - [2025-07-06T04:40:32.766+0000] {dag.py:4180} INFO - Setting next_dagrun for example_sensor_decorator to None, run_after=None
[2025-07-06T04:40:32.782+0000] {processor.py:208} INFO - Processing /home/airflow/.local/lib/python3.12/site-packages/airflow/example_dags/example_sensor_decorator.py took 0.060 seconds
[2025-07-06T04:41:03.172+0000] {processor.py:186} INFO - Started process (PID=953) to work on /home/airflow/.local/lib/python3.12/site-packages/airflow/example_dags/example_sensor_decorator.py
[2025-07-06T04:41:03.173+0000] {processor.py:914} INFO - Processing file /home/airflow/.local/lib/python3.12/site-packages/airflow/example_dags/example_sensor_decorator.py for tasks to queue
[2025-07-06T04:41:03.176+0000] {logging_mixin.py:190} INFO - [2025-07-06T04:41:03.175+0000] {dagbag.py:588} INFO - Filling up the DagBag from /home/airflow/.local/lib/python3.12/site-packages/airflow/example_dags/example_sensor_decorator.py
[2025-07-06T04:41:03.183+0000] {processor.py:925} INFO - DAG(s) 'example_sensor_decorator' retrieved from /home/airflow/.local/lib/python3.12/site-packages/airflow/example_dags/example_sensor_decorator.py
[2025-07-06T04:41:03.199+0000] {logging_mixin.py:190} INFO - [2025-07-06T04:41:03.199+0000] {dag.py:3239} INFO - Sync 1 DAGs
[2025-07-06T04:41:03.211+0000] {logging_mixin.py:190} INFO - [2025-07-06T04:41:03.211+0000] {dag.py:4180} INFO - Setting next_dagrun for example_sensor_decorator to None, run_after=None
[2025-07-06T04:41:03.227+0000] {processor.py:208} INFO - Processing /home/airflow/.local/lib/python3.12/site-packages/airflow/example_dags/example_sensor_decorator.py took 0.061 seconds
[2025-07-06T04:41:33.464+0000] {processor.py:186} INFO - Started process (PID=1017) to work on /home/airflow/.local/lib/python3.12/site-packages/airflow/example_dags/example_sensor_decorator.py
[2025-07-06T04:41:33.465+0000] {processor.py:914} INFO - Processing file /home/airflow/.local/lib/python3.12/site-packages/airflow/example_dags/example_sensor_decorator.py for tasks to queue
[2025-07-06T04:41:33.467+0000] {logging_mixin.py:190} INFO - [2025-07-06T04:41:33.467+0000] {dagbag.py:588} INFO - Filling up the DagBag from /home/airflow/.local/lib/python3.12/site-packages/airflow/example_dags/example_sensor_decorator.py
[2025-07-06T04:41:33.476+0000] {processor.py:925} INFO - DAG(s) 'example_sensor_decorator' retrieved from /home/airflow/.local/lib/python3.12/site-packages/airflow/example_dags/example_sensor_decorator.py
[2025-07-06T04:41:33.494+0000] {logging_mixin.py:190} INFO - [2025-07-06T04:41:33.494+0000] {dag.py:3239} INFO - Sync 1 DAGs
[2025-07-06T04:41:33.506+0000] {logging_mixin.py:190} INFO - [2025-07-06T04:41:33.506+0000] {dag.py:4180} INFO - Setting next_dagrun for example_sensor_decorator to None, run_after=None
[2025-07-06T04:41:33.522+0000] {processor.py:208} INFO - Processing /home/airflow/.local/lib/python3.12/site-packages/airflow/example_dags/example_sensor_decorator.py took 0.064 seconds
[2025-07-06T04:42:04.179+0000] {processor.py:186} INFO - Started process (PID=1081) to work on /home/airflow/.local/lib/python3.12/site-packages/airflow/example_dags/example_sensor_decorator.py
[2025-07-06T04:42:04.180+0000] {processor.py:914} INFO - Processing file /home/airflow/.local/lib/python3.12/site-packages/airflow/example_dags/example_sensor_decorator.py for tasks to queue
[2025-07-06T04:42:04.183+0000] {logging_mixin.py:190} INFO - [2025-07-06T04:42:04.182+0000] {dagbag.py:588} INFO - Filling up the DagBag from /home/airflow/.local/lib/python3.12/site-packages/airflow/example_dags/example_sensor_decorator.py
[2025-07-06T04:42:04.192+0000] {processor.py:925} INFO - DAG(s) 'example_sensor_decorator' retrieved from /home/airflow/.local/lib/python3.12/site-packages/airflow/example_dags/example_sensor_decorator.py
[2025-07-06T04:42:04.213+0000] {logging_mixin.py:190} INFO - [2025-07-06T04:42:04.213+0000] {dag.py:3239} INFO - Sync 1 DAGs
[2025-07-06T04:42:04.226+0000] {logging_mixin.py:190} INFO - [2025-07-06T04:42:04.225+0000] {dag.py:4180} INFO - Setting next_dagrun for example_sensor_decorator to None, run_after=None
[2025-07-06T04:42:04.241+0000] {processor.py:208} INFO - Processing /home/airflow/.local/lib/python3.12/site-packages/airflow/example_dags/example_sensor_decorator.py took 0.068 seconds
[2025-07-06T04:42:34.572+0000] {processor.py:186} INFO - Started process (PID=1144) to work on /home/airflow/.local/lib/python3.12/site-packages/airflow/example_dags/example_sensor_decorator.py
[2025-07-06T04:42:34.573+0000] {processor.py:914} INFO - Processing file /home/airflow/.local/lib/python3.12/site-packages/airflow/example_dags/example_sensor_decorator.py for tasks to queue
[2025-07-06T04:42:34.576+0000] {logging_mixin.py:190} INFO - [2025-07-06T04:42:34.575+0000] {dagbag.py:588} INFO - Filling up the DagBag from /home/airflow/.local/lib/python3.12/site-packages/airflow/example_dags/example_sensor_decorator.py
[2025-07-06T04:42:34.593+0000] {processor.py:925} INFO - DAG(s) 'example_sensor_decorator' retrieved from /home/airflow/.local/lib/python3.12/site-packages/airflow/example_dags/example_sensor_decorator.py
[2025-07-06T04:42:34.611+0000] {logging_mixin.py:190} INFO - [2025-07-06T04:42:34.611+0000] {dag.py:3239} INFO - Sync 1 DAGs
[2025-07-06T04:42:34.624+0000] {logging_mixin.py:190} INFO - [2025-07-06T04:42:34.623+0000] {dag.py:4180} INFO - Setting next_dagrun for example_sensor_decorator to None, run_after=None
[2025-07-06T04:42:34.640+0000] {processor.py:208} INFO - Processing /home/airflow/.local/lib/python3.12/site-packages/airflow/example_dags/example_sensor_decorator.py took 0.075 seconds
[2025-07-06T04:43:05.609+0000] {processor.py:186} INFO - Started process (PID=1208) to work on /home/airflow/.local/lib/python3.12/site-packages/airflow/example_dags/example_sensor_decorator.py
[2025-07-06T04:43:05.609+0000] {processor.py:914} INFO - Processing file /home/airflow/.local/lib/python3.12/site-packages/airflow/example_dags/example_sensor_decorator.py for tasks to queue
[2025-07-06T04:43:05.612+0000] {logging_mixin.py:190} INFO - [2025-07-06T04:43:05.612+0000] {dagbag.py:588} INFO - Filling up the DagBag from /home/airflow/.local/lib/python3.12/site-packages/airflow/example_dags/example_sensor_decorator.py
[2025-07-06T04:43:05.619+0000] {processor.py:925} INFO - DAG(s) 'example_sensor_decorator' retrieved from /home/airflow/.local/lib/python3.12/site-packages/airflow/example_dags/example_sensor_decorator.py
[2025-07-06T04:43:05.636+0000] {logging_mixin.py:190} INFO - [2025-07-06T04:43:05.636+0000] {dag.py:3239} INFO - Sync 1 DAGs
[2025-07-06T04:43:05.649+0000] {logging_mixin.py:190} INFO - [2025-07-06T04:43:05.649+0000] {dag.py:4180} INFO - Setting next_dagrun for example_sensor_decorator to None, run_after=None
[2025-07-06T04:43:05.665+0000] {processor.py:208} INFO - Processing /home/airflow/.local/lib/python3.12/site-packages/airflow/example_dags/example_sensor_decorator.py took 0.064 seconds
