[2025-07-06T04:34:12.921+0000] {processor.py:186} INFO - Started process (PID=109) to work on /home/airflow/.local/lib/python3.12/site-packages/airflow/example_dags/example_skip_dag.py
[2025-07-06T04:34:12.932+0000] {processor.py:914} INFO - Processing file /home/airflow/.local/lib/python3.12/site-packages/airflow/example_dags/example_skip_dag.py for tasks to queue
[2025-07-06T04:34:12.957+0000] {logging_mixin.py:190} INFO - [2025-07-06T04:34:12.952+0000] {dagbag.py:588} INFO - Filling up the DagBag from /home/airflow/.local/lib/python3.12/site-packages/airflow/example_dags/example_skip_dag.py
[2025-07-06T04:34:13.081+0000] {processor.py:925} INFO - DAG(s) 'example_skip_dag' retrieved from /home/airflow/.local/lib/python3.12/site-packages/airflow/example_dags/example_skip_dag.py
[2025-07-06T04:34:14.369+0000] {logging_mixin.py:190} INFO - [2025-07-06T04:34:14.369+0000] {override.py:1911} INFO - Created Permission View: can delete on DAG:example_skip_dag
[2025-07-06T04:34:14.412+0000] {logging_mixin.py:190} INFO - [2025-07-06T04:34:14.411+0000] {override.py:1911} INFO - Created Permission View: can edit on DAG:example_skip_dag
[2025-07-06T04:34:14.435+0000] {logging_mixin.py:190} INFO - [2025-07-06T04:34:14.434+0000] {override.py:1911} INFO - Created Permission View: can read on DAG:example_skip_dag
[2025-07-06T04:34:14.476+0000] {logging_mixin.py:190} INFO - [2025-07-06T04:34:14.475+0000] {override.py:1911} INFO - Created Permission View: can delete on DAG Run:example_skip_dag
[2025-07-06T04:34:14.501+0000] {logging_mixin.py:190} INFO - [2025-07-06T04:34:14.501+0000] {override.py:1911} INFO - Created Permission View: menu access on DAG Run:example_skip_dag
[2025-07-06T04:34:14.565+0000] {logging_mixin.py:190} INFO - [2025-07-06T04:34:14.565+0000] {override.py:1911} INFO - Created Permission View: can create on DAG Run:example_skip_dag
[2025-07-06T04:34:14.618+0000] {logging_mixin.py:190} INFO - [2025-07-06T04:34:14.617+0000] {override.py:1911} INFO - Created Permission View: can read on DAG Run:example_skip_dag
[2025-07-06T04:34:14.624+0000] {logging_mixin.py:190} INFO - [2025-07-06T04:34:14.624+0000] {dag.py:3239} INFO - Sync 1 DAGs
[2025-07-06T04:34:14.702+0000] {logging_mixin.py:190} INFO - [2025-07-06T04:34:14.702+0000] {dag.py:3262} INFO - Creating ORM DAG for example_skip_dag
[2025-07-06T04:34:14.747+0000] {logging_mixin.py:190} INFO - [2025-07-06T04:34:14.746+0000] {dag.py:4180} INFO - Setting next_dagrun for example_skip_dag to 2025-07-05 00:00:00+00:00, run_after=2025-07-06 00:00:00+00:00
[2025-07-06T04:34:14.824+0000] {processor.py:208} INFO - Processing /home/airflow/.local/lib/python3.12/site-packages/airflow/example_dags/example_skip_dag.py took 1.947 seconds
[2025-07-06T04:34:44.961+0000] {processor.py:186} INFO - Started process (PID=171) to work on /home/airflow/.local/lib/python3.12/site-packages/airflow/example_dags/example_skip_dag.py
[2025-07-06T04:34:44.961+0000] {processor.py:914} INFO - Processing file /home/airflow/.local/lib/python3.12/site-packages/airflow/example_dags/example_skip_dag.py for tasks to queue
[2025-07-06T04:34:44.964+0000] {logging_mixin.py:190} INFO - [2025-07-06T04:34:44.963+0000] {dagbag.py:588} INFO - Filling up the DagBag from /home/airflow/.local/lib/python3.12/site-packages/airflow/example_dags/example_skip_dag.py
[2025-07-06T04:34:44.971+0000] {processor.py:925} INFO - DAG(s) 'example_skip_dag' retrieved from /home/airflow/.local/lib/python3.12/site-packages/airflow/example_dags/example_skip_dag.py
[2025-07-06T04:34:44.990+0000] {logging_mixin.py:190} INFO - [2025-07-06T04:34:44.990+0000] {dag.py:3239} INFO - Sync 1 DAGs
[2025-07-06T04:34:45.010+0000] {logging_mixin.py:190} INFO - [2025-07-06T04:34:45.010+0000] {dag.py:4180} INFO - Setting next_dagrun for example_skip_dag to 2025-07-05 00:00:00+00:00, run_after=2025-07-06 00:00:00+00:00
[2025-07-06T04:34:45.025+0000] {processor.py:208} INFO - Processing /home/airflow/.local/lib/python3.12/site-packages/airflow/example_dags/example_skip_dag.py took 0.071 seconds
[2025-07-06T04:35:15.749+0000] {processor.py:186} INFO - Started process (PID=234) to work on /home/airflow/.local/lib/python3.12/site-packages/airflow/example_dags/example_skip_dag.py
[2025-07-06T04:35:15.757+0000] {processor.py:914} INFO - Processing file /home/airflow/.local/lib/python3.12/site-packages/airflow/example_dags/example_skip_dag.py for tasks to queue
[2025-07-06T04:35:15.784+0000] {logging_mixin.py:190} INFO - [2025-07-06T04:35:15.780+0000] {dagbag.py:588} INFO - Filling up the DagBag from /home/airflow/.local/lib/python3.12/site-packages/airflow/example_dags/example_skip_dag.py
[2025-07-06T04:35:15.815+0000] {processor.py:925} INFO - DAG(s) 'example_skip_dag' retrieved from /home/airflow/.local/lib/python3.12/site-packages/airflow/example_dags/example_skip_dag.py
[2025-07-06T04:35:15.916+0000] {logging_mixin.py:190} INFO - [2025-07-06T04:35:15.915+0000] {dag.py:3239} INFO - Sync 1 DAGs
[2025-07-06T04:35:16.069+0000] {logging_mixin.py:190} INFO - [2025-07-06T04:35:16.069+0000] {dag.py:4180} INFO - Setting next_dagrun for example_skip_dag to 2025-07-05 00:00:00+00:00, run_after=2025-07-06 00:00:00+00:00
[2025-07-06T04:35:16.129+0000] {processor.py:208} INFO - Processing /home/airflow/.local/lib/python3.12/site-packages/airflow/example_dags/example_skip_dag.py took 0.416 seconds
[2025-07-06T04:35:47.015+0000] {processor.py:186} INFO - Started process (PID=301) to work on /home/airflow/.local/lib/python3.12/site-packages/airflow/example_dags/example_skip_dag.py
[2025-07-06T04:35:47.016+0000] {processor.py:914} INFO - Processing file /home/airflow/.local/lib/python3.12/site-packages/airflow/example_dags/example_skip_dag.py for tasks to queue
[2025-07-06T04:35:47.018+0000] {logging_mixin.py:190} INFO - [2025-07-06T04:35:47.018+0000] {dagbag.py:588} INFO - Filling up the DagBag from /home/airflow/.local/lib/python3.12/site-packages/airflow/example_dags/example_skip_dag.py
[2025-07-06T04:35:47.025+0000] {processor.py:925} INFO - DAG(s) 'example_skip_dag' retrieved from /home/airflow/.local/lib/python3.12/site-packages/airflow/example_dags/example_skip_dag.py
[2025-07-06T04:35:47.043+0000] {logging_mixin.py:190} INFO - [2025-07-06T04:35:47.043+0000] {dag.py:3239} INFO - Sync 1 DAGs
[2025-07-06T04:35:47.063+0000] {logging_mixin.py:190} INFO - [2025-07-06T04:35:47.063+0000] {dag.py:4180} INFO - Setting next_dagrun for example_skip_dag to 2025-07-05 00:00:00+00:00, run_after=2025-07-06 00:00:00+00:00
[2025-07-06T04:35:47.079+0000] {processor.py:208} INFO - Processing /home/airflow/.local/lib/python3.12/site-packages/airflow/example_dags/example_skip_dag.py took 0.068 seconds
[2025-07-06T04:36:17.418+0000] {processor.py:186} INFO - Started process (PID=364) to work on /home/airflow/.local/lib/python3.12/site-packages/airflow/example_dags/example_skip_dag.py
[2025-07-06T04:36:17.419+0000] {processor.py:914} INFO - Processing file /home/airflow/.local/lib/python3.12/site-packages/airflow/example_dags/example_skip_dag.py for tasks to queue
[2025-07-06T04:36:17.422+0000] {logging_mixin.py:190} INFO - [2025-07-06T04:36:17.421+0000] {dagbag.py:588} INFO - Filling up the DagBag from /home/airflow/.local/lib/python3.12/site-packages/airflow/example_dags/example_skip_dag.py
[2025-07-06T04:36:17.428+0000] {processor.py:925} INFO - DAG(s) 'example_skip_dag' retrieved from /home/airflow/.local/lib/python3.12/site-packages/airflow/example_dags/example_skip_dag.py
[2025-07-06T04:36:17.447+0000] {logging_mixin.py:190} INFO - [2025-07-06T04:36:17.446+0000] {dag.py:3239} INFO - Sync 1 DAGs
[2025-07-06T04:36:17.467+0000] {logging_mixin.py:190} INFO - [2025-07-06T04:36:17.467+0000] {dag.py:4180} INFO - Setting next_dagrun for example_skip_dag to 2025-07-05 00:00:00+00:00, run_after=2025-07-06 00:00:00+00:00
[2025-07-06T04:36:17.482+0000] {processor.py:208} INFO - Processing /home/airflow/.local/lib/python3.12/site-packages/airflow/example_dags/example_skip_dag.py took 0.070 seconds
[2025-07-06T04:36:47.773+0000] {processor.py:186} INFO - Started process (PID=427) to work on /home/airflow/.local/lib/python3.12/site-packages/airflow/example_dags/example_skip_dag.py
[2025-07-06T04:36:47.773+0000] {processor.py:914} INFO - Processing file /home/airflow/.local/lib/python3.12/site-packages/airflow/example_dags/example_skip_dag.py for tasks to queue
[2025-07-06T04:36:47.776+0000] {logging_mixin.py:190} INFO - [2025-07-06T04:36:47.775+0000] {dagbag.py:588} INFO - Filling up the DagBag from /home/airflow/.local/lib/python3.12/site-packages/airflow/example_dags/example_skip_dag.py
[2025-07-06T04:36:47.782+0000] {processor.py:925} INFO - DAG(s) 'example_skip_dag' retrieved from /home/airflow/.local/lib/python3.12/site-packages/airflow/example_dags/example_skip_dag.py
[2025-07-06T04:36:47.801+0000] {logging_mixin.py:190} INFO - [2025-07-06T04:36:47.801+0000] {dag.py:3239} INFO - Sync 1 DAGs
[2025-07-06T04:36:47.823+0000] {logging_mixin.py:190} INFO - [2025-07-06T04:36:47.823+0000] {dag.py:4180} INFO - Setting next_dagrun for example_skip_dag to 2025-07-05 00:00:00+00:00, run_after=2025-07-06 00:00:00+00:00
[2025-07-06T04:36:47.841+0000] {processor.py:208} INFO - Processing /home/airflow/.local/lib/python3.12/site-packages/airflow/example_dags/example_skip_dag.py took 0.074 seconds
[2025-07-06T04:37:18.233+0000] {processor.py:186} INFO - Started process (PID=490) to work on /home/airflow/.local/lib/python3.12/site-packages/airflow/example_dags/example_skip_dag.py
[2025-07-06T04:37:18.234+0000] {processor.py:914} INFO - Processing file /home/airflow/.local/lib/python3.12/site-packages/airflow/example_dags/example_skip_dag.py for tasks to queue
[2025-07-06T04:37:18.236+0000] {logging_mixin.py:190} INFO - [2025-07-06T04:37:18.236+0000] {dagbag.py:588} INFO - Filling up the DagBag from /home/airflow/.local/lib/python3.12/site-packages/airflow/example_dags/example_skip_dag.py
[2025-07-06T04:37:18.243+0000] {processor.py:925} INFO - DAG(s) 'example_skip_dag' retrieved from /home/airflow/.local/lib/python3.12/site-packages/airflow/example_dags/example_skip_dag.py
[2025-07-06T04:37:18.261+0000] {logging_mixin.py:190} INFO - [2025-07-06T04:37:18.260+0000] {dag.py:3239} INFO - Sync 1 DAGs
[2025-07-06T04:37:18.281+0000] {logging_mixin.py:190} INFO - [2025-07-06T04:37:18.280+0000] {dag.py:4180} INFO - Setting next_dagrun for example_skip_dag to 2025-07-05 00:00:00+00:00, run_after=2025-07-06 00:00:00+00:00
[2025-07-06T04:37:18.297+0000] {processor.py:208} INFO - Processing /home/airflow/.local/lib/python3.12/site-packages/airflow/example_dags/example_skip_dag.py took 0.070 seconds
[2025-07-06T04:37:48.618+0000] {processor.py:186} INFO - Started process (PID=553) to work on /home/airflow/.local/lib/python3.12/site-packages/airflow/example_dags/example_skip_dag.py
[2025-07-06T04:37:48.621+0000] {processor.py:914} INFO - Processing file /home/airflow/.local/lib/python3.12/site-packages/airflow/example_dags/example_skip_dag.py for tasks to queue
[2025-07-06T04:37:48.628+0000] {logging_mixin.py:190} INFO - [2025-07-06T04:37:48.628+0000] {dagbag.py:588} INFO - Filling up the DagBag from /home/airflow/.local/lib/python3.12/site-packages/airflow/example_dags/example_skip_dag.py
[2025-07-06T04:37:48.640+0000] {processor.py:925} INFO - DAG(s) 'example_skip_dag' retrieved from /home/airflow/.local/lib/python3.12/site-packages/airflow/example_dags/example_skip_dag.py
[2025-07-06T04:37:48.672+0000] {logging_mixin.py:190} INFO - [2025-07-06T04:37:48.671+0000] {dag.py:3239} INFO - Sync 1 DAGs
[2025-07-06T04:37:48.700+0000] {logging_mixin.py:190} INFO - [2025-07-06T04:37:48.700+0000] {dag.py:4180} INFO - Setting next_dagrun for example_skip_dag to 2025-07-05 00:00:00+00:00, run_after=2025-07-06 00:00:00+00:00
[2025-07-06T04:37:48.719+0000] {processor.py:208} INFO - Processing /home/airflow/.local/lib/python3.12/site-packages/airflow/example_dags/example_skip_dag.py took 0.120 seconds
[2025-07-06T04:38:19.011+0000] {processor.py:186} INFO - Started process (PID=616) to work on /home/airflow/.local/lib/python3.12/site-packages/airflow/example_dags/example_skip_dag.py
[2025-07-06T04:38:19.012+0000] {processor.py:914} INFO - Processing file /home/airflow/.local/lib/python3.12/site-packages/airflow/example_dags/example_skip_dag.py for tasks to queue
[2025-07-06T04:38:19.015+0000] {logging_mixin.py:190} INFO - [2025-07-06T04:38:19.014+0000] {dagbag.py:588} INFO - Filling up the DagBag from /home/airflow/.local/lib/python3.12/site-packages/airflow/example_dags/example_skip_dag.py
[2025-07-06T04:38:19.024+0000] {processor.py:925} INFO - DAG(s) 'example_skip_dag' retrieved from /home/airflow/.local/lib/python3.12/site-packages/airflow/example_dags/example_skip_dag.py
[2025-07-06T04:38:19.050+0000] {logging_mixin.py:190} INFO - [2025-07-06T04:38:19.050+0000] {dag.py:3239} INFO - Sync 1 DAGs
[2025-07-06T04:38:19.080+0000] {logging_mixin.py:190} INFO - [2025-07-06T04:38:19.080+0000] {dag.py:4180} INFO - Setting next_dagrun for example_skip_dag to 2025-07-05 00:00:00+00:00, run_after=2025-07-06 00:00:00+00:00
[2025-07-06T04:38:19.105+0000] {processor.py:208} INFO - Processing /home/airflow/.local/lib/python3.12/site-packages/airflow/example_dags/example_skip_dag.py took 0.101 seconds
[2025-07-06T04:38:49.381+0000] {processor.py:186} INFO - Started process (PID=680) to work on /home/airflow/.local/lib/python3.12/site-packages/airflow/example_dags/example_skip_dag.py
[2025-07-06T04:38:49.382+0000] {processor.py:914} INFO - Processing file /home/airflow/.local/lib/python3.12/site-packages/airflow/example_dags/example_skip_dag.py for tasks to queue
[2025-07-06T04:38:49.384+0000] {logging_mixin.py:190} INFO - [2025-07-06T04:38:49.384+0000] {dagbag.py:588} INFO - Filling up the DagBag from /home/airflow/.local/lib/python3.12/site-packages/airflow/example_dags/example_skip_dag.py
[2025-07-06T04:38:49.391+0000] {processor.py:925} INFO - DAG(s) 'example_skip_dag' retrieved from /home/airflow/.local/lib/python3.12/site-packages/airflow/example_dags/example_skip_dag.py
[2025-07-06T04:38:49.409+0000] {logging_mixin.py:190} INFO - [2025-07-06T04:38:49.409+0000] {dag.py:3239} INFO - Sync 1 DAGs
[2025-07-06T04:38:49.429+0000] {logging_mixin.py:190} INFO - [2025-07-06T04:38:49.429+0000] {dag.py:4180} INFO - Setting next_dagrun for example_skip_dag to 2025-07-05 00:00:00+00:00, run_after=2025-07-06 00:00:00+00:00
[2025-07-06T04:38:49.447+0000] {processor.py:208} INFO - Processing /home/airflow/.local/lib/python3.12/site-packages/airflow/example_dags/example_skip_dag.py took 0.071 seconds
[2025-07-06T04:39:19.977+0000] {processor.py:186} INFO - Started process (PID=744) to work on /home/airflow/.local/lib/python3.12/site-packages/airflow/example_dags/example_skip_dag.py
[2025-07-06T04:39:19.978+0000] {processor.py:914} INFO - Processing file /home/airflow/.local/lib/python3.12/site-packages/airflow/example_dags/example_skip_dag.py for tasks to queue
[2025-07-06T04:39:19.981+0000] {logging_mixin.py:190} INFO - [2025-07-06T04:39:19.981+0000] {dagbag.py:588} INFO - Filling up the DagBag from /home/airflow/.local/lib/python3.12/site-packages/airflow/example_dags/example_skip_dag.py
[2025-07-06T04:39:19.990+0000] {processor.py:925} INFO - DAG(s) 'example_skip_dag' retrieved from /home/airflow/.local/lib/python3.12/site-packages/airflow/example_dags/example_skip_dag.py
[2025-07-06T04:39:20.016+0000] {logging_mixin.py:190} INFO - [2025-07-06T04:39:20.016+0000] {dag.py:3239} INFO - Sync 1 DAGs
[2025-07-06T04:39:20.047+0000] {logging_mixin.py:190} INFO - [2025-07-06T04:39:20.047+0000] {dag.py:4180} INFO - Setting next_dagrun for example_skip_dag to 2025-07-05 00:00:00+00:00, run_after=2025-07-06 00:00:00+00:00
[2025-07-06T04:39:20.068+0000] {processor.py:208} INFO - Processing /home/airflow/.local/lib/python3.12/site-packages/airflow/example_dags/example_skip_dag.py took 0.097 seconds
[2025-07-06T04:39:50.512+0000] {processor.py:186} INFO - Started process (PID=807) to work on /home/airflow/.local/lib/python3.12/site-packages/airflow/example_dags/example_skip_dag.py
[2025-07-06T04:39:50.513+0000] {processor.py:914} INFO - Processing file /home/airflow/.local/lib/python3.12/site-packages/airflow/example_dags/example_skip_dag.py for tasks to queue
[2025-07-06T04:39:50.515+0000] {logging_mixin.py:190} INFO - [2025-07-06T04:39:50.514+0000] {dagbag.py:588} INFO - Filling up the DagBag from /home/airflow/.local/lib/python3.12/site-packages/airflow/example_dags/example_skip_dag.py
[2025-07-06T04:39:50.521+0000] {processor.py:925} INFO - DAG(s) 'example_skip_dag' retrieved from /home/airflow/.local/lib/python3.12/site-packages/airflow/example_dags/example_skip_dag.py
[2025-07-06T04:39:50.540+0000] {logging_mixin.py:190} INFO - [2025-07-06T04:39:50.540+0000] {dag.py:3239} INFO - Sync 1 DAGs
[2025-07-06T04:39:50.560+0000] {logging_mixin.py:190} INFO - [2025-07-06T04:39:50.560+0000] {dag.py:4180} INFO - Setting next_dagrun for example_skip_dag to 2025-07-05 00:00:00+00:00, run_after=2025-07-06 00:00:00+00:00
[2025-07-06T04:39:50.575+0000] {processor.py:208} INFO - Processing /home/airflow/.local/lib/python3.12/site-packages/airflow/example_dags/example_skip_dag.py took 0.069 seconds
[2025-07-06T04:40:21.060+0000] {processor.py:186} INFO - Started process (PID=871) to work on /home/airflow/.local/lib/python3.12/site-packages/airflow/example_dags/example_skip_dag.py
[2025-07-06T04:40:21.060+0000] {processor.py:914} INFO - Processing file /home/airflow/.local/lib/python3.12/site-packages/airflow/example_dags/example_skip_dag.py for tasks to queue
[2025-07-06T04:40:21.063+0000] {logging_mixin.py:190} INFO - [2025-07-06T04:40:21.062+0000] {dagbag.py:588} INFO - Filling up the DagBag from /home/airflow/.local/lib/python3.12/site-packages/airflow/example_dags/example_skip_dag.py
[2025-07-06T04:40:21.069+0000] {processor.py:925} INFO - DAG(s) 'example_skip_dag' retrieved from /home/airflow/.local/lib/python3.12/site-packages/airflow/example_dags/example_skip_dag.py
[2025-07-06T04:40:21.088+0000] {logging_mixin.py:190} INFO - [2025-07-06T04:40:21.087+0000] {dag.py:3239} INFO - Sync 1 DAGs
[2025-07-06T04:40:21.108+0000] {logging_mixin.py:190} INFO - [2025-07-06T04:40:21.108+0000] {dag.py:4180} INFO - Setting next_dagrun for example_skip_dag to 2025-07-05 00:00:00+00:00, run_after=2025-07-06 00:00:00+00:00
[2025-07-06T04:40:21.123+0000] {processor.py:208} INFO - Processing /home/airflow/.local/lib/python3.12/site-packages/airflow/example_dags/example_skip_dag.py took 0.068 seconds
[2025-07-06T04:40:51.433+0000] {processor.py:186} INFO - Started process (PID=935) to work on /home/airflow/.local/lib/python3.12/site-packages/airflow/example_dags/example_skip_dag.py
[2025-07-06T04:40:51.434+0000] {processor.py:914} INFO - Processing file /home/airflow/.local/lib/python3.12/site-packages/airflow/example_dags/example_skip_dag.py for tasks to queue
[2025-07-06T04:40:51.437+0000] {logging_mixin.py:190} INFO - [2025-07-06T04:40:51.437+0000] {dagbag.py:588} INFO - Filling up the DagBag from /home/airflow/.local/lib/python3.12/site-packages/airflow/example_dags/example_skip_dag.py
[2025-07-06T04:40:51.448+0000] {processor.py:925} INFO - DAG(s) 'example_skip_dag' retrieved from /home/airflow/.local/lib/python3.12/site-packages/airflow/example_dags/example_skip_dag.py
[2025-07-06T04:40:51.470+0000] {logging_mixin.py:190} INFO - [2025-07-06T04:40:51.470+0000] {dag.py:3239} INFO - Sync 1 DAGs
[2025-07-06T04:40:51.492+0000] {logging_mixin.py:190} INFO - [2025-07-06T04:40:51.492+0000] {dag.py:4180} INFO - Setting next_dagrun for example_skip_dag to 2025-07-05 00:00:00+00:00, run_after=2025-07-06 00:00:00+00:00
[2025-07-06T04:40:51.509+0000] {processor.py:208} INFO - Processing /home/airflow/.local/lib/python3.12/site-packages/airflow/example_dags/example_skip_dag.py took 0.083 seconds
[2025-07-06T04:41:21.633+0000] {processor.py:186} INFO - Started process (PID=999) to work on /home/airflow/.local/lib/python3.12/site-packages/airflow/example_dags/example_skip_dag.py
[2025-07-06T04:41:21.634+0000] {processor.py:914} INFO - Processing file /home/airflow/.local/lib/python3.12/site-packages/airflow/example_dags/example_skip_dag.py for tasks to queue
[2025-07-06T04:41:21.638+0000] {logging_mixin.py:190} INFO - [2025-07-06T04:41:21.637+0000] {dagbag.py:588} INFO - Filling up the DagBag from /home/airflow/.local/lib/python3.12/site-packages/airflow/example_dags/example_skip_dag.py
[2025-07-06T04:41:21.651+0000] {processor.py:925} INFO - DAG(s) 'example_skip_dag' retrieved from /home/airflow/.local/lib/python3.12/site-packages/airflow/example_dags/example_skip_dag.py
[2025-07-06T04:41:21.691+0000] {logging_mixin.py:190} INFO - [2025-07-06T04:41:21.691+0000] {dag.py:3239} INFO - Sync 1 DAGs
[2025-07-06T04:41:21.743+0000] {logging_mixin.py:190} INFO - [2025-07-06T04:41:21.743+0000] {dag.py:4180} INFO - Setting next_dagrun for example_skip_dag to 2025-07-05 00:00:00+00:00, run_after=2025-07-06 00:00:00+00:00
[2025-07-06T04:41:21.765+0000] {processor.py:208} INFO - Processing /home/airflow/.local/lib/python3.12/site-packages/airflow/example_dags/example_skip_dag.py took 0.143 seconds
[2025-07-06T04:41:54.083+0000] {processor.py:186} INFO - Started process (PID=1063) to work on /home/airflow/.local/lib/python3.12/site-packages/airflow/example_dags/example_skip_dag.py
[2025-07-06T04:41:54.084+0000] {processor.py:914} INFO - Processing file /home/airflow/.local/lib/python3.12/site-packages/airflow/example_dags/example_skip_dag.py for tasks to queue
[2025-07-06T04:41:54.089+0000] {logging_mixin.py:190} INFO - [2025-07-06T04:41:54.089+0000] {dagbag.py:588} INFO - Filling up the DagBag from /home/airflow/.local/lib/python3.12/site-packages/airflow/example_dags/example_skip_dag.py
[2025-07-06T04:41:54.099+0000] {processor.py:925} INFO - DAG(s) 'example_skip_dag' retrieved from /home/airflow/.local/lib/python3.12/site-packages/airflow/example_dags/example_skip_dag.py
[2025-07-06T04:41:54.136+0000] {logging_mixin.py:190} INFO - [2025-07-06T04:41:54.136+0000] {dag.py:3239} INFO - Sync 1 DAGs
[2025-07-06T04:41:54.169+0000] {logging_mixin.py:190} INFO - [2025-07-06T04:41:54.168+0000] {dag.py:4180} INFO - Setting next_dagrun for example_skip_dag to 2025-07-05 00:00:00+00:00, run_after=2025-07-06 00:00:00+00:00
[2025-07-06T04:41:54.189+0000] {processor.py:208} INFO - Processing /home/airflow/.local/lib/python3.12/site-packages/airflow/example_dags/example_skip_dag.py took 0.116 seconds
[2025-07-06T04:42:25.596+0000] {processor.py:186} INFO - Started process (PID=1126) to work on /home/airflow/.local/lib/python3.12/site-packages/airflow/example_dags/example_skip_dag.py
[2025-07-06T04:42:25.597+0000] {processor.py:914} INFO - Processing file /home/airflow/.local/lib/python3.12/site-packages/airflow/example_dags/example_skip_dag.py for tasks to queue
[2025-07-06T04:42:25.600+0000] {logging_mixin.py:190} INFO - [2025-07-06T04:42:25.600+0000] {dagbag.py:588} INFO - Filling up the DagBag from /home/airflow/.local/lib/python3.12/site-packages/airflow/example_dags/example_skip_dag.py
[2025-07-06T04:42:25.612+0000] {processor.py:925} INFO - DAG(s) 'example_skip_dag' retrieved from /home/airflow/.local/lib/python3.12/site-packages/airflow/example_dags/example_skip_dag.py
[2025-07-06T04:42:25.636+0000] {logging_mixin.py:190} INFO - [2025-07-06T04:42:25.636+0000] {dag.py:3239} INFO - Sync 1 DAGs
[2025-07-06T04:42:25.664+0000] {logging_mixin.py:190} INFO - [2025-07-06T04:42:25.663+0000] {dag.py:4180} INFO - Setting next_dagrun for example_skip_dag to 2025-07-05 00:00:00+00:00, run_after=2025-07-06 00:00:00+00:00
[2025-07-06T04:42:25.686+0000] {processor.py:208} INFO - Processing /home/airflow/.local/lib/python3.12/site-packages/airflow/example_dags/example_skip_dag.py took 0.096 seconds
[2025-07-06T04:42:56.111+0000] {processor.py:186} INFO - Started process (PID=1189) to work on /home/airflow/.local/lib/python3.12/site-packages/airflow/example_dags/example_skip_dag.py
[2025-07-06T04:42:56.113+0000] {processor.py:914} INFO - Processing file /home/airflow/.local/lib/python3.12/site-packages/airflow/example_dags/example_skip_dag.py for tasks to queue
[2025-07-06T04:42:56.118+0000] {logging_mixin.py:190} INFO - [2025-07-06T04:42:56.118+0000] {dagbag.py:588} INFO - Filling up the DagBag from /home/airflow/.local/lib/python3.12/site-packages/airflow/example_dags/example_skip_dag.py
[2025-07-06T04:42:56.149+0000] {processor.py:925} INFO - DAG(s) 'example_skip_dag' retrieved from /home/airflow/.local/lib/python3.12/site-packages/airflow/example_dags/example_skip_dag.py
[2025-07-06T04:42:56.204+0000] {logging_mixin.py:190} INFO - [2025-07-06T04:42:56.202+0000] {dag.py:3239} INFO - Sync 1 DAGs
[2025-07-06T04:42:56.272+0000] {logging_mixin.py:190} INFO - [2025-07-06T04:42:56.271+0000] {dag.py:4180} INFO - Setting next_dagrun for example_skip_dag to 2025-07-05 00:00:00+00:00, run_after=2025-07-06 00:00:00+00:00
[2025-07-06T04:42:56.292+0000] {processor.py:208} INFO - Processing /home/airflow/.local/lib/python3.12/site-packages/airflow/example_dags/example_skip_dag.py took 0.195 seconds
