[2025-07-06T04:34:20.960+0000] {processor.py:186} INFO - Started process (PID=132) to work on /home/airflow/.local/lib/python3.12/site-packages/airflow/example_dags/example_dag_decorator.py
[2025-07-06T04:34:20.961+0000] {processor.py:914} INFO - Processing file /home/airflow/.local/lib/python3.12/site-packages/airflow/example_dags/example_dag_decorator.py for tasks to queue
[2025-07-06T04:34:20.965+0000] {logging_mixin.py:190} INFO - [2025-07-06T04:34:20.965+0000] {dagbag.py:588} INFO - Filling up the DagBag from /home/airflow/.local/lib/python3.12/site-packages/airflow/example_dags/example_dag_decorator.py
[2025-07-06T04:34:20.994+0000] {processor.py:925} INFO - DAG(s) 'example_dag_decorator' retrieved from /home/airflow/.local/lib/python3.12/site-packages/airflow/example_dags/example_dag_decorator.py
[2025-07-06T04:34:21.232+0000] {logging_mixin.py:190} INFO - [2025-07-06T04:34:21.231+0000] {override.py:1911} INFO - Created Permission View: can delete on DAG:example_dag_decorator
[2025-07-06T04:34:21.243+0000] {logging_mixin.py:190} INFO - [2025-07-06T04:34:21.243+0000] {override.py:1911} INFO - Created Permission View: can edit on DAG:example_dag_decorator
[2025-07-06T04:34:21.249+0000] {logging_mixin.py:190} INFO - [2025-07-06T04:34:21.248+0000] {override.py:1911} INFO - Created Permission View: can read on DAG:example_dag_decorator
[2025-07-06T04:34:21.255+0000] {logging_mixin.py:190} INFO - [2025-07-06T04:34:21.255+0000] {override.py:1911} INFO - Created Permission View: can delete on DAG Run:example_dag_decorator
[2025-07-06T04:34:21.262+0000] {logging_mixin.py:190} INFO - [2025-07-06T04:34:21.261+0000] {override.py:1911} INFO - Created Permission View: menu access on DAG Run:example_dag_decorator
[2025-07-06T04:34:21.267+0000] {logging_mixin.py:190} INFO - [2025-07-06T04:34:21.267+0000] {override.py:1911} INFO - Created Permission View: can create on DAG Run:example_dag_decorator
[2025-07-06T04:34:21.273+0000] {logging_mixin.py:190} INFO - [2025-07-06T04:34:21.273+0000] {override.py:1911} INFO - Created Permission View: can read on DAG Run:example_dag_decorator
[2025-07-06T04:34:21.274+0000] {logging_mixin.py:190} INFO - [2025-07-06T04:34:21.273+0000] {dag.py:3239} INFO - Sync 1 DAGs
[2025-07-06T04:34:21.290+0000] {logging_mixin.py:190} INFO - [2025-07-06T04:34:21.290+0000] {dag.py:3262} INFO - Creating ORM DAG for example_dag_decorator
[2025-07-06T04:34:21.291+0000] {logging_mixin.py:190} INFO - [2025-07-06T04:34:21.291+0000] {dag.py:4180} INFO - Setting next_dagrun for example_dag_decorator to None, run_after=None
[2025-07-06T04:34:21.309+0000] {processor.py:208} INFO - Processing /home/airflow/.local/lib/python3.12/site-packages/airflow/example_dags/example_dag_decorator.py took 0.360 seconds
[2025-07-06T04:34:51.900+0000] {processor.py:186} INFO - Started process (PID=195) to work on /home/airflow/.local/lib/python3.12/site-packages/airflow/example_dags/example_dag_decorator.py
[2025-07-06T04:34:51.901+0000] {processor.py:914} INFO - Processing file /home/airflow/.local/lib/python3.12/site-packages/airflow/example_dags/example_dag_decorator.py for tasks to queue
[2025-07-06T04:34:51.904+0000] {logging_mixin.py:190} INFO - [2025-07-06T04:34:51.904+0000] {dagbag.py:588} INFO - Filling up the DagBag from /home/airflow/.local/lib/python3.12/site-packages/airflow/example_dags/example_dag_decorator.py
[2025-07-06T04:34:51.918+0000] {processor.py:925} INFO - DAG(s) 'example_dag_decorator' retrieved from /home/airflow/.local/lib/python3.12/site-packages/airflow/example_dags/example_dag_decorator.py
[2025-07-06T04:34:52.095+0000] {logging_mixin.py:190} INFO - [2025-07-06T04:34:52.094+0000] {dag.py:3239} INFO - Sync 1 DAGs
[2025-07-06T04:34:52.125+0000] {logging_mixin.py:190} INFO - [2025-07-06T04:34:52.125+0000] {dag.py:4180} INFO - Setting next_dagrun for example_dag_decorator to None, run_after=None
[2025-07-06T04:34:52.177+0000] {processor.py:208} INFO - Processing /home/airflow/.local/lib/python3.12/site-packages/airflow/example_dags/example_dag_decorator.py took 0.285 seconds
[2025-07-06T04:35:22.822+0000] {processor.py:186} INFO - Started process (PID=258) to work on /home/airflow/.local/lib/python3.12/site-packages/airflow/example_dags/example_dag_decorator.py
[2025-07-06T04:35:22.823+0000] {processor.py:914} INFO - Processing file /home/airflow/.local/lib/python3.12/site-packages/airflow/example_dags/example_dag_decorator.py for tasks to queue
[2025-07-06T04:35:22.825+0000] {logging_mixin.py:190} INFO - [2025-07-06T04:35:22.825+0000] {dagbag.py:588} INFO - Filling up the DagBag from /home/airflow/.local/lib/python3.12/site-packages/airflow/example_dags/example_dag_decorator.py
[2025-07-06T04:35:22.839+0000] {processor.py:925} INFO - DAG(s) 'example_dag_decorator' retrieved from /home/airflow/.local/lib/python3.12/site-packages/airflow/example_dags/example_dag_decorator.py
[2025-07-06T04:35:23.009+0000] {logging_mixin.py:190} INFO - [2025-07-06T04:35:23.009+0000] {dag.py:3239} INFO - Sync 1 DAGs
[2025-07-06T04:35:23.023+0000] {logging_mixin.py:190} INFO - [2025-07-06T04:35:23.023+0000] {dag.py:4180} INFO - Setting next_dagrun for example_dag_decorator to None, run_after=None
[2025-07-06T04:35:23.051+0000] {processor.py:208} INFO - Processing /home/airflow/.local/lib/python3.12/site-packages/airflow/example_dags/example_dag_decorator.py took 0.236 seconds
[2025-07-06T04:36:00.281+0000] {processor.py:186} INFO - Started process (PID=336) to work on /home/airflow/.local/lib/python3.12/site-packages/airflow/example_dags/example_dag_decorator.py
[2025-07-06T04:36:00.282+0000] {processor.py:914} INFO - Processing file /home/airflow/.local/lib/python3.12/site-packages/airflow/example_dags/example_dag_decorator.py for tasks to queue
[2025-07-06T04:36:00.284+0000] {logging_mixin.py:190} INFO - [2025-07-06T04:36:00.284+0000] {dagbag.py:588} INFO - Filling up the DagBag from /home/airflow/.local/lib/python3.12/site-packages/airflow/example_dags/example_dag_decorator.py
[2025-07-06T04:36:00.299+0000] {processor.py:925} INFO - DAG(s) 'example_dag_decorator' retrieved from /home/airflow/.local/lib/python3.12/site-packages/airflow/example_dags/example_dag_decorator.py
[2025-07-06T04:36:00.459+0000] {logging_mixin.py:190} INFO - [2025-07-06T04:36:00.459+0000] {dag.py:3239} INFO - Sync 1 DAGs
[2025-07-06T04:36:00.499+0000] {logging_mixin.py:190} INFO - [2025-07-06T04:36:00.498+0000] {dag.py:4180} INFO - Setting next_dagrun for example_dag_decorator to None, run_after=None
[2025-07-06T04:36:00.559+0000] {processor.py:208} INFO - Processing /home/airflow/.local/lib/python3.12/site-packages/airflow/example_dags/example_dag_decorator.py took 0.285 seconds
[2025-07-06T04:36:32.113+0000] {processor.py:186} INFO - Started process (PID=399) to work on /home/airflow/.local/lib/python3.12/site-packages/airflow/example_dags/example_dag_decorator.py
[2025-07-06T04:36:32.114+0000] {processor.py:914} INFO - Processing file /home/airflow/.local/lib/python3.12/site-packages/airflow/example_dags/example_dag_decorator.py for tasks to queue
[2025-07-06T04:36:32.124+0000] {logging_mixin.py:190} INFO - [2025-07-06T04:36:32.119+0000] {dagbag.py:588} INFO - Filling up the DagBag from /home/airflow/.local/lib/python3.12/site-packages/airflow/example_dags/example_dag_decorator.py
[2025-07-06T04:36:32.168+0000] {processor.py:925} INFO - DAG(s) 'example_dag_decorator' retrieved from /home/airflow/.local/lib/python3.12/site-packages/airflow/example_dags/example_dag_decorator.py
[2025-07-06T04:36:32.763+0000] {logging_mixin.py:190} INFO - [2025-07-06T04:36:32.762+0000] {dag.py:3239} INFO - Sync 1 DAGs
[2025-07-06T04:36:32.815+0000] {logging_mixin.py:190} INFO - [2025-07-06T04:36:32.814+0000] {dag.py:4180} INFO - Setting next_dagrun for example_dag_decorator to None, run_after=None
[2025-07-06T04:36:32.944+0000] {processor.py:208} INFO - Processing /home/airflow/.local/lib/python3.12/site-packages/airflow/example_dags/example_dag_decorator.py took 0.863 seconds
[2025-07-06T04:37:03.832+0000] {processor.py:186} INFO - Started process (PID=463) to work on /home/airflow/.local/lib/python3.12/site-packages/airflow/example_dags/example_dag_decorator.py
[2025-07-06T04:37:03.833+0000] {processor.py:914} INFO - Processing file /home/airflow/.local/lib/python3.12/site-packages/airflow/example_dags/example_dag_decorator.py for tasks to queue
[2025-07-06T04:37:03.835+0000] {logging_mixin.py:190} INFO - [2025-07-06T04:37:03.835+0000] {dagbag.py:588} INFO - Filling up the DagBag from /home/airflow/.local/lib/python3.12/site-packages/airflow/example_dags/example_dag_decorator.py
[2025-07-06T04:37:03.849+0000] {processor.py:925} INFO - DAG(s) 'example_dag_decorator' retrieved from /home/airflow/.local/lib/python3.12/site-packages/airflow/example_dags/example_dag_decorator.py
[2025-07-06T04:37:04.052+0000] {logging_mixin.py:190} INFO - [2025-07-06T04:37:04.051+0000] {dag.py:3239} INFO - Sync 1 DAGs
[2025-07-06T04:37:04.093+0000] {logging_mixin.py:190} INFO - [2025-07-06T04:37:04.091+0000] {dag.py:4180} INFO - Setting next_dagrun for example_dag_decorator to None, run_after=None
[2025-07-06T04:37:04.138+0000] {processor.py:208} INFO - Processing /home/airflow/.local/lib/python3.12/site-packages/airflow/example_dags/example_dag_decorator.py took 0.313 seconds
[2025-07-06T04:37:34.308+0000] {processor.py:186} INFO - Started process (PID=526) to work on /home/airflow/.local/lib/python3.12/site-packages/airflow/example_dags/example_dag_decorator.py
[2025-07-06T04:37:34.309+0000] {processor.py:914} INFO - Processing file /home/airflow/.local/lib/python3.12/site-packages/airflow/example_dags/example_dag_decorator.py for tasks to queue
[2025-07-06T04:37:34.311+0000] {logging_mixin.py:190} INFO - [2025-07-06T04:37:34.311+0000] {dagbag.py:588} INFO - Filling up the DagBag from /home/airflow/.local/lib/python3.12/site-packages/airflow/example_dags/example_dag_decorator.py
[2025-07-06T04:37:34.325+0000] {processor.py:925} INFO - DAG(s) 'example_dag_decorator' retrieved from /home/airflow/.local/lib/python3.12/site-packages/airflow/example_dags/example_dag_decorator.py
[2025-07-06T04:37:34.586+0000] {logging_mixin.py:190} INFO - [2025-07-06T04:37:34.585+0000] {dag.py:3239} INFO - Sync 1 DAGs
[2025-07-06T04:37:34.601+0000] {logging_mixin.py:190} INFO - [2025-07-06T04:37:34.601+0000] {dag.py:4180} INFO - Setting next_dagrun for example_dag_decorator to None, run_after=None
[2025-07-06T04:37:34.621+0000] {processor.py:208} INFO - Processing /home/airflow/.local/lib/python3.12/site-packages/airflow/example_dags/example_dag_decorator.py took 0.320 seconds
[2025-07-06T04:38:04.714+0000] {processor.py:186} INFO - Started process (PID=589) to work on /home/airflow/.local/lib/python3.12/site-packages/airflow/example_dags/example_dag_decorator.py
[2025-07-06T04:38:04.715+0000] {processor.py:914} INFO - Processing file /home/airflow/.local/lib/python3.12/site-packages/airflow/example_dags/example_dag_decorator.py for tasks to queue
[2025-07-06T04:38:04.718+0000] {logging_mixin.py:190} INFO - [2025-07-06T04:38:04.717+0000] {dagbag.py:588} INFO - Filling up the DagBag from /home/airflow/.local/lib/python3.12/site-packages/airflow/example_dags/example_dag_decorator.py
[2025-07-06T04:38:04.731+0000] {processor.py:925} INFO - DAG(s) 'example_dag_decorator' retrieved from /home/airflow/.local/lib/python3.12/site-packages/airflow/example_dags/example_dag_decorator.py
[2025-07-06T04:38:04.869+0000] {logging_mixin.py:190} INFO - [2025-07-06T04:38:04.869+0000] {dag.py:3239} INFO - Sync 1 DAGs
[2025-07-06T04:38:04.881+0000] {logging_mixin.py:190} INFO - [2025-07-06T04:38:04.881+0000] {dag.py:4180} INFO - Setting next_dagrun for example_dag_decorator to None, run_after=None
[2025-07-06T04:38:04.898+0000] {processor.py:208} INFO - Processing /home/airflow/.local/lib/python3.12/site-packages/airflow/example_dags/example_dag_decorator.py took 0.189 seconds
[2025-07-06T04:38:35.201+0000] {processor.py:186} INFO - Started process (PID=653) to work on /home/airflow/.local/lib/python3.12/site-packages/airflow/example_dags/example_dag_decorator.py
[2025-07-06T04:38:35.202+0000] {processor.py:914} INFO - Processing file /home/airflow/.local/lib/python3.12/site-packages/airflow/example_dags/example_dag_decorator.py for tasks to queue
[2025-07-06T04:38:35.206+0000] {logging_mixin.py:190} INFO - [2025-07-06T04:38:35.206+0000] {dagbag.py:588} INFO - Filling up the DagBag from /home/airflow/.local/lib/python3.12/site-packages/airflow/example_dags/example_dag_decorator.py
[2025-07-06T04:38:35.233+0000] {processor.py:925} INFO - DAG(s) 'example_dag_decorator' retrieved from /home/airflow/.local/lib/python3.12/site-packages/airflow/example_dags/example_dag_decorator.py
[2025-07-06T04:38:35.458+0000] {logging_mixin.py:190} INFO - [2025-07-06T04:38:35.458+0000] {dag.py:3239} INFO - Sync 1 DAGs
[2025-07-06T04:38:35.474+0000] {logging_mixin.py:190} INFO - [2025-07-06T04:38:35.473+0000] {dag.py:4180} INFO - Setting next_dagrun for example_dag_decorator to None, run_after=None
[2025-07-06T04:38:35.493+0000] {processor.py:208} INFO - Processing /home/airflow/.local/lib/python3.12/site-packages/airflow/example_dags/example_dag_decorator.py took 0.307 seconds
[2025-07-06T04:39:05.875+0000] {processor.py:186} INFO - Started process (PID=717) to work on /home/airflow/.local/lib/python3.12/site-packages/airflow/example_dags/example_dag_decorator.py
[2025-07-06T04:39:05.876+0000] {processor.py:914} INFO - Processing file /home/airflow/.local/lib/python3.12/site-packages/airflow/example_dags/example_dag_decorator.py for tasks to queue
[2025-07-06T04:39:05.878+0000] {logging_mixin.py:190} INFO - [2025-07-06T04:39:05.878+0000] {dagbag.py:588} INFO - Filling up the DagBag from /home/airflow/.local/lib/python3.12/site-packages/airflow/example_dags/example_dag_decorator.py
[2025-07-06T04:39:05.901+0000] {processor.py:925} INFO - DAG(s) 'example_dag_decorator' retrieved from /home/airflow/.local/lib/python3.12/site-packages/airflow/example_dags/example_dag_decorator.py
[2025-07-06T04:39:06.034+0000] {logging_mixin.py:190} INFO - [2025-07-06T04:39:06.033+0000] {dag.py:3239} INFO - Sync 1 DAGs
[2025-07-06T04:39:06.049+0000] {logging_mixin.py:190} INFO - [2025-07-06T04:39:06.048+0000] {dag.py:4180} INFO - Setting next_dagrun for example_dag_decorator to None, run_after=None
[2025-07-06T04:39:06.069+0000] {processor.py:208} INFO - Processing /home/airflow/.local/lib/python3.12/site-packages/airflow/example_dags/example_dag_decorator.py took 0.201 seconds
[2025-07-06T04:39:37.372+0000] {processor.py:186} INFO - Started process (PID=781) to work on /home/airflow/.local/lib/python3.12/site-packages/airflow/example_dags/example_dag_decorator.py
[2025-07-06T04:39:37.373+0000] {processor.py:914} INFO - Processing file /home/airflow/.local/lib/python3.12/site-packages/airflow/example_dags/example_dag_decorator.py for tasks to queue
[2025-07-06T04:39:37.375+0000] {logging_mixin.py:190} INFO - [2025-07-06T04:39:37.375+0000] {dagbag.py:588} INFO - Filling up the DagBag from /home/airflow/.local/lib/python3.12/site-packages/airflow/example_dags/example_dag_decorator.py
[2025-07-06T04:39:37.389+0000] {processor.py:925} INFO - DAG(s) 'example_dag_decorator' retrieved from /home/airflow/.local/lib/python3.12/site-packages/airflow/example_dags/example_dag_decorator.py
[2025-07-06T04:39:37.532+0000] {logging_mixin.py:190} INFO - [2025-07-06T04:39:37.532+0000] {dag.py:3239} INFO - Sync 1 DAGs
[2025-07-06T04:39:37.549+0000] {logging_mixin.py:190} INFO - [2025-07-06T04:39:37.549+0000] {dag.py:4180} INFO - Setting next_dagrun for example_dag_decorator to None, run_after=None
[2025-07-06T04:39:37.569+0000] {processor.py:208} INFO - Processing /home/airflow/.local/lib/python3.12/site-packages/airflow/example_dags/example_dag_decorator.py took 0.205 seconds
[2025-07-06T04:40:09.912+0000] {processor.py:186} INFO - Started process (PID=847) to work on /home/airflow/.local/lib/python3.12/site-packages/airflow/example_dags/example_dag_decorator.py
[2025-07-06T04:40:09.917+0000] {processor.py:914} INFO - Processing file /home/airflow/.local/lib/python3.12/site-packages/airflow/example_dags/example_dag_decorator.py for tasks to queue
[2025-07-06T04:40:09.920+0000] {logging_mixin.py:190} INFO - [2025-07-06T04:40:09.919+0000] {dagbag.py:588} INFO - Filling up the DagBag from /home/airflow/.local/lib/python3.12/site-packages/airflow/example_dags/example_dag_decorator.py
[2025-07-06T04:40:09.938+0000] {processor.py:925} INFO - DAG(s) 'example_dag_decorator' retrieved from /home/airflow/.local/lib/python3.12/site-packages/airflow/example_dags/example_dag_decorator.py
[2025-07-06T04:40:09.972+0000] {logging_mixin.py:190} INFO - [2025-07-06T04:40:09.971+0000] {dag.py:3239} INFO - Sync 1 DAGs
[2025-07-06T04:40:09.991+0000] {logging_mixin.py:190} INFO - [2025-07-06T04:40:09.990+0000] {dag.py:4180} INFO - Setting next_dagrun for example_dag_decorator to None, run_after=None
[2025-07-06T04:40:10.040+0000] {processor.py:208} INFO - Processing /home/airflow/.local/lib/python3.12/site-packages/airflow/example_dags/example_dag_decorator.py took 0.138 seconds
[2025-07-06T04:40:41.260+0000] {processor.py:186} INFO - Started process (PID=912) to work on /home/airflow/.local/lib/python3.12/site-packages/airflow/example_dags/example_dag_decorator.py
[2025-07-06T04:40:41.261+0000] {processor.py:914} INFO - Processing file /home/airflow/.local/lib/python3.12/site-packages/airflow/example_dags/example_dag_decorator.py for tasks to queue
[2025-07-06T04:40:41.268+0000] {logging_mixin.py:190} INFO - [2025-07-06T04:40:41.267+0000] {dagbag.py:588} INFO - Filling up the DagBag from /home/airflow/.local/lib/python3.12/site-packages/airflow/example_dags/example_dag_decorator.py
[2025-07-06T04:40:41.296+0000] {processor.py:925} INFO - DAG(s) 'example_dag_decorator' retrieved from /home/airflow/.local/lib/python3.12/site-packages/airflow/example_dags/example_dag_decorator.py
[2025-07-06T04:40:41.603+0000] {logging_mixin.py:190} INFO - [2025-07-06T04:40:41.602+0000] {dag.py:3239} INFO - Sync 1 DAGs
[2025-07-06T04:40:41.635+0000] {logging_mixin.py:190} INFO - [2025-07-06T04:40:41.633+0000] {dag.py:4180} INFO - Setting next_dagrun for example_dag_decorator to None, run_after=None
[2025-07-06T04:40:41.687+0000] {processor.py:208} INFO - Processing /home/airflow/.local/lib/python3.12/site-packages/airflow/example_dags/example_dag_decorator.py took 0.442 seconds
[2025-07-06T04:41:12.388+0000] {processor.py:186} INFO - Started process (PID=975) to work on /home/airflow/.local/lib/python3.12/site-packages/airflow/example_dags/example_dag_decorator.py
[2025-07-06T04:41:12.389+0000] {processor.py:914} INFO - Processing file /home/airflow/.local/lib/python3.12/site-packages/airflow/example_dags/example_dag_decorator.py for tasks to queue
[2025-07-06T04:41:12.394+0000] {logging_mixin.py:190} INFO - [2025-07-06T04:41:12.394+0000] {dagbag.py:588} INFO - Filling up the DagBag from /home/airflow/.local/lib/python3.12/site-packages/airflow/example_dags/example_dag_decorator.py
[2025-07-06T04:41:12.436+0000] {processor.py:925} INFO - DAG(s) 'example_dag_decorator' retrieved from /home/airflow/.local/lib/python3.12/site-packages/airflow/example_dags/example_dag_decorator.py
[2025-07-06T04:41:12.627+0000] {logging_mixin.py:190} INFO - [2025-07-06T04:41:12.627+0000] {dag.py:3239} INFO - Sync 1 DAGs
[2025-07-06T04:41:12.643+0000] {logging_mixin.py:190} INFO - [2025-07-06T04:41:12.642+0000] {dag.py:4180} INFO - Setting next_dagrun for example_dag_decorator to None, run_after=None
[2025-07-06T04:41:12.663+0000] {processor.py:208} INFO - Processing /home/airflow/.local/lib/python3.12/site-packages/airflow/example_dags/example_dag_decorator.py took 0.283 seconds
[2025-07-06T04:41:42.921+0000] {processor.py:186} INFO - Started process (PID=1039) to work on /home/airflow/.local/lib/python3.12/site-packages/airflow/example_dags/example_dag_decorator.py
[2025-07-06T04:41:42.921+0000] {processor.py:914} INFO - Processing file /home/airflow/.local/lib/python3.12/site-packages/airflow/example_dags/example_dag_decorator.py for tasks to queue
[2025-07-06T04:41:42.924+0000] {logging_mixin.py:190} INFO - [2025-07-06T04:41:42.923+0000] {dagbag.py:588} INFO - Filling up the DagBag from /home/airflow/.local/lib/python3.12/site-packages/airflow/example_dags/example_dag_decorator.py
[2025-07-06T04:41:42.936+0000] {processor.py:925} INFO - DAG(s) 'example_dag_decorator' retrieved from /home/airflow/.local/lib/python3.12/site-packages/airflow/example_dags/example_dag_decorator.py
[2025-07-06T04:41:43.069+0000] {logging_mixin.py:190} INFO - [2025-07-06T04:41:43.069+0000] {dag.py:3239} INFO - Sync 1 DAGs
[2025-07-06T04:41:43.080+0000] {logging_mixin.py:190} INFO - [2025-07-06T04:41:43.079+0000] {dag.py:4180} INFO - Setting next_dagrun for example_dag_decorator to None, run_after=None
[2025-07-06T04:41:43.097+0000] {processor.py:208} INFO - Processing /home/airflow/.local/lib/python3.12/site-packages/airflow/example_dags/example_dag_decorator.py took 0.183 seconds
[2025-07-06T04:42:13.347+0000] {processor.py:186} INFO - Started process (PID=1103) to work on /home/airflow/.local/lib/python3.12/site-packages/airflow/example_dags/example_dag_decorator.py
[2025-07-06T04:42:13.348+0000] {processor.py:914} INFO - Processing file /home/airflow/.local/lib/python3.12/site-packages/airflow/example_dags/example_dag_decorator.py for tasks to queue
[2025-07-06T04:42:13.351+0000] {logging_mixin.py:190} INFO - [2025-07-06T04:42:13.350+0000] {dagbag.py:588} INFO - Filling up the DagBag from /home/airflow/.local/lib/python3.12/site-packages/airflow/example_dags/example_dag_decorator.py
[2025-07-06T04:42:13.364+0000] {processor.py:925} INFO - DAG(s) 'example_dag_decorator' retrieved from /home/airflow/.local/lib/python3.12/site-packages/airflow/example_dags/example_dag_decorator.py
[2025-07-06T04:42:13.395+0000] {logging_mixin.py:190} INFO - [2025-07-06T04:42:13.394+0000] {dag.py:3239} INFO - Sync 1 DAGs
[2025-07-06T04:42:13.413+0000] {logging_mixin.py:190} INFO - [2025-07-06T04:42:13.412+0000] {dag.py:4180} INFO - Setting next_dagrun for example_dag_decorator to None, run_after=None
[2025-07-06T04:42:13.433+0000] {processor.py:208} INFO - Processing /home/airflow/.local/lib/python3.12/site-packages/airflow/example_dags/example_dag_decorator.py took 0.092 seconds
[2025-07-06T04:42:43.656+0000] {processor.py:186} INFO - Started process (PID=1166) to work on /home/airflow/.local/lib/python3.12/site-packages/airflow/example_dags/example_dag_decorator.py
[2025-07-06T04:42:43.659+0000] {processor.py:914} INFO - Processing file /home/airflow/.local/lib/python3.12/site-packages/airflow/example_dags/example_dag_decorator.py for tasks to queue
[2025-07-06T04:42:43.664+0000] {logging_mixin.py:190} INFO - [2025-07-06T04:42:43.663+0000] {dagbag.py:588} INFO - Filling up the DagBag from /home/airflow/.local/lib/python3.12/site-packages/airflow/example_dags/example_dag_decorator.py
[2025-07-06T04:42:43.698+0000] {processor.py:925} INFO - DAG(s) 'example_dag_decorator' retrieved from /home/airflow/.local/lib/python3.12/site-packages/airflow/example_dags/example_dag_decorator.py
[2025-07-06T04:42:43.965+0000] {logging_mixin.py:190} INFO - [2025-07-06T04:42:43.964+0000] {dag.py:3239} INFO - Sync 1 DAGs
[2025-07-06T04:42:43.984+0000] {logging_mixin.py:190} INFO - [2025-07-06T04:42:43.984+0000] {dag.py:4180} INFO - Setting next_dagrun for example_dag_decorator to None, run_after=None
[2025-07-06T04:42:44.008+0000] {processor.py:208} INFO - Processing /home/airflow/.local/lib/python3.12/site-packages/airflow/example_dags/example_dag_decorator.py took 0.365 seconds
[2025-07-06T04:43:14.096+0000] {processor.py:186} INFO - Started process (PID=1231) to work on /home/airflow/.local/lib/python3.12/site-packages/airflow/example_dags/example_dag_decorator.py
[2025-07-06T04:43:14.097+0000] {processor.py:914} INFO - Processing file /home/airflow/.local/lib/python3.12/site-packages/airflow/example_dags/example_dag_decorator.py for tasks to queue
[2025-07-06T04:43:14.104+0000] {logging_mixin.py:190} INFO - [2025-07-06T04:43:14.103+0000] {dagbag.py:588} INFO - Filling up the DagBag from /home/airflow/.local/lib/python3.12/site-packages/airflow/example_dags/example_dag_decorator.py
[2025-07-06T04:43:14.139+0000] {processor.py:925} INFO - DAG(s) 'example_dag_decorator' retrieved from /home/airflow/.local/lib/python3.12/site-packages/airflow/example_dags/example_dag_decorator.py
[2025-07-06T04:43:14.255+0000] {logging_mixin.py:190} INFO - [2025-07-06T04:43:14.255+0000] {dag.py:3239} INFO - Sync 1 DAGs
[2025-07-06T04:43:14.274+0000] {logging_mixin.py:190} INFO - [2025-07-06T04:43:14.274+0000] {dag.py:4180} INFO - Setting next_dagrun for example_dag_decorator to None, run_after=None
[2025-07-06T04:43:14.292+0000] {processor.py:208} INFO - Processing /home/airflow/.local/lib/python3.12/site-packages/airflow/example_dags/example_dag_decorator.py took 0.203 seconds
