[2025-07-06T04:33:45.840+0000] {processor.py:186} INFO - Started process (PID=84) to work on /home/airflow/.local/lib/python3.12/site-packages/airflow/example_dags/example_sensors.py
[2025-07-06T04:33:45.846+0000] {processor.py:914} INFO - Processing file /home/airflow/.local/lib/python3.12/site-packages/airflow/example_dags/example_sensors.py for tasks to queue
[2025-07-06T04:33:45.854+0000] {logging_mixin.py:190} INFO - [2025-07-06T04:33:45.853+0000] {dagbag.py:588} INFO - Filling up the DagBag from /home/airflow/.local/lib/python3.12/site-packages/airflow/example_dags/example_sensors.py
[2025-07-06T04:33:45.943+0000] {processor.py:925} INFO - DAG(s) 'example_sensors' retrieved from /home/airflow/.local/lib/python3.12/site-packages/airflow/example_dags/example_sensors.py
[2025-07-06T04:33:46.536+0000] {logging_mixin.py:190} INFO - [2025-07-06T04:33:46.535+0000] {override.py:1911} INFO - Created Permission View: can delete on DAG:example_sensors
[2025-07-06T04:33:46.555+0000] {logging_mixin.py:190} INFO - [2025-07-06T04:33:46.554+0000] {override.py:1911} INFO - Created Permission View: can edit on DAG:example_sensors
[2025-07-06T04:33:46.578+0000] {logging_mixin.py:190} INFO - [2025-07-06T04:33:46.575+0000] {override.py:1911} INFO - Created Permission View: can read on DAG:example_sensors
[2025-07-06T04:33:46.602+0000] {logging_mixin.py:190} INFO - [2025-07-06T04:33:46.601+0000] {override.py:1911} INFO - Created Permission View: can delete on DAG Run:example_sensors
[2025-07-06T04:33:46.621+0000] {logging_mixin.py:190} INFO - [2025-07-06T04:33:46.621+0000] {override.py:1911} INFO - Created Permission View: menu access on DAG Run:example_sensors
[2025-07-06T04:33:46.643+0000] {logging_mixin.py:190} INFO - [2025-07-06T04:33:46.643+0000] {override.py:1911} INFO - Created Permission View: can create on DAG Run:example_sensors
[2025-07-06T04:33:46.670+0000] {logging_mixin.py:190} INFO - [2025-07-06T04:33:46.670+0000] {override.py:1911} INFO - Created Permission View: can read on DAG Run:example_sensors
[2025-07-06T04:33:46.670+0000] {logging_mixin.py:190} INFO - [2025-07-06T04:33:46.670+0000] {dag.py:3239} INFO - Sync 1 DAGs
[2025-07-06T04:33:46.733+0000] {logging_mixin.py:190} INFO - [2025-07-06T04:33:46.730+0000] {dag.py:3262} INFO - Creating ORM DAG for example_sensors
[2025-07-06T04:33:46.733+0000] {logging_mixin.py:190} INFO - [2025-07-06T04:33:46.733+0000] {dag.py:4180} INFO - Setting next_dagrun for example_sensors to None, run_after=None
[2025-07-06T04:33:46.801+0000] {processor.py:208} INFO - Processing /home/airflow/.local/lib/python3.12/site-packages/airflow/example_dags/example_sensors.py took 0.984 seconds
[2025-07-06T04:34:22.674+0000] {processor.py:186} INFO - Started process (PID=147) to work on /home/airflow/.local/lib/python3.12/site-packages/airflow/example_dags/example_sensors.py
[2025-07-06T04:34:22.675+0000] {processor.py:914} INFO - Processing file /home/airflow/.local/lib/python3.12/site-packages/airflow/example_dags/example_sensors.py for tasks to queue
[2025-07-06T04:34:22.677+0000] {logging_mixin.py:190} INFO - [2025-07-06T04:34:22.677+0000] {dagbag.py:588} INFO - Filling up the DagBag from /home/airflow/.local/lib/python3.12/site-packages/airflow/example_dags/example_sensors.py
[2025-07-06T04:34:22.691+0000] {processor.py:925} INFO - DAG(s) 'example_sensors' retrieved from /home/airflow/.local/lib/python3.12/site-packages/airflow/example_dags/example_sensors.py
[2025-07-06T04:34:22.730+0000] {logging_mixin.py:190} INFO - [2025-07-06T04:34:22.730+0000] {dag.py:3239} INFO - Sync 1 DAGs
[2025-07-06T04:34:22.755+0000] {logging_mixin.py:190} INFO - [2025-07-06T04:34:22.755+0000] {dag.py:4180} INFO - Setting next_dagrun for example_sensors to None, run_after=None
[2025-07-06T04:34:22.781+0000] {processor.py:208} INFO - Processing /home/airflow/.local/lib/python3.12/site-packages/airflow/example_dags/example_sensors.py took 0.116 seconds
[2025-07-06T04:34:53.146+0000] {processor.py:186} INFO - Started process (PID=210) to work on /home/airflow/.local/lib/python3.12/site-packages/airflow/example_dags/example_sensors.py
[2025-07-06T04:34:53.147+0000] {processor.py:914} INFO - Processing file /home/airflow/.local/lib/python3.12/site-packages/airflow/example_dags/example_sensors.py for tasks to queue
[2025-07-06T04:34:53.150+0000] {logging_mixin.py:190} INFO - [2025-07-06T04:34:53.149+0000] {dagbag.py:588} INFO - Filling up the DagBag from /home/airflow/.local/lib/python3.12/site-packages/airflow/example_dags/example_sensors.py
[2025-07-06T04:34:53.164+0000] {processor.py:925} INFO - DAG(s) 'example_sensors' retrieved from /home/airflow/.local/lib/python3.12/site-packages/airflow/example_dags/example_sensors.py
[2025-07-06T04:34:53.198+0000] {logging_mixin.py:190} INFO - [2025-07-06T04:34:53.197+0000] {dag.py:3239} INFO - Sync 1 DAGs
[2025-07-06T04:34:53.217+0000] {logging_mixin.py:190} INFO - [2025-07-06T04:34:53.216+0000] {dag.py:4180} INFO - Setting next_dagrun for example_sensors to None, run_after=None
[2025-07-06T04:34:53.237+0000] {processor.py:208} INFO - Processing /home/airflow/.local/lib/python3.12/site-packages/airflow/example_dags/example_sensors.py took 0.102 seconds
[2025-07-06T04:35:23.619+0000] {processor.py:186} INFO - Started process (PID=271) to work on /home/airflow/.local/lib/python3.12/site-packages/airflow/example_dags/example_sensors.py
[2025-07-06T04:35:23.620+0000] {processor.py:914} INFO - Processing file /home/airflow/.local/lib/python3.12/site-packages/airflow/example_dags/example_sensors.py for tasks to queue
[2025-07-06T04:35:23.622+0000] {logging_mixin.py:190} INFO - [2025-07-06T04:35:23.622+0000] {dagbag.py:588} INFO - Filling up the DagBag from /home/airflow/.local/lib/python3.12/site-packages/airflow/example_dags/example_sensors.py
[2025-07-06T04:35:23.635+0000] {processor.py:925} INFO - DAG(s) 'example_sensors' retrieved from /home/airflow/.local/lib/python3.12/site-packages/airflow/example_dags/example_sensors.py
[2025-07-06T04:35:23.664+0000] {logging_mixin.py:190} INFO - [2025-07-06T04:35:23.664+0000] {dag.py:3239} INFO - Sync 1 DAGs
[2025-07-06T04:35:23.683+0000] {logging_mixin.py:190} INFO - [2025-07-06T04:35:23.682+0000] {dag.py:4180} INFO - Setting next_dagrun for example_sensors to None, run_after=None
[2025-07-06T04:35:23.703+0000] {processor.py:208} INFO - Processing /home/airflow/.local/lib/python3.12/site-packages/airflow/example_dags/example_sensors.py took 0.091 seconds
[2025-07-06T04:35:57.532+0000] {processor.py:186} INFO - Started process (PID=323) to work on /home/airflow/.local/lib/python3.12/site-packages/airflow/example_dags/example_sensors.py
[2025-07-06T04:35:57.533+0000] {processor.py:914} INFO - Processing file /home/airflow/.local/lib/python3.12/site-packages/airflow/example_dags/example_sensors.py for tasks to queue
[2025-07-06T04:35:57.540+0000] {logging_mixin.py:190} INFO - [2025-07-06T04:35:57.539+0000] {dagbag.py:588} INFO - Filling up the DagBag from /home/airflow/.local/lib/python3.12/site-packages/airflow/example_dags/example_sensors.py
[2025-07-06T04:35:57.572+0000] {processor.py:925} INFO - DAG(s) 'example_sensors' retrieved from /home/airflow/.local/lib/python3.12/site-packages/airflow/example_dags/example_sensors.py
[2025-07-06T04:35:57.640+0000] {logging_mixin.py:190} INFO - [2025-07-06T04:35:57.639+0000] {dag.py:3239} INFO - Sync 1 DAGs
[2025-07-06T04:35:57.711+0000] {logging_mixin.py:190} INFO - [2025-07-06T04:35:57.711+0000] {dag.py:4180} INFO - Setting next_dagrun for example_sensors to None, run_after=None
[2025-07-06T04:35:57.809+0000] {processor.py:208} INFO - Processing /home/airflow/.local/lib/python3.12/site-packages/airflow/example_dags/example_sensors.py took 0.298 seconds
[2025-07-06T04:36:28.023+0000] {processor.py:186} INFO - Started process (PID=386) to work on /home/airflow/.local/lib/python3.12/site-packages/airflow/example_dags/example_sensors.py
[2025-07-06T04:36:28.024+0000] {processor.py:914} INFO - Processing file /home/airflow/.local/lib/python3.12/site-packages/airflow/example_dags/example_sensors.py for tasks to queue
[2025-07-06T04:36:28.027+0000] {logging_mixin.py:190} INFO - [2025-07-06T04:36:28.026+0000] {dagbag.py:588} INFO - Filling up the DagBag from /home/airflow/.local/lib/python3.12/site-packages/airflow/example_dags/example_sensors.py
[2025-07-06T04:36:28.040+0000] {processor.py:925} INFO - DAG(s) 'example_sensors' retrieved from /home/airflow/.local/lib/python3.12/site-packages/airflow/example_dags/example_sensors.py
[2025-07-06T04:36:28.080+0000] {logging_mixin.py:190} INFO - [2025-07-06T04:36:28.079+0000] {dag.py:3239} INFO - Sync 1 DAGs
[2025-07-06T04:36:28.097+0000] {logging_mixin.py:190} INFO - [2025-07-06T04:36:28.097+0000] {dag.py:4180} INFO - Setting next_dagrun for example_sensors to None, run_after=None
[2025-07-06T04:36:28.119+0000] {processor.py:208} INFO - Processing /home/airflow/.local/lib/python3.12/site-packages/airflow/example_dags/example_sensors.py took 0.102 seconds
[2025-07-06T04:36:58.369+0000] {processor.py:186} INFO - Started process (PID=448) to work on /home/airflow/.local/lib/python3.12/site-packages/airflow/example_dags/example_sensors.py
[2025-07-06T04:36:58.370+0000] {processor.py:914} INFO - Processing file /home/airflow/.local/lib/python3.12/site-packages/airflow/example_dags/example_sensors.py for tasks to queue
[2025-07-06T04:36:58.372+0000] {logging_mixin.py:190} INFO - [2025-07-06T04:36:58.372+0000] {dagbag.py:588} INFO - Filling up the DagBag from /home/airflow/.local/lib/python3.12/site-packages/airflow/example_dags/example_sensors.py
[2025-07-06T04:36:58.386+0000] {processor.py:925} INFO - DAG(s) 'example_sensors' retrieved from /home/airflow/.local/lib/python3.12/site-packages/airflow/example_dags/example_sensors.py
[2025-07-06T04:36:58.414+0000] {logging_mixin.py:190} INFO - [2025-07-06T04:36:58.413+0000] {dag.py:3239} INFO - Sync 1 DAGs
[2025-07-06T04:36:58.427+0000] {logging_mixin.py:190} INFO - [2025-07-06T04:36:58.427+0000] {dag.py:4180} INFO - Setting next_dagrun for example_sensors to None, run_after=None
[2025-07-06T04:36:58.442+0000] {processor.py:208} INFO - Processing /home/airflow/.local/lib/python3.12/site-packages/airflow/example_dags/example_sensors.py took 0.080 seconds
[2025-07-06T04:37:28.736+0000] {processor.py:186} INFO - Started process (PID=511) to work on /home/airflow/.local/lib/python3.12/site-packages/airflow/example_dags/example_sensors.py
[2025-07-06T04:37:28.737+0000] {processor.py:914} INFO - Processing file /home/airflow/.local/lib/python3.12/site-packages/airflow/example_dags/example_sensors.py for tasks to queue
[2025-07-06T04:37:28.740+0000] {logging_mixin.py:190} INFO - [2025-07-06T04:37:28.739+0000] {dagbag.py:588} INFO - Filling up the DagBag from /home/airflow/.local/lib/python3.12/site-packages/airflow/example_dags/example_sensors.py
[2025-07-06T04:37:28.754+0000] {processor.py:925} INFO - DAG(s) 'example_sensors' retrieved from /home/airflow/.local/lib/python3.12/site-packages/airflow/example_dags/example_sensors.py
[2025-07-06T04:37:28.792+0000] {logging_mixin.py:190} INFO - [2025-07-06T04:37:28.791+0000] {dag.py:3239} INFO - Sync 1 DAGs
[2025-07-06T04:37:28.812+0000] {logging_mixin.py:190} INFO - [2025-07-06T04:37:28.812+0000] {dag.py:4180} INFO - Setting next_dagrun for example_sensors to None, run_after=None
[2025-07-06T04:37:28.840+0000] {processor.py:208} INFO - Processing /home/airflow/.local/lib/python3.12/site-packages/airflow/example_dags/example_sensors.py took 0.111 seconds
[2025-07-06T04:37:59.039+0000] {processor.py:186} INFO - Started process (PID=574) to work on /home/airflow/.local/lib/python3.12/site-packages/airflow/example_dags/example_sensors.py
[2025-07-06T04:37:59.040+0000] {processor.py:914} INFO - Processing file /home/airflow/.local/lib/python3.12/site-packages/airflow/example_dags/example_sensors.py for tasks to queue
[2025-07-06T04:37:59.042+0000] {logging_mixin.py:190} INFO - [2025-07-06T04:37:59.042+0000] {dagbag.py:588} INFO - Filling up the DagBag from /home/airflow/.local/lib/python3.12/site-packages/airflow/example_dags/example_sensors.py
[2025-07-06T04:37:59.054+0000] {processor.py:925} INFO - DAG(s) 'example_sensors' retrieved from /home/airflow/.local/lib/python3.12/site-packages/airflow/example_dags/example_sensors.py
[2025-07-06T04:37:59.078+0000] {logging_mixin.py:190} INFO - [2025-07-06T04:37:59.078+0000] {dag.py:3239} INFO - Sync 1 DAGs
[2025-07-06T04:37:59.091+0000] {logging_mixin.py:190} INFO - [2025-07-06T04:37:59.091+0000] {dag.py:4180} INFO - Setting next_dagrun for example_sensors to None, run_after=None
[2025-07-06T04:37:59.106+0000] {processor.py:208} INFO - Processing /home/airflow/.local/lib/python3.12/site-packages/airflow/example_dags/example_sensors.py took 0.074 seconds
[2025-07-06T04:38:29.340+0000] {processor.py:186} INFO - Started process (PID=637) to work on /home/airflow/.local/lib/python3.12/site-packages/airflow/example_dags/example_sensors.py
[2025-07-06T04:38:29.341+0000] {processor.py:914} INFO - Processing file /home/airflow/.local/lib/python3.12/site-packages/airflow/example_dags/example_sensors.py for tasks to queue
[2025-07-06T04:38:29.344+0000] {logging_mixin.py:190} INFO - [2025-07-06T04:38:29.343+0000] {dagbag.py:588} INFO - Filling up the DagBag from /home/airflow/.local/lib/python3.12/site-packages/airflow/example_dags/example_sensors.py
[2025-07-06T04:38:29.366+0000] {processor.py:925} INFO - DAG(s) 'example_sensors' retrieved from /home/airflow/.local/lib/python3.12/site-packages/airflow/example_dags/example_sensors.py
[2025-07-06T04:38:29.392+0000] {logging_mixin.py:190} INFO - [2025-07-06T04:38:29.392+0000] {dag.py:3239} INFO - Sync 1 DAGs
[2025-07-06T04:38:29.404+0000] {logging_mixin.py:190} INFO - [2025-07-06T04:38:29.404+0000] {dag.py:4180} INFO - Setting next_dagrun for example_sensors to None, run_after=None
[2025-07-06T04:38:29.420+0000] {processor.py:208} INFO - Processing /home/airflow/.local/lib/python3.12/site-packages/airflow/example_dags/example_sensors.py took 0.089 seconds
[2025-07-06T04:39:00.538+0000] {processor.py:186} INFO - Started process (PID=701) to work on /home/airflow/.local/lib/python3.12/site-packages/airflow/example_dags/example_sensors.py
[2025-07-06T04:39:00.539+0000] {processor.py:914} INFO - Processing file /home/airflow/.local/lib/python3.12/site-packages/airflow/example_dags/example_sensors.py for tasks to queue
[2025-07-06T04:39:00.541+0000] {logging_mixin.py:190} INFO - [2025-07-06T04:39:00.541+0000] {dagbag.py:588} INFO - Filling up the DagBag from /home/airflow/.local/lib/python3.12/site-packages/airflow/example_dags/example_sensors.py
[2025-07-06T04:39:00.555+0000] {processor.py:925} INFO - DAG(s) 'example_sensors' retrieved from /home/airflow/.local/lib/python3.12/site-packages/airflow/example_dags/example_sensors.py
[2025-07-06T04:39:00.586+0000] {logging_mixin.py:190} INFO - [2025-07-06T04:39:00.586+0000] {dag.py:3239} INFO - Sync 1 DAGs
[2025-07-06T04:39:00.604+0000] {logging_mixin.py:190} INFO - [2025-07-06T04:39:00.604+0000] {dag.py:4180} INFO - Setting next_dagrun for example_sensors to None, run_after=None
[2025-07-06T04:39:00.626+0000] {processor.py:208} INFO - Processing /home/airflow/.local/lib/python3.12/site-packages/airflow/example_dags/example_sensors.py took 0.094 seconds
[2025-07-06T04:39:32.618+0000] {processor.py:186} INFO - Started process (PID=765) to work on /home/airflow/.local/lib/python3.12/site-packages/airflow/example_dags/example_sensors.py
[2025-07-06T04:39:32.621+0000] {processor.py:914} INFO - Processing file /home/airflow/.local/lib/python3.12/site-packages/airflow/example_dags/example_sensors.py for tasks to queue
[2025-07-06T04:39:32.632+0000] {logging_mixin.py:190} INFO - [2025-07-06T04:39:32.631+0000] {dagbag.py:588} INFO - Filling up the DagBag from /home/airflow/.local/lib/python3.12/site-packages/airflow/example_dags/example_sensors.py
[2025-07-06T04:39:32.679+0000] {processor.py:925} INFO - DAG(s) 'example_sensors' retrieved from /home/airflow/.local/lib/python3.12/site-packages/airflow/example_dags/example_sensors.py
[2025-07-06T04:39:32.819+0000] {logging_mixin.py:190} INFO - [2025-07-06T04:39:32.818+0000] {dag.py:3239} INFO - Sync 1 DAGs
[2025-07-06T04:39:32.872+0000] {logging_mixin.py:190} INFO - [2025-07-06T04:39:32.864+0000] {dag.py:4180} INFO - Setting next_dagrun for example_sensors to None, run_after=None
[2025-07-06T04:39:32.945+0000] {processor.py:208} INFO - Processing /home/airflow/.local/lib/python3.12/site-packages/airflow/example_dags/example_sensors.py took 0.346 seconds
[2025-07-06T04:40:04.013+0000] {processor.py:186} INFO - Started process (PID=829) to work on /home/airflow/.local/lib/python3.12/site-packages/airflow/example_dags/example_sensors.py
[2025-07-06T04:40:04.015+0000] {processor.py:914} INFO - Processing file /home/airflow/.local/lib/python3.12/site-packages/airflow/example_dags/example_sensors.py for tasks to queue
[2025-07-06T04:40:04.020+0000] {logging_mixin.py:190} INFO - [2025-07-06T04:40:04.018+0000] {dagbag.py:588} INFO - Filling up the DagBag from /home/airflow/.local/lib/python3.12/site-packages/airflow/example_dags/example_sensors.py
[2025-07-06T04:40:04.041+0000] {processor.py:925} INFO - DAG(s) 'example_sensors' retrieved from /home/airflow/.local/lib/python3.12/site-packages/airflow/example_dags/example_sensors.py
[2025-07-06T04:40:04.116+0000] {logging_mixin.py:190} INFO - [2025-07-06T04:40:04.116+0000] {dag.py:3239} INFO - Sync 1 DAGs
[2025-07-06T04:40:04.149+0000] {logging_mixin.py:190} INFO - [2025-07-06T04:40:04.149+0000] {dag.py:4180} INFO - Setting next_dagrun for example_sensors to None, run_after=None
[2025-07-06T04:40:04.195+0000] {processor.py:208} INFO - Processing /home/airflow/.local/lib/python3.12/site-packages/airflow/example_dags/example_sensors.py took 0.195 seconds
[2025-07-06T04:40:34.575+0000] {processor.py:186} INFO - Started process (PID=893) to work on /home/airflow/.local/lib/python3.12/site-packages/airflow/example_dags/example_sensors.py
[2025-07-06T04:40:34.576+0000] {processor.py:914} INFO - Processing file /home/airflow/.local/lib/python3.12/site-packages/airflow/example_dags/example_sensors.py for tasks to queue
[2025-07-06T04:40:34.578+0000] {logging_mixin.py:190} INFO - [2025-07-06T04:40:34.578+0000] {dagbag.py:588} INFO - Filling up the DagBag from /home/airflow/.local/lib/python3.12/site-packages/airflow/example_dags/example_sensors.py
[2025-07-06T04:40:34.590+0000] {processor.py:925} INFO - DAG(s) 'example_sensors' retrieved from /home/airflow/.local/lib/python3.12/site-packages/airflow/example_dags/example_sensors.py
[2025-07-06T04:40:34.623+0000] {logging_mixin.py:190} INFO - [2025-07-06T04:40:34.623+0000] {dag.py:3239} INFO - Sync 1 DAGs
[2025-07-06T04:40:34.641+0000] {logging_mixin.py:190} INFO - [2025-07-06T04:40:34.641+0000] {dag.py:4180} INFO - Setting next_dagrun for example_sensors to None, run_after=None
[2025-07-06T04:40:34.661+0000] {processor.py:208} INFO - Processing /home/airflow/.local/lib/python3.12/site-packages/airflow/example_dags/example_sensors.py took 0.092 seconds
[2025-07-06T04:41:05.394+0000] {processor.py:186} INFO - Started process (PID=956) to work on /home/airflow/.local/lib/python3.12/site-packages/airflow/example_dags/example_sensors.py
[2025-07-06T04:41:05.395+0000] {processor.py:914} INFO - Processing file /home/airflow/.local/lib/python3.12/site-packages/airflow/example_dags/example_sensors.py for tasks to queue
[2025-07-06T04:41:05.397+0000] {logging_mixin.py:190} INFO - [2025-07-06T04:41:05.396+0000] {dagbag.py:588} INFO - Filling up the DagBag from /home/airflow/.local/lib/python3.12/site-packages/airflow/example_dags/example_sensors.py
[2025-07-06T04:41:05.410+0000] {processor.py:925} INFO - DAG(s) 'example_sensors' retrieved from /home/airflow/.local/lib/python3.12/site-packages/airflow/example_dags/example_sensors.py
[2025-07-06T04:41:05.441+0000] {logging_mixin.py:190} INFO - [2025-07-06T04:41:05.441+0000] {dag.py:3239} INFO - Sync 1 DAGs
[2025-07-06T04:41:05.463+0000] {logging_mixin.py:190} INFO - [2025-07-06T04:41:05.462+0000] {dag.py:4180} INFO - Setting next_dagrun for example_sensors to None, run_after=None
[2025-07-06T04:41:05.483+0000] {processor.py:208} INFO - Processing /home/airflow/.local/lib/python3.12/site-packages/airflow/example_dags/example_sensors.py took 0.095 seconds
[2025-07-06T04:41:35.632+0000] {processor.py:186} INFO - Started process (PID=1020) to work on /home/airflow/.local/lib/python3.12/site-packages/airflow/example_dags/example_sensors.py
[2025-07-06T04:41:35.633+0000] {processor.py:914} INFO - Processing file /home/airflow/.local/lib/python3.12/site-packages/airflow/example_dags/example_sensors.py for tasks to queue
[2025-07-06T04:41:35.636+0000] {logging_mixin.py:190} INFO - [2025-07-06T04:41:35.635+0000] {dagbag.py:588} INFO - Filling up the DagBag from /home/airflow/.local/lib/python3.12/site-packages/airflow/example_dags/example_sensors.py
[2025-07-06T04:41:35.650+0000] {processor.py:925} INFO - DAG(s) 'example_sensors' retrieved from /home/airflow/.local/lib/python3.12/site-packages/airflow/example_dags/example_sensors.py
[2025-07-06T04:41:35.682+0000] {logging_mixin.py:190} INFO - [2025-07-06T04:41:35.682+0000] {dag.py:3239} INFO - Sync 1 DAGs
[2025-07-06T04:41:35.700+0000] {logging_mixin.py:190} INFO - [2025-07-06T04:41:35.700+0000] {dag.py:4180} INFO - Setting next_dagrun for example_sensors to None, run_after=None
[2025-07-06T04:41:35.720+0000] {processor.py:208} INFO - Processing /home/airflow/.local/lib/python3.12/site-packages/airflow/example_dags/example_sensors.py took 0.095 seconds
[2025-07-06T04:42:06.350+0000] {processor.py:186} INFO - Started process (PID=1084) to work on /home/airflow/.local/lib/python3.12/site-packages/airflow/example_dags/example_sensors.py
[2025-07-06T04:42:06.350+0000] {processor.py:914} INFO - Processing file /home/airflow/.local/lib/python3.12/site-packages/airflow/example_dags/example_sensors.py for tasks to queue
[2025-07-06T04:42:06.352+0000] {logging_mixin.py:190} INFO - [2025-07-06T04:42:06.352+0000] {dagbag.py:588} INFO - Filling up the DagBag from /home/airflow/.local/lib/python3.12/site-packages/airflow/example_dags/example_sensors.py
[2025-07-06T04:42:06.366+0000] {processor.py:925} INFO - DAG(s) 'example_sensors' retrieved from /home/airflow/.local/lib/python3.12/site-packages/airflow/example_dags/example_sensors.py
[2025-07-06T04:42:06.398+0000] {logging_mixin.py:190} INFO - [2025-07-06T04:42:06.398+0000] {dag.py:3239} INFO - Sync 1 DAGs
[2025-07-06T04:42:06.416+0000] {logging_mixin.py:190} INFO - [2025-07-06T04:42:06.416+0000] {dag.py:4180} INFO - Setting next_dagrun for example_sensors to None, run_after=None
[2025-07-06T04:42:06.437+0000] {processor.py:208} INFO - Processing /home/airflow/.local/lib/python3.12/site-packages/airflow/example_dags/example_sensors.py took 0.094 seconds
[2025-07-06T04:42:36.756+0000] {processor.py:186} INFO - Started process (PID=1147) to work on /home/airflow/.local/lib/python3.12/site-packages/airflow/example_dags/example_sensors.py
[2025-07-06T04:42:36.757+0000] {processor.py:914} INFO - Processing file /home/airflow/.local/lib/python3.12/site-packages/airflow/example_dags/example_sensors.py for tasks to queue
[2025-07-06T04:42:36.759+0000] {logging_mixin.py:190} INFO - [2025-07-06T04:42:36.759+0000] {dagbag.py:588} INFO - Filling up the DagBag from /home/airflow/.local/lib/python3.12/site-packages/airflow/example_dags/example_sensors.py
[2025-07-06T04:42:36.772+0000] {processor.py:925} INFO - DAG(s) 'example_sensors' retrieved from /home/airflow/.local/lib/python3.12/site-packages/airflow/example_dags/example_sensors.py
[2025-07-06T04:42:36.803+0000] {logging_mixin.py:190} INFO - [2025-07-06T04:42:36.803+0000] {dag.py:3239} INFO - Sync 1 DAGs
[2025-07-06T04:42:36.822+0000] {logging_mixin.py:190} INFO - [2025-07-06T04:42:36.821+0000] {dag.py:4180} INFO - Setting next_dagrun for example_sensors to None, run_after=None
[2025-07-06T04:42:36.842+0000] {processor.py:208} INFO - Processing /home/airflow/.local/lib/python3.12/site-packages/airflow/example_dags/example_sensors.py took 0.092 seconds
[2025-07-06T04:43:07.768+0000] {processor.py:186} INFO - Started process (PID=1211) to work on /home/airflow/.local/lib/python3.12/site-packages/airflow/example_dags/example_sensors.py
[2025-07-06T04:43:07.768+0000] {processor.py:914} INFO - Processing file /home/airflow/.local/lib/python3.12/site-packages/airflow/example_dags/example_sensors.py for tasks to queue
[2025-07-06T04:43:07.771+0000] {logging_mixin.py:190} INFO - [2025-07-06T04:43:07.770+0000] {dagbag.py:588} INFO - Filling up the DagBag from /home/airflow/.local/lib/python3.12/site-packages/airflow/example_dags/example_sensors.py
[2025-07-06T04:43:07.785+0000] {processor.py:925} INFO - DAG(s) 'example_sensors' retrieved from /home/airflow/.local/lib/python3.12/site-packages/airflow/example_dags/example_sensors.py
[2025-07-06T04:43:07.820+0000] {logging_mixin.py:190} INFO - [2025-07-06T04:43:07.819+0000] {dag.py:3239} INFO - Sync 1 DAGs
[2025-07-06T04:43:07.838+0000] {logging_mixin.py:190} INFO - [2025-07-06T04:43:07.838+0000] {dag.py:4180} INFO - Setting next_dagrun for example_sensors to None, run_after=None
[2025-07-06T04:43:07.860+0000] {processor.py:208} INFO - Processing /home/airflow/.local/lib/python3.12/site-packages/airflow/example_dags/example_sensors.py took 0.098 seconds
