[2025-07-06T04:34:14.908+0000] {processor.py:186} INFO - Started process (PID=110) to work on /home/airflow/.local/lib/python3.12/site-packages/airflow/example_dags/example_kubernetes_executor.py
[2025-07-06T04:34:14.909+0000] {processor.py:914} INFO - Processing file /home/airflow/.local/lib/python3.12/site-packages/airflow/example_dags/example_kubernetes_executor.py for tasks to queue
[2025-07-06T04:34:14.915+0000] {logging_mixin.py:190} INFO - [2025-07-06T04:34:14.913+0000] {dagbag.py:588} INFO - Filling up the DagBag from /home/airflow/.local/lib/python3.12/site-packages/airflow/example_dags/example_kubernetes_executor.py
[2025-07-06T04:34:14.965+0000] {processor.py:925} INFO - DAG(s) 'example_kubernetes_executor' retrieved from /home/airflow/.local/lib/python3.12/site-packages/airflow/example_dags/example_kubernetes_executor.py
[2025-07-06T04:34:15.531+0000] {logging_mixin.py:190} INFO - [2025-07-06T04:34:15.530+0000] {override.py:1911} INFO - Created Permission View: can delete on DAG:example_kubernetes_executor
[2025-07-06T04:34:15.648+0000] {logging_mixin.py:190} INFO - [2025-07-06T04:34:15.647+0000] {override.py:1911} INFO - Created Permission View: can edit on DAG:example_kubernetes_executor
[2025-07-06T04:34:15.720+0000] {logging_mixin.py:190} INFO - [2025-07-06T04:34:15.713+0000] {override.py:1911} INFO - Created Permission View: can read on DAG:example_kubernetes_executor
[2025-07-06T04:34:15.776+0000] {logging_mixin.py:190} INFO - [2025-07-06T04:34:15.775+0000] {override.py:1911} INFO - Created Permission View: can delete on DAG Run:example_kubernetes_executor
[2025-07-06T04:34:15.838+0000] {logging_mixin.py:190} INFO - [2025-07-06T04:34:15.838+0000] {override.py:1911} INFO - Created Permission View: menu access on DAG Run:example_kubernetes_executor
[2025-07-06T04:34:15.868+0000] {logging_mixin.py:190} INFO - [2025-07-06T04:34:15.866+0000] {override.py:1911} INFO - Created Permission View: can create on DAG Run:example_kubernetes_executor
[2025-07-06T04:34:15.897+0000] {logging_mixin.py:190} INFO - [2025-07-06T04:34:15.897+0000] {override.py:1911} INFO - Created Permission View: can read on DAG Run:example_kubernetes_executor
[2025-07-06T04:34:15.901+0000] {logging_mixin.py:190} INFO - [2025-07-06T04:34:15.901+0000] {dag.py:3239} INFO - Sync 1 DAGs
[2025-07-06T04:34:15.975+0000] {logging_mixin.py:190} INFO - [2025-07-06T04:34:15.975+0000] {dag.py:3262} INFO - Creating ORM DAG for example_kubernetes_executor
[2025-07-06T04:34:15.978+0000] {logging_mixin.py:190} INFO - [2025-07-06T04:34:15.978+0000] {dag.py:4180} INFO - Setting next_dagrun for example_kubernetes_executor to None, run_after=None
[2025-07-06T04:34:16.038+0000] {processor.py:208} INFO - Processing /home/airflow/.local/lib/python3.12/site-packages/airflow/example_dags/example_kubernetes_executor.py took 1.144 seconds
[2025-07-06T04:34:47.002+0000] {processor.py:186} INFO - Started process (PID=179) to work on /home/airflow/.local/lib/python3.12/site-packages/airflow/example_dags/example_kubernetes_executor.py
[2025-07-06T04:34:47.003+0000] {processor.py:914} INFO - Processing file /home/airflow/.local/lib/python3.12/site-packages/airflow/example_dags/example_kubernetes_executor.py for tasks to queue
[2025-07-06T04:34:47.005+0000] {logging_mixin.py:190} INFO - [2025-07-06T04:34:47.005+0000] {dagbag.py:588} INFO - Filling up the DagBag from /home/airflow/.local/lib/python3.12/site-packages/airflow/example_dags/example_kubernetes_executor.py
[2025-07-06T04:34:47.022+0000] {processor.py:925} INFO - DAG(s) 'example_kubernetes_executor' retrieved from /home/airflow/.local/lib/python3.12/site-packages/airflow/example_dags/example_kubernetes_executor.py
[2025-07-06T04:34:47.067+0000] {logging_mixin.py:190} INFO - [2025-07-06T04:34:47.066+0000] {dag.py:3239} INFO - Sync 1 DAGs
[2025-07-06T04:34:47.086+0000] {logging_mixin.py:190} INFO - [2025-07-06T04:34:47.086+0000] {dag.py:4180} INFO - Setting next_dagrun for example_kubernetes_executor to None, run_after=None
[2025-07-06T04:34:47.107+0000] {processor.py:208} INFO - Processing /home/airflow/.local/lib/python3.12/site-packages/airflow/example_dags/example_kubernetes_executor.py took 0.112 seconds
[2025-07-06T04:35:17.295+0000] {processor.py:186} INFO - Started process (PID=240) to work on /home/airflow/.local/lib/python3.12/site-packages/airflow/example_dags/example_kubernetes_executor.py
[2025-07-06T04:35:17.298+0000] {processor.py:914} INFO - Processing file /home/airflow/.local/lib/python3.12/site-packages/airflow/example_dags/example_kubernetes_executor.py for tasks to queue
[2025-07-06T04:35:17.304+0000] {logging_mixin.py:190} INFO - [2025-07-06T04:35:17.304+0000] {dagbag.py:588} INFO - Filling up the DagBag from /home/airflow/.local/lib/python3.12/site-packages/airflow/example_dags/example_kubernetes_executor.py
[2025-07-06T04:35:17.339+0000] {processor.py:925} INFO - DAG(s) 'example_kubernetes_executor' retrieved from /home/airflow/.local/lib/python3.12/site-packages/airflow/example_dags/example_kubernetes_executor.py
[2025-07-06T04:35:17.387+0000] {logging_mixin.py:190} INFO - [2025-07-06T04:35:17.386+0000] {dag.py:3239} INFO - Sync 1 DAGs
[2025-07-06T04:35:17.405+0000] {logging_mixin.py:190} INFO - [2025-07-06T04:35:17.404+0000] {dag.py:4180} INFO - Setting next_dagrun for example_kubernetes_executor to None, run_after=None
[2025-07-06T04:35:17.435+0000] {processor.py:208} INFO - Processing /home/airflow/.local/lib/python3.12/site-packages/airflow/example_dags/example_kubernetes_executor.py took 0.159 seconds
[2025-07-06T04:35:48.055+0000] {processor.py:186} INFO - Started process (PID=303) to work on /home/airflow/.local/lib/python3.12/site-packages/airflow/example_dags/example_kubernetes_executor.py
[2025-07-06T04:35:48.056+0000] {processor.py:914} INFO - Processing file /home/airflow/.local/lib/python3.12/site-packages/airflow/example_dags/example_kubernetes_executor.py for tasks to queue
[2025-07-06T04:35:48.059+0000] {logging_mixin.py:190} INFO - [2025-07-06T04:35:48.059+0000] {dagbag.py:588} INFO - Filling up the DagBag from /home/airflow/.local/lib/python3.12/site-packages/airflow/example_dags/example_kubernetes_executor.py
[2025-07-06T04:35:48.076+0000] {processor.py:925} INFO - DAG(s) 'example_kubernetes_executor' retrieved from /home/airflow/.local/lib/python3.12/site-packages/airflow/example_dags/example_kubernetes_executor.py
[2025-07-06T04:35:48.120+0000] {logging_mixin.py:190} INFO - [2025-07-06T04:35:48.120+0000] {dag.py:3239} INFO - Sync 1 DAGs
[2025-07-06T04:35:48.138+0000] {logging_mixin.py:190} INFO - [2025-07-06T04:35:48.138+0000] {dag.py:4180} INFO - Setting next_dagrun for example_kubernetes_executor to None, run_after=None
[2025-07-06T04:35:48.166+0000] {processor.py:208} INFO - Processing /home/airflow/.local/lib/python3.12/site-packages/airflow/example_dags/example_kubernetes_executor.py took 0.117 seconds
[2025-07-06T04:36:18.440+0000] {processor.py:186} INFO - Started process (PID=365) to work on /home/airflow/.local/lib/python3.12/site-packages/airflow/example_dags/example_kubernetes_executor.py
[2025-07-06T04:36:18.444+0000] {processor.py:914} INFO - Processing file /home/airflow/.local/lib/python3.12/site-packages/airflow/example_dags/example_kubernetes_executor.py for tasks to queue
[2025-07-06T04:36:18.448+0000] {logging_mixin.py:190} INFO - [2025-07-06T04:36:18.447+0000] {dagbag.py:588} INFO - Filling up the DagBag from /home/airflow/.local/lib/python3.12/site-packages/airflow/example_dags/example_kubernetes_executor.py
[2025-07-06T04:36:18.473+0000] {processor.py:925} INFO - DAG(s) 'example_kubernetes_executor' retrieved from /home/airflow/.local/lib/python3.12/site-packages/airflow/example_dags/example_kubernetes_executor.py
[2025-07-06T04:36:18.518+0000] {logging_mixin.py:190} INFO - [2025-07-06T04:36:18.518+0000] {dag.py:3239} INFO - Sync 1 DAGs
[2025-07-06T04:36:18.536+0000] {logging_mixin.py:190} INFO - [2025-07-06T04:36:18.535+0000] {dag.py:4180} INFO - Setting next_dagrun for example_kubernetes_executor to None, run_after=None
[2025-07-06T04:36:18.554+0000] {processor.py:208} INFO - Processing /home/airflow/.local/lib/python3.12/site-packages/airflow/example_dags/example_kubernetes_executor.py took 0.128 seconds
[2025-07-06T04:36:48.787+0000] {processor.py:186} INFO - Started process (PID=428) to work on /home/airflow/.local/lib/python3.12/site-packages/airflow/example_dags/example_kubernetes_executor.py
[2025-07-06T04:36:48.788+0000] {processor.py:914} INFO - Processing file /home/airflow/.local/lib/python3.12/site-packages/airflow/example_dags/example_kubernetes_executor.py for tasks to queue
[2025-07-06T04:36:48.790+0000] {logging_mixin.py:190} INFO - [2025-07-06T04:36:48.789+0000] {dagbag.py:588} INFO - Filling up the DagBag from /home/airflow/.local/lib/python3.12/site-packages/airflow/example_dags/example_kubernetes_executor.py
[2025-07-06T04:36:48.806+0000] {processor.py:925} INFO - DAG(s) 'example_kubernetes_executor' retrieved from /home/airflow/.local/lib/python3.12/site-packages/airflow/example_dags/example_kubernetes_executor.py
[2025-07-06T04:36:48.853+0000] {logging_mixin.py:190} INFO - [2025-07-06T04:36:48.852+0000] {dag.py:3239} INFO - Sync 1 DAGs
[2025-07-06T04:36:48.880+0000] {logging_mixin.py:190} INFO - [2025-07-06T04:36:48.880+0000] {dag.py:4180} INFO - Setting next_dagrun for example_kubernetes_executor to None, run_after=None
[2025-07-06T04:36:48.902+0000] {processor.py:208} INFO - Processing /home/airflow/.local/lib/python3.12/site-packages/airflow/example_dags/example_kubernetes_executor.py took 0.121 seconds
[2025-07-06T04:37:19.254+0000] {processor.py:186} INFO - Started process (PID=491) to work on /home/airflow/.local/lib/python3.12/site-packages/airflow/example_dags/example_kubernetes_executor.py
[2025-07-06T04:37:19.255+0000] {processor.py:914} INFO - Processing file /home/airflow/.local/lib/python3.12/site-packages/airflow/example_dags/example_kubernetes_executor.py for tasks to queue
[2025-07-06T04:37:19.257+0000] {logging_mixin.py:190} INFO - [2025-07-06T04:37:19.256+0000] {dagbag.py:588} INFO - Filling up the DagBag from /home/airflow/.local/lib/python3.12/site-packages/airflow/example_dags/example_kubernetes_executor.py
[2025-07-06T04:37:19.273+0000] {processor.py:925} INFO - DAG(s) 'example_kubernetes_executor' retrieved from /home/airflow/.local/lib/python3.12/site-packages/airflow/example_dags/example_kubernetes_executor.py
[2025-07-06T04:37:19.319+0000] {logging_mixin.py:190} INFO - [2025-07-06T04:37:19.318+0000] {dag.py:3239} INFO - Sync 1 DAGs
[2025-07-06T04:37:19.342+0000] {logging_mixin.py:190} INFO - [2025-07-06T04:37:19.341+0000] {dag.py:4180} INFO - Setting next_dagrun for example_kubernetes_executor to None, run_after=None
[2025-07-06T04:37:19.364+0000] {processor.py:208} INFO - Processing /home/airflow/.local/lib/python3.12/site-packages/airflow/example_dags/example_kubernetes_executor.py took 0.116 seconds
[2025-07-06T04:37:49.634+0000] {processor.py:186} INFO - Started process (PID=554) to work on /home/airflow/.local/lib/python3.12/site-packages/airflow/example_dags/example_kubernetes_executor.py
[2025-07-06T04:37:49.635+0000] {processor.py:914} INFO - Processing file /home/airflow/.local/lib/python3.12/site-packages/airflow/example_dags/example_kubernetes_executor.py for tasks to queue
[2025-07-06T04:37:49.641+0000] {logging_mixin.py:190} INFO - [2025-07-06T04:37:49.640+0000] {dagbag.py:588} INFO - Filling up the DagBag from /home/airflow/.local/lib/python3.12/site-packages/airflow/example_dags/example_kubernetes_executor.py
[2025-07-06T04:37:49.662+0000] {processor.py:925} INFO - DAG(s) 'example_kubernetes_executor' retrieved from /home/airflow/.local/lib/python3.12/site-packages/airflow/example_dags/example_kubernetes_executor.py
[2025-07-06T04:37:49.736+0000] {logging_mixin.py:190} INFO - [2025-07-06T04:37:49.735+0000] {dag.py:3239} INFO - Sync 1 DAGs
[2025-07-06T04:37:49.775+0000] {logging_mixin.py:190} INFO - [2025-07-06T04:37:49.774+0000] {dag.py:4180} INFO - Setting next_dagrun for example_kubernetes_executor to None, run_after=None
[2025-07-06T04:37:49.817+0000] {processor.py:208} INFO - Processing /home/airflow/.local/lib/python3.12/site-packages/airflow/example_dags/example_kubernetes_executor.py took 0.198 seconds
[2025-07-06T04:38:20.155+0000] {processor.py:186} INFO - Started process (PID=617) to work on /home/airflow/.local/lib/python3.12/site-packages/airflow/example_dags/example_kubernetes_executor.py
[2025-07-06T04:38:20.157+0000] {processor.py:914} INFO - Processing file /home/airflow/.local/lib/python3.12/site-packages/airflow/example_dags/example_kubernetes_executor.py for tasks to queue
[2025-07-06T04:38:20.162+0000] {logging_mixin.py:190} INFO - [2025-07-06T04:38:20.161+0000] {dagbag.py:588} INFO - Filling up the DagBag from /home/airflow/.local/lib/python3.12/site-packages/airflow/example_dags/example_kubernetes_executor.py
[2025-07-06T04:38:20.203+0000] {processor.py:925} INFO - DAG(s) 'example_kubernetes_executor' retrieved from /home/airflow/.local/lib/python3.12/site-packages/airflow/example_dags/example_kubernetes_executor.py
[2025-07-06T04:38:20.289+0000] {logging_mixin.py:190} INFO - [2025-07-06T04:38:20.288+0000] {dag.py:3239} INFO - Sync 1 DAGs
[2025-07-06T04:38:20.342+0000] {logging_mixin.py:190} INFO - [2025-07-06T04:38:20.342+0000] {dag.py:4180} INFO - Setting next_dagrun for example_kubernetes_executor to None, run_after=None
[2025-07-06T04:38:20.386+0000] {processor.py:208} INFO - Processing /home/airflow/.local/lib/python3.12/site-packages/airflow/example_dags/example_kubernetes_executor.py took 0.246 seconds
[2025-07-06T04:38:50.481+0000] {processor.py:186} INFO - Started process (PID=681) to work on /home/airflow/.local/lib/python3.12/site-packages/airflow/example_dags/example_kubernetes_executor.py
[2025-07-06T04:38:50.482+0000] {processor.py:914} INFO - Processing file /home/airflow/.local/lib/python3.12/site-packages/airflow/example_dags/example_kubernetes_executor.py for tasks to queue
[2025-07-06T04:38:50.484+0000] {logging_mixin.py:190} INFO - [2025-07-06T04:38:50.483+0000] {dagbag.py:588} INFO - Filling up the DagBag from /home/airflow/.local/lib/python3.12/site-packages/airflow/example_dags/example_kubernetes_executor.py
[2025-07-06T04:38:50.495+0000] {processor.py:925} INFO - DAG(s) 'example_kubernetes_executor' retrieved from /home/airflow/.local/lib/python3.12/site-packages/airflow/example_dags/example_kubernetes_executor.py
[2025-07-06T04:38:50.526+0000] {logging_mixin.py:190} INFO - [2025-07-06T04:38:50.525+0000] {dag.py:3239} INFO - Sync 1 DAGs
[2025-07-06T04:38:50.539+0000] {logging_mixin.py:190} INFO - [2025-07-06T04:38:50.539+0000] {dag.py:4180} INFO - Setting next_dagrun for example_kubernetes_executor to None, run_after=None
[2025-07-06T04:38:50.554+0000] {processor.py:208} INFO - Processing /home/airflow/.local/lib/python3.12/site-packages/airflow/example_dags/example_kubernetes_executor.py took 0.078 seconds
[2025-07-06T04:39:20.713+0000] {processor.py:186} INFO - Started process (PID=745) to work on /home/airflow/.local/lib/python3.12/site-packages/airflow/example_dags/example_kubernetes_executor.py
[2025-07-06T04:39:20.716+0000] {processor.py:914} INFO - Processing file /home/airflow/.local/lib/python3.12/site-packages/airflow/example_dags/example_kubernetes_executor.py for tasks to queue
[2025-07-06T04:39:20.721+0000] {logging_mixin.py:190} INFO - [2025-07-06T04:39:20.720+0000] {dagbag.py:588} INFO - Filling up the DagBag from /home/airflow/.local/lib/python3.12/site-packages/airflow/example_dags/example_kubernetes_executor.py
[2025-07-06T04:39:20.747+0000] {processor.py:925} INFO - DAG(s) 'example_kubernetes_executor' retrieved from /home/airflow/.local/lib/python3.12/site-packages/airflow/example_dags/example_kubernetes_executor.py
[2025-07-06T04:39:20.825+0000] {logging_mixin.py:190} INFO - [2025-07-06T04:39:20.825+0000] {dag.py:3239} INFO - Sync 1 DAGs
[2025-07-06T04:39:20.843+0000] {logging_mixin.py:190} INFO - [2025-07-06T04:39:20.843+0000] {dag.py:4180} INFO - Setting next_dagrun for example_kubernetes_executor to None, run_after=None
[2025-07-06T04:39:20.863+0000] {processor.py:208} INFO - Processing /home/airflow/.local/lib/python3.12/site-packages/airflow/example_dags/example_kubernetes_executor.py took 0.164 seconds
[2025-07-06T04:39:51.546+0000] {processor.py:186} INFO - Started process (PID=809) to work on /home/airflow/.local/lib/python3.12/site-packages/airflow/example_dags/example_kubernetes_executor.py
[2025-07-06T04:39:51.547+0000] {processor.py:914} INFO - Processing file /home/airflow/.local/lib/python3.12/site-packages/airflow/example_dags/example_kubernetes_executor.py for tasks to queue
[2025-07-06T04:39:51.550+0000] {logging_mixin.py:190} INFO - [2025-07-06T04:39:51.549+0000] {dagbag.py:588} INFO - Filling up the DagBag from /home/airflow/.local/lib/python3.12/site-packages/airflow/example_dags/example_kubernetes_executor.py
[2025-07-06T04:39:51.567+0000] {processor.py:925} INFO - DAG(s) 'example_kubernetes_executor' retrieved from /home/airflow/.local/lib/python3.12/site-packages/airflow/example_dags/example_kubernetes_executor.py
[2025-07-06T04:39:51.611+0000] {logging_mixin.py:190} INFO - [2025-07-06T04:39:51.611+0000] {dag.py:3239} INFO - Sync 1 DAGs
[2025-07-06T04:39:51.630+0000] {logging_mixin.py:190} INFO - [2025-07-06T04:39:51.629+0000] {dag.py:4180} INFO - Setting next_dagrun for example_kubernetes_executor to None, run_after=None
[2025-07-06T04:39:51.650+0000] {processor.py:208} INFO - Processing /home/airflow/.local/lib/python3.12/site-packages/airflow/example_dags/example_kubernetes_executor.py took 0.110 seconds
[2025-07-06T04:40:22.090+0000] {processor.py:186} INFO - Started process (PID=872) to work on /home/airflow/.local/lib/python3.12/site-packages/airflow/example_dags/example_kubernetes_executor.py
[2025-07-06T04:40:22.091+0000] {processor.py:914} INFO - Processing file /home/airflow/.local/lib/python3.12/site-packages/airflow/example_dags/example_kubernetes_executor.py for tasks to queue
[2025-07-06T04:40:22.094+0000] {logging_mixin.py:190} INFO - [2025-07-06T04:40:22.093+0000] {dagbag.py:588} INFO - Filling up the DagBag from /home/airflow/.local/lib/python3.12/site-packages/airflow/example_dags/example_kubernetes_executor.py
[2025-07-06T04:40:22.115+0000] {processor.py:925} INFO - DAG(s) 'example_kubernetes_executor' retrieved from /home/airflow/.local/lib/python3.12/site-packages/airflow/example_dags/example_kubernetes_executor.py
[2025-07-06T04:40:22.178+0000] {logging_mixin.py:190} INFO - [2025-07-06T04:40:22.178+0000] {dag.py:3239} INFO - Sync 1 DAGs
[2025-07-06T04:40:22.196+0000] {logging_mixin.py:190} INFO - [2025-07-06T04:40:22.196+0000] {dag.py:4180} INFO - Setting next_dagrun for example_kubernetes_executor to None, run_after=None
[2025-07-06T04:40:22.216+0000] {processor.py:208} INFO - Processing /home/airflow/.local/lib/python3.12/site-packages/airflow/example_dags/example_kubernetes_executor.py took 0.134 seconds
[2025-07-06T04:40:52.539+0000] {processor.py:186} INFO - Started process (PID=936) to work on /home/airflow/.local/lib/python3.12/site-packages/airflow/example_dags/example_kubernetes_executor.py
[2025-07-06T04:40:52.540+0000] {processor.py:914} INFO - Processing file /home/airflow/.local/lib/python3.12/site-packages/airflow/example_dags/example_kubernetes_executor.py for tasks to queue
[2025-07-06T04:40:52.542+0000] {logging_mixin.py:190} INFO - [2025-07-06T04:40:52.541+0000] {dagbag.py:588} INFO - Filling up the DagBag from /home/airflow/.local/lib/python3.12/site-packages/airflow/example_dags/example_kubernetes_executor.py
[2025-07-06T04:40:52.565+0000] {processor.py:925} INFO - DAG(s) 'example_kubernetes_executor' retrieved from /home/airflow/.local/lib/python3.12/site-packages/airflow/example_dags/example_kubernetes_executor.py
[2025-07-06T04:40:52.608+0000] {logging_mixin.py:190} INFO - [2025-07-06T04:40:52.607+0000] {dag.py:3239} INFO - Sync 1 DAGs
[2025-07-06T04:40:52.627+0000] {logging_mixin.py:190} INFO - [2025-07-06T04:40:52.627+0000] {dag.py:4180} INFO - Setting next_dagrun for example_kubernetes_executor to None, run_after=None
[2025-07-06T04:40:52.646+0000] {processor.py:208} INFO - Processing /home/airflow/.local/lib/python3.12/site-packages/airflow/example_dags/example_kubernetes_executor.py took 0.113 seconds
[2025-07-06T04:41:22.808+0000] {processor.py:186} INFO - Started process (PID=1000) to work on /home/airflow/.local/lib/python3.12/site-packages/airflow/example_dags/example_kubernetes_executor.py
[2025-07-06T04:41:22.808+0000] {processor.py:914} INFO - Processing file /home/airflow/.local/lib/python3.12/site-packages/airflow/example_dags/example_kubernetes_executor.py for tasks to queue
[2025-07-06T04:41:22.811+0000] {logging_mixin.py:190} INFO - [2025-07-06T04:41:22.810+0000] {dagbag.py:588} INFO - Filling up the DagBag from /home/airflow/.local/lib/python3.12/site-packages/airflow/example_dags/example_kubernetes_executor.py
[2025-07-06T04:41:22.827+0000] {processor.py:925} INFO - DAG(s) 'example_kubernetes_executor' retrieved from /home/airflow/.local/lib/python3.12/site-packages/airflow/example_dags/example_kubernetes_executor.py
[2025-07-06T04:41:22.869+0000] {logging_mixin.py:190} INFO - [2025-07-06T04:41:22.869+0000] {dag.py:3239} INFO - Sync 1 DAGs
[2025-07-06T04:41:22.886+0000] {logging_mixin.py:190} INFO - [2025-07-06T04:41:22.885+0000] {dag.py:4180} INFO - Setting next_dagrun for example_kubernetes_executor to None, run_after=None
[2025-07-06T04:41:22.905+0000] {processor.py:208} INFO - Processing /home/airflow/.local/lib/python3.12/site-packages/airflow/example_dags/example_kubernetes_executor.py took 0.103 seconds
[2025-07-06T04:41:54.273+0000] {processor.py:186} INFO - Started process (PID=1064) to work on /home/airflow/.local/lib/python3.12/site-packages/airflow/example_dags/example_kubernetes_executor.py
[2025-07-06T04:41:54.274+0000] {processor.py:914} INFO - Processing file /home/airflow/.local/lib/python3.12/site-packages/airflow/example_dags/example_kubernetes_executor.py for tasks to queue
[2025-07-06T04:41:54.276+0000] {logging_mixin.py:190} INFO - [2025-07-06T04:41:54.276+0000] {dagbag.py:588} INFO - Filling up the DagBag from /home/airflow/.local/lib/python3.12/site-packages/airflow/example_dags/example_kubernetes_executor.py
[2025-07-06T04:41:54.293+0000] {processor.py:925} INFO - DAG(s) 'example_kubernetes_executor' retrieved from /home/airflow/.local/lib/python3.12/site-packages/airflow/example_dags/example_kubernetes_executor.py
[2025-07-06T04:41:54.346+0000] {logging_mixin.py:190} INFO - [2025-07-06T04:41:54.346+0000] {dag.py:3239} INFO - Sync 1 DAGs
[2025-07-06T04:41:54.365+0000] {logging_mixin.py:190} INFO - [2025-07-06T04:41:54.364+0000] {dag.py:4180} INFO - Setting next_dagrun for example_kubernetes_executor to None, run_after=None
[2025-07-06T04:41:54.385+0000] {processor.py:208} INFO - Processing /home/airflow/.local/lib/python3.12/site-packages/airflow/example_dags/example_kubernetes_executor.py took 0.119 seconds
[2025-07-06T04:42:25.733+0000] {processor.py:186} INFO - Started process (PID=1127) to work on /home/airflow/.local/lib/python3.12/site-packages/airflow/example_dags/example_kubernetes_executor.py
[2025-07-06T04:42:25.734+0000] {processor.py:914} INFO - Processing file /home/airflow/.local/lib/python3.12/site-packages/airflow/example_dags/example_kubernetes_executor.py for tasks to queue
[2025-07-06T04:42:25.736+0000] {logging_mixin.py:190} INFO - [2025-07-06T04:42:25.736+0000] {dagbag.py:588} INFO - Filling up the DagBag from /home/airflow/.local/lib/python3.12/site-packages/airflow/example_dags/example_kubernetes_executor.py
[2025-07-06T04:42:25.752+0000] {processor.py:925} INFO - DAG(s) 'example_kubernetes_executor' retrieved from /home/airflow/.local/lib/python3.12/site-packages/airflow/example_dags/example_kubernetes_executor.py
[2025-07-06T04:42:25.797+0000] {logging_mixin.py:190} INFO - [2025-07-06T04:42:25.797+0000] {dag.py:3239} INFO - Sync 1 DAGs
[2025-07-06T04:42:25.817+0000] {logging_mixin.py:190} INFO - [2025-07-06T04:42:25.816+0000] {dag.py:4180} INFO - Setting next_dagrun for example_kubernetes_executor to None, run_after=None
[2025-07-06T04:42:25.838+0000] {processor.py:208} INFO - Processing /home/airflow/.local/lib/python3.12/site-packages/airflow/example_dags/example_kubernetes_executor.py took 0.110 seconds
[2025-07-06T04:42:56.377+0000] {processor.py:186} INFO - Started process (PID=1190) to work on /home/airflow/.local/lib/python3.12/site-packages/airflow/example_dags/example_kubernetes_executor.py
[2025-07-06T04:42:56.380+0000] {processor.py:914} INFO - Processing file /home/airflow/.local/lib/python3.12/site-packages/airflow/example_dags/example_kubernetes_executor.py for tasks to queue
[2025-07-06T04:42:56.385+0000] {logging_mixin.py:190} INFO - [2025-07-06T04:42:56.385+0000] {dagbag.py:588} INFO - Filling up the DagBag from /home/airflow/.local/lib/python3.12/site-packages/airflow/example_dags/example_kubernetes_executor.py
[2025-07-06T04:42:56.422+0000] {processor.py:925} INFO - DAG(s) 'example_kubernetes_executor' retrieved from /home/airflow/.local/lib/python3.12/site-packages/airflow/example_dags/example_kubernetes_executor.py
[2025-07-06T04:42:56.512+0000] {logging_mixin.py:190} INFO - [2025-07-06T04:42:56.512+0000] {dag.py:3239} INFO - Sync 1 DAGs
[2025-07-06T04:42:56.552+0000] {logging_mixin.py:190} INFO - [2025-07-06T04:42:56.551+0000] {dag.py:4180} INFO - Setting next_dagrun for example_kubernetes_executor to None, run_after=None
[2025-07-06T04:42:56.596+0000] {processor.py:208} INFO - Processing /home/airflow/.local/lib/python3.12/site-packages/airflow/example_dags/example_kubernetes_executor.py took 0.241 seconds
