[2025-07-06T04:34:08.617+0000] {processor.py:186} INFO - Started process (PID=106) to work on /home/airflow/.local/lib/python3.12/site-packages/airflow/example_dags/example_datasets.py
[2025-07-06T04:34:08.625+0000] {processor.py:914} INFO - Processing file /home/airflow/.local/lib/python3.12/site-packages/airflow/example_dags/example_datasets.py for tasks to queue
[2025-07-06T04:34:08.636+0000] {logging_mixin.py:190} INFO - [2025-07-06T04:34:08.632+0000] {dagbag.py:588} INFO - Filling up the DagBag from /home/airflow/.local/lib/python3.12/site-packages/airflow/example_dags/example_datasets.py
[2025-07-06T04:34:12.402+0000] {processor.py:925} INFO - DAG(s) 'dataset_consumes_1_and_2', 'dataset_produces_1', 'consume_1_or_both_2_and_3_with_dataset_expressions', 'dataset_consumes_1_never_scheduled', 'consume_1_or_2_with_dataset_expressions', 'dataset_consumes_unknown_never_scheduled', 'dataset_consumes_1', 'conditional_dataset_and_time_based_timetable', 'consume_1_and_2_with_dataset_expressions', 'dataset_produces_2' retrieved from /home/airflow/.local/lib/python3.12/site-packages/airflow/example_dags/example_datasets.py
[2025-07-06T04:34:13.250+0000] {logging_mixin.py:190} INFO - [2025-07-06T04:34:13.247+0000] {override.py:1911} INFO - Created Permission View: can delete on DAG:dataset_consumes_1_and_2
[2025-07-06T04:34:13.442+0000] {logging_mixin.py:190} INFO - [2025-07-06T04:34:13.441+0000] {override.py:1911} INFO - Created Permission View: can edit on DAG:dataset_consumes_1_and_2
[2025-07-06T04:34:13.548+0000] {logging_mixin.py:190} INFO - [2025-07-06T04:34:13.546+0000] {override.py:1911} INFO - Created Permission View: can read on DAG:dataset_consumes_1_and_2
[2025-07-06T04:34:13.618+0000] {logging_mixin.py:190} INFO - [2025-07-06T04:34:13.618+0000] {override.py:1911} INFO - Created Permission View: can delete on DAG Run:dataset_consumes_1_and_2
[2025-07-06T04:34:13.722+0000] {logging_mixin.py:190} INFO - [2025-07-06T04:34:13.721+0000] {override.py:1911} INFO - Created Permission View: menu access on DAG Run:dataset_consumes_1_and_2
[2025-07-06T04:34:13.829+0000] {logging_mixin.py:190} INFO - [2025-07-06T04:34:13.824+0000] {override.py:1911} INFO - Created Permission View: can create on DAG Run:dataset_consumes_1_and_2
[2025-07-06T04:34:13.962+0000] {logging_mixin.py:190} INFO - [2025-07-06T04:34:13.962+0000] {override.py:1911} INFO - Created Permission View: can read on DAG Run:dataset_consumes_1_and_2
[2025-07-06T04:34:14.119+0000] {logging_mixin.py:190} INFO - [2025-07-06T04:34:14.119+0000] {override.py:1911} INFO - Created Permission View: can delete on DAG:dataset_produces_1
[2025-07-06T04:34:14.219+0000] {logging_mixin.py:190} INFO - [2025-07-06T04:34:14.214+0000] {override.py:1911} INFO - Created Permission View: can edit on DAG:dataset_produces_1
[2025-07-06T04:34:14.298+0000] {logging_mixin.py:190} INFO - [2025-07-06T04:34:14.298+0000] {override.py:1911} INFO - Created Permission View: can read on DAG:dataset_produces_1
[2025-07-06T04:34:14.367+0000] {logging_mixin.py:190} INFO - [2025-07-06T04:34:14.365+0000] {override.py:1911} INFO - Created Permission View: can delete on DAG Run:dataset_produces_1
[2025-07-06T04:34:14.402+0000] {logging_mixin.py:190} INFO - [2025-07-06T04:34:14.400+0000] {override.py:1911} INFO - Created Permission View: menu access on DAG Run:dataset_produces_1
[2025-07-06T04:34:14.432+0000] {logging_mixin.py:190} INFO - [2025-07-06T04:34:14.431+0000] {override.py:1911} INFO - Created Permission View: can create on DAG Run:dataset_produces_1
[2025-07-06T04:34:14.455+0000] {logging_mixin.py:190} INFO - [2025-07-06T04:34:14.454+0000] {override.py:1911} INFO - Created Permission View: can read on DAG Run:dataset_produces_1
[2025-07-06T04:34:14.494+0000] {logging_mixin.py:190} INFO - [2025-07-06T04:34:14.493+0000] {override.py:1911} INFO - Created Permission View: can delete on DAG:consume_1_or_both_2_and_3_with_dataset_expressions
[2025-07-06T04:34:14.512+0000] {logging_mixin.py:190} INFO - [2025-07-06T04:34:14.511+0000] {override.py:1911} INFO - Created Permission View: can edit on DAG:consume_1_or_both_2_and_3_with_dataset_expressions
[2025-07-06T04:34:14.561+0000] {logging_mixin.py:190} INFO - [2025-07-06T04:34:14.560+0000] {override.py:1911} INFO - Created Permission View: can read on DAG:consume_1_or_both_2_and_3_with_dataset_expressions
[2025-07-06T04:34:14.622+0000] {logging_mixin.py:190} INFO - [2025-07-06T04:34:14.621+0000] {override.py:1911} INFO - Created Permission View: can delete on DAG Run:consume_1_or_both_2_and_3_with_dataset_expressions
[2025-07-06T04:34:14.664+0000] {logging_mixin.py:190} INFO - [2025-07-06T04:34:14.663+0000] {override.py:1911} INFO - Created Permission View: menu access on DAG Run:consume_1_or_both_2_and_3_with_dataset_expressions
[2025-07-06T04:34:14.700+0000] {logging_mixin.py:190} INFO - [2025-07-06T04:34:14.699+0000] {override.py:1911} INFO - Created Permission View: can create on DAG Run:consume_1_or_both_2_and_3_with_dataset_expressions
[2025-07-06T04:34:14.741+0000] {logging_mixin.py:190} INFO - [2025-07-06T04:34:14.739+0000] {override.py:1911} INFO - Created Permission View: can read on DAG Run:consume_1_or_both_2_and_3_with_dataset_expressions
[2025-07-06T04:34:14.836+0000] {logging_mixin.py:190} INFO - [2025-07-06T04:34:14.835+0000] {override.py:1911} INFO - Created Permission View: can delete on DAG:dataset_consumes_1_never_scheduled
[2025-07-06T04:34:14.877+0000] {logging_mixin.py:190} INFO - [2025-07-06T04:34:14.876+0000] {override.py:1911} INFO - Created Permission View: can edit on DAG:dataset_consumes_1_never_scheduled
[2025-07-06T04:34:14.920+0000] {logging_mixin.py:190} INFO - [2025-07-06T04:34:14.920+0000] {override.py:1911} INFO - Created Permission View: can read on DAG:dataset_consumes_1_never_scheduled
[2025-07-06T04:34:14.969+0000] {logging_mixin.py:190} INFO - [2025-07-06T04:34:14.968+0000] {override.py:1911} INFO - Created Permission View: can delete on DAG Run:dataset_consumes_1_never_scheduled
[2025-07-06T04:34:15.058+0000] {logging_mixin.py:190} INFO - [2025-07-06T04:34:15.058+0000] {override.py:1911} INFO - Created Permission View: menu access on DAG Run:dataset_consumes_1_never_scheduled
[2025-07-06T04:34:15.091+0000] {logging_mixin.py:190} INFO - [2025-07-06T04:34:15.090+0000] {override.py:1911} INFO - Created Permission View: can create on DAG Run:dataset_consumes_1_never_scheduled
[2025-07-06T04:34:15.125+0000] {logging_mixin.py:190} INFO - [2025-07-06T04:34:15.124+0000] {override.py:1911} INFO - Created Permission View: can read on DAG Run:dataset_consumes_1_never_scheduled
[2025-07-06T04:34:15.189+0000] {logging_mixin.py:190} INFO - [2025-07-06T04:34:15.188+0000] {override.py:1911} INFO - Created Permission View: can delete on DAG:consume_1_or_2_with_dataset_expressions
[2025-07-06T04:34:15.217+0000] {logging_mixin.py:190} INFO - [2025-07-06T04:34:15.217+0000] {override.py:1911} INFO - Created Permission View: can edit on DAG:consume_1_or_2_with_dataset_expressions
[2025-07-06T04:34:15.268+0000] {logging_mixin.py:190} INFO - [2025-07-06T04:34:15.267+0000] {override.py:1911} INFO - Created Permission View: can read on DAG:consume_1_or_2_with_dataset_expressions
[2025-07-06T04:34:15.291+0000] {logging_mixin.py:190} INFO - [2025-07-06T04:34:15.291+0000] {override.py:1911} INFO - Created Permission View: can delete on DAG Run:consume_1_or_2_with_dataset_expressions
[2025-07-06T04:34:15.318+0000] {logging_mixin.py:190} INFO - [2025-07-06T04:34:15.317+0000] {override.py:1911} INFO - Created Permission View: menu access on DAG Run:consume_1_or_2_with_dataset_expressions
[2025-07-06T04:34:15.350+0000] {logging_mixin.py:190} INFO - [2025-07-06T04:34:15.346+0000] {override.py:1911} INFO - Created Permission View: can create on DAG Run:consume_1_or_2_with_dataset_expressions
[2025-07-06T04:34:15.366+0000] {logging_mixin.py:190} INFO - [2025-07-06T04:34:15.366+0000] {override.py:1911} INFO - Created Permission View: can read on DAG Run:consume_1_or_2_with_dataset_expressions
[2025-07-06T04:34:15.411+0000] {logging_mixin.py:190} INFO - [2025-07-06T04:34:15.411+0000] {override.py:1911} INFO - Created Permission View: can delete on DAG:dataset_consumes_unknown_never_scheduled
[2025-07-06T04:34:15.429+0000] {logging_mixin.py:190} INFO - [2025-07-06T04:34:15.429+0000] {override.py:1911} INFO - Created Permission View: can edit on DAG:dataset_consumes_unknown_never_scheduled
[2025-07-06T04:34:15.450+0000] {logging_mixin.py:190} INFO - [2025-07-06T04:34:15.450+0000] {override.py:1911} INFO - Created Permission View: can read on DAG:dataset_consumes_unknown_never_scheduled
[2025-07-06T04:34:15.482+0000] {logging_mixin.py:190} INFO - [2025-07-06T04:34:15.480+0000] {override.py:1911} INFO - Created Permission View: can delete on DAG Run:dataset_consumes_unknown_never_scheduled
[2025-07-06T04:34:15.521+0000] {logging_mixin.py:190} INFO - [2025-07-06T04:34:15.520+0000] {override.py:1911} INFO - Created Permission View: menu access on DAG Run:dataset_consumes_unknown_never_scheduled
[2025-07-06T04:34:15.539+0000] {logging_mixin.py:190} INFO - [2025-07-06T04:34:15.539+0000] {override.py:1911} INFO - Created Permission View: can create on DAG Run:dataset_consumes_unknown_never_scheduled
[2025-07-06T04:34:15.554+0000] {logging_mixin.py:190} INFO - [2025-07-06T04:34:15.554+0000] {override.py:1911} INFO - Created Permission View: can read on DAG Run:dataset_consumes_unknown_never_scheduled
[2025-07-06T04:34:15.589+0000] {logging_mixin.py:190} INFO - [2025-07-06T04:34:15.588+0000] {override.py:1911} INFO - Created Permission View: can delete on DAG:dataset_consumes_1
[2025-07-06T04:34:15.616+0000] {logging_mixin.py:190} INFO - [2025-07-06T04:34:15.615+0000] {override.py:1911} INFO - Created Permission View: can edit on DAG:dataset_consumes_1
[2025-07-06T04:34:15.655+0000] {logging_mixin.py:190} INFO - [2025-07-06T04:34:15.655+0000] {override.py:1911} INFO - Created Permission View: can read on DAG:dataset_consumes_1
[2025-07-06T04:34:15.662+0000] {logging_mixin.py:190} INFO - [2025-07-06T04:34:15.662+0000] {override.py:1911} INFO - Created Permission View: can delete on DAG Run:dataset_consumes_1
[2025-07-06T04:34:15.699+0000] {logging_mixin.py:190} INFO - [2025-07-06T04:34:15.699+0000] {override.py:1911} INFO - Created Permission View: menu access on DAG Run:dataset_consumes_1
[2025-07-06T04:34:15.763+0000] {logging_mixin.py:190} INFO - [2025-07-06T04:34:15.763+0000] {override.py:1911} INFO - Created Permission View: can create on DAG Run:dataset_consumes_1
[2025-07-06T04:34:15.785+0000] {logging_mixin.py:190} INFO - [2025-07-06T04:34:15.784+0000] {override.py:1911} INFO - Created Permission View: can read on DAG Run:dataset_consumes_1
[2025-07-06T04:34:15.813+0000] {logging_mixin.py:190} INFO - [2025-07-06T04:34:15.812+0000] {override.py:1911} INFO - Created Permission View: can delete on DAG:conditional_dataset_and_time_based_timetable
[2025-07-06T04:34:15.861+0000] {logging_mixin.py:190} INFO - [2025-07-06T04:34:15.860+0000] {override.py:1911} INFO - Created Permission View: can edit on DAG:conditional_dataset_and_time_based_timetable
[2025-07-06T04:34:15.918+0000] {logging_mixin.py:190} INFO - [2025-07-06T04:34:15.916+0000] {override.py:1911} INFO - Created Permission View: can read on DAG:conditional_dataset_and_time_based_timetable
[2025-07-06T04:34:15.969+0000] {logging_mixin.py:190} INFO - [2025-07-06T04:34:15.969+0000] {override.py:1911} INFO - Created Permission View: can delete on DAG Run:conditional_dataset_and_time_based_timetable
[2025-07-06T04:34:16.015+0000] {logging_mixin.py:190} INFO - [2025-07-06T04:34:16.015+0000] {override.py:1911} INFO - Created Permission View: menu access on DAG Run:conditional_dataset_and_time_based_timetable
[2025-07-06T04:34:16.066+0000] {logging_mixin.py:190} INFO - [2025-07-06T04:34:16.063+0000] {override.py:1911} INFO - Created Permission View: can create on DAG Run:conditional_dataset_and_time_based_timetable
[2025-07-06T04:34:16.104+0000] {logging_mixin.py:190} INFO - [2025-07-06T04:34:16.104+0000] {override.py:1911} INFO - Created Permission View: can read on DAG Run:conditional_dataset_and_time_based_timetable
[2025-07-06T04:34:16.144+0000] {logging_mixin.py:190} INFO - [2025-07-06T04:34:16.144+0000] {override.py:1911} INFO - Created Permission View: can delete on DAG:consume_1_and_2_with_dataset_expressions
[2025-07-06T04:34:16.176+0000] {logging_mixin.py:190} INFO - [2025-07-06T04:34:16.176+0000] {override.py:1911} INFO - Created Permission View: can edit on DAG:consume_1_and_2_with_dataset_expressions
[2025-07-06T04:34:16.198+0000] {logging_mixin.py:190} INFO - [2025-07-06T04:34:16.198+0000] {override.py:1911} INFO - Created Permission View: can read on DAG:consume_1_and_2_with_dataset_expressions
[2025-07-06T04:34:16.221+0000] {logging_mixin.py:190} INFO - [2025-07-06T04:34:16.221+0000] {override.py:1911} INFO - Created Permission View: can delete on DAG Run:consume_1_and_2_with_dataset_expressions
[2025-07-06T04:34:16.250+0000] {logging_mixin.py:190} INFO - [2025-07-06T04:34:16.250+0000] {override.py:1911} INFO - Created Permission View: menu access on DAG Run:consume_1_and_2_with_dataset_expressions
[2025-07-06T04:34:16.292+0000] {logging_mixin.py:190} INFO - [2025-07-06T04:34:16.291+0000] {override.py:1911} INFO - Created Permission View: can create on DAG Run:consume_1_and_2_with_dataset_expressions
[2025-07-06T04:34:16.325+0000] {logging_mixin.py:190} INFO - [2025-07-06T04:34:16.324+0000] {override.py:1911} INFO - Created Permission View: can read on DAG Run:consume_1_and_2_with_dataset_expressions
[2025-07-06T04:34:16.365+0000] {logging_mixin.py:190} INFO - [2025-07-06T04:34:16.365+0000] {override.py:1911} INFO - Created Permission View: can delete on DAG:dataset_produces_2
[2025-07-06T04:34:16.386+0000] {logging_mixin.py:190} INFO - [2025-07-06T04:34:16.386+0000] {override.py:1911} INFO - Created Permission View: can edit on DAG:dataset_produces_2
[2025-07-06T04:34:16.409+0000] {logging_mixin.py:190} INFO - [2025-07-06T04:34:16.409+0000] {override.py:1911} INFO - Created Permission View: can read on DAG:dataset_produces_2
[2025-07-06T04:34:16.443+0000] {logging_mixin.py:190} INFO - [2025-07-06T04:34:16.440+0000] {override.py:1911} INFO - Created Permission View: can delete on DAG Run:dataset_produces_2
[2025-07-06T04:34:16.467+0000] {logging_mixin.py:190} INFO - [2025-07-06T04:34:16.467+0000] {override.py:1911} INFO - Created Permission View: menu access on DAG Run:dataset_produces_2
[2025-07-06T04:34:16.493+0000] {logging_mixin.py:190} INFO - [2025-07-06T04:34:16.492+0000] {override.py:1911} INFO - Created Permission View: can create on DAG Run:dataset_produces_2
[2025-07-06T04:34:16.521+0000] {logging_mixin.py:190} INFO - [2025-07-06T04:34:16.520+0000] {override.py:1911} INFO - Created Permission View: can read on DAG Run:dataset_produces_2
[2025-07-06T04:34:16.525+0000] {logging_mixin.py:190} INFO - [2025-07-06T04:34:16.524+0000] {dag.py:3239} INFO - Sync 10 DAGs
[2025-07-06T04:34:16.592+0000] {logging_mixin.py:190} INFO - [2025-07-06T04:34:16.591+0000] {dag.py:3262} INFO - Creating ORM DAG for dataset_produces_1
[2025-07-06T04:34:16.596+0000] {logging_mixin.py:190} INFO - [2025-07-06T04:34:16.596+0000] {dag.py:3262} INFO - Creating ORM DAG for conditional_dataset_and_time_based_timetable
[2025-07-06T04:34:16.600+0000] {logging_mixin.py:190} INFO - [2025-07-06T04:34:16.599+0000] {dag.py:3262} INFO - Creating ORM DAG for consume_1_and_2_with_dataset_expressions
[2025-07-06T04:34:16.605+0000] {logging_mixin.py:190} INFO - [2025-07-06T04:34:16.603+0000] {dag.py:3262} INFO - Creating ORM DAG for dataset_produces_2
[2025-07-06T04:34:16.608+0000] {logging_mixin.py:190} INFO - [2025-07-06T04:34:16.608+0000] {dag.py:3262} INFO - Creating ORM DAG for dataset_consumes_1_never_scheduled
[2025-07-06T04:34:16.609+0000] {logging_mixin.py:190} INFO - [2025-07-06T04:34:16.609+0000] {dag.py:3262} INFO - Creating ORM DAG for dataset_consumes_1
[2025-07-06T04:34:16.613+0000] {logging_mixin.py:190} INFO - [2025-07-06T04:34:16.613+0000] {dag.py:3262} INFO - Creating ORM DAG for dataset_consumes_unknown_never_scheduled
[2025-07-06T04:34:16.620+0000] {logging_mixin.py:190} INFO - [2025-07-06T04:34:16.620+0000] {dag.py:3262} INFO - Creating ORM DAG for dataset_consumes_1_and_2
[2025-07-06T04:34:16.623+0000] {logging_mixin.py:190} INFO - [2025-07-06T04:34:16.622+0000] {dag.py:3262} INFO - Creating ORM DAG for consume_1_or_both_2_and_3_with_dataset_expressions
[2025-07-06T04:34:16.627+0000] {logging_mixin.py:190} INFO - [2025-07-06T04:34:16.626+0000] {dag.py:3262} INFO - Creating ORM DAG for consume_1_or_2_with_dataset_expressions
[2025-07-06T04:34:16.675+0000] {logging_mixin.py:190} INFO - [2025-07-06T04:34:16.675+0000] {dag.py:4180} INFO - Setting next_dagrun for conditional_dataset_and_time_based_timetable to 2025-07-02 01:00:00+00:00, run_after=2025-07-02 01:00:00+00:00
[2025-07-06T04:34:16.676+0000] {logging_mixin.py:190} INFO - [2025-07-06T04:34:16.676+0000] {dag.py:4180} INFO - Setting next_dagrun for consume_1_and_2_with_dataset_expressions to None, run_after=None
[2025-07-06T04:34:16.676+0000] {logging_mixin.py:190} INFO - [2025-07-06T04:34:16.676+0000] {dag.py:4180} INFO - Setting next_dagrun for consume_1_or_2_with_dataset_expressions to None, run_after=None
[2025-07-06T04:34:16.677+0000] {logging_mixin.py:190} INFO - [2025-07-06T04:34:16.677+0000] {dag.py:4180} INFO - Setting next_dagrun for consume_1_or_both_2_and_3_with_dataset_expressions to None, run_after=None
[2025-07-06T04:34:16.677+0000] {logging_mixin.py:190} INFO - [2025-07-06T04:34:16.677+0000] {dag.py:4180} INFO - Setting next_dagrun for dataset_consumes_1 to None, run_after=None
[2025-07-06T04:34:16.678+0000] {logging_mixin.py:190} INFO - [2025-07-06T04:34:16.678+0000] {dag.py:4180} INFO - Setting next_dagrun for dataset_consumes_1_and_2 to None, run_after=None
[2025-07-06T04:34:16.678+0000] {logging_mixin.py:190} INFO - [2025-07-06T04:34:16.678+0000] {dag.py:4180} INFO - Setting next_dagrun for dataset_consumes_1_never_scheduled to None, run_after=None
[2025-07-06T04:34:16.679+0000] {logging_mixin.py:190} INFO - [2025-07-06T04:34:16.679+0000] {dag.py:4180} INFO - Setting next_dagrun for dataset_consumes_unknown_never_scheduled to None, run_after=None
[2025-07-06T04:34:16.685+0000] {logging_mixin.py:190} INFO - [2025-07-06T04:34:16.685+0000] {dag.py:4180} INFO - Setting next_dagrun for dataset_produces_1 to 2025-07-05 00:00:00+00:00, run_after=2025-07-06 00:00:00+00:00
[2025-07-06T04:34:16.686+0000] {logging_mixin.py:190} INFO - [2025-07-06T04:34:16.686+0000] {dag.py:4180} INFO - Setting next_dagrun for dataset_produces_2 to None, run_after=None
[2025-07-06T04:34:16.886+0000] {processor.py:208} INFO - Processing /home/airflow/.local/lib/python3.12/site-packages/airflow/example_dags/example_datasets.py took 8.305 seconds
[2025-07-06T04:34:46.985+0000] {processor.py:186} INFO - Started process (PID=178) to work on /home/airflow/.local/lib/python3.12/site-packages/airflow/example_dags/example_datasets.py
[2025-07-06T04:34:46.986+0000] {processor.py:914} INFO - Processing file /home/airflow/.local/lib/python3.12/site-packages/airflow/example_dags/example_datasets.py for tasks to queue
[2025-07-06T04:34:46.988+0000] {logging_mixin.py:190} INFO - [2025-07-06T04:34:46.988+0000] {dagbag.py:588} INFO - Filling up the DagBag from /home/airflow/.local/lib/python3.12/site-packages/airflow/example_dags/example_datasets.py
[2025-07-06T04:34:47.717+0000] {processor.py:925} INFO - DAG(s) 'consume_1_or_2_with_dataset_expressions', 'dataset_consumes_1_never_scheduled', 'consume_1_and_2_with_dataset_expressions', 'dataset_consumes_unknown_never_scheduled', 'dataset_produces_1', 'dataset_consumes_1_and_2', 'consume_1_or_both_2_and_3_with_dataset_expressions', 'dataset_produces_2', 'dataset_consumes_1', 'conditional_dataset_and_time_based_timetable' retrieved from /home/airflow/.local/lib/python3.12/site-packages/airflow/example_dags/example_datasets.py
[2025-07-06T04:34:47.754+0000] {logging_mixin.py:190} INFO - [2025-07-06T04:34:47.753+0000] {dag.py:3239} INFO - Sync 10 DAGs
[2025-07-06T04:34:47.778+0000] {logging_mixin.py:190} INFO - [2025-07-06T04:34:47.778+0000] {dag.py:4180} INFO - Setting next_dagrun for conditional_dataset_and_time_based_timetable to 2025-07-02 01:00:00+00:00, run_after=2025-07-02 01:00:00+00:00
[2025-07-06T04:34:47.782+0000] {logging_mixin.py:190} INFO - [2025-07-06T04:34:47.782+0000] {dag.py:4180} INFO - Setting next_dagrun for consume_1_and_2_with_dataset_expressions to None, run_after=None
[2025-07-06T04:34:47.783+0000] {logging_mixin.py:190} INFO - [2025-07-06T04:34:47.783+0000] {dag.py:4180} INFO - Setting next_dagrun for consume_1_or_2_with_dataset_expressions to None, run_after=None
[2025-07-06T04:34:47.784+0000] {logging_mixin.py:190} INFO - [2025-07-06T04:34:47.784+0000] {dag.py:4180} INFO - Setting next_dagrun for consume_1_or_both_2_and_3_with_dataset_expressions to None, run_after=None
[2025-07-06T04:34:47.785+0000] {logging_mixin.py:190} INFO - [2025-07-06T04:34:47.785+0000] {dag.py:4180} INFO - Setting next_dagrun for dataset_consumes_1 to None, run_after=None
[2025-07-06T04:34:47.786+0000] {logging_mixin.py:190} INFO - [2025-07-06T04:34:47.786+0000] {dag.py:4180} INFO - Setting next_dagrun for dataset_consumes_1_and_2 to None, run_after=None
[2025-07-06T04:34:47.787+0000] {logging_mixin.py:190} INFO - [2025-07-06T04:34:47.787+0000] {dag.py:4180} INFO - Setting next_dagrun for dataset_consumes_1_never_scheduled to None, run_after=None
[2025-07-06T04:34:47.788+0000] {logging_mixin.py:190} INFO - [2025-07-06T04:34:47.787+0000] {dag.py:4180} INFO - Setting next_dagrun for dataset_consumes_unknown_never_scheduled to None, run_after=None
[2025-07-06T04:34:47.790+0000] {logging_mixin.py:190} INFO - [2025-07-06T04:34:47.790+0000] {dag.py:4180} INFO - Setting next_dagrun for dataset_produces_1 to 2025-07-05 00:00:00+00:00, run_after=2025-07-06 00:00:00+00:00
[2025-07-06T04:34:47.791+0000] {logging_mixin.py:190} INFO - [2025-07-06T04:34:47.791+0000] {dag.py:4180} INFO - Setting next_dagrun for dataset_produces_2 to None, run_after=None
[2025-07-06T04:34:47.821+0000] {processor.py:208} INFO - Processing /home/airflow/.local/lib/python3.12/site-packages/airflow/example_dags/example_datasets.py took 0.842 seconds
[2025-07-06T04:35:18.574+0000] {processor.py:186} INFO - Started process (PID=242) to work on /home/airflow/.local/lib/python3.12/site-packages/airflow/example_dags/example_datasets.py
[2025-07-06T04:35:18.574+0000] {processor.py:914} INFO - Processing file /home/airflow/.local/lib/python3.12/site-packages/airflow/example_dags/example_datasets.py for tasks to queue
[2025-07-06T04:35:18.581+0000] {logging_mixin.py:190} INFO - [2025-07-06T04:35:18.581+0000] {dagbag.py:588} INFO - Filling up the DagBag from /home/airflow/.local/lib/python3.12/site-packages/airflow/example_dags/example_datasets.py
[2025-07-06T04:35:21.335+0000] {processor.py:925} INFO - DAG(s) 'conditional_dataset_and_time_based_timetable', 'dataset_consumes_1_and_2', 'dataset_produces_2', 'dataset_consumes_1_never_scheduled', 'dataset_consumes_1', 'consume_1_or_both_2_and_3_with_dataset_expressions', 'dataset_consumes_unknown_never_scheduled', 'dataset_produces_1', 'consume_1_or_2_with_dataset_expressions', 'consume_1_and_2_with_dataset_expressions' retrieved from /home/airflow/.local/lib/python3.12/site-packages/airflow/example_dags/example_datasets.py
[2025-07-06T04:35:21.541+0000] {logging_mixin.py:190} INFO - [2025-07-06T04:35:21.540+0000] {dag.py:3239} INFO - Sync 10 DAGs
[2025-07-06T04:35:21.649+0000] {logging_mixin.py:190} INFO - [2025-07-06T04:35:21.649+0000] {dag.py:4180} INFO - Setting next_dagrun for conditional_dataset_and_time_based_timetable to 2025-07-02 01:00:00+00:00, run_after=2025-07-02 01:00:00+00:00
[2025-07-06T04:35:21.673+0000] {logging_mixin.py:190} INFO - [2025-07-06T04:35:21.673+0000] {dag.py:4180} INFO - Setting next_dagrun for consume_1_and_2_with_dataset_expressions to None, run_after=None
[2025-07-06T04:35:21.681+0000] {logging_mixin.py:190} INFO - [2025-07-06T04:35:21.681+0000] {dag.py:4180} INFO - Setting next_dagrun for consume_1_or_2_with_dataset_expressions to None, run_after=None
[2025-07-06T04:35:21.687+0000] {logging_mixin.py:190} INFO - [2025-07-06T04:35:21.686+0000] {dag.py:4180} INFO - Setting next_dagrun for consume_1_or_both_2_and_3_with_dataset_expressions to None, run_after=None
[2025-07-06T04:35:21.695+0000] {logging_mixin.py:190} INFO - [2025-07-06T04:35:21.693+0000] {dag.py:4180} INFO - Setting next_dagrun for dataset_consumes_1 to None, run_after=None
[2025-07-06T04:35:21.706+0000] {logging_mixin.py:190} INFO - [2025-07-06T04:35:21.706+0000] {dag.py:4180} INFO - Setting next_dagrun for dataset_consumes_1_and_2 to None, run_after=None
[2025-07-06T04:35:21.714+0000] {logging_mixin.py:190} INFO - [2025-07-06T04:35:21.713+0000] {dag.py:4180} INFO - Setting next_dagrun for dataset_consumes_1_never_scheduled to None, run_after=None
[2025-07-06T04:35:21.721+0000] {logging_mixin.py:190} INFO - [2025-07-06T04:35:21.721+0000] {dag.py:4180} INFO - Setting next_dagrun for dataset_consumes_unknown_never_scheduled to None, run_after=None
[2025-07-06T04:35:21.765+0000] {logging_mixin.py:190} INFO - [2025-07-06T04:35:21.765+0000] {dag.py:4180} INFO - Setting next_dagrun for dataset_produces_1 to 2025-07-05 00:00:00+00:00, run_after=2025-07-06 00:00:00+00:00
[2025-07-06T04:35:21.771+0000] {logging_mixin.py:190} INFO - [2025-07-06T04:35:21.771+0000] {dag.py:4180} INFO - Setting next_dagrun for dataset_produces_2 to None, run_after=None
[2025-07-06T04:35:21.955+0000] {processor.py:208} INFO - Processing /home/airflow/.local/lib/python3.12/site-packages/airflow/example_dags/example_datasets.py took 3.401 seconds
[2025-07-06T04:35:52.751+0000] {processor.py:186} INFO - Started process (PID=312) to work on /home/airflow/.local/lib/python3.12/site-packages/airflow/example_dags/example_datasets.py
[2025-07-06T04:35:52.754+0000] {processor.py:914} INFO - Processing file /home/airflow/.local/lib/python3.12/site-packages/airflow/example_dags/example_datasets.py for tasks to queue
[2025-07-06T04:35:52.759+0000] {logging_mixin.py:190} INFO - [2025-07-06T04:35:52.759+0000] {dagbag.py:588} INFO - Filling up the DagBag from /home/airflow/.local/lib/python3.12/site-packages/airflow/example_dags/example_datasets.py
[2025-07-06T04:35:55.836+0000] {processor.py:925} INFO - DAG(s) 'consume_1_and_2_with_dataset_expressions', 'dataset_consumes_1', 'dataset_consumes_1_and_2', 'dataset_produces_1', 'dataset_produces_2', 'conditional_dataset_and_time_based_timetable', 'consume_1_or_2_with_dataset_expressions', 'dataset_consumes_1_never_scheduled', 'dataset_consumes_unknown_never_scheduled', 'consume_1_or_both_2_and_3_with_dataset_expressions' retrieved from /home/airflow/.local/lib/python3.12/site-packages/airflow/example_dags/example_datasets.py
[2025-07-06T04:35:56.130+0000] {logging_mixin.py:190} INFO - [2025-07-06T04:35:56.129+0000] {dag.py:3239} INFO - Sync 10 DAGs
[2025-07-06T04:35:56.291+0000] {logging_mixin.py:190} INFO - [2025-07-06T04:35:56.291+0000] {dag.py:4180} INFO - Setting next_dagrun for conditional_dataset_and_time_based_timetable to 2025-07-02 01:00:00+00:00, run_after=2025-07-02 01:00:00+00:00
[2025-07-06T04:35:56.307+0000] {logging_mixin.py:190} INFO - [2025-07-06T04:35:56.307+0000] {dag.py:4180} INFO - Setting next_dagrun for consume_1_and_2_with_dataset_expressions to None, run_after=None
[2025-07-06T04:35:56.314+0000] {logging_mixin.py:190} INFO - [2025-07-06T04:35:56.313+0000] {dag.py:4180} INFO - Setting next_dagrun for consume_1_or_2_with_dataset_expressions to None, run_after=None
[2025-07-06T04:35:56.319+0000] {logging_mixin.py:190} INFO - [2025-07-06T04:35:56.319+0000] {dag.py:4180} INFO - Setting next_dagrun for consume_1_or_both_2_and_3_with_dataset_expressions to None, run_after=None
[2025-07-06T04:35:56.326+0000] {logging_mixin.py:190} INFO - [2025-07-06T04:35:56.325+0000] {dag.py:4180} INFO - Setting next_dagrun for dataset_consumes_1 to None, run_after=None
[2025-07-06T04:35:56.348+0000] {logging_mixin.py:190} INFO - [2025-07-06T04:35:56.345+0000] {dag.py:4180} INFO - Setting next_dagrun for dataset_consumes_1_and_2 to None, run_after=None
[2025-07-06T04:35:56.357+0000] {logging_mixin.py:190} INFO - [2025-07-06T04:35:56.357+0000] {dag.py:4180} INFO - Setting next_dagrun for dataset_consumes_1_never_scheduled to None, run_after=None
[2025-07-06T04:35:56.370+0000] {logging_mixin.py:190} INFO - [2025-07-06T04:35:56.369+0000] {dag.py:4180} INFO - Setting next_dagrun for dataset_consumes_unknown_never_scheduled to None, run_after=None
[2025-07-06T04:35:56.385+0000] {logging_mixin.py:190} INFO - [2025-07-06T04:35:56.385+0000] {dag.py:4180} INFO - Setting next_dagrun for dataset_produces_1 to 2025-07-05 00:00:00+00:00, run_after=2025-07-06 00:00:00+00:00
[2025-07-06T04:35:56.406+0000] {logging_mixin.py:190} INFO - [2025-07-06T04:35:56.398+0000] {dag.py:4180} INFO - Setting next_dagrun for dataset_produces_2 to None, run_after=None
[2025-07-06T04:35:56.554+0000] {processor.py:208} INFO - Processing /home/airflow/.local/lib/python3.12/site-packages/airflow/example_dags/example_datasets.py took 3.835 seconds
[2025-07-06T04:36:27.731+0000] {processor.py:186} INFO - Started process (PID=384) to work on /home/airflow/.local/lib/python3.12/site-packages/airflow/example_dags/example_datasets.py
[2025-07-06T04:36:27.731+0000] {processor.py:914} INFO - Processing file /home/airflow/.local/lib/python3.12/site-packages/airflow/example_dags/example_datasets.py for tasks to queue
[2025-07-06T04:36:27.734+0000] {logging_mixin.py:190} INFO - [2025-07-06T04:36:27.733+0000] {dagbag.py:588} INFO - Filling up the DagBag from /home/airflow/.local/lib/python3.12/site-packages/airflow/example_dags/example_datasets.py
[2025-07-06T04:36:28.473+0000] {processor.py:925} INFO - DAG(s) 'dataset_consumes_1_and_2', 'dataset_produces_2', 'dataset_consumes_unknown_never_scheduled', 'conditional_dataset_and_time_based_timetable', 'dataset_consumes_1', 'consume_1_or_2_with_dataset_expressions', 'dataset_produces_1', 'consume_1_or_both_2_and_3_with_dataset_expressions', 'dataset_consumes_1_never_scheduled', 'consume_1_and_2_with_dataset_expressions' retrieved from /home/airflow/.local/lib/python3.12/site-packages/airflow/example_dags/example_datasets.py
[2025-07-06T04:36:28.517+0000] {logging_mixin.py:190} INFO - [2025-07-06T04:36:28.517+0000] {dag.py:3239} INFO - Sync 10 DAGs
[2025-07-06T04:36:28.540+0000] {logging_mixin.py:190} INFO - [2025-07-06T04:36:28.540+0000] {dag.py:4180} INFO - Setting next_dagrun for conditional_dataset_and_time_based_timetable to 2025-07-02 01:00:00+00:00, run_after=2025-07-02 01:00:00+00:00
[2025-07-06T04:36:28.544+0000] {logging_mixin.py:190} INFO - [2025-07-06T04:36:28.544+0000] {dag.py:4180} INFO - Setting next_dagrun for consume_1_and_2_with_dataset_expressions to None, run_after=None
[2025-07-06T04:36:28.545+0000] {logging_mixin.py:190} INFO - [2025-07-06T04:36:28.545+0000] {dag.py:4180} INFO - Setting next_dagrun for consume_1_or_2_with_dataset_expressions to None, run_after=None
[2025-07-06T04:36:28.546+0000] {logging_mixin.py:190} INFO - [2025-07-06T04:36:28.546+0000] {dag.py:4180} INFO - Setting next_dagrun for consume_1_or_both_2_and_3_with_dataset_expressions to None, run_after=None
[2025-07-06T04:36:28.547+0000] {logging_mixin.py:190} INFO - [2025-07-06T04:36:28.547+0000] {dag.py:4180} INFO - Setting next_dagrun for dataset_consumes_1 to None, run_after=None
[2025-07-06T04:36:28.548+0000] {logging_mixin.py:190} INFO - [2025-07-06T04:36:28.548+0000] {dag.py:4180} INFO - Setting next_dagrun for dataset_consumes_1_and_2 to None, run_after=None
[2025-07-06T04:36:28.549+0000] {logging_mixin.py:190} INFO - [2025-07-06T04:36:28.549+0000] {dag.py:4180} INFO - Setting next_dagrun for dataset_consumes_1_never_scheduled to None, run_after=None
[2025-07-06T04:36:28.550+0000] {logging_mixin.py:190} INFO - [2025-07-06T04:36:28.550+0000] {dag.py:4180} INFO - Setting next_dagrun for dataset_consumes_unknown_never_scheduled to None, run_after=None
[2025-07-06T04:36:28.552+0000] {logging_mixin.py:190} INFO - [2025-07-06T04:36:28.552+0000] {dag.py:4180} INFO - Setting next_dagrun for dataset_produces_1 to 2025-07-05 00:00:00+00:00, run_after=2025-07-06 00:00:00+00:00
[2025-07-06T04:36:28.553+0000] {logging_mixin.py:190} INFO - [2025-07-06T04:36:28.553+0000] {dag.py:4180} INFO - Setting next_dagrun for dataset_produces_2 to None, run_after=None
[2025-07-06T04:36:28.581+0000] {processor.py:208} INFO - Processing /home/airflow/.local/lib/python3.12/site-packages/airflow/example_dags/example_datasets.py took 0.858 seconds
[2025-07-06T04:36:59.566+0000] {processor.py:186} INFO - Started process (PID=451) to work on /home/airflow/.local/lib/python3.12/site-packages/airflow/example_dags/example_datasets.py
[2025-07-06T04:36:59.567+0000] {processor.py:914} INFO - Processing file /home/airflow/.local/lib/python3.12/site-packages/airflow/example_dags/example_datasets.py for tasks to queue
[2025-07-06T04:36:59.570+0000] {logging_mixin.py:190} INFO - [2025-07-06T04:36:59.569+0000] {dagbag.py:588} INFO - Filling up the DagBag from /home/airflow/.local/lib/python3.12/site-packages/airflow/example_dags/example_datasets.py
[2025-07-06T04:37:00.139+0000] {processor.py:925} INFO - DAG(s) 'dataset_consumes_unknown_never_scheduled', 'consume_1_or_2_with_dataset_expressions', 'consume_1_and_2_with_dataset_expressions', 'dataset_consumes_1_and_2', 'dataset_produces_2', 'conditional_dataset_and_time_based_timetable', 'dataset_produces_1', 'dataset_consumes_1', 'consume_1_or_both_2_and_3_with_dataset_expressions', 'dataset_consumes_1_never_scheduled' retrieved from /home/airflow/.local/lib/python3.12/site-packages/airflow/example_dags/example_datasets.py
[2025-07-06T04:37:00.177+0000] {logging_mixin.py:190} INFO - [2025-07-06T04:37:00.176+0000] {dag.py:3239} INFO - Sync 10 DAGs
[2025-07-06T04:37:00.201+0000] {logging_mixin.py:190} INFO - [2025-07-06T04:37:00.201+0000] {dag.py:4180} INFO - Setting next_dagrun for conditional_dataset_and_time_based_timetable to 2025-07-02 01:00:00+00:00, run_after=2025-07-02 01:00:00+00:00
[2025-07-06T04:37:00.205+0000] {logging_mixin.py:190} INFO - [2025-07-06T04:37:00.204+0000] {dag.py:4180} INFO - Setting next_dagrun for consume_1_and_2_with_dataset_expressions to None, run_after=None
[2025-07-06T04:37:00.206+0000] {logging_mixin.py:190} INFO - [2025-07-06T04:37:00.206+0000] {dag.py:4180} INFO - Setting next_dagrun for consume_1_or_2_with_dataset_expressions to None, run_after=None
[2025-07-06T04:37:00.207+0000] {logging_mixin.py:190} INFO - [2025-07-06T04:37:00.207+0000] {dag.py:4180} INFO - Setting next_dagrun for consume_1_or_both_2_and_3_with_dataset_expressions to None, run_after=None
[2025-07-06T04:37:00.208+0000] {logging_mixin.py:190} INFO - [2025-07-06T04:37:00.207+0000] {dag.py:4180} INFO - Setting next_dagrun for dataset_consumes_1 to None, run_after=None
[2025-07-06T04:37:00.209+0000] {logging_mixin.py:190} INFO - [2025-07-06T04:37:00.208+0000] {dag.py:4180} INFO - Setting next_dagrun for dataset_consumes_1_and_2 to None, run_after=None
[2025-07-06T04:37:00.209+0000] {logging_mixin.py:190} INFO - [2025-07-06T04:37:00.209+0000] {dag.py:4180} INFO - Setting next_dagrun for dataset_consumes_1_never_scheduled to None, run_after=None
[2025-07-06T04:37:00.210+0000] {logging_mixin.py:190} INFO - [2025-07-06T04:37:00.210+0000] {dag.py:4180} INFO - Setting next_dagrun for dataset_consumes_unknown_never_scheduled to None, run_after=None
[2025-07-06T04:37:00.212+0000] {logging_mixin.py:190} INFO - [2025-07-06T04:37:00.212+0000] {dag.py:4180} INFO - Setting next_dagrun for dataset_produces_1 to 2025-07-05 00:00:00+00:00, run_after=2025-07-06 00:00:00+00:00
[2025-07-06T04:37:00.213+0000] {logging_mixin.py:190} INFO - [2025-07-06T04:37:00.213+0000] {dag.py:4180} INFO - Setting next_dagrun for dataset_produces_2 to None, run_after=None
[2025-07-06T04:37:00.242+0000] {processor.py:208} INFO - Processing /home/airflow/.local/lib/python3.12/site-packages/airflow/example_dags/example_datasets.py took 0.682 seconds
[2025-07-06T04:37:31.051+0000] {processor.py:186} INFO - Started process (PID=516) to work on /home/airflow/.local/lib/python3.12/site-packages/airflow/example_dags/example_datasets.py
[2025-07-06T04:37:31.051+0000] {processor.py:914} INFO - Processing file /home/airflow/.local/lib/python3.12/site-packages/airflow/example_dags/example_datasets.py for tasks to queue
[2025-07-06T04:37:31.053+0000] {logging_mixin.py:190} INFO - [2025-07-06T04:37:31.053+0000] {dagbag.py:588} INFO - Filling up the DagBag from /home/airflow/.local/lib/python3.12/site-packages/airflow/example_dags/example_datasets.py
[2025-07-06T04:37:31.664+0000] {processor.py:925} INFO - DAG(s) 'consume_1_or_2_with_dataset_expressions', 'consume_1_and_2_with_dataset_expressions', 'dataset_consumes_1', 'dataset_consumes_1_never_scheduled', 'conditional_dataset_and_time_based_timetable', 'dataset_produces_1', 'dataset_produces_2', 'consume_1_or_both_2_and_3_with_dataset_expressions', 'dataset_consumes_unknown_never_scheduled', 'dataset_consumes_1_and_2' retrieved from /home/airflow/.local/lib/python3.12/site-packages/airflow/example_dags/example_datasets.py
[2025-07-06T04:37:31.703+0000] {logging_mixin.py:190} INFO - [2025-07-06T04:37:31.702+0000] {dag.py:3239} INFO - Sync 10 DAGs
[2025-07-06T04:37:31.727+0000] {logging_mixin.py:190} INFO - [2025-07-06T04:37:31.727+0000] {dag.py:4180} INFO - Setting next_dagrun for conditional_dataset_and_time_based_timetable to 2025-07-02 01:00:00+00:00, run_after=2025-07-02 01:00:00+00:00
[2025-07-06T04:37:31.731+0000] {logging_mixin.py:190} INFO - [2025-07-06T04:37:31.731+0000] {dag.py:4180} INFO - Setting next_dagrun for consume_1_and_2_with_dataset_expressions to None, run_after=None
[2025-07-06T04:37:31.732+0000] {logging_mixin.py:190} INFO - [2025-07-06T04:37:31.732+0000] {dag.py:4180} INFO - Setting next_dagrun for consume_1_or_2_with_dataset_expressions to None, run_after=None
[2025-07-06T04:37:31.734+0000] {logging_mixin.py:190} INFO - [2025-07-06T04:37:31.733+0000] {dag.py:4180} INFO - Setting next_dagrun for consume_1_or_both_2_and_3_with_dataset_expressions to None, run_after=None
[2025-07-06T04:37:31.736+0000] {logging_mixin.py:190} INFO - [2025-07-06T04:37:31.735+0000] {dag.py:4180} INFO - Setting next_dagrun for dataset_consumes_1 to None, run_after=None
[2025-07-06T04:37:31.738+0000] {logging_mixin.py:190} INFO - [2025-07-06T04:37:31.738+0000] {dag.py:4180} INFO - Setting next_dagrun for dataset_consumes_1_and_2 to None, run_after=None
[2025-07-06T04:37:31.740+0000] {logging_mixin.py:190} INFO - [2025-07-06T04:37:31.740+0000] {dag.py:4180} INFO - Setting next_dagrun for dataset_consumes_1_never_scheduled to None, run_after=None
[2025-07-06T04:37:31.742+0000] {logging_mixin.py:190} INFO - [2025-07-06T04:37:31.742+0000] {dag.py:4180} INFO - Setting next_dagrun for dataset_consumes_unknown_never_scheduled to None, run_after=None
[2025-07-06T04:37:31.745+0000] {logging_mixin.py:190} INFO - [2025-07-06T04:37:31.745+0000] {dag.py:4180} INFO - Setting next_dagrun for dataset_produces_1 to 2025-07-05 00:00:00+00:00, run_after=2025-07-06 00:00:00+00:00
[2025-07-06T04:37:31.747+0000] {logging_mixin.py:190} INFO - [2025-07-06T04:37:31.747+0000] {dag.py:4180} INFO - Setting next_dagrun for dataset_produces_2 to None, run_after=None
[2025-07-06T04:37:31.793+0000] {processor.py:208} INFO - Processing /home/airflow/.local/lib/python3.12/site-packages/airflow/example_dags/example_datasets.py took 0.748 seconds
[2025-07-06T04:38:02.749+0000] {processor.py:186} INFO - Started process (PID=584) to work on /home/airflow/.local/lib/python3.12/site-packages/airflow/example_dags/example_datasets.py
[2025-07-06T04:38:02.750+0000] {processor.py:914} INFO - Processing file /home/airflow/.local/lib/python3.12/site-packages/airflow/example_dags/example_datasets.py for tasks to queue
[2025-07-06T04:38:02.752+0000] {logging_mixin.py:190} INFO - [2025-07-06T04:38:02.752+0000] {dagbag.py:588} INFO - Filling up the DagBag from /home/airflow/.local/lib/python3.12/site-packages/airflow/example_dags/example_datasets.py
[2025-07-06T04:38:03.336+0000] {processor.py:925} INFO - DAG(s) 'consume_1_or_2_with_dataset_expressions', 'consume_1_or_both_2_and_3_with_dataset_expressions', 'conditional_dataset_and_time_based_timetable', 'dataset_produces_2', 'dataset_consumes_1_never_scheduled', 'dataset_consumes_1', 'consume_1_and_2_with_dataset_expressions', 'dataset_consumes_unknown_never_scheduled', 'dataset_produces_1', 'dataset_consumes_1_and_2' retrieved from /home/airflow/.local/lib/python3.12/site-packages/airflow/example_dags/example_datasets.py
[2025-07-06T04:38:03.373+0000] {logging_mixin.py:190} INFO - [2025-07-06T04:38:03.372+0000] {dag.py:3239} INFO - Sync 10 DAGs
[2025-07-06T04:38:03.396+0000] {logging_mixin.py:190} INFO - [2025-07-06T04:38:03.396+0000] {dag.py:4180} INFO - Setting next_dagrun for conditional_dataset_and_time_based_timetable to 2025-07-02 01:00:00+00:00, run_after=2025-07-02 01:00:00+00:00
[2025-07-06T04:38:03.400+0000] {logging_mixin.py:190} INFO - [2025-07-06T04:38:03.399+0000] {dag.py:4180} INFO - Setting next_dagrun for consume_1_and_2_with_dataset_expressions to None, run_after=None
[2025-07-06T04:38:03.401+0000] {logging_mixin.py:190} INFO - [2025-07-06T04:38:03.401+0000] {dag.py:4180} INFO - Setting next_dagrun for consume_1_or_2_with_dataset_expressions to None, run_after=None
[2025-07-06T04:38:03.402+0000] {logging_mixin.py:190} INFO - [2025-07-06T04:38:03.402+0000] {dag.py:4180} INFO - Setting next_dagrun for consume_1_or_both_2_and_3_with_dataset_expressions to None, run_after=None
[2025-07-06T04:38:03.403+0000] {logging_mixin.py:190} INFO - [2025-07-06T04:38:03.403+0000] {dag.py:4180} INFO - Setting next_dagrun for dataset_consumes_1 to None, run_after=None
[2025-07-06T04:38:03.404+0000] {logging_mixin.py:190} INFO - [2025-07-06T04:38:03.404+0000] {dag.py:4180} INFO - Setting next_dagrun for dataset_consumes_1_and_2 to None, run_after=None
[2025-07-06T04:38:03.405+0000] {logging_mixin.py:190} INFO - [2025-07-06T04:38:03.404+0000] {dag.py:4180} INFO - Setting next_dagrun for dataset_consumes_1_never_scheduled to None, run_after=None
[2025-07-06T04:38:03.406+0000] {logging_mixin.py:190} INFO - [2025-07-06T04:38:03.405+0000] {dag.py:4180} INFO - Setting next_dagrun for dataset_consumes_unknown_never_scheduled to None, run_after=None
[2025-07-06T04:38:03.408+0000] {logging_mixin.py:190} INFO - [2025-07-06T04:38:03.407+0000] {dag.py:4180} INFO - Setting next_dagrun for dataset_produces_1 to 2025-07-05 00:00:00+00:00, run_after=2025-07-06 00:00:00+00:00
[2025-07-06T04:38:03.409+0000] {logging_mixin.py:190} INFO - [2025-07-06T04:38:03.408+0000] {dag.py:4180} INFO - Setting next_dagrun for dataset_produces_2 to None, run_after=None
[2025-07-06T04:38:03.448+0000] {processor.py:208} INFO - Processing /home/airflow/.local/lib/python3.12/site-packages/airflow/example_dags/example_datasets.py took 0.706 seconds
[2025-07-06T04:38:34.272+0000] {processor.py:186} INFO - Started process (PID=648) to work on /home/airflow/.local/lib/python3.12/site-packages/airflow/example_dags/example_datasets.py
[2025-07-06T04:38:34.273+0000] {processor.py:914} INFO - Processing file /home/airflow/.local/lib/python3.12/site-packages/airflow/example_dags/example_datasets.py for tasks to queue
[2025-07-06T04:38:34.275+0000] {logging_mixin.py:190} INFO - [2025-07-06T04:38:34.275+0000] {dagbag.py:588} INFO - Filling up the DagBag from /home/airflow/.local/lib/python3.12/site-packages/airflow/example_dags/example_datasets.py
[2025-07-06T04:38:35.013+0000] {processor.py:925} INFO - DAG(s) 'conditional_dataset_and_time_based_timetable', 'dataset_produces_2', 'consume_1_or_2_with_dataset_expressions', 'consume_1_or_both_2_and_3_with_dataset_expressions', 'dataset_consumes_unknown_never_scheduled', 'dataset_consumes_1_and_2', 'dataset_consumes_1_never_scheduled', 'dataset_consumes_1', 'dataset_produces_1', 'consume_1_and_2_with_dataset_expressions' retrieved from /home/airflow/.local/lib/python3.12/site-packages/airflow/example_dags/example_datasets.py
[2025-07-06T04:38:35.049+0000] {logging_mixin.py:190} INFO - [2025-07-06T04:38:35.049+0000] {dag.py:3239} INFO - Sync 10 DAGs
[2025-07-06T04:38:35.072+0000] {logging_mixin.py:190} INFO - [2025-07-06T04:38:35.072+0000] {dag.py:4180} INFO - Setting next_dagrun for conditional_dataset_and_time_based_timetable to 2025-07-02 01:00:00+00:00, run_after=2025-07-02 01:00:00+00:00
[2025-07-06T04:38:35.076+0000] {logging_mixin.py:190} INFO - [2025-07-06T04:38:35.076+0000] {dag.py:4180} INFO - Setting next_dagrun for consume_1_and_2_with_dataset_expressions to None, run_after=None
[2025-07-06T04:38:35.077+0000] {logging_mixin.py:190} INFO - [2025-07-06T04:38:35.077+0000] {dag.py:4180} INFO - Setting next_dagrun for consume_1_or_2_with_dataset_expressions to None, run_after=None
[2025-07-06T04:38:35.078+0000] {logging_mixin.py:190} INFO - [2025-07-06T04:38:35.078+0000] {dag.py:4180} INFO - Setting next_dagrun for consume_1_or_both_2_and_3_with_dataset_expressions to None, run_after=None
[2025-07-06T04:38:35.079+0000] {logging_mixin.py:190} INFO - [2025-07-06T04:38:35.079+0000] {dag.py:4180} INFO - Setting next_dagrun for dataset_consumes_1 to None, run_after=None
[2025-07-06T04:38:35.080+0000] {logging_mixin.py:190} INFO - [2025-07-06T04:38:35.080+0000] {dag.py:4180} INFO - Setting next_dagrun for dataset_consumes_1_and_2 to None, run_after=None
[2025-07-06T04:38:35.081+0000] {logging_mixin.py:190} INFO - [2025-07-06T04:38:35.081+0000] {dag.py:4180} INFO - Setting next_dagrun for dataset_consumes_1_never_scheduled to None, run_after=None
[2025-07-06T04:38:35.082+0000] {logging_mixin.py:190} INFO - [2025-07-06T04:38:35.082+0000] {dag.py:4180} INFO - Setting next_dagrun for dataset_consumes_unknown_never_scheduled to None, run_after=None
[2025-07-06T04:38:35.086+0000] {logging_mixin.py:190} INFO - [2025-07-06T04:38:35.085+0000] {dag.py:4180} INFO - Setting next_dagrun for dataset_produces_1 to 2025-07-05 00:00:00+00:00, run_after=2025-07-06 00:00:00+00:00
[2025-07-06T04:38:35.087+0000] {logging_mixin.py:190} INFO - [2025-07-06T04:38:35.087+0000] {dag.py:4180} INFO - Setting next_dagrun for dataset_produces_2 to None, run_after=None
[2025-07-06T04:38:35.131+0000] {processor.py:208} INFO - Processing /home/airflow/.local/lib/python3.12/site-packages/airflow/example_dags/example_datasets.py took 0.865 seconds
[2025-07-06T04:39:05.241+0000] {processor.py:186} INFO - Started process (PID=712) to work on /home/airflow/.local/lib/python3.12/site-packages/airflow/example_dags/example_datasets.py
[2025-07-06T04:39:05.242+0000] {processor.py:914} INFO - Processing file /home/airflow/.local/lib/python3.12/site-packages/airflow/example_dags/example_datasets.py for tasks to queue
[2025-07-06T04:39:05.244+0000] {logging_mixin.py:190} INFO - [2025-07-06T04:39:05.244+0000] {dagbag.py:588} INFO - Filling up the DagBag from /home/airflow/.local/lib/python3.12/site-packages/airflow/example_dags/example_datasets.py
[2025-07-06T04:39:06.169+0000] {processor.py:925} INFO - DAG(s) 'dataset_consumes_1_never_scheduled', 'dataset_produces_2', 'dataset_consumes_1_and_2', 'dataset_consumes_1', 'dataset_produces_1', 'consume_1_and_2_with_dataset_expressions', 'consume_1_or_both_2_and_3_with_dataset_expressions', 'dataset_consumes_unknown_never_scheduled', 'consume_1_or_2_with_dataset_expressions', 'conditional_dataset_and_time_based_timetable' retrieved from /home/airflow/.local/lib/python3.12/site-packages/airflow/example_dags/example_datasets.py
[2025-07-06T04:39:06.222+0000] {logging_mixin.py:190} INFO - [2025-07-06T04:39:06.222+0000] {dag.py:3239} INFO - Sync 10 DAGs
[2025-07-06T04:39:06.247+0000] {logging_mixin.py:190} INFO - [2025-07-06T04:39:06.247+0000] {dag.py:4180} INFO - Setting next_dagrun for conditional_dataset_and_time_based_timetable to 2025-07-02 01:00:00+00:00, run_after=2025-07-02 01:00:00+00:00
[2025-07-06T04:39:06.251+0000] {logging_mixin.py:190} INFO - [2025-07-06T04:39:06.251+0000] {dag.py:4180} INFO - Setting next_dagrun for consume_1_and_2_with_dataset_expressions to None, run_after=None
[2025-07-06T04:39:06.252+0000] {logging_mixin.py:190} INFO - [2025-07-06T04:39:06.252+0000] {dag.py:4180} INFO - Setting next_dagrun for consume_1_or_2_with_dataset_expressions to None, run_after=None
[2025-07-06T04:39:06.253+0000] {logging_mixin.py:190} INFO - [2025-07-06T04:39:06.253+0000] {dag.py:4180} INFO - Setting next_dagrun for consume_1_or_both_2_and_3_with_dataset_expressions to None, run_after=None
[2025-07-06T04:39:06.254+0000] {logging_mixin.py:190} INFO - [2025-07-06T04:39:06.254+0000] {dag.py:4180} INFO - Setting next_dagrun for dataset_consumes_1 to None, run_after=None
[2025-07-06T04:39:06.255+0000] {logging_mixin.py:190} INFO - [2025-07-06T04:39:06.255+0000] {dag.py:4180} INFO - Setting next_dagrun for dataset_consumes_1_and_2 to None, run_after=None
[2025-07-06T04:39:06.256+0000] {logging_mixin.py:190} INFO - [2025-07-06T04:39:06.256+0000] {dag.py:4180} INFO - Setting next_dagrun for dataset_consumes_1_never_scheduled to None, run_after=None
[2025-07-06T04:39:06.257+0000] {logging_mixin.py:190} INFO - [2025-07-06T04:39:06.257+0000] {dag.py:4180} INFO - Setting next_dagrun for dataset_consumes_unknown_never_scheduled to None, run_after=None
[2025-07-06T04:39:06.259+0000] {logging_mixin.py:190} INFO - [2025-07-06T04:39:06.259+0000] {dag.py:4180} INFO - Setting next_dagrun for dataset_produces_1 to 2025-07-05 00:00:00+00:00, run_after=2025-07-06 00:00:00+00:00
[2025-07-06T04:39:06.260+0000] {logging_mixin.py:190} INFO - [2025-07-06T04:39:06.260+0000] {dag.py:4180} INFO - Setting next_dagrun for dataset_produces_2 to None, run_after=None
[2025-07-06T04:39:06.288+0000] {processor.py:208} INFO - Processing /home/airflow/.local/lib/python3.12/site-packages/airflow/example_dags/example_datasets.py took 1.053 seconds
[2025-07-06T04:39:36.564+0000] {processor.py:186} INFO - Started process (PID=779) to work on /home/airflow/.local/lib/python3.12/site-packages/airflow/example_dags/example_datasets.py
[2025-07-06T04:39:36.565+0000] {processor.py:914} INFO - Processing file /home/airflow/.local/lib/python3.12/site-packages/airflow/example_dags/example_datasets.py for tasks to queue
[2025-07-06T04:39:36.568+0000] {logging_mixin.py:190} INFO - [2025-07-06T04:39:36.567+0000] {dagbag.py:588} INFO - Filling up the DagBag from /home/airflow/.local/lib/python3.12/site-packages/airflow/example_dags/example_datasets.py
[2025-07-06T04:39:37.210+0000] {processor.py:925} INFO - DAG(s) 'dataset_produces_2', 'consume_1_or_2_with_dataset_expressions', 'consume_1_or_both_2_and_3_with_dataset_expressions', 'dataset_consumes_1', 'dataset_produces_1', 'dataset_consumes_1_never_scheduled', 'consume_1_and_2_with_dataset_expressions', 'conditional_dataset_and_time_based_timetable', 'dataset_consumes_unknown_never_scheduled', 'dataset_consumes_1_and_2' retrieved from /home/airflow/.local/lib/python3.12/site-packages/airflow/example_dags/example_datasets.py
[2025-07-06T04:39:37.253+0000] {logging_mixin.py:190} INFO - [2025-07-06T04:39:37.253+0000] {dag.py:3239} INFO - Sync 10 DAGs
[2025-07-06T04:39:37.277+0000] {logging_mixin.py:190} INFO - [2025-07-06T04:39:37.277+0000] {dag.py:4180} INFO - Setting next_dagrun for conditional_dataset_and_time_based_timetable to 2025-07-02 01:00:00+00:00, run_after=2025-07-02 01:00:00+00:00
[2025-07-06T04:39:37.281+0000] {logging_mixin.py:190} INFO - [2025-07-06T04:39:37.280+0000] {dag.py:4180} INFO - Setting next_dagrun for consume_1_and_2_with_dataset_expressions to None, run_after=None
[2025-07-06T04:39:37.284+0000] {logging_mixin.py:190} INFO - [2025-07-06T04:39:37.283+0000] {dag.py:4180} INFO - Setting next_dagrun for consume_1_or_2_with_dataset_expressions to None, run_after=None
[2025-07-06T04:39:37.285+0000] {logging_mixin.py:190} INFO - [2025-07-06T04:39:37.285+0000] {dag.py:4180} INFO - Setting next_dagrun for consume_1_or_both_2_and_3_with_dataset_expressions to None, run_after=None
[2025-07-06T04:39:37.286+0000] {logging_mixin.py:190} INFO - [2025-07-06T04:39:37.286+0000] {dag.py:4180} INFO - Setting next_dagrun for dataset_consumes_1 to None, run_after=None
[2025-07-06T04:39:37.287+0000] {logging_mixin.py:190} INFO - [2025-07-06T04:39:37.287+0000] {dag.py:4180} INFO - Setting next_dagrun for dataset_consumes_1_and_2 to None, run_after=None
[2025-07-06T04:39:37.288+0000] {logging_mixin.py:190} INFO - [2025-07-06T04:39:37.287+0000] {dag.py:4180} INFO - Setting next_dagrun for dataset_consumes_1_never_scheduled to None, run_after=None
[2025-07-06T04:39:37.289+0000] {logging_mixin.py:190} INFO - [2025-07-06T04:39:37.288+0000] {dag.py:4180} INFO - Setting next_dagrun for dataset_consumes_unknown_never_scheduled to None, run_after=None
[2025-07-06T04:39:37.291+0000] {logging_mixin.py:190} INFO - [2025-07-06T04:39:37.290+0000] {dag.py:4180} INFO - Setting next_dagrun for dataset_produces_1 to 2025-07-05 00:00:00+00:00, run_after=2025-07-06 00:00:00+00:00
[2025-07-06T04:39:37.292+0000] {logging_mixin.py:190} INFO - [2025-07-06T04:39:37.292+0000] {dag.py:4180} INFO - Setting next_dagrun for dataset_produces_2 to None, run_after=None
[2025-07-06T04:39:37.321+0000] {processor.py:208} INFO - Processing /home/airflow/.local/lib/python3.12/site-packages/airflow/example_dags/example_datasets.py took 0.763 seconds
[2025-07-06T04:40:07.523+0000] {processor.py:186} INFO - Started process (PID=843) to work on /home/airflow/.local/lib/python3.12/site-packages/airflow/example_dags/example_datasets.py
[2025-07-06T04:40:07.526+0000] {processor.py:914} INFO - Processing file /home/airflow/.local/lib/python3.12/site-packages/airflow/example_dags/example_datasets.py for tasks to queue
[2025-07-06T04:40:07.538+0000] {logging_mixin.py:190} INFO - [2025-07-06T04:40:07.535+0000] {dagbag.py:588} INFO - Filling up the DagBag from /home/airflow/.local/lib/python3.12/site-packages/airflow/example_dags/example_datasets.py
[2025-07-06T04:40:09.400+0000] {processor.py:925} INFO - DAG(s) 'dataset_produces_2', 'conditional_dataset_and_time_based_timetable', 'dataset_produces_1', 'dataset_consumes_1_and_2', 'dataset_consumes_1', 'consume_1_and_2_with_dataset_expressions', 'dataset_consumes_1_never_scheduled', 'consume_1_or_2_with_dataset_expressions', 'consume_1_or_both_2_and_3_with_dataset_expressions', 'dataset_consumes_unknown_never_scheduled' retrieved from /home/airflow/.local/lib/python3.12/site-packages/airflow/example_dags/example_datasets.py
[2025-07-06T04:40:09.524+0000] {logging_mixin.py:190} INFO - [2025-07-06T04:40:09.524+0000] {dag.py:3239} INFO - Sync 10 DAGs
[2025-07-06T04:40:09.621+0000] {logging_mixin.py:190} INFO - [2025-07-06T04:40:09.620+0000] {dag.py:4180} INFO - Setting next_dagrun for conditional_dataset_and_time_based_timetable to 2025-07-02 01:00:00+00:00, run_after=2025-07-02 01:00:00+00:00
[2025-07-06T04:40:09.644+0000] {logging_mixin.py:190} INFO - [2025-07-06T04:40:09.644+0000] {dag.py:4180} INFO - Setting next_dagrun for consume_1_and_2_with_dataset_expressions to None, run_after=None
[2025-07-06T04:40:09.653+0000] {logging_mixin.py:190} INFO - [2025-07-06T04:40:09.652+0000] {dag.py:4180} INFO - Setting next_dagrun for consume_1_or_2_with_dataset_expressions to None, run_after=None
[2025-07-06T04:40:09.659+0000] {logging_mixin.py:190} INFO - [2025-07-06T04:40:09.658+0000] {dag.py:4180} INFO - Setting next_dagrun for consume_1_or_both_2_and_3_with_dataset_expressions to None, run_after=None
[2025-07-06T04:40:09.671+0000] {logging_mixin.py:190} INFO - [2025-07-06T04:40:09.671+0000] {dag.py:4180} INFO - Setting next_dagrun for dataset_consumes_1 to None, run_after=None
[2025-07-06T04:40:09.681+0000] {logging_mixin.py:190} INFO - [2025-07-06T04:40:09.681+0000] {dag.py:4180} INFO - Setting next_dagrun for dataset_consumes_1_and_2 to None, run_after=None
[2025-07-06T04:40:09.685+0000] {logging_mixin.py:190} INFO - [2025-07-06T04:40:09.685+0000] {dag.py:4180} INFO - Setting next_dagrun for dataset_consumes_1_never_scheduled to None, run_after=None
[2025-07-06T04:40:09.689+0000] {logging_mixin.py:190} INFO - [2025-07-06T04:40:09.689+0000] {dag.py:4180} INFO - Setting next_dagrun for dataset_consumes_unknown_never_scheduled to None, run_after=None
[2025-07-06T04:40:09.701+0000] {logging_mixin.py:190} INFO - [2025-07-06T04:40:09.700+0000] {dag.py:4180} INFO - Setting next_dagrun for dataset_produces_1 to 2025-07-05 00:00:00+00:00, run_after=2025-07-06 00:00:00+00:00
[2025-07-06T04:40:09.709+0000] {logging_mixin.py:190} INFO - [2025-07-06T04:40:09.706+0000] {dag.py:4180} INFO - Setting next_dagrun for dataset_produces_2 to None, run_after=None
[2025-07-06T04:40:09.825+0000] {processor.py:208} INFO - Processing /home/airflow/.local/lib/python3.12/site-packages/airflow/example_dags/example_datasets.py took 2.336 seconds
[2025-07-06T04:40:40.797+0000] {processor.py:186} INFO - Started process (PID=910) to work on /home/airflow/.local/lib/python3.12/site-packages/airflow/example_dags/example_datasets.py
[2025-07-06T04:40:40.801+0000] {processor.py:914} INFO - Processing file /home/airflow/.local/lib/python3.12/site-packages/airflow/example_dags/example_datasets.py for tasks to queue
[2025-07-06T04:40:40.808+0000] {logging_mixin.py:190} INFO - [2025-07-06T04:40:40.807+0000] {dagbag.py:588} INFO - Filling up the DagBag from /home/airflow/.local/lib/python3.12/site-packages/airflow/example_dags/example_datasets.py
[2025-07-06T04:40:42.465+0000] {processor.py:925} INFO - DAG(s) 'dataset_consumes_unknown_never_scheduled', 'dataset_produces_1', 'conditional_dataset_and_time_based_timetable', 'consume_1_and_2_with_dataset_expressions', 'dataset_produces_2', 'consume_1_or_2_with_dataset_expressions', 'dataset_consumes_1_never_scheduled', 'dataset_consumes_1', 'dataset_consumes_1_and_2', 'consume_1_or_both_2_and_3_with_dataset_expressions' retrieved from /home/airflow/.local/lib/python3.12/site-packages/airflow/example_dags/example_datasets.py
[2025-07-06T04:40:42.726+0000] {logging_mixin.py:190} INFO - [2025-07-06T04:40:42.726+0000] {dag.py:3239} INFO - Sync 10 DAGs
[2025-07-06T04:40:42.870+0000] {logging_mixin.py:190} INFO - [2025-07-06T04:40:42.870+0000] {dag.py:4180} INFO - Setting next_dagrun for conditional_dataset_and_time_based_timetable to 2025-07-02 01:00:00+00:00, run_after=2025-07-02 01:00:00+00:00
[2025-07-06T04:40:42.889+0000] {logging_mixin.py:190} INFO - [2025-07-06T04:40:42.888+0000] {dag.py:4180} INFO - Setting next_dagrun for consume_1_and_2_with_dataset_expressions to None, run_after=None
[2025-07-06T04:40:42.892+0000] {logging_mixin.py:190} INFO - [2025-07-06T04:40:42.892+0000] {dag.py:4180} INFO - Setting next_dagrun for consume_1_or_2_with_dataset_expressions to None, run_after=None
[2025-07-06T04:40:42.897+0000] {logging_mixin.py:190} INFO - [2025-07-06T04:40:42.896+0000] {dag.py:4180} INFO - Setting next_dagrun for consume_1_or_both_2_and_3_with_dataset_expressions to None, run_after=None
[2025-07-06T04:40:42.900+0000] {logging_mixin.py:190} INFO - [2025-07-06T04:40:42.899+0000] {dag.py:4180} INFO - Setting next_dagrun for dataset_consumes_1 to None, run_after=None
[2025-07-06T04:40:42.903+0000] {logging_mixin.py:190} INFO - [2025-07-06T04:40:42.903+0000] {dag.py:4180} INFO - Setting next_dagrun for dataset_consumes_1_and_2 to None, run_after=None
[2025-07-06T04:40:42.907+0000] {logging_mixin.py:190} INFO - [2025-07-06T04:40:42.907+0000] {dag.py:4180} INFO - Setting next_dagrun for dataset_consumes_1_never_scheduled to None, run_after=None
[2025-07-06T04:40:42.912+0000] {logging_mixin.py:190} INFO - [2025-07-06T04:40:42.911+0000] {dag.py:4180} INFO - Setting next_dagrun for dataset_consumes_unknown_never_scheduled to None, run_after=None
[2025-07-06T04:40:42.920+0000] {logging_mixin.py:190} INFO - [2025-07-06T04:40:42.920+0000] {dag.py:4180} INFO - Setting next_dagrun for dataset_produces_1 to 2025-07-05 00:00:00+00:00, run_after=2025-07-06 00:00:00+00:00
[2025-07-06T04:40:42.924+0000] {logging_mixin.py:190} INFO - [2025-07-06T04:40:42.924+0000] {dag.py:4180} INFO - Setting next_dagrun for dataset_produces_2 to None, run_after=None
[2025-07-06T04:40:43.044+0000] {processor.py:208} INFO - Processing /home/airflow/.local/lib/python3.12/site-packages/airflow/example_dags/example_datasets.py took 2.295 seconds
[2025-07-06T04:41:13.578+0000] {processor.py:186} INFO - Started process (PID=977) to work on /home/airflow/.local/lib/python3.12/site-packages/airflow/example_dags/example_datasets.py
[2025-07-06T04:41:13.579+0000] {processor.py:914} INFO - Processing file /home/airflow/.local/lib/python3.12/site-packages/airflow/example_dags/example_datasets.py for tasks to queue
[2025-07-06T04:41:13.581+0000] {logging_mixin.py:190} INFO - [2025-07-06T04:41:13.581+0000] {dagbag.py:588} INFO - Filling up the DagBag from /home/airflow/.local/lib/python3.12/site-packages/airflow/example_dags/example_datasets.py
[2025-07-06T04:41:14.511+0000] {processor.py:925} INFO - DAG(s) 'dataset_consumes_1', 'dataset_produces_1', 'consume_1_and_2_with_dataset_expressions', 'dataset_produces_2', 'dataset_consumes_1_and_2', 'consume_1_or_both_2_and_3_with_dataset_expressions', 'conditional_dataset_and_time_based_timetable', 'dataset_consumes_1_never_scheduled', 'consume_1_or_2_with_dataset_expressions', 'dataset_consumes_unknown_never_scheduled' retrieved from /home/airflow/.local/lib/python3.12/site-packages/airflow/example_dags/example_datasets.py
[2025-07-06T04:41:14.606+0000] {logging_mixin.py:190} INFO - [2025-07-06T04:41:14.606+0000] {dag.py:3239} INFO - Sync 10 DAGs
[2025-07-06T04:41:14.644+0000] {logging_mixin.py:190} INFO - [2025-07-06T04:41:14.643+0000] {dag.py:4180} INFO - Setting next_dagrun for conditional_dataset_and_time_based_timetable to 2025-07-02 01:00:00+00:00, run_after=2025-07-02 01:00:00+00:00
[2025-07-06T04:41:14.649+0000] {logging_mixin.py:190} INFO - [2025-07-06T04:41:14.649+0000] {dag.py:4180} INFO - Setting next_dagrun for consume_1_and_2_with_dataset_expressions to None, run_after=None
[2025-07-06T04:41:14.651+0000] {logging_mixin.py:190} INFO - [2025-07-06T04:41:14.651+0000] {dag.py:4180} INFO - Setting next_dagrun for consume_1_or_2_with_dataset_expressions to None, run_after=None
[2025-07-06T04:41:14.654+0000] {logging_mixin.py:190} INFO - [2025-07-06T04:41:14.653+0000] {dag.py:4180} INFO - Setting next_dagrun for consume_1_or_both_2_and_3_with_dataset_expressions to None, run_after=None
[2025-07-06T04:41:14.657+0000] {logging_mixin.py:190} INFO - [2025-07-06T04:41:14.656+0000] {dag.py:4180} INFO - Setting next_dagrun for dataset_consumes_1 to None, run_after=None
[2025-07-06T04:41:14.661+0000] {logging_mixin.py:190} INFO - [2025-07-06T04:41:14.661+0000] {dag.py:4180} INFO - Setting next_dagrun for dataset_consumes_1_and_2 to None, run_after=None
[2025-07-06T04:41:14.665+0000] {logging_mixin.py:190} INFO - [2025-07-06T04:41:14.665+0000] {dag.py:4180} INFO - Setting next_dagrun for dataset_consumes_1_never_scheduled to None, run_after=None
[2025-07-06T04:41:14.668+0000] {logging_mixin.py:190} INFO - [2025-07-06T04:41:14.667+0000] {dag.py:4180} INFO - Setting next_dagrun for dataset_consumes_unknown_never_scheduled to None, run_after=None
[2025-07-06T04:41:14.675+0000] {logging_mixin.py:190} INFO - [2025-07-06T04:41:14.675+0000] {dag.py:4180} INFO - Setting next_dagrun for dataset_produces_1 to 2025-07-05 00:00:00+00:00, run_after=2025-07-06 00:00:00+00:00
[2025-07-06T04:41:14.681+0000] {logging_mixin.py:190} INFO - [2025-07-06T04:41:14.680+0000] {dag.py:4180} INFO - Setting next_dagrun for dataset_produces_2 to None, run_after=None
[2025-07-06T04:41:14.734+0000] {processor.py:208} INFO - Processing /home/airflow/.local/lib/python3.12/site-packages/airflow/example_dags/example_datasets.py took 1.161 seconds
[2025-07-06T04:41:45.349+0000] {processor.py:186} INFO - Started process (PID=1048) to work on /home/airflow/.local/lib/python3.12/site-packages/airflow/example_dags/example_datasets.py
[2025-07-06T04:41:45.350+0000] {processor.py:914} INFO - Processing file /home/airflow/.local/lib/python3.12/site-packages/airflow/example_dags/example_datasets.py for tasks to queue
[2025-07-06T04:41:45.352+0000] {logging_mixin.py:190} INFO - [2025-07-06T04:41:45.352+0000] {dagbag.py:588} INFO - Filling up the DagBag from /home/airflow/.local/lib/python3.12/site-packages/airflow/example_dags/example_datasets.py
[2025-07-06T04:41:45.948+0000] {processor.py:925} INFO - DAG(s) 'consume_1_or_both_2_and_3_with_dataset_expressions', 'dataset_produces_1', 'dataset_consumes_unknown_never_scheduled', 'dataset_produces_2', 'consume_1_and_2_with_dataset_expressions', 'dataset_consumes_1_and_2', 'consume_1_or_2_with_dataset_expressions', 'dataset_consumes_1', 'dataset_consumes_1_never_scheduled', 'conditional_dataset_and_time_based_timetable' retrieved from /home/airflow/.local/lib/python3.12/site-packages/airflow/example_dags/example_datasets.py
[2025-07-06T04:41:45.984+0000] {logging_mixin.py:190} INFO - [2025-07-06T04:41:45.984+0000] {dag.py:3239} INFO - Sync 10 DAGs
[2025-07-06T04:41:46.007+0000] {logging_mixin.py:190} INFO - [2025-07-06T04:41:46.007+0000] {dag.py:4180} INFO - Setting next_dagrun for conditional_dataset_and_time_based_timetable to 2025-07-02 01:00:00+00:00, run_after=2025-07-02 01:00:00+00:00
[2025-07-06T04:41:46.011+0000] {logging_mixin.py:190} INFO - [2025-07-06T04:41:46.010+0000] {dag.py:4180} INFO - Setting next_dagrun for consume_1_and_2_with_dataset_expressions to None, run_after=None
[2025-07-06T04:41:46.012+0000] {logging_mixin.py:190} INFO - [2025-07-06T04:41:46.012+0000] {dag.py:4180} INFO - Setting next_dagrun for consume_1_or_2_with_dataset_expressions to None, run_after=None
[2025-07-06T04:41:46.013+0000] {logging_mixin.py:190} INFO - [2025-07-06T04:41:46.012+0000] {dag.py:4180} INFO - Setting next_dagrun for consume_1_or_both_2_and_3_with_dataset_expressions to None, run_after=None
[2025-07-06T04:41:46.014+0000] {logging_mixin.py:190} INFO - [2025-07-06T04:41:46.013+0000] {dag.py:4180} INFO - Setting next_dagrun for dataset_consumes_1 to None, run_after=None
[2025-07-06T04:41:46.014+0000] {logging_mixin.py:190} INFO - [2025-07-06T04:41:46.014+0000] {dag.py:4180} INFO - Setting next_dagrun for dataset_consumes_1_and_2 to None, run_after=None
[2025-07-06T04:41:46.015+0000] {logging_mixin.py:190} INFO - [2025-07-06T04:41:46.015+0000] {dag.py:4180} INFO - Setting next_dagrun for dataset_consumes_1_never_scheduled to None, run_after=None
[2025-07-06T04:41:46.016+0000] {logging_mixin.py:190} INFO - [2025-07-06T04:41:46.016+0000] {dag.py:4180} INFO - Setting next_dagrun for dataset_consumes_unknown_never_scheduled to None, run_after=None
[2025-07-06T04:41:46.018+0000] {logging_mixin.py:190} INFO - [2025-07-06T04:41:46.018+0000] {dag.py:4180} INFO - Setting next_dagrun for dataset_produces_1 to 2025-07-05 00:00:00+00:00, run_after=2025-07-06 00:00:00+00:00
[2025-07-06T04:41:46.019+0000] {logging_mixin.py:190} INFO - [2025-07-06T04:41:46.019+0000] {dag.py:4180} INFO - Setting next_dagrun for dataset_produces_2 to None, run_after=None
[2025-07-06T04:41:46.049+0000] {processor.py:208} INFO - Processing /home/airflow/.local/lib/python3.12/site-packages/airflow/example_dags/example_datasets.py took 0.706 seconds
[2025-07-06T04:42:16.747+0000] {processor.py:186} INFO - Started process (PID=1112) to work on /home/airflow/.local/lib/python3.12/site-packages/airflow/example_dags/example_datasets.py
[2025-07-06T04:42:16.748+0000] {processor.py:914} INFO - Processing file /home/airflow/.local/lib/python3.12/site-packages/airflow/example_dags/example_datasets.py for tasks to queue
[2025-07-06T04:42:16.750+0000] {logging_mixin.py:190} INFO - [2025-07-06T04:42:16.749+0000] {dagbag.py:588} INFO - Filling up the DagBag from /home/airflow/.local/lib/python3.12/site-packages/airflow/example_dags/example_datasets.py
[2025-07-06T04:42:17.460+0000] {processor.py:925} INFO - DAG(s) 'consume_1_or_2_with_dataset_expressions', 'consume_1_and_2_with_dataset_expressions', 'dataset_consumes_1', 'dataset_consumes_1_and_2', 'dataset_consumes_1_never_scheduled', 'dataset_consumes_unknown_never_scheduled', 'conditional_dataset_and_time_based_timetable', 'dataset_produces_2', 'dataset_produces_1', 'consume_1_or_both_2_and_3_with_dataset_expressions' retrieved from /home/airflow/.local/lib/python3.12/site-packages/airflow/example_dags/example_datasets.py
[2025-07-06T04:42:17.515+0000] {logging_mixin.py:190} INFO - [2025-07-06T04:42:17.515+0000] {dag.py:3239} INFO - Sync 10 DAGs
[2025-07-06T04:42:17.551+0000] {logging_mixin.py:190} INFO - [2025-07-06T04:42:17.551+0000] {dag.py:4180} INFO - Setting next_dagrun for conditional_dataset_and_time_based_timetable to 2025-07-02 01:00:00+00:00, run_after=2025-07-02 01:00:00+00:00
[2025-07-06T04:42:17.557+0000] {logging_mixin.py:190} INFO - [2025-07-06T04:42:17.556+0000] {dag.py:4180} INFO - Setting next_dagrun for consume_1_and_2_with_dataset_expressions to None, run_after=None
[2025-07-06T04:42:17.559+0000] {logging_mixin.py:190} INFO - [2025-07-06T04:42:17.558+0000] {dag.py:4180} INFO - Setting next_dagrun for consume_1_or_2_with_dataset_expressions to None, run_after=None
[2025-07-06T04:42:17.561+0000] {logging_mixin.py:190} INFO - [2025-07-06T04:42:17.561+0000] {dag.py:4180} INFO - Setting next_dagrun for consume_1_or_both_2_and_3_with_dataset_expressions to None, run_after=None
[2025-07-06T04:42:17.562+0000] {logging_mixin.py:190} INFO - [2025-07-06T04:42:17.562+0000] {dag.py:4180} INFO - Setting next_dagrun for dataset_consumes_1 to None, run_after=None
[2025-07-06T04:42:17.567+0000] {logging_mixin.py:190} INFO - [2025-07-06T04:42:17.566+0000] {dag.py:4180} INFO - Setting next_dagrun for dataset_consumes_1_and_2 to None, run_after=None
[2025-07-06T04:42:17.569+0000] {logging_mixin.py:190} INFO - [2025-07-06T04:42:17.569+0000] {dag.py:4180} INFO - Setting next_dagrun for dataset_consumes_1_never_scheduled to None, run_after=None
[2025-07-06T04:42:17.571+0000] {logging_mixin.py:190} INFO - [2025-07-06T04:42:17.571+0000] {dag.py:4180} INFO - Setting next_dagrun for dataset_consumes_unknown_never_scheduled to None, run_after=None
[2025-07-06T04:42:17.573+0000] {logging_mixin.py:190} INFO - [2025-07-06T04:42:17.573+0000] {dag.py:4180} INFO - Setting next_dagrun for dataset_produces_1 to 2025-07-05 00:00:00+00:00, run_after=2025-07-06 00:00:00+00:00
[2025-07-06T04:42:17.574+0000] {logging_mixin.py:190} INFO - [2025-07-06T04:42:17.574+0000] {dag.py:4180} INFO - Setting next_dagrun for dataset_produces_2 to None, run_after=None
[2025-07-06T04:42:17.604+0000] {processor.py:208} INFO - Processing /home/airflow/.local/lib/python3.12/site-packages/airflow/example_dags/example_datasets.py took 0.862 seconds
[2025-07-06T04:42:48.420+0000] {processor.py:186} INFO - Started process (PID=1183) to work on /home/airflow/.local/lib/python3.12/site-packages/airflow/example_dags/example_datasets.py
[2025-07-06T04:42:48.422+0000] {processor.py:914} INFO - Processing file /home/airflow/.local/lib/python3.12/site-packages/airflow/example_dags/example_datasets.py for tasks to queue
[2025-07-06T04:42:48.425+0000] {logging_mixin.py:190} INFO - [2025-07-06T04:42:48.424+0000] {dagbag.py:588} INFO - Filling up the DagBag from /home/airflow/.local/lib/python3.12/site-packages/airflow/example_dags/example_datasets.py
[2025-07-06T04:42:49.053+0000] {processor.py:925} INFO - DAG(s) 'dataset_consumes_unknown_never_scheduled', 'dataset_produces_2', 'consume_1_and_2_with_dataset_expressions', 'consume_1_or_2_with_dataset_expressions', 'consume_1_or_both_2_and_3_with_dataset_expressions', 'dataset_consumes_1_never_scheduled', 'dataset_produces_1', 'conditional_dataset_and_time_based_timetable', 'dataset_consumes_1_and_2', 'dataset_consumes_1' retrieved from /home/airflow/.local/lib/python3.12/site-packages/airflow/example_dags/example_datasets.py
[2025-07-06T04:42:49.090+0000] {logging_mixin.py:190} INFO - [2025-07-06T04:42:49.090+0000] {dag.py:3239} INFO - Sync 10 DAGs
[2025-07-06T04:42:49.115+0000] {logging_mixin.py:190} INFO - [2025-07-06T04:42:49.114+0000] {dag.py:4180} INFO - Setting next_dagrun for conditional_dataset_and_time_based_timetable to 2025-07-02 01:00:00+00:00, run_after=2025-07-02 01:00:00+00:00
[2025-07-06T04:42:49.118+0000] {logging_mixin.py:190} INFO - [2025-07-06T04:42:49.118+0000] {dag.py:4180} INFO - Setting next_dagrun for consume_1_and_2_with_dataset_expressions to None, run_after=None
[2025-07-06T04:42:49.120+0000] {logging_mixin.py:190} INFO - [2025-07-06T04:42:49.119+0000] {dag.py:4180} INFO - Setting next_dagrun for consume_1_or_2_with_dataset_expressions to None, run_after=None
[2025-07-06T04:42:49.121+0000] {logging_mixin.py:190} INFO - [2025-07-06T04:42:49.120+0000] {dag.py:4180} INFO - Setting next_dagrun for consume_1_or_both_2_and_3_with_dataset_expressions to None, run_after=None
[2025-07-06T04:42:49.121+0000] {logging_mixin.py:190} INFO - [2025-07-06T04:42:49.121+0000] {dag.py:4180} INFO - Setting next_dagrun for dataset_consumes_1 to None, run_after=None
[2025-07-06T04:42:49.122+0000] {logging_mixin.py:190} INFO - [2025-07-06T04:42:49.122+0000] {dag.py:4180} INFO - Setting next_dagrun for dataset_consumes_1_and_2 to None, run_after=None
[2025-07-06T04:42:49.123+0000] {logging_mixin.py:190} INFO - [2025-07-06T04:42:49.123+0000] {dag.py:4180} INFO - Setting next_dagrun for dataset_consumes_1_never_scheduled to None, run_after=None
[2025-07-06T04:42:49.124+0000] {logging_mixin.py:190} INFO - [2025-07-06T04:42:49.124+0000] {dag.py:4180} INFO - Setting next_dagrun for dataset_consumes_unknown_never_scheduled to None, run_after=None
[2025-07-06T04:42:49.126+0000] {logging_mixin.py:190} INFO - [2025-07-06T04:42:49.126+0000] {dag.py:4180} INFO - Setting next_dagrun for dataset_produces_1 to 2025-07-05 00:00:00+00:00, run_after=2025-07-06 00:00:00+00:00
[2025-07-06T04:42:49.127+0000] {logging_mixin.py:190} INFO - [2025-07-06T04:42:49.127+0000] {dag.py:4180} INFO - Setting next_dagrun for dataset_produces_2 to None, run_after=None
[2025-07-06T04:42:49.155+0000] {processor.py:208} INFO - Processing /home/airflow/.local/lib/python3.12/site-packages/airflow/example_dags/example_datasets.py took 0.743 seconds
[2025-07-06T04:43:19.612+0000] {processor.py:186} INFO - Started process (PID=1247) to work on /home/airflow/.local/lib/python3.12/site-packages/airflow/example_dags/example_datasets.py
[2025-07-06T04:43:19.613+0000] {processor.py:914} INFO - Processing file /home/airflow/.local/lib/python3.12/site-packages/airflow/example_dags/example_datasets.py for tasks to queue
[2025-07-06T04:43:19.614+0000] {logging_mixin.py:190} INFO - [2025-07-06T04:43:19.614+0000] {dagbag.py:588} INFO - Filling up the DagBag from /home/airflow/.local/lib/python3.12/site-packages/airflow/example_dags/example_datasets.py
[2025-07-06T04:43:20.210+0000] {processor.py:925} INFO - DAG(s) 'dataset_consumes_1', 'dataset_consumes_1_never_scheduled', 'consume_1_or_both_2_and_3_with_dataset_expressions', 'conditional_dataset_and_time_based_timetable', 'dataset_consumes_1_and_2', 'dataset_produces_2', 'dataset_produces_1', 'consume_1_or_2_with_dataset_expressions', 'consume_1_and_2_with_dataset_expressions', 'dataset_consumes_unknown_never_scheduled' retrieved from /home/airflow/.local/lib/python3.12/site-packages/airflow/example_dags/example_datasets.py
[2025-07-06T04:43:20.248+0000] {logging_mixin.py:190} INFO - [2025-07-06T04:43:20.247+0000] {dag.py:3239} INFO - Sync 10 DAGs
[2025-07-06T04:43:20.278+0000] {logging_mixin.py:190} INFO - [2025-07-06T04:43:20.278+0000] {dag.py:4180} INFO - Setting next_dagrun for conditional_dataset_and_time_based_timetable to 2025-07-02 01:00:00+00:00, run_after=2025-07-02 01:00:00+00:00
[2025-07-06T04:43:20.282+0000] {logging_mixin.py:190} INFO - [2025-07-06T04:43:20.282+0000] {dag.py:4180} INFO - Setting next_dagrun for consume_1_and_2_with_dataset_expressions to None, run_after=None
[2025-07-06T04:43:20.283+0000] {logging_mixin.py:190} INFO - [2025-07-06T04:43:20.283+0000] {dag.py:4180} INFO - Setting next_dagrun for consume_1_or_2_with_dataset_expressions to None, run_after=None
[2025-07-06T04:43:20.284+0000] {logging_mixin.py:190} INFO - [2025-07-06T04:43:20.284+0000] {dag.py:4180} INFO - Setting next_dagrun for consume_1_or_both_2_and_3_with_dataset_expressions to None, run_after=None
[2025-07-06T04:43:20.285+0000] {logging_mixin.py:190} INFO - [2025-07-06T04:43:20.285+0000] {dag.py:4180} INFO - Setting next_dagrun for dataset_consumes_1 to None, run_after=None
[2025-07-06T04:43:20.286+0000] {logging_mixin.py:190} INFO - [2025-07-06T04:43:20.286+0000] {dag.py:4180} INFO - Setting next_dagrun for dataset_consumes_1_and_2 to None, run_after=None
[2025-07-06T04:43:20.287+0000] {logging_mixin.py:190} INFO - [2025-07-06T04:43:20.287+0000] {dag.py:4180} INFO - Setting next_dagrun for dataset_consumes_1_never_scheduled to None, run_after=None
[2025-07-06T04:43:20.288+0000] {logging_mixin.py:190} INFO - [2025-07-06T04:43:20.288+0000] {dag.py:4180} INFO - Setting next_dagrun for dataset_consumes_unknown_never_scheduled to None, run_after=None
[2025-07-06T04:43:20.290+0000] {logging_mixin.py:190} INFO - [2025-07-06T04:43:20.290+0000] {dag.py:4180} INFO - Setting next_dagrun for dataset_produces_1 to 2025-07-05 00:00:00+00:00, run_after=2025-07-06 00:00:00+00:00
[2025-07-06T04:43:20.291+0000] {logging_mixin.py:190} INFO - [2025-07-06T04:43:20.291+0000] {dag.py:4180} INFO - Setting next_dagrun for dataset_produces_2 to None, run_after=None
[2025-07-06T04:43:20.323+0000] {processor.py:208} INFO - Processing /home/airflow/.local/lib/python3.12/site-packages/airflow/example_dags/example_datasets.py took 0.717 seconds
