[2025-07-06T04:33:50.200+0000] {processor.py:186} INFO - Started process (PID=89) to work on /home/airflow/.local/lib/python3.12/site-packages/airflow/example_dags/example_short_circuit_operator.py
[2025-07-06T04:33:50.205+0000] {processor.py:914} INFO - Processing file /home/airflow/.local/lib/python3.12/site-packages/airflow/example_dags/example_short_circuit_operator.py for tasks to queue
[2025-07-06T04:33:50.218+0000] {logging_mixin.py:190} INFO - [2025-07-06T04:33:50.214+0000] {dagbag.py:588} INFO - Filling up the DagBag from /home/airflow/.local/lib/python3.12/site-packages/airflow/example_dags/example_short_circuit_operator.py
[2025-07-06T04:33:50.333+0000] {processor.py:925} INFO - DAG(s) 'example_short_circuit_operator' retrieved from /home/airflow/.local/lib/python3.12/site-packages/airflow/example_dags/example_short_circuit_operator.py
[2025-07-06T04:33:50.961+0000] {logging_mixin.py:190} INFO - [2025-07-06T04:33:50.957+0000] {override.py:1911} INFO - Created Permission View: can delete on DAG:example_short_circuit_operator
[2025-07-06T04:33:51.043+0000] {logging_mixin.py:190} INFO - [2025-07-06T04:33:51.042+0000] {override.py:1911} INFO - Created Permission View: can edit on DAG:example_short_circuit_operator
[2025-07-06T04:33:51.083+0000] {logging_mixin.py:190} INFO - [2025-07-06T04:33:51.080+0000] {override.py:1911} INFO - Created Permission View: can read on DAG:example_short_circuit_operator
[2025-07-06T04:33:51.131+0000] {logging_mixin.py:190} INFO - [2025-07-06T04:33:51.131+0000] {override.py:1911} INFO - Created Permission View: can delete on DAG Run:example_short_circuit_operator
[2025-07-06T04:33:51.178+0000] {logging_mixin.py:190} INFO - [2025-07-06T04:33:51.177+0000] {override.py:1911} INFO - Created Permission View: menu access on DAG Run:example_short_circuit_operator
[2025-07-06T04:33:51.229+0000] {logging_mixin.py:190} INFO - [2025-07-06T04:33:51.226+0000] {override.py:1911} INFO - Created Permission View: can create on DAG Run:example_short_circuit_operator
[2025-07-06T04:33:51.264+0000] {logging_mixin.py:190} INFO - [2025-07-06T04:33:51.264+0000] {override.py:1911} INFO - Created Permission View: can read on DAG Run:example_short_circuit_operator
[2025-07-06T04:33:51.265+0000] {logging_mixin.py:190} INFO - [2025-07-06T04:33:51.264+0000] {dag.py:3239} INFO - Sync 1 DAGs
[2025-07-06T04:33:51.400+0000] {logging_mixin.py:190} INFO - [2025-07-06T04:33:51.399+0000] {dag.py:3262} INFO - Creating ORM DAG for example_short_circuit_operator
[2025-07-06T04:33:51.404+0000] {logging_mixin.py:190} INFO - [2025-07-06T04:33:51.403+0000] {dag.py:4180} INFO - Setting next_dagrun for example_short_circuit_operator to None, run_after=None
[2025-07-06T04:33:51.444+0000] {processor.py:208} INFO - Processing /home/airflow/.local/lib/python3.12/site-packages/airflow/example_dags/example_short_circuit_operator.py took 1.268 seconds
[2025-07-06T04:34:23.297+0000] {processor.py:186} INFO - Started process (PID=152) to work on /home/airflow/.local/lib/python3.12/site-packages/airflow/example_dags/example_short_circuit_operator.py
[2025-07-06T04:34:23.298+0000] {processor.py:914} INFO - Processing file /home/airflow/.local/lib/python3.12/site-packages/airflow/example_dags/example_short_circuit_operator.py for tasks to queue
[2025-07-06T04:34:23.300+0000] {logging_mixin.py:190} INFO - [2025-07-06T04:34:23.300+0000] {dagbag.py:588} INFO - Filling up the DagBag from /home/airflow/.local/lib/python3.12/site-packages/airflow/example_dags/example_short_circuit_operator.py
[2025-07-06T04:34:23.312+0000] {processor.py:925} INFO - DAG(s) 'example_short_circuit_operator' retrieved from /home/airflow/.local/lib/python3.12/site-packages/airflow/example_dags/example_short_circuit_operator.py
[2025-07-06T04:34:23.340+0000] {logging_mixin.py:190} INFO - [2025-07-06T04:34:23.339+0000] {dag.py:3239} INFO - Sync 1 DAGs
[2025-07-06T04:34:23.356+0000] {logging_mixin.py:190} INFO - [2025-07-06T04:34:23.356+0000] {dag.py:4180} INFO - Setting next_dagrun for example_short_circuit_operator to None, run_after=None
[2025-07-06T04:34:23.376+0000] {processor.py:208} INFO - Processing /home/airflow/.local/lib/python3.12/site-packages/airflow/example_dags/example_short_circuit_operator.py took 0.085 seconds
[2025-07-06T04:34:53.989+0000] {processor.py:186} INFO - Started process (PID=215) to work on /home/airflow/.local/lib/python3.12/site-packages/airflow/example_dags/example_short_circuit_operator.py
[2025-07-06T04:34:53.990+0000] {processor.py:914} INFO - Processing file /home/airflow/.local/lib/python3.12/site-packages/airflow/example_dags/example_short_circuit_operator.py for tasks to queue
[2025-07-06T04:34:53.993+0000] {logging_mixin.py:190} INFO - [2025-07-06T04:34:53.992+0000] {dagbag.py:588} INFO - Filling up the DagBag from /home/airflow/.local/lib/python3.12/site-packages/airflow/example_dags/example_short_circuit_operator.py
[2025-07-06T04:34:54.002+0000] {processor.py:925} INFO - DAG(s) 'example_short_circuit_operator' retrieved from /home/airflow/.local/lib/python3.12/site-packages/airflow/example_dags/example_short_circuit_operator.py
[2025-07-06T04:34:54.037+0000] {logging_mixin.py:190} INFO - [2025-07-06T04:34:54.037+0000] {dag.py:3239} INFO - Sync 1 DAGs
[2025-07-06T04:34:54.058+0000] {logging_mixin.py:190} INFO - [2025-07-06T04:34:54.058+0000] {dag.py:4180} INFO - Setting next_dagrun for example_short_circuit_operator to None, run_after=None
[2025-07-06T04:34:54.078+0000] {processor.py:208} INFO - Processing /home/airflow/.local/lib/python3.12/site-packages/airflow/example_dags/example_short_circuit_operator.py took 0.096 seconds
[2025-07-06T04:35:25.003+0000] {processor.py:186} INFO - Started process (PID=277) to work on /home/airflow/.local/lib/python3.12/site-packages/airflow/example_dags/example_short_circuit_operator.py
[2025-07-06T04:35:25.004+0000] {processor.py:914} INFO - Processing file /home/airflow/.local/lib/python3.12/site-packages/airflow/example_dags/example_short_circuit_operator.py for tasks to queue
[2025-07-06T04:35:25.006+0000] {logging_mixin.py:190} INFO - [2025-07-06T04:35:25.006+0000] {dagbag.py:588} INFO - Filling up the DagBag from /home/airflow/.local/lib/python3.12/site-packages/airflow/example_dags/example_short_circuit_operator.py
[2025-07-06T04:35:25.017+0000] {processor.py:925} INFO - DAG(s) 'example_short_circuit_operator' retrieved from /home/airflow/.local/lib/python3.12/site-packages/airflow/example_dags/example_short_circuit_operator.py
[2025-07-06T04:35:25.046+0000] {logging_mixin.py:190} INFO - [2025-07-06T04:35:25.046+0000] {dag.py:3239} INFO - Sync 1 DAGs
[2025-07-06T04:35:25.065+0000] {logging_mixin.py:190} INFO - [2025-07-06T04:35:25.065+0000] {dag.py:4180} INFO - Setting next_dagrun for example_short_circuit_operator to None, run_after=None
[2025-07-06T04:35:25.086+0000] {processor.py:208} INFO - Processing /home/airflow/.local/lib/python3.12/site-packages/airflow/example_dags/example_short_circuit_operator.py took 0.090 seconds
[2025-07-06T04:35:58.912+0000] {processor.py:186} INFO - Started process (PID=328) to work on /home/airflow/.local/lib/python3.12/site-packages/airflow/example_dags/example_short_circuit_operator.py
[2025-07-06T04:35:58.915+0000] {processor.py:914} INFO - Processing file /home/airflow/.local/lib/python3.12/site-packages/airflow/example_dags/example_short_circuit_operator.py for tasks to queue
[2025-07-06T04:35:58.922+0000] {logging_mixin.py:190} INFO - [2025-07-06T04:35:58.921+0000] {dagbag.py:588} INFO - Filling up the DagBag from /home/airflow/.local/lib/python3.12/site-packages/airflow/example_dags/example_short_circuit_operator.py
[2025-07-06T04:35:58.956+0000] {processor.py:925} INFO - DAG(s) 'example_short_circuit_operator' retrieved from /home/airflow/.local/lib/python3.12/site-packages/airflow/example_dags/example_short_circuit_operator.py
[2025-07-06T04:35:59.056+0000] {logging_mixin.py:190} INFO - [2025-07-06T04:35:59.056+0000] {dag.py:3239} INFO - Sync 1 DAGs
[2025-07-06T04:35:59.111+0000] {logging_mixin.py:190} INFO - [2025-07-06T04:35:59.110+0000] {dag.py:4180} INFO - Setting next_dagrun for example_short_circuit_operator to None, run_after=None
[2025-07-06T04:35:59.192+0000] {processor.py:208} INFO - Processing /home/airflow/.local/lib/python3.12/site-packages/airflow/example_dags/example_short_circuit_operator.py took 0.296 seconds
[2025-07-06T04:36:30.158+0000] {processor.py:186} INFO - Started process (PID=391) to work on /home/airflow/.local/lib/python3.12/site-packages/airflow/example_dags/example_short_circuit_operator.py
[2025-07-06T04:36:30.159+0000] {processor.py:914} INFO - Processing file /home/airflow/.local/lib/python3.12/site-packages/airflow/example_dags/example_short_circuit_operator.py for tasks to queue
[2025-07-06T04:36:30.167+0000] {logging_mixin.py:190} INFO - [2025-07-06T04:36:30.165+0000] {dagbag.py:588} INFO - Filling up the DagBag from /home/airflow/.local/lib/python3.12/site-packages/airflow/example_dags/example_short_circuit_operator.py
[2025-07-06T04:36:30.207+0000] {processor.py:925} INFO - DAG(s) 'example_short_circuit_operator' retrieved from /home/airflow/.local/lib/python3.12/site-packages/airflow/example_dags/example_short_circuit_operator.py
[2025-07-06T04:36:30.364+0000] {logging_mixin.py:190} INFO - [2025-07-06T04:36:30.363+0000] {dag.py:3239} INFO - Sync 1 DAGs
[2025-07-06T04:36:30.429+0000] {logging_mixin.py:190} INFO - [2025-07-06T04:36:30.428+0000] {dag.py:4180} INFO - Setting next_dagrun for example_short_circuit_operator to None, run_after=None
[2025-07-06T04:36:30.610+0000] {processor.py:208} INFO - Processing /home/airflow/.local/lib/python3.12/site-packages/airflow/example_dags/example_short_circuit_operator.py took 0.471 seconds
[2025-07-06T04:37:01.392+0000] {processor.py:186} INFO - Started process (PID=454) to work on /home/airflow/.local/lib/python3.12/site-packages/airflow/example_dags/example_short_circuit_operator.py
[2025-07-06T04:37:01.393+0000] {processor.py:914} INFO - Processing file /home/airflow/.local/lib/python3.12/site-packages/airflow/example_dags/example_short_circuit_operator.py for tasks to queue
[2025-07-06T04:37:01.395+0000] {logging_mixin.py:190} INFO - [2025-07-06T04:37:01.395+0000] {dagbag.py:588} INFO - Filling up the DagBag from /home/airflow/.local/lib/python3.12/site-packages/airflow/example_dags/example_short_circuit_operator.py
[2025-07-06T04:37:01.405+0000] {processor.py:925} INFO - DAG(s) 'example_short_circuit_operator' retrieved from /home/airflow/.local/lib/python3.12/site-packages/airflow/example_dags/example_short_circuit_operator.py
[2025-07-06T04:37:01.434+0000] {logging_mixin.py:190} INFO - [2025-07-06T04:37:01.434+0000] {dag.py:3239} INFO - Sync 1 DAGs
[2025-07-06T04:37:01.452+0000] {logging_mixin.py:190} INFO - [2025-07-06T04:37:01.452+0000] {dag.py:4180} INFO - Setting next_dagrun for example_short_circuit_operator to None, run_after=None
[2025-07-06T04:37:01.479+0000] {processor.py:208} INFO - Processing /home/airflow/.local/lib/python3.12/site-packages/airflow/example_dags/example_short_circuit_operator.py took 0.093 seconds
[2025-07-06T04:37:31.855+0000] {processor.py:186} INFO - Started process (PID=517) to work on /home/airflow/.local/lib/python3.12/site-packages/airflow/example_dags/example_short_circuit_operator.py
[2025-07-06T04:37:31.856+0000] {processor.py:914} INFO - Processing file /home/airflow/.local/lib/python3.12/site-packages/airflow/example_dags/example_short_circuit_operator.py for tasks to queue
[2025-07-06T04:37:31.858+0000] {logging_mixin.py:190} INFO - [2025-07-06T04:37:31.858+0000] {dagbag.py:588} INFO - Filling up the DagBag from /home/airflow/.local/lib/python3.12/site-packages/airflow/example_dags/example_short_circuit_operator.py
[2025-07-06T04:37:31.868+0000] {processor.py:925} INFO - DAG(s) 'example_short_circuit_operator' retrieved from /home/airflow/.local/lib/python3.12/site-packages/airflow/example_dags/example_short_circuit_operator.py
[2025-07-06T04:37:31.898+0000] {logging_mixin.py:190} INFO - [2025-07-06T04:37:31.898+0000] {dag.py:3239} INFO - Sync 1 DAGs
[2025-07-06T04:37:31.917+0000] {logging_mixin.py:190} INFO - [2025-07-06T04:37:31.916+0000] {dag.py:4180} INFO - Setting next_dagrun for example_short_circuit_operator to None, run_after=None
[2025-07-06T04:37:31.938+0000] {processor.py:208} INFO - Processing /home/airflow/.local/lib/python3.12/site-packages/airflow/example_dags/example_short_circuit_operator.py took 0.089 seconds
[2025-07-06T04:38:02.393+0000] {processor.py:186} INFO - Started process (PID=579) to work on /home/airflow/.local/lib/python3.12/site-packages/airflow/example_dags/example_short_circuit_operator.py
[2025-07-06T04:38:02.395+0000] {processor.py:914} INFO - Processing file /home/airflow/.local/lib/python3.12/site-packages/airflow/example_dags/example_short_circuit_operator.py for tasks to queue
[2025-07-06T04:38:02.416+0000] {logging_mixin.py:190} INFO - [2025-07-06T04:38:02.413+0000] {dagbag.py:588} INFO - Filling up the DagBag from /home/airflow/.local/lib/python3.12/site-packages/airflow/example_dags/example_short_circuit_operator.py
[2025-07-06T04:38:02.428+0000] {processor.py:925} INFO - DAG(s) 'example_short_circuit_operator' retrieved from /home/airflow/.local/lib/python3.12/site-packages/airflow/example_dags/example_short_circuit_operator.py
[2025-07-06T04:38:02.458+0000] {logging_mixin.py:190} INFO - [2025-07-06T04:38:02.457+0000] {dag.py:3239} INFO - Sync 1 DAGs
[2025-07-06T04:38:02.476+0000] {logging_mixin.py:190} INFO - [2025-07-06T04:38:02.476+0000] {dag.py:4180} INFO - Setting next_dagrun for example_short_circuit_operator to None, run_after=None
[2025-07-06T04:38:02.505+0000] {processor.py:208} INFO - Processing /home/airflow/.local/lib/python3.12/site-packages/airflow/example_dags/example_short_circuit_operator.py took 0.124 seconds
[2025-07-06T04:38:32.674+0000] {processor.py:186} INFO - Started process (PID=642) to work on /home/airflow/.local/lib/python3.12/site-packages/airflow/example_dags/example_short_circuit_operator.py
[2025-07-06T04:38:32.675+0000] {processor.py:914} INFO - Processing file /home/airflow/.local/lib/python3.12/site-packages/airflow/example_dags/example_short_circuit_operator.py for tasks to queue
[2025-07-06T04:38:32.677+0000] {logging_mixin.py:190} INFO - [2025-07-06T04:38:32.677+0000] {dagbag.py:588} INFO - Filling up the DagBag from /home/airflow/.local/lib/python3.12/site-packages/airflow/example_dags/example_short_circuit_operator.py
[2025-07-06T04:38:32.687+0000] {processor.py:925} INFO - DAG(s) 'example_short_circuit_operator' retrieved from /home/airflow/.local/lib/python3.12/site-packages/airflow/example_dags/example_short_circuit_operator.py
[2025-07-06T04:38:32.716+0000] {logging_mixin.py:190} INFO - [2025-07-06T04:38:32.716+0000] {dag.py:3239} INFO - Sync 1 DAGs
[2025-07-06T04:38:32.735+0000] {logging_mixin.py:190} INFO - [2025-07-06T04:38:32.735+0000] {dag.py:4180} INFO - Setting next_dagrun for example_short_circuit_operator to None, run_after=None
[2025-07-06T04:38:32.756+0000] {processor.py:208} INFO - Processing /home/airflow/.local/lib/python3.12/site-packages/airflow/example_dags/example_short_circuit_operator.py took 0.088 seconds
[2025-07-06T04:39:02.829+0000] {processor.py:186} INFO - Started process (PID=706) to work on /home/airflow/.local/lib/python3.12/site-packages/airflow/example_dags/example_short_circuit_operator.py
[2025-07-06T04:39:02.830+0000] {processor.py:914} INFO - Processing file /home/airflow/.local/lib/python3.12/site-packages/airflow/example_dags/example_short_circuit_operator.py for tasks to queue
[2025-07-06T04:39:02.832+0000] {logging_mixin.py:190} INFO - [2025-07-06T04:39:02.831+0000] {dagbag.py:588} INFO - Filling up the DagBag from /home/airflow/.local/lib/python3.12/site-packages/airflow/example_dags/example_short_circuit_operator.py
[2025-07-06T04:39:02.843+0000] {processor.py:925} INFO - DAG(s) 'example_short_circuit_operator' retrieved from /home/airflow/.local/lib/python3.12/site-packages/airflow/example_dags/example_short_circuit_operator.py
[2025-07-06T04:39:02.872+0000] {logging_mixin.py:190} INFO - [2025-07-06T04:39:02.871+0000] {dag.py:3239} INFO - Sync 1 DAGs
[2025-07-06T04:39:02.891+0000] {logging_mixin.py:190} INFO - [2025-07-06T04:39:02.890+0000] {dag.py:4180} INFO - Setting next_dagrun for example_short_circuit_operator to None, run_after=None
[2025-07-06T04:39:02.911+0000] {processor.py:208} INFO - Processing /home/airflow/.local/lib/python3.12/site-packages/airflow/example_dags/example_short_circuit_operator.py took 0.088 seconds
[2025-07-06T04:39:33.580+0000] {processor.py:186} INFO - Started process (PID=770) to work on /home/airflow/.local/lib/python3.12/site-packages/airflow/example_dags/example_short_circuit_operator.py
[2025-07-06T04:39:33.583+0000] {processor.py:914} INFO - Processing file /home/airflow/.local/lib/python3.12/site-packages/airflow/example_dags/example_short_circuit_operator.py for tasks to queue
[2025-07-06T04:39:33.590+0000] {logging_mixin.py:190} INFO - [2025-07-06T04:39:33.590+0000] {dagbag.py:588} INFO - Filling up the DagBag from /home/airflow/.local/lib/python3.12/site-packages/airflow/example_dags/example_short_circuit_operator.py
[2025-07-06T04:39:33.633+0000] {processor.py:925} INFO - DAG(s) 'example_short_circuit_operator' retrieved from /home/airflow/.local/lib/python3.12/site-packages/airflow/example_dags/example_short_circuit_operator.py
[2025-07-06T04:39:33.692+0000] {logging_mixin.py:190} INFO - [2025-07-06T04:39:33.692+0000] {dag.py:3239} INFO - Sync 1 DAGs
[2025-07-06T04:39:33.715+0000] {logging_mixin.py:190} INFO - [2025-07-06T04:39:33.715+0000] {dag.py:4180} INFO - Setting next_dagrun for example_short_circuit_operator to None, run_after=None
[2025-07-06T04:39:33.735+0000] {processor.py:208} INFO - Processing /home/airflow/.local/lib/python3.12/site-packages/airflow/example_dags/example_short_circuit_operator.py took 0.175 seconds
[2025-07-06T04:40:04.675+0000] {processor.py:186} INFO - Started process (PID=834) to work on /home/airflow/.local/lib/python3.12/site-packages/airflow/example_dags/example_short_circuit_operator.py
[2025-07-06T04:40:04.676+0000] {processor.py:914} INFO - Processing file /home/airflow/.local/lib/python3.12/site-packages/airflow/example_dags/example_short_circuit_operator.py for tasks to queue
[2025-07-06T04:40:04.680+0000] {logging_mixin.py:190} INFO - [2025-07-06T04:40:04.680+0000] {dagbag.py:588} INFO - Filling up the DagBag from /home/airflow/.local/lib/python3.12/site-packages/airflow/example_dags/example_short_circuit_operator.py
[2025-07-06T04:40:04.700+0000] {processor.py:925} INFO - DAG(s) 'example_short_circuit_operator' retrieved from /home/airflow/.local/lib/python3.12/site-packages/airflow/example_dags/example_short_circuit_operator.py
[2025-07-06T04:40:04.760+0000] {logging_mixin.py:190} INFO - [2025-07-06T04:40:04.759+0000] {dag.py:3239} INFO - Sync 1 DAGs
[2025-07-06T04:40:04.796+0000] {logging_mixin.py:190} INFO - [2025-07-06T04:40:04.794+0000] {dag.py:4180} INFO - Setting next_dagrun for example_short_circuit_operator to None, run_after=None
[2025-07-06T04:40:04.880+0000] {processor.py:208} INFO - Processing /home/airflow/.local/lib/python3.12/site-packages/airflow/example_dags/example_short_circuit_operator.py took 0.217 seconds
[2025-07-06T04:40:34.939+0000] {processor.py:186} INFO - Started process (PID=898) to work on /home/airflow/.local/lib/python3.12/site-packages/airflow/example_dags/example_short_circuit_operator.py
[2025-07-06T04:40:34.940+0000] {processor.py:914} INFO - Processing file /home/airflow/.local/lib/python3.12/site-packages/airflow/example_dags/example_short_circuit_operator.py for tasks to queue
[2025-07-06T04:40:34.941+0000] {logging_mixin.py:190} INFO - [2025-07-06T04:40:34.941+0000] {dagbag.py:588} INFO - Filling up the DagBag from /home/airflow/.local/lib/python3.12/site-packages/airflow/example_dags/example_short_circuit_operator.py
[2025-07-06T04:40:34.949+0000] {processor.py:925} INFO - DAG(s) 'example_short_circuit_operator' retrieved from /home/airflow/.local/lib/python3.12/site-packages/airflow/example_dags/example_short_circuit_operator.py
[2025-07-06T04:40:34.969+0000] {logging_mixin.py:190} INFO - [2025-07-06T04:40:34.969+0000] {dag.py:3239} INFO - Sync 1 DAGs
[2025-07-06T04:40:34.982+0000] {logging_mixin.py:190} INFO - [2025-07-06T04:40:34.982+0000] {dag.py:4180} INFO - Setting next_dagrun for example_short_circuit_operator to None, run_after=None
[2025-07-06T04:40:34.998+0000] {processor.py:208} INFO - Processing /home/airflow/.local/lib/python3.12/site-packages/airflow/example_dags/example_short_circuit_operator.py took 0.064 seconds
[2025-07-06T04:41:05.853+0000] {processor.py:186} INFO - Started process (PID=961) to work on /home/airflow/.local/lib/python3.12/site-packages/airflow/example_dags/example_short_circuit_operator.py
[2025-07-06T04:41:05.854+0000] {processor.py:914} INFO - Processing file /home/airflow/.local/lib/python3.12/site-packages/airflow/example_dags/example_short_circuit_operator.py for tasks to queue
[2025-07-06T04:41:05.856+0000] {logging_mixin.py:190} INFO - [2025-07-06T04:41:05.856+0000] {dagbag.py:588} INFO - Filling up the DagBag from /home/airflow/.local/lib/python3.12/site-packages/airflow/example_dags/example_short_circuit_operator.py
[2025-07-06T04:41:05.866+0000] {processor.py:925} INFO - DAG(s) 'example_short_circuit_operator' retrieved from /home/airflow/.local/lib/python3.12/site-packages/airflow/example_dags/example_short_circuit_operator.py
[2025-07-06T04:41:05.901+0000] {logging_mixin.py:190} INFO - [2025-07-06T04:41:05.901+0000] {dag.py:3239} INFO - Sync 1 DAGs
[2025-07-06T04:41:05.915+0000] {logging_mixin.py:190} INFO - [2025-07-06T04:41:05.914+0000] {dag.py:4180} INFO - Setting next_dagrun for example_short_circuit_operator to None, run_after=None
[2025-07-06T04:41:05.930+0000] {processor.py:208} INFO - Processing /home/airflow/.local/lib/python3.12/site-packages/airflow/example_dags/example_short_circuit_operator.py took 0.084 seconds
[2025-07-06T04:41:36.004+0000] {processor.py:186} INFO - Started process (PID=1025) to work on /home/airflow/.local/lib/python3.12/site-packages/airflow/example_dags/example_short_circuit_operator.py
[2025-07-06T04:41:36.005+0000] {processor.py:914} INFO - Processing file /home/airflow/.local/lib/python3.12/site-packages/airflow/example_dags/example_short_circuit_operator.py for tasks to queue
[2025-07-06T04:41:36.006+0000] {logging_mixin.py:190} INFO - [2025-07-06T04:41:36.006+0000] {dagbag.py:588} INFO - Filling up the DagBag from /home/airflow/.local/lib/python3.12/site-packages/airflow/example_dags/example_short_circuit_operator.py
[2025-07-06T04:41:36.014+0000] {processor.py:925} INFO - DAG(s) 'example_short_circuit_operator' retrieved from /home/airflow/.local/lib/python3.12/site-packages/airflow/example_dags/example_short_circuit_operator.py
[2025-07-06T04:41:36.034+0000] {logging_mixin.py:190} INFO - [2025-07-06T04:41:36.034+0000] {dag.py:3239} INFO - Sync 1 DAGs
[2025-07-06T04:41:36.047+0000] {logging_mixin.py:190} INFO - [2025-07-06T04:41:36.046+0000] {dag.py:4180} INFO - Setting next_dagrun for example_short_circuit_operator to None, run_after=None
[2025-07-06T04:41:36.062+0000] {processor.py:208} INFO - Processing /home/airflow/.local/lib/python3.12/site-packages/airflow/example_dags/example_short_circuit_operator.py took 0.063 seconds
[2025-07-06T04:42:06.686+0000] {processor.py:186} INFO - Started process (PID=1089) to work on /home/airflow/.local/lib/python3.12/site-packages/airflow/example_dags/example_short_circuit_operator.py
[2025-07-06T04:42:06.687+0000] {processor.py:914} INFO - Processing file /home/airflow/.local/lib/python3.12/site-packages/airflow/example_dags/example_short_circuit_operator.py for tasks to queue
[2025-07-06T04:42:06.689+0000] {logging_mixin.py:190} INFO - [2025-07-06T04:42:06.689+0000] {dagbag.py:588} INFO - Filling up the DagBag from /home/airflow/.local/lib/python3.12/site-packages/airflow/example_dags/example_short_circuit_operator.py
[2025-07-06T04:42:06.698+0000] {processor.py:925} INFO - DAG(s) 'example_short_circuit_operator' retrieved from /home/airflow/.local/lib/python3.12/site-packages/airflow/example_dags/example_short_circuit_operator.py
[2025-07-06T04:42:06.718+0000] {logging_mixin.py:190} INFO - [2025-07-06T04:42:06.717+0000] {dag.py:3239} INFO - Sync 1 DAGs
[2025-07-06T04:42:06.730+0000] {logging_mixin.py:190} INFO - [2025-07-06T04:42:06.730+0000] {dag.py:4180} INFO - Setting next_dagrun for example_short_circuit_operator to None, run_after=None
[2025-07-06T04:42:06.746+0000] {processor.py:208} INFO - Processing /home/airflow/.local/lib/python3.12/site-packages/airflow/example_dags/example_short_circuit_operator.py took 0.066 seconds
[2025-07-06T04:42:37.100+0000] {processor.py:186} INFO - Started process (PID=1152) to work on /home/airflow/.local/lib/python3.12/site-packages/airflow/example_dags/example_short_circuit_operator.py
[2025-07-06T04:42:37.101+0000] {processor.py:914} INFO - Processing file /home/airflow/.local/lib/python3.12/site-packages/airflow/example_dags/example_short_circuit_operator.py for tasks to queue
[2025-07-06T04:42:37.104+0000] {logging_mixin.py:190} INFO - [2025-07-06T04:42:37.104+0000] {dagbag.py:588} INFO - Filling up the DagBag from /home/airflow/.local/lib/python3.12/site-packages/airflow/example_dags/example_short_circuit_operator.py
[2025-07-06T04:42:37.114+0000] {processor.py:925} INFO - DAG(s) 'example_short_circuit_operator' retrieved from /home/airflow/.local/lib/python3.12/site-packages/airflow/example_dags/example_short_circuit_operator.py
[2025-07-06T04:42:37.134+0000] {logging_mixin.py:190} INFO - [2025-07-06T04:42:37.133+0000] {dag.py:3239} INFO - Sync 1 DAGs
[2025-07-06T04:42:37.147+0000] {logging_mixin.py:190} INFO - [2025-07-06T04:42:37.147+0000] {dag.py:4180} INFO - Setting next_dagrun for example_short_circuit_operator to None, run_after=None
[2025-07-06T04:42:37.163+0000] {processor.py:208} INFO - Processing /home/airflow/.local/lib/python3.12/site-packages/airflow/example_dags/example_short_circuit_operator.py took 0.069 seconds
[2025-07-06T04:43:08.136+0000] {processor.py:186} INFO - Started process (PID=1216) to work on /home/airflow/.local/lib/python3.12/site-packages/airflow/example_dags/example_short_circuit_operator.py
[2025-07-06T04:43:08.137+0000] {processor.py:914} INFO - Processing file /home/airflow/.local/lib/python3.12/site-packages/airflow/example_dags/example_short_circuit_operator.py for tasks to queue
[2025-07-06T04:43:08.138+0000] {logging_mixin.py:190} INFO - [2025-07-06T04:43:08.138+0000] {dagbag.py:588} INFO - Filling up the DagBag from /home/airflow/.local/lib/python3.12/site-packages/airflow/example_dags/example_short_circuit_operator.py
[2025-07-06T04:43:08.146+0000] {processor.py:925} INFO - DAG(s) 'example_short_circuit_operator' retrieved from /home/airflow/.local/lib/python3.12/site-packages/airflow/example_dags/example_short_circuit_operator.py
[2025-07-06T04:43:08.166+0000] {logging_mixin.py:190} INFO - [2025-07-06T04:43:08.166+0000] {dag.py:3239} INFO - Sync 1 DAGs
[2025-07-06T04:43:08.179+0000] {logging_mixin.py:190} INFO - [2025-07-06T04:43:08.179+0000] {dag.py:4180} INFO - Setting next_dagrun for example_short_circuit_operator to None, run_after=None
[2025-07-06T04:43:08.199+0000] {processor.py:208} INFO - Processing /home/airflow/.local/lib/python3.12/site-packages/airflow/example_dags/example_short_circuit_operator.py took 0.070 seconds
