[2025-07-06T04:34:20.783+0000] {processor.py:186} INFO - Started process (PID=131) to work on /home/airflow/.local/lib/python3.12/site-packages/airflow/example_dags/example_workday_timetable.py
[2025-07-06T04:34:20.786+0000] {processor.py:914} INFO - Processing file /home/airflow/.local/lib/python3.12/site-packages/airflow/example_dags/example_workday_timetable.py for tasks to queue
[2025-07-06T04:34:20.789+0000] {logging_mixin.py:190} INFO - [2025-07-06T04:34:20.789+0000] {dagbag.py:588} INFO - Filling up the DagBag from /home/airflow/.local/lib/python3.12/site-packages/airflow/example_dags/example_workday_timetable.py
[2025-07-06T04:34:20.797+0000] {processor.py:925} INFO - DAG(s) 'example_workday_timetable' retrieved from /home/airflow/.local/lib/python3.12/site-packages/airflow/example_dags/example_workday_timetable.py
[2025-07-06T04:34:20.925+0000] {logging_mixin.py:190} INFO - [2025-07-06T04:34:20.924+0000] {override.py:1911} INFO - Created Permission View: can delete on DAG:example_workday_timetable
[2025-07-06T04:34:20.935+0000] {logging_mixin.py:190} INFO - [2025-07-06T04:34:20.935+0000] {override.py:1911} INFO - Created Permission View: can edit on DAG:example_workday_timetable
[2025-07-06T04:34:20.941+0000] {logging_mixin.py:190} INFO - [2025-07-06T04:34:20.940+0000] {override.py:1911} INFO - Created Permission View: can read on DAG:example_workday_timetable
[2025-07-06T04:34:20.947+0000] {logging_mixin.py:190} INFO - [2025-07-06T04:34:20.947+0000] {override.py:1911} INFO - Created Permission View: can delete on DAG Run:example_workday_timetable
[2025-07-06T04:34:20.954+0000] {logging_mixin.py:190} INFO - [2025-07-06T04:34:20.953+0000] {override.py:1911} INFO - Created Permission View: menu access on DAG Run:example_workday_timetable
[2025-07-06T04:34:20.962+0000] {logging_mixin.py:190} INFO - [2025-07-06T04:34:20.961+0000] {override.py:1911} INFO - Created Permission View: can create on DAG Run:example_workday_timetable
[2025-07-06T04:34:20.991+0000] {logging_mixin.py:190} INFO - [2025-07-06T04:34:20.990+0000] {override.py:1911} INFO - Created Permission View: can read on DAG Run:example_workday_timetable
[2025-07-06T04:34:20.991+0000] {logging_mixin.py:190} INFO - [2025-07-06T04:34:20.991+0000] {dag.py:3239} INFO - Sync 1 DAGs
[2025-07-06T04:34:21.012+0000] {logging_mixin.py:190} INFO - [2025-07-06T04:34:21.012+0000] {dag.py:3262} INFO - Creating ORM DAG for example_workday_timetable
[2025-07-06T04:34:21.192+0000] {logging_mixin.py:190} INFO - [2025-07-06T04:34:21.191+0000] {dag.py:4180} INFO - Setting next_dagrun for example_workday_timetable to 2021-01-04 00:00:00+00:00, run_after=2021-01-05 00:00:00+00:00
[2025-07-06T04:34:21.213+0000] {processor.py:208} INFO - Processing /home/airflow/.local/lib/python3.12/site-packages/airflow/example_dags/example_workday_timetable.py took 0.439 seconds
[2025-07-06T04:34:51.779+0000] {processor.py:186} INFO - Started process (PID=194) to work on /home/airflow/.local/lib/python3.12/site-packages/airflow/example_dags/example_workday_timetable.py
[2025-07-06T04:34:51.780+0000] {processor.py:914} INFO - Processing file /home/airflow/.local/lib/python3.12/site-packages/airflow/example_dags/example_workday_timetable.py for tasks to queue
[2025-07-06T04:34:51.783+0000] {logging_mixin.py:190} INFO - [2025-07-06T04:34:51.782+0000] {dagbag.py:588} INFO - Filling up the DagBag from /home/airflow/.local/lib/python3.12/site-packages/airflow/example_dags/example_workday_timetable.py
[2025-07-06T04:34:51.790+0000] {processor.py:925} INFO - DAG(s) 'example_workday_timetable' retrieved from /home/airflow/.local/lib/python3.12/site-packages/airflow/example_dags/example_workday_timetable.py
[2025-07-06T04:34:51.839+0000] {logging_mixin.py:190} INFO - [2025-07-06T04:34:51.839+0000] {dag.py:3239} INFO - Sync 1 DAGs
[2025-07-06T04:34:51.942+0000] {logging_mixin.py:190} INFO - [2025-07-06T04:34:51.942+0000] {dag.py:4180} INFO - Setting next_dagrun for example_workday_timetable to 2021-01-04 00:00:00+00:00, run_after=2021-01-05 00:00:00+00:00
[2025-07-06T04:34:51.963+0000] {processor.py:208} INFO - Processing /home/airflow/.local/lib/python3.12/site-packages/airflow/example_dags/example_workday_timetable.py took 0.200 seconds
[2025-07-06T04:35:22.708+0000] {processor.py:186} INFO - Started process (PID=257) to work on /home/airflow/.local/lib/python3.12/site-packages/airflow/example_dags/example_workday_timetable.py
[2025-07-06T04:35:22.709+0000] {processor.py:914} INFO - Processing file /home/airflow/.local/lib/python3.12/site-packages/airflow/example_dags/example_workday_timetable.py for tasks to queue
[2025-07-06T04:35:22.712+0000] {logging_mixin.py:190} INFO - [2025-07-06T04:35:22.712+0000] {dagbag.py:588} INFO - Filling up the DagBag from /home/airflow/.local/lib/python3.12/site-packages/airflow/example_dags/example_workday_timetable.py
[2025-07-06T04:35:22.719+0000] {processor.py:925} INFO - DAG(s) 'example_workday_timetable' retrieved from /home/airflow/.local/lib/python3.12/site-packages/airflow/example_dags/example_workday_timetable.py
[2025-07-06T04:35:22.741+0000] {logging_mixin.py:190} INFO - [2025-07-06T04:35:22.740+0000] {dag.py:3239} INFO - Sync 1 DAGs
[2025-07-06T04:35:22.816+0000] {logging_mixin.py:190} INFO - [2025-07-06T04:35:22.816+0000] {dag.py:4180} INFO - Setting next_dagrun for example_workday_timetable to 2021-01-04 00:00:00+00:00, run_after=2021-01-05 00:00:00+00:00
[2025-07-06T04:35:22.836+0000] {processor.py:208} INFO - Processing /home/airflow/.local/lib/python3.12/site-packages/airflow/example_dags/example_workday_timetable.py took 0.136 seconds
[2025-07-06T04:36:00.266+0000] {processor.py:186} INFO - Started process (PID=335) to work on /home/airflow/.local/lib/python3.12/site-packages/airflow/example_dags/example_workday_timetable.py
[2025-07-06T04:36:00.267+0000] {processor.py:914} INFO - Processing file /home/airflow/.local/lib/python3.12/site-packages/airflow/example_dags/example_workday_timetable.py for tasks to queue
[2025-07-06T04:36:00.270+0000] {logging_mixin.py:190} INFO - [2025-07-06T04:36:00.269+0000] {dagbag.py:588} INFO - Filling up the DagBag from /home/airflow/.local/lib/python3.12/site-packages/airflow/example_dags/example_workday_timetable.py
[2025-07-06T04:36:00.276+0000] {processor.py:925} INFO - DAG(s) 'example_workday_timetable' retrieved from /home/airflow/.local/lib/python3.12/site-packages/airflow/example_dags/example_workday_timetable.py
[2025-07-06T04:36:00.298+0000] {logging_mixin.py:190} INFO - [2025-07-06T04:36:00.298+0000] {dag.py:3239} INFO - Sync 1 DAGs
[2025-07-06T04:36:00.394+0000] {logging_mixin.py:190} INFO - [2025-07-06T04:36:00.394+0000] {dag.py:4180} INFO - Setting next_dagrun for example_workday_timetable to 2021-01-04 00:00:00+00:00, run_after=2021-01-05 00:00:00+00:00
[2025-07-06T04:36:00.421+0000] {processor.py:208} INFO - Processing /home/airflow/.local/lib/python3.12/site-packages/airflow/example_dags/example_workday_timetable.py took 0.160 seconds
[2025-07-06T04:36:31.995+0000] {processor.py:186} INFO - Started process (PID=398) to work on /home/airflow/.local/lib/python3.12/site-packages/airflow/example_dags/example_workday_timetable.py
[2025-07-06T04:36:32.002+0000] {processor.py:914} INFO - Processing file /home/airflow/.local/lib/python3.12/site-packages/airflow/example_dags/example_workday_timetable.py for tasks to queue
[2025-07-06T04:36:32.006+0000] {logging_mixin.py:190} INFO - [2025-07-06T04:36:32.006+0000] {dagbag.py:588} INFO - Filling up the DagBag from /home/airflow/.local/lib/python3.12/site-packages/airflow/example_dags/example_workday_timetable.py
[2025-07-06T04:36:32.037+0000] {processor.py:925} INFO - DAG(s) 'example_workday_timetable' retrieved from /home/airflow/.local/lib/python3.12/site-packages/airflow/example_dags/example_workday_timetable.py
[2025-07-06T04:36:32.121+0000] {logging_mixin.py:190} INFO - [2025-07-06T04:36:32.120+0000] {dag.py:3239} INFO - Sync 1 DAGs
[2025-07-06T04:36:32.478+0000] {logging_mixin.py:190} INFO - [2025-07-06T04:36:32.478+0000] {dag.py:4180} INFO - Setting next_dagrun for example_workday_timetable to 2021-01-04 00:00:00+00:00, run_after=2021-01-05 00:00:00+00:00
[2025-07-06T04:36:32.579+0000] {processor.py:208} INFO - Processing /home/airflow/.local/lib/python3.12/site-packages/airflow/example_dags/example_workday_timetable.py took 0.607 seconds
[2025-07-06T04:37:02.804+0000] {processor.py:186} INFO - Started process (PID=461) to work on /home/airflow/.local/lib/python3.12/site-packages/airflow/example_dags/example_workday_timetable.py
[2025-07-06T04:37:02.805+0000] {processor.py:914} INFO - Processing file /home/airflow/.local/lib/python3.12/site-packages/airflow/example_dags/example_workday_timetable.py for tasks to queue
[2025-07-06T04:37:02.806+0000] {logging_mixin.py:190} INFO - [2025-07-06T04:37:02.806+0000] {dagbag.py:588} INFO - Filling up the DagBag from /home/airflow/.local/lib/python3.12/site-packages/airflow/example_dags/example_workday_timetable.py
[2025-07-06T04:37:02.811+0000] {processor.py:925} INFO - DAG(s) 'example_workday_timetable' retrieved from /home/airflow/.local/lib/python3.12/site-packages/airflow/example_dags/example_workday_timetable.py
[2025-07-06T04:37:02.828+0000] {logging_mixin.py:190} INFO - [2025-07-06T04:37:02.828+0000] {dag.py:3239} INFO - Sync 1 DAGs
[2025-07-06T04:37:02.881+0000] {logging_mixin.py:190} INFO - [2025-07-06T04:37:02.881+0000] {dag.py:4180} INFO - Setting next_dagrun for example_workday_timetable to 2021-01-04 00:00:00+00:00, run_after=2021-01-05 00:00:00+00:00
[2025-07-06T04:37:02.897+0000] {processor.py:208} INFO - Processing /home/airflow/.local/lib/python3.12/site-packages/airflow/example_dags/example_workday_timetable.py took 0.097 seconds
[2025-07-06T04:37:33.280+0000] {processor.py:186} INFO - Started process (PID=524) to work on /home/airflow/.local/lib/python3.12/site-packages/airflow/example_dags/example_workday_timetable.py
[2025-07-06T04:37:33.280+0000] {processor.py:914} INFO - Processing file /home/airflow/.local/lib/python3.12/site-packages/airflow/example_dags/example_workday_timetable.py for tasks to queue
[2025-07-06T04:37:33.282+0000] {logging_mixin.py:190} INFO - [2025-07-06T04:37:33.282+0000] {dagbag.py:588} INFO - Filling up the DagBag from /home/airflow/.local/lib/python3.12/site-packages/airflow/example_dags/example_workday_timetable.py
[2025-07-06T04:37:33.288+0000] {processor.py:925} INFO - DAG(s) 'example_workday_timetable' retrieved from /home/airflow/.local/lib/python3.12/site-packages/airflow/example_dags/example_workday_timetable.py
[2025-07-06T04:37:33.305+0000] {logging_mixin.py:190} INFO - [2025-07-06T04:37:33.305+0000] {dag.py:3239} INFO - Sync 1 DAGs
[2025-07-06T04:37:33.360+0000] {logging_mixin.py:190} INFO - [2025-07-06T04:37:33.360+0000] {dag.py:4180} INFO - Setting next_dagrun for example_workday_timetable to 2021-01-04 00:00:00+00:00, run_after=2021-01-05 00:00:00+00:00
[2025-07-06T04:37:33.376+0000] {processor.py:208} INFO - Processing /home/airflow/.local/lib/python3.12/site-packages/airflow/example_dags/example_workday_timetable.py took 0.101 seconds
[2025-07-06T04:38:03.613+0000] {processor.py:186} INFO - Started process (PID=587) to work on /home/airflow/.local/lib/python3.12/site-packages/airflow/example_dags/example_workday_timetable.py
[2025-07-06T04:38:03.614+0000] {processor.py:914} INFO - Processing file /home/airflow/.local/lib/python3.12/site-packages/airflow/example_dags/example_workday_timetable.py for tasks to queue
[2025-07-06T04:38:03.615+0000] {logging_mixin.py:190} INFO - [2025-07-06T04:38:03.615+0000] {dagbag.py:588} INFO - Filling up the DagBag from /home/airflow/.local/lib/python3.12/site-packages/airflow/example_dags/example_workday_timetable.py
[2025-07-06T04:38:03.620+0000] {processor.py:925} INFO - DAG(s) 'example_workday_timetable' retrieved from /home/airflow/.local/lib/python3.12/site-packages/airflow/example_dags/example_workday_timetable.py
[2025-07-06T04:38:03.637+0000] {logging_mixin.py:190} INFO - [2025-07-06T04:38:03.637+0000] {dag.py:3239} INFO - Sync 1 DAGs
[2025-07-06T04:38:03.695+0000] {logging_mixin.py:190} INFO - [2025-07-06T04:38:03.694+0000] {dag.py:4180} INFO - Setting next_dagrun for example_workday_timetable to 2021-01-04 00:00:00+00:00, run_after=2021-01-05 00:00:00+00:00
[2025-07-06T04:38:03.719+0000] {processor.py:208} INFO - Processing /home/airflow/.local/lib/python3.12/site-packages/airflow/example_dags/example_workday_timetable.py took 0.111 seconds
[2025-07-06T04:38:34.535+0000] {processor.py:186} INFO - Started process (PID=651) to work on /home/airflow/.local/lib/python3.12/site-packages/airflow/example_dags/example_workday_timetable.py
[2025-07-06T04:38:34.536+0000] {processor.py:914} INFO - Processing file /home/airflow/.local/lib/python3.12/site-packages/airflow/example_dags/example_workday_timetable.py for tasks to queue
[2025-07-06T04:38:34.538+0000] {logging_mixin.py:190} INFO - [2025-07-06T04:38:34.538+0000] {dagbag.py:588} INFO - Filling up the DagBag from /home/airflow/.local/lib/python3.12/site-packages/airflow/example_dags/example_workday_timetable.py
[2025-07-06T04:38:34.544+0000] {processor.py:925} INFO - DAG(s) 'example_workday_timetable' retrieved from /home/airflow/.local/lib/python3.12/site-packages/airflow/example_dags/example_workday_timetable.py
[2025-07-06T04:38:34.568+0000] {logging_mixin.py:190} INFO - [2025-07-06T04:38:34.568+0000] {dag.py:3239} INFO - Sync 1 DAGs
[2025-07-06T04:38:34.650+0000] {logging_mixin.py:190} INFO - [2025-07-06T04:38:34.650+0000] {dag.py:4180} INFO - Setting next_dagrun for example_workday_timetable to 2021-01-04 00:00:00+00:00, run_after=2021-01-05 00:00:00+00:00
[2025-07-06T04:38:34.669+0000] {processor.py:208} INFO - Processing /home/airflow/.local/lib/python3.12/site-packages/airflow/example_dags/example_workday_timetable.py took 0.142 seconds
[2025-07-06T04:39:05.539+0000] {processor.py:186} INFO - Started process (PID=715) to work on /home/airflow/.local/lib/python3.12/site-packages/airflow/example_dags/example_workday_timetable.py
[2025-07-06T04:39:05.540+0000] {processor.py:914} INFO - Processing file /home/airflow/.local/lib/python3.12/site-packages/airflow/example_dags/example_workday_timetable.py for tasks to queue
[2025-07-06T04:39:05.542+0000] {logging_mixin.py:190} INFO - [2025-07-06T04:39:05.542+0000] {dagbag.py:588} INFO - Filling up the DagBag from /home/airflow/.local/lib/python3.12/site-packages/airflow/example_dags/example_workday_timetable.py
[2025-07-06T04:39:05.549+0000] {processor.py:925} INFO - DAG(s) 'example_workday_timetable' retrieved from /home/airflow/.local/lib/python3.12/site-packages/airflow/example_dags/example_workday_timetable.py
[2025-07-06T04:39:05.572+0000] {logging_mixin.py:190} INFO - [2025-07-06T04:39:05.572+0000] {dag.py:3239} INFO - Sync 1 DAGs
[2025-07-06T04:39:05.656+0000] {logging_mixin.py:190} INFO - [2025-07-06T04:39:05.656+0000] {dag.py:4180} INFO - Setting next_dagrun for example_workday_timetable to 2021-01-04 00:00:00+00:00, run_after=2021-01-05 00:00:00+00:00
[2025-07-06T04:39:05.677+0000] {processor.py:208} INFO - Processing /home/airflow/.local/lib/python3.12/site-packages/airflow/example_dags/example_workday_timetable.py took 0.145 seconds
[2025-07-06T04:39:37.357+0000] {processor.py:186} INFO - Started process (PID=780) to work on /home/airflow/.local/lib/python3.12/site-packages/airflow/example_dags/example_workday_timetable.py
[2025-07-06T04:39:37.358+0000] {processor.py:914} INFO - Processing file /home/airflow/.local/lib/python3.12/site-packages/airflow/example_dags/example_workday_timetable.py for tasks to queue
[2025-07-06T04:39:37.360+0000] {logging_mixin.py:190} INFO - [2025-07-06T04:39:37.360+0000] {dagbag.py:588} INFO - Filling up the DagBag from /home/airflow/.local/lib/python3.12/site-packages/airflow/example_dags/example_workday_timetable.py
[2025-07-06T04:39:37.366+0000] {processor.py:925} INFO - DAG(s) 'example_workday_timetable' retrieved from /home/airflow/.local/lib/python3.12/site-packages/airflow/example_dags/example_workday_timetable.py
[2025-07-06T04:39:37.389+0000] {logging_mixin.py:190} INFO - [2025-07-06T04:39:37.389+0000] {dag.py:3239} INFO - Sync 1 DAGs
[2025-07-06T04:39:37.475+0000] {logging_mixin.py:190} INFO - [2025-07-06T04:39:37.475+0000] {dag.py:4180} INFO - Setting next_dagrun for example_workday_timetable to 2021-01-04 00:00:00+00:00, run_after=2021-01-05 00:00:00+00:00
[2025-07-06T04:39:37.498+0000] {processor.py:208} INFO - Processing /home/airflow/.local/lib/python3.12/site-packages/airflow/example_dags/example_workday_timetable.py took 0.147 seconds
[2025-07-06T04:40:09.338+0000] {processor.py:186} INFO - Started process (PID=846) to work on /home/airflow/.local/lib/python3.12/site-packages/airflow/example_dags/example_workday_timetable.py
[2025-07-06T04:40:09.344+0000] {processor.py:914} INFO - Processing file /home/airflow/.local/lib/python3.12/site-packages/airflow/example_dags/example_workday_timetable.py for tasks to queue
[2025-07-06T04:40:09.351+0000] {logging_mixin.py:190} INFO - [2025-07-06T04:40:09.351+0000] {dagbag.py:588} INFO - Filling up the DagBag from /home/airflow/.local/lib/python3.12/site-packages/airflow/example_dags/example_workday_timetable.py
[2025-07-06T04:40:09.398+0000] {processor.py:925} INFO - DAG(s) 'example_workday_timetable' retrieved from /home/airflow/.local/lib/python3.12/site-packages/airflow/example_dags/example_workday_timetable.py
[2025-07-06T04:40:09.495+0000] {logging_mixin.py:190} INFO - [2025-07-06T04:40:09.495+0000] {dag.py:3239} INFO - Sync 1 DAGs
[2025-07-06T04:40:09.802+0000] {logging_mixin.py:190} INFO - [2025-07-06T04:40:09.801+0000] {dag.py:4180} INFO - Setting next_dagrun for example_workday_timetable to 2021-01-04 00:00:00+00:00, run_after=2021-01-05 00:00:00+00:00
[2025-07-06T04:40:09.851+0000] {processor.py:208} INFO - Processing /home/airflow/.local/lib/python3.12/site-packages/airflow/example_dags/example_workday_timetable.py took 0.535 seconds
[2025-07-06T04:40:40.933+0000] {processor.py:186} INFO - Started process (PID=911) to work on /home/airflow/.local/lib/python3.12/site-packages/airflow/example_dags/example_workday_timetable.py
[2025-07-06T04:40:40.938+0000] {processor.py:914} INFO - Processing file /home/airflow/.local/lib/python3.12/site-packages/airflow/example_dags/example_workday_timetable.py for tasks to queue
[2025-07-06T04:40:40.946+0000] {logging_mixin.py:190} INFO - [2025-07-06T04:40:40.946+0000] {dagbag.py:588} INFO - Filling up the DagBag from /home/airflow/.local/lib/python3.12/site-packages/airflow/example_dags/example_workday_timetable.py
[2025-07-06T04:40:40.971+0000] {processor.py:925} INFO - DAG(s) 'example_workday_timetable' retrieved from /home/airflow/.local/lib/python3.12/site-packages/airflow/example_dags/example_workday_timetable.py
[2025-07-06T04:40:41.041+0000] {logging_mixin.py:190} INFO - [2025-07-06T04:40:41.040+0000] {dag.py:3239} INFO - Sync 1 DAGs
[2025-07-06T04:40:41.144+0000] {logging_mixin.py:190} INFO - [2025-07-06T04:40:41.144+0000] {dag.py:4180} INFO - Setting next_dagrun for example_workday_timetable to 2021-01-04 00:00:00+00:00, run_after=2021-01-05 00:00:00+00:00
[2025-07-06T04:40:41.166+0000] {processor.py:208} INFO - Processing /home/airflow/.local/lib/python3.12/site-packages/airflow/example_dags/example_workday_timetable.py took 0.260 seconds
[2025-07-06T04:41:11.284+0000] {processor.py:186} INFO - Started process (PID=974) to work on /home/airflow/.local/lib/python3.12/site-packages/airflow/example_dags/example_workday_timetable.py
[2025-07-06T04:41:11.285+0000] {processor.py:914} INFO - Processing file /home/airflow/.local/lib/python3.12/site-packages/airflow/example_dags/example_workday_timetable.py for tasks to queue
[2025-07-06T04:41:11.288+0000] {logging_mixin.py:190} INFO - [2025-07-06T04:41:11.287+0000] {dagbag.py:588} INFO - Filling up the DagBag from /home/airflow/.local/lib/python3.12/site-packages/airflow/example_dags/example_workday_timetable.py
[2025-07-06T04:41:11.294+0000] {processor.py:925} INFO - DAG(s) 'example_workday_timetable' retrieved from /home/airflow/.local/lib/python3.12/site-packages/airflow/example_dags/example_workday_timetable.py
[2025-07-06T04:41:11.330+0000] {logging_mixin.py:190} INFO - [2025-07-06T04:41:11.330+0000] {dag.py:3239} INFO - Sync 1 DAGs
[2025-07-06T04:41:11.391+0000] {logging_mixin.py:190} INFO - [2025-07-06T04:41:11.390+0000] {dag.py:4180} INFO - Setting next_dagrun for example_workday_timetable to 2021-01-04 00:00:00+00:00, run_after=2021-01-05 00:00:00+00:00
[2025-07-06T04:41:11.406+0000] {processor.py:208} INFO - Processing /home/airflow/.local/lib/python3.12/site-packages/airflow/example_dags/example_workday_timetable.py took 0.129 seconds
[2025-07-06T04:41:41.826+0000] {processor.py:186} INFO - Started process (PID=1038) to work on /home/airflow/.local/lib/python3.12/site-packages/airflow/example_dags/example_workday_timetable.py
[2025-07-06T04:41:41.827+0000] {processor.py:914} INFO - Processing file /home/airflow/.local/lib/python3.12/site-packages/airflow/example_dags/example_workday_timetable.py for tasks to queue
[2025-07-06T04:41:41.834+0000] {logging_mixin.py:190} INFO - [2025-07-06T04:41:41.832+0000] {dagbag.py:588} INFO - Filling up the DagBag from /home/airflow/.local/lib/python3.12/site-packages/airflow/example_dags/example_workday_timetable.py
[2025-07-06T04:41:41.845+0000] {processor.py:925} INFO - DAG(s) 'example_workday_timetable' retrieved from /home/airflow/.local/lib/python3.12/site-packages/airflow/example_dags/example_workday_timetable.py
[2025-07-06T04:41:41.869+0000] {logging_mixin.py:190} INFO - [2025-07-06T04:41:41.868+0000] {dag.py:3239} INFO - Sync 1 DAGs
[2025-07-06T04:41:41.941+0000] {logging_mixin.py:190} INFO - [2025-07-06T04:41:41.941+0000] {dag.py:4180} INFO - Setting next_dagrun for example_workday_timetable to 2021-01-04 00:00:00+00:00, run_after=2021-01-05 00:00:00+00:00
[2025-07-06T04:41:41.959+0000] {processor.py:208} INFO - Processing /home/airflow/.local/lib/python3.12/site-packages/airflow/example_dags/example_workday_timetable.py took 0.147 seconds
[2025-07-06T04:42:12.226+0000] {processor.py:186} INFO - Started process (PID=1102) to work on /home/airflow/.local/lib/python3.12/site-packages/airflow/example_dags/example_workday_timetable.py
[2025-07-06T04:42:12.227+0000] {processor.py:914} INFO - Processing file /home/airflow/.local/lib/python3.12/site-packages/airflow/example_dags/example_workday_timetable.py for tasks to queue
[2025-07-06T04:42:12.234+0000] {logging_mixin.py:190} INFO - [2025-07-06T04:42:12.234+0000] {dagbag.py:588} INFO - Filling up the DagBag from /home/airflow/.local/lib/python3.12/site-packages/airflow/example_dags/example_workday_timetable.py
[2025-07-06T04:42:12.258+0000] {processor.py:925} INFO - DAG(s) 'example_workday_timetable' retrieved from /home/airflow/.local/lib/python3.12/site-packages/airflow/example_dags/example_workday_timetable.py
[2025-07-06T04:42:12.281+0000] {logging_mixin.py:190} INFO - [2025-07-06T04:42:12.281+0000] {dag.py:3239} INFO - Sync 1 DAGs
[2025-07-06T04:42:12.349+0000] {logging_mixin.py:190} INFO - [2025-07-06T04:42:12.348+0000] {dag.py:4180} INFO - Setting next_dagrun for example_workday_timetable to 2021-01-04 00:00:00+00:00, run_after=2021-01-05 00:00:00+00:00
[2025-07-06T04:42:12.364+0000] {processor.py:208} INFO - Processing /home/airflow/.local/lib/python3.12/site-packages/airflow/example_dags/example_workday_timetable.py took 0.154 seconds
[2025-07-06T04:42:42.505+0000] {processor.py:186} INFO - Started process (PID=1165) to work on /home/airflow/.local/lib/python3.12/site-packages/airflow/example_dags/example_workday_timetable.py
[2025-07-06T04:42:42.507+0000] {processor.py:914} INFO - Processing file /home/airflow/.local/lib/python3.12/site-packages/airflow/example_dags/example_workday_timetable.py for tasks to queue
[2025-07-06T04:42:42.514+0000] {logging_mixin.py:190} INFO - [2025-07-06T04:42:42.513+0000] {dagbag.py:588} INFO - Filling up the DagBag from /home/airflow/.local/lib/python3.12/site-packages/airflow/example_dags/example_workday_timetable.py
[2025-07-06T04:42:42.527+0000] {processor.py:925} INFO - DAG(s) 'example_workday_timetable' retrieved from /home/airflow/.local/lib/python3.12/site-packages/airflow/example_dags/example_workday_timetable.py
[2025-07-06T04:42:42.552+0000] {logging_mixin.py:190} INFO - [2025-07-06T04:42:42.552+0000] {dag.py:3239} INFO - Sync 1 DAGs
[2025-07-06T04:42:42.631+0000] {logging_mixin.py:190} INFO - [2025-07-06T04:42:42.631+0000] {dag.py:4180} INFO - Setting next_dagrun for example_workday_timetable to 2021-01-04 00:00:00+00:00, run_after=2021-01-05 00:00:00+00:00
[2025-07-06T04:42:42.646+0000] {processor.py:208} INFO - Processing /home/airflow/.local/lib/python3.12/site-packages/airflow/example_dags/example_workday_timetable.py took 0.156 seconds
[2025-07-06T04:43:12.901+0000] {processor.py:186} INFO - Started process (PID=1229) to work on /home/airflow/.local/lib/python3.12/site-packages/airflow/example_dags/example_workday_timetable.py
[2025-07-06T04:43:12.903+0000] {processor.py:914} INFO - Processing file /home/airflow/.local/lib/python3.12/site-packages/airflow/example_dags/example_workday_timetable.py for tasks to queue
[2025-07-06T04:43:12.908+0000] {logging_mixin.py:190} INFO - [2025-07-06T04:43:12.908+0000] {dagbag.py:588} INFO - Filling up the DagBag from /home/airflow/.local/lib/python3.12/site-packages/airflow/example_dags/example_workday_timetable.py
[2025-07-06T04:43:12.918+0000] {processor.py:925} INFO - DAG(s) 'example_workday_timetable' retrieved from /home/airflow/.local/lib/python3.12/site-packages/airflow/example_dags/example_workday_timetable.py
[2025-07-06T04:43:12.939+0000] {logging_mixin.py:190} INFO - [2025-07-06T04:43:12.939+0000] {dag.py:3239} INFO - Sync 1 DAGs
[2025-07-06T04:43:13.014+0000] {logging_mixin.py:190} INFO - [2025-07-06T04:43:13.014+0000] {dag.py:4180} INFO - Setting next_dagrun for example_workday_timetable to 2021-01-04 00:00:00+00:00, run_after=2021-01-05 00:00:00+00:00
[2025-07-06T04:43:13.029+0000] {processor.py:208} INFO - Processing /home/airflow/.local/lib/python3.12/site-packages/airflow/example_dags/example_workday_timetable.py took 0.142 seconds
