[2025-07-06T04:33:50.789+0000] {processor.py:186} INFO - Started process (PID=90) to work on /home/airflow/.local/lib/python3.12/site-packages/airflow/example_dags/tutorial_taskflow_templates.py
[2025-07-06T04:33:50.793+0000] {processor.py:914} INFO - Processing file /home/airflow/.local/lib/python3.12/site-packages/airflow/example_dags/tutorial_taskflow_templates.py for tasks to queue
[2025-07-06T04:33:50.798+0000] {logging_mixin.py:190} INFO - [2025-07-06T04:33:50.798+0000] {dagbag.py:588} INFO - Filling up the DagBag from /home/airflow/.local/lib/python3.12/site-packages/airflow/example_dags/tutorial_taskflow_templates.py
[2025-07-06T04:33:50.871+0000] {processor.py:925} INFO - DAG(s) 'tutorial_taskflow_templates' retrieved from /home/airflow/.local/lib/python3.12/site-packages/airflow/example_dags/tutorial_taskflow_templates.py
[2025-07-06T04:33:51.335+0000] {logging_mixin.py:190} INFO - [2025-07-06T04:33:51.334+0000] {override.py:1911} INFO - Created Permission View: can delete on DAG:tutorial_taskflow_templates
[2025-07-06T04:33:51.396+0000] {logging_mixin.py:190} INFO - [2025-07-06T04:33:51.395+0000] {override.py:1911} INFO - Created Permission View: can edit on DAG:tutorial_taskflow_templates
[2025-07-06T04:33:51.431+0000] {logging_mixin.py:190} INFO - [2025-07-06T04:33:51.431+0000] {override.py:1911} INFO - Created Permission View: can read on DAG:tutorial_taskflow_templates
[2025-07-06T04:33:51.445+0000] {logging_mixin.py:190} INFO - [2025-07-06T04:33:51.445+0000] {override.py:1911} INFO - Created Permission View: can delete on DAG Run:tutorial_taskflow_templates
[2025-07-06T04:33:51.465+0000] {logging_mixin.py:190} INFO - [2025-07-06T04:33:51.465+0000] {override.py:1911} INFO - Created Permission View: menu access on DAG Run:tutorial_taskflow_templates
[2025-07-06T04:33:51.481+0000] {logging_mixin.py:190} INFO - [2025-07-06T04:33:51.480+0000] {override.py:1911} INFO - Created Permission View: can create on DAG Run:tutorial_taskflow_templates
[2025-07-06T04:33:51.503+0000] {logging_mixin.py:190} INFO - [2025-07-06T04:33:51.502+0000] {override.py:1911} INFO - Created Permission View: can read on DAG Run:tutorial_taskflow_templates
[2025-07-06T04:33:51.504+0000] {logging_mixin.py:190} INFO - [2025-07-06T04:33:51.503+0000] {dag.py:3239} INFO - Sync 1 DAGs
[2025-07-06T04:33:51.551+0000] {logging_mixin.py:190} INFO - [2025-07-06T04:33:51.551+0000] {dag.py:3262} INFO - Creating ORM DAG for tutorial_taskflow_templates
[2025-07-06T04:33:51.631+0000] {logging_mixin.py:190} INFO - [2025-07-06T04:33:51.631+0000] {dag.py:4180} INFO - Setting next_dagrun for tutorial_taskflow_templates to 2025-07-05 00:00:00+00:00, run_after=2025-07-06 00:00:00+00:00
[2025-07-06T04:33:51.765+0000] {processor.py:208} INFO - Processing /home/airflow/.local/lib/python3.12/site-packages/airflow/example_dags/tutorial_taskflow_templates.py took 0.994 seconds
[2025-07-06T04:34:23.359+0000] {processor.py:186} INFO - Started process (PID=153) to work on /home/airflow/.local/lib/python3.12/site-packages/airflow/example_dags/tutorial_taskflow_templates.py
[2025-07-06T04:34:23.360+0000] {processor.py:914} INFO - Processing file /home/airflow/.local/lib/python3.12/site-packages/airflow/example_dags/tutorial_taskflow_templates.py for tasks to queue
[2025-07-06T04:34:23.362+0000] {logging_mixin.py:190} INFO - [2025-07-06T04:34:23.362+0000] {dagbag.py:588} INFO - Filling up the DagBag from /home/airflow/.local/lib/python3.12/site-packages/airflow/example_dags/tutorial_taskflow_templates.py
[2025-07-06T04:34:23.379+0000] {processor.py:925} INFO - DAG(s) 'tutorial_taskflow_templates' retrieved from /home/airflow/.local/lib/python3.12/site-packages/airflow/example_dags/tutorial_taskflow_templates.py
[2025-07-06T04:34:23.402+0000] {logging_mixin.py:190} INFO - [2025-07-06T04:34:23.402+0000] {dag.py:3239} INFO - Sync 1 DAGs
[2025-07-06T04:34:23.430+0000] {logging_mixin.py:190} INFO - [2025-07-06T04:34:23.430+0000] {dag.py:4180} INFO - Setting next_dagrun for tutorial_taskflow_templates to 2025-07-05 00:00:00+00:00, run_after=2025-07-06 00:00:00+00:00
[2025-07-06T04:34:23.451+0000] {processor.py:208} INFO - Processing /home/airflow/.local/lib/python3.12/site-packages/airflow/example_dags/tutorial_taskflow_templates.py took 0.099 seconds
[2025-07-06T04:34:54.084+0000] {processor.py:186} INFO - Started process (PID=216) to work on /home/airflow/.local/lib/python3.12/site-packages/airflow/example_dags/tutorial_taskflow_templates.py
[2025-07-06T04:34:54.085+0000] {processor.py:914} INFO - Processing file /home/airflow/.local/lib/python3.12/site-packages/airflow/example_dags/tutorial_taskflow_templates.py for tasks to queue
[2025-07-06T04:34:54.087+0000] {logging_mixin.py:190} INFO - [2025-07-06T04:34:54.087+0000] {dagbag.py:588} INFO - Filling up the DagBag from /home/airflow/.local/lib/python3.12/site-packages/airflow/example_dags/tutorial_taskflow_templates.py
[2025-07-06T04:34:54.102+0000] {processor.py:925} INFO - DAG(s) 'tutorial_taskflow_templates' retrieved from /home/airflow/.local/lib/python3.12/site-packages/airflow/example_dags/tutorial_taskflow_templates.py
[2025-07-06T04:34:54.125+0000] {logging_mixin.py:190} INFO - [2025-07-06T04:34:54.124+0000] {dag.py:3239} INFO - Sync 1 DAGs
[2025-07-06T04:34:54.156+0000] {logging_mixin.py:190} INFO - [2025-07-06T04:34:54.156+0000] {dag.py:4180} INFO - Setting next_dagrun for tutorial_taskflow_templates to 2025-07-05 00:00:00+00:00, run_after=2025-07-06 00:00:00+00:00
[2025-07-06T04:34:54.176+0000] {processor.py:208} INFO - Processing /home/airflow/.local/lib/python3.12/site-packages/airflow/example_dags/tutorial_taskflow_templates.py took 0.099 seconds
[2025-07-06T04:35:25.134+0000] {processor.py:186} INFO - Started process (PID=278) to work on /home/airflow/.local/lib/python3.12/site-packages/airflow/example_dags/tutorial_taskflow_templates.py
[2025-07-06T04:35:25.135+0000] {processor.py:914} INFO - Processing file /home/airflow/.local/lib/python3.12/site-packages/airflow/example_dags/tutorial_taskflow_templates.py for tasks to queue
[2025-07-06T04:35:25.137+0000] {logging_mixin.py:190} INFO - [2025-07-06T04:35:25.137+0000] {dagbag.py:588} INFO - Filling up the DagBag from /home/airflow/.local/lib/python3.12/site-packages/airflow/example_dags/tutorial_taskflow_templates.py
[2025-07-06T04:35:25.153+0000] {processor.py:925} INFO - DAG(s) 'tutorial_taskflow_templates' retrieved from /home/airflow/.local/lib/python3.12/site-packages/airflow/example_dags/tutorial_taskflow_templates.py
[2025-07-06T04:35:25.179+0000] {logging_mixin.py:190} INFO - [2025-07-06T04:35:25.178+0000] {dag.py:3239} INFO - Sync 1 DAGs
[2025-07-06T04:35:25.211+0000] {logging_mixin.py:190} INFO - [2025-07-06T04:35:25.211+0000] {dag.py:4180} INFO - Setting next_dagrun for tutorial_taskflow_templates to 2025-07-05 00:00:00+00:00, run_after=2025-07-06 00:00:00+00:00
[2025-07-06T04:35:25.231+0000] {processor.py:208} INFO - Processing /home/airflow/.local/lib/python3.12/site-packages/airflow/example_dags/tutorial_taskflow_templates.py took 0.105 seconds
[2025-07-06T04:35:59.278+0000] {processor.py:186} INFO - Started process (PID=329) to work on /home/airflow/.local/lib/python3.12/site-packages/airflow/example_dags/tutorial_taskflow_templates.py
[2025-07-06T04:35:59.282+0000] {processor.py:914} INFO - Processing file /home/airflow/.local/lib/python3.12/site-packages/airflow/example_dags/tutorial_taskflow_templates.py for tasks to queue
[2025-07-06T04:35:59.287+0000] {logging_mixin.py:190} INFO - [2025-07-06T04:35:59.287+0000] {dagbag.py:588} INFO - Filling up the DagBag from /home/airflow/.local/lib/python3.12/site-packages/airflow/example_dags/tutorial_taskflow_templates.py
[2025-07-06T04:35:59.330+0000] {processor.py:925} INFO - DAG(s) 'tutorial_taskflow_templates' retrieved from /home/airflow/.local/lib/python3.12/site-packages/airflow/example_dags/tutorial_taskflow_templates.py
[2025-07-06T04:35:59.383+0000] {logging_mixin.py:190} INFO - [2025-07-06T04:35:59.382+0000] {dag.py:3239} INFO - Sync 1 DAGs
[2025-07-06T04:35:59.486+0000] {logging_mixin.py:190} INFO - [2025-07-06T04:35:59.486+0000] {dag.py:4180} INFO - Setting next_dagrun for tutorial_taskflow_templates to 2025-07-05 00:00:00+00:00, run_after=2025-07-06 00:00:00+00:00
[2025-07-06T04:35:59.563+0000] {processor.py:208} INFO - Processing /home/airflow/.local/lib/python3.12/site-packages/airflow/example_dags/tutorial_taskflow_templates.py took 0.305 seconds
[2025-07-06T04:36:30.423+0000] {processor.py:186} INFO - Started process (PID=392) to work on /home/airflow/.local/lib/python3.12/site-packages/airflow/example_dags/tutorial_taskflow_templates.py
[2025-07-06T04:36:30.424+0000] {processor.py:914} INFO - Processing file /home/airflow/.local/lib/python3.12/site-packages/airflow/example_dags/tutorial_taskflow_templates.py for tasks to queue
[2025-07-06T04:36:30.434+0000] {logging_mixin.py:190} INFO - [2025-07-06T04:36:30.430+0000] {dagbag.py:588} INFO - Filling up the DagBag from /home/airflow/.local/lib/python3.12/site-packages/airflow/example_dags/tutorial_taskflow_templates.py
[2025-07-06T04:36:30.484+0000] {processor.py:925} INFO - DAG(s) 'tutorial_taskflow_templates' retrieved from /home/airflow/.local/lib/python3.12/site-packages/airflow/example_dags/tutorial_taskflow_templates.py
[2025-07-06T04:36:30.559+0000] {logging_mixin.py:190} INFO - [2025-07-06T04:36:30.558+0000] {dag.py:3239} INFO - Sync 1 DAGs
[2025-07-06T04:36:30.734+0000] {logging_mixin.py:190} INFO - [2025-07-06T04:36:30.734+0000] {dag.py:4180} INFO - Setting next_dagrun for tutorial_taskflow_templates to 2025-07-05 00:00:00+00:00, run_after=2025-07-06 00:00:00+00:00
[2025-07-06T04:36:30.823+0000] {processor.py:208} INFO - Processing /home/airflow/.local/lib/python3.12/site-packages/airflow/example_dags/tutorial_taskflow_templates.py took 0.423 seconds
[2025-07-06T04:37:01.406+0000] {processor.py:186} INFO - Started process (PID=455) to work on /home/airflow/.local/lib/python3.12/site-packages/airflow/example_dags/tutorial_taskflow_templates.py
[2025-07-06T04:37:01.407+0000] {processor.py:914} INFO - Processing file /home/airflow/.local/lib/python3.12/site-packages/airflow/example_dags/tutorial_taskflow_templates.py for tasks to queue
[2025-07-06T04:37:01.410+0000] {logging_mixin.py:190} INFO - [2025-07-06T04:37:01.410+0000] {dagbag.py:588} INFO - Filling up the DagBag from /home/airflow/.local/lib/python3.12/site-packages/airflow/example_dags/tutorial_taskflow_templates.py
[2025-07-06T04:37:01.426+0000] {processor.py:925} INFO - DAG(s) 'tutorial_taskflow_templates' retrieved from /home/airflow/.local/lib/python3.12/site-packages/airflow/example_dags/tutorial_taskflow_templates.py
[2025-07-06T04:37:01.451+0000] {logging_mixin.py:190} INFO - [2025-07-06T04:37:01.450+0000] {dag.py:3239} INFO - Sync 1 DAGs
[2025-07-06T04:37:01.481+0000] {logging_mixin.py:190} INFO - [2025-07-06T04:37:01.481+0000] {dag.py:4180} INFO - Setting next_dagrun for tutorial_taskflow_templates to 2025-07-05 00:00:00+00:00, run_after=2025-07-06 00:00:00+00:00
[2025-07-06T04:37:01.499+0000] {processor.py:208} INFO - Processing /home/airflow/.local/lib/python3.12/site-packages/airflow/example_dags/tutorial_taskflow_templates.py took 0.099 seconds
[2025-07-06T04:37:31.868+0000] {processor.py:186} INFO - Started process (PID=518) to work on /home/airflow/.local/lib/python3.12/site-packages/airflow/example_dags/tutorial_taskflow_templates.py
[2025-07-06T04:37:31.869+0000] {processor.py:914} INFO - Processing file /home/airflow/.local/lib/python3.12/site-packages/airflow/example_dags/tutorial_taskflow_templates.py for tasks to queue
[2025-07-06T04:37:31.872+0000] {logging_mixin.py:190} INFO - [2025-07-06T04:37:31.871+0000] {dagbag.py:588} INFO - Filling up the DagBag from /home/airflow/.local/lib/python3.12/site-packages/airflow/example_dags/tutorial_taskflow_templates.py
[2025-07-06T04:37:31.889+0000] {processor.py:925} INFO - DAG(s) 'tutorial_taskflow_templates' retrieved from /home/airflow/.local/lib/python3.12/site-packages/airflow/example_dags/tutorial_taskflow_templates.py
[2025-07-06T04:37:31.914+0000] {logging_mixin.py:190} INFO - [2025-07-06T04:37:31.913+0000] {dag.py:3239} INFO - Sync 1 DAGs
[2025-07-06T04:37:31.944+0000] {logging_mixin.py:190} INFO - [2025-07-06T04:37:31.943+0000] {dag.py:4180} INFO - Setting next_dagrun for tutorial_taskflow_templates to 2025-07-05 00:00:00+00:00, run_after=2025-07-06 00:00:00+00:00
[2025-07-06T04:37:31.966+0000] {processor.py:208} INFO - Processing /home/airflow/.local/lib/python3.12/site-packages/airflow/example_dags/tutorial_taskflow_templates.py took 0.105 seconds
[2025-07-06T04:38:02.420+0000] {processor.py:186} INFO - Started process (PID=580) to work on /home/airflow/.local/lib/python3.12/site-packages/airflow/example_dags/tutorial_taskflow_templates.py
[2025-07-06T04:38:02.421+0000] {processor.py:914} INFO - Processing file /home/airflow/.local/lib/python3.12/site-packages/airflow/example_dags/tutorial_taskflow_templates.py for tasks to queue
[2025-07-06T04:38:02.423+0000] {logging_mixin.py:190} INFO - [2025-07-06T04:38:02.423+0000] {dagbag.py:588} INFO - Filling up the DagBag from /home/airflow/.local/lib/python3.12/site-packages/airflow/example_dags/tutorial_taskflow_templates.py
[2025-07-06T04:38:02.439+0000] {processor.py:925} INFO - DAG(s) 'tutorial_taskflow_templates' retrieved from /home/airflow/.local/lib/python3.12/site-packages/airflow/example_dags/tutorial_taskflow_templates.py
[2025-07-06T04:38:02.462+0000] {logging_mixin.py:190} INFO - [2025-07-06T04:38:02.462+0000] {dag.py:3239} INFO - Sync 1 DAGs
[2025-07-06T04:38:02.493+0000] {logging_mixin.py:190} INFO - [2025-07-06T04:38:02.492+0000] {dag.py:4180} INFO - Setting next_dagrun for tutorial_taskflow_templates to 2025-07-05 00:00:00+00:00, run_after=2025-07-06 00:00:00+00:00
[2025-07-06T04:38:02.523+0000] {processor.py:208} INFO - Processing /home/airflow/.local/lib/python3.12/site-packages/airflow/example_dags/tutorial_taskflow_templates.py took 0.117 seconds
[2025-07-06T04:38:32.695+0000] {processor.py:186} INFO - Started process (PID=643) to work on /home/airflow/.local/lib/python3.12/site-packages/airflow/example_dags/tutorial_taskflow_templates.py
[2025-07-06T04:38:32.696+0000] {processor.py:914} INFO - Processing file /home/airflow/.local/lib/python3.12/site-packages/airflow/example_dags/tutorial_taskflow_templates.py for tasks to queue
[2025-07-06T04:38:32.698+0000] {logging_mixin.py:190} INFO - [2025-07-06T04:38:32.698+0000] {dagbag.py:588} INFO - Filling up the DagBag from /home/airflow/.local/lib/python3.12/site-packages/airflow/example_dags/tutorial_taskflow_templates.py
[2025-07-06T04:38:32.714+0000] {processor.py:925} INFO - DAG(s) 'tutorial_taskflow_templates' retrieved from /home/airflow/.local/lib/python3.12/site-packages/airflow/example_dags/tutorial_taskflow_templates.py
[2025-07-06T04:38:32.738+0000] {logging_mixin.py:190} INFO - [2025-07-06T04:38:32.737+0000] {dag.py:3239} INFO - Sync 1 DAGs
[2025-07-06T04:38:32.767+0000] {logging_mixin.py:190} INFO - [2025-07-06T04:38:32.767+0000] {dag.py:4180} INFO - Setting next_dagrun for tutorial_taskflow_templates to 2025-07-05 00:00:00+00:00, run_after=2025-07-06 00:00:00+00:00
[2025-07-06T04:38:32.785+0000] {processor.py:208} INFO - Processing /home/airflow/.local/lib/python3.12/site-packages/airflow/example_dags/tutorial_taskflow_templates.py took 0.101 seconds
[2025-07-06T04:39:02.848+0000] {processor.py:186} INFO - Started process (PID=707) to work on /home/airflow/.local/lib/python3.12/site-packages/airflow/example_dags/tutorial_taskflow_templates.py
[2025-07-06T04:39:02.850+0000] {processor.py:914} INFO - Processing file /home/airflow/.local/lib/python3.12/site-packages/airflow/example_dags/tutorial_taskflow_templates.py for tasks to queue
[2025-07-06T04:39:02.853+0000] {logging_mixin.py:190} INFO - [2025-07-06T04:39:02.852+0000] {dagbag.py:588} INFO - Filling up the DagBag from /home/airflow/.local/lib/python3.12/site-packages/airflow/example_dags/tutorial_taskflow_templates.py
[2025-07-06T04:39:02.868+0000] {processor.py:925} INFO - DAG(s) 'tutorial_taskflow_templates' retrieved from /home/airflow/.local/lib/python3.12/site-packages/airflow/example_dags/tutorial_taskflow_templates.py
[2025-07-06T04:39:02.891+0000] {logging_mixin.py:190} INFO - [2025-07-06T04:39:02.891+0000] {dag.py:3239} INFO - Sync 1 DAGs
[2025-07-06T04:39:02.924+0000] {logging_mixin.py:190} INFO - [2025-07-06T04:39:02.924+0000] {dag.py:4180} INFO - Setting next_dagrun for tutorial_taskflow_templates to 2025-07-05 00:00:00+00:00, run_after=2025-07-06 00:00:00+00:00
[2025-07-06T04:39:02.951+0000] {processor.py:208} INFO - Processing /home/airflow/.local/lib/python3.12/site-packages/airflow/example_dags/tutorial_taskflow_templates.py took 0.113 seconds
[2025-07-06T04:39:33.787+0000] {processor.py:186} INFO - Started process (PID=771) to work on /home/airflow/.local/lib/python3.12/site-packages/airflow/example_dags/tutorial_taskflow_templates.py
[2025-07-06T04:39:33.789+0000] {processor.py:914} INFO - Processing file /home/airflow/.local/lib/python3.12/site-packages/airflow/example_dags/tutorial_taskflow_templates.py for tasks to queue
[2025-07-06T04:39:33.793+0000] {logging_mixin.py:190} INFO - [2025-07-06T04:39:33.792+0000] {dagbag.py:588} INFO - Filling up the DagBag from /home/airflow/.local/lib/python3.12/site-packages/airflow/example_dags/tutorial_taskflow_templates.py
[2025-07-06T04:39:33.848+0000] {processor.py:925} INFO - DAG(s) 'tutorial_taskflow_templates' retrieved from /home/airflow/.local/lib/python3.12/site-packages/airflow/example_dags/tutorial_taskflow_templates.py
[2025-07-06T04:39:33.918+0000] {logging_mixin.py:190} INFO - [2025-07-06T04:39:33.918+0000] {dag.py:3239} INFO - Sync 1 DAGs
[2025-07-06T04:39:33.950+0000] {logging_mixin.py:190} INFO - [2025-07-06T04:39:33.949+0000] {dag.py:4180} INFO - Setting next_dagrun for tutorial_taskflow_templates to 2025-07-05 00:00:00+00:00, run_after=2025-07-06 00:00:00+00:00
[2025-07-06T04:39:33.971+0000] {processor.py:208} INFO - Processing /home/airflow/.local/lib/python3.12/site-packages/airflow/example_dags/tutorial_taskflow_templates.py took 0.197 seconds
[2025-07-06T04:40:04.809+0000] {processor.py:186} INFO - Started process (PID=835) to work on /home/airflow/.local/lib/python3.12/site-packages/airflow/example_dags/tutorial_taskflow_templates.py
[2025-07-06T04:40:04.812+0000] {processor.py:914} INFO - Processing file /home/airflow/.local/lib/python3.12/site-packages/airflow/example_dags/tutorial_taskflow_templates.py for tasks to queue
[2025-07-06T04:40:04.817+0000] {logging_mixin.py:190} INFO - [2025-07-06T04:40:04.816+0000] {dagbag.py:588} INFO - Filling up the DagBag from /home/airflow/.local/lib/python3.12/site-packages/airflow/example_dags/tutorial_taskflow_templates.py
[2025-07-06T04:40:04.841+0000] {processor.py:925} INFO - DAG(s) 'tutorial_taskflow_templates' retrieved from /home/airflow/.local/lib/python3.12/site-packages/airflow/example_dags/tutorial_taskflow_templates.py
[2025-07-06T04:40:04.949+0000] {logging_mixin.py:190} INFO - [2025-07-06T04:40:04.948+0000] {dag.py:3239} INFO - Sync 1 DAGs
[2025-07-06T04:40:04.982+0000] {logging_mixin.py:190} INFO - [2025-07-06T04:40:04.981+0000] {dag.py:4180} INFO - Setting next_dagrun for tutorial_taskflow_templates to 2025-07-05 00:00:00+00:00, run_after=2025-07-06 00:00:00+00:00
[2025-07-06T04:40:05.012+0000] {processor.py:208} INFO - Processing /home/airflow/.local/lib/python3.12/site-packages/airflow/example_dags/tutorial_taskflow_templates.py took 0.227 seconds
[2025-07-06T04:40:35.954+0000] {processor.py:186} INFO - Started process (PID=899) to work on /home/airflow/.local/lib/python3.12/site-packages/airflow/example_dags/tutorial_taskflow_templates.py
[2025-07-06T04:40:35.955+0000] {processor.py:914} INFO - Processing file /home/airflow/.local/lib/python3.12/site-packages/airflow/example_dags/tutorial_taskflow_templates.py for tasks to queue
[2025-07-06T04:40:35.957+0000] {logging_mixin.py:190} INFO - [2025-07-06T04:40:35.957+0000] {dagbag.py:588} INFO - Filling up the DagBag from /home/airflow/.local/lib/python3.12/site-packages/airflow/example_dags/tutorial_taskflow_templates.py
[2025-07-06T04:40:35.972+0000] {processor.py:925} INFO - DAG(s) 'tutorial_taskflow_templates' retrieved from /home/airflow/.local/lib/python3.12/site-packages/airflow/example_dags/tutorial_taskflow_templates.py
[2025-07-06T04:40:35.997+0000] {logging_mixin.py:190} INFO - [2025-07-06T04:40:35.997+0000] {dag.py:3239} INFO - Sync 1 DAGs
[2025-07-06T04:40:36.034+0000] {logging_mixin.py:190} INFO - [2025-07-06T04:40:36.034+0000] {dag.py:4180} INFO - Setting next_dagrun for tutorial_taskflow_templates to 2025-07-05 00:00:00+00:00, run_after=2025-07-06 00:00:00+00:00
[2025-07-06T04:40:36.056+0000] {processor.py:208} INFO - Processing /home/airflow/.local/lib/python3.12/site-packages/airflow/example_dags/tutorial_taskflow_templates.py took 0.107 seconds
[2025-07-06T04:41:06.673+0000] {processor.py:186} INFO - Started process (PID=963) to work on /home/airflow/.local/lib/python3.12/site-packages/airflow/example_dags/tutorial_taskflow_templates.py
[2025-07-06T04:41:06.674+0000] {processor.py:914} INFO - Processing file /home/airflow/.local/lib/python3.12/site-packages/airflow/example_dags/tutorial_taskflow_templates.py for tasks to queue
[2025-07-06T04:41:06.676+0000] {logging_mixin.py:190} INFO - [2025-07-06T04:41:06.676+0000] {dagbag.py:588} INFO - Filling up the DagBag from /home/airflow/.local/lib/python3.12/site-packages/airflow/example_dags/tutorial_taskflow_templates.py
[2025-07-06T04:41:06.691+0000] {processor.py:925} INFO - DAG(s) 'tutorial_taskflow_templates' retrieved from /home/airflow/.local/lib/python3.12/site-packages/airflow/example_dags/tutorial_taskflow_templates.py
[2025-07-06T04:41:06.718+0000] {logging_mixin.py:190} INFO - [2025-07-06T04:41:06.717+0000] {dag.py:3239} INFO - Sync 1 DAGs
[2025-07-06T04:41:06.749+0000] {logging_mixin.py:190} INFO - [2025-07-06T04:41:06.748+0000] {dag.py:4180} INFO - Setting next_dagrun for tutorial_taskflow_templates to 2025-07-05 00:00:00+00:00, run_after=2025-07-06 00:00:00+00:00
[2025-07-06T04:41:06.768+0000] {processor.py:208} INFO - Processing /home/airflow/.local/lib/python3.12/site-packages/airflow/example_dags/tutorial_taskflow_templates.py took 0.100 seconds
[2025-07-06T04:41:37.019+0000] {processor.py:186} INFO - Started process (PID=1026) to work on /home/airflow/.local/lib/python3.12/site-packages/airflow/example_dags/tutorial_taskflow_templates.py
[2025-07-06T04:41:37.020+0000] {processor.py:914} INFO - Processing file /home/airflow/.local/lib/python3.12/site-packages/airflow/example_dags/tutorial_taskflow_templates.py for tasks to queue
[2025-07-06T04:41:37.022+0000] {logging_mixin.py:190} INFO - [2025-07-06T04:41:37.022+0000] {dagbag.py:588} INFO - Filling up the DagBag from /home/airflow/.local/lib/python3.12/site-packages/airflow/example_dags/tutorial_taskflow_templates.py
[2025-07-06T04:41:37.037+0000] {processor.py:925} INFO - DAG(s) 'tutorial_taskflow_templates' retrieved from /home/airflow/.local/lib/python3.12/site-packages/airflow/example_dags/tutorial_taskflow_templates.py
[2025-07-06T04:41:37.063+0000] {logging_mixin.py:190} INFO - [2025-07-06T04:41:37.062+0000] {dag.py:3239} INFO - Sync 1 DAGs
[2025-07-06T04:41:37.095+0000] {logging_mixin.py:190} INFO - [2025-07-06T04:41:37.094+0000] {dag.py:4180} INFO - Setting next_dagrun for tutorial_taskflow_templates to 2025-07-05 00:00:00+00:00, run_after=2025-07-06 00:00:00+00:00
[2025-07-06T04:41:37.115+0000] {processor.py:208} INFO - Processing /home/airflow/.local/lib/python3.12/site-packages/airflow/example_dags/tutorial_taskflow_templates.py took 0.103 seconds
[2025-07-06T04:42:07.715+0000] {processor.py:186} INFO - Started process (PID=1090) to work on /home/airflow/.local/lib/python3.12/site-packages/airflow/example_dags/tutorial_taskflow_templates.py
[2025-07-06T04:42:07.715+0000] {processor.py:914} INFO - Processing file /home/airflow/.local/lib/python3.12/site-packages/airflow/example_dags/tutorial_taskflow_templates.py for tasks to queue
[2025-07-06T04:42:07.717+0000] {logging_mixin.py:190} INFO - [2025-07-06T04:42:07.717+0000] {dagbag.py:588} INFO - Filling up the DagBag from /home/airflow/.local/lib/python3.12/site-packages/airflow/example_dags/tutorial_taskflow_templates.py
[2025-07-06T04:42:07.732+0000] {processor.py:925} INFO - DAG(s) 'tutorial_taskflow_templates' retrieved from /home/airflow/.local/lib/python3.12/site-packages/airflow/example_dags/tutorial_taskflow_templates.py
[2025-07-06T04:42:07.758+0000] {logging_mixin.py:190} INFO - [2025-07-06T04:42:07.757+0000] {dag.py:3239} INFO - Sync 1 DAGs
[2025-07-06T04:42:07.793+0000] {logging_mixin.py:190} INFO - [2025-07-06T04:42:07.793+0000] {dag.py:4180} INFO - Setting next_dagrun for tutorial_taskflow_templates to 2025-07-05 00:00:00+00:00, run_after=2025-07-06 00:00:00+00:00
[2025-07-06T04:42:07.814+0000] {processor.py:208} INFO - Processing /home/airflow/.local/lib/python3.12/site-packages/airflow/example_dags/tutorial_taskflow_templates.py took 0.105 seconds
[2025-07-06T04:42:38.153+0000] {processor.py:186} INFO - Started process (PID=1153) to work on /home/airflow/.local/lib/python3.12/site-packages/airflow/example_dags/tutorial_taskflow_templates.py
[2025-07-06T04:42:38.157+0000] {processor.py:914} INFO - Processing file /home/airflow/.local/lib/python3.12/site-packages/airflow/example_dags/tutorial_taskflow_templates.py for tasks to queue
[2025-07-06T04:42:38.163+0000] {logging_mixin.py:190} INFO - [2025-07-06T04:42:38.163+0000] {dagbag.py:588} INFO - Filling up the DagBag from /home/airflow/.local/lib/python3.12/site-packages/airflow/example_dags/tutorial_taskflow_templates.py
[2025-07-06T04:42:38.179+0000] {processor.py:925} INFO - DAG(s) 'tutorial_taskflow_templates' retrieved from /home/airflow/.local/lib/python3.12/site-packages/airflow/example_dags/tutorial_taskflow_templates.py
[2025-07-06T04:42:38.215+0000] {logging_mixin.py:190} INFO - [2025-07-06T04:42:38.215+0000] {dag.py:3239} INFO - Sync 1 DAGs
[2025-07-06T04:42:38.248+0000] {logging_mixin.py:190} INFO - [2025-07-06T04:42:38.248+0000] {dag.py:4180} INFO - Setting next_dagrun for tutorial_taskflow_templates to 2025-07-05 00:00:00+00:00, run_after=2025-07-06 00:00:00+00:00
[2025-07-06T04:42:38.268+0000] {processor.py:208} INFO - Processing /home/airflow/.local/lib/python3.12/site-packages/airflow/example_dags/tutorial_taskflow_templates.py took 0.134 seconds
[2025-07-06T04:43:09.146+0000] {processor.py:186} INFO - Started process (PID=1217) to work on /home/airflow/.local/lib/python3.12/site-packages/airflow/example_dags/tutorial_taskflow_templates.py
[2025-07-06T04:43:09.150+0000] {processor.py:914} INFO - Processing file /home/airflow/.local/lib/python3.12/site-packages/airflow/example_dags/tutorial_taskflow_templates.py for tasks to queue
[2025-07-06T04:43:09.154+0000] {logging_mixin.py:190} INFO - [2025-07-06T04:43:09.154+0000] {dagbag.py:588} INFO - Filling up the DagBag from /home/airflow/.local/lib/python3.12/site-packages/airflow/example_dags/tutorial_taskflow_templates.py
[2025-07-06T04:43:09.187+0000] {processor.py:925} INFO - DAG(s) 'tutorial_taskflow_templates' retrieved from /home/airflow/.local/lib/python3.12/site-packages/airflow/example_dags/tutorial_taskflow_templates.py
[2025-07-06T04:43:09.218+0000] {logging_mixin.py:190} INFO - [2025-07-06T04:43:09.217+0000] {dag.py:3239} INFO - Sync 1 DAGs
[2025-07-06T04:43:09.260+0000] {logging_mixin.py:190} INFO - [2025-07-06T04:43:09.260+0000] {dag.py:4180} INFO - Setting next_dagrun for tutorial_taskflow_templates to 2025-07-05 00:00:00+00:00, run_after=2025-07-06 00:00:00+00:00
[2025-07-06T04:43:09.281+0000] {processor.py:208} INFO - Processing /home/airflow/.local/lib/python3.12/site-packages/airflow/example_dags/tutorial_taskflow_templates.py took 0.141 seconds
