[2025-07-06T04:34:17.542+0000] {processor.py:186} INFO - Started process (PID=121) to work on /home/airflow/.local/lib/python3.12/site-packages/airflow/example_dags/tutorial.py
[2025-07-06T04:34:17.543+0000] {processor.py:914} INFO - Processing file /home/airflow/.local/lib/python3.12/site-packages/airflow/example_dags/tutorial.py for tasks to queue
[2025-07-06T04:34:17.546+0000] {logging_mixin.py:190} INFO - [2025-07-06T04:34:17.545+0000] {dagbag.py:588} INFO - Filling up the DagBag from /home/airflow/.local/lib/python3.12/site-packages/airflow/example_dags/tutorial.py
[2025-07-06T04:34:17.556+0000] {processor.py:925} INFO - DAG(s) 'tutorial' retrieved from /home/airflow/.local/lib/python3.12/site-packages/airflow/example_dags/tutorial.py
[2025-07-06T04:34:17.750+0000] {logging_mixin.py:190} INFO - [2025-07-06T04:34:17.749+0000] {override.py:1911} INFO - Created Permission View: can delete on DAG:tutorial
[2025-07-06T04:34:17.772+0000] {logging_mixin.py:190} INFO - [2025-07-06T04:34:17.772+0000] {override.py:1911} INFO - Created Permission View: can edit on DAG:tutorial
[2025-07-06T04:34:17.782+0000] {logging_mixin.py:190} INFO - [2025-07-06T04:34:17.782+0000] {override.py:1911} INFO - Created Permission View: can read on DAG:tutorial
[2025-07-06T04:34:17.794+0000] {logging_mixin.py:190} INFO - [2025-07-06T04:34:17.793+0000] {override.py:1911} INFO - Created Permission View: can delete on DAG Run:tutorial
[2025-07-06T04:34:17.811+0000] {logging_mixin.py:190} INFO - [2025-07-06T04:34:17.810+0000] {override.py:1911} INFO - Created Permission View: menu access on DAG Run:tutorial
[2025-07-06T04:34:17.825+0000] {logging_mixin.py:190} INFO - [2025-07-06T04:34:17.825+0000] {override.py:1911} INFO - Created Permission View: can create on DAG Run:tutorial
[2025-07-06T04:34:17.836+0000] {logging_mixin.py:190} INFO - [2025-07-06T04:34:17.836+0000] {override.py:1911} INFO - Created Permission View: can read on DAG Run:tutorial
[2025-07-06T04:34:17.837+0000] {logging_mixin.py:190} INFO - [2025-07-06T04:34:17.836+0000] {dag.py:3239} INFO - Sync 1 DAGs
[2025-07-06T04:34:17.945+0000] {logging_mixin.py:190} INFO - [2025-07-06T04:34:17.945+0000] {dag.py:3262} INFO - Creating ORM DAG for tutorial
[2025-07-06T04:34:17.983+0000] {logging_mixin.py:190} INFO - [2025-07-06T04:34:17.982+0000] {dag.py:4180} INFO - Setting next_dagrun for tutorial to 2025-07-05 00:00:00+00:00, run_after=2025-07-06 00:00:00+00:00
[2025-07-06T04:34:18.047+0000] {processor.py:208} INFO - Processing /home/airflow/.local/lib/python3.12/site-packages/airflow/example_dags/tutorial.py took 0.511 seconds
[2025-07-06T04:34:49.011+0000] {processor.py:186} INFO - Started process (PID=184) to work on /home/airflow/.local/lib/python3.12/site-packages/airflow/example_dags/tutorial.py
[2025-07-06T04:34:49.011+0000] {processor.py:914} INFO - Processing file /home/airflow/.local/lib/python3.12/site-packages/airflow/example_dags/tutorial.py for tasks to queue
[2025-07-06T04:34:49.014+0000] {logging_mixin.py:190} INFO - [2025-07-06T04:34:49.013+0000] {dagbag.py:588} INFO - Filling up the DagBag from /home/airflow/.local/lib/python3.12/site-packages/airflow/example_dags/tutorial.py
[2025-07-06T04:34:49.024+0000] {processor.py:925} INFO - DAG(s) 'tutorial' retrieved from /home/airflow/.local/lib/python3.12/site-packages/airflow/example_dags/tutorial.py
[2025-07-06T04:34:49.064+0000] {logging_mixin.py:190} INFO - [2025-07-06T04:34:49.063+0000] {dag.py:3239} INFO - Sync 1 DAGs
[2025-07-06T04:34:49.112+0000] {logging_mixin.py:190} INFO - [2025-07-06T04:34:49.112+0000] {dag.py:4180} INFO - Setting next_dagrun for tutorial to 2025-07-05 00:00:00+00:00, run_after=2025-07-06 00:00:00+00:00
[2025-07-06T04:34:49.164+0000] {processor.py:208} INFO - Processing /home/airflow/.local/lib/python3.12/site-packages/airflow/example_dags/tutorial.py took 0.159 seconds
[2025-07-06T04:35:20.050+0000] {processor.py:186} INFO - Started process (PID=246) to work on /home/airflow/.local/lib/python3.12/site-packages/airflow/example_dags/tutorial.py
[2025-07-06T04:35:20.053+0000] {processor.py:914} INFO - Processing file /home/airflow/.local/lib/python3.12/site-packages/airflow/example_dags/tutorial.py for tasks to queue
[2025-07-06T04:35:20.058+0000] {logging_mixin.py:190} INFO - [2025-07-06T04:35:20.057+0000] {dagbag.py:588} INFO - Filling up the DagBag from /home/airflow/.local/lib/python3.12/site-packages/airflow/example_dags/tutorial.py
[2025-07-06T04:35:20.084+0000] {processor.py:925} INFO - DAG(s) 'tutorial' retrieved from /home/airflow/.local/lib/python3.12/site-packages/airflow/example_dags/tutorial.py
[2025-07-06T04:35:20.167+0000] {logging_mixin.py:190} INFO - [2025-07-06T04:35:20.167+0000] {dag.py:3239} INFO - Sync 1 DAGs
[2025-07-06T04:35:20.289+0000] {logging_mixin.py:190} INFO - [2025-07-06T04:35:20.282+0000] {dag.py:4180} INFO - Setting next_dagrun for tutorial to 2025-07-05 00:00:00+00:00, run_after=2025-07-06 00:00:00+00:00
[2025-07-06T04:35:20.420+0000] {processor.py:208} INFO - Processing /home/airflow/.local/lib/python3.12/site-packages/airflow/example_dags/tutorial.py took 0.386 seconds
[2025-07-06T04:35:50.514+0000] {processor.py:186} INFO - Started process (PID=308) to work on /home/airflow/.local/lib/python3.12/site-packages/airflow/example_dags/tutorial.py
[2025-07-06T04:35:50.514+0000] {processor.py:914} INFO - Processing file /home/airflow/.local/lib/python3.12/site-packages/airflow/example_dags/tutorial.py for tasks to queue
[2025-07-06T04:35:50.516+0000] {logging_mixin.py:190} INFO - [2025-07-06T04:35:50.516+0000] {dagbag.py:588} INFO - Filling up the DagBag from /home/airflow/.local/lib/python3.12/site-packages/airflow/example_dags/tutorial.py
[2025-07-06T04:35:50.523+0000] {processor.py:925} INFO - DAG(s) 'tutorial' retrieved from /home/airflow/.local/lib/python3.12/site-packages/airflow/example_dags/tutorial.py
[2025-07-06T04:35:50.540+0000] {logging_mixin.py:190} INFO - [2025-07-06T04:35:50.540+0000] {dag.py:3239} INFO - Sync 1 DAGs
[2025-07-06T04:35:50.561+0000] {logging_mixin.py:190} INFO - [2025-07-06T04:35:50.561+0000] {dag.py:4180} INFO - Setting next_dagrun for tutorial to 2025-07-05 00:00:00+00:00, run_after=2025-07-06 00:00:00+00:00
[2025-07-06T04:35:50.577+0000] {processor.py:208} INFO - Processing /home/airflow/.local/lib/python3.12/site-packages/airflow/example_dags/tutorial.py took 0.068 seconds
[2025-07-06T04:36:20.875+0000] {processor.py:186} INFO - Started process (PID=371) to work on /home/airflow/.local/lib/python3.12/site-packages/airflow/example_dags/tutorial.py
[2025-07-06T04:36:20.876+0000] {processor.py:914} INFO - Processing file /home/airflow/.local/lib/python3.12/site-packages/airflow/example_dags/tutorial.py for tasks to queue
[2025-07-06T04:36:20.878+0000] {logging_mixin.py:190} INFO - [2025-07-06T04:36:20.878+0000] {dagbag.py:588} INFO - Filling up the DagBag from /home/airflow/.local/lib/python3.12/site-packages/airflow/example_dags/tutorial.py
[2025-07-06T04:36:20.885+0000] {processor.py:925} INFO - DAG(s) 'tutorial' retrieved from /home/airflow/.local/lib/python3.12/site-packages/airflow/example_dags/tutorial.py
[2025-07-06T04:36:20.903+0000] {logging_mixin.py:190} INFO - [2025-07-06T04:36:20.902+0000] {dag.py:3239} INFO - Sync 1 DAGs
[2025-07-06T04:36:20.923+0000] {logging_mixin.py:190} INFO - [2025-07-06T04:36:20.922+0000] {dag.py:4180} INFO - Setting next_dagrun for tutorial to 2025-07-05 00:00:00+00:00, run_after=2025-07-06 00:00:00+00:00
[2025-07-06T04:36:20.938+0000] {processor.py:208} INFO - Processing /home/airflow/.local/lib/python3.12/site-packages/airflow/example_dags/tutorial.py took 0.070 seconds
[2025-07-06T04:36:51.309+0000] {processor.py:186} INFO - Started process (PID=434) to work on /home/airflow/.local/lib/python3.12/site-packages/airflow/example_dags/tutorial.py
[2025-07-06T04:36:51.311+0000] {processor.py:914} INFO - Processing file /home/airflow/.local/lib/python3.12/site-packages/airflow/example_dags/tutorial.py for tasks to queue
[2025-07-06T04:36:51.316+0000] {logging_mixin.py:190} INFO - [2025-07-06T04:36:51.316+0000] {dagbag.py:588} INFO - Filling up the DagBag from /home/airflow/.local/lib/python3.12/site-packages/airflow/example_dags/tutorial.py
[2025-07-06T04:36:51.336+0000] {processor.py:925} INFO - DAG(s) 'tutorial' retrieved from /home/airflow/.local/lib/python3.12/site-packages/airflow/example_dags/tutorial.py
[2025-07-06T04:36:51.406+0000] {logging_mixin.py:190} INFO - [2025-07-06T04:36:51.405+0000] {dag.py:3239} INFO - Sync 1 DAGs
[2025-07-06T04:36:51.443+0000] {logging_mixin.py:190} INFO - [2025-07-06T04:36:51.443+0000] {dag.py:4180} INFO - Setting next_dagrun for tutorial to 2025-07-05 00:00:00+00:00, run_after=2025-07-06 00:00:00+00:00
[2025-07-06T04:36:51.463+0000] {processor.py:208} INFO - Processing /home/airflow/.local/lib/python3.12/site-packages/airflow/example_dags/tutorial.py took 0.171 seconds
[2025-07-06T04:37:21.535+0000] {processor.py:186} INFO - Started process (PID=496) to work on /home/airflow/.local/lib/python3.12/site-packages/airflow/example_dags/tutorial.py
[2025-07-06T04:37:21.536+0000] {processor.py:914} INFO - Processing file /home/airflow/.local/lib/python3.12/site-packages/airflow/example_dags/tutorial.py for tasks to queue
[2025-07-06T04:37:21.537+0000] {logging_mixin.py:190} INFO - [2025-07-06T04:37:21.537+0000] {dagbag.py:588} INFO - Filling up the DagBag from /home/airflow/.local/lib/python3.12/site-packages/airflow/example_dags/tutorial.py
[2025-07-06T04:37:21.544+0000] {processor.py:925} INFO - DAG(s) 'tutorial' retrieved from /home/airflow/.local/lib/python3.12/site-packages/airflow/example_dags/tutorial.py
[2025-07-06T04:37:21.561+0000] {logging_mixin.py:190} INFO - [2025-07-06T04:37:21.561+0000] {dag.py:3239} INFO - Sync 1 DAGs
[2025-07-06T04:37:21.584+0000] {logging_mixin.py:190} INFO - [2025-07-06T04:37:21.583+0000] {dag.py:4180} INFO - Setting next_dagrun for tutorial to 2025-07-05 00:00:00+00:00, run_after=2025-07-06 00:00:00+00:00
[2025-07-06T04:37:21.608+0000] {processor.py:208} INFO - Processing /home/airflow/.local/lib/python3.12/site-packages/airflow/example_dags/tutorial.py took 0.078 seconds
[2025-07-06T04:37:52.020+0000] {processor.py:186} INFO - Started process (PID=559) to work on /home/airflow/.local/lib/python3.12/site-packages/airflow/example_dags/tutorial.py
[2025-07-06T04:37:52.021+0000] {processor.py:914} INFO - Processing file /home/airflow/.local/lib/python3.12/site-packages/airflow/example_dags/tutorial.py for tasks to queue
[2025-07-06T04:37:52.023+0000] {logging_mixin.py:190} INFO - [2025-07-06T04:37:52.023+0000] {dagbag.py:588} INFO - Filling up the DagBag from /home/airflow/.local/lib/python3.12/site-packages/airflow/example_dags/tutorial.py
[2025-07-06T04:37:52.030+0000] {processor.py:925} INFO - DAG(s) 'tutorial' retrieved from /home/airflow/.local/lib/python3.12/site-packages/airflow/example_dags/tutorial.py
[2025-07-06T04:37:52.047+0000] {logging_mixin.py:190} INFO - [2025-07-06T04:37:52.047+0000] {dag.py:3239} INFO - Sync 1 DAGs
[2025-07-06T04:37:52.068+0000] {logging_mixin.py:190} INFO - [2025-07-06T04:37:52.068+0000] {dag.py:4180} INFO - Setting next_dagrun for tutorial to 2025-07-05 00:00:00+00:00, run_after=2025-07-06 00:00:00+00:00
[2025-07-06T04:37:52.083+0000] {processor.py:208} INFO - Processing /home/airflow/.local/lib/python3.12/site-packages/airflow/example_dags/tutorial.py took 0.068 seconds
[2025-07-06T04:38:23.109+0000] {processor.py:186} INFO - Started process (PID=622) to work on /home/airflow/.local/lib/python3.12/site-packages/airflow/example_dags/tutorial.py
[2025-07-06T04:38:23.112+0000] {processor.py:914} INFO - Processing file /home/airflow/.local/lib/python3.12/site-packages/airflow/example_dags/tutorial.py for tasks to queue
[2025-07-06T04:38:23.117+0000] {logging_mixin.py:190} INFO - [2025-07-06T04:38:23.116+0000] {dagbag.py:588} INFO - Filling up the DagBag from /home/airflow/.local/lib/python3.12/site-packages/airflow/example_dags/tutorial.py
[2025-07-06T04:38:23.131+0000] {processor.py:925} INFO - DAG(s) 'tutorial' retrieved from /home/airflow/.local/lib/python3.12/site-packages/airflow/example_dags/tutorial.py
[2025-07-06T04:38:23.154+0000] {logging_mixin.py:190} INFO - [2025-07-06T04:38:23.154+0000] {dag.py:3239} INFO - Sync 1 DAGs
[2025-07-06T04:38:23.182+0000] {logging_mixin.py:190} INFO - [2025-07-06T04:38:23.182+0000] {dag.py:4180} INFO - Setting next_dagrun for tutorial to 2025-07-05 00:00:00+00:00, run_after=2025-07-06 00:00:00+00:00
[2025-07-06T04:38:23.202+0000] {processor.py:208} INFO - Processing /home/airflow/.local/lib/python3.12/site-packages/airflow/example_dags/tutorial.py took 0.115 seconds
[2025-07-06T04:38:53.873+0000] {processor.py:186} INFO - Started process (PID=686) to work on /home/airflow/.local/lib/python3.12/site-packages/airflow/example_dags/tutorial.py
[2025-07-06T04:38:53.877+0000] {processor.py:914} INFO - Processing file /home/airflow/.local/lib/python3.12/site-packages/airflow/example_dags/tutorial.py for tasks to queue
[2025-07-06T04:38:53.882+0000] {logging_mixin.py:190} INFO - [2025-07-06T04:38:53.882+0000] {dagbag.py:588} INFO - Filling up the DagBag from /home/airflow/.local/lib/python3.12/site-packages/airflow/example_dags/tutorial.py
[2025-07-06T04:38:53.900+0000] {processor.py:925} INFO - DAG(s) 'tutorial' retrieved from /home/airflow/.local/lib/python3.12/site-packages/airflow/example_dags/tutorial.py
[2025-07-06T04:38:53.944+0000] {logging_mixin.py:190} INFO - [2025-07-06T04:38:53.943+0000] {dag.py:3239} INFO - Sync 1 DAGs
[2025-07-06T04:38:53.991+0000] {logging_mixin.py:190} INFO - [2025-07-06T04:38:53.990+0000] {dag.py:4180} INFO - Setting next_dagrun for tutorial to 2025-07-05 00:00:00+00:00, run_after=2025-07-06 00:00:00+00:00
[2025-07-06T04:38:54.011+0000] {processor.py:208} INFO - Processing /home/airflow/.local/lib/python3.12/site-packages/airflow/example_dags/tutorial.py took 0.157 seconds
[2025-07-06T04:39:24.059+0000] {processor.py:186} INFO - Started process (PID=750) to work on /home/airflow/.local/lib/python3.12/site-packages/airflow/example_dags/tutorial.py
[2025-07-06T04:39:24.059+0000] {processor.py:914} INFO - Processing file /home/airflow/.local/lib/python3.12/site-packages/airflow/example_dags/tutorial.py for tasks to queue
[2025-07-06T04:39:24.061+0000] {logging_mixin.py:190} INFO - [2025-07-06T04:39:24.061+0000] {dagbag.py:588} INFO - Filling up the DagBag from /home/airflow/.local/lib/python3.12/site-packages/airflow/example_dags/tutorial.py
[2025-07-06T04:39:24.068+0000] {processor.py:925} INFO - DAG(s) 'tutorial' retrieved from /home/airflow/.local/lib/python3.12/site-packages/airflow/example_dags/tutorial.py
[2025-07-06T04:39:24.085+0000] {logging_mixin.py:190} INFO - [2025-07-06T04:39:24.085+0000] {dag.py:3239} INFO - Sync 1 DAGs
[2025-07-06T04:39:24.113+0000] {logging_mixin.py:190} INFO - [2025-07-06T04:39:24.113+0000] {dag.py:4180} INFO - Setting next_dagrun for tutorial to 2025-07-05 00:00:00+00:00, run_after=2025-07-06 00:00:00+00:00
[2025-07-06T04:39:24.133+0000] {processor.py:208} INFO - Processing /home/airflow/.local/lib/python3.12/site-packages/airflow/example_dags/tutorial.py took 0.079 seconds
[2025-07-06T04:39:54.490+0000] {processor.py:186} INFO - Started process (PID=814) to work on /home/airflow/.local/lib/python3.12/site-packages/airflow/example_dags/tutorial.py
[2025-07-06T04:39:54.491+0000] {processor.py:914} INFO - Processing file /home/airflow/.local/lib/python3.12/site-packages/airflow/example_dags/tutorial.py for tasks to queue
[2025-07-06T04:39:54.493+0000] {logging_mixin.py:190} INFO - [2025-07-06T04:39:54.492+0000] {dagbag.py:588} INFO - Filling up the DagBag from /home/airflow/.local/lib/python3.12/site-packages/airflow/example_dags/tutorial.py
[2025-07-06T04:39:54.502+0000] {processor.py:925} INFO - DAG(s) 'tutorial' retrieved from /home/airflow/.local/lib/python3.12/site-packages/airflow/example_dags/tutorial.py
[2025-07-06T04:39:54.526+0000] {logging_mixin.py:190} INFO - [2025-07-06T04:39:54.526+0000] {dag.py:3239} INFO - Sync 1 DAGs
[2025-07-06T04:39:54.555+0000] {logging_mixin.py:190} INFO - [2025-07-06T04:39:54.555+0000] {dag.py:4180} INFO - Setting next_dagrun for tutorial to 2025-07-05 00:00:00+00:00, run_after=2025-07-06 00:00:00+00:00
[2025-07-06T04:39:54.575+0000] {processor.py:208} INFO - Processing /home/airflow/.local/lib/python3.12/site-packages/airflow/example_dags/tutorial.py took 0.091 seconds
[2025-07-06T04:40:25.068+0000] {processor.py:186} INFO - Started process (PID=878) to work on /home/airflow/.local/lib/python3.12/site-packages/airflow/example_dags/tutorial.py
[2025-07-06T04:40:25.068+0000] {processor.py:914} INFO - Processing file /home/airflow/.local/lib/python3.12/site-packages/airflow/example_dags/tutorial.py for tasks to queue
[2025-07-06T04:40:25.071+0000] {logging_mixin.py:190} INFO - [2025-07-06T04:40:25.070+0000] {dagbag.py:588} INFO - Filling up the DagBag from /home/airflow/.local/lib/python3.12/site-packages/airflow/example_dags/tutorial.py
[2025-07-06T04:40:25.080+0000] {processor.py:925} INFO - DAG(s) 'tutorial' retrieved from /home/airflow/.local/lib/python3.12/site-packages/airflow/example_dags/tutorial.py
[2025-07-06T04:40:25.103+0000] {logging_mixin.py:190} INFO - [2025-07-06T04:40:25.102+0000] {dag.py:3239} INFO - Sync 1 DAGs
[2025-07-06T04:40:25.132+0000] {logging_mixin.py:190} INFO - [2025-07-06T04:40:25.132+0000] {dag.py:4180} INFO - Setting next_dagrun for tutorial to 2025-07-05 00:00:00+00:00, run_after=2025-07-06 00:00:00+00:00
[2025-07-06T04:40:25.152+0000] {processor.py:208} INFO - Processing /home/airflow/.local/lib/python3.12/site-packages/airflow/example_dags/tutorial.py took 0.090 seconds
[2025-07-06T04:40:55.419+0000] {processor.py:186} INFO - Started process (PID=942) to work on /home/airflow/.local/lib/python3.12/site-packages/airflow/example_dags/tutorial.py
[2025-07-06T04:40:55.420+0000] {processor.py:914} INFO - Processing file /home/airflow/.local/lib/python3.12/site-packages/airflow/example_dags/tutorial.py for tasks to queue
[2025-07-06T04:40:55.422+0000] {logging_mixin.py:190} INFO - [2025-07-06T04:40:55.422+0000] {dagbag.py:588} INFO - Filling up the DagBag from /home/airflow/.local/lib/python3.12/site-packages/airflow/example_dags/tutorial.py
[2025-07-06T04:40:55.432+0000] {processor.py:925} INFO - DAG(s) 'tutorial' retrieved from /home/airflow/.local/lib/python3.12/site-packages/airflow/example_dags/tutorial.py
[2025-07-06T04:40:55.459+0000] {logging_mixin.py:190} INFO - [2025-07-06T04:40:55.458+0000] {dag.py:3239} INFO - Sync 1 DAGs
[2025-07-06T04:40:55.494+0000] {logging_mixin.py:190} INFO - [2025-07-06T04:40:55.494+0000] {dag.py:4180} INFO - Setting next_dagrun for tutorial to 2025-07-05 00:00:00+00:00, run_after=2025-07-06 00:00:00+00:00
[2025-07-06T04:40:55.519+0000] {processor.py:208} INFO - Processing /home/airflow/.local/lib/python3.12/site-packages/airflow/example_dags/tutorial.py took 0.106 seconds
[2025-07-06T04:41:26.147+0000] {processor.py:186} INFO - Started process (PID=1006) to work on /home/airflow/.local/lib/python3.12/site-packages/airflow/example_dags/tutorial.py
[2025-07-06T04:41:26.147+0000] {processor.py:914} INFO - Processing file /home/airflow/.local/lib/python3.12/site-packages/airflow/example_dags/tutorial.py for tasks to queue
[2025-07-06T04:41:26.150+0000] {logging_mixin.py:190} INFO - [2025-07-06T04:41:26.150+0000] {dagbag.py:588} INFO - Filling up the DagBag from /home/airflow/.local/lib/python3.12/site-packages/airflow/example_dags/tutorial.py
[2025-07-06T04:41:26.160+0000] {processor.py:925} INFO - DAG(s) 'tutorial' retrieved from /home/airflow/.local/lib/python3.12/site-packages/airflow/example_dags/tutorial.py
[2025-07-06T04:41:26.184+0000] {logging_mixin.py:190} INFO - [2025-07-06T04:41:26.184+0000] {dag.py:3239} INFO - Sync 1 DAGs
[2025-07-06T04:41:26.217+0000] {logging_mixin.py:190} INFO - [2025-07-06T04:41:26.216+0000] {dag.py:4180} INFO - Setting next_dagrun for tutorial to 2025-07-05 00:00:00+00:00, run_after=2025-07-06 00:00:00+00:00
[2025-07-06T04:41:26.242+0000] {processor.py:208} INFO - Processing /home/airflow/.local/lib/python3.12/site-packages/airflow/example_dags/tutorial.py took 0.103 seconds
[2025-07-06T04:41:56.616+0000] {processor.py:186} INFO - Started process (PID=1069) to work on /home/airflow/.local/lib/python3.12/site-packages/airflow/example_dags/tutorial.py
[2025-07-06T04:41:56.617+0000] {processor.py:914} INFO - Processing file /home/airflow/.local/lib/python3.12/site-packages/airflow/example_dags/tutorial.py for tasks to queue
[2025-07-06T04:41:56.619+0000] {logging_mixin.py:190} INFO - [2025-07-06T04:41:56.619+0000] {dagbag.py:588} INFO - Filling up the DagBag from /home/airflow/.local/lib/python3.12/site-packages/airflow/example_dags/tutorial.py
[2025-07-06T04:41:56.629+0000] {processor.py:925} INFO - DAG(s) 'tutorial' retrieved from /home/airflow/.local/lib/python3.12/site-packages/airflow/example_dags/tutorial.py
[2025-07-06T04:41:56.655+0000] {logging_mixin.py:190} INFO - [2025-07-06T04:41:56.655+0000] {dag.py:3239} INFO - Sync 1 DAGs
[2025-07-06T04:41:56.694+0000] {logging_mixin.py:190} INFO - [2025-07-06T04:41:56.694+0000] {dag.py:4180} INFO - Setting next_dagrun for tutorial to 2025-07-05 00:00:00+00:00, run_after=2025-07-06 00:00:00+00:00
[2025-07-06T04:41:56.737+0000] {processor.py:208} INFO - Processing /home/airflow/.local/lib/python3.12/site-packages/airflow/example_dags/tutorial.py took 0.127 seconds
[2025-07-06T04:42:27.395+0000] {processor.py:186} INFO - Started process (PID=1132) to work on /home/airflow/.local/lib/python3.12/site-packages/airflow/example_dags/tutorial.py
[2025-07-06T04:42:27.396+0000] {processor.py:914} INFO - Processing file /home/airflow/.local/lib/python3.12/site-packages/airflow/example_dags/tutorial.py for tasks to queue
[2025-07-06T04:42:27.400+0000] {logging_mixin.py:190} INFO - [2025-07-06T04:42:27.400+0000] {dagbag.py:588} INFO - Filling up the DagBag from /home/airflow/.local/lib/python3.12/site-packages/airflow/example_dags/tutorial.py
[2025-07-06T04:42:27.424+0000] {processor.py:925} INFO - DAG(s) 'tutorial' retrieved from /home/airflow/.local/lib/python3.12/site-packages/airflow/example_dags/tutorial.py
[2025-07-06T04:42:27.477+0000] {logging_mixin.py:190} INFO - [2025-07-06T04:42:27.476+0000] {dag.py:3239} INFO - Sync 1 DAGs
[2025-07-06T04:42:27.506+0000] {logging_mixin.py:190} INFO - [2025-07-06T04:42:27.506+0000] {dag.py:4180} INFO - Setting next_dagrun for tutorial to 2025-07-05 00:00:00+00:00, run_after=2025-07-06 00:00:00+00:00
[2025-07-06T04:42:27.548+0000] {processor.py:208} INFO - Processing /home/airflow/.local/lib/python3.12/site-packages/airflow/example_dags/tutorial.py took 0.173 seconds
[2025-07-06T04:42:58.089+0000] {processor.py:186} INFO - Started process (PID=1196) to work on /home/airflow/.local/lib/python3.12/site-packages/airflow/example_dags/tutorial.py
[2025-07-06T04:42:58.091+0000] {processor.py:914} INFO - Processing file /home/airflow/.local/lib/python3.12/site-packages/airflow/example_dags/tutorial.py for tasks to queue
[2025-07-06T04:42:58.096+0000] {logging_mixin.py:190} INFO - [2025-07-06T04:42:58.095+0000] {dagbag.py:588} INFO - Filling up the DagBag from /home/airflow/.local/lib/python3.12/site-packages/airflow/example_dags/tutorial.py
[2025-07-06T04:42:58.131+0000] {processor.py:925} INFO - DAG(s) 'tutorial' retrieved from /home/airflow/.local/lib/python3.12/site-packages/airflow/example_dags/tutorial.py
[2025-07-06T04:42:58.196+0000] {logging_mixin.py:190} INFO - [2025-07-06T04:42:58.196+0000] {dag.py:3239} INFO - Sync 1 DAGs
[2025-07-06T04:42:58.258+0000] {logging_mixin.py:190} INFO - [2025-07-06T04:42:58.257+0000] {dag.py:4180} INFO - Setting next_dagrun for tutorial to 2025-07-05 00:00:00+00:00, run_after=2025-07-06 00:00:00+00:00
[2025-07-06T04:42:58.290+0000] {processor.py:208} INFO - Processing /home/airflow/.local/lib/python3.12/site-packages/airflow/example_dags/tutorial.py took 0.219 seconds
