[2025-07-06T04:33:49.363+0000] {processor.py:186} INFO - Started process (PID=88) to work on /home/airflow/.local/lib/python3.12/site-packages/airflow/example_dags/tutorial_dag.py
[2025-07-06T04:33:49.368+0000] {processor.py:914} INFO - Processing file /home/airflow/.local/lib/python3.12/site-packages/airflow/example_dags/tutorial_dag.py for tasks to queue
[2025-07-06T04:33:49.379+0000] {logging_mixin.py:190} INFO - [2025-07-06T04:33:49.379+0000] {dagbag.py:588} INFO - Filling up the DagBag from /home/airflow/.local/lib/python3.12/site-packages/airflow/example_dags/tutorial_dag.py
[2025-07-06T04:33:49.431+0000] {processor.py:925} INFO - DAG(s) 'tutorial_dag' retrieved from /home/airflow/.local/lib/python3.12/site-packages/airflow/example_dags/tutorial_dag.py
[2025-07-06T04:33:49.804+0000] {logging_mixin.py:190} INFO - [2025-07-06T04:33:49.799+0000] {override.py:1911} INFO - Created Permission View: can delete on DAG:tutorial_dag
[2025-07-06T04:33:49.973+0000] {logging_mixin.py:190} INFO - [2025-07-06T04:33:49.973+0000] {override.py:1911} INFO - Created Permission View: can edit on DAG:tutorial_dag
[2025-07-06T04:33:50.081+0000] {logging_mixin.py:190} INFO - [2025-07-06T04:33:50.080+0000] {override.py:1911} INFO - Created Permission View: can read on DAG:tutorial_dag
[2025-07-06T04:33:50.179+0000] {logging_mixin.py:190} INFO - [2025-07-06T04:33:50.176+0000] {override.py:1911} INFO - Created Permission View: can delete on DAG Run:tutorial_dag
[2025-07-06T04:33:50.245+0000] {logging_mixin.py:190} INFO - [2025-07-06T04:33:50.245+0000] {override.py:1911} INFO - Created Permission View: menu access on DAG Run:tutorial_dag
[2025-07-06T04:33:50.374+0000] {logging_mixin.py:190} INFO - [2025-07-06T04:33:50.373+0000] {override.py:1911} INFO - Created Permission View: can create on DAG Run:tutorial_dag
[2025-07-06T04:33:50.446+0000] {logging_mixin.py:190} INFO - [2025-07-06T04:33:50.446+0000] {override.py:1911} INFO - Created Permission View: can read on DAG Run:tutorial_dag
[2025-07-06T04:33:50.447+0000] {logging_mixin.py:190} INFO - [2025-07-06T04:33:50.447+0000] {dag.py:3239} INFO - Sync 1 DAGs
[2025-07-06T04:33:50.536+0000] {logging_mixin.py:190} INFO - [2025-07-06T04:33:50.535+0000] {dag.py:3262} INFO - Creating ORM DAG for tutorial_dag
[2025-07-06T04:33:50.548+0000] {logging_mixin.py:190} INFO - [2025-07-06T04:33:50.544+0000] {dag.py:4180} INFO - Setting next_dagrun for tutorial_dag to None, run_after=None
[2025-07-06T04:33:50.666+0000] {processor.py:208} INFO - Processing /home/airflow/.local/lib/python3.12/site-packages/airflow/example_dags/tutorial_dag.py took 1.332 seconds
[2025-07-06T04:34:23.117+0000] {processor.py:186} INFO - Started process (PID=151) to work on /home/airflow/.local/lib/python3.12/site-packages/airflow/example_dags/tutorial_dag.py
[2025-07-06T04:34:23.123+0000] {processor.py:914} INFO - Processing file /home/airflow/.local/lib/python3.12/site-packages/airflow/example_dags/tutorial_dag.py for tasks to queue
[2025-07-06T04:34:23.128+0000] {logging_mixin.py:190} INFO - [2025-07-06T04:34:23.127+0000] {dagbag.py:588} INFO - Filling up the DagBag from /home/airflow/.local/lib/python3.12/site-packages/airflow/example_dags/tutorial_dag.py
[2025-07-06T04:34:23.158+0000] {processor.py:925} INFO - DAG(s) 'tutorial_dag' retrieved from /home/airflow/.local/lib/python3.12/site-packages/airflow/example_dags/tutorial_dag.py
[2025-07-06T04:34:23.208+0000] {logging_mixin.py:190} INFO - [2025-07-06T04:34:23.208+0000] {dag.py:3239} INFO - Sync 1 DAGs
[2025-07-06T04:34:23.231+0000] {logging_mixin.py:190} INFO - [2025-07-06T04:34:23.231+0000] {dag.py:4180} INFO - Setting next_dagrun for tutorial_dag to None, run_after=None
[2025-07-06T04:34:23.252+0000] {processor.py:208} INFO - Processing /home/airflow/.local/lib/python3.12/site-packages/airflow/example_dags/tutorial_dag.py took 0.156 seconds
[2025-07-06T04:34:53.857+0000] {processor.py:186} INFO - Started process (PID=214) to work on /home/airflow/.local/lib/python3.12/site-packages/airflow/example_dags/tutorial_dag.py
[2025-07-06T04:34:53.858+0000] {processor.py:914} INFO - Processing file /home/airflow/.local/lib/python3.12/site-packages/airflow/example_dags/tutorial_dag.py for tasks to queue
[2025-07-06T04:34:53.861+0000] {logging_mixin.py:190} INFO - [2025-07-06T04:34:53.860+0000] {dagbag.py:588} INFO - Filling up the DagBag from /home/airflow/.local/lib/python3.12/site-packages/airflow/example_dags/tutorial_dag.py
[2025-07-06T04:34:53.869+0000] {processor.py:925} INFO - DAG(s) 'tutorial_dag' retrieved from /home/airflow/.local/lib/python3.12/site-packages/airflow/example_dags/tutorial_dag.py
[2025-07-06T04:34:53.898+0000] {logging_mixin.py:190} INFO - [2025-07-06T04:34:53.898+0000] {dag.py:3239} INFO - Sync 1 DAGs
[2025-07-06T04:34:53.922+0000] {logging_mixin.py:190} INFO - [2025-07-06T04:34:53.922+0000] {dag.py:4180} INFO - Setting next_dagrun for tutorial_dag to None, run_after=None
[2025-07-06T04:34:53.945+0000] {processor.py:208} INFO - Processing /home/airflow/.local/lib/python3.12/site-packages/airflow/example_dags/tutorial_dag.py took 0.094 seconds
[2025-07-06T04:35:24.878+0000] {processor.py:186} INFO - Started process (PID=276) to work on /home/airflow/.local/lib/python3.12/site-packages/airflow/example_dags/tutorial_dag.py
[2025-07-06T04:35:24.879+0000] {processor.py:914} INFO - Processing file /home/airflow/.local/lib/python3.12/site-packages/airflow/example_dags/tutorial_dag.py for tasks to queue
[2025-07-06T04:35:24.881+0000] {logging_mixin.py:190} INFO - [2025-07-06T04:35:24.881+0000] {dagbag.py:588} INFO - Filling up the DagBag from /home/airflow/.local/lib/python3.12/site-packages/airflow/example_dags/tutorial_dag.py
[2025-07-06T04:35:24.889+0000] {processor.py:925} INFO - DAG(s) 'tutorial_dag' retrieved from /home/airflow/.local/lib/python3.12/site-packages/airflow/example_dags/tutorial_dag.py
[2025-07-06T04:35:24.914+0000] {logging_mixin.py:190} INFO - [2025-07-06T04:35:24.913+0000] {dag.py:3239} INFO - Sync 1 DAGs
[2025-07-06T04:35:24.933+0000] {logging_mixin.py:190} INFO - [2025-07-06T04:35:24.932+0000] {dag.py:4180} INFO - Setting next_dagrun for tutorial_dag to None, run_after=None
[2025-07-06T04:35:24.957+0000] {processor.py:208} INFO - Processing /home/airflow/.local/lib/python3.12/site-packages/airflow/example_dags/tutorial_dag.py took 0.085 seconds
[2025-07-06T04:35:58.885+0000] {processor.py:186} INFO - Started process (PID=327) to work on /home/airflow/.local/lib/python3.12/site-packages/airflow/example_dags/tutorial_dag.py
[2025-07-06T04:35:58.890+0000] {processor.py:914} INFO - Processing file /home/airflow/.local/lib/python3.12/site-packages/airflow/example_dags/tutorial_dag.py for tasks to queue
[2025-07-06T04:35:58.901+0000] {logging_mixin.py:190} INFO - [2025-07-06T04:35:58.897+0000] {dagbag.py:588} INFO - Filling up the DagBag from /home/airflow/.local/lib/python3.12/site-packages/airflow/example_dags/tutorial_dag.py
[2025-07-06T04:35:58.935+0000] {processor.py:925} INFO - DAG(s) 'tutorial_dag' retrieved from /home/airflow/.local/lib/python3.12/site-packages/airflow/example_dags/tutorial_dag.py
[2025-07-06T04:35:59.035+0000] {logging_mixin.py:190} INFO - [2025-07-06T04:35:59.035+0000] {dag.py:3239} INFO - Sync 1 DAGs
[2025-07-06T04:35:59.083+0000] {logging_mixin.py:190} INFO - [2025-07-06T04:35:59.082+0000] {dag.py:4180} INFO - Setting next_dagrun for tutorial_dag to None, run_after=None
[2025-07-06T04:35:59.158+0000] {processor.py:208} INFO - Processing /home/airflow/.local/lib/python3.12/site-packages/airflow/example_dags/tutorial_dag.py took 0.314 seconds
[2025-07-06T04:36:29.828+0000] {processor.py:186} INFO - Started process (PID=390) to work on /home/airflow/.local/lib/python3.12/site-packages/airflow/example_dags/tutorial_dag.py
[2025-07-06T04:36:29.829+0000] {processor.py:914} INFO - Processing file /home/airflow/.local/lib/python3.12/site-packages/airflow/example_dags/tutorial_dag.py for tasks to queue
[2025-07-06T04:36:29.831+0000] {logging_mixin.py:190} INFO - [2025-07-06T04:36:29.831+0000] {dagbag.py:588} INFO - Filling up the DagBag from /home/airflow/.local/lib/python3.12/site-packages/airflow/example_dags/tutorial_dag.py
[2025-07-06T04:36:29.840+0000] {processor.py:925} INFO - DAG(s) 'tutorial_dag' retrieved from /home/airflow/.local/lib/python3.12/site-packages/airflow/example_dags/tutorial_dag.py
[2025-07-06T04:36:29.899+0000] {logging_mixin.py:190} INFO - [2025-07-06T04:36:29.899+0000] {dag.py:3239} INFO - Sync 1 DAGs
[2025-07-06T04:36:29.945+0000] {logging_mixin.py:190} INFO - [2025-07-06T04:36:29.944+0000] {dag.py:4180} INFO - Setting next_dagrun for tutorial_dag to None, run_after=None
[2025-07-06T04:36:29.990+0000] {processor.py:208} INFO - Processing /home/airflow/.local/lib/python3.12/site-packages/airflow/example_dags/tutorial_dag.py took 0.174 seconds
[2025-07-06T04:37:00.279+0000] {processor.py:186} INFO - Started process (PID=452) to work on /home/airflow/.local/lib/python3.12/site-packages/airflow/example_dags/tutorial_dag.py
[2025-07-06T04:37:00.280+0000] {processor.py:914} INFO - Processing file /home/airflow/.local/lib/python3.12/site-packages/airflow/example_dags/tutorial_dag.py for tasks to queue
[2025-07-06T04:37:00.282+0000] {logging_mixin.py:190} INFO - [2025-07-06T04:37:00.282+0000] {dagbag.py:588} INFO - Filling up the DagBag from /home/airflow/.local/lib/python3.12/site-packages/airflow/example_dags/tutorial_dag.py
[2025-07-06T04:37:00.288+0000] {processor.py:925} INFO - DAG(s) 'tutorial_dag' retrieved from /home/airflow/.local/lib/python3.12/site-packages/airflow/example_dags/tutorial_dag.py
[2025-07-06T04:37:00.308+0000] {logging_mixin.py:190} INFO - [2025-07-06T04:37:00.308+0000] {dag.py:3239} INFO - Sync 1 DAGs
[2025-07-06T04:37:00.321+0000] {logging_mixin.py:190} INFO - [2025-07-06T04:37:00.321+0000] {dag.py:4180} INFO - Setting next_dagrun for tutorial_dag to None, run_after=None
[2025-07-06T04:37:00.344+0000] {processor.py:208} INFO - Processing /home/airflow/.local/lib/python3.12/site-packages/airflow/example_dags/tutorial_dag.py took 0.069 seconds
[2025-07-06T04:37:30.916+0000] {processor.py:186} INFO - Started process (PID=515) to work on /home/airflow/.local/lib/python3.12/site-packages/airflow/example_dags/tutorial_dag.py
[2025-07-06T04:37:30.917+0000] {processor.py:914} INFO - Processing file /home/airflow/.local/lib/python3.12/site-packages/airflow/example_dags/tutorial_dag.py for tasks to queue
[2025-07-06T04:37:30.919+0000] {logging_mixin.py:190} INFO - [2025-07-06T04:37:30.919+0000] {dagbag.py:588} INFO - Filling up the DagBag from /home/airflow/.local/lib/python3.12/site-packages/airflow/example_dags/tutorial_dag.py
[2025-07-06T04:37:30.928+0000] {processor.py:925} INFO - DAG(s) 'tutorial_dag' retrieved from /home/airflow/.local/lib/python3.12/site-packages/airflow/example_dags/tutorial_dag.py
[2025-07-06T04:37:30.972+0000] {logging_mixin.py:190} INFO - [2025-07-06T04:37:30.971+0000] {dag.py:3239} INFO - Sync 1 DAGs
[2025-07-06T04:37:30.992+0000] {logging_mixin.py:190} INFO - [2025-07-06T04:37:30.992+0000] {dag.py:4180} INFO - Setting next_dagrun for tutorial_dag to None, run_after=None
[2025-07-06T04:37:31.018+0000] {processor.py:208} INFO - Processing /home/airflow/.local/lib/python3.12/site-packages/airflow/example_dags/tutorial_dag.py took 0.109 seconds
[2025-07-06T04:38:01.248+0000] {processor.py:186} INFO - Started process (PID=578) to work on /home/airflow/.local/lib/python3.12/site-packages/airflow/example_dags/tutorial_dag.py
[2025-07-06T04:38:01.250+0000] {processor.py:914} INFO - Processing file /home/airflow/.local/lib/python3.12/site-packages/airflow/example_dags/tutorial_dag.py for tasks to queue
[2025-07-06T04:38:01.255+0000] {logging_mixin.py:190} INFO - [2025-07-06T04:38:01.253+0000] {dagbag.py:588} INFO - Filling up the DagBag from /home/airflow/.local/lib/python3.12/site-packages/airflow/example_dags/tutorial_dag.py
[2025-07-06T04:38:01.268+0000] {processor.py:925} INFO - DAG(s) 'tutorial_dag' retrieved from /home/airflow/.local/lib/python3.12/site-packages/airflow/example_dags/tutorial_dag.py
[2025-07-06T04:38:01.291+0000] {logging_mixin.py:190} INFO - [2025-07-06T04:38:01.291+0000] {dag.py:3239} INFO - Sync 1 DAGs
[2025-07-06T04:38:01.310+0000] {logging_mixin.py:190} INFO - [2025-07-06T04:38:01.309+0000] {dag.py:4180} INFO - Setting next_dagrun for tutorial_dag to None, run_after=None
[2025-07-06T04:38:01.330+0000] {processor.py:208} INFO - Processing /home/airflow/.local/lib/python3.12/site-packages/airflow/example_dags/tutorial_dag.py took 0.093 seconds
[2025-07-06T04:38:31.558+0000] {processor.py:186} INFO - Started process (PID=641) to work on /home/airflow/.local/lib/python3.12/site-packages/airflow/example_dags/tutorial_dag.py
[2025-07-06T04:38:31.559+0000] {processor.py:914} INFO - Processing file /home/airflow/.local/lib/python3.12/site-packages/airflow/example_dags/tutorial_dag.py for tasks to queue
[2025-07-06T04:38:31.561+0000] {logging_mixin.py:190} INFO - [2025-07-06T04:38:31.561+0000] {dagbag.py:588} INFO - Filling up the DagBag from /home/airflow/.local/lib/python3.12/site-packages/airflow/example_dags/tutorial_dag.py
[2025-07-06T04:38:31.570+0000] {processor.py:925} INFO - DAG(s) 'tutorial_dag' retrieved from /home/airflow/.local/lib/python3.12/site-packages/airflow/example_dags/tutorial_dag.py
[2025-07-06T04:38:31.593+0000] {logging_mixin.py:190} INFO - [2025-07-06T04:38:31.592+0000] {dag.py:3239} INFO - Sync 1 DAGs
[2025-07-06T04:38:31.611+0000] {logging_mixin.py:190} INFO - [2025-07-06T04:38:31.611+0000] {dag.py:4180} INFO - Setting next_dagrun for tutorial_dag to None, run_after=None
[2025-07-06T04:38:31.631+0000] {processor.py:208} INFO - Processing /home/airflow/.local/lib/python3.12/site-packages/airflow/example_dags/tutorial_dag.py took 0.084 seconds
[2025-07-06T04:39:01.715+0000] {processor.py:186} INFO - Started process (PID=705) to work on /home/airflow/.local/lib/python3.12/site-packages/airflow/example_dags/tutorial_dag.py
[2025-07-06T04:39:01.716+0000] {processor.py:914} INFO - Processing file /home/airflow/.local/lib/python3.12/site-packages/airflow/example_dags/tutorial_dag.py for tasks to queue
[2025-07-06T04:39:01.718+0000] {logging_mixin.py:190} INFO - [2025-07-06T04:39:01.718+0000] {dagbag.py:588} INFO - Filling up the DagBag from /home/airflow/.local/lib/python3.12/site-packages/airflow/example_dags/tutorial_dag.py
[2025-07-06T04:39:01.727+0000] {processor.py:925} INFO - DAG(s) 'tutorial_dag' retrieved from /home/airflow/.local/lib/python3.12/site-packages/airflow/example_dags/tutorial_dag.py
[2025-07-06T04:39:01.751+0000] {logging_mixin.py:190} INFO - [2025-07-06T04:39:01.751+0000] {dag.py:3239} INFO - Sync 1 DAGs
[2025-07-06T04:39:01.770+0000] {logging_mixin.py:190} INFO - [2025-07-06T04:39:01.770+0000] {dag.py:4180} INFO - Setting next_dagrun for tutorial_dag to None, run_after=None
[2025-07-06T04:39:01.790+0000] {processor.py:208} INFO - Processing /home/airflow/.local/lib/python3.12/site-packages/airflow/example_dags/tutorial_dag.py took 0.083 seconds
[2025-07-06T04:39:33.202+0000] {processor.py:186} INFO - Started process (PID=769) to work on /home/airflow/.local/lib/python3.12/site-packages/airflow/example_dags/tutorial_dag.py
[2025-07-06T04:39:33.204+0000] {processor.py:914} INFO - Processing file /home/airflow/.local/lib/python3.12/site-packages/airflow/example_dags/tutorial_dag.py for tasks to queue
[2025-07-06T04:39:33.211+0000] {logging_mixin.py:190} INFO - [2025-07-06T04:39:33.210+0000] {dagbag.py:588} INFO - Filling up the DagBag from /home/airflow/.local/lib/python3.12/site-packages/airflow/example_dags/tutorial_dag.py
[2025-07-06T04:39:33.238+0000] {processor.py:925} INFO - DAG(s) 'tutorial_dag' retrieved from /home/airflow/.local/lib/python3.12/site-packages/airflow/example_dags/tutorial_dag.py
[2025-07-06T04:39:33.330+0000] {logging_mixin.py:190} INFO - [2025-07-06T04:39:33.330+0000] {dag.py:3239} INFO - Sync 1 DAGs
[2025-07-06T04:39:33.387+0000] {logging_mixin.py:190} INFO - [2025-07-06T04:39:33.386+0000] {dag.py:4180} INFO - Setting next_dagrun for tutorial_dag to None, run_after=None
[2025-07-06T04:39:33.459+0000] {processor.py:208} INFO - Processing /home/airflow/.local/lib/python3.12/site-packages/airflow/example_dags/tutorial_dag.py took 0.275 seconds
[2025-07-06T04:40:04.554+0000] {processor.py:186} INFO - Started process (PID=833) to work on /home/airflow/.local/lib/python3.12/site-packages/airflow/example_dags/tutorial_dag.py
[2025-07-06T04:40:04.556+0000] {processor.py:914} INFO - Processing file /home/airflow/.local/lib/python3.12/site-packages/airflow/example_dags/tutorial_dag.py for tasks to queue
[2025-07-06T04:40:04.562+0000] {logging_mixin.py:190} INFO - [2025-07-06T04:40:04.562+0000] {dagbag.py:588} INFO - Filling up the DagBag from /home/airflow/.local/lib/python3.12/site-packages/airflow/example_dags/tutorial_dag.py
[2025-07-06T04:40:04.583+0000] {processor.py:925} INFO - DAG(s) 'tutorial_dag' retrieved from /home/airflow/.local/lib/python3.12/site-packages/airflow/example_dags/tutorial_dag.py
[2025-07-06T04:40:04.634+0000] {logging_mixin.py:190} INFO - [2025-07-06T04:40:04.633+0000] {dag.py:3239} INFO - Sync 1 DAGs
[2025-07-06T04:40:04.674+0000] {logging_mixin.py:190} INFO - [2025-07-06T04:40:04.673+0000] {dag.py:4180} INFO - Setting next_dagrun for tutorial_dag to None, run_after=None
[2025-07-06T04:40:04.718+0000] {processor.py:208} INFO - Processing /home/airflow/.local/lib/python3.12/site-packages/airflow/example_dags/tutorial_dag.py took 0.178 seconds
[2025-07-06T04:40:34.844+0000] {processor.py:186} INFO - Started process (PID=897) to work on /home/airflow/.local/lib/python3.12/site-packages/airflow/example_dags/tutorial_dag.py
[2025-07-06T04:40:34.845+0000] {processor.py:914} INFO - Processing file /home/airflow/.local/lib/python3.12/site-packages/airflow/example_dags/tutorial_dag.py for tasks to queue
[2025-07-06T04:40:34.848+0000] {logging_mixin.py:190} INFO - [2025-07-06T04:40:34.847+0000] {dagbag.py:588} INFO - Filling up the DagBag from /home/airflow/.local/lib/python3.12/site-packages/airflow/example_dags/tutorial_dag.py
[2025-07-06T04:40:34.856+0000] {processor.py:925} INFO - DAG(s) 'tutorial_dag' retrieved from /home/airflow/.local/lib/python3.12/site-packages/airflow/example_dags/tutorial_dag.py
[2025-07-06T04:40:34.878+0000] {logging_mixin.py:190} INFO - [2025-07-06T04:40:34.878+0000] {dag.py:3239} INFO - Sync 1 DAGs
[2025-07-06T04:40:34.895+0000] {logging_mixin.py:190} INFO - [2025-07-06T04:40:34.894+0000] {dag.py:4180} INFO - Setting next_dagrun for tutorial_dag to None, run_after=None
[2025-07-06T04:40:34.910+0000] {processor.py:208} INFO - Processing /home/airflow/.local/lib/python3.12/site-packages/airflow/example_dags/tutorial_dag.py took 0.073 seconds
[2025-07-06T04:41:05.688+0000] {processor.py:186} INFO - Started process (PID=960) to work on /home/airflow/.local/lib/python3.12/site-packages/airflow/example_dags/tutorial_dag.py
[2025-07-06T04:41:05.692+0000] {processor.py:914} INFO - Processing file /home/airflow/.local/lib/python3.12/site-packages/airflow/example_dags/tutorial_dag.py for tasks to queue
[2025-07-06T04:41:05.698+0000] {logging_mixin.py:190} INFO - [2025-07-06T04:41:05.698+0000] {dagbag.py:588} INFO - Filling up the DagBag from /home/airflow/.local/lib/python3.12/site-packages/airflow/example_dags/tutorial_dag.py
[2025-07-06T04:41:05.718+0000] {processor.py:925} INFO - DAG(s) 'tutorial_dag' retrieved from /home/airflow/.local/lib/python3.12/site-packages/airflow/example_dags/tutorial_dag.py
[2025-07-06T04:41:05.754+0000] {logging_mixin.py:190} INFO - [2025-07-06T04:41:05.753+0000] {dag.py:3239} INFO - Sync 1 DAGs
[2025-07-06T04:41:05.784+0000] {logging_mixin.py:190} INFO - [2025-07-06T04:41:05.783+0000] {dag.py:4180} INFO - Setting next_dagrun for tutorial_dag to None, run_after=None
[2025-07-06T04:41:05.816+0000] {processor.py:208} INFO - Processing /home/airflow/.local/lib/python3.12/site-packages/airflow/example_dags/tutorial_dag.py took 0.148 seconds
[2025-07-06T04:41:35.892+0000] {processor.py:186} INFO - Started process (PID=1024) to work on /home/airflow/.local/lib/python3.12/site-packages/airflow/example_dags/tutorial_dag.py
[2025-07-06T04:41:35.893+0000] {processor.py:914} INFO - Processing file /home/airflow/.local/lib/python3.12/site-packages/airflow/example_dags/tutorial_dag.py for tasks to queue
[2025-07-06T04:41:35.896+0000] {logging_mixin.py:190} INFO - [2025-07-06T04:41:35.896+0000] {dagbag.py:588} INFO - Filling up the DagBag from /home/airflow/.local/lib/python3.12/site-packages/airflow/example_dags/tutorial_dag.py
[2025-07-06T04:41:35.905+0000] {processor.py:925} INFO - DAG(s) 'tutorial_dag' retrieved from /home/airflow/.local/lib/python3.12/site-packages/airflow/example_dags/tutorial_dag.py
[2025-07-06T04:41:35.930+0000] {logging_mixin.py:190} INFO - [2025-07-06T04:41:35.929+0000] {dag.py:3239} INFO - Sync 1 DAGs
[2025-07-06T04:41:35.948+0000] {logging_mixin.py:190} INFO - [2025-07-06T04:41:35.948+0000] {dag.py:4180} INFO - Setting next_dagrun for tutorial_dag to None, run_after=None
[2025-07-06T04:41:35.967+0000] {processor.py:208} INFO - Processing /home/airflow/.local/lib/python3.12/site-packages/airflow/example_dags/tutorial_dag.py took 0.082 seconds
[2025-07-06T04:42:06.599+0000] {processor.py:186} INFO - Started process (PID=1088) to work on /home/airflow/.local/lib/python3.12/site-packages/airflow/example_dags/tutorial_dag.py
[2025-07-06T04:42:06.600+0000] {processor.py:914} INFO - Processing file /home/airflow/.local/lib/python3.12/site-packages/airflow/example_dags/tutorial_dag.py for tasks to queue
[2025-07-06T04:42:06.602+0000] {logging_mixin.py:190} INFO - [2025-07-06T04:42:06.602+0000] {dagbag.py:588} INFO - Filling up the DagBag from /home/airflow/.local/lib/python3.12/site-packages/airflow/example_dags/tutorial_dag.py
[2025-07-06T04:42:06.611+0000] {processor.py:925} INFO - DAG(s) 'tutorial_dag' retrieved from /home/airflow/.local/lib/python3.12/site-packages/airflow/example_dags/tutorial_dag.py
[2025-07-06T04:42:06.633+0000] {logging_mixin.py:190} INFO - [2025-07-06T04:42:06.633+0000] {dag.py:3239} INFO - Sync 1 DAGs
[2025-07-06T04:42:06.650+0000] {logging_mixin.py:190} INFO - [2025-07-06T04:42:06.650+0000] {dag.py:4180} INFO - Setting next_dagrun for tutorial_dag to None, run_after=None
[2025-07-06T04:42:06.670+0000] {processor.py:208} INFO - Processing /home/airflow/.local/lib/python3.12/site-packages/airflow/example_dags/tutorial_dag.py took 0.078 seconds
[2025-07-06T04:42:37.013+0000] {processor.py:186} INFO - Started process (PID=1151) to work on /home/airflow/.local/lib/python3.12/site-packages/airflow/example_dags/tutorial_dag.py
[2025-07-06T04:42:37.014+0000] {processor.py:914} INFO - Processing file /home/airflow/.local/lib/python3.12/site-packages/airflow/example_dags/tutorial_dag.py for tasks to queue
[2025-07-06T04:42:37.017+0000] {logging_mixin.py:190} INFO - [2025-07-06T04:42:37.016+0000] {dagbag.py:588} INFO - Filling up the DagBag from /home/airflow/.local/lib/python3.12/site-packages/airflow/example_dags/tutorial_dag.py
[2025-07-06T04:42:37.026+0000] {processor.py:925} INFO - DAG(s) 'tutorial_dag' retrieved from /home/airflow/.local/lib/python3.12/site-packages/airflow/example_dags/tutorial_dag.py
[2025-07-06T04:42:37.049+0000] {logging_mixin.py:190} INFO - [2025-07-06T04:42:37.049+0000] {dag.py:3239} INFO - Sync 1 DAGs
[2025-07-06T04:42:37.067+0000] {logging_mixin.py:190} INFO - [2025-07-06T04:42:37.066+0000] {dag.py:4180} INFO - Setting next_dagrun for tutorial_dag to None, run_after=None
[2025-07-06T04:42:37.085+0000] {processor.py:208} INFO - Processing /home/airflow/.local/lib/python3.12/site-packages/airflow/example_dags/tutorial_dag.py took 0.079 seconds
[2025-07-06T04:43:08.027+0000] {processor.py:186} INFO - Started process (PID=1215) to work on /home/airflow/.local/lib/python3.12/site-packages/airflow/example_dags/tutorial_dag.py
[2025-07-06T04:43:08.028+0000] {processor.py:914} INFO - Processing file /home/airflow/.local/lib/python3.12/site-packages/airflow/example_dags/tutorial_dag.py for tasks to queue
[2025-07-06T04:43:08.031+0000] {logging_mixin.py:190} INFO - [2025-07-06T04:43:08.030+0000] {dagbag.py:588} INFO - Filling up the DagBag from /home/airflow/.local/lib/python3.12/site-packages/airflow/example_dags/tutorial_dag.py
[2025-07-06T04:43:08.043+0000] {processor.py:925} INFO - DAG(s) 'tutorial_dag' retrieved from /home/airflow/.local/lib/python3.12/site-packages/airflow/example_dags/tutorial_dag.py
[2025-07-06T04:43:08.069+0000] {logging_mixin.py:190} INFO - [2025-07-06T04:43:08.068+0000] {dag.py:3239} INFO - Sync 1 DAGs
[2025-07-06T04:43:08.087+0000] {logging_mixin.py:190} INFO - [2025-07-06T04:43:08.086+0000] {dag.py:4180} INFO - Setting next_dagrun for tutorial_dag to None, run_after=None
[2025-07-06T04:43:08.107+0000] {processor.py:208} INFO - Processing /home/airflow/.local/lib/python3.12/site-packages/airflow/example_dags/tutorial_dag.py took 0.087 seconds
