[2025-02-23T04:46:13.509+0000] {processor.py:186} INFO - Started process (PID=91) to work on /home/airflow/.local/lib/python3.12/site-packages/airflow/example_dags/example_complex.py
[2025-02-23T04:46:13.509+0000] {processor.py:914} INFO - Processing file /home/airflow/.local/lib/python3.12/site-packages/airflow/example_dags/example_complex.py for tasks to queue
[2025-02-23T04:46:13.511+0000] {logging_mixin.py:190} INFO - [2025-02-23T04:46:13.511+0000] {dagbag.py:588} INFO - Filling up the DagBag from /home/airflow/.local/lib/python3.12/site-packages/airflow/example_dags/example_complex.py
[2025-02-23T04:46:13.523+0000] {processor.py:925} INFO - DAG(s) 'example_complex' retrieved from /home/airflow/.local/lib/python3.12/site-packages/airflow/example_dags/example_complex.py
[2025-02-23T04:46:13.664+0000] {logging_mixin.py:190} INFO - [2025-02-23T04:46:13.662+0000] {override.py:1911} INFO - Created Permission View: can delete on DAG:example_complex
[2025-02-23T04:46:13.674+0000] {logging_mixin.py:190} INFO - [2025-02-23T04:46:13.674+0000] {override.py:1911} INFO - Created Permission View: can read on DAG:example_complex
[2025-02-23T04:46:13.680+0000] {logging_mixin.py:190} INFO - [2025-02-23T04:46:13.679+0000] {override.py:1911} INFO - Created Permission View: can edit on DAG:example_complex
[2025-02-23T04:46:13.686+0000] {logging_mixin.py:190} INFO - [2025-02-23T04:46:13.686+0000] {override.py:1911} INFO - Created Permission View: can create on DAG Run:example_complex
[2025-02-23T04:46:13.691+0000] {logging_mixin.py:190} INFO - [2025-02-23T04:46:13.691+0000] {override.py:1911} INFO - Created Permission View: can read on DAG Run:example_complex
[2025-02-23T04:46:13.697+0000] {logging_mixin.py:190} INFO - [2025-02-23T04:46:13.696+0000] {override.py:1911} INFO - Created Permission View: menu access on DAG Run:example_complex
[2025-02-23T04:46:13.702+0000] {logging_mixin.py:190} INFO - [2025-02-23T04:46:13.702+0000] {override.py:1911} INFO - Created Permission View: can delete on DAG Run:example_complex
[2025-02-23T04:46:13.702+0000] {logging_mixin.py:190} INFO - [2025-02-23T04:46:13.702+0000] {dag.py:3239} INFO - Sync 1 DAGs
[2025-02-23T04:46:13.717+0000] {logging_mixin.py:190} INFO - [2025-02-23T04:46:13.717+0000] {dag.py:3262} INFO - Creating ORM DAG for example_complex
[2025-02-23T04:46:13.718+0000] {logging_mixin.py:190} INFO - [2025-02-23T04:46:13.718+0000] {dag.py:4180} INFO - Setting next_dagrun for example_complex to None, run_after=None
[2025-02-23T04:46:13.739+0000] {processor.py:208} INFO - Processing /home/airflow/.local/lib/python3.12/site-packages/airflow/example_dags/example_complex.py took 0.235 seconds
[2025-02-23T04:46:43.896+0000] {processor.py:186} INFO - Started process (PID=154) to work on /home/airflow/.local/lib/python3.12/site-packages/airflow/example_dags/example_complex.py
[2025-02-23T04:46:43.896+0000] {processor.py:914} INFO - Processing file /home/airflow/.local/lib/python3.12/site-packages/airflow/example_dags/example_complex.py for tasks to queue
[2025-02-23T04:46:43.898+0000] {logging_mixin.py:190} INFO - [2025-02-23T04:46:43.898+0000] {dagbag.py:588} INFO - Filling up the DagBag from /home/airflow/.local/lib/python3.12/site-packages/airflow/example_dags/example_complex.py
[2025-02-23T04:46:43.910+0000] {processor.py:925} INFO - DAG(s) 'example_complex' retrieved from /home/airflow/.local/lib/python3.12/site-packages/airflow/example_dags/example_complex.py
[2025-02-23T04:46:43.934+0000] {logging_mixin.py:190} INFO - [2025-02-23T04:46:43.933+0000] {dag.py:3239} INFO - Sync 1 DAGs
[2025-02-23T04:46:43.945+0000] {logging_mixin.py:190} INFO - [2025-02-23T04:46:43.945+0000] {dag.py:4180} INFO - Setting next_dagrun for example_complex to None, run_after=None
[2025-02-23T04:46:43.958+0000] {processor.py:208} INFO - Processing /home/airflow/.local/lib/python3.12/site-packages/airflow/example_dags/example_complex.py took 0.068 seconds
[2025-02-23T04:47:14.748+0000] {processor.py:186} INFO - Started process (PID=217) to work on /home/airflow/.local/lib/python3.12/site-packages/airflow/example_dags/example_complex.py
[2025-02-23T04:47:14.749+0000] {processor.py:914} INFO - Processing file /home/airflow/.local/lib/python3.12/site-packages/airflow/example_dags/example_complex.py for tasks to queue
[2025-02-23T04:47:14.750+0000] {logging_mixin.py:190} INFO - [2025-02-23T04:47:14.750+0000] {dagbag.py:588} INFO - Filling up the DagBag from /home/airflow/.local/lib/python3.12/site-packages/airflow/example_dags/example_complex.py
[2025-02-23T04:47:14.759+0000] {processor.py:925} INFO - DAG(s) 'example_complex' retrieved from /home/airflow/.local/lib/python3.12/site-packages/airflow/example_dags/example_complex.py
[2025-02-23T04:47:14.788+0000] {logging_mixin.py:190} INFO - [2025-02-23T04:47:14.788+0000] {dag.py:3239} INFO - Sync 1 DAGs
[2025-02-23T04:47:14.800+0000] {logging_mixin.py:190} INFO - [2025-02-23T04:47:14.800+0000] {dag.py:4180} INFO - Setting next_dagrun for example_complex to None, run_after=None
[2025-02-23T04:47:14.812+0000] {processor.py:208} INFO - Processing /home/airflow/.local/lib/python3.12/site-packages/airflow/example_dags/example_complex.py took 0.069 seconds
[2025-02-23T04:47:45.752+0000] {processor.py:186} INFO - Started process (PID=281) to work on /home/airflow/.local/lib/python3.12/site-packages/airflow/example_dags/example_complex.py
[2025-02-23T04:47:45.752+0000] {processor.py:914} INFO - Processing file /home/airflow/.local/lib/python3.12/site-packages/airflow/example_dags/example_complex.py for tasks to queue
[2025-02-23T04:47:45.754+0000] {logging_mixin.py:190} INFO - [2025-02-23T04:47:45.754+0000] {dagbag.py:588} INFO - Filling up the DagBag from /home/airflow/.local/lib/python3.12/site-packages/airflow/example_dags/example_complex.py
[2025-02-23T04:47:45.768+0000] {processor.py:925} INFO - DAG(s) 'example_complex' retrieved from /home/airflow/.local/lib/python3.12/site-packages/airflow/example_dags/example_complex.py
[2025-02-23T04:47:45.800+0000] {logging_mixin.py:190} INFO - [2025-02-23T04:47:45.800+0000] {dag.py:3239} INFO - Sync 1 DAGs
[2025-02-23T04:47:45.815+0000] {logging_mixin.py:190} INFO - [2025-02-23T04:47:45.815+0000] {dag.py:4180} INFO - Setting next_dagrun for example_complex to None, run_after=None
[2025-02-23T04:47:45.830+0000] {processor.py:208} INFO - Processing /home/airflow/.local/lib/python3.12/site-packages/airflow/example_dags/example_complex.py took 0.084 seconds
[2025-02-23T04:48:16.164+0000] {processor.py:186} INFO - Started process (PID=343) to work on /home/airflow/.local/lib/python3.12/site-packages/airflow/example_dags/example_complex.py
[2025-02-23T04:48:16.165+0000] {processor.py:914} INFO - Processing file /home/airflow/.local/lib/python3.12/site-packages/airflow/example_dags/example_complex.py for tasks to queue
[2025-02-23T04:48:16.167+0000] {logging_mixin.py:190} INFO - [2025-02-23T04:48:16.166+0000] {dagbag.py:588} INFO - Filling up the DagBag from /home/airflow/.local/lib/python3.12/site-packages/airflow/example_dags/example_complex.py
[2025-02-23T04:48:16.181+0000] {processor.py:925} INFO - DAG(s) 'example_complex' retrieved from /home/airflow/.local/lib/python3.12/site-packages/airflow/example_dags/example_complex.py
[2025-02-23T04:48:16.219+0000] {logging_mixin.py:190} INFO - [2025-02-23T04:48:16.218+0000] {dag.py:3239} INFO - Sync 1 DAGs
[2025-02-23T04:48:16.236+0000] {logging_mixin.py:190} INFO - [2025-02-23T04:48:16.235+0000] {dag.py:4180} INFO - Setting next_dagrun for example_complex to None, run_after=None
[2025-02-23T04:48:16.253+0000] {processor.py:208} INFO - Processing /home/airflow/.local/lib/python3.12/site-packages/airflow/example_dags/example_complex.py took 0.096 seconds
[2025-02-23T04:48:46.554+0000] {processor.py:186} INFO - Started process (PID=407) to work on /home/airflow/.local/lib/python3.12/site-packages/airflow/example_dags/example_complex.py
[2025-02-23T04:48:46.555+0000] {processor.py:914} INFO - Processing file /home/airflow/.local/lib/python3.12/site-packages/airflow/example_dags/example_complex.py for tasks to queue
[2025-02-23T04:48:46.557+0000] {logging_mixin.py:190} INFO - [2025-02-23T04:48:46.556+0000] {dagbag.py:588} INFO - Filling up the DagBag from /home/airflow/.local/lib/python3.12/site-packages/airflow/example_dags/example_complex.py
[2025-02-23T04:48:46.566+0000] {processor.py:925} INFO - DAG(s) 'example_complex' retrieved from /home/airflow/.local/lib/python3.12/site-packages/airflow/example_dags/example_complex.py
[2025-02-23T04:48:46.593+0000] {logging_mixin.py:190} INFO - [2025-02-23T04:48:46.593+0000] {dag.py:3239} INFO - Sync 1 DAGs
[2025-02-23T04:48:46.608+0000] {logging_mixin.py:190} INFO - [2025-02-23T04:48:46.608+0000] {dag.py:4180} INFO - Setting next_dagrun for example_complex to None, run_after=None
[2025-02-23T04:48:46.625+0000] {processor.py:208} INFO - Processing /home/airflow/.local/lib/python3.12/site-packages/airflow/example_dags/example_complex.py took 0.075 seconds
[2025-02-23T04:49:17.043+0000] {processor.py:186} INFO - Started process (PID=470) to work on /home/airflow/.local/lib/python3.12/site-packages/airflow/example_dags/example_complex.py
[2025-02-23T04:49:17.043+0000] {processor.py:914} INFO - Processing file /home/airflow/.local/lib/python3.12/site-packages/airflow/example_dags/example_complex.py for tasks to queue
[2025-02-23T04:49:17.045+0000] {logging_mixin.py:190} INFO - [2025-02-23T04:49:17.045+0000] {dagbag.py:588} INFO - Filling up the DagBag from /home/airflow/.local/lib/python3.12/site-packages/airflow/example_dags/example_complex.py
[2025-02-23T04:49:17.058+0000] {processor.py:925} INFO - DAG(s) 'example_complex' retrieved from /home/airflow/.local/lib/python3.12/site-packages/airflow/example_dags/example_complex.py
[2025-02-23T04:49:17.093+0000] {logging_mixin.py:190} INFO - [2025-02-23T04:49:17.093+0000] {dag.py:3239} INFO - Sync 1 DAGs
[2025-02-23T04:49:17.105+0000] {logging_mixin.py:190} INFO - [2025-02-23T04:49:17.105+0000] {dag.py:4180} INFO - Setting next_dagrun for example_complex to None, run_after=None
[2025-02-23T04:49:17.122+0000] {processor.py:208} INFO - Processing /home/airflow/.local/lib/python3.12/site-packages/airflow/example_dags/example_complex.py took 0.085 seconds
[2025-02-23T04:49:47.328+0000] {processor.py:186} INFO - Started process (PID=533) to work on /home/airflow/.local/lib/python3.12/site-packages/airflow/example_dags/example_complex.py
[2025-02-23T04:49:47.328+0000] {processor.py:914} INFO - Processing file /home/airflow/.local/lib/python3.12/site-packages/airflow/example_dags/example_complex.py for tasks to queue
[2025-02-23T04:49:47.330+0000] {logging_mixin.py:190} INFO - [2025-02-23T04:49:47.330+0000] {dagbag.py:588} INFO - Filling up the DagBag from /home/airflow/.local/lib/python3.12/site-packages/airflow/example_dags/example_complex.py
[2025-02-23T04:49:47.341+0000] {processor.py:925} INFO - DAG(s) 'example_complex' retrieved from /home/airflow/.local/lib/python3.12/site-packages/airflow/example_dags/example_complex.py
[2025-02-23T04:49:47.367+0000] {logging_mixin.py:190} INFO - [2025-02-23T04:49:47.367+0000] {dag.py:3239} INFO - Sync 1 DAGs
[2025-02-23T04:49:47.381+0000] {logging_mixin.py:190} INFO - [2025-02-23T04:49:47.381+0000] {dag.py:4180} INFO - Setting next_dagrun for example_complex to None, run_after=None
[2025-02-23T04:49:47.394+0000] {processor.py:208} INFO - Processing /home/airflow/.local/lib/python3.12/site-packages/airflow/example_dags/example_complex.py took 0.070 seconds
