[2025-02-23T04:46:10.471+0000] {processor.py:186} INFO - Started process (PID=78) to work on /home/airflow/.local/lib/python3.12/site-packages/airflow/example_dags/example_dataset_alias.py
[2025-02-23T04:46:10.471+0000] {processor.py:914} INFO - Processing file /home/airflow/.local/lib/python3.12/site-packages/airflow/example_dags/example_dataset_alias.py for tasks to queue
[2025-02-23T04:46:10.473+0000] {logging_mixin.py:190} INFO - [2025-02-23T04:46:10.473+0000] {dagbag.py:588} INFO - Filling up the DagBag from /home/airflow/.local/lib/python3.12/site-packages/airflow/example_dags/example_dataset_alias.py
[2025-02-23T04:46:12.322+0000] {processor.py:925} INFO - DAG(s) 'dataset_s3_bucket_consumer', 'dataset_s3_bucket_producer', 'dataset_alias_example_alias_producer', 'dataset_alias_example_alias_consumer' retrieved from /home/airflow/.local/lib/python3.12/site-packages/airflow/example_dags/example_dataset_alias.py
[2025-02-23T04:46:12.406+0000] {logging_mixin.py:190} INFO - [2025-02-23T04:46:12.406+0000] {override.py:1911} INFO - Created Permission View: can delete on DAG:dataset_s3_bucket_consumer
[2025-02-23T04:46:12.413+0000] {logging_mixin.py:190} INFO - [2025-02-23T04:46:12.413+0000] {override.py:1911} INFO - Created Permission View: can read on DAG:dataset_s3_bucket_consumer
[2025-02-23T04:46:12.418+0000] {logging_mixin.py:190} INFO - [2025-02-23T04:46:12.418+0000] {override.py:1911} INFO - Created Permission View: can edit on DAG:dataset_s3_bucket_consumer
[2025-02-23T04:46:12.423+0000] {logging_mixin.py:190} INFO - [2025-02-23T04:46:12.423+0000] {override.py:1911} INFO - Created Permission View: can create on DAG Run:dataset_s3_bucket_consumer
[2025-02-23T04:46:12.427+0000] {logging_mixin.py:190} INFO - [2025-02-23T04:46:12.427+0000] {override.py:1911} INFO - Created Permission View: can read on DAG Run:dataset_s3_bucket_consumer
[2025-02-23T04:46:12.432+0000] {logging_mixin.py:190} INFO - [2025-02-23T04:46:12.432+0000] {override.py:1911} INFO - Created Permission View: menu access on DAG Run:dataset_s3_bucket_consumer
[2025-02-23T04:46:12.436+0000] {logging_mixin.py:190} INFO - [2025-02-23T04:46:12.436+0000] {override.py:1911} INFO - Created Permission View: can delete on DAG Run:dataset_s3_bucket_consumer
[2025-02-23T04:46:12.445+0000] {logging_mixin.py:190} INFO - [2025-02-23T04:46:12.445+0000] {override.py:1911} INFO - Created Permission View: can delete on DAG:dataset_s3_bucket_producer
[2025-02-23T04:46:12.449+0000] {logging_mixin.py:190} INFO - [2025-02-23T04:46:12.449+0000] {override.py:1911} INFO - Created Permission View: can read on DAG:dataset_s3_bucket_producer
[2025-02-23T04:46:12.454+0000] {logging_mixin.py:190} INFO - [2025-02-23T04:46:12.454+0000] {override.py:1911} INFO - Created Permission View: can edit on DAG:dataset_s3_bucket_producer
[2025-02-23T04:46:12.458+0000] {logging_mixin.py:190} INFO - [2025-02-23T04:46:12.458+0000] {override.py:1911} INFO - Created Permission View: can create on DAG Run:dataset_s3_bucket_producer
[2025-02-23T04:46:12.463+0000] {logging_mixin.py:190} INFO - [2025-02-23T04:46:12.463+0000] {override.py:1911} INFO - Created Permission View: can read on DAG Run:dataset_s3_bucket_producer
[2025-02-23T04:46:12.468+0000] {logging_mixin.py:190} INFO - [2025-02-23T04:46:12.468+0000] {override.py:1911} INFO - Created Permission View: menu access on DAG Run:dataset_s3_bucket_producer
[2025-02-23T04:46:12.473+0000] {logging_mixin.py:190} INFO - [2025-02-23T04:46:12.473+0000] {override.py:1911} INFO - Created Permission View: can delete on DAG Run:dataset_s3_bucket_producer
[2025-02-23T04:46:12.483+0000] {logging_mixin.py:190} INFO - [2025-02-23T04:46:12.483+0000] {override.py:1911} INFO - Created Permission View: can delete on DAG:dataset_alias_example_alias_producer
[2025-02-23T04:46:12.489+0000] {logging_mixin.py:190} INFO - [2025-02-23T04:46:12.489+0000] {override.py:1911} INFO - Created Permission View: can read on DAG:dataset_alias_example_alias_producer
[2025-02-23T04:46:12.494+0000] {logging_mixin.py:190} INFO - [2025-02-23T04:46:12.493+0000] {override.py:1911} INFO - Created Permission View: can edit on DAG:dataset_alias_example_alias_producer
[2025-02-23T04:46:12.498+0000] {logging_mixin.py:190} INFO - [2025-02-23T04:46:12.498+0000] {override.py:1911} INFO - Created Permission View: can create on DAG Run:dataset_alias_example_alias_producer
[2025-02-23T04:46:12.503+0000] {logging_mixin.py:190} INFO - [2025-02-23T04:46:12.503+0000] {override.py:1911} INFO - Created Permission View: can read on DAG Run:dataset_alias_example_alias_producer
[2025-02-23T04:46:12.510+0000] {logging_mixin.py:190} INFO - [2025-02-23T04:46:12.509+0000] {override.py:1911} INFO - Created Permission View: menu access on DAG Run:dataset_alias_example_alias_producer
[2025-02-23T04:46:12.515+0000] {logging_mixin.py:190} INFO - [2025-02-23T04:46:12.515+0000] {override.py:1911} INFO - Created Permission View: can delete on DAG Run:dataset_alias_example_alias_producer
[2025-02-23T04:46:12.527+0000] {logging_mixin.py:190} INFO - [2025-02-23T04:46:12.527+0000] {override.py:1911} INFO - Created Permission View: can delete on DAG:dataset_alias_example_alias_consumer
[2025-02-23T04:46:12.534+0000] {logging_mixin.py:190} INFO - [2025-02-23T04:46:12.533+0000] {override.py:1911} INFO - Created Permission View: can read on DAG:dataset_alias_example_alias_consumer
[2025-02-23T04:46:12.540+0000] {logging_mixin.py:190} INFO - [2025-02-23T04:46:12.540+0000] {override.py:1911} INFO - Created Permission View: can edit on DAG:dataset_alias_example_alias_consumer
[2025-02-23T04:46:12.546+0000] {logging_mixin.py:190} INFO - [2025-02-23T04:46:12.546+0000] {override.py:1911} INFO - Created Permission View: can create on DAG Run:dataset_alias_example_alias_consumer
[2025-02-23T04:46:12.552+0000] {logging_mixin.py:190} INFO - [2025-02-23T04:46:12.551+0000] {override.py:1911} INFO - Created Permission View: can read on DAG Run:dataset_alias_example_alias_consumer
[2025-02-23T04:46:12.557+0000] {logging_mixin.py:190} INFO - [2025-02-23T04:46:12.557+0000] {override.py:1911} INFO - Created Permission View: menu access on DAG Run:dataset_alias_example_alias_consumer
[2025-02-23T04:46:12.563+0000] {logging_mixin.py:190} INFO - [2025-02-23T04:46:12.563+0000] {override.py:1911} INFO - Created Permission View: can delete on DAG Run:dataset_alias_example_alias_consumer
[2025-02-23T04:46:12.564+0000] {logging_mixin.py:190} INFO - [2025-02-23T04:46:12.563+0000] {dag.py:3239} INFO - Sync 4 DAGs
[2025-02-23T04:46:12.577+0000] {logging_mixin.py:190} INFO - [2025-02-23T04:46:12.576+0000] {dag.py:3262} INFO - Creating ORM DAG for dataset_s3_bucket_consumer
[2025-02-23T04:46:12.578+0000] {logging_mixin.py:190} INFO - [2025-02-23T04:46:12.577+0000] {dag.py:3262} INFO - Creating ORM DAG for dataset_s3_bucket_producer
[2025-02-23T04:46:12.578+0000] {logging_mixin.py:190} INFO - [2025-02-23T04:46:12.578+0000] {dag.py:3262} INFO - Creating ORM DAG for dataset_alias_example_alias_consumer
[2025-02-23T04:46:12.579+0000] {logging_mixin.py:190} INFO - [2025-02-23T04:46:12.579+0000] {dag.py:3262} INFO - Creating ORM DAG for dataset_alias_example_alias_producer
[2025-02-23T04:46:12.589+0000] {logging_mixin.py:190} INFO - [2025-02-23T04:46:12.589+0000] {dag.py:4180} INFO - Setting next_dagrun for dataset_alias_example_alias_consumer to None, run_after=None
[2025-02-23T04:46:12.590+0000] {logging_mixin.py:190} INFO - [2025-02-23T04:46:12.590+0000] {dag.py:4180} INFO - Setting next_dagrun for dataset_alias_example_alias_producer to None, run_after=None
[2025-02-23T04:46:12.591+0000] {logging_mixin.py:190} INFO - [2025-02-23T04:46:12.591+0000] {dag.py:4180} INFO - Setting next_dagrun for dataset_s3_bucket_consumer to None, run_after=None
[2025-02-23T04:46:12.592+0000] {logging_mixin.py:190} INFO - [2025-02-23T04:46:12.592+0000] {dag.py:4180} INFO - Setting next_dagrun for dataset_s3_bucket_producer to None, run_after=None
[2025-02-23T04:46:12.619+0000] {processor.py:208} INFO - Processing /home/airflow/.local/lib/python3.12/site-packages/airflow/example_dags/example_dataset_alias.py took 2.154 seconds
[2025-02-23T04:46:43.140+0000] {processor.py:186} INFO - Started process (PID=144) to work on /home/airflow/.local/lib/python3.12/site-packages/airflow/example_dags/example_dataset_alias.py
[2025-02-23T04:46:43.141+0000] {processor.py:914} INFO - Processing file /home/airflow/.local/lib/python3.12/site-packages/airflow/example_dags/example_dataset_alias.py for tasks to queue
[2025-02-23T04:46:43.142+0000] {logging_mixin.py:190} INFO - [2025-02-23T04:46:43.142+0000] {dagbag.py:588} INFO - Filling up the DagBag from /home/airflow/.local/lib/python3.12/site-packages/airflow/example_dags/example_dataset_alias.py
[2025-02-23T04:46:43.730+0000] {processor.py:925} INFO - DAG(s) 'dataset_s3_bucket_producer', 'dataset_s3_bucket_consumer', 'dataset_alias_example_alias_producer', 'dataset_alias_example_alias_consumer' retrieved from /home/airflow/.local/lib/python3.12/site-packages/airflow/example_dags/example_dataset_alias.py
[2025-02-23T04:46:43.755+0000] {logging_mixin.py:190} INFO - [2025-02-23T04:46:43.754+0000] {dag.py:3239} INFO - Sync 4 DAGs
[2025-02-23T04:46:43.780+0000] {logging_mixin.py:190} INFO - [2025-02-23T04:46:43.780+0000] {dag.py:4180} INFO - Setting next_dagrun for dataset_alias_example_alias_consumer to None, run_after=None
[2025-02-23T04:46:43.783+0000] {logging_mixin.py:190} INFO - [2025-02-23T04:46:43.783+0000] {dag.py:4180} INFO - Setting next_dagrun for dataset_alias_example_alias_producer to None, run_after=None
[2025-02-23T04:46:43.785+0000] {logging_mixin.py:190} INFO - [2025-02-23T04:46:43.784+0000] {dag.py:4180} INFO - Setting next_dagrun for dataset_s3_bucket_consumer to None, run_after=None
[2025-02-23T04:46:43.786+0000] {logging_mixin.py:190} INFO - [2025-02-23T04:46:43.786+0000] {dag.py:4180} INFO - Setting next_dagrun for dataset_s3_bucket_producer to None, run_after=None
[2025-02-23T04:46:43.803+0000] {processor.py:208} INFO - Processing /home/airflow/.local/lib/python3.12/site-packages/airflow/example_dags/example_dataset_alias.py took 0.667 seconds
[2025-02-23T04:47:13.995+0000] {processor.py:186} INFO - Started process (PID=212) to work on /home/airflow/.local/lib/python3.12/site-packages/airflow/example_dags/example_dataset_alias.py
[2025-02-23T04:47:13.996+0000] {processor.py:914} INFO - Processing file /home/airflow/.local/lib/python3.12/site-packages/airflow/example_dags/example_dataset_alias.py for tasks to queue
[2025-02-23T04:47:13.998+0000] {logging_mixin.py:190} INFO - [2025-02-23T04:47:13.997+0000] {dagbag.py:588} INFO - Filling up the DagBag from /home/airflow/.local/lib/python3.12/site-packages/airflow/example_dags/example_dataset_alias.py
[2025-02-23T04:47:14.492+0000] {processor.py:925} INFO - DAG(s) 'dataset_s3_bucket_producer', 'dataset_s3_bucket_consumer', 'dataset_alias_example_alias_consumer', 'dataset_alias_example_alias_producer' retrieved from /home/airflow/.local/lib/python3.12/site-packages/airflow/example_dags/example_dataset_alias.py
[2025-02-23T04:47:14.508+0000] {logging_mixin.py:190} INFO - [2025-02-23T04:47:14.508+0000] {dag.py:3239} INFO - Sync 4 DAGs
[2025-02-23T04:47:14.525+0000] {logging_mixin.py:190} INFO - [2025-02-23T04:47:14.525+0000] {dag.py:4180} INFO - Setting next_dagrun for dataset_alias_example_alias_consumer to None, run_after=None
[2025-02-23T04:47:14.527+0000] {logging_mixin.py:190} INFO - [2025-02-23T04:47:14.527+0000] {dag.py:4180} INFO - Setting next_dagrun for dataset_alias_example_alias_producer to None, run_after=None
[2025-02-23T04:47:14.528+0000] {logging_mixin.py:190} INFO - [2025-02-23T04:47:14.528+0000] {dag.py:4180} INFO - Setting next_dagrun for dataset_s3_bucket_consumer to None, run_after=None
[2025-02-23T04:47:14.529+0000] {logging_mixin.py:190} INFO - [2025-02-23T04:47:14.529+0000] {dag.py:4180} INFO - Setting next_dagrun for dataset_s3_bucket_producer to None, run_after=None
[2025-02-23T04:47:14.545+0000] {processor.py:208} INFO - Processing /home/airflow/.local/lib/python3.12/site-packages/airflow/example_dags/example_dataset_alias.py took 0.556 seconds
[2025-02-23T04:47:45.406+0000] {processor.py:186} INFO - Started process (PID=276) to work on /home/airflow/.local/lib/python3.12/site-packages/airflow/example_dags/example_dataset_alias.py
[2025-02-23T04:47:45.406+0000] {processor.py:914} INFO - Processing file /home/airflow/.local/lib/python3.12/site-packages/airflow/example_dags/example_dataset_alias.py for tasks to queue
[2025-02-23T04:47:45.408+0000] {logging_mixin.py:190} INFO - [2025-02-23T04:47:45.408+0000] {dagbag.py:588} INFO - Filling up the DagBag from /home/airflow/.local/lib/python3.12/site-packages/airflow/example_dags/example_dataset_alias.py
[2025-02-23T04:47:45.987+0000] {processor.py:925} INFO - DAG(s) 'dataset_s3_bucket_producer', 'dataset_s3_bucket_consumer', 'dataset_alias_example_alias_consumer', 'dataset_alias_example_alias_producer' retrieved from /home/airflow/.local/lib/python3.12/site-packages/airflow/example_dags/example_dataset_alias.py
[2025-02-23T04:47:46.002+0000] {logging_mixin.py:190} INFO - [2025-02-23T04:47:46.002+0000] {dag.py:3239} INFO - Sync 4 DAGs
[2025-02-23T04:47:46.021+0000] {logging_mixin.py:190} INFO - [2025-02-23T04:47:46.021+0000] {dag.py:4180} INFO - Setting next_dagrun for dataset_alias_example_alias_consumer to None, run_after=None
[2025-02-23T04:47:46.023+0000] {logging_mixin.py:190} INFO - [2025-02-23T04:47:46.023+0000] {dag.py:4180} INFO - Setting next_dagrun for dataset_alias_example_alias_producer to None, run_after=None
[2025-02-23T04:47:46.024+0000] {logging_mixin.py:190} INFO - [2025-02-23T04:47:46.024+0000] {dag.py:4180} INFO - Setting next_dagrun for dataset_s3_bucket_consumer to None, run_after=None
[2025-02-23T04:47:46.025+0000] {logging_mixin.py:190} INFO - [2025-02-23T04:47:46.025+0000] {dag.py:4180} INFO - Setting next_dagrun for dataset_s3_bucket_producer to None, run_after=None
[2025-02-23T04:47:46.039+0000] {processor.py:208} INFO - Processing /home/airflow/.local/lib/python3.12/site-packages/airflow/example_dags/example_dataset_alias.py took 0.638 seconds
[2025-02-23T04:48:16.175+0000] {processor.py:186} INFO - Started process (PID=344) to work on /home/airflow/.local/lib/python3.12/site-packages/airflow/example_dags/example_dataset_alias.py
[2025-02-23T04:48:16.175+0000] {processor.py:914} INFO - Processing file /home/airflow/.local/lib/python3.12/site-packages/airflow/example_dags/example_dataset_alias.py for tasks to queue
[2025-02-23T04:48:16.177+0000] {logging_mixin.py:190} INFO - [2025-02-23T04:48:16.177+0000] {dagbag.py:588} INFO - Filling up the DagBag from /home/airflow/.local/lib/python3.12/site-packages/airflow/example_dags/example_dataset_alias.py
[2025-02-23T04:48:16.776+0000] {processor.py:925} INFO - DAG(s) 'dataset_s3_bucket_producer', 'dataset_alias_example_alias_producer', 'dataset_s3_bucket_consumer', 'dataset_alias_example_alias_consumer' retrieved from /home/airflow/.local/lib/python3.12/site-packages/airflow/example_dags/example_dataset_alias.py
[2025-02-23T04:48:16.803+0000] {logging_mixin.py:190} INFO - [2025-02-23T04:48:16.802+0000] {dag.py:3239} INFO - Sync 4 DAGs
[2025-02-23T04:48:16.833+0000] {logging_mixin.py:190} INFO - [2025-02-23T04:48:16.832+0000] {dag.py:4180} INFO - Setting next_dagrun for dataset_alias_example_alias_consumer to None, run_after=None
[2025-02-23T04:48:16.836+0000] {logging_mixin.py:190} INFO - [2025-02-23T04:48:16.835+0000] {dag.py:4180} INFO - Setting next_dagrun for dataset_alias_example_alias_producer to None, run_after=None
[2025-02-23T04:48:16.837+0000] {logging_mixin.py:190} INFO - [2025-02-23T04:48:16.837+0000] {dag.py:4180} INFO - Setting next_dagrun for dataset_s3_bucket_consumer to None, run_after=None
[2025-02-23T04:48:16.839+0000] {logging_mixin.py:190} INFO - [2025-02-23T04:48:16.838+0000] {dag.py:4180} INFO - Setting next_dagrun for dataset_s3_bucket_producer to None, run_after=None
[2025-02-23T04:48:16.865+0000] {processor.py:208} INFO - Processing /home/airflow/.local/lib/python3.12/site-packages/airflow/example_dags/example_dataset_alias.py took 0.695 seconds
[2025-02-23T04:48:47.894+0000] {processor.py:186} INFO - Started process (PID=413) to work on /home/airflow/.local/lib/python3.12/site-packages/airflow/example_dags/example_dataset_alias.py
[2025-02-23T04:48:47.895+0000] {processor.py:914} INFO - Processing file /home/airflow/.local/lib/python3.12/site-packages/airflow/example_dags/example_dataset_alias.py for tasks to queue
[2025-02-23T04:48:47.897+0000] {logging_mixin.py:190} INFO - [2025-02-23T04:48:47.896+0000] {dagbag.py:588} INFO - Filling up the DagBag from /home/airflow/.local/lib/python3.12/site-packages/airflow/example_dags/example_dataset_alias.py
[2025-02-23T04:48:48.445+0000] {processor.py:925} INFO - DAG(s) 'dataset_s3_bucket_consumer', 'dataset_alias_example_alias_producer', 'dataset_alias_example_alias_consumer', 'dataset_s3_bucket_producer' retrieved from /home/airflow/.local/lib/python3.12/site-packages/airflow/example_dags/example_dataset_alias.py
[2025-02-23T04:48:48.462+0000] {logging_mixin.py:190} INFO - [2025-02-23T04:48:48.461+0000] {dag.py:3239} INFO - Sync 4 DAGs
[2025-02-23T04:48:48.480+0000] {logging_mixin.py:190} INFO - [2025-02-23T04:48:48.480+0000] {dag.py:4180} INFO - Setting next_dagrun for dataset_alias_example_alias_consumer to None, run_after=None
[2025-02-23T04:48:48.482+0000] {logging_mixin.py:190} INFO - [2025-02-23T04:48:48.482+0000] {dag.py:4180} INFO - Setting next_dagrun for dataset_alias_example_alias_producer to None, run_after=None
[2025-02-23T04:48:48.483+0000] {logging_mixin.py:190} INFO - [2025-02-23T04:48:48.483+0000] {dag.py:4180} INFO - Setting next_dagrun for dataset_s3_bucket_consumer to None, run_after=None
[2025-02-23T04:48:48.484+0000] {logging_mixin.py:190} INFO - [2025-02-23T04:48:48.484+0000] {dag.py:4180} INFO - Setting next_dagrun for dataset_s3_bucket_producer to None, run_after=None
[2025-02-23T04:48:48.499+0000] {processor.py:208} INFO - Processing /home/airflow/.local/lib/python3.12/site-packages/airflow/example_dags/example_dataset_alias.py took 0.609 seconds
[2025-02-23T04:49:19.446+0000] {processor.py:186} INFO - Started process (PID=478) to work on /home/airflow/.local/lib/python3.12/site-packages/airflow/example_dags/example_dataset_alias.py
[2025-02-23T04:49:19.446+0000] {processor.py:914} INFO - Processing file /home/airflow/.local/lib/python3.12/site-packages/airflow/example_dags/example_dataset_alias.py for tasks to queue
[2025-02-23T04:49:19.448+0000] {logging_mixin.py:190} INFO - [2025-02-23T04:49:19.448+0000] {dagbag.py:588} INFO - Filling up the DagBag from /home/airflow/.local/lib/python3.12/site-packages/airflow/example_dags/example_dataset_alias.py
[2025-02-23T04:49:19.929+0000] {processor.py:925} INFO - DAG(s) 'dataset_s3_bucket_producer', 'dataset_alias_example_alias_producer', 'dataset_alias_example_alias_consumer', 'dataset_s3_bucket_consumer' retrieved from /home/airflow/.local/lib/python3.12/site-packages/airflow/example_dags/example_dataset_alias.py
[2025-02-23T04:49:19.945+0000] {logging_mixin.py:190} INFO - [2025-02-23T04:49:19.945+0000] {dag.py:3239} INFO - Sync 4 DAGs
[2025-02-23T04:49:19.962+0000] {logging_mixin.py:190} INFO - [2025-02-23T04:49:19.962+0000] {dag.py:4180} INFO - Setting next_dagrun for dataset_alias_example_alias_consumer to None, run_after=None
[2025-02-23T04:49:19.964+0000] {logging_mixin.py:190} INFO - [2025-02-23T04:49:19.964+0000] {dag.py:4180} INFO - Setting next_dagrun for dataset_alias_example_alias_producer to None, run_after=None
[2025-02-23T04:49:19.965+0000] {logging_mixin.py:190} INFO - [2025-02-23T04:49:19.965+0000] {dag.py:4180} INFO - Setting next_dagrun for dataset_s3_bucket_consumer to None, run_after=None
[2025-02-23T04:49:19.966+0000] {logging_mixin.py:190} INFO - [2025-02-23T04:49:19.965+0000] {dag.py:4180} INFO - Setting next_dagrun for dataset_s3_bucket_producer to None, run_after=None
[2025-02-23T04:49:19.981+0000] {processor.py:208} INFO - Processing /home/airflow/.local/lib/python3.12/site-packages/airflow/example_dags/example_dataset_alias.py took 0.539 seconds
