[2025-02-23T04:46:15.965+0000] {processor.py:186} INFO - Started process (PID=102) to work on /home/airflow/.local/lib/python3.12/site-packages/airflow/example_dags/example_branch_datetime_operator.py
[2025-02-23T04:46:15.966+0000] {processor.py:914} INFO - Processing file /home/airflow/.local/lib/python3.12/site-packages/airflow/example_dags/example_branch_datetime_operator.py for tasks to queue
[2025-02-23T04:46:15.968+0000] {logging_mixin.py:190} INFO - [2025-02-23T04:46:15.967+0000] {dagbag.py:588} INFO - Filling up the DagBag from /home/airflow/.local/lib/python3.12/site-packages/airflow/example_dags/example_branch_datetime_operator.py
[2025-02-23T04:46:15.978+0000] {processor.py:925} INFO - DAG(s) 'example_branch_datetime_operator_3', 'example_branch_datetime_operator_2', 'example_branch_datetime_operator' retrieved from /home/airflow/.local/lib/python3.12/site-packages/airflow/example_dags/example_branch_datetime_operator.py
[2025-02-23T04:46:16.098+0000] {logging_mixin.py:190} INFO - [2025-02-23T04:46:16.097+0000] {override.py:1911} INFO - Created Permission View: can delete on DAG:example_branch_datetime_operator_3
[2025-02-23T04:46:16.107+0000] {logging_mixin.py:190} INFO - [2025-02-23T04:46:16.107+0000] {override.py:1911} INFO - Created Permission View: can read on DAG:example_branch_datetime_operator_3
[2025-02-23T04:46:16.112+0000] {logging_mixin.py:190} INFO - [2025-02-23T04:46:16.112+0000] {override.py:1911} INFO - Created Permission View: can edit on DAG:example_branch_datetime_operator_3
[2025-02-23T04:46:16.118+0000] {logging_mixin.py:190} INFO - [2025-02-23T04:46:16.118+0000] {override.py:1911} INFO - Created Permission View: can create on DAG Run:example_branch_datetime_operator_3
[2025-02-23T04:46:16.124+0000] {logging_mixin.py:190} INFO - [2025-02-23T04:46:16.123+0000] {override.py:1911} INFO - Created Permission View: can read on DAG Run:example_branch_datetime_operator_3
[2025-02-23T04:46:16.130+0000] {logging_mixin.py:190} INFO - [2025-02-23T04:46:16.130+0000] {override.py:1911} INFO - Created Permission View: menu access on DAG Run:example_branch_datetime_operator_3
[2025-02-23T04:46:16.135+0000] {logging_mixin.py:190} INFO - [2025-02-23T04:46:16.135+0000] {override.py:1911} INFO - Created Permission View: can delete on DAG Run:example_branch_datetime_operator_3
[2025-02-23T04:46:16.146+0000] {logging_mixin.py:190} INFO - [2025-02-23T04:46:16.146+0000] {override.py:1911} INFO - Created Permission View: can delete on DAG:example_branch_datetime_operator_2
[2025-02-23T04:46:16.151+0000] {logging_mixin.py:190} INFO - [2025-02-23T04:46:16.151+0000] {override.py:1911} INFO - Created Permission View: can read on DAG:example_branch_datetime_operator_2
[2025-02-23T04:46:16.157+0000] {logging_mixin.py:190} INFO - [2025-02-23T04:46:16.157+0000] {override.py:1911} INFO - Created Permission View: can edit on DAG:example_branch_datetime_operator_2
[2025-02-23T04:46:16.162+0000] {logging_mixin.py:190} INFO - [2025-02-23T04:46:16.162+0000] {override.py:1911} INFO - Created Permission View: can create on DAG Run:example_branch_datetime_operator_2
[2025-02-23T04:46:16.167+0000] {logging_mixin.py:190} INFO - [2025-02-23T04:46:16.167+0000] {override.py:1911} INFO - Created Permission View: can read on DAG Run:example_branch_datetime_operator_2
[2025-02-23T04:46:16.172+0000] {logging_mixin.py:190} INFO - [2025-02-23T04:46:16.172+0000] {override.py:1911} INFO - Created Permission View: menu access on DAG Run:example_branch_datetime_operator_2
[2025-02-23T04:46:16.177+0000] {logging_mixin.py:190} INFO - [2025-02-23T04:46:16.177+0000] {override.py:1911} INFO - Created Permission View: can delete on DAG Run:example_branch_datetime_operator_2
[2025-02-23T04:46:16.186+0000] {logging_mixin.py:190} INFO - [2025-02-23T04:46:16.186+0000] {override.py:1911} INFO - Created Permission View: can delete on DAG:example_branch_datetime_operator
[2025-02-23T04:46:16.190+0000] {logging_mixin.py:190} INFO - [2025-02-23T04:46:16.190+0000] {override.py:1911} INFO - Created Permission View: can read on DAG:example_branch_datetime_operator
[2025-02-23T04:46:16.194+0000] {logging_mixin.py:190} INFO - [2025-02-23T04:46:16.194+0000] {override.py:1911} INFO - Created Permission View: can edit on DAG:example_branch_datetime_operator
[2025-02-23T04:46:16.199+0000] {logging_mixin.py:190} INFO - [2025-02-23T04:46:16.198+0000] {override.py:1911} INFO - Created Permission View: can create on DAG Run:example_branch_datetime_operator
[2025-02-23T04:46:16.203+0000] {logging_mixin.py:190} INFO - [2025-02-23T04:46:16.203+0000] {override.py:1911} INFO - Created Permission View: can read on DAG Run:example_branch_datetime_operator
[2025-02-23T04:46:16.207+0000] {logging_mixin.py:190} INFO - [2025-02-23T04:46:16.207+0000] {override.py:1911} INFO - Created Permission View: menu access on DAG Run:example_branch_datetime_operator
[2025-02-23T04:46:16.211+0000] {logging_mixin.py:190} INFO - [2025-02-23T04:46:16.211+0000] {override.py:1911} INFO - Created Permission View: can delete on DAG Run:example_branch_datetime_operator
[2025-02-23T04:46:16.211+0000] {logging_mixin.py:190} INFO - [2025-02-23T04:46:16.211+0000] {dag.py:3239} INFO - Sync 3 DAGs
[2025-02-23T04:46:16.223+0000] {logging_mixin.py:190} INFO - [2025-02-23T04:46:16.223+0000] {dag.py:3262} INFO - Creating ORM DAG for example_branch_datetime_operator_2
[2025-02-23T04:46:16.224+0000] {logging_mixin.py:190} INFO - [2025-02-23T04:46:16.224+0000] {dag.py:3262} INFO - Creating ORM DAG for example_branch_datetime_operator
[2025-02-23T04:46:16.225+0000] {logging_mixin.py:190} INFO - [2025-02-23T04:46:16.224+0000] {dag.py:3262} INFO - Creating ORM DAG for example_branch_datetime_operator_3
[2025-02-23T04:46:16.236+0000] {logging_mixin.py:190} INFO - [2025-02-23T04:46:16.235+0000] {dag.py:4180} INFO - Setting next_dagrun for example_branch_datetime_operator to 2025-02-22 00:00:00+00:00, run_after=2025-02-23 00:00:00+00:00
[2025-02-23T04:46:16.238+0000] {logging_mixin.py:190} INFO - [2025-02-23T04:46:16.238+0000] {dag.py:4180} INFO - Setting next_dagrun for example_branch_datetime_operator_2 to 2025-02-22 00:00:00+00:00, run_after=2025-02-23 00:00:00+00:00
[2025-02-23T04:46:16.240+0000] {logging_mixin.py:190} INFO - [2025-02-23T04:46:16.240+0000] {dag.py:4180} INFO - Setting next_dagrun for example_branch_datetime_operator_3 to 2025-02-22 00:00:00+00:00, run_after=2025-02-23 00:00:00+00:00
[2025-02-23T04:46:16.289+0000] {processor.py:208} INFO - Processing /home/airflow/.local/lib/python3.12/site-packages/airflow/example_dags/example_branch_datetime_operator.py took 0.327 seconds
[2025-02-23T04:46:46.569+0000] {processor.py:186} INFO - Started process (PID=165) to work on /home/airflow/.local/lib/python3.12/site-packages/airflow/example_dags/example_branch_datetime_operator.py
[2025-02-23T04:46:46.569+0000] {processor.py:914} INFO - Processing file /home/airflow/.local/lib/python3.12/site-packages/airflow/example_dags/example_branch_datetime_operator.py for tasks to queue
[2025-02-23T04:46:46.571+0000] {logging_mixin.py:190} INFO - [2025-02-23T04:46:46.571+0000] {dagbag.py:588} INFO - Filling up the DagBag from /home/airflow/.local/lib/python3.12/site-packages/airflow/example_dags/example_branch_datetime_operator.py
[2025-02-23T04:46:46.580+0000] {processor.py:925} INFO - DAG(s) 'example_branch_datetime_operator', 'example_branch_datetime_operator_3', 'example_branch_datetime_operator_2' retrieved from /home/airflow/.local/lib/python3.12/site-packages/airflow/example_dags/example_branch_datetime_operator.py
[2025-02-23T04:46:46.607+0000] {logging_mixin.py:190} INFO - [2025-02-23T04:46:46.606+0000] {dag.py:3239} INFO - Sync 3 DAGs
[2025-02-23T04:46:46.633+0000] {logging_mixin.py:190} INFO - [2025-02-23T04:46:46.633+0000] {dag.py:4180} INFO - Setting next_dagrun for example_branch_datetime_operator to 2025-02-22 00:00:00+00:00, run_after=2025-02-23 00:00:00+00:00
[2025-02-23T04:46:46.639+0000] {logging_mixin.py:190} INFO - [2025-02-23T04:46:46.639+0000] {dag.py:4180} INFO - Setting next_dagrun for example_branch_datetime_operator_2 to 2025-02-22 00:00:00+00:00, run_after=2025-02-23 00:00:00+00:00
[2025-02-23T04:46:46.641+0000] {logging_mixin.py:190} INFO - [2025-02-23T04:46:46.641+0000] {dag.py:4180} INFO - Setting next_dagrun for example_branch_datetime_operator_3 to 2025-02-22 00:00:00+00:00, run_after=2025-02-23 00:00:00+00:00
[2025-02-23T04:46:46.656+0000] {processor.py:208} INFO - Processing /home/airflow/.local/lib/python3.12/site-packages/airflow/example_dags/example_branch_datetime_operator.py took 0.092 seconds
[2025-02-23T04:47:16.796+0000] {processor.py:186} INFO - Started process (PID=227) to work on /home/airflow/.local/lib/python3.12/site-packages/airflow/example_dags/example_branch_datetime_operator.py
[2025-02-23T04:47:16.796+0000] {processor.py:914} INFO - Processing file /home/airflow/.local/lib/python3.12/site-packages/airflow/example_dags/example_branch_datetime_operator.py for tasks to queue
[2025-02-23T04:47:16.798+0000] {logging_mixin.py:190} INFO - [2025-02-23T04:47:16.797+0000] {dagbag.py:588} INFO - Filling up the DagBag from /home/airflow/.local/lib/python3.12/site-packages/airflow/example_dags/example_branch_datetime_operator.py
[2025-02-23T04:47:16.807+0000] {processor.py:925} INFO - DAG(s) 'example_branch_datetime_operator', 'example_branch_datetime_operator_2', 'example_branch_datetime_operator_3' retrieved from /home/airflow/.local/lib/python3.12/site-packages/airflow/example_dags/example_branch_datetime_operator.py
[2025-02-23T04:47:16.829+0000] {logging_mixin.py:190} INFO - [2025-02-23T04:47:16.828+0000] {dag.py:3239} INFO - Sync 3 DAGs
[2025-02-23T04:47:16.855+0000] {logging_mixin.py:190} INFO - [2025-02-23T04:47:16.855+0000] {dag.py:4180} INFO - Setting next_dagrun for example_branch_datetime_operator to 2025-02-22 00:00:00+00:00, run_after=2025-02-23 00:00:00+00:00
[2025-02-23T04:47:16.861+0000] {logging_mixin.py:190} INFO - [2025-02-23T04:47:16.860+0000] {dag.py:4180} INFO - Setting next_dagrun for example_branch_datetime_operator_2 to 2025-02-22 00:00:00+00:00, run_after=2025-02-23 00:00:00+00:00
[2025-02-23T04:47:16.863+0000] {logging_mixin.py:190} INFO - [2025-02-23T04:47:16.863+0000] {dag.py:4180} INFO - Setting next_dagrun for example_branch_datetime_operator_3 to 2025-02-22 00:00:00+00:00, run_after=2025-02-23 00:00:00+00:00
[2025-02-23T04:47:16.878+0000] {processor.py:208} INFO - Processing /home/airflow/.local/lib/python3.12/site-packages/airflow/example_dags/example_branch_datetime_operator.py took 0.087 seconds
[2025-02-23T04:47:48.111+0000] {processor.py:186} INFO - Started process (PID=291) to work on /home/airflow/.local/lib/python3.12/site-packages/airflow/example_dags/example_branch_datetime_operator.py
[2025-02-23T04:47:48.112+0000] {processor.py:914} INFO - Processing file /home/airflow/.local/lib/python3.12/site-packages/airflow/example_dags/example_branch_datetime_operator.py for tasks to queue
[2025-02-23T04:47:48.114+0000] {logging_mixin.py:190} INFO - [2025-02-23T04:47:48.113+0000] {dagbag.py:588} INFO - Filling up the DagBag from /home/airflow/.local/lib/python3.12/site-packages/airflow/example_dags/example_branch_datetime_operator.py
[2025-02-23T04:47:48.124+0000] {processor.py:925} INFO - DAG(s) 'example_branch_datetime_operator_2', 'example_branch_datetime_operator', 'example_branch_datetime_operator_3' retrieved from /home/airflow/.local/lib/python3.12/site-packages/airflow/example_dags/example_branch_datetime_operator.py
[2025-02-23T04:47:48.145+0000] {logging_mixin.py:190} INFO - [2025-02-23T04:47:48.145+0000] {dag.py:3239} INFO - Sync 3 DAGs
[2025-02-23T04:47:48.166+0000] {logging_mixin.py:190} INFO - [2025-02-23T04:47:48.165+0000] {dag.py:4180} INFO - Setting next_dagrun for example_branch_datetime_operator to 2025-02-22 00:00:00+00:00, run_after=2025-02-23 00:00:00+00:00
[2025-02-23T04:47:48.171+0000] {logging_mixin.py:190} INFO - [2025-02-23T04:47:48.171+0000] {dag.py:4180} INFO - Setting next_dagrun for example_branch_datetime_operator_2 to 2025-02-22 00:00:00+00:00, run_after=2025-02-23 00:00:00+00:00
[2025-02-23T04:47:48.173+0000] {logging_mixin.py:190} INFO - [2025-02-23T04:47:48.173+0000] {dag.py:4180} INFO - Setting next_dagrun for example_branch_datetime_operator_3 to 2025-02-22 00:00:00+00:00, run_after=2025-02-23 00:00:00+00:00
[2025-02-23T04:47:48.187+0000] {processor.py:208} INFO - Processing /home/airflow/.local/lib/python3.12/site-packages/airflow/example_dags/example_branch_datetime_operator.py took 0.081 seconds
[2025-02-23T04:48:19.629+0000] {processor.py:186} INFO - Started process (PID=354) to work on /home/airflow/.local/lib/python3.12/site-packages/airflow/example_dags/example_branch_datetime_operator.py
[2025-02-23T04:48:19.630+0000] {processor.py:914} INFO - Processing file /home/airflow/.local/lib/python3.12/site-packages/airflow/example_dags/example_branch_datetime_operator.py for tasks to queue
[2025-02-23T04:48:19.631+0000] {logging_mixin.py:190} INFO - [2025-02-23T04:48:19.631+0000] {dagbag.py:588} INFO - Filling up the DagBag from /home/airflow/.local/lib/python3.12/site-packages/airflow/example_dags/example_branch_datetime_operator.py
[2025-02-23T04:48:19.641+0000] {processor.py:925} INFO - DAG(s) 'example_branch_datetime_operator_3', 'example_branch_datetime_operator_2', 'example_branch_datetime_operator' retrieved from /home/airflow/.local/lib/python3.12/site-packages/airflow/example_dags/example_branch_datetime_operator.py
[2025-02-23T04:48:19.662+0000] {logging_mixin.py:190} INFO - [2025-02-23T04:48:19.662+0000] {dag.py:3239} INFO - Sync 3 DAGs
[2025-02-23T04:48:19.682+0000] {logging_mixin.py:190} INFO - [2025-02-23T04:48:19.682+0000] {dag.py:4180} INFO - Setting next_dagrun for example_branch_datetime_operator to 2025-02-22 00:00:00+00:00, run_after=2025-02-23 00:00:00+00:00
[2025-02-23T04:48:19.686+0000] {logging_mixin.py:190} INFO - [2025-02-23T04:48:19.686+0000] {dag.py:4180} INFO - Setting next_dagrun for example_branch_datetime_operator_2 to 2025-02-22 00:00:00+00:00, run_after=2025-02-23 00:00:00+00:00
[2025-02-23T04:48:19.688+0000] {logging_mixin.py:190} INFO - [2025-02-23T04:48:19.687+0000] {dag.py:4180} INFO - Setting next_dagrun for example_branch_datetime_operator_3 to 2025-02-22 00:00:00+00:00, run_after=2025-02-23 00:00:00+00:00
[2025-02-23T04:48:19.699+0000] {processor.py:208} INFO - Processing /home/airflow/.local/lib/python3.12/site-packages/airflow/example_dags/example_branch_datetime_operator.py took 0.074 seconds
[2025-02-23T04:48:50.853+0000] {processor.py:186} INFO - Started process (PID=418) to work on /home/airflow/.local/lib/python3.12/site-packages/airflow/example_dags/example_branch_datetime_operator.py
[2025-02-23T04:48:50.853+0000] {processor.py:914} INFO - Processing file /home/airflow/.local/lib/python3.12/site-packages/airflow/example_dags/example_branch_datetime_operator.py for tasks to queue
[2025-02-23T04:48:50.855+0000] {logging_mixin.py:190} INFO - [2025-02-23T04:48:50.855+0000] {dagbag.py:588} INFO - Filling up the DagBag from /home/airflow/.local/lib/python3.12/site-packages/airflow/example_dags/example_branch_datetime_operator.py
[2025-02-23T04:48:50.866+0000] {processor.py:925} INFO - DAG(s) 'example_branch_datetime_operator_2', 'example_branch_datetime_operator', 'example_branch_datetime_operator_3' retrieved from /home/airflow/.local/lib/python3.12/site-packages/airflow/example_dags/example_branch_datetime_operator.py
[2025-02-23T04:48:50.887+0000] {logging_mixin.py:190} INFO - [2025-02-23T04:48:50.887+0000] {dag.py:3239} INFO - Sync 3 DAGs
[2025-02-23T04:48:50.908+0000] {logging_mixin.py:190} INFO - [2025-02-23T04:48:50.908+0000] {dag.py:4180} INFO - Setting next_dagrun for example_branch_datetime_operator to 2025-02-22 00:00:00+00:00, run_after=2025-02-23 00:00:00+00:00
[2025-02-23T04:48:50.912+0000] {logging_mixin.py:190} INFO - [2025-02-23T04:48:50.911+0000] {dag.py:4180} INFO - Setting next_dagrun for example_branch_datetime_operator_2 to 2025-02-22 00:00:00+00:00, run_after=2025-02-23 00:00:00+00:00
[2025-02-23T04:48:50.913+0000] {logging_mixin.py:190} INFO - [2025-02-23T04:48:50.913+0000] {dag.py:4180} INFO - Setting next_dagrun for example_branch_datetime_operator_3 to 2025-02-22 00:00:00+00:00, run_after=2025-02-23 00:00:00+00:00
[2025-02-23T04:48:50.925+0000] {processor.py:208} INFO - Processing /home/airflow/.local/lib/python3.12/site-packages/airflow/example_dags/example_branch_datetime_operator.py took 0.077 seconds
[2025-02-23T04:49:21.706+0000] {processor.py:186} INFO - Started process (PID=481) to work on /home/airflow/.local/lib/python3.12/site-packages/airflow/example_dags/example_branch_datetime_operator.py
[2025-02-23T04:49:21.707+0000] {processor.py:914} INFO - Processing file /home/airflow/.local/lib/python3.12/site-packages/airflow/example_dags/example_branch_datetime_operator.py for tasks to queue
[2025-02-23T04:49:21.709+0000] {logging_mixin.py:190} INFO - [2025-02-23T04:49:21.708+0000] {dagbag.py:588} INFO - Filling up the DagBag from /home/airflow/.local/lib/python3.12/site-packages/airflow/example_dags/example_branch_datetime_operator.py
[2025-02-23T04:49:21.722+0000] {processor.py:925} INFO - DAG(s) 'example_branch_datetime_operator', 'example_branch_datetime_operator_3', 'example_branch_datetime_operator_2' retrieved from /home/airflow/.local/lib/python3.12/site-packages/airflow/example_dags/example_branch_datetime_operator.py
[2025-02-23T04:49:21.752+0000] {logging_mixin.py:190} INFO - [2025-02-23T04:49:21.751+0000] {dag.py:3239} INFO - Sync 3 DAGs
[2025-02-23T04:49:21.773+0000] {logging_mixin.py:190} INFO - [2025-02-23T04:49:21.772+0000] {dag.py:4180} INFO - Setting next_dagrun for example_branch_datetime_operator to 2025-02-22 00:00:00+00:00, run_after=2025-02-23 00:00:00+00:00
[2025-02-23T04:49:21.782+0000] {logging_mixin.py:190} INFO - [2025-02-23T04:49:21.782+0000] {dag.py:4180} INFO - Setting next_dagrun for example_branch_datetime_operator_2 to 2025-02-22 00:00:00+00:00, run_after=2025-02-23 00:00:00+00:00
[2025-02-23T04:49:21.785+0000] {logging_mixin.py:190} INFO - [2025-02-23T04:49:21.785+0000] {dag.py:4180} INFO - Setting next_dagrun for example_branch_datetime_operator_3 to 2025-02-22 00:00:00+00:00, run_after=2025-02-23 00:00:00+00:00
[2025-02-23T04:49:21.799+0000] {processor.py:208} INFO - Processing /home/airflow/.local/lib/python3.12/site-packages/airflow/example_dags/example_branch_datetime_operator.py took 0.099 seconds
