[2025-02-23T04:46:13.085+0000] {processor.py:186} INFO - Started process (PID=88) to work on /home/airflow/.local/lib/python3.12/site-packages/airflow/example_dags/example_nested_branch_dag.py
[2025-02-23T04:46:13.086+0000] {processor.py:914} INFO - Processing file /home/airflow/.local/lib/python3.12/site-packages/airflow/example_dags/example_nested_branch_dag.py for tasks to queue
[2025-02-23T04:46:13.088+0000] {logging_mixin.py:190} INFO - [2025-02-23T04:46:13.087+0000] {dagbag.py:588} INFO - Filling up the DagBag from /home/airflow/.local/lib/python3.12/site-packages/airflow/example_dags/example_nested_branch_dag.py
[2025-02-23T04:46:13.097+0000] {processor.py:925} INFO - DAG(s) 'example_nested_branch_dag' retrieved from /home/airflow/.local/lib/python3.12/site-packages/airflow/example_dags/example_nested_branch_dag.py
[2025-02-23T04:46:13.222+0000] {logging_mixin.py:190} INFO - [2025-02-23T04:46:13.222+0000] {override.py:1911} INFO - Created Permission View: can delete on DAG:example_nested_branch_dag
[2025-02-23T04:46:13.232+0000] {logging_mixin.py:190} INFO - [2025-02-23T04:46:13.232+0000] {override.py:1911} INFO - Created Permission View: can read on DAG:example_nested_branch_dag
[2025-02-23T04:46:13.237+0000] {logging_mixin.py:190} INFO - [2025-02-23T04:46:13.237+0000] {override.py:1911} INFO - Created Permission View: can edit on DAG:example_nested_branch_dag
[2025-02-23T04:46:13.242+0000] {logging_mixin.py:190} INFO - [2025-02-23T04:46:13.242+0000] {override.py:1911} INFO - Created Permission View: can create on DAG Run:example_nested_branch_dag
[2025-02-23T04:46:13.246+0000] {logging_mixin.py:190} INFO - [2025-02-23T04:46:13.246+0000] {override.py:1911} INFO - Created Permission View: can read on DAG Run:example_nested_branch_dag
[2025-02-23T04:46:13.250+0000] {logging_mixin.py:190} INFO - [2025-02-23T04:46:13.250+0000] {override.py:1911} INFO - Created Permission View: menu access on DAG Run:example_nested_branch_dag
[2025-02-23T04:46:13.254+0000] {logging_mixin.py:190} INFO - [2025-02-23T04:46:13.254+0000] {override.py:1911} INFO - Created Permission View: can delete on DAG Run:example_nested_branch_dag
[2025-02-23T04:46:13.255+0000] {logging_mixin.py:190} INFO - [2025-02-23T04:46:13.255+0000] {dag.py:3239} INFO - Sync 1 DAGs
[2025-02-23T04:46:13.268+0000] {logging_mixin.py:190} INFO - [2025-02-23T04:46:13.268+0000] {dag.py:3262} INFO - Creating ORM DAG for example_nested_branch_dag
[2025-02-23T04:46:13.278+0000] {logging_mixin.py:190} INFO - [2025-02-23T04:46:13.278+0000] {dag.py:4180} INFO - Setting next_dagrun for example_nested_branch_dag to 2025-02-22 00:00:00+00:00, run_after=2025-02-23 00:00:00+00:00
[2025-02-23T04:46:13.295+0000] {processor.py:208} INFO - Processing /home/airflow/.local/lib/python3.12/site-packages/airflow/example_dags/example_nested_branch_dag.py took 0.214 seconds
[2025-02-23T04:46:43.705+0000] {processor.py:186} INFO - Started process (PID=151) to work on /home/airflow/.local/lib/python3.12/site-packages/airflow/example_dags/example_nested_branch_dag.py
[2025-02-23T04:46:43.705+0000] {processor.py:914} INFO - Processing file /home/airflow/.local/lib/python3.12/site-packages/airflow/example_dags/example_nested_branch_dag.py for tasks to queue
[2025-02-23T04:46:43.707+0000] {logging_mixin.py:190} INFO - [2025-02-23T04:46:43.707+0000] {dagbag.py:588} INFO - Filling up the DagBag from /home/airflow/.local/lib/python3.12/site-packages/airflow/example_dags/example_nested_branch_dag.py
[2025-02-23T04:46:43.716+0000] {processor.py:925} INFO - DAG(s) 'example_nested_branch_dag' retrieved from /home/airflow/.local/lib/python3.12/site-packages/airflow/example_dags/example_nested_branch_dag.py
[2025-02-23T04:46:43.737+0000] {logging_mixin.py:190} INFO - [2025-02-23T04:46:43.737+0000] {dag.py:3239} INFO - Sync 1 DAGs
[2025-02-23T04:46:43.763+0000] {logging_mixin.py:190} INFO - [2025-02-23T04:46:43.762+0000] {dag.py:4180} INFO - Setting next_dagrun for example_nested_branch_dag to 2025-02-22 00:00:00+00:00, run_after=2025-02-23 00:00:00+00:00
[2025-02-23T04:46:43.779+0000] {processor.py:208} INFO - Processing /home/airflow/.local/lib/python3.12/site-packages/airflow/example_dags/example_nested_branch_dag.py took 0.079 seconds
[2025-02-23T04:47:14.588+0000] {processor.py:186} INFO - Started process (PID=214) to work on /home/airflow/.local/lib/python3.12/site-packages/airflow/example_dags/example_nested_branch_dag.py
[2025-02-23T04:47:14.588+0000] {processor.py:914} INFO - Processing file /home/airflow/.local/lib/python3.12/site-packages/airflow/example_dags/example_nested_branch_dag.py for tasks to queue
[2025-02-23T04:47:14.590+0000] {logging_mixin.py:190} INFO - [2025-02-23T04:47:14.589+0000] {dagbag.py:588} INFO - Filling up the DagBag from /home/airflow/.local/lib/python3.12/site-packages/airflow/example_dags/example_nested_branch_dag.py
[2025-02-23T04:47:14.599+0000] {processor.py:925} INFO - DAG(s) 'example_nested_branch_dag' retrieved from /home/airflow/.local/lib/python3.12/site-packages/airflow/example_dags/example_nested_branch_dag.py
[2025-02-23T04:47:14.618+0000] {logging_mixin.py:190} INFO - [2025-02-23T04:47:14.618+0000] {dag.py:3239} INFO - Sync 1 DAGs
[2025-02-23T04:47:14.641+0000] {logging_mixin.py:190} INFO - [2025-02-23T04:47:14.641+0000] {dag.py:4180} INFO - Setting next_dagrun for example_nested_branch_dag to 2025-02-22 00:00:00+00:00, run_after=2025-02-23 00:00:00+00:00
[2025-02-23T04:47:14.655+0000] {processor.py:208} INFO - Processing /home/airflow/.local/lib/python3.12/site-packages/airflow/example_dags/example_nested_branch_dag.py took 0.073 seconds
[2025-02-23T04:47:45.495+0000] {processor.py:186} INFO - Started process (PID=278) to work on /home/airflow/.local/lib/python3.12/site-packages/airflow/example_dags/example_nested_branch_dag.py
[2025-02-23T04:47:45.496+0000] {processor.py:914} INFO - Processing file /home/airflow/.local/lib/python3.12/site-packages/airflow/example_dags/example_nested_branch_dag.py for tasks to queue
[2025-02-23T04:47:45.498+0000] {logging_mixin.py:190} INFO - [2025-02-23T04:47:45.497+0000] {dagbag.py:588} INFO - Filling up the DagBag from /home/airflow/.local/lib/python3.12/site-packages/airflow/example_dags/example_nested_branch_dag.py
[2025-02-23T04:47:45.506+0000] {processor.py:925} INFO - DAG(s) 'example_nested_branch_dag' retrieved from /home/airflow/.local/lib/python3.12/site-packages/airflow/example_dags/example_nested_branch_dag.py
[2025-02-23T04:47:45.523+0000] {logging_mixin.py:190} INFO - [2025-02-23T04:47:45.523+0000] {dag.py:3239} INFO - Sync 1 DAGs
[2025-02-23T04:47:45.541+0000] {logging_mixin.py:190} INFO - [2025-02-23T04:47:45.541+0000] {dag.py:4180} INFO - Setting next_dagrun for example_nested_branch_dag to 2025-02-22 00:00:00+00:00, run_after=2025-02-23 00:00:00+00:00
[2025-02-23T04:47:45.553+0000] {processor.py:208} INFO - Processing /home/airflow/.local/lib/python3.12/site-packages/airflow/example_dags/example_nested_branch_dag.py took 0.062 seconds
[2025-02-23T04:48:15.981+0000] {processor.py:186} INFO - Started process (PID=340) to work on /home/airflow/.local/lib/python3.12/site-packages/airflow/example_dags/example_nested_branch_dag.py
[2025-02-23T04:48:15.982+0000] {processor.py:914} INFO - Processing file /home/airflow/.local/lib/python3.12/site-packages/airflow/example_dags/example_nested_branch_dag.py for tasks to queue
[2025-02-23T04:48:15.984+0000] {logging_mixin.py:190} INFO - [2025-02-23T04:48:15.984+0000] {dagbag.py:588} INFO - Filling up the DagBag from /home/airflow/.local/lib/python3.12/site-packages/airflow/example_dags/example_nested_branch_dag.py
[2025-02-23T04:48:15.998+0000] {processor.py:925} INFO - DAG(s) 'example_nested_branch_dag' retrieved from /home/airflow/.local/lib/python3.12/site-packages/airflow/example_dags/example_nested_branch_dag.py
[2025-02-23T04:48:16.020+0000] {logging_mixin.py:190} INFO - [2025-02-23T04:48:16.020+0000] {dag.py:3239} INFO - Sync 1 DAGs
[2025-02-23T04:48:16.046+0000] {logging_mixin.py:190} INFO - [2025-02-23T04:48:16.046+0000] {dag.py:4180} INFO - Setting next_dagrun for example_nested_branch_dag to 2025-02-22 00:00:00+00:00, run_after=2025-02-23 00:00:00+00:00
[2025-02-23T04:48:16.062+0000] {processor.py:208} INFO - Processing /home/airflow/.local/lib/python3.12/site-packages/airflow/example_dags/example_nested_branch_dag.py took 0.087 seconds
[2025-02-23T04:48:46.365+0000] {processor.py:186} INFO - Started process (PID=404) to work on /home/airflow/.local/lib/python3.12/site-packages/airflow/example_dags/example_nested_branch_dag.py
[2025-02-23T04:48:46.365+0000] {processor.py:914} INFO - Processing file /home/airflow/.local/lib/python3.12/site-packages/airflow/example_dags/example_nested_branch_dag.py for tasks to queue
[2025-02-23T04:48:46.368+0000] {logging_mixin.py:190} INFO - [2025-02-23T04:48:46.367+0000] {dagbag.py:588} INFO - Filling up the DagBag from /home/airflow/.local/lib/python3.12/site-packages/airflow/example_dags/example_nested_branch_dag.py
[2025-02-23T04:48:46.380+0000] {processor.py:925} INFO - DAG(s) 'example_nested_branch_dag' retrieved from /home/airflow/.local/lib/python3.12/site-packages/airflow/example_dags/example_nested_branch_dag.py
[2025-02-23T04:48:46.402+0000] {logging_mixin.py:190} INFO - [2025-02-23T04:48:46.402+0000] {dag.py:3239} INFO - Sync 1 DAGs
[2025-02-23T04:48:46.427+0000] {logging_mixin.py:190} INFO - [2025-02-23T04:48:46.427+0000] {dag.py:4180} INFO - Setting next_dagrun for example_nested_branch_dag to 2025-02-22 00:00:00+00:00, run_after=2025-02-23 00:00:00+00:00
[2025-02-23T04:48:46.446+0000] {processor.py:208} INFO - Processing /home/airflow/.local/lib/python3.12/site-packages/airflow/example_dags/example_nested_branch_dag.py took 0.090 seconds
[2025-02-23T04:49:16.868+0000] {processor.py:186} INFO - Started process (PID=467) to work on /home/airflow/.local/lib/python3.12/site-packages/airflow/example_dags/example_nested_branch_dag.py
[2025-02-23T04:49:16.868+0000] {processor.py:914} INFO - Processing file /home/airflow/.local/lib/python3.12/site-packages/airflow/example_dags/example_nested_branch_dag.py for tasks to queue
[2025-02-23T04:49:16.870+0000] {logging_mixin.py:190} INFO - [2025-02-23T04:49:16.870+0000] {dagbag.py:588} INFO - Filling up the DagBag from /home/airflow/.local/lib/python3.12/site-packages/airflow/example_dags/example_nested_branch_dag.py
[2025-02-23T04:49:16.881+0000] {processor.py:925} INFO - DAG(s) 'example_nested_branch_dag' retrieved from /home/airflow/.local/lib/python3.12/site-packages/airflow/example_dags/example_nested_branch_dag.py
[2025-02-23T04:49:16.896+0000] {logging_mixin.py:190} INFO - [2025-02-23T04:49:16.896+0000] {dag.py:3239} INFO - Sync 1 DAGs
[2025-02-23T04:49:16.917+0000] {logging_mixin.py:190} INFO - [2025-02-23T04:49:16.917+0000] {dag.py:4180} INFO - Setting next_dagrun for example_nested_branch_dag to 2025-02-22 00:00:00+00:00, run_after=2025-02-23 00:00:00+00:00
[2025-02-23T04:49:16.930+0000] {processor.py:208} INFO - Processing /home/airflow/.local/lib/python3.12/site-packages/airflow/example_dags/example_nested_branch_dag.py took 0.068 seconds
[2025-02-23T04:49:47.175+0000] {processor.py:186} INFO - Started process (PID=530) to work on /home/airflow/.local/lib/python3.12/site-packages/airflow/example_dags/example_nested_branch_dag.py
[2025-02-23T04:49:47.176+0000] {processor.py:914} INFO - Processing file /home/airflow/.local/lib/python3.12/site-packages/airflow/example_dags/example_nested_branch_dag.py for tasks to queue
[2025-02-23T04:49:47.177+0000] {logging_mixin.py:190} INFO - [2025-02-23T04:49:47.177+0000] {dagbag.py:588} INFO - Filling up the DagBag from /home/airflow/.local/lib/python3.12/site-packages/airflow/example_dags/example_nested_branch_dag.py
[2025-02-23T04:49:47.186+0000] {processor.py:925} INFO - DAG(s) 'example_nested_branch_dag' retrieved from /home/airflow/.local/lib/python3.12/site-packages/airflow/example_dags/example_nested_branch_dag.py
[2025-02-23T04:49:47.201+0000] {logging_mixin.py:190} INFO - [2025-02-23T04:49:47.201+0000] {dag.py:3239} INFO - Sync 1 DAGs
[2025-02-23T04:49:47.218+0000] {logging_mixin.py:190} INFO - [2025-02-23T04:49:47.218+0000] {dag.py:4180} INFO - Setting next_dagrun for example_nested_branch_dag to 2025-02-22 00:00:00+00:00, run_after=2025-02-23 00:00:00+00:00
[2025-02-23T04:49:47.232+0000] {processor.py:208} INFO - Processing /home/airflow/.local/lib/python3.12/site-packages/airflow/example_dags/example_nested_branch_dag.py took 0.060 seconds
