[2025-02-23T04:46:09.619+0000] {processor.py:186} INFO - Started process (PID=74) to work on /home/airflow/.local/lib/python3.12/site-packages/airflow/example_dags/example_external_task_marker_dag.py
[2025-02-23T04:46:09.620+0000] {processor.py:914} INFO - Processing file /home/airflow/.local/lib/python3.12/site-packages/airflow/example_dags/example_external_task_marker_dag.py for tasks to queue
[2025-02-23T04:46:09.622+0000] {logging_mixin.py:190} INFO - [2025-02-23T04:46:09.622+0000] {dagbag.py:588} INFO - Filling up the DagBag from /home/airflow/.local/lib/python3.12/site-packages/airflow/example_dags/example_external_task_marker_dag.py
[2025-02-23T04:46:09.684+0000] {processor.py:925} INFO - DAG(s) 'example_external_task_marker_child', 'example_external_task_marker_parent' retrieved from /home/airflow/.local/lib/python3.12/site-packages/airflow/example_dags/example_external_task_marker_dag.py
[2025-02-23T04:46:09.857+0000] {logging_mixin.py:190} INFO - [2025-02-23T04:46:09.856+0000] {override.py:1911} INFO - Created Permission View: can delete on DAG:example_external_task_marker_child
[2025-02-23T04:46:09.875+0000] {logging_mixin.py:190} INFO - [2025-02-23T04:46:09.875+0000] {override.py:1911} INFO - Created Permission View: can read on DAG:example_external_task_marker_child
[2025-02-23T04:46:09.881+0000] {logging_mixin.py:190} INFO - [2025-02-23T04:46:09.881+0000] {override.py:1911} INFO - Created Permission View: can edit on DAG:example_external_task_marker_child
[2025-02-23T04:46:09.891+0000] {logging_mixin.py:190} INFO - [2025-02-23T04:46:09.891+0000] {override.py:1911} INFO - Created Permission View: can create on DAG Run:example_external_task_marker_child
[2025-02-23T04:46:09.900+0000] {logging_mixin.py:190} INFO - [2025-02-23T04:46:09.900+0000] {override.py:1911} INFO - Created Permission View: can read on DAG Run:example_external_task_marker_child
[2025-02-23T04:46:09.906+0000] {logging_mixin.py:190} INFO - [2025-02-23T04:46:09.906+0000] {override.py:1911} INFO - Created Permission View: menu access on DAG Run:example_external_task_marker_child
[2025-02-23T04:46:09.916+0000] {logging_mixin.py:190} INFO - [2025-02-23T04:46:09.916+0000] {override.py:1911} INFO - Created Permission View: can delete on DAG Run:example_external_task_marker_child
[2025-02-23T04:46:09.933+0000] {logging_mixin.py:190} INFO - [2025-02-23T04:46:09.932+0000] {override.py:1911} INFO - Created Permission View: can delete on DAG:example_external_task_marker_parent
[2025-02-23T04:46:09.938+0000] {logging_mixin.py:190} INFO - [2025-02-23T04:46:09.938+0000] {override.py:1911} INFO - Created Permission View: can read on DAG:example_external_task_marker_parent
[2025-02-23T04:46:09.947+0000] {logging_mixin.py:190} INFO - [2025-02-23T04:46:09.947+0000] {override.py:1911} INFO - Created Permission View: can edit on DAG:example_external_task_marker_parent
[2025-02-23T04:46:09.986+0000] {logging_mixin.py:190} INFO - [2025-02-23T04:46:09.986+0000] {override.py:1911} INFO - Created Permission View: can create on DAG Run:example_external_task_marker_parent
[2025-02-23T04:46:10.001+0000] {logging_mixin.py:190} INFO - [2025-02-23T04:46:10.001+0000] {override.py:1911} INFO - Created Permission View: can read on DAG Run:example_external_task_marker_parent
[2025-02-23T04:46:10.011+0000] {logging_mixin.py:190} INFO - [2025-02-23T04:46:10.011+0000] {override.py:1911} INFO - Created Permission View: menu access on DAG Run:example_external_task_marker_parent
[2025-02-23T04:46:10.021+0000] {logging_mixin.py:190} INFO - [2025-02-23T04:46:10.021+0000] {override.py:1911} INFO - Created Permission View: can delete on DAG Run:example_external_task_marker_parent
[2025-02-23T04:46:10.022+0000] {logging_mixin.py:190} INFO - [2025-02-23T04:46:10.022+0000] {dag.py:3239} INFO - Sync 2 DAGs
[2025-02-23T04:46:10.059+0000] {logging_mixin.py:190} INFO - [2025-02-23T04:46:10.059+0000] {dag.py:3262} INFO - Creating ORM DAG for example_external_task_marker_child
[2025-02-23T04:46:10.060+0000] {logging_mixin.py:190} INFO - [2025-02-23T04:46:10.060+0000] {dag.py:3262} INFO - Creating ORM DAG for example_external_task_marker_parent
[2025-02-23T04:46:10.061+0000] {logging_mixin.py:190} INFO - [2025-02-23T04:46:10.061+0000] {dag.py:4180} INFO - Setting next_dagrun for example_external_task_marker_child to None, run_after=None
[2025-02-23T04:46:10.061+0000] {logging_mixin.py:190} INFO - [2025-02-23T04:46:10.061+0000] {dag.py:4180} INFO - Setting next_dagrun for example_external_task_marker_parent to None, run_after=None
[2025-02-23T04:46:10.101+0000] {processor.py:208} INFO - Processing /home/airflow/.local/lib/python3.12/site-packages/airflow/example_dags/example_external_task_marker_dag.py took 0.503 seconds
[2025-02-23T04:46:40.867+0000] {processor.py:186} INFO - Started process (PID=137) to work on /home/airflow/.local/lib/python3.12/site-packages/airflow/example_dags/example_external_task_marker_dag.py
[2025-02-23T04:46:40.867+0000] {processor.py:914} INFO - Processing file /home/airflow/.local/lib/python3.12/site-packages/airflow/example_dags/example_external_task_marker_dag.py for tasks to queue
[2025-02-23T04:46:40.869+0000] {logging_mixin.py:190} INFO - [2025-02-23T04:46:40.869+0000] {dagbag.py:588} INFO - Filling up the DagBag from /home/airflow/.local/lib/python3.12/site-packages/airflow/example_dags/example_external_task_marker_dag.py
[2025-02-23T04:46:40.878+0000] {processor.py:925} INFO - DAG(s) 'example_external_task_marker_parent', 'example_external_task_marker_child' retrieved from /home/airflow/.local/lib/python3.12/site-packages/airflow/example_dags/example_external_task_marker_dag.py
[2025-02-23T04:46:40.904+0000] {logging_mixin.py:190} INFO - [2025-02-23T04:46:40.904+0000] {dag.py:3239} INFO - Sync 2 DAGs
[2025-02-23T04:46:40.916+0000] {logging_mixin.py:190} INFO - [2025-02-23T04:46:40.916+0000] {dag.py:4180} INFO - Setting next_dagrun for example_external_task_marker_child to None, run_after=None
[2025-02-23T04:46:40.919+0000] {logging_mixin.py:190} INFO - [2025-02-23T04:46:40.919+0000] {dag.py:4180} INFO - Setting next_dagrun for example_external_task_marker_parent to None, run_after=None
[2025-02-23T04:46:40.931+0000] {processor.py:208} INFO - Processing /home/airflow/.local/lib/python3.12/site-packages/airflow/example_dags/example_external_task_marker_dag.py took 0.069 seconds
[2025-02-23T04:47:11.384+0000] {processor.py:186} INFO - Started process (PID=200) to work on /home/airflow/.local/lib/python3.12/site-packages/airflow/example_dags/example_external_task_marker_dag.py
[2025-02-23T04:47:11.385+0000] {processor.py:914} INFO - Processing file /home/airflow/.local/lib/python3.12/site-packages/airflow/example_dags/example_external_task_marker_dag.py for tasks to queue
[2025-02-23T04:47:11.387+0000] {logging_mixin.py:190} INFO - [2025-02-23T04:47:11.387+0000] {dagbag.py:588} INFO - Filling up the DagBag from /home/airflow/.local/lib/python3.12/site-packages/airflow/example_dags/example_external_task_marker_dag.py
[2025-02-23T04:47:11.393+0000] {processor.py:925} INFO - DAG(s) 'example_external_task_marker_parent', 'example_external_task_marker_child' retrieved from /home/airflow/.local/lib/python3.12/site-packages/airflow/example_dags/example_external_task_marker_dag.py
[2025-02-23T04:47:11.411+0000] {logging_mixin.py:190} INFO - [2025-02-23T04:47:11.411+0000] {dag.py:3239} INFO - Sync 2 DAGs
[2025-02-23T04:47:11.426+0000] {logging_mixin.py:190} INFO - [2025-02-23T04:47:11.426+0000] {dag.py:4180} INFO - Setting next_dagrun for example_external_task_marker_child to None, run_after=None
[2025-02-23T04:47:11.430+0000] {logging_mixin.py:190} INFO - [2025-02-23T04:47:11.430+0000] {dag.py:4180} INFO - Setting next_dagrun for example_external_task_marker_parent to None, run_after=None
[2025-02-23T04:47:11.447+0000] {processor.py:208} INFO - Processing /home/airflow/.local/lib/python3.12/site-packages/airflow/example_dags/example_external_task_marker_dag.py took 0.068 seconds
[2025-02-23T04:47:41.827+0000] {processor.py:186} INFO - Started process (PID=264) to work on /home/airflow/.local/lib/python3.12/site-packages/airflow/example_dags/example_external_task_marker_dag.py
[2025-02-23T04:47:41.828+0000] {processor.py:914} INFO - Processing file /home/airflow/.local/lib/python3.12/site-packages/airflow/example_dags/example_external_task_marker_dag.py for tasks to queue
[2025-02-23T04:47:41.830+0000] {logging_mixin.py:190} INFO - [2025-02-23T04:47:41.830+0000] {dagbag.py:588} INFO - Filling up the DagBag from /home/airflow/.local/lib/python3.12/site-packages/airflow/example_dags/example_external_task_marker_dag.py
[2025-02-23T04:47:41.836+0000] {processor.py:925} INFO - DAG(s) 'example_external_task_marker_parent', 'example_external_task_marker_child' retrieved from /home/airflow/.local/lib/python3.12/site-packages/airflow/example_dags/example_external_task_marker_dag.py
[2025-02-23T04:47:41.857+0000] {logging_mixin.py:190} INFO - [2025-02-23T04:47:41.856+0000] {dag.py:3239} INFO - Sync 2 DAGs
[2025-02-23T04:47:41.873+0000] {logging_mixin.py:190} INFO - [2025-02-23T04:47:41.872+0000] {dag.py:4180} INFO - Setting next_dagrun for example_external_task_marker_child to None, run_after=None
[2025-02-23T04:47:41.877+0000] {logging_mixin.py:190} INFO - [2025-02-23T04:47:41.876+0000] {dag.py:4180} INFO - Setting next_dagrun for example_external_task_marker_parent to None, run_after=None
[2025-02-23T04:47:41.890+0000] {processor.py:208} INFO - Processing /home/airflow/.local/lib/python3.12/site-packages/airflow/example_dags/example_external_task_marker_dag.py took 0.067 seconds
[2025-02-23T04:48:12.443+0000] {processor.py:186} INFO - Started process (PID=327) to work on /home/airflow/.local/lib/python3.12/site-packages/airflow/example_dags/example_external_task_marker_dag.py
[2025-02-23T04:48:12.444+0000] {processor.py:914} INFO - Processing file /home/airflow/.local/lib/python3.12/site-packages/airflow/example_dags/example_external_task_marker_dag.py for tasks to queue
[2025-02-23T04:48:12.446+0000] {logging_mixin.py:190} INFO - [2025-02-23T04:48:12.446+0000] {dagbag.py:588} INFO - Filling up the DagBag from /home/airflow/.local/lib/python3.12/site-packages/airflow/example_dags/example_external_task_marker_dag.py
[2025-02-23T04:48:12.453+0000] {processor.py:925} INFO - DAG(s) 'example_external_task_marker_parent', 'example_external_task_marker_child' retrieved from /home/airflow/.local/lib/python3.12/site-packages/airflow/example_dags/example_external_task_marker_dag.py
[2025-02-23T04:48:12.470+0000] {logging_mixin.py:190} INFO - [2025-02-23T04:48:12.470+0000] {dag.py:3239} INFO - Sync 2 DAGs
[2025-02-23T04:48:12.486+0000] {logging_mixin.py:190} INFO - [2025-02-23T04:48:12.485+0000] {dag.py:4180} INFO - Setting next_dagrun for example_external_task_marker_child to None, run_after=None
[2025-02-23T04:48:12.490+0000] {logging_mixin.py:190} INFO - [2025-02-23T04:48:12.489+0000] {dag.py:4180} INFO - Setting next_dagrun for example_external_task_marker_parent to None, run_after=None
[2025-02-23T04:48:12.505+0000] {processor.py:208} INFO - Processing /home/airflow/.local/lib/python3.12/site-packages/airflow/example_dags/example_external_task_marker_dag.py took 0.067 seconds
[2025-02-23T04:48:42.828+0000] {processor.py:186} INFO - Started process (PID=391) to work on /home/airflow/.local/lib/python3.12/site-packages/airflow/example_dags/example_external_task_marker_dag.py
[2025-02-23T04:48:42.829+0000] {processor.py:914} INFO - Processing file /home/airflow/.local/lib/python3.12/site-packages/airflow/example_dags/example_external_task_marker_dag.py for tasks to queue
[2025-02-23T04:48:42.830+0000] {logging_mixin.py:190} INFO - [2025-02-23T04:48:42.830+0000] {dagbag.py:588} INFO - Filling up the DagBag from /home/airflow/.local/lib/python3.12/site-packages/airflow/example_dags/example_external_task_marker_dag.py
[2025-02-23T04:48:42.836+0000] {processor.py:925} INFO - DAG(s) 'example_external_task_marker_parent', 'example_external_task_marker_child' retrieved from /home/airflow/.local/lib/python3.12/site-packages/airflow/example_dags/example_external_task_marker_dag.py
[2025-02-23T04:48:42.856+0000] {logging_mixin.py:190} INFO - [2025-02-23T04:48:42.855+0000] {dag.py:3239} INFO - Sync 2 DAGs
[2025-02-23T04:48:42.870+0000] {logging_mixin.py:190} INFO - [2025-02-23T04:48:42.870+0000] {dag.py:4180} INFO - Setting next_dagrun for example_external_task_marker_child to None, run_after=None
[2025-02-23T04:48:42.874+0000] {logging_mixin.py:190} INFO - [2025-02-23T04:48:42.874+0000] {dag.py:4180} INFO - Setting next_dagrun for example_external_task_marker_parent to None, run_after=None
[2025-02-23T04:48:42.887+0000] {processor.py:208} INFO - Processing /home/airflow/.local/lib/python3.12/site-packages/airflow/example_dags/example_external_task_marker_dag.py took 0.064 seconds
[2025-02-23T04:49:13.377+0000] {processor.py:186} INFO - Started process (PID=454) to work on /home/airflow/.local/lib/python3.12/site-packages/airflow/example_dags/example_external_task_marker_dag.py
[2025-02-23T04:49:13.378+0000] {processor.py:914} INFO - Processing file /home/airflow/.local/lib/python3.12/site-packages/airflow/example_dags/example_external_task_marker_dag.py for tasks to queue
[2025-02-23T04:49:13.380+0000] {logging_mixin.py:190} INFO - [2025-02-23T04:49:13.379+0000] {dagbag.py:588} INFO - Filling up the DagBag from /home/airflow/.local/lib/python3.12/site-packages/airflow/example_dags/example_external_task_marker_dag.py
[2025-02-23T04:49:13.386+0000] {processor.py:925} INFO - DAG(s) 'example_external_task_marker_child', 'example_external_task_marker_parent' retrieved from /home/airflow/.local/lib/python3.12/site-packages/airflow/example_dags/example_external_task_marker_dag.py
[2025-02-23T04:49:13.403+0000] {logging_mixin.py:190} INFO - [2025-02-23T04:49:13.403+0000] {dag.py:3239} INFO - Sync 2 DAGs
[2025-02-23T04:49:13.418+0000] {logging_mixin.py:190} INFO - [2025-02-23T04:49:13.418+0000] {dag.py:4180} INFO - Setting next_dagrun for example_external_task_marker_child to None, run_after=None
[2025-02-23T04:49:13.422+0000] {logging_mixin.py:190} INFO - [2025-02-23T04:49:13.421+0000] {dag.py:4180} INFO - Setting next_dagrun for example_external_task_marker_parent to None, run_after=None
[2025-02-23T04:49:13.435+0000] {processor.py:208} INFO - Processing /home/airflow/.local/lib/python3.12/site-packages/airflow/example_dags/example_external_task_marker_dag.py took 0.062 seconds
[2025-02-23T04:49:43.693+0000] {processor.py:186} INFO - Started process (PID=517) to work on /home/airflow/.local/lib/python3.12/site-packages/airflow/example_dags/example_external_task_marker_dag.py
[2025-02-23T04:49:43.694+0000] {processor.py:914} INFO - Processing file /home/airflow/.local/lib/python3.12/site-packages/airflow/example_dags/example_external_task_marker_dag.py for tasks to queue
[2025-02-23T04:49:43.696+0000] {logging_mixin.py:190} INFO - [2025-02-23T04:49:43.696+0000] {dagbag.py:588} INFO - Filling up the DagBag from /home/airflow/.local/lib/python3.12/site-packages/airflow/example_dags/example_external_task_marker_dag.py
[2025-02-23T04:49:43.704+0000] {processor.py:925} INFO - DAG(s) 'example_external_task_marker_child', 'example_external_task_marker_parent' retrieved from /home/airflow/.local/lib/python3.12/site-packages/airflow/example_dags/example_external_task_marker_dag.py
[2025-02-23T04:49:43.725+0000] {logging_mixin.py:190} INFO - [2025-02-23T04:49:43.724+0000] {dag.py:3239} INFO - Sync 2 DAGs
[2025-02-23T04:49:43.740+0000] {logging_mixin.py:190} INFO - [2025-02-23T04:49:43.739+0000] {dag.py:4180} INFO - Setting next_dagrun for example_external_task_marker_child to None, run_after=None
[2025-02-23T04:49:43.743+0000] {logging_mixin.py:190} INFO - [2025-02-23T04:49:43.743+0000] {dag.py:4180} INFO - Setting next_dagrun for example_external_task_marker_parent to None, run_after=None
[2025-02-23T04:49:43.756+0000] {processor.py:208} INFO - Processing /home/airflow/.local/lib/python3.12/site-packages/airflow/example_dags/example_external_task_marker_dag.py took 0.068 seconds
[2025-02-23T04:50:13.891+0000] {processor.py:186} INFO - Started process (PID=581) to work on /home/airflow/.local/lib/python3.12/site-packages/airflow/example_dags/example_external_task_marker_dag.py
[2025-02-23T04:50:13.892+0000] {processor.py:914} INFO - Processing file /home/airflow/.local/lib/python3.12/site-packages/airflow/example_dags/example_external_task_marker_dag.py for tasks to queue
[2025-02-23T04:50:13.893+0000] {logging_mixin.py:190} INFO - [2025-02-23T04:50:13.893+0000] {dagbag.py:588} INFO - Filling up the DagBag from /home/airflow/.local/lib/python3.12/site-packages/airflow/example_dags/example_external_task_marker_dag.py
[2025-02-23T04:50:13.899+0000] {processor.py:925} INFO - DAG(s) 'example_external_task_marker_parent', 'example_external_task_marker_child' retrieved from /home/airflow/.local/lib/python3.12/site-packages/airflow/example_dags/example_external_task_marker_dag.py
[2025-02-23T04:50:13.918+0000] {logging_mixin.py:190} INFO - [2025-02-23T04:50:13.918+0000] {dag.py:3239} INFO - Sync 2 DAGs
[2025-02-23T04:50:13.933+0000] {logging_mixin.py:190} INFO - [2025-02-23T04:50:13.933+0000] {dag.py:4180} INFO - Setting next_dagrun for example_external_task_marker_child to None, run_after=None
[2025-02-23T04:50:13.937+0000] {logging_mixin.py:190} INFO - [2025-02-23T04:50:13.936+0000] {dag.py:4180} INFO - Setting next_dagrun for example_external_task_marker_parent to None, run_after=None
[2025-02-23T04:50:13.950+0000] {processor.py:208} INFO - Processing /home/airflow/.local/lib/python3.12/site-packages/airflow/example_dags/example_external_task_marker_dag.py took 0.063 seconds
