[2025-02-23T04:46:14.602+0000] {processor.py:186} INFO - Started process (PID=97) to work on /home/airflow/.local/lib/python3.12/site-packages/airflow/example_dags/example_time_delta_sensor_async.py
[2025-02-23T04:46:14.603+0000] {processor.py:914} INFO - Processing file /home/airflow/.local/lib/python3.12/site-packages/airflow/example_dags/example_time_delta_sensor_async.py for tasks to queue
[2025-02-23T04:46:14.605+0000] {logging_mixin.py:190} INFO - [2025-02-23T04:46:14.605+0000] {dagbag.py:588} INFO - Filling up the DagBag from /home/airflow/.local/lib/python3.12/site-packages/airflow/example_dags/example_time_delta_sensor_async.py
[2025-02-23T04:46:14.611+0000] {processor.py:925} INFO - DAG(s) 'example_time_delta_sensor_async' retrieved from /home/airflow/.local/lib/python3.12/site-packages/airflow/example_dags/example_time_delta_sensor_async.py
[2025-02-23T04:46:14.695+0000] {logging_mixin.py:190} INFO - [2025-02-23T04:46:14.694+0000] {override.py:1911} INFO - Created Permission View: can delete on DAG:example_time_delta_sensor_async
[2025-02-23T04:46:14.701+0000] {logging_mixin.py:190} INFO - [2025-02-23T04:46:14.701+0000] {override.py:1911} INFO - Created Permission View: can read on DAG:example_time_delta_sensor_async
[2025-02-23T04:46:14.706+0000] {logging_mixin.py:190} INFO - [2025-02-23T04:46:14.705+0000] {override.py:1911} INFO - Created Permission View: can edit on DAG:example_time_delta_sensor_async
[2025-02-23T04:46:14.710+0000] {logging_mixin.py:190} INFO - [2025-02-23T04:46:14.710+0000] {override.py:1911} INFO - Created Permission View: can create on DAG Run:example_time_delta_sensor_async
[2025-02-23T04:46:14.714+0000] {logging_mixin.py:190} INFO - [2025-02-23T04:46:14.714+0000] {override.py:1911} INFO - Created Permission View: can read on DAG Run:example_time_delta_sensor_async
[2025-02-23T04:46:14.718+0000] {logging_mixin.py:190} INFO - [2025-02-23T04:46:14.718+0000] {override.py:1911} INFO - Created Permission View: menu access on DAG Run:example_time_delta_sensor_async
[2025-02-23T04:46:14.722+0000] {logging_mixin.py:190} INFO - [2025-02-23T04:46:14.722+0000] {override.py:1911} INFO - Created Permission View: can delete on DAG Run:example_time_delta_sensor_async
[2025-02-23T04:46:14.722+0000] {logging_mixin.py:190} INFO - [2025-02-23T04:46:14.722+0000] {dag.py:3239} INFO - Sync 1 DAGs
[2025-02-23T04:46:14.733+0000] {logging_mixin.py:190} INFO - [2025-02-23T04:46:14.733+0000] {dag.py:3262} INFO - Creating ORM DAG for example_time_delta_sensor_async
[2025-02-23T04:46:14.734+0000] {logging_mixin.py:190} INFO - [2025-02-23T04:46:14.733+0000] {dag.py:4180} INFO - Setting next_dagrun for example_time_delta_sensor_async to None, run_after=None
[2025-02-23T04:46:14.744+0000] {processor.py:208} INFO - Processing /home/airflow/.local/lib/python3.12/site-packages/airflow/example_dags/example_time_delta_sensor_async.py took 0.146 seconds
[2025-02-23T04:46:45.116+0000] {processor.py:186} INFO - Started process (PID=159) to work on /home/airflow/.local/lib/python3.12/site-packages/airflow/example_dags/example_time_delta_sensor_async.py
[2025-02-23T04:46:45.116+0000] {processor.py:914} INFO - Processing file /home/airflow/.local/lib/python3.12/site-packages/airflow/example_dags/example_time_delta_sensor_async.py for tasks to queue
[2025-02-23T04:46:45.119+0000] {logging_mixin.py:190} INFO - [2025-02-23T04:46:45.118+0000] {dagbag.py:588} INFO - Filling up the DagBag from /home/airflow/.local/lib/python3.12/site-packages/airflow/example_dags/example_time_delta_sensor_async.py
[2025-02-23T04:46:45.126+0000] {processor.py:925} INFO - DAG(s) 'example_time_delta_sensor_async' retrieved from /home/airflow/.local/lib/python3.12/site-packages/airflow/example_dags/example_time_delta_sensor_async.py
[2025-02-23T04:46:45.147+0000] {logging_mixin.py:190} INFO - [2025-02-23T04:46:45.147+0000] {dag.py:3239} INFO - Sync 1 DAGs
[2025-02-23T04:46:45.163+0000] {logging_mixin.py:190} INFO - [2025-02-23T04:46:45.163+0000] {dag.py:4180} INFO - Setting next_dagrun for example_time_delta_sensor_async to None, run_after=None
[2025-02-23T04:46:45.182+0000] {processor.py:208} INFO - Processing /home/airflow/.local/lib/python3.12/site-packages/airflow/example_dags/example_time_delta_sensor_async.py took 0.073 seconds
[2025-02-23T04:47:16.068+0000] {processor.py:186} INFO - Started process (PID=222) to work on /home/airflow/.local/lib/python3.12/site-packages/airflow/example_dags/example_time_delta_sensor_async.py
[2025-02-23T04:47:16.069+0000] {processor.py:914} INFO - Processing file /home/airflow/.local/lib/python3.12/site-packages/airflow/example_dags/example_time_delta_sensor_async.py for tasks to queue
[2025-02-23T04:47:16.071+0000] {logging_mixin.py:190} INFO - [2025-02-23T04:47:16.070+0000] {dagbag.py:588} INFO - Filling up the DagBag from /home/airflow/.local/lib/python3.12/site-packages/airflow/example_dags/example_time_delta_sensor_async.py
[2025-02-23T04:47:16.076+0000] {processor.py:925} INFO - DAG(s) 'example_time_delta_sensor_async' retrieved from /home/airflow/.local/lib/python3.12/site-packages/airflow/example_dags/example_time_delta_sensor_async.py
[2025-02-23T04:47:16.090+0000] {logging_mixin.py:190} INFO - [2025-02-23T04:47:16.090+0000] {dag.py:3239} INFO - Sync 1 DAGs
[2025-02-23T04:47:16.101+0000] {logging_mixin.py:190} INFO - [2025-02-23T04:47:16.101+0000] {dag.py:4180} INFO - Setting next_dagrun for example_time_delta_sensor_async to None, run_after=None
[2025-02-23T04:47:16.114+0000] {processor.py:208} INFO - Processing /home/airflow/.local/lib/python3.12/site-packages/airflow/example_dags/example_time_delta_sensor_async.py took 0.050 seconds
[2025-02-23T04:47:46.337+0000] {processor.py:186} INFO - Started process (PID=286) to work on /home/airflow/.local/lib/python3.12/site-packages/airflow/example_dags/example_time_delta_sensor_async.py
[2025-02-23T04:47:46.338+0000] {processor.py:914} INFO - Processing file /home/airflow/.local/lib/python3.12/site-packages/airflow/example_dags/example_time_delta_sensor_async.py for tasks to queue
[2025-02-23T04:47:46.340+0000] {logging_mixin.py:190} INFO - [2025-02-23T04:47:46.339+0000] {dagbag.py:588} INFO - Filling up the DagBag from /home/airflow/.local/lib/python3.12/site-packages/airflow/example_dags/example_time_delta_sensor_async.py
[2025-02-23T04:47:46.345+0000] {processor.py:925} INFO - DAG(s) 'example_time_delta_sensor_async' retrieved from /home/airflow/.local/lib/python3.12/site-packages/airflow/example_dags/example_time_delta_sensor_async.py
[2025-02-23T04:47:46.360+0000] {logging_mixin.py:190} INFO - [2025-02-23T04:47:46.360+0000] {dag.py:3239} INFO - Sync 1 DAGs
[2025-02-23T04:47:46.375+0000] {logging_mixin.py:190} INFO - [2025-02-23T04:47:46.375+0000] {dag.py:4180} INFO - Setting next_dagrun for example_time_delta_sensor_async to None, run_after=None
[2025-02-23T04:47:46.394+0000] {processor.py:208} INFO - Processing /home/airflow/.local/lib/python3.12/site-packages/airflow/example_dags/example_time_delta_sensor_async.py took 0.061 seconds
[2025-02-23T04:48:16.712+0000] {processor.py:186} INFO - Started process (PID=349) to work on /home/airflow/.local/lib/python3.12/site-packages/airflow/example_dags/example_time_delta_sensor_async.py
[2025-02-23T04:48:16.713+0000] {processor.py:914} INFO - Processing file /home/airflow/.local/lib/python3.12/site-packages/airflow/example_dags/example_time_delta_sensor_async.py for tasks to queue
[2025-02-23T04:48:16.715+0000] {logging_mixin.py:190} INFO - [2025-02-23T04:48:16.714+0000] {dagbag.py:588} INFO - Filling up the DagBag from /home/airflow/.local/lib/python3.12/site-packages/airflow/example_dags/example_time_delta_sensor_async.py
[2025-02-23T04:48:16.722+0000] {processor.py:925} INFO - DAG(s) 'example_time_delta_sensor_async' retrieved from /home/airflow/.local/lib/python3.12/site-packages/airflow/example_dags/example_time_delta_sensor_async.py
[2025-02-23T04:48:16.742+0000] {logging_mixin.py:190} INFO - [2025-02-23T04:48:16.742+0000] {dag.py:3239} INFO - Sync 1 DAGs
[2025-02-23T04:48:16.758+0000] {logging_mixin.py:190} INFO - [2025-02-23T04:48:16.758+0000] {dag.py:4180} INFO - Setting next_dagrun for example_time_delta_sensor_async to None, run_after=None
[2025-02-23T04:48:16.780+0000] {processor.py:208} INFO - Processing /home/airflow/.local/lib/python3.12/site-packages/airflow/example_dags/example_time_delta_sensor_async.py took 0.074 seconds
[2025-02-23T04:48:46.828+0000] {processor.py:186} INFO - Started process (PID=412) to work on /home/airflow/.local/lib/python3.12/site-packages/airflow/example_dags/example_time_delta_sensor_async.py
[2025-02-23T04:48:46.829+0000] {processor.py:914} INFO - Processing file /home/airflow/.local/lib/python3.12/site-packages/airflow/example_dags/example_time_delta_sensor_async.py for tasks to queue
[2025-02-23T04:48:46.830+0000] {logging_mixin.py:190} INFO - [2025-02-23T04:48:46.830+0000] {dagbag.py:588} INFO - Filling up the DagBag from /home/airflow/.local/lib/python3.12/site-packages/airflow/example_dags/example_time_delta_sensor_async.py
[2025-02-23T04:48:46.836+0000] {processor.py:925} INFO - DAG(s) 'example_time_delta_sensor_async' retrieved from /home/airflow/.local/lib/python3.12/site-packages/airflow/example_dags/example_time_delta_sensor_async.py
[2025-02-23T04:48:46.851+0000] {logging_mixin.py:190} INFO - [2025-02-23T04:48:46.851+0000] {dag.py:3239} INFO - Sync 1 DAGs
[2025-02-23T04:48:46.863+0000] {logging_mixin.py:190} INFO - [2025-02-23T04:48:46.863+0000] {dag.py:4180} INFO - Setting next_dagrun for example_time_delta_sensor_async to None, run_after=None
[2025-02-23T04:48:46.878+0000] {processor.py:208} INFO - Processing /home/airflow/.local/lib/python3.12/site-packages/airflow/example_dags/example_time_delta_sensor_async.py took 0.054 seconds
[2025-02-23T04:49:17.344+0000] {processor.py:186} INFO - Started process (PID=475) to work on /home/airflow/.local/lib/python3.12/site-packages/airflow/example_dags/example_time_delta_sensor_async.py
[2025-02-23T04:49:17.344+0000] {processor.py:914} INFO - Processing file /home/airflow/.local/lib/python3.12/site-packages/airflow/example_dags/example_time_delta_sensor_async.py for tasks to queue
[2025-02-23T04:49:17.346+0000] {logging_mixin.py:190} INFO - [2025-02-23T04:49:17.346+0000] {dagbag.py:588} INFO - Filling up the DagBag from /home/airflow/.local/lib/python3.12/site-packages/airflow/example_dags/example_time_delta_sensor_async.py
[2025-02-23T04:49:17.351+0000] {processor.py:925} INFO - DAG(s) 'example_time_delta_sensor_async' retrieved from /home/airflow/.local/lib/python3.12/site-packages/airflow/example_dags/example_time_delta_sensor_async.py
[2025-02-23T04:49:17.366+0000] {logging_mixin.py:190} INFO - [2025-02-23T04:49:17.365+0000] {dag.py:3239} INFO - Sync 1 DAGs
[2025-02-23T04:49:17.377+0000] {logging_mixin.py:190} INFO - [2025-02-23T04:49:17.376+0000] {dag.py:4180} INFO - Setting next_dagrun for example_time_delta_sensor_async to None, run_after=None
[2025-02-23T04:49:17.389+0000] {processor.py:208} INFO - Processing /home/airflow/.local/lib/python3.12/site-packages/airflow/example_dags/example_time_delta_sensor_async.py took 0.050 seconds
[2025-02-23T04:49:47.577+0000] {processor.py:186} INFO - Started process (PID=538) to work on /home/airflow/.local/lib/python3.12/site-packages/airflow/example_dags/example_time_delta_sensor_async.py
[2025-02-23T04:49:47.577+0000] {processor.py:914} INFO - Processing file /home/airflow/.local/lib/python3.12/site-packages/airflow/example_dags/example_time_delta_sensor_async.py for tasks to queue
[2025-02-23T04:49:47.579+0000] {logging_mixin.py:190} INFO - [2025-02-23T04:49:47.579+0000] {dagbag.py:588} INFO - Filling up the DagBag from /home/airflow/.local/lib/python3.12/site-packages/airflow/example_dags/example_time_delta_sensor_async.py
[2025-02-23T04:49:47.584+0000] {processor.py:925} INFO - DAG(s) 'example_time_delta_sensor_async' retrieved from /home/airflow/.local/lib/python3.12/site-packages/airflow/example_dags/example_time_delta_sensor_async.py
[2025-02-23T04:49:47.598+0000] {logging_mixin.py:190} INFO - [2025-02-23T04:49:47.598+0000] {dag.py:3239} INFO - Sync 1 DAGs
[2025-02-23T04:49:47.609+0000] {logging_mixin.py:190} INFO - [2025-02-23T04:49:47.608+0000] {dag.py:4180} INFO - Setting next_dagrun for example_time_delta_sensor_async to None, run_after=None
[2025-02-23T04:49:47.622+0000] {processor.py:208} INFO - Processing /home/airflow/.local/lib/python3.12/site-packages/airflow/example_dags/example_time_delta_sensor_async.py took 0.049 seconds
