[2025-02-23T04:46:14.771+0000] {processor.py:186} INFO - Started process (PID=98) to work on /home/airflow/.local/lib/python3.12/site-packages/airflow/example_dags/example_dataset_alias_with_no_taskflow.py
[2025-02-23T04:46:14.772+0000] {processor.py:914} INFO - Processing file /home/airflow/.local/lib/python3.12/site-packages/airflow/example_dags/example_dataset_alias_with_no_taskflow.py for tasks to queue
[2025-02-23T04:46:14.774+0000] {logging_mixin.py:190} INFO - [2025-02-23T04:46:14.773+0000] {dagbag.py:588} INFO - Filling up the DagBag from /home/airflow/.local/lib/python3.12/site-packages/airflow/example_dags/example_dataset_alias_with_no_taskflow.py
[2025-02-23T04:46:15.413+0000] {processor.py:925} INFO - DAG(s) 'dataset_alias_example_alias_consumer_with_no_taskflow', 'dataset_s3_bucket_consumer_with_no_taskflow', 'dataset_s3_bucket_producer_with_no_taskflow', 'dataset_alias_example_alias_producer_with_no_taskflow' retrieved from /home/airflow/.local/lib/python3.12/site-packages/airflow/example_dags/example_dataset_alias_with_no_taskflow.py
[2025-02-23T04:46:15.505+0000] {logging_mixin.py:190} INFO - [2025-02-23T04:46:15.505+0000] {override.py:1911} INFO - Created Permission View: can delete on DAG:dataset_alias_example_alias_consumer_with_no_taskflow
[2025-02-23T04:46:15.515+0000] {logging_mixin.py:190} INFO - [2025-02-23T04:46:15.515+0000] {override.py:1911} INFO - Created Permission View: can read on DAG:dataset_alias_example_alias_consumer_with_no_taskflow
[2025-02-23T04:46:15.521+0000] {logging_mixin.py:190} INFO - [2025-02-23T04:46:15.520+0000] {override.py:1911} INFO - Created Permission View: can edit on DAG:dataset_alias_example_alias_consumer_with_no_taskflow
[2025-02-23T04:46:15.527+0000] {logging_mixin.py:190} INFO - [2025-02-23T04:46:15.526+0000] {override.py:1911} INFO - Created Permission View: can create on DAG Run:dataset_alias_example_alias_consumer_with_no_taskflow
[2025-02-23T04:46:15.533+0000] {logging_mixin.py:190} INFO - [2025-02-23T04:46:15.532+0000] {override.py:1911} INFO - Created Permission View: can read on DAG Run:dataset_alias_example_alias_consumer_with_no_taskflow
[2025-02-23T04:46:15.538+0000] {logging_mixin.py:190} INFO - [2025-02-23T04:46:15.538+0000] {override.py:1911} INFO - Created Permission View: menu access on DAG Run:dataset_alias_example_alias_consumer_with_no_taskflow
[2025-02-23T04:46:15.547+0000] {logging_mixin.py:190} INFO - [2025-02-23T04:46:15.544+0000] {override.py:1911} INFO - Created Permission View: can delete on DAG Run:dataset_alias_example_alias_consumer_with_no_taskflow
[2025-02-23T04:46:15.559+0000] {logging_mixin.py:190} INFO - [2025-02-23T04:46:15.559+0000] {override.py:1911} INFO - Created Permission View: can delete on DAG:dataset_s3_bucket_consumer_with_no_taskflow
[2025-02-23T04:46:15.565+0000] {logging_mixin.py:190} INFO - [2025-02-23T04:46:15.565+0000] {override.py:1911} INFO - Created Permission View: can read on DAG:dataset_s3_bucket_consumer_with_no_taskflow
[2025-02-23T04:46:15.571+0000] {logging_mixin.py:190} INFO - [2025-02-23T04:46:15.570+0000] {override.py:1911} INFO - Created Permission View: can edit on DAG:dataset_s3_bucket_consumer_with_no_taskflow
[2025-02-23T04:46:15.577+0000] {logging_mixin.py:190} INFO - [2025-02-23T04:46:15.576+0000] {override.py:1911} INFO - Created Permission View: can create on DAG Run:dataset_s3_bucket_consumer_with_no_taskflow
[2025-02-23T04:46:15.582+0000] {logging_mixin.py:190} INFO - [2025-02-23T04:46:15.582+0000] {override.py:1911} INFO - Created Permission View: can read on DAG Run:dataset_s3_bucket_consumer_with_no_taskflow
[2025-02-23T04:46:15.589+0000] {logging_mixin.py:190} INFO - [2025-02-23T04:46:15.588+0000] {override.py:1911} INFO - Created Permission View: menu access on DAG Run:dataset_s3_bucket_consumer_with_no_taskflow
[2025-02-23T04:46:15.595+0000] {logging_mixin.py:190} INFO - [2025-02-23T04:46:15.594+0000] {override.py:1911} INFO - Created Permission View: can delete on DAG Run:dataset_s3_bucket_consumer_with_no_taskflow
[2025-02-23T04:46:15.606+0000] {logging_mixin.py:190} INFO - [2025-02-23T04:46:15.606+0000] {override.py:1911} INFO - Created Permission View: can delete on DAG:dataset_s3_bucket_producer_with_no_taskflow
[2025-02-23T04:46:15.612+0000] {logging_mixin.py:190} INFO - [2025-02-23T04:46:15.612+0000] {override.py:1911} INFO - Created Permission View: can read on DAG:dataset_s3_bucket_producer_with_no_taskflow
[2025-02-23T04:46:15.618+0000] {logging_mixin.py:190} INFO - [2025-02-23T04:46:15.618+0000] {override.py:1911} INFO - Created Permission View: can edit on DAG:dataset_s3_bucket_producer_with_no_taskflow
[2025-02-23T04:46:15.624+0000] {logging_mixin.py:190} INFO - [2025-02-23T04:46:15.624+0000] {override.py:1911} INFO - Created Permission View: can create on DAG Run:dataset_s3_bucket_producer_with_no_taskflow
[2025-02-23T04:46:15.632+0000] {logging_mixin.py:190} INFO - [2025-02-23T04:46:15.631+0000] {override.py:1911} INFO - Created Permission View: can read on DAG Run:dataset_s3_bucket_producer_with_no_taskflow
[2025-02-23T04:46:15.637+0000] {logging_mixin.py:190} INFO - [2025-02-23T04:46:15.637+0000] {override.py:1911} INFO - Created Permission View: menu access on DAG Run:dataset_s3_bucket_producer_with_no_taskflow
[2025-02-23T04:46:15.643+0000] {logging_mixin.py:190} INFO - [2025-02-23T04:46:15.643+0000] {override.py:1911} INFO - Created Permission View: can delete on DAG Run:dataset_s3_bucket_producer_with_no_taskflow
[2025-02-23T04:46:15.655+0000] {logging_mixin.py:190} INFO - [2025-02-23T04:46:15.655+0000] {override.py:1911} INFO - Created Permission View: can delete on DAG:dataset_alias_example_alias_producer_with_no_taskflow
[2025-02-23T04:46:15.661+0000] {logging_mixin.py:190} INFO - [2025-02-23T04:46:15.661+0000] {override.py:1911} INFO - Created Permission View: can read on DAG:dataset_alias_example_alias_producer_with_no_taskflow
[2025-02-23T04:46:15.667+0000] {logging_mixin.py:190} INFO - [2025-02-23T04:46:15.666+0000] {override.py:1911} INFO - Created Permission View: can edit on DAG:dataset_alias_example_alias_producer_with_no_taskflow
[2025-02-23T04:46:15.672+0000] {logging_mixin.py:190} INFO - [2025-02-23T04:46:15.672+0000] {override.py:1911} INFO - Created Permission View: can create on DAG Run:dataset_alias_example_alias_producer_with_no_taskflow
[2025-02-23T04:46:15.678+0000] {logging_mixin.py:190} INFO - [2025-02-23T04:46:15.678+0000] {override.py:1911} INFO - Created Permission View: can read on DAG Run:dataset_alias_example_alias_producer_with_no_taskflow
[2025-02-23T04:46:15.684+0000] {logging_mixin.py:190} INFO - [2025-02-23T04:46:15.684+0000] {override.py:1911} INFO - Created Permission View: menu access on DAG Run:dataset_alias_example_alias_producer_with_no_taskflow
[2025-02-23T04:46:15.690+0000] {logging_mixin.py:190} INFO - [2025-02-23T04:46:15.690+0000] {override.py:1911} INFO - Created Permission View: can delete on DAG Run:dataset_alias_example_alias_producer_with_no_taskflow
[2025-02-23T04:46:15.691+0000] {logging_mixin.py:190} INFO - [2025-02-23T04:46:15.690+0000] {dag.py:3239} INFO - Sync 4 DAGs
[2025-02-23T04:46:15.708+0000] {logging_mixin.py:190} INFO - [2025-02-23T04:46:15.707+0000] {dag.py:3262} INFO - Creating ORM DAG for dataset_s3_bucket_consumer_with_no_taskflow
[2025-02-23T04:46:15.709+0000] {logging_mixin.py:190} INFO - [2025-02-23T04:46:15.709+0000] {dag.py:3262} INFO - Creating ORM DAG for dataset_alias_example_alias_consumer_with_no_taskflow
[2025-02-23T04:46:15.709+0000] {logging_mixin.py:190} INFO - [2025-02-23T04:46:15.709+0000] {dag.py:3262} INFO - Creating ORM DAG for dataset_s3_bucket_producer_with_no_taskflow
[2025-02-23T04:46:15.710+0000] {logging_mixin.py:190} INFO - [2025-02-23T04:46:15.710+0000] {dag.py:3262} INFO - Creating ORM DAG for dataset_alias_example_alias_producer_with_no_taskflow
[2025-02-23T04:46:15.723+0000] {logging_mixin.py:190} INFO - [2025-02-23T04:46:15.722+0000] {dag.py:4180} INFO - Setting next_dagrun for dataset_alias_example_alias_consumer_with_no_taskflow to None, run_after=None
[2025-02-23T04:46:15.724+0000] {logging_mixin.py:190} INFO - [2025-02-23T04:46:15.723+0000] {dag.py:4180} INFO - Setting next_dagrun for dataset_alias_example_alias_producer_with_no_taskflow to None, run_after=None
[2025-02-23T04:46:15.724+0000] {logging_mixin.py:190} INFO - [2025-02-23T04:46:15.724+0000] {dag.py:4180} INFO - Setting next_dagrun for dataset_s3_bucket_consumer_with_no_taskflow to None, run_after=None
[2025-02-23T04:46:15.725+0000] {logging_mixin.py:190} INFO - [2025-02-23T04:46:15.725+0000] {dag.py:4180} INFO - Setting next_dagrun for dataset_s3_bucket_producer_with_no_taskflow to None, run_after=None
[2025-02-23T04:46:15.755+0000] {processor.py:208} INFO - Processing /home/airflow/.local/lib/python3.12/site-packages/airflow/example_dags/example_dataset_alias_with_no_taskflow.py took 0.989 seconds
[2025-02-23T04:46:45.905+0000] {processor.py:186} INFO - Started process (PID=161) to work on /home/airflow/.local/lib/python3.12/site-packages/airflow/example_dags/example_dataset_alias_with_no_taskflow.py
[2025-02-23T04:46:45.905+0000] {processor.py:914} INFO - Processing file /home/airflow/.local/lib/python3.12/site-packages/airflow/example_dags/example_dataset_alias_with_no_taskflow.py for tasks to queue
[2025-02-23T04:46:45.907+0000] {logging_mixin.py:190} INFO - [2025-02-23T04:46:45.906+0000] {dagbag.py:588} INFO - Filling up the DagBag from /home/airflow/.local/lib/python3.12/site-packages/airflow/example_dags/example_dataset_alias_with_no_taskflow.py
[2025-02-23T04:46:46.473+0000] {processor.py:925} INFO - DAG(s) 'dataset_s3_bucket_producer_with_no_taskflow', 'dataset_alias_example_alias_consumer_with_no_taskflow', 'dataset_alias_example_alias_producer_with_no_taskflow', 'dataset_s3_bucket_consumer_with_no_taskflow' retrieved from /home/airflow/.local/lib/python3.12/site-packages/airflow/example_dags/example_dataset_alias_with_no_taskflow.py
[2025-02-23T04:46:46.489+0000] {logging_mixin.py:190} INFO - [2025-02-23T04:46:46.488+0000] {dag.py:3239} INFO - Sync 4 DAGs
[2025-02-23T04:46:46.507+0000] {logging_mixin.py:190} INFO - [2025-02-23T04:46:46.507+0000] {dag.py:4180} INFO - Setting next_dagrun for dataset_alias_example_alias_consumer_with_no_taskflow to None, run_after=None
[2025-02-23T04:46:46.509+0000] {logging_mixin.py:190} INFO - [2025-02-23T04:46:46.509+0000] {dag.py:4180} INFO - Setting next_dagrun for dataset_alias_example_alias_producer_with_no_taskflow to None, run_after=None
[2025-02-23T04:46:46.510+0000] {logging_mixin.py:190} INFO - [2025-02-23T04:46:46.510+0000] {dag.py:4180} INFO - Setting next_dagrun for dataset_s3_bucket_consumer_with_no_taskflow to None, run_after=None
[2025-02-23T04:46:46.511+0000] {logging_mixin.py:190} INFO - [2025-02-23T04:46:46.510+0000] {dag.py:4180} INFO - Setting next_dagrun for dataset_s3_bucket_producer_with_no_taskflow to None, run_after=None
[2025-02-23T04:46:46.527+0000] {processor.py:208} INFO - Processing /home/airflow/.local/lib/python3.12/site-packages/airflow/example_dags/example_dataset_alias_with_no_taskflow.py took 0.627 seconds
[2025-02-23T04:47:16.791+0000] {processor.py:186} INFO - Started process (PID=226) to work on /home/airflow/.local/lib/python3.12/site-packages/airflow/example_dags/example_dataset_alias_with_no_taskflow.py
[2025-02-23T04:47:16.792+0000] {processor.py:914} INFO - Processing file /home/airflow/.local/lib/python3.12/site-packages/airflow/example_dags/example_dataset_alias_with_no_taskflow.py for tasks to queue
[2025-02-23T04:47:16.794+0000] {logging_mixin.py:190} INFO - [2025-02-23T04:47:16.794+0000] {dagbag.py:588} INFO - Filling up the DagBag from /home/airflow/.local/lib/python3.12/site-packages/airflow/example_dags/example_dataset_alias_with_no_taskflow.py
[2025-02-23T04:47:17.368+0000] {processor.py:925} INFO - DAG(s) 'dataset_s3_bucket_consumer_with_no_taskflow', 'dataset_s3_bucket_producer_with_no_taskflow', 'dataset_alias_example_alias_consumer_with_no_taskflow', 'dataset_alias_example_alias_producer_with_no_taskflow' retrieved from /home/airflow/.local/lib/python3.12/site-packages/airflow/example_dags/example_dataset_alias_with_no_taskflow.py
[2025-02-23T04:47:17.384+0000] {logging_mixin.py:190} INFO - [2025-02-23T04:47:17.383+0000] {dag.py:3239} INFO - Sync 4 DAGs
[2025-02-23T04:47:17.401+0000] {logging_mixin.py:190} INFO - [2025-02-23T04:47:17.401+0000] {dag.py:4180} INFO - Setting next_dagrun for dataset_alias_example_alias_consumer_with_no_taskflow to None, run_after=None
[2025-02-23T04:47:17.403+0000] {logging_mixin.py:190} INFO - [2025-02-23T04:47:17.403+0000] {dag.py:4180} INFO - Setting next_dagrun for dataset_alias_example_alias_producer_with_no_taskflow to None, run_after=None
[2025-02-23T04:47:17.404+0000] {logging_mixin.py:190} INFO - [2025-02-23T04:47:17.404+0000] {dag.py:4180} INFO - Setting next_dagrun for dataset_s3_bucket_consumer_with_no_taskflow to None, run_after=None
[2025-02-23T04:47:17.405+0000] {logging_mixin.py:190} INFO - [2025-02-23T04:47:17.405+0000] {dag.py:4180} INFO - Setting next_dagrun for dataset_s3_bucket_producer_with_no_taskflow to None, run_after=None
[2025-02-23T04:47:17.421+0000] {processor.py:208} INFO - Processing /home/airflow/.local/lib/python3.12/site-packages/airflow/example_dags/example_dataset_alias_with_no_taskflow.py took 0.636 seconds
[2025-02-23T04:47:47.460+0000] {processor.py:186} INFO - Started process (PID=290) to work on /home/airflow/.local/lib/python3.12/site-packages/airflow/example_dags/example_dataset_alias_with_no_taskflow.py
[2025-02-23T04:47:47.461+0000] {processor.py:914} INFO - Processing file /home/airflow/.local/lib/python3.12/site-packages/airflow/example_dags/example_dataset_alias_with_no_taskflow.py for tasks to queue
[2025-02-23T04:47:47.463+0000] {logging_mixin.py:190} INFO - [2025-02-23T04:47:47.462+0000] {dagbag.py:588} INFO - Filling up the DagBag from /home/airflow/.local/lib/python3.12/site-packages/airflow/example_dags/example_dataset_alias_with_no_taskflow.py
[2025-02-23T04:47:48.006+0000] {processor.py:925} INFO - DAG(s) 'dataset_alias_example_alias_producer_with_no_taskflow', 'dataset_alias_example_alias_consumer_with_no_taskflow', 'dataset_s3_bucket_consumer_with_no_taskflow', 'dataset_s3_bucket_producer_with_no_taskflow' retrieved from /home/airflow/.local/lib/python3.12/site-packages/airflow/example_dags/example_dataset_alias_with_no_taskflow.py
[2025-02-23T04:47:48.028+0000] {logging_mixin.py:190} INFO - [2025-02-23T04:47:48.027+0000] {dag.py:3239} INFO - Sync 4 DAGs
[2025-02-23T04:47:48.053+0000] {logging_mixin.py:190} INFO - [2025-02-23T04:47:48.053+0000] {dag.py:4180} INFO - Setting next_dagrun for dataset_alias_example_alias_consumer_with_no_taskflow to None, run_after=None
[2025-02-23T04:47:48.056+0000] {logging_mixin.py:190} INFO - [2025-02-23T04:47:48.056+0000] {dag.py:4180} INFO - Setting next_dagrun for dataset_alias_example_alias_producer_with_no_taskflow to None, run_after=None
[2025-02-23T04:47:48.057+0000] {logging_mixin.py:190} INFO - [2025-02-23T04:47:48.057+0000] {dag.py:4180} INFO - Setting next_dagrun for dataset_s3_bucket_consumer_with_no_taskflow to None, run_after=None
[2025-02-23T04:47:48.058+0000] {logging_mixin.py:190} INFO - [2025-02-23T04:47:48.058+0000] {dag.py:4180} INFO - Setting next_dagrun for dataset_s3_bucket_producer_with_no_taskflow to None, run_after=None
[2025-02-23T04:47:48.078+0000] {processor.py:208} INFO - Processing /home/airflow/.local/lib/python3.12/site-packages/airflow/example_dags/example_dataset_alias_with_no_taskflow.py took 0.622 seconds
[2025-02-23T04:48:18.967+0000] {processor.py:186} INFO - Started process (PID=353) to work on /home/airflow/.local/lib/python3.12/site-packages/airflow/example_dags/example_dataset_alias_with_no_taskflow.py
[2025-02-23T04:48:18.970+0000] {processor.py:914} INFO - Processing file /home/airflow/.local/lib/python3.12/site-packages/airflow/example_dags/example_dataset_alias_with_no_taskflow.py for tasks to queue
[2025-02-23T04:48:18.972+0000] {logging_mixin.py:190} INFO - [2025-02-23T04:48:18.972+0000] {dagbag.py:588} INFO - Filling up the DagBag from /home/airflow/.local/lib/python3.12/site-packages/airflow/example_dags/example_dataset_alias_with_no_taskflow.py
[2025-02-23T04:48:19.530+0000] {processor.py:925} INFO - DAG(s) 'dataset_alias_example_alias_consumer_with_no_taskflow', 'dataset_alias_example_alias_producer_with_no_taskflow', 'dataset_s3_bucket_consumer_with_no_taskflow', 'dataset_s3_bucket_producer_with_no_taskflow' retrieved from /home/airflow/.local/lib/python3.12/site-packages/airflow/example_dags/example_dataset_alias_with_no_taskflow.py
[2025-02-23T04:48:19.546+0000] {logging_mixin.py:190} INFO - [2025-02-23T04:48:19.546+0000] {dag.py:3239} INFO - Sync 4 DAGs
[2025-02-23T04:48:19.572+0000] {logging_mixin.py:190} INFO - [2025-02-23T04:48:19.571+0000] {dag.py:4180} INFO - Setting next_dagrun for dataset_alias_example_alias_consumer_with_no_taskflow to None, run_after=None
[2025-02-23T04:48:19.574+0000] {logging_mixin.py:190} INFO - [2025-02-23T04:48:19.574+0000] {dag.py:4180} INFO - Setting next_dagrun for dataset_alias_example_alias_producer_with_no_taskflow to None, run_after=None
[2025-02-23T04:48:19.576+0000] {logging_mixin.py:190} INFO - [2025-02-23T04:48:19.576+0000] {dag.py:4180} INFO - Setting next_dagrun for dataset_s3_bucket_consumer_with_no_taskflow to None, run_after=None
[2025-02-23T04:48:19.577+0000] {logging_mixin.py:190} INFO - [2025-02-23T04:48:19.577+0000] {dag.py:4180} INFO - Setting next_dagrun for dataset_s3_bucket_producer_with_no_taskflow to None, run_after=None
[2025-02-23T04:48:19.597+0000] {processor.py:208} INFO - Processing /home/airflow/.local/lib/python3.12/site-packages/airflow/example_dags/example_dataset_alias_with_no_taskflow.py took 0.634 seconds
[2025-02-23T04:48:50.088+0000] {processor.py:186} INFO - Started process (PID=417) to work on /home/airflow/.local/lib/python3.12/site-packages/airflow/example_dags/example_dataset_alias_with_no_taskflow.py
[2025-02-23T04:48:50.088+0000] {processor.py:914} INFO - Processing file /home/airflow/.local/lib/python3.12/site-packages/airflow/example_dags/example_dataset_alias_with_no_taskflow.py for tasks to queue
[2025-02-23T04:48:50.090+0000] {logging_mixin.py:190} INFO - [2025-02-23T04:48:50.090+0000] {dagbag.py:588} INFO - Filling up the DagBag from /home/airflow/.local/lib/python3.12/site-packages/airflow/example_dags/example_dataset_alias_with_no_taskflow.py
[2025-02-23T04:48:50.800+0000] {processor.py:925} INFO - DAG(s) 'dataset_s3_bucket_producer_with_no_taskflow', 'dataset_alias_example_alias_consumer_with_no_taskflow', 'dataset_alias_example_alias_producer_with_no_taskflow', 'dataset_s3_bucket_consumer_with_no_taskflow' retrieved from /home/airflow/.local/lib/python3.12/site-packages/airflow/example_dags/example_dataset_alias_with_no_taskflow.py
[2025-02-23T04:48:50.816+0000] {logging_mixin.py:190} INFO - [2025-02-23T04:48:50.816+0000] {dag.py:3239} INFO - Sync 4 DAGs
[2025-02-23T04:48:50.842+0000] {logging_mixin.py:190} INFO - [2025-02-23T04:48:50.842+0000] {dag.py:4180} INFO - Setting next_dagrun for dataset_alias_example_alias_consumer_with_no_taskflow to None, run_after=None
[2025-02-23T04:48:50.844+0000] {logging_mixin.py:190} INFO - [2025-02-23T04:48:50.844+0000] {dag.py:4180} INFO - Setting next_dagrun for dataset_alias_example_alias_producer_with_no_taskflow to None, run_after=None
[2025-02-23T04:48:50.845+0000] {logging_mixin.py:190} INFO - [2025-02-23T04:48:50.845+0000] {dag.py:4180} INFO - Setting next_dagrun for dataset_s3_bucket_consumer_with_no_taskflow to None, run_after=None
[2025-02-23T04:48:50.846+0000] {logging_mixin.py:190} INFO - [2025-02-23T04:48:50.846+0000] {dag.py:4180} INFO - Setting next_dagrun for dataset_s3_bucket_producer_with_no_taskflow to None, run_after=None
[2025-02-23T04:48:50.862+0000] {processor.py:208} INFO - Processing /home/airflow/.local/lib/python3.12/site-packages/airflow/example_dags/example_dataset_alias_with_no_taskflow.py took 0.780 seconds
[2025-02-23T04:49:21.027+0000] {processor.py:186} INFO - Started process (PID=480) to work on /home/airflow/.local/lib/python3.12/site-packages/airflow/example_dags/example_dataset_alias_with_no_taskflow.py
[2025-02-23T04:49:21.028+0000] {processor.py:914} INFO - Processing file /home/airflow/.local/lib/python3.12/site-packages/airflow/example_dags/example_dataset_alias_with_no_taskflow.py for tasks to queue
[2025-02-23T04:49:21.030+0000] {logging_mixin.py:190} INFO - [2025-02-23T04:49:21.030+0000] {dagbag.py:588} INFO - Filling up the DagBag from /home/airflow/.local/lib/python3.12/site-packages/airflow/example_dags/example_dataset_alias_with_no_taskflow.py
[2025-02-23T04:49:21.765+0000] {processor.py:925} INFO - DAG(s) 'dataset_alias_example_alias_consumer_with_no_taskflow', 'dataset_alias_example_alias_producer_with_no_taskflow', 'dataset_s3_bucket_consumer_with_no_taskflow', 'dataset_s3_bucket_producer_with_no_taskflow' retrieved from /home/airflow/.local/lib/python3.12/site-packages/airflow/example_dags/example_dataset_alias_with_no_taskflow.py
[2025-02-23T04:49:21.791+0000] {logging_mixin.py:190} INFO - [2025-02-23T04:49:21.790+0000] {dag.py:3239} INFO - Sync 4 DAGs
[2025-02-23T04:49:21.821+0000] {logging_mixin.py:190} INFO - [2025-02-23T04:49:21.821+0000] {dag.py:4180} INFO - Setting next_dagrun for dataset_alias_example_alias_consumer_with_no_taskflow to None, run_after=None
[2025-02-23T04:49:21.824+0000] {logging_mixin.py:190} INFO - [2025-02-23T04:49:21.824+0000] {dag.py:4180} INFO - Setting next_dagrun for dataset_alias_example_alias_producer_with_no_taskflow to None, run_after=None
[2025-02-23T04:49:21.828+0000] {logging_mixin.py:190} INFO - [2025-02-23T04:49:21.827+0000] {dag.py:4180} INFO - Setting next_dagrun for dataset_s3_bucket_consumer_with_no_taskflow to None, run_after=None
[2025-02-23T04:49:21.829+0000] {logging_mixin.py:190} INFO - [2025-02-23T04:49:21.829+0000] {dag.py:4180} INFO - Setting next_dagrun for dataset_s3_bucket_producer_with_no_taskflow to None, run_after=None
[2025-02-23T04:49:21.850+0000] {processor.py:208} INFO - Processing /home/airflow/.local/lib/python3.12/site-packages/airflow/example_dags/example_dataset_alias_with_no_taskflow.py took 0.829 seconds
