[2025-02-23T04:46:13.343+0000] {processor.py:186} INFO - Started process (PID=90) to work on /home/airflow/.local/lib/python3.12/site-packages/airflow/example_dags/example_sensor_decorator.py
[2025-02-23T04:46:13.344+0000] {processor.py:914} INFO - Processing file /home/airflow/.local/lib/python3.12/site-packages/airflow/example_dags/example_sensor_decorator.py for tasks to queue
[2025-02-23T04:46:13.346+0000] {logging_mixin.py:190} INFO - [2025-02-23T04:46:13.345+0000] {dagbag.py:588} INFO - Filling up the DagBag from /home/airflow/.local/lib/python3.12/site-packages/airflow/example_dags/example_sensor_decorator.py
[2025-02-23T04:46:13.355+0000] {processor.py:925} INFO - DAG(s) 'example_sensor_decorator' retrieved from /home/airflow/.local/lib/python3.12/site-packages/airflow/example_dags/example_sensor_decorator.py
[2025-02-23T04:46:13.471+0000] {logging_mixin.py:190} INFO - [2025-02-23T04:46:13.470+0000] {override.py:1911} INFO - Created Permission View: can delete on DAG:example_sensor_decorator
[2025-02-23T04:46:13.479+0000] {logging_mixin.py:190} INFO - [2025-02-23T04:46:13.479+0000] {override.py:1911} INFO - Created Permission View: can read on DAG:example_sensor_decorator
[2025-02-23T04:46:13.485+0000] {logging_mixin.py:190} INFO - [2025-02-23T04:46:13.485+0000] {override.py:1911} INFO - Created Permission View: can edit on DAG:example_sensor_decorator
[2025-02-23T04:46:13.490+0000] {logging_mixin.py:190} INFO - [2025-02-23T04:46:13.490+0000] {override.py:1911} INFO - Created Permission View: can create on DAG Run:example_sensor_decorator
[2025-02-23T04:46:13.496+0000] {logging_mixin.py:190} INFO - [2025-02-23T04:46:13.495+0000] {override.py:1911} INFO - Created Permission View: can read on DAG Run:example_sensor_decorator
[2025-02-23T04:46:13.501+0000] {logging_mixin.py:190} INFO - [2025-02-23T04:46:13.501+0000] {override.py:1911} INFO - Created Permission View: menu access on DAG Run:example_sensor_decorator
[2025-02-23T04:46:13.506+0000] {logging_mixin.py:190} INFO - [2025-02-23T04:46:13.506+0000] {override.py:1911} INFO - Created Permission View: can delete on DAG Run:example_sensor_decorator
[2025-02-23T04:46:13.507+0000] {logging_mixin.py:190} INFO - [2025-02-23T04:46:13.506+0000] {dag.py:3239} INFO - Sync 1 DAGs
[2025-02-23T04:46:13.521+0000] {logging_mixin.py:190} INFO - [2025-02-23T04:46:13.521+0000] {dag.py:3262} INFO - Creating ORM DAG for example_sensor_decorator
[2025-02-23T04:46:13.522+0000] {logging_mixin.py:190} INFO - [2025-02-23T04:46:13.522+0000] {dag.py:4180} INFO - Setting next_dagrun for example_sensor_decorator to None, run_after=None
[2025-02-23T04:46:13.537+0000] {processor.py:208} INFO - Processing /home/airflow/.local/lib/python3.12/site-packages/airflow/example_dags/example_sensor_decorator.py took 0.200 seconds
[2025-02-23T04:46:43.840+0000] {processor.py:186} INFO - Started process (PID=153) to work on /home/airflow/.local/lib/python3.12/site-packages/airflow/example_dags/example_sensor_decorator.py
[2025-02-23T04:46:43.841+0000] {processor.py:914} INFO - Processing file /home/airflow/.local/lib/python3.12/site-packages/airflow/example_dags/example_sensor_decorator.py for tasks to queue
[2025-02-23T04:46:43.842+0000] {logging_mixin.py:190} INFO - [2025-02-23T04:46:43.842+0000] {dagbag.py:588} INFO - Filling up the DagBag from /home/airflow/.local/lib/python3.12/site-packages/airflow/example_dags/example_sensor_decorator.py
[2025-02-23T04:46:43.850+0000] {processor.py:925} INFO - DAG(s) 'example_sensor_decorator' retrieved from /home/airflow/.local/lib/python3.12/site-packages/airflow/example_dags/example_sensor_decorator.py
[2025-02-23T04:46:43.867+0000] {logging_mixin.py:190} INFO - [2025-02-23T04:46:43.866+0000] {dag.py:3239} INFO - Sync 1 DAGs
[2025-02-23T04:46:43.880+0000] {logging_mixin.py:190} INFO - [2025-02-23T04:46:43.880+0000] {dag.py:4180} INFO - Setting next_dagrun for example_sensor_decorator to None, run_after=None
[2025-02-23T04:46:43.895+0000] {processor.py:208} INFO - Processing /home/airflow/.local/lib/python3.12/site-packages/airflow/example_dags/example_sensor_decorator.py took 0.059 seconds
[2025-02-23T04:47:14.741+0000] {processor.py:186} INFO - Started process (PID=216) to work on /home/airflow/.local/lib/python3.12/site-packages/airflow/example_dags/example_sensor_decorator.py
[2025-02-23T04:47:14.741+0000] {processor.py:914} INFO - Processing file /home/airflow/.local/lib/python3.12/site-packages/airflow/example_dags/example_sensor_decorator.py for tasks to queue
[2025-02-23T04:47:14.743+0000] {logging_mixin.py:190} INFO - [2025-02-23T04:47:14.742+0000] {dagbag.py:588} INFO - Filling up the DagBag from /home/airflow/.local/lib/python3.12/site-packages/airflow/example_dags/example_sensor_decorator.py
[2025-02-23T04:47:14.749+0000] {processor.py:925} INFO - DAG(s) 'example_sensor_decorator' retrieved from /home/airflow/.local/lib/python3.12/site-packages/airflow/example_dags/example_sensor_decorator.py
[2025-02-23T04:47:14.764+0000] {logging_mixin.py:190} INFO - [2025-02-23T04:47:14.763+0000] {dag.py:3239} INFO - Sync 1 DAGs
[2025-02-23T04:47:14.775+0000] {logging_mixin.py:190} INFO - [2025-02-23T04:47:14.775+0000] {dag.py:4180} INFO - Setting next_dagrun for example_sensor_decorator to None, run_after=None
[2025-02-23T04:47:14.788+0000] {processor.py:208} INFO - Processing /home/airflow/.local/lib/python3.12/site-packages/airflow/example_dags/example_sensor_decorator.py took 0.051 seconds
[2025-02-23T04:47:45.655+0000] {processor.py:186} INFO - Started process (PID=280) to work on /home/airflow/.local/lib/python3.12/site-packages/airflow/example_dags/example_sensor_decorator.py
[2025-02-23T04:47:45.656+0000] {processor.py:914} INFO - Processing file /home/airflow/.local/lib/python3.12/site-packages/airflow/example_dags/example_sensor_decorator.py for tasks to queue
[2025-02-23T04:47:45.658+0000] {logging_mixin.py:190} INFO - [2025-02-23T04:47:45.657+0000] {dagbag.py:588} INFO - Filling up the DagBag from /home/airflow/.local/lib/python3.12/site-packages/airflow/example_dags/example_sensor_decorator.py
[2025-02-23T04:47:45.665+0000] {processor.py:925} INFO - DAG(s) 'example_sensor_decorator' retrieved from /home/airflow/.local/lib/python3.12/site-packages/airflow/example_dags/example_sensor_decorator.py
[2025-02-23T04:47:45.683+0000] {logging_mixin.py:190} INFO - [2025-02-23T04:47:45.683+0000] {dag.py:3239} INFO - Sync 1 DAGs
[2025-02-23T04:47:45.697+0000] {logging_mixin.py:190} INFO - [2025-02-23T04:47:45.697+0000] {dag.py:4180} INFO - Setting next_dagrun for example_sensor_decorator to None, run_after=None
[2025-02-23T04:47:45.716+0000] {processor.py:208} INFO - Processing /home/airflow/.local/lib/python3.12/site-packages/airflow/example_dags/example_sensor_decorator.py took 0.065 seconds
[2025-02-23T04:48:16.093+0000] {processor.py:186} INFO - Started process (PID=342) to work on /home/airflow/.local/lib/python3.12/site-packages/airflow/example_dags/example_sensor_decorator.py
[2025-02-23T04:48:16.094+0000] {processor.py:914} INFO - Processing file /home/airflow/.local/lib/python3.12/site-packages/airflow/example_dags/example_sensor_decorator.py for tasks to queue
[2025-02-23T04:48:16.095+0000] {logging_mixin.py:190} INFO - [2025-02-23T04:48:16.095+0000] {dagbag.py:588} INFO - Filling up the DagBag from /home/airflow/.local/lib/python3.12/site-packages/airflow/example_dags/example_sensor_decorator.py
[2025-02-23T04:48:16.102+0000] {processor.py:925} INFO - DAG(s) 'example_sensor_decorator' retrieved from /home/airflow/.local/lib/python3.12/site-packages/airflow/example_dags/example_sensor_decorator.py
[2025-02-23T04:48:16.117+0000] {logging_mixin.py:190} INFO - [2025-02-23T04:48:16.117+0000] {dag.py:3239} INFO - Sync 1 DAGs
[2025-02-23T04:48:16.129+0000] {logging_mixin.py:190} INFO - [2025-02-23T04:48:16.129+0000] {dag.py:4180} INFO - Setting next_dagrun for example_sensor_decorator to None, run_after=None
[2025-02-23T04:48:16.146+0000] {processor.py:208} INFO - Processing /home/airflow/.local/lib/python3.12/site-packages/airflow/example_dags/example_sensor_decorator.py took 0.057 seconds
[2025-02-23T04:48:46.547+0000] {processor.py:186} INFO - Started process (PID=406) to work on /home/airflow/.local/lib/python3.12/site-packages/airflow/example_dags/example_sensor_decorator.py
[2025-02-23T04:48:46.547+0000] {processor.py:914} INFO - Processing file /home/airflow/.local/lib/python3.12/site-packages/airflow/example_dags/example_sensor_decorator.py for tasks to queue
[2025-02-23T04:48:46.549+0000] {logging_mixin.py:190} INFO - [2025-02-23T04:48:46.549+0000] {dagbag.py:588} INFO - Filling up the DagBag from /home/airflow/.local/lib/python3.12/site-packages/airflow/example_dags/example_sensor_decorator.py
[2025-02-23T04:48:46.555+0000] {processor.py:925} INFO - DAG(s) 'example_sensor_decorator' retrieved from /home/airflow/.local/lib/python3.12/site-packages/airflow/example_dags/example_sensor_decorator.py
[2025-02-23T04:48:46.571+0000] {logging_mixin.py:190} INFO - [2025-02-23T04:48:46.570+0000] {dag.py:3239} INFO - Sync 1 DAGs
[2025-02-23T04:48:46.595+0000] {logging_mixin.py:190} INFO - [2025-02-23T04:48:46.594+0000] {dag.py:4180} INFO - Setting next_dagrun for example_sensor_decorator to None, run_after=None
[2025-02-23T04:48:46.613+0000] {processor.py:208} INFO - Processing /home/airflow/.local/lib/python3.12/site-packages/airflow/example_dags/example_sensor_decorator.py took 0.071 seconds
[2025-02-23T04:49:17.029+0000] {processor.py:186} INFO - Started process (PID=469) to work on /home/airflow/.local/lib/python3.12/site-packages/airflow/example_dags/example_sensor_decorator.py
[2025-02-23T04:49:17.030+0000] {processor.py:914} INFO - Processing file /home/airflow/.local/lib/python3.12/site-packages/airflow/example_dags/example_sensor_decorator.py for tasks to queue
[2025-02-23T04:49:17.031+0000] {logging_mixin.py:190} INFO - [2025-02-23T04:49:17.031+0000] {dagbag.py:588} INFO - Filling up the DagBag from /home/airflow/.local/lib/python3.12/site-packages/airflow/example_dags/example_sensor_decorator.py
[2025-02-23T04:49:17.038+0000] {processor.py:925} INFO - DAG(s) 'example_sensor_decorator' retrieved from /home/airflow/.local/lib/python3.12/site-packages/airflow/example_dags/example_sensor_decorator.py
[2025-02-23T04:49:17.058+0000] {logging_mixin.py:190} INFO - [2025-02-23T04:49:17.057+0000] {dag.py:3239} INFO - Sync 1 DAGs
[2025-02-23T04:49:17.072+0000] {logging_mixin.py:190} INFO - [2025-02-23T04:49:17.072+0000] {dag.py:4180} INFO - Setting next_dagrun for example_sensor_decorator to None, run_after=None
[2025-02-23T04:49:17.088+0000] {processor.py:208} INFO - Processing /home/airflow/.local/lib/python3.12/site-packages/airflow/example_dags/example_sensor_decorator.py took 0.064 seconds
[2025-02-23T04:49:47.321+0000] {processor.py:186} INFO - Started process (PID=532) to work on /home/airflow/.local/lib/python3.12/site-packages/airflow/example_dags/example_sensor_decorator.py
[2025-02-23T04:49:47.321+0000] {processor.py:914} INFO - Processing file /home/airflow/.local/lib/python3.12/site-packages/airflow/example_dags/example_sensor_decorator.py for tasks to queue
[2025-02-23T04:49:47.323+0000] {logging_mixin.py:190} INFO - [2025-02-23T04:49:47.323+0000] {dagbag.py:588} INFO - Filling up the DagBag from /home/airflow/.local/lib/python3.12/site-packages/airflow/example_dags/example_sensor_decorator.py
[2025-02-23T04:49:47.329+0000] {processor.py:925} INFO - DAG(s) 'example_sensor_decorator' retrieved from /home/airflow/.local/lib/python3.12/site-packages/airflow/example_dags/example_sensor_decorator.py
[2025-02-23T04:49:47.345+0000] {logging_mixin.py:190} INFO - [2025-02-23T04:49:47.345+0000] {dag.py:3239} INFO - Sync 1 DAGs
[2025-02-23T04:49:47.357+0000] {logging_mixin.py:190} INFO - [2025-02-23T04:49:47.357+0000] {dag.py:4180} INFO - Setting next_dagrun for example_sensor_decorator to None, run_after=None
[2025-02-23T04:49:47.370+0000] {processor.py:208} INFO - Processing /home/airflow/.local/lib/python3.12/site-packages/airflow/example_dags/example_sensor_decorator.py took 0.054 seconds
