[2025-02-23T04:46:11.532+0000] {processor.py:186} INFO - Started process (PID=80) to work on /home/airflow/.local/lib/python3.12/site-packages/airflow/example_dags/example_skip_dag.py
[2025-02-23T04:46:11.533+0000] {processor.py:914} INFO - Processing file /home/airflow/.local/lib/python3.12/site-packages/airflow/example_dags/example_skip_dag.py for tasks to queue
[2025-02-23T04:46:11.535+0000] {logging_mixin.py:190} INFO - [2025-02-23T04:46:11.535+0000] {dagbag.py:588} INFO - Filling up the DagBag from /home/airflow/.local/lib/python3.12/site-packages/airflow/example_dags/example_skip_dag.py
[2025-02-23T04:46:11.545+0000] {processor.py:925} INFO - DAG(s) 'example_skip_dag' retrieved from /home/airflow/.local/lib/python3.12/site-packages/airflow/example_dags/example_skip_dag.py
[2025-02-23T04:46:11.727+0000] {logging_mixin.py:190} INFO - [2025-02-23T04:46:11.726+0000] {override.py:1911} INFO - Created Permission View: can delete on DAG:example_skip_dag
[2025-02-23T04:46:11.742+0000] {logging_mixin.py:190} INFO - [2025-02-23T04:46:11.741+0000] {override.py:1911} INFO - Created Permission View: can read on DAG:example_skip_dag
[2025-02-23T04:46:11.749+0000] {logging_mixin.py:190} INFO - [2025-02-23T04:46:11.748+0000] {override.py:1911} INFO - Created Permission View: can edit on DAG:example_skip_dag
[2025-02-23T04:46:11.766+0000] {logging_mixin.py:190} INFO - [2025-02-23T04:46:11.766+0000] {override.py:1911} INFO - Created Permission View: can create on DAG Run:example_skip_dag
[2025-02-23T04:46:11.772+0000] {logging_mixin.py:190} INFO - [2025-02-23T04:46:11.771+0000] {override.py:1911} INFO - Created Permission View: can read on DAG Run:example_skip_dag
[2025-02-23T04:46:11.777+0000] {logging_mixin.py:190} INFO - [2025-02-23T04:46:11.777+0000] {override.py:1911} INFO - Created Permission View: menu access on DAG Run:example_skip_dag
[2025-02-23T04:46:11.783+0000] {logging_mixin.py:190} INFO - [2025-02-23T04:46:11.782+0000] {override.py:1911} INFO - Created Permission View: can delete on DAG Run:example_skip_dag
[2025-02-23T04:46:11.783+0000] {logging_mixin.py:190} INFO - [2025-02-23T04:46:11.783+0000] {dag.py:3239} INFO - Sync 1 DAGs
[2025-02-23T04:46:11.797+0000] {logging_mixin.py:190} INFO - [2025-02-23T04:46:11.797+0000] {dag.py:3262} INFO - Creating ORM DAG for example_skip_dag
[2025-02-23T04:46:11.809+0000] {logging_mixin.py:190} INFO - [2025-02-23T04:46:11.809+0000] {dag.py:4180} INFO - Setting next_dagrun for example_skip_dag to 2025-02-22 00:00:00+00:00, run_after=2025-02-23 00:00:00+00:00
[2025-02-23T04:46:11.824+0000] {processor.py:208} INFO - Processing /home/airflow/.local/lib/python3.12/site-packages/airflow/example_dags/example_skip_dag.py took 0.298 seconds
[2025-02-23T04:46:42.050+0000] {processor.py:186} INFO - Started process (PID=142) to work on /home/airflow/.local/lib/python3.12/site-packages/airflow/example_dags/example_skip_dag.py
[2025-02-23T04:46:42.050+0000] {processor.py:914} INFO - Processing file /home/airflow/.local/lib/python3.12/site-packages/airflow/example_dags/example_skip_dag.py for tasks to queue
[2025-02-23T04:46:42.052+0000] {logging_mixin.py:190} INFO - [2025-02-23T04:46:42.052+0000] {dagbag.py:588} INFO - Filling up the DagBag from /home/airflow/.local/lib/python3.12/site-packages/airflow/example_dags/example_skip_dag.py
[2025-02-23T04:46:42.058+0000] {processor.py:925} INFO - DAG(s) 'example_skip_dag' retrieved from /home/airflow/.local/lib/python3.12/site-packages/airflow/example_dags/example_skip_dag.py
[2025-02-23T04:46:42.078+0000] {logging_mixin.py:190} INFO - [2025-02-23T04:46:42.077+0000] {dag.py:3239} INFO - Sync 1 DAGs
[2025-02-23T04:46:42.098+0000] {logging_mixin.py:190} INFO - [2025-02-23T04:46:42.098+0000] {dag.py:4180} INFO - Setting next_dagrun for example_skip_dag to 2025-02-22 00:00:00+00:00, run_after=2025-02-23 00:00:00+00:00
[2025-02-23T04:46:42.111+0000] {processor.py:208} INFO - Processing /home/airflow/.local/lib/python3.12/site-packages/airflow/example_dags/example_skip_dag.py took 0.065 seconds
[2025-02-23T04:47:12.601+0000] {processor.py:186} INFO - Started process (PID=205) to work on /home/airflow/.local/lib/python3.12/site-packages/airflow/example_dags/example_skip_dag.py
[2025-02-23T04:47:12.601+0000] {processor.py:914} INFO - Processing file /home/airflow/.local/lib/python3.12/site-packages/airflow/example_dags/example_skip_dag.py for tasks to queue
[2025-02-23T04:47:12.603+0000] {logging_mixin.py:190} INFO - [2025-02-23T04:47:12.603+0000] {dagbag.py:588} INFO - Filling up the DagBag from /home/airflow/.local/lib/python3.12/site-packages/airflow/example_dags/example_skip_dag.py
[2025-02-23T04:47:12.610+0000] {processor.py:925} INFO - DAG(s) 'example_skip_dag' retrieved from /home/airflow/.local/lib/python3.12/site-packages/airflow/example_dags/example_skip_dag.py
[2025-02-23T04:47:12.630+0000] {logging_mixin.py:190} INFO - [2025-02-23T04:47:12.630+0000] {dag.py:3239} INFO - Sync 1 DAGs
[2025-02-23T04:47:12.652+0000] {logging_mixin.py:190} INFO - [2025-02-23T04:47:12.652+0000] {dag.py:4180} INFO - Setting next_dagrun for example_skip_dag to 2025-02-22 00:00:00+00:00, run_after=2025-02-23 00:00:00+00:00
[2025-02-23T04:47:12.666+0000] {processor.py:208} INFO - Processing /home/airflow/.local/lib/python3.12/site-packages/airflow/example_dags/example_skip_dag.py took 0.069 seconds
[2025-02-23T04:47:43.028+0000] {processor.py:186} INFO - Started process (PID=269) to work on /home/airflow/.local/lib/python3.12/site-packages/airflow/example_dags/example_skip_dag.py
[2025-02-23T04:47:43.029+0000] {processor.py:914} INFO - Processing file /home/airflow/.local/lib/python3.12/site-packages/airflow/example_dags/example_skip_dag.py for tasks to queue
[2025-02-23T04:47:43.031+0000] {logging_mixin.py:190} INFO - [2025-02-23T04:47:43.031+0000] {dagbag.py:588} INFO - Filling up the DagBag from /home/airflow/.local/lib/python3.12/site-packages/airflow/example_dags/example_skip_dag.py
[2025-02-23T04:47:43.040+0000] {processor.py:925} INFO - DAG(s) 'example_skip_dag' retrieved from /home/airflow/.local/lib/python3.12/site-packages/airflow/example_dags/example_skip_dag.py
[2025-02-23T04:47:43.063+0000] {logging_mixin.py:190} INFO - [2025-02-23T04:47:43.062+0000] {dag.py:3239} INFO - Sync 1 DAGs
[2025-02-23T04:47:43.089+0000] {logging_mixin.py:190} INFO - [2025-02-23T04:47:43.088+0000] {dag.py:4180} INFO - Setting next_dagrun for example_skip_dag to 2025-02-22 00:00:00+00:00, run_after=2025-02-23 00:00:00+00:00
[2025-02-23T04:47:43.104+0000] {processor.py:208} INFO - Processing /home/airflow/.local/lib/python3.12/site-packages/airflow/example_dags/example_skip_dag.py took 0.083 seconds
[2025-02-23T04:48:13.647+0000] {processor.py:186} INFO - Started process (PID=332) to work on /home/airflow/.local/lib/python3.12/site-packages/airflow/example_dags/example_skip_dag.py
[2025-02-23T04:48:13.647+0000] {processor.py:914} INFO - Processing file /home/airflow/.local/lib/python3.12/site-packages/airflow/example_dags/example_skip_dag.py for tasks to queue
[2025-02-23T04:48:13.649+0000] {logging_mixin.py:190} INFO - [2025-02-23T04:48:13.649+0000] {dagbag.py:588} INFO - Filling up the DagBag from /home/airflow/.local/lib/python3.12/site-packages/airflow/example_dags/example_skip_dag.py
[2025-02-23T04:48:13.655+0000] {processor.py:925} INFO - DAG(s) 'example_skip_dag' retrieved from /home/airflow/.local/lib/python3.12/site-packages/airflow/example_dags/example_skip_dag.py
[2025-02-23T04:48:13.677+0000] {logging_mixin.py:190} INFO - [2025-02-23T04:48:13.676+0000] {dag.py:3239} INFO - Sync 1 DAGs
[2025-02-23T04:48:13.703+0000] {logging_mixin.py:190} INFO - [2025-02-23T04:48:13.703+0000] {dag.py:4180} INFO - Setting next_dagrun for example_skip_dag to 2025-02-22 00:00:00+00:00, run_after=2025-02-23 00:00:00+00:00
[2025-02-23T04:48:13.719+0000] {processor.py:208} INFO - Processing /home/airflow/.local/lib/python3.12/site-packages/airflow/example_dags/example_skip_dag.py took 0.077 seconds
[2025-02-23T04:48:44.021+0000] {processor.py:186} INFO - Started process (PID=396) to work on /home/airflow/.local/lib/python3.12/site-packages/airflow/example_dags/example_skip_dag.py
[2025-02-23T04:48:44.022+0000] {processor.py:914} INFO - Processing file /home/airflow/.local/lib/python3.12/site-packages/airflow/example_dags/example_skip_dag.py for tasks to queue
[2025-02-23T04:48:44.024+0000] {logging_mixin.py:190} INFO - [2025-02-23T04:48:44.024+0000] {dagbag.py:588} INFO - Filling up the DagBag from /home/airflow/.local/lib/python3.12/site-packages/airflow/example_dags/example_skip_dag.py
[2025-02-23T04:48:44.030+0000] {processor.py:925} INFO - DAG(s) 'example_skip_dag' retrieved from /home/airflow/.local/lib/python3.12/site-packages/airflow/example_dags/example_skip_dag.py
[2025-02-23T04:48:44.045+0000] {logging_mixin.py:190} INFO - [2025-02-23T04:48:44.045+0000] {dag.py:3239} INFO - Sync 1 DAGs
[2025-02-23T04:48:44.063+0000] {logging_mixin.py:190} INFO - [2025-02-23T04:48:44.063+0000] {dag.py:4180} INFO - Setting next_dagrun for example_skip_dag to 2025-02-22 00:00:00+00:00, run_after=2025-02-23 00:00:00+00:00
[2025-02-23T04:48:44.076+0000] {processor.py:208} INFO - Processing /home/airflow/.local/lib/python3.12/site-packages/airflow/example_dags/example_skip_dag.py took 0.060 seconds
[2025-02-23T04:49:14.567+0000] {processor.py:186} INFO - Started process (PID=459) to work on /home/airflow/.local/lib/python3.12/site-packages/airflow/example_dags/example_skip_dag.py
[2025-02-23T04:49:14.568+0000] {processor.py:914} INFO - Processing file /home/airflow/.local/lib/python3.12/site-packages/airflow/example_dags/example_skip_dag.py for tasks to queue
[2025-02-23T04:49:14.569+0000] {logging_mixin.py:190} INFO - [2025-02-23T04:49:14.569+0000] {dagbag.py:588} INFO - Filling up the DagBag from /home/airflow/.local/lib/python3.12/site-packages/airflow/example_dags/example_skip_dag.py
[2025-02-23T04:49:14.575+0000] {processor.py:925} INFO - DAG(s) 'example_skip_dag' retrieved from /home/airflow/.local/lib/python3.12/site-packages/airflow/example_dags/example_skip_dag.py
[2025-02-23T04:49:14.589+0000] {logging_mixin.py:190} INFO - [2025-02-23T04:49:14.589+0000] {dag.py:3239} INFO - Sync 1 DAGs
[2025-02-23T04:49:14.606+0000] {logging_mixin.py:190} INFO - [2025-02-23T04:49:14.606+0000] {dag.py:4180} INFO - Setting next_dagrun for example_skip_dag to 2025-02-22 00:00:00+00:00, run_after=2025-02-23 00:00:00+00:00
[2025-02-23T04:49:14.619+0000] {processor.py:208} INFO - Processing /home/airflow/.local/lib/python3.12/site-packages/airflow/example_dags/example_skip_dag.py took 0.056 seconds
[2025-02-23T04:49:44.870+0000] {processor.py:186} INFO - Started process (PID=522) to work on /home/airflow/.local/lib/python3.12/site-packages/airflow/example_dags/example_skip_dag.py
[2025-02-23T04:49:44.870+0000] {processor.py:914} INFO - Processing file /home/airflow/.local/lib/python3.12/site-packages/airflow/example_dags/example_skip_dag.py for tasks to queue
[2025-02-23T04:49:44.871+0000] {logging_mixin.py:190} INFO - [2025-02-23T04:49:44.871+0000] {dagbag.py:588} INFO - Filling up the DagBag from /home/airflow/.local/lib/python3.12/site-packages/airflow/example_dags/example_skip_dag.py
[2025-02-23T04:49:44.878+0000] {processor.py:925} INFO - DAG(s) 'example_skip_dag' retrieved from /home/airflow/.local/lib/python3.12/site-packages/airflow/example_dags/example_skip_dag.py
[2025-02-23T04:49:44.893+0000] {logging_mixin.py:190} INFO - [2025-02-23T04:49:44.893+0000] {dag.py:3239} INFO - Sync 1 DAGs
[2025-02-23T04:49:44.912+0000] {logging_mixin.py:190} INFO - [2025-02-23T04:49:44.911+0000] {dag.py:4180} INFO - Setting next_dagrun for example_skip_dag to 2025-02-22 00:00:00+00:00, run_after=2025-02-23 00:00:00+00:00
[2025-02-23T04:49:44.924+0000] {processor.py:208} INFO - Processing /home/airflow/.local/lib/python3.12/site-packages/airflow/example_dags/example_skip_dag.py took 0.059 seconds
[2025-02-23T04:50:15.093+0000] {processor.py:186} INFO - Started process (PID=586) to work on /home/airflow/.local/lib/python3.12/site-packages/airflow/example_dags/example_skip_dag.py
[2025-02-23T04:50:15.094+0000] {processor.py:914} INFO - Processing file /home/airflow/.local/lib/python3.12/site-packages/airflow/example_dags/example_skip_dag.py for tasks to queue
[2025-02-23T04:50:15.096+0000] {logging_mixin.py:190} INFO - [2025-02-23T04:50:15.095+0000] {dagbag.py:588} INFO - Filling up the DagBag from /home/airflow/.local/lib/python3.12/site-packages/airflow/example_dags/example_skip_dag.py
[2025-02-23T04:50:15.103+0000] {processor.py:925} INFO - DAG(s) 'example_skip_dag' retrieved from /home/airflow/.local/lib/python3.12/site-packages/airflow/example_dags/example_skip_dag.py
[2025-02-23T04:50:15.126+0000] {logging_mixin.py:190} INFO - [2025-02-23T04:50:15.125+0000] {dag.py:3239} INFO - Sync 1 DAGs
[2025-02-23T04:50:15.149+0000] {logging_mixin.py:190} INFO - [2025-02-23T04:50:15.149+0000] {dag.py:4180} INFO - Setting next_dagrun for example_skip_dag to 2025-02-22 00:00:00+00:00, run_after=2025-02-23 00:00:00+00:00
[2025-02-23T04:50:15.166+0000] {processor.py:208} INFO - Processing /home/airflow/.local/lib/python3.12/site-packages/airflow/example_dags/example_skip_dag.py took 0.078 seconds
