[2025-02-23T04:46:17.710+0000] {processor.py:186} INFO - Started process (PID=115) to work on /home/airflow/.local/lib/python3.12/site-packages/airflow/example_dags/example_outlet_event_extra.py
[2025-02-23T04:46:17.710+0000] {processor.py:914} INFO - Processing file /home/airflow/.local/lib/python3.12/site-packages/airflow/example_dags/example_outlet_event_extra.py for tasks to queue
[2025-02-23T04:46:17.713+0000] {logging_mixin.py:190} INFO - [2025-02-23T04:46:17.712+0000] {dagbag.py:588} INFO - Filling up the DagBag from /home/airflow/.local/lib/python3.12/site-packages/airflow/example_dags/example_outlet_event_extra.py
[2025-02-23T04:46:18.370+0000] {processor.py:925} INFO - DAG(s) 'dataset_with_extra_by_context', 'dataset_with_extra_by_yield', 'dataset_with_extra_from_classic_operator' retrieved from /home/airflow/.local/lib/python3.12/site-packages/airflow/example_dags/example_outlet_event_extra.py
[2025-02-23T04:46:18.491+0000] {logging_mixin.py:190} INFO - [2025-02-23T04:46:18.490+0000] {override.py:1911} INFO - Created Permission View: can delete on DAG:dataset_with_extra_by_context
[2025-02-23T04:46:18.500+0000] {logging_mixin.py:190} INFO - [2025-02-23T04:46:18.500+0000] {override.py:1911} INFO - Created Permission View: can read on DAG:dataset_with_extra_by_context
[2025-02-23T04:46:18.505+0000] {logging_mixin.py:190} INFO - [2025-02-23T04:46:18.505+0000] {override.py:1911} INFO - Created Permission View: can edit on DAG:dataset_with_extra_by_context
[2025-02-23T04:46:18.511+0000] {logging_mixin.py:190} INFO - [2025-02-23T04:46:18.510+0000] {override.py:1911} INFO - Created Permission View: can create on DAG Run:dataset_with_extra_by_context
[2025-02-23T04:46:18.516+0000] {logging_mixin.py:190} INFO - [2025-02-23T04:46:18.516+0000] {override.py:1911} INFO - Created Permission View: can read on DAG Run:dataset_with_extra_by_context
[2025-02-23T04:46:18.522+0000] {logging_mixin.py:190} INFO - [2025-02-23T04:46:18.522+0000] {override.py:1911} INFO - Created Permission View: menu access on DAG Run:dataset_with_extra_by_context
[2025-02-23T04:46:18.527+0000] {logging_mixin.py:190} INFO - [2025-02-23T04:46:18.527+0000] {override.py:1911} INFO - Created Permission View: can delete on DAG Run:dataset_with_extra_by_context
[2025-02-23T04:46:18.538+0000] {logging_mixin.py:190} INFO - [2025-02-23T04:46:18.538+0000] {override.py:1911} INFO - Created Permission View: can delete on DAG:dataset_with_extra_by_yield
[2025-02-23T04:46:18.545+0000] {logging_mixin.py:190} INFO - [2025-02-23T04:46:18.545+0000] {override.py:1911} INFO - Created Permission View: can read on DAG:dataset_with_extra_by_yield
[2025-02-23T04:46:18.551+0000] {logging_mixin.py:190} INFO - [2025-02-23T04:46:18.551+0000] {override.py:1911} INFO - Created Permission View: can edit on DAG:dataset_with_extra_by_yield
[2025-02-23T04:46:18.557+0000] {logging_mixin.py:190} INFO - [2025-02-23T04:46:18.556+0000] {override.py:1911} INFO - Created Permission View: can create on DAG Run:dataset_with_extra_by_yield
[2025-02-23T04:46:18.562+0000] {logging_mixin.py:190} INFO - [2025-02-23T04:46:18.562+0000] {override.py:1911} INFO - Created Permission View: can read on DAG Run:dataset_with_extra_by_yield
[2025-02-23T04:46:18.568+0000] {logging_mixin.py:190} INFO - [2025-02-23T04:46:18.567+0000] {override.py:1911} INFO - Created Permission View: menu access on DAG Run:dataset_with_extra_by_yield
[2025-02-23T04:46:18.573+0000] {logging_mixin.py:190} INFO - [2025-02-23T04:46:18.573+0000] {override.py:1911} INFO - Created Permission View: can delete on DAG Run:dataset_with_extra_by_yield
[2025-02-23T04:46:18.584+0000] {logging_mixin.py:190} INFO - [2025-02-23T04:46:18.584+0000] {override.py:1911} INFO - Created Permission View: can delete on DAG:dataset_with_extra_from_classic_operator
[2025-02-23T04:46:18.590+0000] {logging_mixin.py:190} INFO - [2025-02-23T04:46:18.590+0000] {override.py:1911} INFO - Created Permission View: can read on DAG:dataset_with_extra_from_classic_operator
[2025-02-23T04:46:18.596+0000] {logging_mixin.py:190} INFO - [2025-02-23T04:46:18.596+0000] {override.py:1911} INFO - Created Permission View: can edit on DAG:dataset_with_extra_from_classic_operator
[2025-02-23T04:46:18.602+0000] {logging_mixin.py:190} INFO - [2025-02-23T04:46:18.602+0000] {override.py:1911} INFO - Created Permission View: can create on DAG Run:dataset_with_extra_from_classic_operator
[2025-02-23T04:46:18.608+0000] {logging_mixin.py:190} INFO - [2025-02-23T04:46:18.608+0000] {override.py:1911} INFO - Created Permission View: can read on DAG Run:dataset_with_extra_from_classic_operator
[2025-02-23T04:46:18.614+0000] {logging_mixin.py:190} INFO - [2025-02-23T04:46:18.614+0000] {override.py:1911} INFO - Created Permission View: menu access on DAG Run:dataset_with_extra_from_classic_operator
[2025-02-23T04:46:18.620+0000] {logging_mixin.py:190} INFO - [2025-02-23T04:46:18.620+0000] {override.py:1911} INFO - Created Permission View: can delete on DAG Run:dataset_with_extra_from_classic_operator
[2025-02-23T04:46:18.621+0000] {logging_mixin.py:190} INFO - [2025-02-23T04:46:18.620+0000] {dag.py:3239} INFO - Sync 3 DAGs
[2025-02-23T04:46:18.636+0000] {logging_mixin.py:190} INFO - [2025-02-23T04:46:18.635+0000] {dag.py:3262} INFO - Creating ORM DAG for dataset_with_extra_by_yield
[2025-02-23T04:46:18.636+0000] {logging_mixin.py:190} INFO - [2025-02-23T04:46:18.636+0000] {dag.py:3262} INFO - Creating ORM DAG for dataset_with_extra_by_context
[2025-02-23T04:46:18.637+0000] {logging_mixin.py:190} INFO - [2025-02-23T04:46:18.637+0000] {dag.py:3262} INFO - Creating ORM DAG for dataset_with_extra_from_classic_operator
[2025-02-23T04:46:18.649+0000] {logging_mixin.py:190} INFO - [2025-02-23T04:46:18.649+0000] {dag.py:4180} INFO - Setting next_dagrun for dataset_with_extra_by_context to 2025-02-22 00:00:00+00:00, run_after=2025-02-23 00:00:00+00:00
[2025-02-23T04:46:18.651+0000] {logging_mixin.py:190} INFO - [2025-02-23T04:46:18.651+0000] {dag.py:4180} INFO - Setting next_dagrun for dataset_with_extra_by_yield to 2025-02-22 00:00:00+00:00, run_after=2025-02-23 00:00:00+00:00
[2025-02-23T04:46:18.654+0000] {logging_mixin.py:190} INFO - [2025-02-23T04:46:18.653+0000] {dag.py:4180} INFO - Setting next_dagrun for dataset_with_extra_from_classic_operator to 2025-02-22 00:00:00+00:00, run_after=2025-02-23 00:00:00+00:00
[2025-02-23T04:46:18.676+0000] {processor.py:208} INFO - Processing /home/airflow/.local/lib/python3.12/site-packages/airflow/example_dags/example_outlet_event_extra.py took 0.973 seconds
[2025-02-23T04:46:48.846+0000] {processor.py:186} INFO - Started process (PID=184) to work on /home/airflow/.local/lib/python3.12/site-packages/airflow/example_dags/example_outlet_event_extra.py
[2025-02-23T04:46:48.846+0000] {processor.py:914} INFO - Processing file /home/airflow/.local/lib/python3.12/site-packages/airflow/example_dags/example_outlet_event_extra.py for tasks to queue
[2025-02-23T04:46:48.848+0000] {logging_mixin.py:190} INFO - [2025-02-23T04:46:48.848+0000] {dagbag.py:588} INFO - Filling up the DagBag from /home/airflow/.local/lib/python3.12/site-packages/airflow/example_dags/example_outlet_event_extra.py
[2025-02-23T04:46:49.372+0000] {processor.py:925} INFO - DAG(s) 'dataset_with_extra_from_classic_operator', 'dataset_with_extra_by_yield', 'dataset_with_extra_by_context' retrieved from /home/airflow/.local/lib/python3.12/site-packages/airflow/example_dags/example_outlet_event_extra.py
[2025-02-23T04:46:49.390+0000] {logging_mixin.py:190} INFO - [2025-02-23T04:46:49.389+0000] {dag.py:3239} INFO - Sync 3 DAGs
[2025-02-23T04:46:49.410+0000] {logging_mixin.py:190} INFO - [2025-02-23T04:46:49.409+0000] {dag.py:4180} INFO - Setting next_dagrun for dataset_with_extra_by_context to 2025-02-22 00:00:00+00:00, run_after=2025-02-23 00:00:00+00:00
[2025-02-23T04:46:49.413+0000] {logging_mixin.py:190} INFO - [2025-02-23T04:46:49.413+0000] {dag.py:4180} INFO - Setting next_dagrun for dataset_with_extra_by_yield to 2025-02-22 00:00:00+00:00, run_after=2025-02-23 00:00:00+00:00
[2025-02-23T04:46:49.415+0000] {logging_mixin.py:190} INFO - [2025-02-23T04:46:49.415+0000] {dag.py:4180} INFO - Setting next_dagrun for dataset_with_extra_from_classic_operator to 2025-02-22 00:00:00+00:00, run_after=2025-02-23 00:00:00+00:00
[2025-02-23T04:46:49.429+0000] {processor.py:208} INFO - Processing /home/airflow/.local/lib/python3.12/site-packages/airflow/example_dags/example_outlet_event_extra.py took 0.588 seconds
[2025-02-23T04:47:20.199+0000] {processor.py:186} INFO - Started process (PID=247) to work on /home/airflow/.local/lib/python3.12/site-packages/airflow/example_dags/example_outlet_event_extra.py
[2025-02-23T04:47:20.200+0000] {processor.py:914} INFO - Processing file /home/airflow/.local/lib/python3.12/site-packages/airflow/example_dags/example_outlet_event_extra.py for tasks to queue
[2025-02-23T04:47:20.201+0000] {logging_mixin.py:190} INFO - [2025-02-23T04:47:20.201+0000] {dagbag.py:588} INFO - Filling up the DagBag from /home/airflow/.local/lib/python3.12/site-packages/airflow/example_dags/example_outlet_event_extra.py
[2025-02-23T04:47:20.706+0000] {processor.py:925} INFO - DAG(s) 'dataset_with_extra_by_yield', 'dataset_with_extra_by_context', 'dataset_with_extra_from_classic_operator' retrieved from /home/airflow/.local/lib/python3.12/site-packages/airflow/example_dags/example_outlet_event_extra.py
[2025-02-23T04:47:20.725+0000] {logging_mixin.py:190} INFO - [2025-02-23T04:47:20.725+0000] {dag.py:3239} INFO - Sync 3 DAGs
[2025-02-23T04:47:20.744+0000] {logging_mixin.py:190} INFO - [2025-02-23T04:47:20.744+0000] {dag.py:4180} INFO - Setting next_dagrun for dataset_with_extra_by_context to 2025-02-22 00:00:00+00:00, run_after=2025-02-23 00:00:00+00:00
[2025-02-23T04:47:20.748+0000] {logging_mixin.py:190} INFO - [2025-02-23T04:47:20.748+0000] {dag.py:4180} INFO - Setting next_dagrun for dataset_with_extra_by_yield to 2025-02-22 00:00:00+00:00, run_after=2025-02-23 00:00:00+00:00
[2025-02-23T04:47:20.750+0000] {logging_mixin.py:190} INFO - [2025-02-23T04:47:20.750+0000] {dag.py:4180} INFO - Setting next_dagrun for dataset_with_extra_from_classic_operator to 2025-02-22 00:00:00+00:00, run_after=2025-02-23 00:00:00+00:00
[2025-02-23T04:47:20.766+0000] {processor.py:208} INFO - Processing /home/airflow/.local/lib/python3.12/site-packages/airflow/example_dags/example_outlet_event_extra.py took 0.571 seconds
[2025-02-23T04:47:51.182+0000] {processor.py:186} INFO - Started process (PID=311) to work on /home/airflow/.local/lib/python3.12/site-packages/airflow/example_dags/example_outlet_event_extra.py
[2025-02-23T04:47:51.183+0000] {processor.py:914} INFO - Processing file /home/airflow/.local/lib/python3.12/site-packages/airflow/example_dags/example_outlet_event_extra.py for tasks to queue
[2025-02-23T04:47:51.184+0000] {logging_mixin.py:190} INFO - [2025-02-23T04:47:51.184+0000] {dagbag.py:588} INFO - Filling up the DagBag from /home/airflow/.local/lib/python3.12/site-packages/airflow/example_dags/example_outlet_event_extra.py
[2025-02-23T04:47:51.711+0000] {processor.py:925} INFO - DAG(s) 'dataset_with_extra_by_context', 'dataset_with_extra_from_classic_operator', 'dataset_with_extra_by_yield' retrieved from /home/airflow/.local/lib/python3.12/site-packages/airflow/example_dags/example_outlet_event_extra.py
[2025-02-23T04:47:51.729+0000] {logging_mixin.py:190} INFO - [2025-02-23T04:47:51.729+0000] {dag.py:3239} INFO - Sync 3 DAGs
[2025-02-23T04:47:51.749+0000] {logging_mixin.py:190} INFO - [2025-02-23T04:47:51.749+0000] {dag.py:4180} INFO - Setting next_dagrun for dataset_with_extra_by_context to 2025-02-22 00:00:00+00:00, run_after=2025-02-23 00:00:00+00:00
[2025-02-23T04:47:51.753+0000] {logging_mixin.py:190} INFO - [2025-02-23T04:47:51.753+0000] {dag.py:4180} INFO - Setting next_dagrun for dataset_with_extra_by_yield to 2025-02-22 00:00:00+00:00, run_after=2025-02-23 00:00:00+00:00
[2025-02-23T04:47:51.755+0000] {logging_mixin.py:190} INFO - [2025-02-23T04:47:51.755+0000] {dag.py:4180} INFO - Setting next_dagrun for dataset_with_extra_from_classic_operator to 2025-02-22 00:00:00+00:00, run_after=2025-02-23 00:00:00+00:00
[2025-02-23T04:47:51.769+0000] {processor.py:208} INFO - Processing /home/airflow/.local/lib/python3.12/site-packages/airflow/example_dags/example_outlet_event_extra.py took 0.592 seconds
[2025-02-23T04:48:22.697+0000] {processor.py:186} INFO - Started process (PID=374) to work on /home/airflow/.local/lib/python3.12/site-packages/airflow/example_dags/example_outlet_event_extra.py
[2025-02-23T04:48:22.698+0000] {processor.py:914} INFO - Processing file /home/airflow/.local/lib/python3.12/site-packages/airflow/example_dags/example_outlet_event_extra.py for tasks to queue
[2025-02-23T04:48:22.699+0000] {logging_mixin.py:190} INFO - [2025-02-23T04:48:22.699+0000] {dagbag.py:588} INFO - Filling up the DagBag from /home/airflow/.local/lib/python3.12/site-packages/airflow/example_dags/example_outlet_event_extra.py
[2025-02-23T04:48:23.203+0000] {processor.py:925} INFO - DAG(s) 'dataset_with_extra_from_classic_operator', 'dataset_with_extra_by_yield', 'dataset_with_extra_by_context' retrieved from /home/airflow/.local/lib/python3.12/site-packages/airflow/example_dags/example_outlet_event_extra.py
[2025-02-23T04:48:23.230+0000] {logging_mixin.py:190} INFO - [2025-02-23T04:48:23.230+0000] {dag.py:3239} INFO - Sync 3 DAGs
[2025-02-23T04:48:23.255+0000] {logging_mixin.py:190} INFO - [2025-02-23T04:48:23.255+0000] {dag.py:4180} INFO - Setting next_dagrun for dataset_with_extra_by_context to 2025-02-22 00:00:00+00:00, run_after=2025-02-23 00:00:00+00:00
[2025-02-23T04:48:23.259+0000] {logging_mixin.py:190} INFO - [2025-02-23T04:48:23.259+0000] {dag.py:4180} INFO - Setting next_dagrun for dataset_with_extra_by_yield to 2025-02-22 00:00:00+00:00, run_after=2025-02-23 00:00:00+00:00
[2025-02-23T04:48:23.261+0000] {logging_mixin.py:190} INFO - [2025-02-23T04:48:23.261+0000] {dag.py:4180} INFO - Setting next_dagrun for dataset_with_extra_from_classic_operator to 2025-02-22 00:00:00+00:00, run_after=2025-02-23 00:00:00+00:00
[2025-02-23T04:48:23.275+0000] {processor.py:208} INFO - Processing /home/airflow/.local/lib/python3.12/site-packages/airflow/example_dags/example_outlet_event_extra.py took 0.583 seconds
[2025-02-23T04:48:54.265+0000] {processor.py:186} INFO - Started process (PID=438) to work on /home/airflow/.local/lib/python3.12/site-packages/airflow/example_dags/example_outlet_event_extra.py
[2025-02-23T04:48:54.266+0000] {processor.py:914} INFO - Processing file /home/airflow/.local/lib/python3.12/site-packages/airflow/example_dags/example_outlet_event_extra.py for tasks to queue
[2025-02-23T04:48:54.268+0000] {logging_mixin.py:190} INFO - [2025-02-23T04:48:54.267+0000] {dagbag.py:588} INFO - Filling up the DagBag from /home/airflow/.local/lib/python3.12/site-packages/airflow/example_dags/example_outlet_event_extra.py
[2025-02-23T04:48:54.770+0000] {processor.py:925} INFO - DAG(s) 'dataset_with_extra_from_classic_operator', 'dataset_with_extra_by_context', 'dataset_with_extra_by_yield' retrieved from /home/airflow/.local/lib/python3.12/site-packages/airflow/example_dags/example_outlet_event_extra.py
[2025-02-23T04:48:54.789+0000] {logging_mixin.py:190} INFO - [2025-02-23T04:48:54.788+0000] {dag.py:3239} INFO - Sync 3 DAGs
[2025-02-23T04:48:54.811+0000] {logging_mixin.py:190} INFO - [2025-02-23T04:48:54.810+0000] {dag.py:4180} INFO - Setting next_dagrun for dataset_with_extra_by_context to 2025-02-22 00:00:00+00:00, run_after=2025-02-23 00:00:00+00:00
[2025-02-23T04:48:54.815+0000] {logging_mixin.py:190} INFO - [2025-02-23T04:48:54.815+0000] {dag.py:4180} INFO - Setting next_dagrun for dataset_with_extra_by_yield to 2025-02-22 00:00:00+00:00, run_after=2025-02-23 00:00:00+00:00
[2025-02-23T04:48:54.817+0000] {logging_mixin.py:190} INFO - [2025-02-23T04:48:54.817+0000] {dag.py:4180} INFO - Setting next_dagrun for dataset_with_extra_from_classic_operator to 2025-02-22 00:00:00+00:00, run_after=2025-02-23 00:00:00+00:00
[2025-02-23T04:48:54.831+0000] {processor.py:208} INFO - Processing /home/airflow/.local/lib/python3.12/site-packages/airflow/example_dags/example_outlet_event_extra.py took 0.570 seconds
[2025-02-23T04:49:25.127+0000] {processor.py:186} INFO - Started process (PID=501) to work on /home/airflow/.local/lib/python3.12/site-packages/airflow/example_dags/example_outlet_event_extra.py
[2025-02-23T04:49:25.127+0000] {processor.py:914} INFO - Processing file /home/airflow/.local/lib/python3.12/site-packages/airflow/example_dags/example_outlet_event_extra.py for tasks to queue
[2025-02-23T04:49:25.129+0000] {logging_mixin.py:190} INFO - [2025-02-23T04:49:25.128+0000] {dagbag.py:588} INFO - Filling up the DagBag from /home/airflow/.local/lib/python3.12/site-packages/airflow/example_dags/example_outlet_event_extra.py
[2025-02-23T04:49:25.601+0000] {processor.py:925} INFO - DAG(s) 'dataset_with_extra_by_yield', 'dataset_with_extra_from_classic_operator', 'dataset_with_extra_by_context' retrieved from /home/airflow/.local/lib/python3.12/site-packages/airflow/example_dags/example_outlet_event_extra.py
[2025-02-23T04:49:25.619+0000] {logging_mixin.py:190} INFO - [2025-02-23T04:49:25.619+0000] {dag.py:3239} INFO - Sync 3 DAGs
[2025-02-23T04:49:25.641+0000] {logging_mixin.py:190} INFO - [2025-02-23T04:49:25.641+0000] {dag.py:4180} INFO - Setting next_dagrun for dataset_with_extra_by_context to 2025-02-22 00:00:00+00:00, run_after=2025-02-23 00:00:00+00:00
[2025-02-23T04:49:25.646+0000] {logging_mixin.py:190} INFO - [2025-02-23T04:49:25.646+0000] {dag.py:4180} INFO - Setting next_dagrun for dataset_with_extra_by_yield to 2025-02-22 00:00:00+00:00, run_after=2025-02-23 00:00:00+00:00
[2025-02-23T04:49:25.648+0000] {logging_mixin.py:190} INFO - [2025-02-23T04:49:25.648+0000] {dag.py:4180} INFO - Setting next_dagrun for dataset_with_extra_from_classic_operator to 2025-02-22 00:00:00+00:00, run_after=2025-02-23 00:00:00+00:00
[2025-02-23T04:49:25.663+0000] {processor.py:208} INFO - Processing /home/airflow/.local/lib/python3.12/site-packages/airflow/example_dags/example_outlet_event_extra.py took 0.541 seconds
