[2025-02-23T04:46:10.189+0000] {processor.py:186} INFO - Started process (PID=77) to work on /home/airflow/.local/lib/python3.12/site-packages/airflow/example_dags/example_branch_python_dop_operator_3.py
[2025-02-23T04:46:10.190+0000] {processor.py:914} INFO - Processing file /home/airflow/.local/lib/python3.12/site-packages/airflow/example_dags/example_branch_python_dop_operator_3.py for tasks to queue
[2025-02-23T04:46:10.192+0000] {logging_mixin.py:190} INFO - [2025-02-23T04:46:10.192+0000] {dagbag.py:588} INFO - Filling up the DagBag from /home/airflow/.local/lib/python3.12/site-packages/airflow/example_dags/example_branch_python_dop_operator_3.py
[2025-02-23T04:46:10.204+0000] {processor.py:925} INFO - DAG(s) 'example_branch_dop_operator_v3' retrieved from /home/airflow/.local/lib/python3.12/site-packages/airflow/example_dags/example_branch_python_dop_operator_3.py
[2025-02-23T04:46:10.326+0000] {logging_mixin.py:190} INFO - [2025-02-23T04:46:10.325+0000] {override.py:1911} INFO - Created Permission View: can delete on DAG:example_branch_dop_operator_v3
[2025-02-23T04:46:10.341+0000] {logging_mixin.py:190} INFO - [2025-02-23T04:46:10.340+0000] {override.py:1911} INFO - Created Permission View: can read on DAG:example_branch_dop_operator_v3
[2025-02-23T04:46:10.348+0000] {logging_mixin.py:190} INFO - [2025-02-23T04:46:10.348+0000] {override.py:1911} INFO - Created Permission View: can edit on DAG:example_branch_dop_operator_v3
[2025-02-23T04:46:10.358+0000] {logging_mixin.py:190} INFO - [2025-02-23T04:46:10.357+0000] {override.py:1911} INFO - Created Permission View: can create on DAG Run:example_branch_dop_operator_v3
[2025-02-23T04:46:10.368+0000] {logging_mixin.py:190} INFO - [2025-02-23T04:46:10.368+0000] {override.py:1911} INFO - Created Permission View: can read on DAG Run:example_branch_dop_operator_v3
[2025-02-23T04:46:10.379+0000] {logging_mixin.py:190} INFO - [2025-02-23T04:46:10.379+0000] {override.py:1911} INFO - Created Permission View: menu access on DAG Run:example_branch_dop_operator_v3
[2025-02-23T04:46:10.384+0000] {logging_mixin.py:190} INFO - [2025-02-23T04:46:10.384+0000] {override.py:1911} INFO - Created Permission View: can delete on DAG Run:example_branch_dop_operator_v3
[2025-02-23T04:46:10.384+0000] {logging_mixin.py:190} INFO - [2025-02-23T04:46:10.384+0000] {dag.py:3239} INFO - Sync 1 DAGs
[2025-02-23T04:46:10.398+0000] {logging_mixin.py:190} INFO - [2025-02-23T04:46:10.398+0000] {dag.py:3262} INFO - Creating ORM DAG for example_branch_dop_operator_v3
[2025-02-23T04:46:10.413+0000] {logging_mixin.py:190} INFO - [2025-02-23T04:46:10.413+0000] {dag.py:4180} INFO - Setting next_dagrun for example_branch_dop_operator_v3 to 2025-02-23 04:45:00+00:00, run_after=2025-02-23 04:46:00+00:00
[2025-02-23T04:46:10.428+0000] {processor.py:208} INFO - Processing /home/airflow/.local/lib/python3.12/site-packages/airflow/example_dags/example_branch_python_dop_operator_3.py took 0.245 seconds
[2025-02-23T04:46:41.032+0000] {processor.py:186} INFO - Started process (PID=140) to work on /home/airflow/.local/lib/python3.12/site-packages/airflow/example_dags/example_branch_python_dop_operator_3.py
[2025-02-23T04:46:41.033+0000] {processor.py:914} INFO - Processing file /home/airflow/.local/lib/python3.12/site-packages/airflow/example_dags/example_branch_python_dop_operator_3.py for tasks to queue
[2025-02-23T04:46:41.034+0000] {logging_mixin.py:190} INFO - [2025-02-23T04:46:41.034+0000] {dagbag.py:588} INFO - Filling up the DagBag from /home/airflow/.local/lib/python3.12/site-packages/airflow/example_dags/example_branch_python_dop_operator_3.py
[2025-02-23T04:46:41.043+0000] {processor.py:925} INFO - DAG(s) 'example_branch_dop_operator_v3' retrieved from /home/airflow/.local/lib/python3.12/site-packages/airflow/example_dags/example_branch_python_dop_operator_3.py
[2025-02-23T04:46:41.057+0000] {logging_mixin.py:190} INFO - [2025-02-23T04:46:41.057+0000] {dag.py:3239} INFO - Sync 1 DAGs
[2025-02-23T04:46:41.076+0000] {logging_mixin.py:190} INFO - [2025-02-23T04:46:41.076+0000] {dag.py:4180} INFO - Setting next_dagrun for example_branch_dop_operator_v3 to 2025-02-23 04:45:00+00:00, run_after=2025-02-23 04:46:00+00:00
[2025-02-23T04:46:41.088+0000] {processor.py:208} INFO - Processing /home/airflow/.local/lib/python3.12/site-packages/airflow/example_dags/example_branch_python_dop_operator_3.py took 0.060 seconds
[2025-02-23T04:47:11.523+0000] {processor.py:186} INFO - Started process (PID=203) to work on /home/airflow/.local/lib/python3.12/site-packages/airflow/example_dags/example_branch_python_dop_operator_3.py
[2025-02-23T04:47:11.524+0000] {processor.py:914} INFO - Processing file /home/airflow/.local/lib/python3.12/site-packages/airflow/example_dags/example_branch_python_dop_operator_3.py for tasks to queue
[2025-02-23T04:47:11.526+0000] {logging_mixin.py:190} INFO - [2025-02-23T04:47:11.526+0000] {dagbag.py:588} INFO - Filling up the DagBag from /home/airflow/.local/lib/python3.12/site-packages/airflow/example_dags/example_branch_python_dop_operator_3.py
[2025-02-23T04:47:11.537+0000] {processor.py:925} INFO - DAG(s) 'example_branch_dop_operator_v3' retrieved from /home/airflow/.local/lib/python3.12/site-packages/airflow/example_dags/example_branch_python_dop_operator_3.py
[2025-02-23T04:47:11.556+0000] {logging_mixin.py:190} INFO - [2025-02-23T04:47:11.556+0000] {dag.py:3239} INFO - Sync 1 DAGs
[2025-02-23T04:47:11.582+0000] {logging_mixin.py:190} INFO - [2025-02-23T04:47:11.582+0000] {dag.py:4180} INFO - Setting next_dagrun for example_branch_dop_operator_v3 to 2025-02-23 04:46:00+00:00, run_after=2025-02-23 04:47:00+00:00
[2025-02-23T04:47:11.596+0000] {processor.py:208} INFO - Processing /home/airflow/.local/lib/python3.12/site-packages/airflow/example_dags/example_branch_python_dop_operator_3.py took 0.079 seconds
[2025-02-23T04:47:41.936+0000] {processor.py:186} INFO - Started process (PID=267) to work on /home/airflow/.local/lib/python3.12/site-packages/airflow/example_dags/example_branch_python_dop_operator_3.py
[2025-02-23T04:47:41.936+0000] {processor.py:914} INFO - Processing file /home/airflow/.local/lib/python3.12/site-packages/airflow/example_dags/example_branch_python_dop_operator_3.py for tasks to queue
[2025-02-23T04:47:41.938+0000] {logging_mixin.py:190} INFO - [2025-02-23T04:47:41.938+0000] {dagbag.py:588} INFO - Filling up the DagBag from /home/airflow/.local/lib/python3.12/site-packages/airflow/example_dags/example_branch_python_dop_operator_3.py
[2025-02-23T04:47:41.946+0000] {processor.py:925} INFO - DAG(s) 'example_branch_dop_operator_v3' retrieved from /home/airflow/.local/lib/python3.12/site-packages/airflow/example_dags/example_branch_python_dop_operator_3.py
[2025-02-23T04:47:41.964+0000] {logging_mixin.py:190} INFO - [2025-02-23T04:47:41.964+0000] {dag.py:3239} INFO - Sync 1 DAGs
[2025-02-23T04:47:41.985+0000] {logging_mixin.py:190} INFO - [2025-02-23T04:47:41.985+0000] {dag.py:4180} INFO - Setting next_dagrun for example_branch_dop_operator_v3 to 2025-02-23 04:46:00+00:00, run_after=2025-02-23 04:47:00+00:00
[2025-02-23T04:47:41.999+0000] {processor.py:208} INFO - Processing /home/airflow/.local/lib/python3.12/site-packages/airflow/example_dags/example_branch_python_dop_operator_3.py took 0.068 seconds
[2025-02-23T04:48:12.560+0000] {processor.py:186} INFO - Started process (PID=330) to work on /home/airflow/.local/lib/python3.12/site-packages/airflow/example_dags/example_branch_python_dop_operator_3.py
[2025-02-23T04:48:12.561+0000] {processor.py:914} INFO - Processing file /home/airflow/.local/lib/python3.12/site-packages/airflow/example_dags/example_branch_python_dop_operator_3.py for tasks to queue
[2025-02-23T04:48:12.563+0000] {logging_mixin.py:190} INFO - [2025-02-23T04:48:12.562+0000] {dagbag.py:588} INFO - Filling up the DagBag from /home/airflow/.local/lib/python3.12/site-packages/airflow/example_dags/example_branch_python_dop_operator_3.py
[2025-02-23T04:48:12.572+0000] {processor.py:925} INFO - DAG(s) 'example_branch_dop_operator_v3' retrieved from /home/airflow/.local/lib/python3.12/site-packages/airflow/example_dags/example_branch_python_dop_operator_3.py
[2025-02-23T04:48:12.593+0000] {logging_mixin.py:190} INFO - [2025-02-23T04:48:12.593+0000] {dag.py:3239} INFO - Sync 1 DAGs
[2025-02-23T04:48:12.626+0000] {logging_mixin.py:190} INFO - [2025-02-23T04:48:12.626+0000] {dag.py:4180} INFO - Setting next_dagrun for example_branch_dop_operator_v3 to 2025-02-23 04:47:00+00:00, run_after=2025-02-23 04:48:00+00:00
[2025-02-23T04:48:12.646+0000] {processor.py:208} INFO - Processing /home/airflow/.local/lib/python3.12/site-packages/airflow/example_dags/example_branch_python_dop_operator_3.py took 0.090 seconds
[2025-02-23T04:48:42.929+0000] {processor.py:186} INFO - Started process (PID=394) to work on /home/airflow/.local/lib/python3.12/site-packages/airflow/example_dags/example_branch_python_dop_operator_3.py
[2025-02-23T04:48:42.930+0000] {processor.py:914} INFO - Processing file /home/airflow/.local/lib/python3.12/site-packages/airflow/example_dags/example_branch_python_dop_operator_3.py for tasks to queue
[2025-02-23T04:48:42.932+0000] {logging_mixin.py:190} INFO - [2025-02-23T04:48:42.931+0000] {dagbag.py:588} INFO - Filling up the DagBag from /home/airflow/.local/lib/python3.12/site-packages/airflow/example_dags/example_branch_python_dop_operator_3.py
[2025-02-23T04:48:42.942+0000] {processor.py:925} INFO - DAG(s) 'example_branch_dop_operator_v3' retrieved from /home/airflow/.local/lib/python3.12/site-packages/airflow/example_dags/example_branch_python_dop_operator_3.py
[2025-02-23T04:48:42.959+0000] {logging_mixin.py:190} INFO - [2025-02-23T04:48:42.958+0000] {dag.py:3239} INFO - Sync 1 DAGs
[2025-02-23T04:48:42.979+0000] {logging_mixin.py:190} INFO - [2025-02-23T04:48:42.979+0000] {dag.py:4180} INFO - Setting next_dagrun for example_branch_dop_operator_v3 to 2025-02-23 04:47:00+00:00, run_after=2025-02-23 04:48:00+00:00
[2025-02-23T04:48:42.995+0000] {processor.py:208} INFO - Processing /home/airflow/.local/lib/python3.12/site-packages/airflow/example_dags/example_branch_python_dop_operator_3.py took 0.070 seconds
[2025-02-23T04:49:13.483+0000] {processor.py:186} INFO - Started process (PID=457) to work on /home/airflow/.local/lib/python3.12/site-packages/airflow/example_dags/example_branch_python_dop_operator_3.py
[2025-02-23T04:49:13.483+0000] {processor.py:914} INFO - Processing file /home/airflow/.local/lib/python3.12/site-packages/airflow/example_dags/example_branch_python_dop_operator_3.py for tasks to queue
[2025-02-23T04:49:13.485+0000] {logging_mixin.py:190} INFO - [2025-02-23T04:49:13.485+0000] {dagbag.py:588} INFO - Filling up the DagBag from /home/airflow/.local/lib/python3.12/site-packages/airflow/example_dags/example_branch_python_dop_operator_3.py
[2025-02-23T04:49:13.493+0000] {processor.py:925} INFO - DAG(s) 'example_branch_dop_operator_v3' retrieved from /home/airflow/.local/lib/python3.12/site-packages/airflow/example_dags/example_branch_python_dop_operator_3.py
[2025-02-23T04:49:13.512+0000] {logging_mixin.py:190} INFO - [2025-02-23T04:49:13.512+0000] {dag.py:3239} INFO - Sync 1 DAGs
[2025-02-23T04:49:13.534+0000] {logging_mixin.py:190} INFO - [2025-02-23T04:49:13.534+0000] {dag.py:4180} INFO - Setting next_dagrun for example_branch_dop_operator_v3 to 2025-02-23 04:48:00+00:00, run_after=2025-02-23 04:49:00+00:00
[2025-02-23T04:49:13.547+0000] {processor.py:208} INFO - Processing /home/airflow/.local/lib/python3.12/site-packages/airflow/example_dags/example_branch_python_dop_operator_3.py took 0.069 seconds
[2025-02-23T04:49:43.795+0000] {processor.py:186} INFO - Started process (PID=520) to work on /home/airflow/.local/lib/python3.12/site-packages/airflow/example_dags/example_branch_python_dop_operator_3.py
[2025-02-23T04:49:43.795+0000] {processor.py:914} INFO - Processing file /home/airflow/.local/lib/python3.12/site-packages/airflow/example_dags/example_branch_python_dop_operator_3.py for tasks to queue
[2025-02-23T04:49:43.797+0000] {logging_mixin.py:190} INFO - [2025-02-23T04:49:43.797+0000] {dagbag.py:588} INFO - Filling up the DagBag from /home/airflow/.local/lib/python3.12/site-packages/airflow/example_dags/example_branch_python_dop_operator_3.py
[2025-02-23T04:49:43.804+0000] {processor.py:925} INFO - DAG(s) 'example_branch_dop_operator_v3' retrieved from /home/airflow/.local/lib/python3.12/site-packages/airflow/example_dags/example_branch_python_dop_operator_3.py
[2025-02-23T04:49:43.818+0000] {logging_mixin.py:190} INFO - [2025-02-23T04:49:43.818+0000] {dag.py:3239} INFO - Sync 1 DAGs
[2025-02-23T04:49:43.837+0000] {logging_mixin.py:190} INFO - [2025-02-23T04:49:43.837+0000] {dag.py:4180} INFO - Setting next_dagrun for example_branch_dop_operator_v3 to 2025-02-23 04:48:00+00:00, run_after=2025-02-23 04:49:00+00:00
[2025-02-23T04:49:43.849+0000] {processor.py:208} INFO - Processing /home/airflow/.local/lib/python3.12/site-packages/airflow/example_dags/example_branch_python_dop_operator_3.py took 0.059 seconds
[2025-02-23T04:50:13.991+0000] {processor.py:186} INFO - Started process (PID=584) to work on /home/airflow/.local/lib/python3.12/site-packages/airflow/example_dags/example_branch_python_dop_operator_3.py
[2025-02-23T04:50:13.991+0000] {processor.py:914} INFO - Processing file /home/airflow/.local/lib/python3.12/site-packages/airflow/example_dags/example_branch_python_dop_operator_3.py for tasks to queue
[2025-02-23T04:50:13.993+0000] {logging_mixin.py:190} INFO - [2025-02-23T04:50:13.993+0000] {dagbag.py:588} INFO - Filling up the DagBag from /home/airflow/.local/lib/python3.12/site-packages/airflow/example_dags/example_branch_python_dop_operator_3.py
[2025-02-23T04:50:14.000+0000] {processor.py:925} INFO - DAG(s) 'example_branch_dop_operator_v3' retrieved from /home/airflow/.local/lib/python3.12/site-packages/airflow/example_dags/example_branch_python_dop_operator_3.py
[2025-02-23T04:50:14.017+0000] {logging_mixin.py:190} INFO - [2025-02-23T04:50:14.017+0000] {dag.py:3239} INFO - Sync 1 DAGs
[2025-02-23T04:50:14.045+0000] {logging_mixin.py:190} INFO - [2025-02-23T04:50:14.045+0000] {dag.py:4180} INFO - Setting next_dagrun for example_branch_dop_operator_v3 to 2025-02-23 04:49:00+00:00, run_after=2025-02-23 04:50:00+00:00
[2025-02-23T04:50:14.061+0000] {processor.py:208} INFO - Processing /home/airflow/.local/lib/python3.12/site-packages/airflow/example_dags/example_branch_python_dop_operator_3.py took 0.074 seconds
