[2025-02-23T04:46:16.924+0000] {processor.py:186} INFO - Started process (PID=108) to work on /home/airflow/.local/lib/python3.12/site-packages/airflow/example_dags/example_workday_timetable.py
[2025-02-23T04:46:16.924+0000] {processor.py:914} INFO - Processing file /home/airflow/.local/lib/python3.12/site-packages/airflow/example_dags/example_workday_timetable.py for tasks to queue
[2025-02-23T04:46:16.927+0000] {logging_mixin.py:190} INFO - [2025-02-23T04:46:16.927+0000] {dagbag.py:588} INFO - Filling up the DagBag from /home/airflow/.local/lib/python3.12/site-packages/airflow/example_dags/example_workday_timetable.py
[2025-02-23T04:46:16.933+0000] {processor.py:925} INFO - DAG(s) 'example_workday_timetable' retrieved from /home/airflow/.local/lib/python3.12/site-packages/airflow/example_dags/example_workday_timetable.py
[2025-02-23T04:46:17.050+0000] {logging_mixin.py:190} INFO - [2025-02-23T04:46:17.050+0000] {override.py:1911} INFO - Created Permission View: can delete on DAG:example_workday_timetable
[2025-02-23T04:46:17.059+0000] {logging_mixin.py:190} INFO - [2025-02-23T04:46:17.058+0000] {override.py:1911} INFO - Created Permission View: can read on DAG:example_workday_timetable
[2025-02-23T04:46:17.064+0000] {logging_mixin.py:190} INFO - [2025-02-23T04:46:17.064+0000] {override.py:1911} INFO - Created Permission View: can edit on DAG:example_workday_timetable
[2025-02-23T04:46:17.069+0000] {logging_mixin.py:190} INFO - [2025-02-23T04:46:17.069+0000] {override.py:1911} INFO - Created Permission View: can create on DAG Run:example_workday_timetable
[2025-02-23T04:46:17.074+0000] {logging_mixin.py:190} INFO - [2025-02-23T04:46:17.074+0000] {override.py:1911} INFO - Created Permission View: can read on DAG Run:example_workday_timetable
[2025-02-23T04:46:17.079+0000] {logging_mixin.py:190} INFO - [2025-02-23T04:46:17.079+0000] {override.py:1911} INFO - Created Permission View: menu access on DAG Run:example_workday_timetable
[2025-02-23T04:46:17.084+0000] {logging_mixin.py:190} INFO - [2025-02-23T04:46:17.084+0000] {override.py:1911} INFO - Created Permission View: can delete on DAG Run:example_workday_timetable
[2025-02-23T04:46:17.085+0000] {logging_mixin.py:190} INFO - [2025-02-23T04:46:17.084+0000] {dag.py:3239} INFO - Sync 1 DAGs
[2025-02-23T04:46:17.100+0000] {logging_mixin.py:190} INFO - [2025-02-23T04:46:17.099+0000] {dag.py:3262} INFO - Creating ORM DAG for example_workday_timetable
[2025-02-23T04:46:17.157+0000] {logging_mixin.py:190} INFO - [2025-02-23T04:46:17.157+0000] {dag.py:4180} INFO - Setting next_dagrun for example_workday_timetable to 2021-01-04 00:00:00+00:00, run_after=2021-01-05 00:00:00+00:00
[2025-02-23T04:46:17.173+0000] {processor.py:208} INFO - Processing /home/airflow/.local/lib/python3.12/site-packages/airflow/example_dags/example_workday_timetable.py took 0.256 seconds
[2025-02-23T04:46:47.232+0000] {processor.py:186} INFO - Started process (PID=171) to work on /home/airflow/.local/lib/python3.12/site-packages/airflow/example_dags/example_workday_timetable.py
[2025-02-23T04:46:47.232+0000] {processor.py:914} INFO - Processing file /home/airflow/.local/lib/python3.12/site-packages/airflow/example_dags/example_workday_timetable.py for tasks to queue
[2025-02-23T04:46:47.234+0000] {logging_mixin.py:190} INFO - [2025-02-23T04:46:47.234+0000] {dagbag.py:588} INFO - Filling up the DagBag from /home/airflow/.local/lib/python3.12/site-packages/airflow/example_dags/example_workday_timetable.py
[2025-02-23T04:46:47.239+0000] {processor.py:925} INFO - DAG(s) 'example_workday_timetable' retrieved from /home/airflow/.local/lib/python3.12/site-packages/airflow/example_dags/example_workday_timetable.py
[2025-02-23T04:46:47.256+0000] {logging_mixin.py:190} INFO - [2025-02-23T04:46:47.256+0000] {dag.py:3239} INFO - Sync 1 DAGs
[2025-02-23T04:46:47.321+0000] {logging_mixin.py:190} INFO - [2025-02-23T04:46:47.321+0000] {dag.py:4180} INFO - Setting next_dagrun for example_workday_timetable to 2021-01-04 00:00:00+00:00, run_after=2021-01-05 00:00:00+00:00
[2025-02-23T04:46:47.372+0000] {processor.py:208} INFO - Processing /home/airflow/.local/lib/python3.12/site-packages/airflow/example_dags/example_workday_timetable.py took 0.145 seconds
[2025-02-23T04:47:17.460+0000] {processor.py:186} INFO - Started process (PID=234) to work on /home/airflow/.local/lib/python3.12/site-packages/airflow/example_dags/example_workday_timetable.py
[2025-02-23T04:47:17.460+0000] {processor.py:914} INFO - Processing file /home/airflow/.local/lib/python3.12/site-packages/airflow/example_dags/example_workday_timetable.py for tasks to queue
[2025-02-23T04:47:17.462+0000] {logging_mixin.py:190} INFO - [2025-02-23T04:47:17.462+0000] {dagbag.py:588} INFO - Filling up the DagBag from /home/airflow/.local/lib/python3.12/site-packages/airflow/example_dags/example_workday_timetable.py
[2025-02-23T04:47:17.468+0000] {processor.py:925} INFO - DAG(s) 'example_workday_timetable' retrieved from /home/airflow/.local/lib/python3.12/site-packages/airflow/example_dags/example_workday_timetable.py
[2025-02-23T04:47:17.482+0000] {logging_mixin.py:190} INFO - [2025-02-23T04:47:17.482+0000] {dag.py:3239} INFO - Sync 1 DAGs
[2025-02-23T04:47:17.532+0000] {logging_mixin.py:190} INFO - [2025-02-23T04:47:17.532+0000] {dag.py:4180} INFO - Setting next_dagrun for example_workday_timetable to 2021-01-04 00:00:00+00:00, run_after=2021-01-05 00:00:00+00:00
[2025-02-23T04:47:17.545+0000] {processor.py:208} INFO - Processing /home/airflow/.local/lib/python3.12/site-packages/airflow/example_dags/example_workday_timetable.py took 0.091 seconds
[2025-02-23T04:47:48.424+0000] {processor.py:186} INFO - Started process (PID=298) to work on /home/airflow/.local/lib/python3.12/site-packages/airflow/example_dags/example_workday_timetable.py
[2025-02-23T04:47:48.424+0000] {processor.py:914} INFO - Processing file /home/airflow/.local/lib/python3.12/site-packages/airflow/example_dags/example_workday_timetable.py for tasks to queue
[2025-02-23T04:47:48.426+0000] {logging_mixin.py:190} INFO - [2025-02-23T04:47:48.426+0000] {dagbag.py:588} INFO - Filling up the DagBag from /home/airflow/.local/lib/python3.12/site-packages/airflow/example_dags/example_workday_timetable.py
[2025-02-23T04:47:48.431+0000] {processor.py:925} INFO - DAG(s) 'example_workday_timetable' retrieved from /home/airflow/.local/lib/python3.12/site-packages/airflow/example_dags/example_workday_timetable.py
[2025-02-23T04:47:48.445+0000] {logging_mixin.py:190} INFO - [2025-02-23T04:47:48.445+0000] {dag.py:3239} INFO - Sync 1 DAGs
[2025-02-23T04:47:48.494+0000] {logging_mixin.py:190} INFO - [2025-02-23T04:47:48.494+0000] {dag.py:4180} INFO - Setting next_dagrun for example_workday_timetable to 2021-01-04 00:00:00+00:00, run_after=2021-01-05 00:00:00+00:00
[2025-02-23T04:47:48.507+0000] {processor.py:208} INFO - Processing /home/airflow/.local/lib/python3.12/site-packages/airflow/example_dags/example_workday_timetable.py took 0.089 seconds
[2025-02-23T04:48:19.886+0000] {processor.py:186} INFO - Started process (PID=360) to work on /home/airflow/.local/lib/python3.12/site-packages/airflow/example_dags/example_workday_timetable.py
[2025-02-23T04:48:19.886+0000] {processor.py:914} INFO - Processing file /home/airflow/.local/lib/python3.12/site-packages/airflow/example_dags/example_workday_timetable.py for tasks to queue
[2025-02-23T04:48:19.888+0000] {logging_mixin.py:190} INFO - [2025-02-23T04:48:19.888+0000] {dagbag.py:588} INFO - Filling up the DagBag from /home/airflow/.local/lib/python3.12/site-packages/airflow/example_dags/example_workday_timetable.py
[2025-02-23T04:48:19.893+0000] {processor.py:925} INFO - DAG(s) 'example_workday_timetable' retrieved from /home/airflow/.local/lib/python3.12/site-packages/airflow/example_dags/example_workday_timetable.py
[2025-02-23T04:48:19.910+0000] {logging_mixin.py:190} INFO - [2025-02-23T04:48:19.910+0000] {dag.py:3239} INFO - Sync 1 DAGs
[2025-02-23T04:48:19.968+0000] {logging_mixin.py:190} INFO - [2025-02-23T04:48:19.968+0000] {dag.py:4180} INFO - Setting next_dagrun for example_workday_timetable to 2021-01-04 00:00:00+00:00, run_after=2021-01-05 00:00:00+00:00
[2025-02-23T04:48:19.982+0000] {processor.py:208} INFO - Processing /home/airflow/.local/lib/python3.12/site-packages/airflow/example_dags/example_workday_timetable.py took 0.101 seconds
[2025-02-23T04:48:51.122+0000] {processor.py:186} INFO - Started process (PID=424) to work on /home/airflow/.local/lib/python3.12/site-packages/airflow/example_dags/example_workday_timetable.py
[2025-02-23T04:48:51.123+0000] {processor.py:914} INFO - Processing file /home/airflow/.local/lib/python3.12/site-packages/airflow/example_dags/example_workday_timetable.py for tasks to queue
[2025-02-23T04:48:51.125+0000] {logging_mixin.py:190} INFO - [2025-02-23T04:48:51.124+0000] {dagbag.py:588} INFO - Filling up the DagBag from /home/airflow/.local/lib/python3.12/site-packages/airflow/example_dags/example_workday_timetable.py
[2025-02-23T04:48:51.130+0000] {processor.py:925} INFO - DAG(s) 'example_workday_timetable' retrieved from /home/airflow/.local/lib/python3.12/site-packages/airflow/example_dags/example_workday_timetable.py
[2025-02-23T04:48:51.147+0000] {logging_mixin.py:190} INFO - [2025-02-23T04:48:51.147+0000] {dag.py:3239} INFO - Sync 1 DAGs
[2025-02-23T04:48:51.220+0000] {logging_mixin.py:190} INFO - [2025-02-23T04:48:51.220+0000] {dag.py:4180} INFO - Setting next_dagrun for example_workday_timetable to 2021-01-04 00:00:00+00:00, run_after=2021-01-05 00:00:00+00:00
[2025-02-23T04:48:51.238+0000] {processor.py:208} INFO - Processing /home/airflow/.local/lib/python3.12/site-packages/airflow/example_dags/example_workday_timetable.py took 0.120 seconds
[2025-02-23T04:49:22.397+0000] {processor.py:186} INFO - Started process (PID=488) to work on /home/airflow/.local/lib/python3.12/site-packages/airflow/example_dags/example_workday_timetable.py
[2025-02-23T04:49:22.398+0000] {processor.py:914} INFO - Processing file /home/airflow/.local/lib/python3.12/site-packages/airflow/example_dags/example_workday_timetable.py for tasks to queue
[2025-02-23T04:49:22.400+0000] {logging_mixin.py:190} INFO - [2025-02-23T04:49:22.400+0000] {dagbag.py:588} INFO - Filling up the DagBag from /home/airflow/.local/lib/python3.12/site-packages/airflow/example_dags/example_workday_timetable.py
[2025-02-23T04:49:22.406+0000] {processor.py:925} INFO - DAG(s) 'example_workday_timetable' retrieved from /home/airflow/.local/lib/python3.12/site-packages/airflow/example_dags/example_workday_timetable.py
[2025-02-23T04:49:22.426+0000] {logging_mixin.py:190} INFO - [2025-02-23T04:49:22.426+0000] {dag.py:3239} INFO - Sync 1 DAGs
[2025-02-23T04:49:22.504+0000] {logging_mixin.py:190} INFO - [2025-02-23T04:49:22.504+0000] {dag.py:4180} INFO - Setting next_dagrun for example_workday_timetable to 2021-01-04 00:00:00+00:00, run_after=2021-01-05 00:00:00+00:00
[2025-02-23T04:49:22.522+0000] {processor.py:208} INFO - Processing /home/airflow/.local/lib/python3.12/site-packages/airflow/example_dags/example_workday_timetable.py took 0.131 seconds
