[2025-02-23T04:46:16.771+0000] {processor.py:186} INFO - Started process (PID=107) to work on /home/airflow/.local/lib/python3.12/site-packages/airflow/example_dags/example_short_circuit_operator.py
[2025-02-23T04:46:16.771+0000] {processor.py:914} INFO - Processing file /home/airflow/.local/lib/python3.12/site-packages/airflow/example_dags/example_short_circuit_operator.py for tasks to queue
[2025-02-23T04:46:16.773+0000] {logging_mixin.py:190} INFO - [2025-02-23T04:46:16.773+0000] {dagbag.py:588} INFO - Filling up the DagBag from /home/airflow/.local/lib/python3.12/site-packages/airflow/example_dags/example_short_circuit_operator.py
[2025-02-23T04:46:16.780+0000] {processor.py:925} INFO - DAG(s) 'example_short_circuit_operator' retrieved from /home/airflow/.local/lib/python3.12/site-packages/airflow/example_dags/example_short_circuit_operator.py
[2025-02-23T04:46:16.879+0000] {logging_mixin.py:190} INFO - [2025-02-23T04:46:16.878+0000] {override.py:1911} INFO - Created Permission View: can delete on DAG:example_short_circuit_operator
[2025-02-23T04:46:16.887+0000] {logging_mixin.py:190} INFO - [2025-02-23T04:46:16.887+0000] {override.py:1911} INFO - Created Permission View: can read on DAG:example_short_circuit_operator
[2025-02-23T04:46:16.893+0000] {logging_mixin.py:190} INFO - [2025-02-23T04:46:16.892+0000] {override.py:1911} INFO - Created Permission View: can edit on DAG:example_short_circuit_operator
[2025-02-23T04:46:16.897+0000] {logging_mixin.py:190} INFO - [2025-02-23T04:46:16.897+0000] {override.py:1911} INFO - Created Permission View: can create on DAG Run:example_short_circuit_operator
[2025-02-23T04:46:16.902+0000] {logging_mixin.py:190} INFO - [2025-02-23T04:46:16.902+0000] {override.py:1911} INFO - Created Permission View: can read on DAG Run:example_short_circuit_operator
[2025-02-23T04:46:16.907+0000] {logging_mixin.py:190} INFO - [2025-02-23T04:46:16.907+0000] {override.py:1911} INFO - Created Permission View: menu access on DAG Run:example_short_circuit_operator
[2025-02-23T04:46:16.912+0000] {logging_mixin.py:190} INFO - [2025-02-23T04:46:16.912+0000] {override.py:1911} INFO - Created Permission View: can delete on DAG Run:example_short_circuit_operator
[2025-02-23T04:46:16.913+0000] {logging_mixin.py:190} INFO - [2025-02-23T04:46:16.913+0000] {dag.py:3239} INFO - Sync 1 DAGs
[2025-02-23T04:46:16.924+0000] {logging_mixin.py:190} INFO - [2025-02-23T04:46:16.924+0000] {dag.py:3262} INFO - Creating ORM DAG for example_short_circuit_operator
[2025-02-23T04:46:16.925+0000] {logging_mixin.py:190} INFO - [2025-02-23T04:46:16.925+0000] {dag.py:4180} INFO - Setting next_dagrun for example_short_circuit_operator to None, run_after=None
[2025-02-23T04:46:16.936+0000] {processor.py:208} INFO - Processing /home/airflow/.local/lib/python3.12/site-packages/airflow/example_dags/example_short_circuit_operator.py took 0.170 seconds
[2025-02-23T04:46:47.042+0000] {processor.py:186} INFO - Started process (PID=170) to work on /home/airflow/.local/lib/python3.12/site-packages/airflow/example_dags/example_short_circuit_operator.py
[2025-02-23T04:46:47.042+0000] {processor.py:914} INFO - Processing file /home/airflow/.local/lib/python3.12/site-packages/airflow/example_dags/example_short_circuit_operator.py for tasks to queue
[2025-02-23T04:46:47.044+0000] {logging_mixin.py:190} INFO - [2025-02-23T04:46:47.044+0000] {dagbag.py:588} INFO - Filling up the DagBag from /home/airflow/.local/lib/python3.12/site-packages/airflow/example_dags/example_short_circuit_operator.py
[2025-02-23T04:46:47.050+0000] {processor.py:925} INFO - DAG(s) 'example_short_circuit_operator' retrieved from /home/airflow/.local/lib/python3.12/site-packages/airflow/example_dags/example_short_circuit_operator.py
[2025-02-23T04:46:47.068+0000] {logging_mixin.py:190} INFO - [2025-02-23T04:46:47.068+0000] {dag.py:3239} INFO - Sync 1 DAGs
[2025-02-23T04:46:47.080+0000] {logging_mixin.py:190} INFO - [2025-02-23T04:46:47.080+0000] {dag.py:4180} INFO - Setting next_dagrun for example_short_circuit_operator to None, run_after=None
[2025-02-23T04:46:47.094+0000] {processor.py:208} INFO - Processing /home/airflow/.local/lib/python3.12/site-packages/airflow/example_dags/example_short_circuit_operator.py took 0.056 seconds
[2025-02-23T04:47:17.246+0000] {processor.py:186} INFO - Started process (PID=232) to work on /home/airflow/.local/lib/python3.12/site-packages/airflow/example_dags/example_short_circuit_operator.py
[2025-02-23T04:47:17.247+0000] {processor.py:914} INFO - Processing file /home/airflow/.local/lib/python3.12/site-packages/airflow/example_dags/example_short_circuit_operator.py for tasks to queue
[2025-02-23T04:47:17.248+0000] {logging_mixin.py:190} INFO - [2025-02-23T04:47:17.248+0000] {dagbag.py:588} INFO - Filling up the DagBag from /home/airflow/.local/lib/python3.12/site-packages/airflow/example_dags/example_short_circuit_operator.py
[2025-02-23T04:47:17.255+0000] {processor.py:925} INFO - DAG(s) 'example_short_circuit_operator' retrieved from /home/airflow/.local/lib/python3.12/site-packages/airflow/example_dags/example_short_circuit_operator.py
[2025-02-23T04:47:17.273+0000] {logging_mixin.py:190} INFO - [2025-02-23T04:47:17.273+0000] {dag.py:3239} INFO - Sync 1 DAGs
[2025-02-23T04:47:17.284+0000] {logging_mixin.py:190} INFO - [2025-02-23T04:47:17.284+0000] {dag.py:4180} INFO - Setting next_dagrun for example_short_circuit_operator to None, run_after=None
[2025-02-23T04:47:17.297+0000] {processor.py:208} INFO - Processing /home/airflow/.local/lib/python3.12/site-packages/airflow/example_dags/example_short_circuit_operator.py took 0.055 seconds
[2025-02-23T04:47:48.344+0000] {processor.py:186} INFO - Started process (PID=296) to work on /home/airflow/.local/lib/python3.12/site-packages/airflow/example_dags/example_short_circuit_operator.py
[2025-02-23T04:47:48.345+0000] {processor.py:914} INFO - Processing file /home/airflow/.local/lib/python3.12/site-packages/airflow/example_dags/example_short_circuit_operator.py for tasks to queue
[2025-02-23T04:47:48.347+0000] {logging_mixin.py:190} INFO - [2025-02-23T04:47:48.346+0000] {dagbag.py:588} INFO - Filling up the DagBag from /home/airflow/.local/lib/python3.12/site-packages/airflow/example_dags/example_short_circuit_operator.py
[2025-02-23T04:47:48.354+0000] {processor.py:925} INFO - DAG(s) 'example_short_circuit_operator' retrieved from /home/airflow/.local/lib/python3.12/site-packages/airflow/example_dags/example_short_circuit_operator.py
[2025-02-23T04:47:48.372+0000] {logging_mixin.py:190} INFO - [2025-02-23T04:47:48.371+0000] {dag.py:3239} INFO - Sync 1 DAGs
[2025-02-23T04:47:48.383+0000] {logging_mixin.py:190} INFO - [2025-02-23T04:47:48.382+0000] {dag.py:4180} INFO - Setting next_dagrun for example_short_circuit_operator to None, run_after=None
[2025-02-23T04:47:48.395+0000] {processor.py:208} INFO - Processing /home/airflow/.local/lib/python3.12/site-packages/airflow/example_dags/example_short_circuit_operator.py took 0.056 seconds
[2025-02-23T04:48:19.862+0000] {processor.py:186} INFO - Started process (PID=359) to work on /home/airflow/.local/lib/python3.12/site-packages/airflow/example_dags/example_short_circuit_operator.py
[2025-02-23T04:48:19.863+0000] {processor.py:914} INFO - Processing file /home/airflow/.local/lib/python3.12/site-packages/airflow/example_dags/example_short_circuit_operator.py for tasks to queue
[2025-02-23T04:48:19.864+0000] {logging_mixin.py:190} INFO - [2025-02-23T04:48:19.864+0000] {dagbag.py:588} INFO - Filling up the DagBag from /home/airflow/.local/lib/python3.12/site-packages/airflow/example_dags/example_short_circuit_operator.py
[2025-02-23T04:48:19.873+0000] {processor.py:925} INFO - DAG(s) 'example_short_circuit_operator' retrieved from /home/airflow/.local/lib/python3.12/site-packages/airflow/example_dags/example_short_circuit_operator.py
[2025-02-23T04:48:19.890+0000] {logging_mixin.py:190} INFO - [2025-02-23T04:48:19.890+0000] {dag.py:3239} INFO - Sync 1 DAGs
[2025-02-23T04:48:19.903+0000] {logging_mixin.py:190} INFO - [2025-02-23T04:48:19.902+0000] {dag.py:4180} INFO - Setting next_dagrun for example_short_circuit_operator to None, run_after=None
[2025-02-23T04:48:19.919+0000] {processor.py:208} INFO - Processing /home/airflow/.local/lib/python3.12/site-packages/airflow/example_dags/example_short_circuit_operator.py took 0.062 seconds
[2025-02-23T04:48:51.077+0000] {processor.py:186} INFO - Started process (PID=423) to work on /home/airflow/.local/lib/python3.12/site-packages/airflow/example_dags/example_short_circuit_operator.py
[2025-02-23T04:48:51.078+0000] {processor.py:914} INFO - Processing file /home/airflow/.local/lib/python3.12/site-packages/airflow/example_dags/example_short_circuit_operator.py for tasks to queue
[2025-02-23T04:48:51.079+0000] {logging_mixin.py:190} INFO - [2025-02-23T04:48:51.079+0000] {dagbag.py:588} INFO - Filling up the DagBag from /home/airflow/.local/lib/python3.12/site-packages/airflow/example_dags/example_short_circuit_operator.py
[2025-02-23T04:48:51.087+0000] {processor.py:925} INFO - DAG(s) 'example_short_circuit_operator' retrieved from /home/airflow/.local/lib/python3.12/site-packages/airflow/example_dags/example_short_circuit_operator.py
[2025-02-23T04:48:51.107+0000] {logging_mixin.py:190} INFO - [2025-02-23T04:48:51.107+0000] {dag.py:3239} INFO - Sync 1 DAGs
[2025-02-23T04:48:51.119+0000] {logging_mixin.py:190} INFO - [2025-02-23T04:48:51.119+0000] {dag.py:4180} INFO - Setting next_dagrun for example_short_circuit_operator to None, run_after=None
[2025-02-23T04:48:51.133+0000] {processor.py:208} INFO - Processing /home/airflow/.local/lib/python3.12/site-packages/airflow/example_dags/example_short_circuit_operator.py took 0.061 seconds
[2025-02-23T04:49:22.296+0000] {processor.py:186} INFO - Started process (PID=487) to work on /home/airflow/.local/lib/python3.12/site-packages/airflow/example_dags/example_short_circuit_operator.py
[2025-02-23T04:49:22.297+0000] {processor.py:914} INFO - Processing file /home/airflow/.local/lib/python3.12/site-packages/airflow/example_dags/example_short_circuit_operator.py for tasks to queue
[2025-02-23T04:49:22.299+0000] {logging_mixin.py:190} INFO - [2025-02-23T04:49:22.299+0000] {dagbag.py:588} INFO - Filling up the DagBag from /home/airflow/.local/lib/python3.12/site-packages/airflow/example_dags/example_short_circuit_operator.py
[2025-02-23T04:49:22.307+0000] {processor.py:925} INFO - DAG(s) 'example_short_circuit_operator' retrieved from /home/airflow/.local/lib/python3.12/site-packages/airflow/example_dags/example_short_circuit_operator.py
[2025-02-23T04:49:22.332+0000] {logging_mixin.py:190} INFO - [2025-02-23T04:49:22.331+0000] {dag.py:3239} INFO - Sync 1 DAGs
[2025-02-23T04:49:22.348+0000] {logging_mixin.py:190} INFO - [2025-02-23T04:49:22.347+0000] {dag.py:4180} INFO - Setting next_dagrun for example_short_circuit_operator to None, run_after=None
[2025-02-23T04:49:22.365+0000] {processor.py:208} INFO - Processing /home/airflow/.local/lib/python3.12/site-packages/airflow/example_dags/example_short_circuit_operator.py took 0.075 seconds
[2025-02-23T04:49:52.980+0000] {processor.py:186} INFO - Started process (PID=550) to work on /home/airflow/.local/lib/python3.12/site-packages/airflow/example_dags/example_short_circuit_operator.py
[2025-02-23T04:49:52.981+0000] {processor.py:914} INFO - Processing file /home/airflow/.local/lib/python3.12/site-packages/airflow/example_dags/example_short_circuit_operator.py for tasks to queue
[2025-02-23T04:49:52.982+0000] {logging_mixin.py:190} INFO - [2025-02-23T04:49:52.982+0000] {dagbag.py:588} INFO - Filling up the DagBag from /home/airflow/.local/lib/python3.12/site-packages/airflow/example_dags/example_short_circuit_operator.py
[2025-02-23T04:49:52.989+0000] {processor.py:925} INFO - DAG(s) 'example_short_circuit_operator' retrieved from /home/airflow/.local/lib/python3.12/site-packages/airflow/example_dags/example_short_circuit_operator.py
[2025-02-23T04:49:53.006+0000] {logging_mixin.py:190} INFO - [2025-02-23T04:49:53.006+0000] {dag.py:3239} INFO - Sync 1 DAGs
[2025-02-23T04:49:53.017+0000] {logging_mixin.py:190} INFO - [2025-02-23T04:49:53.017+0000] {dag.py:4180} INFO - Setting next_dagrun for example_short_circuit_operator to None, run_after=None
[2025-02-23T04:49:53.029+0000] {processor.py:208} INFO - Processing /home/airflow/.local/lib/python3.12/site-packages/airflow/example_dags/example_short_circuit_operator.py took 0.053 seconds
