[2025-02-23T04:46:12.665+0000] {processor.py:186} INFO - Started process (PID=85) to work on /home/airflow/.local/lib/python3.12/site-packages/airflow/example_dags/example_params_ui_tutorial.py
[2025-02-23T04:46:12.666+0000] {processor.py:914} INFO - Processing file /home/airflow/.local/lib/python3.12/site-packages/airflow/example_dags/example_params_ui_tutorial.py for tasks to queue
[2025-02-23T04:46:12.668+0000] {logging_mixin.py:190} INFO - [2025-02-23T04:46:12.668+0000] {dagbag.py:588} INFO - Filling up the DagBag from /home/airflow/.local/lib/python3.12/site-packages/airflow/example_dags/example_params_ui_tutorial.py
[2025-02-23T04:46:12.680+0000] {processor.py:925} INFO - DAG(s) 'example_params_ui_tutorial' retrieved from /home/airflow/.local/lib/python3.12/site-packages/airflow/example_dags/example_params_ui_tutorial.py
[2025-02-23T04:46:12.837+0000] {logging_mixin.py:190} INFO - [2025-02-23T04:46:12.836+0000] {override.py:1911} INFO - Created Permission View: can delete on DAG:example_params_ui_tutorial
[2025-02-23T04:46:12.845+0000] {logging_mixin.py:190} INFO - [2025-02-23T04:46:12.845+0000] {override.py:1911} INFO - Created Permission View: can read on DAG:example_params_ui_tutorial
[2025-02-23T04:46:12.850+0000] {logging_mixin.py:190} INFO - [2025-02-23T04:46:12.849+0000] {override.py:1911} INFO - Created Permission View: can edit on DAG:example_params_ui_tutorial
[2025-02-23T04:46:12.854+0000] {logging_mixin.py:190} INFO - [2025-02-23T04:46:12.854+0000] {override.py:1911} INFO - Created Permission View: can create on DAG Run:example_params_ui_tutorial
[2025-02-23T04:46:12.858+0000] {logging_mixin.py:190} INFO - [2025-02-23T04:46:12.858+0000] {override.py:1911} INFO - Created Permission View: can read on DAG Run:example_params_ui_tutorial
[2025-02-23T04:46:12.863+0000] {logging_mixin.py:190} INFO - [2025-02-23T04:46:12.862+0000] {override.py:1911} INFO - Created Permission View: menu access on DAG Run:example_params_ui_tutorial
[2025-02-23T04:46:12.866+0000] {logging_mixin.py:190} INFO - [2025-02-23T04:46:12.866+0000] {override.py:1911} INFO - Created Permission View: can delete on DAG Run:example_params_ui_tutorial
[2025-02-23T04:46:12.867+0000] {logging_mixin.py:190} INFO - [2025-02-23T04:46:12.867+0000] {dag.py:3239} INFO - Sync 1 DAGs
[2025-02-23T04:46:12.876+0000] {logging_mixin.py:190} INFO - [2025-02-23T04:46:12.876+0000] {dag.py:3262} INFO - Creating ORM DAG for example_params_ui_tutorial
[2025-02-23T04:46:12.877+0000] {logging_mixin.py:190} INFO - [2025-02-23T04:46:12.877+0000] {dag.py:4180} INFO - Setting next_dagrun for example_params_ui_tutorial to None, run_after=None
[2025-02-23T04:46:12.888+0000] {processor.py:208} INFO - Processing /home/airflow/.local/lib/python3.12/site-packages/airflow/example_dags/example_params_ui_tutorial.py took 0.229 seconds
[2025-02-23T04:46:43.404+0000] {processor.py:186} INFO - Started process (PID=148) to work on /home/airflow/.local/lib/python3.12/site-packages/airflow/example_dags/example_params_ui_tutorial.py
[2025-02-23T04:46:43.405+0000] {processor.py:914} INFO - Processing file /home/airflow/.local/lib/python3.12/site-packages/airflow/example_dags/example_params_ui_tutorial.py for tasks to queue
[2025-02-23T04:46:43.406+0000] {logging_mixin.py:190} INFO - [2025-02-23T04:46:43.406+0000] {dagbag.py:588} INFO - Filling up the DagBag from /home/airflow/.local/lib/python3.12/site-packages/airflow/example_dags/example_params_ui_tutorial.py
[2025-02-23T04:46:43.413+0000] {processor.py:925} INFO - DAG(s) 'example_params_ui_tutorial' retrieved from /home/airflow/.local/lib/python3.12/site-packages/airflow/example_dags/example_params_ui_tutorial.py
[2025-02-23T04:46:43.448+0000] {logging_mixin.py:190} INFO - [2025-02-23T04:46:43.448+0000] {dag.py:3239} INFO - Sync 1 DAGs
[2025-02-23T04:46:43.464+0000] {logging_mixin.py:190} INFO - [2025-02-23T04:46:43.464+0000] {dag.py:4180} INFO - Setting next_dagrun for example_params_ui_tutorial to None, run_after=None
[2025-02-23T04:46:43.484+0000] {processor.py:208} INFO - Processing /home/airflow/.local/lib/python3.12/site-packages/airflow/example_dags/example_params_ui_tutorial.py took 0.084 seconds
[2025-02-23T04:47:13.881+0000] {processor.py:186} INFO - Started process (PID=210) to work on /home/airflow/.local/lib/python3.12/site-packages/airflow/example_dags/example_params_ui_tutorial.py
[2025-02-23T04:47:13.882+0000] {processor.py:914} INFO - Processing file /home/airflow/.local/lib/python3.12/site-packages/airflow/example_dags/example_params_ui_tutorial.py for tasks to queue
[2025-02-23T04:47:13.884+0000] {logging_mixin.py:190} INFO - [2025-02-23T04:47:13.883+0000] {dagbag.py:588} INFO - Filling up the DagBag from /home/airflow/.local/lib/python3.12/site-packages/airflow/example_dags/example_params_ui_tutorial.py
[2025-02-23T04:47:13.892+0000] {processor.py:925} INFO - DAG(s) 'example_params_ui_tutorial' retrieved from /home/airflow/.local/lib/python3.12/site-packages/airflow/example_dags/example_params_ui_tutorial.py
[2025-02-23T04:47:13.941+0000] {logging_mixin.py:190} INFO - [2025-02-23T04:47:13.940+0000] {dag.py:3239} INFO - Sync 1 DAGs
[2025-02-23T04:47:13.959+0000] {logging_mixin.py:190} INFO - [2025-02-23T04:47:13.959+0000] {dag.py:4180} INFO - Setting next_dagrun for example_params_ui_tutorial to None, run_after=None
[2025-02-23T04:47:13.974+0000] {processor.py:208} INFO - Processing /home/airflow/.local/lib/python3.12/site-packages/airflow/example_dags/example_params_ui_tutorial.py took 0.099 seconds
[2025-02-23T04:47:44.279+0000] {processor.py:186} INFO - Started process (PID=274) to work on /home/airflow/.local/lib/python3.12/site-packages/airflow/example_dags/example_params_ui_tutorial.py
[2025-02-23T04:47:44.279+0000] {processor.py:914} INFO - Processing file /home/airflow/.local/lib/python3.12/site-packages/airflow/example_dags/example_params_ui_tutorial.py for tasks to queue
[2025-02-23T04:47:44.282+0000] {logging_mixin.py:190} INFO - [2025-02-23T04:47:44.281+0000] {dagbag.py:588} INFO - Filling up the DagBag from /home/airflow/.local/lib/python3.12/site-packages/airflow/example_dags/example_params_ui_tutorial.py
[2025-02-23T04:47:44.291+0000] {processor.py:925} INFO - DAG(s) 'example_params_ui_tutorial' retrieved from /home/airflow/.local/lib/python3.12/site-packages/airflow/example_dags/example_params_ui_tutorial.py
[2025-02-23T04:47:44.339+0000] {logging_mixin.py:190} INFO - [2025-02-23T04:47:44.339+0000] {dag.py:3239} INFO - Sync 1 DAGs
[2025-02-23T04:47:44.352+0000] {logging_mixin.py:190} INFO - [2025-02-23T04:47:44.352+0000] {dag.py:4180} INFO - Setting next_dagrun for example_params_ui_tutorial to None, run_after=None
[2025-02-23T04:47:44.369+0000] {processor.py:208} INFO - Processing /home/airflow/.local/lib/python3.12/site-packages/airflow/example_dags/example_params_ui_tutorial.py took 0.097 seconds
[2025-02-23T04:48:14.864+0000] {processor.py:186} INFO - Started process (PID=337) to work on /home/airflow/.local/lib/python3.12/site-packages/airflow/example_dags/example_params_ui_tutorial.py
[2025-02-23T04:48:14.865+0000] {processor.py:914} INFO - Processing file /home/airflow/.local/lib/python3.12/site-packages/airflow/example_dags/example_params_ui_tutorial.py for tasks to queue
[2025-02-23T04:48:14.867+0000] {logging_mixin.py:190} INFO - [2025-02-23T04:48:14.866+0000] {dagbag.py:588} INFO - Filling up the DagBag from /home/airflow/.local/lib/python3.12/site-packages/airflow/example_dags/example_params_ui_tutorial.py
[2025-02-23T04:48:14.876+0000] {processor.py:925} INFO - DAG(s) 'example_params_ui_tutorial' retrieved from /home/airflow/.local/lib/python3.12/site-packages/airflow/example_dags/example_params_ui_tutorial.py
[2025-02-23T04:48:14.914+0000] {logging_mixin.py:190} INFO - [2025-02-23T04:48:14.914+0000] {dag.py:3239} INFO - Sync 1 DAGs
[2025-02-23T04:48:14.925+0000] {logging_mixin.py:190} INFO - [2025-02-23T04:48:14.925+0000] {dag.py:4180} INFO - Setting next_dagrun for example_params_ui_tutorial to None, run_after=None
[2025-02-23T04:48:14.939+0000] {processor.py:208} INFO - Processing /home/airflow/.local/lib/python3.12/site-packages/airflow/example_dags/example_params_ui_tutorial.py took 0.079 seconds
[2025-02-23T04:48:45.234+0000] {processor.py:186} INFO - Started process (PID=401) to work on /home/airflow/.local/lib/python3.12/site-packages/airflow/example_dags/example_params_ui_tutorial.py
[2025-02-23T04:48:45.235+0000] {processor.py:914} INFO - Processing file /home/airflow/.local/lib/python3.12/site-packages/airflow/example_dags/example_params_ui_tutorial.py for tasks to queue
[2025-02-23T04:48:45.236+0000] {logging_mixin.py:190} INFO - [2025-02-23T04:48:45.236+0000] {dagbag.py:588} INFO - Filling up the DagBag from /home/airflow/.local/lib/python3.12/site-packages/airflow/example_dags/example_params_ui_tutorial.py
[2025-02-23T04:48:45.244+0000] {processor.py:925} INFO - DAG(s) 'example_params_ui_tutorial' retrieved from /home/airflow/.local/lib/python3.12/site-packages/airflow/example_dags/example_params_ui_tutorial.py
[2025-02-23T04:48:45.283+0000] {logging_mixin.py:190} INFO - [2025-02-23T04:48:45.283+0000] {dag.py:3239} INFO - Sync 1 DAGs
[2025-02-23T04:48:45.295+0000] {logging_mixin.py:190} INFO - [2025-02-23T04:48:45.295+0000] {dag.py:4180} INFO - Setting next_dagrun for example_params_ui_tutorial to None, run_after=None
[2025-02-23T04:48:45.311+0000] {processor.py:208} INFO - Processing /home/airflow/.local/lib/python3.12/site-packages/airflow/example_dags/example_params_ui_tutorial.py took 0.081 seconds
[2025-02-23T04:49:15.740+0000] {processor.py:186} INFO - Started process (PID=464) to work on /home/airflow/.local/lib/python3.12/site-packages/airflow/example_dags/example_params_ui_tutorial.py
[2025-02-23T04:49:15.741+0000] {processor.py:914} INFO - Processing file /home/airflow/.local/lib/python3.12/site-packages/airflow/example_dags/example_params_ui_tutorial.py for tasks to queue
[2025-02-23T04:49:15.743+0000] {logging_mixin.py:190} INFO - [2025-02-23T04:49:15.743+0000] {dagbag.py:588} INFO - Filling up the DagBag from /home/airflow/.local/lib/python3.12/site-packages/airflow/example_dags/example_params_ui_tutorial.py
[2025-02-23T04:49:15.752+0000] {processor.py:925} INFO - DAG(s) 'example_params_ui_tutorial' retrieved from /home/airflow/.local/lib/python3.12/site-packages/airflow/example_dags/example_params_ui_tutorial.py
[2025-02-23T04:49:15.798+0000] {logging_mixin.py:190} INFO - [2025-02-23T04:49:15.798+0000] {dag.py:3239} INFO - Sync 1 DAGs
[2025-02-23T04:49:15.810+0000] {logging_mixin.py:190} INFO - [2025-02-23T04:49:15.810+0000] {dag.py:4180} INFO - Setting next_dagrun for example_params_ui_tutorial to None, run_after=None
[2025-02-23T04:49:15.823+0000] {processor.py:208} INFO - Processing /home/airflow/.local/lib/python3.12/site-packages/airflow/example_dags/example_params_ui_tutorial.py took 0.088 seconds
[2025-02-23T04:49:46.052+0000] {processor.py:186} INFO - Started process (PID=527) to work on /home/airflow/.local/lib/python3.12/site-packages/airflow/example_dags/example_params_ui_tutorial.py
[2025-02-23T04:49:46.053+0000] {processor.py:914} INFO - Processing file /home/airflow/.local/lib/python3.12/site-packages/airflow/example_dags/example_params_ui_tutorial.py for tasks to queue
[2025-02-23T04:49:46.054+0000] {logging_mixin.py:190} INFO - [2025-02-23T04:49:46.054+0000] {dagbag.py:588} INFO - Filling up the DagBag from /home/airflow/.local/lib/python3.12/site-packages/airflow/example_dags/example_params_ui_tutorial.py
[2025-02-23T04:49:46.063+0000] {processor.py:925} INFO - DAG(s) 'example_params_ui_tutorial' retrieved from /home/airflow/.local/lib/python3.12/site-packages/airflow/example_dags/example_params_ui_tutorial.py
[2025-02-23T04:49:46.106+0000] {logging_mixin.py:190} INFO - [2025-02-23T04:49:46.105+0000] {dag.py:3239} INFO - Sync 1 DAGs
[2025-02-23T04:49:46.121+0000] {logging_mixin.py:190} INFO - [2025-02-23T04:49:46.121+0000] {dag.py:4180} INFO - Setting next_dagrun for example_params_ui_tutorial to None, run_after=None
[2025-02-23T04:49:46.138+0000] {processor.py:208} INFO - Processing /home/airflow/.local/lib/python3.12/site-packages/airflow/example_dags/example_params_ui_tutorial.py took 0.091 seconds
