[2025-02-23T04:46:15.376+0000] {processor.py:186} INFO - Started process (PID=100) to work on /home/airflow/.local/lib/python3.12/site-packages/airflow/example_dags/example_inlet_event_extra.py
[2025-02-23T04:46:15.377+0000] {processor.py:914} INFO - Processing file /home/airflow/.local/lib/python3.12/site-packages/airflow/example_dags/example_inlet_event_extra.py for tasks to queue
[2025-02-23T04:46:15.379+0000] {logging_mixin.py:190} INFO - [2025-02-23T04:46:15.378+0000] {dagbag.py:588} INFO - Filling up the DagBag from /home/airflow/.local/lib/python3.12/site-packages/airflow/example_dags/example_inlet_event_extra.py
[2025-02-23T04:46:16.059+0000] {processor.py:925} INFO - DAG(s) 'read_dataset_event', 'read_dataset_event_from_classic' retrieved from /home/airflow/.local/lib/python3.12/site-packages/airflow/example_dags/example_inlet_event_extra.py
[2025-02-23T04:46:16.176+0000] {logging_mixin.py:190} INFO - [2025-02-23T04:46:16.176+0000] {override.py:1911} INFO - Created Permission View: can delete on DAG:read_dataset_event
[2025-02-23T04:46:16.186+0000] {logging_mixin.py:190} INFO - [2025-02-23T04:46:16.186+0000] {override.py:1911} INFO - Created Permission View: can read on DAG:read_dataset_event
[2025-02-23T04:46:16.192+0000] {logging_mixin.py:190} INFO - [2025-02-23T04:46:16.191+0000] {override.py:1911} INFO - Created Permission View: can edit on DAG:read_dataset_event
[2025-02-23T04:46:16.197+0000] {logging_mixin.py:190} INFO - [2025-02-23T04:46:16.197+0000] {override.py:1911} INFO - Created Permission View: can create on DAG Run:read_dataset_event
[2025-02-23T04:46:16.203+0000] {logging_mixin.py:190} INFO - [2025-02-23T04:46:16.203+0000] {override.py:1911} INFO - Created Permission View: can read on DAG Run:read_dataset_event
[2025-02-23T04:46:16.209+0000] {logging_mixin.py:190} INFO - [2025-02-23T04:46:16.209+0000] {override.py:1911} INFO - Created Permission View: menu access on DAG Run:read_dataset_event
[2025-02-23T04:46:16.215+0000] {logging_mixin.py:190} INFO - [2025-02-23T04:46:16.214+0000] {override.py:1911} INFO - Created Permission View: can delete on DAG Run:read_dataset_event
[2025-02-23T04:46:16.227+0000] {logging_mixin.py:190} INFO - [2025-02-23T04:46:16.227+0000] {override.py:1911} INFO - Created Permission View: can delete on DAG:read_dataset_event_from_classic
[2025-02-23T04:46:16.254+0000] {logging_mixin.py:190} INFO - [2025-02-23T04:46:16.254+0000] {override.py:1911} INFO - Created Permission View: can read on DAG:read_dataset_event_from_classic
[2025-02-23T04:46:16.317+0000] {logging_mixin.py:190} INFO - [2025-02-23T04:46:16.317+0000] {override.py:1911} INFO - Created Permission View: can edit on DAG:read_dataset_event_from_classic
[2025-02-23T04:46:16.352+0000] {logging_mixin.py:190} INFO - [2025-02-23T04:46:16.352+0000] {override.py:1911} INFO - Created Permission View: can create on DAG Run:read_dataset_event_from_classic
[2025-02-23T04:46:16.364+0000] {logging_mixin.py:190} INFO - [2025-02-23T04:46:16.364+0000] {override.py:1911} INFO - Created Permission View: can read on DAG Run:read_dataset_event_from_classic
[2025-02-23T04:46:16.370+0000] {logging_mixin.py:190} INFO - [2025-02-23T04:46:16.370+0000] {override.py:1911} INFO - Created Permission View: menu access on DAG Run:read_dataset_event_from_classic
[2025-02-23T04:46:16.376+0000] {logging_mixin.py:190} INFO - [2025-02-23T04:46:16.376+0000] {override.py:1911} INFO - Created Permission View: can delete on DAG Run:read_dataset_event_from_classic
[2025-02-23T04:46:16.377+0000] {logging_mixin.py:190} INFO - [2025-02-23T04:46:16.376+0000] {dag.py:3239} INFO - Sync 2 DAGs
[2025-02-23T04:46:16.395+0000] {logging_mixin.py:190} INFO - [2025-02-23T04:46:16.394+0000] {dag.py:3262} INFO - Creating ORM DAG for read_dataset_event
[2025-02-23T04:46:16.396+0000] {logging_mixin.py:190} INFO - [2025-02-23T04:46:16.396+0000] {dag.py:3262} INFO - Creating ORM DAG for read_dataset_event_from_classic
[2025-02-23T04:46:16.409+0000] {logging_mixin.py:190} INFO - [2025-02-23T04:46:16.409+0000] {dag.py:4180} INFO - Setting next_dagrun for read_dataset_event to 2025-02-22 00:00:00+00:00, run_after=2025-02-23 00:00:00+00:00
[2025-02-23T04:46:16.412+0000] {logging_mixin.py:190} INFO - [2025-02-23T04:46:16.411+0000] {dag.py:4180} INFO - Setting next_dagrun for read_dataset_event_from_classic to 2025-02-22 00:00:00+00:00, run_after=2025-02-23 00:00:00+00:00
[2025-02-23T04:46:16.431+0000] {processor.py:208} INFO - Processing /home/airflow/.local/lib/python3.12/site-packages/airflow/example_dags/example_inlet_event_extra.py took 1.061 seconds
[2025-02-23T04:46:46.562+0000] {processor.py:186} INFO - Started process (PID=164) to work on /home/airflow/.local/lib/python3.12/site-packages/airflow/example_dags/example_inlet_event_extra.py
[2025-02-23T04:46:46.562+0000] {processor.py:914} INFO - Processing file /home/airflow/.local/lib/python3.12/site-packages/airflow/example_dags/example_inlet_event_extra.py for tasks to queue
[2025-02-23T04:46:46.564+0000] {logging_mixin.py:190} INFO - [2025-02-23T04:46:46.564+0000] {dagbag.py:588} INFO - Filling up the DagBag from /home/airflow/.local/lib/python3.12/site-packages/airflow/example_dags/example_inlet_event_extra.py
[2025-02-23T04:46:47.148+0000] {processor.py:925} INFO - DAG(s) 'read_dataset_event', 'read_dataset_event_from_classic' retrieved from /home/airflow/.local/lib/python3.12/site-packages/airflow/example_dags/example_inlet_event_extra.py
[2025-02-23T04:46:47.163+0000] {logging_mixin.py:190} INFO - [2025-02-23T04:46:47.163+0000] {dag.py:3239} INFO - Sync 2 DAGs
[2025-02-23T04:46:47.182+0000] {logging_mixin.py:190} INFO - [2025-02-23T04:46:47.181+0000] {dag.py:4180} INFO - Setting next_dagrun for read_dataset_event to 2025-02-22 00:00:00+00:00, run_after=2025-02-23 00:00:00+00:00
[2025-02-23T04:46:47.185+0000] {logging_mixin.py:190} INFO - [2025-02-23T04:46:47.185+0000] {dag.py:4180} INFO - Setting next_dagrun for read_dataset_event_from_classic to 2025-02-22 00:00:00+00:00, run_after=2025-02-23 00:00:00+00:00
[2025-02-23T04:46:47.199+0000] {processor.py:208} INFO - Processing /home/airflow/.local/lib/python3.12/site-packages/airflow/example_dags/example_inlet_event_extra.py took 0.641 seconds
[2025-02-23T04:47:17.323+0000] {processor.py:186} INFO - Started process (PID=233) to work on /home/airflow/.local/lib/python3.12/site-packages/airflow/example_dags/example_inlet_event_extra.py
[2025-02-23T04:47:17.324+0000] {processor.py:914} INFO - Processing file /home/airflow/.local/lib/python3.12/site-packages/airflow/example_dags/example_inlet_event_extra.py for tasks to queue
[2025-02-23T04:47:17.325+0000] {logging_mixin.py:190} INFO - [2025-02-23T04:47:17.325+0000] {dagbag.py:588} INFO - Filling up the DagBag from /home/airflow/.local/lib/python3.12/site-packages/airflow/example_dags/example_inlet_event_extra.py
[2025-02-23T04:47:17.877+0000] {processor.py:925} INFO - DAG(s) 'read_dataset_event_from_classic', 'read_dataset_event' retrieved from /home/airflow/.local/lib/python3.12/site-packages/airflow/example_dags/example_inlet_event_extra.py
[2025-02-23T04:47:17.895+0000] {logging_mixin.py:190} INFO - [2025-02-23T04:47:17.894+0000] {dag.py:3239} INFO - Sync 2 DAGs
[2025-02-23T04:47:17.916+0000] {logging_mixin.py:190} INFO - [2025-02-23T04:47:17.916+0000] {dag.py:4180} INFO - Setting next_dagrun for read_dataset_event to 2025-02-22 00:00:00+00:00, run_after=2025-02-23 00:00:00+00:00
[2025-02-23T04:47:17.922+0000] {logging_mixin.py:190} INFO - [2025-02-23T04:47:17.922+0000] {dag.py:4180} INFO - Setting next_dagrun for read_dataset_event_from_classic to 2025-02-22 00:00:00+00:00, run_after=2025-02-23 00:00:00+00:00
[2025-02-23T04:47:17.936+0000] {processor.py:208} INFO - Processing /home/airflow/.local/lib/python3.12/site-packages/airflow/example_dags/example_inlet_event_extra.py took 0.618 seconds
[2025-02-23T04:47:48.383+0000] {processor.py:186} INFO - Started process (PID=297) to work on /home/airflow/.local/lib/python3.12/site-packages/airflow/example_dags/example_inlet_event_extra.py
[2025-02-23T04:47:48.384+0000] {processor.py:914} INFO - Processing file /home/airflow/.local/lib/python3.12/site-packages/airflow/example_dags/example_inlet_event_extra.py for tasks to queue
[2025-02-23T04:47:48.385+0000] {logging_mixin.py:190} INFO - [2025-02-23T04:47:48.385+0000] {dagbag.py:588} INFO - Filling up the DagBag from /home/airflow/.local/lib/python3.12/site-packages/airflow/example_dags/example_inlet_event_extra.py
[2025-02-23T04:47:48.909+0000] {processor.py:925} INFO - DAG(s) 'read_dataset_event_from_classic', 'read_dataset_event' retrieved from /home/airflow/.local/lib/python3.12/site-packages/airflow/example_dags/example_inlet_event_extra.py
[2025-02-23T04:47:48.925+0000] {logging_mixin.py:190} INFO - [2025-02-23T04:47:48.925+0000] {dag.py:3239} INFO - Sync 2 DAGs
[2025-02-23T04:47:48.947+0000] {logging_mixin.py:190} INFO - [2025-02-23T04:47:48.946+0000] {dag.py:4180} INFO - Setting next_dagrun for read_dataset_event to 2025-02-22 00:00:00+00:00, run_after=2025-02-23 00:00:00+00:00
[2025-02-23T04:47:48.951+0000] {logging_mixin.py:190} INFO - [2025-02-23T04:47:48.950+0000] {dag.py:4180} INFO - Setting next_dagrun for read_dataset_event_from_classic to 2025-02-22 00:00:00+00:00, run_after=2025-02-23 00:00:00+00:00
[2025-02-23T04:47:48.962+0000] {processor.py:208} INFO - Processing /home/airflow/.local/lib/python3.12/site-packages/airflow/example_dags/example_inlet_event_extra.py took 0.584 seconds
[2025-02-23T04:48:20.129+0000] {processor.py:186} INFO - Started process (PID=365) to work on /home/airflow/.local/lib/python3.12/site-packages/airflow/example_dags/example_inlet_event_extra.py
[2025-02-23T04:48:20.130+0000] {processor.py:914} INFO - Processing file /home/airflow/.local/lib/python3.12/site-packages/airflow/example_dags/example_inlet_event_extra.py for tasks to queue
[2025-02-23T04:48:20.131+0000] {logging_mixin.py:190} INFO - [2025-02-23T04:48:20.131+0000] {dagbag.py:588} INFO - Filling up the DagBag from /home/airflow/.local/lib/python3.12/site-packages/airflow/example_dags/example_inlet_event_extra.py
[2025-02-23T04:48:20.680+0000] {processor.py:925} INFO - DAG(s) 'read_dataset_event', 'read_dataset_event_from_classic' retrieved from /home/airflow/.local/lib/python3.12/site-packages/airflow/example_dags/example_inlet_event_extra.py
[2025-02-23T04:48:20.698+0000] {logging_mixin.py:190} INFO - [2025-02-23T04:48:20.698+0000] {dag.py:3239} INFO - Sync 2 DAGs
[2025-02-23T04:48:20.718+0000] {logging_mixin.py:190} INFO - [2025-02-23T04:48:20.718+0000] {dag.py:4180} INFO - Setting next_dagrun for read_dataset_event to 2025-02-22 00:00:00+00:00, run_after=2025-02-23 00:00:00+00:00
[2025-02-23T04:48:20.723+0000] {logging_mixin.py:190} INFO - [2025-02-23T04:48:20.723+0000] {dag.py:4180} INFO - Setting next_dagrun for read_dataset_event_from_classic to 2025-02-22 00:00:00+00:00, run_after=2025-02-23 00:00:00+00:00
[2025-02-23T04:48:20.737+0000] {processor.py:208} INFO - Processing /home/airflow/.local/lib/python3.12/site-packages/airflow/example_dags/example_inlet_event_extra.py took 0.613 seconds
[2025-02-23T04:48:51.266+0000] {processor.py:186} INFO - Started process (PID=426) to work on /home/airflow/.local/lib/python3.12/site-packages/airflow/example_dags/example_inlet_event_extra.py
[2025-02-23T04:48:51.267+0000] {processor.py:914} INFO - Processing file /home/airflow/.local/lib/python3.12/site-packages/airflow/example_dags/example_inlet_event_extra.py for tasks to queue
[2025-02-23T04:48:51.269+0000] {logging_mixin.py:190} INFO - [2025-02-23T04:48:51.268+0000] {dagbag.py:588} INFO - Filling up the DagBag from /home/airflow/.local/lib/python3.12/site-packages/airflow/example_dags/example_inlet_event_extra.py
[2025-02-23T04:48:51.787+0000] {processor.py:925} INFO - DAG(s) 'read_dataset_event', 'read_dataset_event_from_classic' retrieved from /home/airflow/.local/lib/python3.12/site-packages/airflow/example_dags/example_inlet_event_extra.py
[2025-02-23T04:48:51.802+0000] {logging_mixin.py:190} INFO - [2025-02-23T04:48:51.802+0000] {dag.py:3239} INFO - Sync 2 DAGs
[2025-02-23T04:48:51.821+0000] {logging_mixin.py:190} INFO - [2025-02-23T04:48:51.821+0000] {dag.py:4180} INFO - Setting next_dagrun for read_dataset_event to 2025-02-22 00:00:00+00:00, run_after=2025-02-23 00:00:00+00:00
[2025-02-23T04:48:51.825+0000] {logging_mixin.py:190} INFO - [2025-02-23T04:48:51.825+0000] {dag.py:4180} INFO - Setting next_dagrun for read_dataset_event_from_classic to 2025-02-22 00:00:00+00:00, run_after=2025-02-23 00:00:00+00:00
[2025-02-23T04:48:51.836+0000] {processor.py:208} INFO - Processing /home/airflow/.local/lib/python3.12/site-packages/airflow/example_dags/example_inlet_event_extra.py took 0.574 seconds
[2025-02-23T04:49:21.901+0000] {processor.py:186} INFO - Started process (PID=483) to work on /home/airflow/.local/lib/python3.12/site-packages/airflow/example_dags/example_inlet_event_extra.py
[2025-02-23T04:49:21.901+0000] {processor.py:914} INFO - Processing file /home/airflow/.local/lib/python3.12/site-packages/airflow/example_dags/example_inlet_event_extra.py for tasks to queue
[2025-02-23T04:49:21.904+0000] {logging_mixin.py:190} INFO - [2025-02-23T04:49:21.903+0000] {dagbag.py:588} INFO - Filling up the DagBag from /home/airflow/.local/lib/python3.12/site-packages/airflow/example_dags/example_inlet_event_extra.py
[2025-02-23T04:49:22.480+0000] {processor.py:925} INFO - DAG(s) 'read_dataset_event', 'read_dataset_event_from_classic' retrieved from /home/airflow/.local/lib/python3.12/site-packages/airflow/example_dags/example_inlet_event_extra.py
[2025-02-23T04:49:22.495+0000] {logging_mixin.py:190} INFO - [2025-02-23T04:49:22.495+0000] {dag.py:3239} INFO - Sync 2 DAGs
[2025-02-23T04:49:22.515+0000] {logging_mixin.py:190} INFO - [2025-02-23T04:49:22.515+0000] {dag.py:4180} INFO - Setting next_dagrun for read_dataset_event to 2025-02-22 00:00:00+00:00, run_after=2025-02-23 00:00:00+00:00
[2025-02-23T04:49:22.519+0000] {logging_mixin.py:190} INFO - [2025-02-23T04:49:22.519+0000] {dag.py:4180} INFO - Setting next_dagrun for read_dataset_event_from_classic to 2025-02-22 00:00:00+00:00, run_after=2025-02-23 00:00:00+00:00
[2025-02-23T04:49:22.531+0000] {processor.py:208} INFO - Processing /home/airflow/.local/lib/python3.12/site-packages/airflow/example_dags/example_inlet_event_extra.py took 0.637 seconds
[2025-02-23T04:49:52.885+0000] {processor.py:186} INFO - Started process (PID=549) to work on /home/airflow/.local/lib/python3.12/site-packages/airflow/example_dags/example_inlet_event_extra.py
[2025-02-23T04:49:52.885+0000] {processor.py:914} INFO - Processing file /home/airflow/.local/lib/python3.12/site-packages/airflow/example_dags/example_inlet_event_extra.py for tasks to queue
[2025-02-23T04:49:52.887+0000] {logging_mixin.py:190} INFO - [2025-02-23T04:49:52.886+0000] {dagbag.py:588} INFO - Filling up the DagBag from /home/airflow/.local/lib/python3.12/site-packages/airflow/example_dags/example_inlet_event_extra.py
[2025-02-23T04:49:53.430+0000] {processor.py:925} INFO - DAG(s) 'read_dataset_event_from_classic', 'read_dataset_event' retrieved from /home/airflow/.local/lib/python3.12/site-packages/airflow/example_dags/example_inlet_event_extra.py
[2025-02-23T04:49:53.449+0000] {logging_mixin.py:190} INFO - [2025-02-23T04:49:53.448+0000] {dag.py:3239} INFO - Sync 2 DAGs
[2025-02-23T04:49:53.469+0000] {logging_mixin.py:190} INFO - [2025-02-23T04:49:53.469+0000] {dag.py:4180} INFO - Setting next_dagrun for read_dataset_event to 2025-02-22 00:00:00+00:00, run_after=2025-02-23 00:00:00+00:00
[2025-02-23T04:49:53.474+0000] {logging_mixin.py:190} INFO - [2025-02-23T04:49:53.474+0000] {dag.py:4180} INFO - Setting next_dagrun for read_dataset_event_from_classic to 2025-02-22 00:00:00+00:00, run_after=2025-02-23 00:00:00+00:00
[2025-02-23T04:49:53.488+0000] {processor.py:208} INFO - Processing /home/airflow/.local/lib/python3.12/site-packages/airflow/example_dags/example_inlet_event_extra.py took 0.608 seconds
