[2025-02-23T04:46:13.576+0000] {processor.py:186} INFO - Started process (PID=92) to work on /home/airflow/.local/lib/python3.12/site-packages/airflow/example_dags/example_datasets.py
[2025-02-23T04:46:13.577+0000] {processor.py:914} INFO - Processing file /home/airflow/.local/lib/python3.12/site-packages/airflow/example_dags/example_datasets.py for tasks to queue
[2025-02-23T04:46:13.580+0000] {logging_mixin.py:190} INFO - [2025-02-23T04:46:13.580+0000] {dagbag.py:588} INFO - Filling up the DagBag from /home/airflow/.local/lib/python3.12/site-packages/airflow/example_dags/example_datasets.py
[2025-02-23T04:46:14.379+0000] {processor.py:925} INFO - DAG(s) 'dataset_produces_2', 'consume_1_and_2_with_dataset_expressions', 'dataset_consumes_1_never_scheduled', 'dataset_consumes_1', 'conditional_dataset_and_time_based_timetable', 'dataset_produces_1', 'dataset_consumes_unknown_never_scheduled', 'dataset_consumes_1_and_2', 'consume_1_or_both_2_and_3_with_dataset_expressions', 'consume_1_or_2_with_dataset_expressions' retrieved from /home/airflow/.local/lib/python3.12/site-packages/airflow/example_dags/example_datasets.py
[2025-02-23T04:46:14.503+0000] {logging_mixin.py:190} INFO - [2025-02-23T04:46:14.503+0000] {override.py:1911} INFO - Created Permission View: can delete on DAG:dataset_produces_2
[2025-02-23T04:46:14.513+0000] {logging_mixin.py:190} INFO - [2025-02-23T04:46:14.513+0000] {override.py:1911} INFO - Created Permission View: can read on DAG:dataset_produces_2
[2025-02-23T04:46:14.520+0000] {logging_mixin.py:190} INFO - [2025-02-23T04:46:14.520+0000] {override.py:1911} INFO - Created Permission View: can edit on DAG:dataset_produces_2
[2025-02-23T04:46:14.527+0000] {logging_mixin.py:190} INFO - [2025-02-23T04:46:14.526+0000] {override.py:1911} INFO - Created Permission View: can create on DAG Run:dataset_produces_2
[2025-02-23T04:46:14.533+0000] {logging_mixin.py:190} INFO - [2025-02-23T04:46:14.533+0000] {override.py:1911} INFO - Created Permission View: can read on DAG Run:dataset_produces_2
[2025-02-23T04:46:14.542+0000] {logging_mixin.py:190} INFO - [2025-02-23T04:46:14.542+0000] {override.py:1911} INFO - Created Permission View: menu access on DAG Run:dataset_produces_2
[2025-02-23T04:46:14.548+0000] {logging_mixin.py:190} INFO - [2025-02-23T04:46:14.548+0000] {override.py:1911} INFO - Created Permission View: can delete on DAG Run:dataset_produces_2
[2025-02-23T04:46:14.560+0000] {logging_mixin.py:190} INFO - [2025-02-23T04:46:14.560+0000] {override.py:1911} INFO - Created Permission View: can delete on DAG:consume_1_and_2_with_dataset_expressions
[2025-02-23T04:46:14.566+0000] {logging_mixin.py:190} INFO - [2025-02-23T04:46:14.566+0000] {override.py:1911} INFO - Created Permission View: can read on DAG:consume_1_and_2_with_dataset_expressions
[2025-02-23T04:46:14.572+0000] {logging_mixin.py:190} INFO - [2025-02-23T04:46:14.572+0000] {override.py:1911} INFO - Created Permission View: can edit on DAG:consume_1_and_2_with_dataset_expressions
[2025-02-23T04:46:14.578+0000] {logging_mixin.py:190} INFO - [2025-02-23T04:46:14.578+0000] {override.py:1911} INFO - Created Permission View: can create on DAG Run:consume_1_and_2_with_dataset_expressions
[2025-02-23T04:46:14.584+0000] {logging_mixin.py:190} INFO - [2025-02-23T04:46:14.584+0000] {override.py:1911} INFO - Created Permission View: can read on DAG Run:consume_1_and_2_with_dataset_expressions
[2025-02-23T04:46:14.590+0000] {logging_mixin.py:190} INFO - [2025-02-23T04:46:14.590+0000] {override.py:1911} INFO - Created Permission View: menu access on DAG Run:consume_1_and_2_with_dataset_expressions
[2025-02-23T04:46:14.596+0000] {logging_mixin.py:190} INFO - [2025-02-23T04:46:14.596+0000] {override.py:1911} INFO - Created Permission View: can delete on DAG Run:consume_1_and_2_with_dataset_expressions
[2025-02-23T04:46:14.607+0000] {logging_mixin.py:190} INFO - [2025-02-23T04:46:14.607+0000] {override.py:1911} INFO - Created Permission View: can delete on DAG:dataset_consumes_1_never_scheduled
[2025-02-23T04:46:14.614+0000] {logging_mixin.py:190} INFO - [2025-02-23T04:46:14.613+0000] {override.py:1911} INFO - Created Permission View: can read on DAG:dataset_consumes_1_never_scheduled
[2025-02-23T04:46:14.619+0000] {logging_mixin.py:190} INFO - [2025-02-23T04:46:14.619+0000] {override.py:1911} INFO - Created Permission View: can edit on DAG:dataset_consumes_1_never_scheduled
[2025-02-23T04:46:14.625+0000] {logging_mixin.py:190} INFO - [2025-02-23T04:46:14.625+0000] {override.py:1911} INFO - Created Permission View: can create on DAG Run:dataset_consumes_1_never_scheduled
[2025-02-23T04:46:14.631+0000] {logging_mixin.py:190} INFO - [2025-02-23T04:46:14.631+0000] {override.py:1911} INFO - Created Permission View: can read on DAG Run:dataset_consumes_1_never_scheduled
[2025-02-23T04:46:14.638+0000] {logging_mixin.py:190} INFO - [2025-02-23T04:46:14.638+0000] {override.py:1911} INFO - Created Permission View: menu access on DAG Run:dataset_consumes_1_never_scheduled
[2025-02-23T04:46:14.644+0000] {logging_mixin.py:190} INFO - [2025-02-23T04:46:14.643+0000] {override.py:1911} INFO - Created Permission View: can delete on DAG Run:dataset_consumes_1_never_scheduled
[2025-02-23T04:46:14.654+0000] {logging_mixin.py:190} INFO - [2025-02-23T04:46:14.654+0000] {override.py:1911} INFO - Created Permission View: can delete on DAG:dataset_consumes_1
[2025-02-23T04:46:14.660+0000] {logging_mixin.py:190} INFO - [2025-02-23T04:46:14.660+0000] {override.py:1911} INFO - Created Permission View: can read on DAG:dataset_consumes_1
[2025-02-23T04:46:14.666+0000] {logging_mixin.py:190} INFO - [2025-02-23T04:46:14.666+0000] {override.py:1911} INFO - Created Permission View: can edit on DAG:dataset_consumes_1
[2025-02-23T04:46:14.671+0000] {logging_mixin.py:190} INFO - [2025-02-23T04:46:14.671+0000] {override.py:1911} INFO - Created Permission View: can create on DAG Run:dataset_consumes_1
[2025-02-23T04:46:14.677+0000] {logging_mixin.py:190} INFO - [2025-02-23T04:46:14.677+0000] {override.py:1911} INFO - Created Permission View: can read on DAG Run:dataset_consumes_1
[2025-02-23T04:46:14.683+0000] {logging_mixin.py:190} INFO - [2025-02-23T04:46:14.683+0000] {override.py:1911} INFO - Created Permission View: menu access on DAG Run:dataset_consumes_1
[2025-02-23T04:46:14.689+0000] {logging_mixin.py:190} INFO - [2025-02-23T04:46:14.688+0000] {override.py:1911} INFO - Created Permission View: can delete on DAG Run:dataset_consumes_1
[2025-02-23T04:46:14.700+0000] {logging_mixin.py:190} INFO - [2025-02-23T04:46:14.700+0000] {override.py:1911} INFO - Created Permission View: can delete on DAG:conditional_dataset_and_time_based_timetable
[2025-02-23T04:46:14.706+0000] {logging_mixin.py:190} INFO - [2025-02-23T04:46:14.706+0000] {override.py:1911} INFO - Created Permission View: can read on DAG:conditional_dataset_and_time_based_timetable
[2025-02-23T04:46:14.711+0000] {logging_mixin.py:190} INFO - [2025-02-23T04:46:14.711+0000] {override.py:1911} INFO - Created Permission View: can edit on DAG:conditional_dataset_and_time_based_timetable
[2025-02-23T04:46:14.717+0000] {logging_mixin.py:190} INFO - [2025-02-23T04:46:14.717+0000] {override.py:1911} INFO - Created Permission View: can create on DAG Run:conditional_dataset_and_time_based_timetable
[2025-02-23T04:46:14.722+0000] {logging_mixin.py:190} INFO - [2025-02-23T04:46:14.722+0000] {override.py:1911} INFO - Created Permission View: can read on DAG Run:conditional_dataset_and_time_based_timetable
[2025-02-23T04:46:14.728+0000] {logging_mixin.py:190} INFO - [2025-02-23T04:46:14.728+0000] {override.py:1911} INFO - Created Permission View: menu access on DAG Run:conditional_dataset_and_time_based_timetable
[2025-02-23T04:46:14.734+0000] {logging_mixin.py:190} INFO - [2025-02-23T04:46:14.733+0000] {override.py:1911} INFO - Created Permission View: can delete on DAG Run:conditional_dataset_and_time_based_timetable
[2025-02-23T04:46:14.745+0000] {logging_mixin.py:190} INFO - [2025-02-23T04:46:14.745+0000] {override.py:1911} INFO - Created Permission View: can delete on DAG:dataset_produces_1
[2025-02-23T04:46:14.751+0000] {logging_mixin.py:190} INFO - [2025-02-23T04:46:14.751+0000] {override.py:1911} INFO - Created Permission View: can read on DAG:dataset_produces_1
[2025-02-23T04:46:14.757+0000] {logging_mixin.py:190} INFO - [2025-02-23T04:46:14.757+0000] {override.py:1911} INFO - Created Permission View: can edit on DAG:dataset_produces_1
[2025-02-23T04:46:14.763+0000] {logging_mixin.py:190} INFO - [2025-02-23T04:46:14.763+0000] {override.py:1911} INFO - Created Permission View: can create on DAG Run:dataset_produces_1
[2025-02-23T04:46:14.769+0000] {logging_mixin.py:190} INFO - [2025-02-23T04:46:14.769+0000] {override.py:1911} INFO - Created Permission View: can read on DAG Run:dataset_produces_1
[2025-02-23T04:46:14.776+0000] {logging_mixin.py:190} INFO - [2025-02-23T04:46:14.775+0000] {override.py:1911} INFO - Created Permission View: menu access on DAG Run:dataset_produces_1
[2025-02-23T04:46:14.782+0000] {logging_mixin.py:190} INFO - [2025-02-23T04:46:14.782+0000] {override.py:1911} INFO - Created Permission View: can delete on DAG Run:dataset_produces_1
[2025-02-23T04:46:14.794+0000] {logging_mixin.py:190} INFO - [2025-02-23T04:46:14.794+0000] {override.py:1911} INFO - Created Permission View: can delete on DAG:dataset_consumes_unknown_never_scheduled
[2025-02-23T04:46:14.800+0000] {logging_mixin.py:190} INFO - [2025-02-23T04:46:14.800+0000] {override.py:1911} INFO - Created Permission View: can read on DAG:dataset_consumes_unknown_never_scheduled
[2025-02-23T04:46:14.806+0000] {logging_mixin.py:190} INFO - [2025-02-23T04:46:14.806+0000] {override.py:1911} INFO - Created Permission View: can edit on DAG:dataset_consumes_unknown_never_scheduled
[2025-02-23T04:46:14.812+0000] {logging_mixin.py:190} INFO - [2025-02-23T04:46:14.812+0000] {override.py:1911} INFO - Created Permission View: can create on DAG Run:dataset_consumes_unknown_never_scheduled
[2025-02-23T04:46:14.818+0000] {logging_mixin.py:190} INFO - [2025-02-23T04:46:14.818+0000] {override.py:1911} INFO - Created Permission View: can read on DAG Run:dataset_consumes_unknown_never_scheduled
[2025-02-23T04:46:14.824+0000] {logging_mixin.py:190} INFO - [2025-02-23T04:46:14.824+0000] {override.py:1911} INFO - Created Permission View: menu access on DAG Run:dataset_consumes_unknown_never_scheduled
[2025-02-23T04:46:14.830+0000] {logging_mixin.py:190} INFO - [2025-02-23T04:46:14.830+0000] {override.py:1911} INFO - Created Permission View: can delete on DAG Run:dataset_consumes_unknown_never_scheduled
[2025-02-23T04:46:14.843+0000] {logging_mixin.py:190} INFO - [2025-02-23T04:46:14.842+0000] {override.py:1911} INFO - Created Permission View: can delete on DAG:dataset_consumes_1_and_2
[2025-02-23T04:46:14.849+0000] {logging_mixin.py:190} INFO - [2025-02-23T04:46:14.848+0000] {override.py:1911} INFO - Created Permission View: can read on DAG:dataset_consumes_1_and_2
[2025-02-23T04:46:14.854+0000] {logging_mixin.py:190} INFO - [2025-02-23T04:46:14.854+0000] {override.py:1911} INFO - Created Permission View: can edit on DAG:dataset_consumes_1_and_2
[2025-02-23T04:46:14.861+0000] {logging_mixin.py:190} INFO - [2025-02-23T04:46:14.861+0000] {override.py:1911} INFO - Created Permission View: can create on DAG Run:dataset_consumes_1_and_2
[2025-02-23T04:46:14.867+0000] {logging_mixin.py:190} INFO - [2025-02-23T04:46:14.866+0000] {override.py:1911} INFO - Created Permission View: can read on DAG Run:dataset_consumes_1_and_2
[2025-02-23T04:46:14.873+0000] {logging_mixin.py:190} INFO - [2025-02-23T04:46:14.873+0000] {override.py:1911} INFO - Created Permission View: menu access on DAG Run:dataset_consumes_1_and_2
[2025-02-23T04:46:14.879+0000] {logging_mixin.py:190} INFO - [2025-02-23T04:46:14.878+0000] {override.py:1911} INFO - Created Permission View: can delete on DAG Run:dataset_consumes_1_and_2
[2025-02-23T04:46:14.890+0000] {logging_mixin.py:190} INFO - [2025-02-23T04:46:14.890+0000] {override.py:1911} INFO - Created Permission View: can delete on DAG:consume_1_or_both_2_and_3_with_dataset_expressions
[2025-02-23T04:46:14.896+0000] {logging_mixin.py:190} INFO - [2025-02-23T04:46:14.896+0000] {override.py:1911} INFO - Created Permission View: can read on DAG:consume_1_or_both_2_and_3_with_dataset_expressions
[2025-02-23T04:46:14.902+0000] {logging_mixin.py:190} INFO - [2025-02-23T04:46:14.902+0000] {override.py:1911} INFO - Created Permission View: can edit on DAG:consume_1_or_both_2_and_3_with_dataset_expressions
[2025-02-23T04:46:14.908+0000] {logging_mixin.py:190} INFO - [2025-02-23T04:46:14.908+0000] {override.py:1911} INFO - Created Permission View: can create on DAG Run:consume_1_or_both_2_and_3_with_dataset_expressions
[2025-02-23T04:46:14.914+0000] {logging_mixin.py:190} INFO - [2025-02-23T04:46:14.914+0000] {override.py:1911} INFO - Created Permission View: can read on DAG Run:consume_1_or_both_2_and_3_with_dataset_expressions
[2025-02-23T04:46:14.920+0000] {logging_mixin.py:190} INFO - [2025-02-23T04:46:14.920+0000] {override.py:1911} INFO - Created Permission View: menu access on DAG Run:consume_1_or_both_2_and_3_with_dataset_expressions
[2025-02-23T04:46:14.926+0000] {logging_mixin.py:190} INFO - [2025-02-23T04:46:14.926+0000] {override.py:1911} INFO - Created Permission View: can delete on DAG Run:consume_1_or_both_2_and_3_with_dataset_expressions
[2025-02-23T04:46:14.938+0000] {logging_mixin.py:190} INFO - [2025-02-23T04:46:14.937+0000] {override.py:1911} INFO - Created Permission View: can delete on DAG:consume_1_or_2_with_dataset_expressions
[2025-02-23T04:46:14.944+0000] {logging_mixin.py:190} INFO - [2025-02-23T04:46:14.944+0000] {override.py:1911} INFO - Created Permission View: can read on DAG:consume_1_or_2_with_dataset_expressions
[2025-02-23T04:46:14.950+0000] {logging_mixin.py:190} INFO - [2025-02-23T04:46:14.950+0000] {override.py:1911} INFO - Created Permission View: can edit on DAG:consume_1_or_2_with_dataset_expressions
[2025-02-23T04:46:14.956+0000] {logging_mixin.py:190} INFO - [2025-02-23T04:46:14.956+0000] {override.py:1911} INFO - Created Permission View: can create on DAG Run:consume_1_or_2_with_dataset_expressions
[2025-02-23T04:46:14.962+0000] {logging_mixin.py:190} INFO - [2025-02-23T04:46:14.961+0000] {override.py:1911} INFO - Created Permission View: can read on DAG Run:consume_1_or_2_with_dataset_expressions
[2025-02-23T04:46:14.968+0000] {logging_mixin.py:190} INFO - [2025-02-23T04:46:14.967+0000] {override.py:1911} INFO - Created Permission View: menu access on DAG Run:consume_1_or_2_with_dataset_expressions
[2025-02-23T04:46:14.973+0000] {logging_mixin.py:190} INFO - [2025-02-23T04:46:14.973+0000] {override.py:1911} INFO - Created Permission View: can delete on DAG Run:consume_1_or_2_with_dataset_expressions
[2025-02-23T04:46:14.973+0000] {logging_mixin.py:190} INFO - [2025-02-23T04:46:14.973+0000] {dag.py:3239} INFO - Sync 10 DAGs
[2025-02-23T04:46:14.989+0000] {logging_mixin.py:190} INFO - [2025-02-23T04:46:14.988+0000] {dag.py:3262} INFO - Creating ORM DAG for consume_1_and_2_with_dataset_expressions
[2025-02-23T04:46:14.989+0000] {logging_mixin.py:190} INFO - [2025-02-23T04:46:14.989+0000] {dag.py:3262} INFO - Creating ORM DAG for dataset_consumes_unknown_never_scheduled
[2025-02-23T04:46:14.990+0000] {logging_mixin.py:190} INFO - [2025-02-23T04:46:14.990+0000] {dag.py:3262} INFO - Creating ORM DAG for dataset_consumes_1
[2025-02-23T04:46:14.991+0000] {logging_mixin.py:190} INFO - [2025-02-23T04:46:14.990+0000] {dag.py:3262} INFO - Creating ORM DAG for dataset_consumes_1_and_2
[2025-02-23T04:46:14.991+0000] {logging_mixin.py:190} INFO - [2025-02-23T04:46:14.991+0000] {dag.py:3262} INFO - Creating ORM DAG for consume_1_or_2_with_dataset_expressions
[2025-02-23T04:46:14.992+0000] {logging_mixin.py:190} INFO - [2025-02-23T04:46:14.992+0000] {dag.py:3262} INFO - Creating ORM DAG for conditional_dataset_and_time_based_timetable
[2025-02-23T04:46:14.992+0000] {logging_mixin.py:190} INFO - [2025-02-23T04:46:14.992+0000] {dag.py:3262} INFO - Creating ORM DAG for dataset_produces_1
[2025-02-23T04:46:14.993+0000] {logging_mixin.py:190} INFO - [2025-02-23T04:46:14.993+0000] {dag.py:3262} INFO - Creating ORM DAG for dataset_consumes_1_never_scheduled
[2025-02-23T04:46:14.994+0000] {logging_mixin.py:190} INFO - [2025-02-23T04:46:14.993+0000] {dag.py:3262} INFO - Creating ORM DAG for dataset_produces_2
[2025-02-23T04:46:14.994+0000] {logging_mixin.py:190} INFO - [2025-02-23T04:46:14.994+0000] {dag.py:3262} INFO - Creating ORM DAG for consume_1_or_both_2_and_3_with_dataset_expressions
[2025-02-23T04:46:15.006+0000] {logging_mixin.py:190} INFO - [2025-02-23T04:46:15.005+0000] {dag.py:4180} INFO - Setting next_dagrun for conditional_dataset_and_time_based_timetable to 2025-02-19 01:00:00+00:00, run_after=2025-02-19 01:00:00+00:00
[2025-02-23T04:46:15.006+0000] {logging_mixin.py:190} INFO - [2025-02-23T04:46:15.006+0000] {dag.py:4180} INFO - Setting next_dagrun for consume_1_and_2_with_dataset_expressions to None, run_after=None
[2025-02-23T04:46:15.007+0000] {logging_mixin.py:190} INFO - [2025-02-23T04:46:15.007+0000] {dag.py:4180} INFO - Setting next_dagrun for consume_1_or_2_with_dataset_expressions to None, run_after=None
[2025-02-23T04:46:15.007+0000] {logging_mixin.py:190} INFO - [2025-02-23T04:46:15.007+0000] {dag.py:4180} INFO - Setting next_dagrun for consume_1_or_both_2_and_3_with_dataset_expressions to None, run_after=None
[2025-02-23T04:46:15.008+0000] {logging_mixin.py:190} INFO - [2025-02-23T04:46:15.008+0000] {dag.py:4180} INFO - Setting next_dagrun for dataset_consumes_1 to None, run_after=None
[2025-02-23T04:46:15.008+0000] {logging_mixin.py:190} INFO - [2025-02-23T04:46:15.008+0000] {dag.py:4180} INFO - Setting next_dagrun for dataset_consumes_1_and_2 to None, run_after=None
[2025-02-23T04:46:15.009+0000] {logging_mixin.py:190} INFO - [2025-02-23T04:46:15.009+0000] {dag.py:4180} INFO - Setting next_dagrun for dataset_consumes_1_never_scheduled to None, run_after=None
[2025-02-23T04:46:15.010+0000] {logging_mixin.py:190} INFO - [2025-02-23T04:46:15.010+0000] {dag.py:4180} INFO - Setting next_dagrun for dataset_consumes_unknown_never_scheduled to None, run_after=None
[2025-02-23T04:46:15.012+0000] {logging_mixin.py:190} INFO - [2025-02-23T04:46:15.012+0000] {dag.py:4180} INFO - Setting next_dagrun for dataset_produces_1 to 2025-02-22 00:00:00+00:00, run_after=2025-02-23 00:00:00+00:00
[2025-02-23T04:46:15.013+0000] {logging_mixin.py:190} INFO - [2025-02-23T04:46:15.012+0000] {dag.py:4180} INFO - Setting next_dagrun for dataset_produces_2 to None, run_after=None
[2025-02-23T04:46:15.057+0000] {processor.py:208} INFO - Processing /home/airflow/.local/lib/python3.12/site-packages/airflow/example_dags/example_datasets.py took 1.487 seconds
[2025-02-23T04:46:45.202+0000] {processor.py:186} INFO - Started process (PID=160) to work on /home/airflow/.local/lib/python3.12/site-packages/airflow/example_dags/example_datasets.py
[2025-02-23T04:46:45.203+0000] {processor.py:914} INFO - Processing file /home/airflow/.local/lib/python3.12/site-packages/airflow/example_dags/example_datasets.py for tasks to queue
[2025-02-23T04:46:45.205+0000] {logging_mixin.py:190} INFO - [2025-02-23T04:46:45.204+0000] {dagbag.py:588} INFO - Filling up the DagBag from /home/airflow/.local/lib/python3.12/site-packages/airflow/example_dags/example_datasets.py
[2025-02-23T04:46:45.784+0000] {processor.py:925} INFO - DAG(s) 'consume_1_or_2_with_dataset_expressions', 'consume_1_and_2_with_dataset_expressions', 'dataset_consumes_1', 'dataset_produces_2', 'conditional_dataset_and_time_based_timetable', 'consume_1_or_both_2_and_3_with_dataset_expressions', 'dataset_produces_1', 'dataset_consumes_1_never_scheduled', 'dataset_consumes_1_and_2', 'dataset_consumes_unknown_never_scheduled' retrieved from /home/airflow/.local/lib/python3.12/site-packages/airflow/example_dags/example_datasets.py
[2025-02-23T04:46:45.817+0000] {logging_mixin.py:190} INFO - [2025-02-23T04:46:45.817+0000] {dag.py:3239} INFO - Sync 10 DAGs
[2025-02-23T04:46:45.838+0000] {logging_mixin.py:190} INFO - [2025-02-23T04:46:45.837+0000] {dag.py:4180} INFO - Setting next_dagrun for conditional_dataset_and_time_based_timetable to 2025-02-19 01:00:00+00:00, run_after=2025-02-19 01:00:00+00:00
[2025-02-23T04:46:45.840+0000] {logging_mixin.py:190} INFO - [2025-02-23T04:46:45.840+0000] {dag.py:4180} INFO - Setting next_dagrun for consume_1_and_2_with_dataset_expressions to None, run_after=None
[2025-02-23T04:46:45.841+0000] {logging_mixin.py:190} INFO - [2025-02-23T04:46:45.841+0000] {dag.py:4180} INFO - Setting next_dagrun for consume_1_or_2_with_dataset_expressions to None, run_after=None
[2025-02-23T04:46:45.842+0000] {logging_mixin.py:190} INFO - [2025-02-23T04:46:45.842+0000] {dag.py:4180} INFO - Setting next_dagrun for consume_1_or_both_2_and_3_with_dataset_expressions to None, run_after=None
[2025-02-23T04:46:45.843+0000] {logging_mixin.py:190} INFO - [2025-02-23T04:46:45.843+0000] {dag.py:4180} INFO - Setting next_dagrun for dataset_consumes_1 to None, run_after=None
[2025-02-23T04:46:45.844+0000] {logging_mixin.py:190} INFO - [2025-02-23T04:46:45.844+0000] {dag.py:4180} INFO - Setting next_dagrun for dataset_consumes_1_and_2 to None, run_after=None
[2025-02-23T04:46:45.845+0000] {logging_mixin.py:190} INFO - [2025-02-23T04:46:45.845+0000] {dag.py:4180} INFO - Setting next_dagrun for dataset_consumes_1_never_scheduled to None, run_after=None
[2025-02-23T04:46:45.846+0000] {logging_mixin.py:190} INFO - [2025-02-23T04:46:45.845+0000] {dag.py:4180} INFO - Setting next_dagrun for dataset_consumes_unknown_never_scheduled to None, run_after=None
[2025-02-23T04:46:45.847+0000] {logging_mixin.py:190} INFO - [2025-02-23T04:46:45.847+0000] {dag.py:4180} INFO - Setting next_dagrun for dataset_produces_1 to 2025-02-22 00:00:00+00:00, run_after=2025-02-23 00:00:00+00:00
[2025-02-23T04:46:45.848+0000] {logging_mixin.py:190} INFO - [2025-02-23T04:46:45.848+0000] {dag.py:4180} INFO - Setting next_dagrun for dataset_produces_2 to None, run_after=None
[2025-02-23T04:46:45.873+0000] {processor.py:208} INFO - Processing /home/airflow/.local/lib/python3.12/site-packages/airflow/example_dags/example_datasets.py took 0.675 seconds
[2025-02-23T04:47:16.138+0000] {processor.py:186} INFO - Started process (PID=223) to work on /home/airflow/.local/lib/python3.12/site-packages/airflow/example_dags/example_datasets.py
[2025-02-23T04:47:16.139+0000] {processor.py:914} INFO - Processing file /home/airflow/.local/lib/python3.12/site-packages/airflow/example_dags/example_datasets.py for tasks to queue
[2025-02-23T04:47:16.140+0000] {logging_mixin.py:190} INFO - [2025-02-23T04:47:16.140+0000] {dagbag.py:588} INFO - Filling up the DagBag from /home/airflow/.local/lib/python3.12/site-packages/airflow/example_dags/example_datasets.py
[2025-02-23T04:47:16.674+0000] {processor.py:925} INFO - DAG(s) 'dataset_produces_1', 'dataset_consumes_1_and_2', 'consume_1_or_both_2_and_3_with_dataset_expressions', 'dataset_consumes_1_never_scheduled', 'consume_1_and_2_with_dataset_expressions', 'conditional_dataset_and_time_based_timetable', 'dataset_consumes_unknown_never_scheduled', 'dataset_consumes_1', 'dataset_produces_2', 'consume_1_or_2_with_dataset_expressions' retrieved from /home/airflow/.local/lib/python3.12/site-packages/airflow/example_dags/example_datasets.py
[2025-02-23T04:47:16.705+0000] {logging_mixin.py:190} INFO - [2025-02-23T04:47:16.705+0000] {dag.py:3239} INFO - Sync 10 DAGs
[2025-02-23T04:47:16.725+0000] {logging_mixin.py:190} INFO - [2025-02-23T04:47:16.725+0000] {dag.py:4180} INFO - Setting next_dagrun for conditional_dataset_and_time_based_timetable to 2025-02-19 01:00:00+00:00, run_after=2025-02-19 01:00:00+00:00
[2025-02-23T04:47:16.728+0000] {logging_mixin.py:190} INFO - [2025-02-23T04:47:16.728+0000] {dag.py:4180} INFO - Setting next_dagrun for consume_1_and_2_with_dataset_expressions to None, run_after=None
[2025-02-23T04:47:16.729+0000] {logging_mixin.py:190} INFO - [2025-02-23T04:47:16.729+0000] {dag.py:4180} INFO - Setting next_dagrun for consume_1_or_2_with_dataset_expressions to None, run_after=None
[2025-02-23T04:47:16.730+0000] {logging_mixin.py:190} INFO - [2025-02-23T04:47:16.730+0000] {dag.py:4180} INFO - Setting next_dagrun for consume_1_or_both_2_and_3_with_dataset_expressions to None, run_after=None
[2025-02-23T04:47:16.731+0000] {logging_mixin.py:190} INFO - [2025-02-23T04:47:16.731+0000] {dag.py:4180} INFO - Setting next_dagrun for dataset_consumes_1 to None, run_after=None
[2025-02-23T04:47:16.732+0000] {logging_mixin.py:190} INFO - [2025-02-23T04:47:16.731+0000] {dag.py:4180} INFO - Setting next_dagrun for dataset_consumes_1_and_2 to None, run_after=None
[2025-02-23T04:47:16.732+0000] {logging_mixin.py:190} INFO - [2025-02-23T04:47:16.732+0000] {dag.py:4180} INFO - Setting next_dagrun for dataset_consumes_1_never_scheduled to None, run_after=None
[2025-02-23T04:47:16.733+0000] {logging_mixin.py:190} INFO - [2025-02-23T04:47:16.733+0000] {dag.py:4180} INFO - Setting next_dagrun for dataset_consumes_unknown_never_scheduled to None, run_after=None
[2025-02-23T04:47:16.735+0000] {logging_mixin.py:190} INFO - [2025-02-23T04:47:16.735+0000] {dag.py:4180} INFO - Setting next_dagrun for dataset_produces_1 to 2025-02-22 00:00:00+00:00, run_after=2025-02-23 00:00:00+00:00
[2025-02-23T04:47:16.736+0000] {logging_mixin.py:190} INFO - [2025-02-23T04:47:16.736+0000] {dag.py:4180} INFO - Setting next_dagrun for dataset_produces_2 to None, run_after=None
[2025-02-23T04:47:16.759+0000] {processor.py:208} INFO - Processing /home/airflow/.local/lib/python3.12/site-packages/airflow/example_dags/example_datasets.py took 0.625 seconds
[2025-02-23T04:47:47.454+0000] {processor.py:186} INFO - Started process (PID=289) to work on /home/airflow/.local/lib/python3.12/site-packages/airflow/example_dags/example_datasets.py
[2025-02-23T04:47:47.454+0000] {processor.py:914} INFO - Processing file /home/airflow/.local/lib/python3.12/site-packages/airflow/example_dags/example_datasets.py for tasks to queue
[2025-02-23T04:47:47.456+0000] {logging_mixin.py:190} INFO - [2025-02-23T04:47:47.456+0000] {dagbag.py:588} INFO - Filling up the DagBag from /home/airflow/.local/lib/python3.12/site-packages/airflow/example_dags/example_datasets.py
[2025-02-23T04:47:48.002+0000] {processor.py:925} INFO - DAG(s) 'dataset_consumes_1_and_2', 'dataset_produces_1', 'dataset_produces_2', 'dataset_consumes_1', 'dataset_consumes_unknown_never_scheduled', 'conditional_dataset_and_time_based_timetable', 'dataset_consumes_1_never_scheduled', 'consume_1_or_both_2_and_3_with_dataset_expressions', 'consume_1_or_2_with_dataset_expressions', 'consume_1_and_2_with_dataset_expressions' retrieved from /home/airflow/.local/lib/python3.12/site-packages/airflow/example_dags/example_datasets.py
[2025-02-23T04:47:48.046+0000] {logging_mixin.py:190} INFO - [2025-02-23T04:47:48.046+0000] {dag.py:3239} INFO - Sync 10 DAGs
[2025-02-23T04:47:48.075+0000] {logging_mixin.py:190} INFO - [2025-02-23T04:47:48.074+0000] {dag.py:4180} INFO - Setting next_dagrun for conditional_dataset_and_time_based_timetable to 2025-02-19 01:00:00+00:00, run_after=2025-02-19 01:00:00+00:00
[2025-02-23T04:47:48.080+0000] {logging_mixin.py:190} INFO - [2025-02-23T04:47:48.079+0000] {dag.py:4180} INFO - Setting next_dagrun for consume_1_and_2_with_dataset_expressions to None, run_after=None
[2025-02-23T04:47:48.081+0000] {logging_mixin.py:190} INFO - [2025-02-23T04:47:48.081+0000] {dag.py:4180} INFO - Setting next_dagrun for consume_1_or_2_with_dataset_expressions to None, run_after=None
[2025-02-23T04:47:48.082+0000] {logging_mixin.py:190} INFO - [2025-02-23T04:47:48.082+0000] {dag.py:4180} INFO - Setting next_dagrun for consume_1_or_both_2_and_3_with_dataset_expressions to None, run_after=None
[2025-02-23T04:47:48.084+0000] {logging_mixin.py:190} INFO - [2025-02-23T04:47:48.083+0000] {dag.py:4180} INFO - Setting next_dagrun for dataset_consumes_1 to None, run_after=None
[2025-02-23T04:47:48.085+0000] {logging_mixin.py:190} INFO - [2025-02-23T04:47:48.085+0000] {dag.py:4180} INFO - Setting next_dagrun for dataset_consumes_1_and_2 to None, run_after=None
[2025-02-23T04:47:48.086+0000] {logging_mixin.py:190} INFO - [2025-02-23T04:47:48.086+0000] {dag.py:4180} INFO - Setting next_dagrun for dataset_consumes_1_never_scheduled to None, run_after=None
[2025-02-23T04:47:48.087+0000] {logging_mixin.py:190} INFO - [2025-02-23T04:47:48.087+0000] {dag.py:4180} INFO - Setting next_dagrun for dataset_consumes_unknown_never_scheduled to None, run_after=None
[2025-02-23T04:47:48.090+0000] {logging_mixin.py:190} INFO - [2025-02-23T04:47:48.090+0000] {dag.py:4180} INFO - Setting next_dagrun for dataset_produces_1 to 2025-02-22 00:00:00+00:00, run_after=2025-02-23 00:00:00+00:00
[2025-02-23T04:47:48.091+0000] {logging_mixin.py:190} INFO - [2025-02-23T04:47:48.091+0000] {dag.py:4180} INFO - Setting next_dagrun for dataset_produces_2 to None, run_after=None
[2025-02-23T04:47:48.120+0000] {processor.py:208} INFO - Processing /home/airflow/.local/lib/python3.12/site-packages/airflow/example_dags/example_datasets.py took 0.670 seconds
[2025-02-23T04:48:18.957+0000] {processor.py:186} INFO - Started process (PID=352) to work on /home/airflow/.local/lib/python3.12/site-packages/airflow/example_dags/example_datasets.py
[2025-02-23T04:48:18.958+0000] {processor.py:914} INFO - Processing file /home/airflow/.local/lib/python3.12/site-packages/airflow/example_dags/example_datasets.py for tasks to queue
[2025-02-23T04:48:18.960+0000] {logging_mixin.py:190} INFO - [2025-02-23T04:48:18.960+0000] {dagbag.py:588} INFO - Filling up the DagBag from /home/airflow/.local/lib/python3.12/site-packages/airflow/example_dags/example_datasets.py
[2025-02-23T04:48:19.547+0000] {processor.py:925} INFO - DAG(s) 'consume_1_or_both_2_and_3_with_dataset_expressions', 'dataset_consumes_1', 'conditional_dataset_and_time_based_timetable', 'dataset_produces_2', 'dataset_consumes_1_never_scheduled', 'dataset_consumes_unknown_never_scheduled', 'consume_1_or_2_with_dataset_expressions', 'dataset_produces_1', 'dataset_consumes_1_and_2', 'consume_1_and_2_with_dataset_expressions' retrieved from /home/airflow/.local/lib/python3.12/site-packages/airflow/example_dags/example_datasets.py
[2025-02-23T04:48:19.592+0000] {logging_mixin.py:190} INFO - [2025-02-23T04:48:19.592+0000] {dag.py:3239} INFO - Sync 10 DAGs
[2025-02-23T04:48:19.617+0000] {logging_mixin.py:190} INFO - [2025-02-23T04:48:19.617+0000] {dag.py:4180} INFO - Setting next_dagrun for conditional_dataset_and_time_based_timetable to 2025-02-19 01:00:00+00:00, run_after=2025-02-19 01:00:00+00:00
[2025-02-23T04:48:19.620+0000] {logging_mixin.py:190} INFO - [2025-02-23T04:48:19.620+0000] {dag.py:4180} INFO - Setting next_dagrun for consume_1_and_2_with_dataset_expressions to None, run_after=None
[2025-02-23T04:48:19.621+0000] {logging_mixin.py:190} INFO - [2025-02-23T04:48:19.621+0000] {dag.py:4180} INFO - Setting next_dagrun for consume_1_or_2_with_dataset_expressions to None, run_after=None
[2025-02-23T04:48:19.622+0000] {logging_mixin.py:190} INFO - [2025-02-23T04:48:19.622+0000] {dag.py:4180} INFO - Setting next_dagrun for consume_1_or_both_2_and_3_with_dataset_expressions to None, run_after=None
[2025-02-23T04:48:19.623+0000] {logging_mixin.py:190} INFO - [2025-02-23T04:48:19.622+0000] {dag.py:4180} INFO - Setting next_dagrun for dataset_consumes_1 to None, run_after=None
[2025-02-23T04:48:19.624+0000] {logging_mixin.py:190} INFO - [2025-02-23T04:48:19.623+0000] {dag.py:4180} INFO - Setting next_dagrun for dataset_consumes_1_and_2 to None, run_after=None
[2025-02-23T04:48:19.624+0000] {logging_mixin.py:190} INFO - [2025-02-23T04:48:19.624+0000] {dag.py:4180} INFO - Setting next_dagrun for dataset_consumes_1_never_scheduled to None, run_after=None
[2025-02-23T04:48:19.625+0000] {logging_mixin.py:190} INFO - [2025-02-23T04:48:19.625+0000] {dag.py:4180} INFO - Setting next_dagrun for dataset_consumes_unknown_never_scheduled to None, run_after=None
[2025-02-23T04:48:19.627+0000] {logging_mixin.py:190} INFO - [2025-02-23T04:48:19.627+0000] {dag.py:4180} INFO - Setting next_dagrun for dataset_produces_1 to 2025-02-22 00:00:00+00:00, run_after=2025-02-23 00:00:00+00:00
[2025-02-23T04:48:19.628+0000] {logging_mixin.py:190} INFO - [2025-02-23T04:48:19.628+0000] {dag.py:4180} INFO - Setting next_dagrun for dataset_produces_2 to None, run_after=None
[2025-02-23T04:48:19.653+0000] {processor.py:208} INFO - Processing /home/airflow/.local/lib/python3.12/site-packages/airflow/example_dags/example_datasets.py took 0.702 seconds
[2025-02-23T04:48:50.078+0000] {processor.py:186} INFO - Started process (PID=416) to work on /home/airflow/.local/lib/python3.12/site-packages/airflow/example_dags/example_datasets.py
[2025-02-23T04:48:50.078+0000] {processor.py:914} INFO - Processing file /home/airflow/.local/lib/python3.12/site-packages/airflow/example_dags/example_datasets.py for tasks to queue
[2025-02-23T04:48:50.080+0000] {logging_mixin.py:190} INFO - [2025-02-23T04:48:50.080+0000] {dagbag.py:588} INFO - Filling up the DagBag from /home/airflow/.local/lib/python3.12/site-packages/airflow/example_dags/example_datasets.py
[2025-02-23T04:48:50.689+0000] {processor.py:925} INFO - DAG(s) 'dataset_produces_2', 'consume_1_or_2_with_dataset_expressions', 'consume_1_and_2_with_dataset_expressions', 'dataset_consumes_1', 'dataset_produces_1', 'dataset_consumes_1_never_scheduled', 'conditional_dataset_and_time_based_timetable', 'dataset_consumes_unknown_never_scheduled', 'consume_1_or_both_2_and_3_with_dataset_expressions', 'dataset_consumes_1_and_2' retrieved from /home/airflow/.local/lib/python3.12/site-packages/airflow/example_dags/example_datasets.py
[2025-02-23T04:48:50.735+0000] {logging_mixin.py:190} INFO - [2025-02-23T04:48:50.734+0000] {dag.py:3239} INFO - Sync 10 DAGs
[2025-02-23T04:48:50.766+0000] {logging_mixin.py:190} INFO - [2025-02-23T04:48:50.765+0000] {dag.py:4180} INFO - Setting next_dagrun for conditional_dataset_and_time_based_timetable to 2025-02-19 01:00:00+00:00, run_after=2025-02-19 01:00:00+00:00
[2025-02-23T04:48:50.769+0000] {logging_mixin.py:190} INFO - [2025-02-23T04:48:50.769+0000] {dag.py:4180} INFO - Setting next_dagrun for consume_1_and_2_with_dataset_expressions to None, run_after=None
[2025-02-23T04:48:50.771+0000] {logging_mixin.py:190} INFO - [2025-02-23T04:48:50.770+0000] {dag.py:4180} INFO - Setting next_dagrun for consume_1_or_2_with_dataset_expressions to None, run_after=None
[2025-02-23T04:48:50.772+0000] {logging_mixin.py:190} INFO - [2025-02-23T04:48:50.772+0000] {dag.py:4180} INFO - Setting next_dagrun for consume_1_or_both_2_and_3_with_dataset_expressions to None, run_after=None
[2025-02-23T04:48:50.773+0000] {logging_mixin.py:190} INFO - [2025-02-23T04:48:50.773+0000] {dag.py:4180} INFO - Setting next_dagrun for dataset_consumes_1 to None, run_after=None
[2025-02-23T04:48:50.774+0000] {logging_mixin.py:190} INFO - [2025-02-23T04:48:50.774+0000] {dag.py:4180} INFO - Setting next_dagrun for dataset_consumes_1_and_2 to None, run_after=None
[2025-02-23T04:48:50.775+0000] {logging_mixin.py:190} INFO - [2025-02-23T04:48:50.775+0000] {dag.py:4180} INFO - Setting next_dagrun for dataset_consumes_1_never_scheduled to None, run_after=None
[2025-02-23T04:48:50.776+0000] {logging_mixin.py:190} INFO - [2025-02-23T04:48:50.776+0000] {dag.py:4180} INFO - Setting next_dagrun for dataset_consumes_unknown_never_scheduled to None, run_after=None
[2025-02-23T04:48:50.779+0000] {logging_mixin.py:190} INFO - [2025-02-23T04:48:50.779+0000] {dag.py:4180} INFO - Setting next_dagrun for dataset_produces_1 to 2025-02-22 00:00:00+00:00, run_after=2025-02-23 00:00:00+00:00
[2025-02-23T04:48:50.780+0000] {logging_mixin.py:190} INFO - [2025-02-23T04:48:50.780+0000] {dag.py:4180} INFO - Setting next_dagrun for dataset_produces_2 to None, run_after=None
[2025-02-23T04:48:50.813+0000] {processor.py:208} INFO - Processing /home/airflow/.local/lib/python3.12/site-packages/airflow/example_dags/example_datasets.py took 0.741 seconds
[2025-02-23T04:49:21.017+0000] {processor.py:186} INFO - Started process (PID=479) to work on /home/airflow/.local/lib/python3.12/site-packages/airflow/example_dags/example_datasets.py
[2025-02-23T04:49:21.018+0000] {processor.py:914} INFO - Processing file /home/airflow/.local/lib/python3.12/site-packages/airflow/example_dags/example_datasets.py for tasks to queue
[2025-02-23T04:49:21.019+0000] {logging_mixin.py:190} INFO - [2025-02-23T04:49:21.019+0000] {dagbag.py:588} INFO - Filling up the DagBag from /home/airflow/.local/lib/python3.12/site-packages/airflow/example_dags/example_datasets.py
[2025-02-23T04:49:21.584+0000] {processor.py:925} INFO - DAG(s) 'consume_1_or_both_2_and_3_with_dataset_expressions', 'dataset_produces_2', 'conditional_dataset_and_time_based_timetable', 'dataset_consumes_1', 'consume_1_or_2_with_dataset_expressions', 'dataset_consumes_1_never_scheduled', 'consume_1_and_2_with_dataset_expressions', 'dataset_consumes_1_and_2', 'dataset_produces_1', 'dataset_consumes_unknown_never_scheduled' retrieved from /home/airflow/.local/lib/python3.12/site-packages/airflow/example_dags/example_datasets.py
[2025-02-23T04:49:21.617+0000] {logging_mixin.py:190} INFO - [2025-02-23T04:49:21.616+0000] {dag.py:3239} INFO - Sync 10 DAGs
[2025-02-23T04:49:21.636+0000] {logging_mixin.py:190} INFO - [2025-02-23T04:49:21.636+0000] {dag.py:4180} INFO - Setting next_dagrun for conditional_dataset_and_time_based_timetable to 2025-02-19 01:00:00+00:00, run_after=2025-02-19 01:00:00+00:00
[2025-02-23T04:49:21.640+0000] {logging_mixin.py:190} INFO - [2025-02-23T04:49:21.640+0000] {dag.py:4180} INFO - Setting next_dagrun for consume_1_and_2_with_dataset_expressions to None, run_after=None
[2025-02-23T04:49:21.641+0000] {logging_mixin.py:190} INFO - [2025-02-23T04:49:21.641+0000] {dag.py:4180} INFO - Setting next_dagrun for consume_1_or_2_with_dataset_expressions to None, run_after=None
[2025-02-23T04:49:21.642+0000] {logging_mixin.py:190} INFO - [2025-02-23T04:49:21.642+0000] {dag.py:4180} INFO - Setting next_dagrun for consume_1_or_both_2_and_3_with_dataset_expressions to None, run_after=None
[2025-02-23T04:49:21.643+0000] {logging_mixin.py:190} INFO - [2025-02-23T04:49:21.643+0000] {dag.py:4180} INFO - Setting next_dagrun for dataset_consumes_1 to None, run_after=None
[2025-02-23T04:49:21.644+0000] {logging_mixin.py:190} INFO - [2025-02-23T04:49:21.644+0000] {dag.py:4180} INFO - Setting next_dagrun for dataset_consumes_1_and_2 to None, run_after=None
[2025-02-23T04:49:21.645+0000] {logging_mixin.py:190} INFO - [2025-02-23T04:49:21.645+0000] {dag.py:4180} INFO - Setting next_dagrun for dataset_consumes_1_never_scheduled to None, run_after=None
[2025-02-23T04:49:21.646+0000] {logging_mixin.py:190} INFO - [2025-02-23T04:49:21.645+0000] {dag.py:4180} INFO - Setting next_dagrun for dataset_consumes_unknown_never_scheduled to None, run_after=None
[2025-02-23T04:49:21.648+0000] {logging_mixin.py:190} INFO - [2025-02-23T04:49:21.647+0000] {dag.py:4180} INFO - Setting next_dagrun for dataset_produces_1 to 2025-02-22 00:00:00+00:00, run_after=2025-02-23 00:00:00+00:00
[2025-02-23T04:49:21.648+0000] {logging_mixin.py:190} INFO - [2025-02-23T04:49:21.648+0000] {dag.py:4180} INFO - Setting next_dagrun for dataset_produces_2 to None, run_after=None
[2025-02-23T04:49:21.675+0000] {processor.py:208} INFO - Processing /home/airflow/.local/lib/python3.12/site-packages/airflow/example_dags/example_datasets.py took 0.663 seconds
