[2025-02-23T04:46:13.781+0000] {processor.py:186} INFO - Started process (PID=93) to work on /home/airflow/.local/lib/python3.12/site-packages/airflow/example_dags/example_dag_decorator.py
[2025-02-23T04:46:13.782+0000] {processor.py:914} INFO - Processing file /home/airflow/.local/lib/python3.12/site-packages/airflow/example_dags/example_dag_decorator.py for tasks to queue
[2025-02-23T04:46:13.784+0000] {logging_mixin.py:190} INFO - [2025-02-23T04:46:13.784+0000] {dagbag.py:588} INFO - Filling up the DagBag from /home/airflow/.local/lib/python3.12/site-packages/airflow/example_dags/example_dag_decorator.py
[2025-02-23T04:46:13.797+0000] {processor.py:925} INFO - DAG(s) 'example_dag_decorator' retrieved from /home/airflow/.local/lib/python3.12/site-packages/airflow/example_dags/example_dag_decorator.py
[2025-02-23T04:46:13.920+0000] {logging_mixin.py:190} INFO - [2025-02-23T04:46:13.919+0000] {override.py:1911} INFO - Created Permission View: can delete on DAG:example_dag_decorator
[2025-02-23T04:46:13.929+0000] {logging_mixin.py:190} INFO - [2025-02-23T04:46:13.929+0000] {override.py:1911} INFO - Created Permission View: can read on DAG:example_dag_decorator
[2025-02-23T04:46:13.936+0000] {logging_mixin.py:190} INFO - [2025-02-23T04:46:13.936+0000] {override.py:1911} INFO - Created Permission View: can edit on DAG:example_dag_decorator
[2025-02-23T04:46:13.941+0000] {logging_mixin.py:190} INFO - [2025-02-23T04:46:13.941+0000] {override.py:1911} INFO - Created Permission View: can create on DAG Run:example_dag_decorator
[2025-02-23T04:46:13.947+0000] {logging_mixin.py:190} INFO - [2025-02-23T04:46:13.947+0000] {override.py:1911} INFO - Created Permission View: can read on DAG Run:example_dag_decorator
[2025-02-23T04:46:13.952+0000] {logging_mixin.py:190} INFO - [2025-02-23T04:46:13.952+0000] {override.py:1911} INFO - Created Permission View: menu access on DAG Run:example_dag_decorator
[2025-02-23T04:46:13.957+0000] {logging_mixin.py:190} INFO - [2025-02-23T04:46:13.957+0000] {override.py:1911} INFO - Created Permission View: can delete on DAG Run:example_dag_decorator
[2025-02-23T04:46:13.958+0000] {logging_mixin.py:190} INFO - [2025-02-23T04:46:13.958+0000] {dag.py:3239} INFO - Sync 1 DAGs
[2025-02-23T04:46:13.973+0000] {logging_mixin.py:190} INFO - [2025-02-23T04:46:13.973+0000] {dag.py:3262} INFO - Creating ORM DAG for example_dag_decorator
[2025-02-23T04:46:13.974+0000] {logging_mixin.py:190} INFO - [2025-02-23T04:46:13.974+0000] {dag.py:4180} INFO - Setting next_dagrun for example_dag_decorator to None, run_after=None
[2025-02-23T04:46:13.986+0000] {processor.py:208} INFO - Processing /home/airflow/.local/lib/python3.12/site-packages/airflow/example_dags/example_dag_decorator.py took 0.211 seconds
[2025-02-23T04:46:44.926+0000] {processor.py:186} INFO - Started process (PID=155) to work on /home/airflow/.local/lib/python3.12/site-packages/airflow/example_dags/example_dag_decorator.py
[2025-02-23T04:46:44.927+0000] {processor.py:914} INFO - Processing file /home/airflow/.local/lib/python3.12/site-packages/airflow/example_dags/example_dag_decorator.py for tasks to queue
[2025-02-23T04:46:44.928+0000] {logging_mixin.py:190} INFO - [2025-02-23T04:46:44.928+0000] {dagbag.py:588} INFO - Filling up the DagBag from /home/airflow/.local/lib/python3.12/site-packages/airflow/example_dags/example_dag_decorator.py
[2025-02-23T04:46:44.938+0000] {processor.py:925} INFO - DAG(s) 'example_dag_decorator' retrieved from /home/airflow/.local/lib/python3.12/site-packages/airflow/example_dags/example_dag_decorator.py
[2025-02-23T04:46:44.960+0000] {logging_mixin.py:190} INFO - [2025-02-23T04:46:44.959+0000] {dag.py:3239} INFO - Sync 1 DAGs
[2025-02-23T04:46:44.975+0000] {logging_mixin.py:190} INFO - [2025-02-23T04:46:44.975+0000] {dag.py:4180} INFO - Setting next_dagrun for example_dag_decorator to None, run_after=None
[2025-02-23T04:46:44.994+0000] {processor.py:208} INFO - Processing /home/airflow/.local/lib/python3.12/site-packages/airflow/example_dags/example_dag_decorator.py took 0.072 seconds
[2025-02-23T04:47:15.817+0000] {processor.py:186} INFO - Started process (PID=218) to work on /home/airflow/.local/lib/python3.12/site-packages/airflow/example_dags/example_dag_decorator.py
[2025-02-23T04:47:15.818+0000] {processor.py:914} INFO - Processing file /home/airflow/.local/lib/python3.12/site-packages/airflow/example_dags/example_dag_decorator.py for tasks to queue
[2025-02-23T04:47:15.820+0000] {logging_mixin.py:190} INFO - [2025-02-23T04:47:15.819+0000] {dagbag.py:588} INFO - Filling up the DagBag from /home/airflow/.local/lib/python3.12/site-packages/airflow/example_dags/example_dag_decorator.py
[2025-02-23T04:47:15.829+0000] {processor.py:925} INFO - DAG(s) 'example_dag_decorator' retrieved from /home/airflow/.local/lib/python3.12/site-packages/airflow/example_dags/example_dag_decorator.py
[2025-02-23T04:47:15.926+0000] {logging_mixin.py:190} INFO - [2025-02-23T04:47:15.926+0000] {dag.py:3239} INFO - Sync 1 DAGs
[2025-02-23T04:47:15.937+0000] {logging_mixin.py:190} INFO - [2025-02-23T04:47:15.936+0000] {dag.py:4180} INFO - Setting next_dagrun for example_dag_decorator to None, run_after=None
[2025-02-23T04:47:15.952+0000] {processor.py:208} INFO - Processing /home/airflow/.local/lib/python3.12/site-packages/airflow/example_dags/example_dag_decorator.py took 0.139 seconds
[2025-02-23T04:47:46.072+0000] {processor.py:186} INFO - Started process (PID=282) to work on /home/airflow/.local/lib/python3.12/site-packages/airflow/example_dags/example_dag_decorator.py
[2025-02-23T04:47:46.073+0000] {processor.py:914} INFO - Processing file /home/airflow/.local/lib/python3.12/site-packages/airflow/example_dags/example_dag_decorator.py for tasks to queue
[2025-02-23T04:47:46.075+0000] {logging_mixin.py:190} INFO - [2025-02-23T04:47:46.075+0000] {dagbag.py:588} INFO - Filling up the DagBag from /home/airflow/.local/lib/python3.12/site-packages/airflow/example_dags/example_dag_decorator.py
[2025-02-23T04:47:46.086+0000] {processor.py:925} INFO - DAG(s) 'example_dag_decorator' retrieved from /home/airflow/.local/lib/python3.12/site-packages/airflow/example_dags/example_dag_decorator.py
[2025-02-23T04:47:46.199+0000] {logging_mixin.py:190} INFO - [2025-02-23T04:47:46.198+0000] {dag.py:3239} INFO - Sync 1 DAGs
[2025-02-23T04:47:46.213+0000] {logging_mixin.py:190} INFO - [2025-02-23T04:47:46.213+0000] {dag.py:4180} INFO - Setting next_dagrun for example_dag_decorator to None, run_after=None
[2025-02-23T04:47:46.231+0000] {processor.py:208} INFO - Processing /home/airflow/.local/lib/python3.12/site-packages/airflow/example_dags/example_dag_decorator.py took 0.165 seconds
[2025-02-23T04:48:16.394+0000] {processor.py:186} INFO - Started process (PID=346) to work on /home/airflow/.local/lib/python3.12/site-packages/airflow/example_dags/example_dag_decorator.py
[2025-02-23T04:48:16.395+0000] {processor.py:914} INFO - Processing file /home/airflow/.local/lib/python3.12/site-packages/airflow/example_dags/example_dag_decorator.py for tasks to queue
[2025-02-23T04:48:16.397+0000] {logging_mixin.py:190} INFO - [2025-02-23T04:48:16.396+0000] {dagbag.py:588} INFO - Filling up the DagBag from /home/airflow/.local/lib/python3.12/site-packages/airflow/example_dags/example_dag_decorator.py
[2025-02-23T04:48:16.408+0000] {processor.py:925} INFO - DAG(s) 'example_dag_decorator' retrieved from /home/airflow/.local/lib/python3.12/site-packages/airflow/example_dags/example_dag_decorator.py
[2025-02-23T04:48:16.434+0000] {logging_mixin.py:190} INFO - [2025-02-23T04:48:16.434+0000] {dag.py:3239} INFO - Sync 1 DAGs
[2025-02-23T04:48:16.450+0000] {logging_mixin.py:190} INFO - [2025-02-23T04:48:16.450+0000] {dag.py:4180} INFO - Setting next_dagrun for example_dag_decorator to None, run_after=None
[2025-02-23T04:48:16.467+0000] {processor.py:208} INFO - Processing /home/airflow/.local/lib/python3.12/site-packages/airflow/example_dags/example_dag_decorator.py took 0.079 seconds
[2025-02-23T04:48:46.647+0000] {processor.py:186} INFO - Started process (PID=408) to work on /home/airflow/.local/lib/python3.12/site-packages/airflow/example_dags/example_dag_decorator.py
[2025-02-23T04:48:46.648+0000] {processor.py:914} INFO - Processing file /home/airflow/.local/lib/python3.12/site-packages/airflow/example_dags/example_dag_decorator.py for tasks to queue
[2025-02-23T04:48:46.650+0000] {logging_mixin.py:190} INFO - [2025-02-23T04:48:46.650+0000] {dagbag.py:588} INFO - Filling up the DagBag from /home/airflow/.local/lib/python3.12/site-packages/airflow/example_dags/example_dag_decorator.py
[2025-02-23T04:48:46.663+0000] {processor.py:925} INFO - DAG(s) 'example_dag_decorator' retrieved from /home/airflow/.local/lib/python3.12/site-packages/airflow/example_dags/example_dag_decorator.py
[2025-02-23T04:48:46.680+0000] {logging_mixin.py:190} INFO - [2025-02-23T04:48:46.680+0000] {dag.py:3239} INFO - Sync 1 DAGs
[2025-02-23T04:48:46.692+0000] {logging_mixin.py:190} INFO - [2025-02-23T04:48:46.692+0000] {dag.py:4180} INFO - Setting next_dagrun for example_dag_decorator to None, run_after=None
[2025-02-23T04:48:46.705+0000] {processor.py:208} INFO - Processing /home/airflow/.local/lib/python3.12/site-packages/airflow/example_dags/example_dag_decorator.py took 0.063 seconds
[2025-02-23T04:49:17.133+0000] {processor.py:186} INFO - Started process (PID=471) to work on /home/airflow/.local/lib/python3.12/site-packages/airflow/example_dags/example_dag_decorator.py
[2025-02-23T04:49:17.134+0000] {processor.py:914} INFO - Processing file /home/airflow/.local/lib/python3.12/site-packages/airflow/example_dags/example_dag_decorator.py for tasks to queue
[2025-02-23T04:49:17.136+0000] {logging_mixin.py:190} INFO - [2025-02-23T04:49:17.135+0000] {dagbag.py:588} INFO - Filling up the DagBag from /home/airflow/.local/lib/python3.12/site-packages/airflow/example_dags/example_dag_decorator.py
[2025-02-23T04:49:17.147+0000] {processor.py:925} INFO - DAG(s) 'example_dag_decorator' retrieved from /home/airflow/.local/lib/python3.12/site-packages/airflow/example_dags/example_dag_decorator.py
[2025-02-23T04:49:17.171+0000] {logging_mixin.py:190} INFO - [2025-02-23T04:49:17.171+0000] {dag.py:3239} INFO - Sync 1 DAGs
[2025-02-23T04:49:17.187+0000] {logging_mixin.py:190} INFO - [2025-02-23T04:49:17.186+0000] {dag.py:4180} INFO - Setting next_dagrun for example_dag_decorator to None, run_after=None
[2025-02-23T04:49:17.203+0000] {processor.py:208} INFO - Processing /home/airflow/.local/lib/python3.12/site-packages/airflow/example_dags/example_dag_decorator.py took 0.075 seconds
