[2025-02-23T04:46:12.338+0000] {processor.py:186} INFO - Started process (PID=83) to work on /home/airflow/.local/lib/python3.12/site-packages/airflow/example_dags/example_branch_labels.py
[2025-02-23T04:46:12.339+0000] {processor.py:914} INFO - Processing file /home/airflow/.local/lib/python3.12/site-packages/airflow/example_dags/example_branch_labels.py for tasks to queue
[2025-02-23T04:46:12.342+0000] {logging_mixin.py:190} INFO - [2025-02-23T04:46:12.341+0000] {dagbag.py:588} INFO - Filling up the DagBag from /home/airflow/.local/lib/python3.12/site-packages/airflow/example_dags/example_branch_labels.py
[2025-02-23T04:46:12.352+0000] {processor.py:925} INFO - DAG(s) 'example_branch_labels' retrieved from /home/airflow/.local/lib/python3.12/site-packages/airflow/example_dags/example_branch_labels.py
[2025-02-23T04:46:12.471+0000] {logging_mixin.py:190} INFO - [2025-02-23T04:46:12.471+0000] {override.py:1911} INFO - Created Permission View: can delete on DAG:example_branch_labels
[2025-02-23T04:46:12.480+0000] {logging_mixin.py:190} INFO - [2025-02-23T04:46:12.480+0000] {override.py:1911} INFO - Created Permission View: can read on DAG:example_branch_labels
[2025-02-23T04:46:12.486+0000] {logging_mixin.py:190} INFO - [2025-02-23T04:46:12.486+0000] {override.py:1911} INFO - Created Permission View: can edit on DAG:example_branch_labels
[2025-02-23T04:46:12.491+0000] {logging_mixin.py:190} INFO - [2025-02-23T04:46:12.491+0000] {override.py:1911} INFO - Created Permission View: can create on DAG Run:example_branch_labels
[2025-02-23T04:46:12.496+0000] {logging_mixin.py:190} INFO - [2025-02-23T04:46:12.496+0000] {override.py:1911} INFO - Created Permission View: can read on DAG Run:example_branch_labels
[2025-02-23T04:46:12.502+0000] {logging_mixin.py:190} INFO - [2025-02-23T04:46:12.502+0000] {override.py:1911} INFO - Created Permission View: menu access on DAG Run:example_branch_labels
[2025-02-23T04:46:12.508+0000] {logging_mixin.py:190} INFO - [2025-02-23T04:46:12.507+0000] {override.py:1911} INFO - Created Permission View: can delete on DAG Run:example_branch_labels
[2025-02-23T04:46:12.508+0000] {logging_mixin.py:190} INFO - [2025-02-23T04:46:12.508+0000] {dag.py:3239} INFO - Sync 1 DAGs
[2025-02-23T04:46:12.522+0000] {logging_mixin.py:190} INFO - [2025-02-23T04:46:12.522+0000] {dag.py:3262} INFO - Creating ORM DAG for example_branch_labels
[2025-02-23T04:46:12.534+0000] {logging_mixin.py:190} INFO - [2025-02-23T04:46:12.534+0000] {dag.py:4180} INFO - Setting next_dagrun for example_branch_labels to 2025-02-22 00:00:00+00:00, run_after=2025-02-23 00:00:00+00:00
[2025-02-23T04:46:12.547+0000] {processor.py:208} INFO - Processing /home/airflow/.local/lib/python3.12/site-packages/airflow/example_dags/example_branch_labels.py took 0.215 seconds
[2025-02-23T04:46:43.220+0000] {processor.py:186} INFO - Started process (PID=146) to work on /home/airflow/.local/lib/python3.12/site-packages/airflow/example_dags/example_branch_labels.py
[2025-02-23T04:46:43.220+0000] {processor.py:914} INFO - Processing file /home/airflow/.local/lib/python3.12/site-packages/airflow/example_dags/example_branch_labels.py for tasks to queue
[2025-02-23T04:46:43.222+0000] {logging_mixin.py:190} INFO - [2025-02-23T04:46:43.222+0000] {dagbag.py:588} INFO - Filling up the DagBag from /home/airflow/.local/lib/python3.12/site-packages/airflow/example_dags/example_branch_labels.py
[2025-02-23T04:46:43.230+0000] {processor.py:925} INFO - DAG(s) 'example_branch_labels' retrieved from /home/airflow/.local/lib/python3.12/site-packages/airflow/example_dags/example_branch_labels.py
[2025-02-23T04:46:43.245+0000] {logging_mixin.py:190} INFO - [2025-02-23T04:46:43.245+0000] {dag.py:3239} INFO - Sync 1 DAGs
[2025-02-23T04:46:43.263+0000] {logging_mixin.py:190} INFO - [2025-02-23T04:46:43.263+0000] {dag.py:4180} INFO - Setting next_dagrun for example_branch_labels to 2025-02-22 00:00:00+00:00, run_after=2025-02-23 00:00:00+00:00
[2025-02-23T04:46:43.275+0000] {processor.py:208} INFO - Processing /home/airflow/.local/lib/python3.12/site-packages/airflow/example_dags/example_branch_labels.py took 0.060 seconds
[2025-02-23T04:47:13.704+0000] {processor.py:186} INFO - Started process (PID=208) to work on /home/airflow/.local/lib/python3.12/site-packages/airflow/example_dags/example_branch_labels.py
[2025-02-23T04:47:13.705+0000] {processor.py:914} INFO - Processing file /home/airflow/.local/lib/python3.12/site-packages/airflow/example_dags/example_branch_labels.py for tasks to queue
[2025-02-23T04:47:13.707+0000] {logging_mixin.py:190} INFO - [2025-02-23T04:47:13.707+0000] {dagbag.py:588} INFO - Filling up the DagBag from /home/airflow/.local/lib/python3.12/site-packages/airflow/example_dags/example_branch_labels.py
[2025-02-23T04:47:13.717+0000] {processor.py:925} INFO - DAG(s) 'example_branch_labels' retrieved from /home/airflow/.local/lib/python3.12/site-packages/airflow/example_dags/example_branch_labels.py
[2025-02-23T04:47:13.738+0000] {logging_mixin.py:190} INFO - [2025-02-23T04:47:13.737+0000] {dag.py:3239} INFO - Sync 1 DAGs
[2025-02-23T04:47:13.767+0000] {logging_mixin.py:190} INFO - [2025-02-23T04:47:13.767+0000] {dag.py:4180} INFO - Setting next_dagrun for example_branch_labels to 2025-02-22 00:00:00+00:00, run_after=2025-02-23 00:00:00+00:00
[2025-02-23T04:47:13.787+0000] {processor.py:208} INFO - Processing /home/airflow/.local/lib/python3.12/site-packages/airflow/example_dags/example_branch_labels.py took 0.087 seconds
[2025-02-23T04:47:44.154+0000] {processor.py:186} INFO - Started process (PID=272) to work on /home/airflow/.local/lib/python3.12/site-packages/airflow/example_dags/example_branch_labels.py
[2025-02-23T04:47:44.155+0000] {processor.py:914} INFO - Processing file /home/airflow/.local/lib/python3.12/site-packages/airflow/example_dags/example_branch_labels.py for tasks to queue
[2025-02-23T04:47:44.157+0000] {logging_mixin.py:190} INFO - [2025-02-23T04:47:44.156+0000] {dagbag.py:588} INFO - Filling up the DagBag from /home/airflow/.local/lib/python3.12/site-packages/airflow/example_dags/example_branch_labels.py
[2025-02-23T04:47:44.168+0000] {processor.py:925} INFO - DAG(s) 'example_branch_labels' retrieved from /home/airflow/.local/lib/python3.12/site-packages/airflow/example_dags/example_branch_labels.py
[2025-02-23T04:47:44.193+0000] {logging_mixin.py:190} INFO - [2025-02-23T04:47:44.193+0000] {dag.py:3239} INFO - Sync 1 DAGs
[2025-02-23T04:47:44.223+0000] {logging_mixin.py:190} INFO - [2025-02-23T04:47:44.222+0000] {dag.py:4180} INFO - Setting next_dagrun for example_branch_labels to 2025-02-22 00:00:00+00:00, run_after=2025-02-23 00:00:00+00:00
[2025-02-23T04:47:44.239+0000] {processor.py:208} INFO - Processing /home/airflow/.local/lib/python3.12/site-packages/airflow/example_dags/example_branch_labels.py took 0.092 seconds
[2025-02-23T04:48:14.760+0000] {processor.py:186} INFO - Started process (PID=335) to work on /home/airflow/.local/lib/python3.12/site-packages/airflow/example_dags/example_branch_labels.py
[2025-02-23T04:48:14.760+0000] {processor.py:914} INFO - Processing file /home/airflow/.local/lib/python3.12/site-packages/airflow/example_dags/example_branch_labels.py for tasks to queue
[2025-02-23T04:48:14.762+0000] {logging_mixin.py:190} INFO - [2025-02-23T04:48:14.762+0000] {dagbag.py:588} INFO - Filling up the DagBag from /home/airflow/.local/lib/python3.12/site-packages/airflow/example_dags/example_branch_labels.py
[2025-02-23T04:48:14.773+0000] {processor.py:925} INFO - DAG(s) 'example_branch_labels' retrieved from /home/airflow/.local/lib/python3.12/site-packages/airflow/example_dags/example_branch_labels.py
[2025-02-23T04:48:14.795+0000] {logging_mixin.py:190} INFO - [2025-02-23T04:48:14.795+0000] {dag.py:3239} INFO - Sync 1 DAGs
[2025-02-23T04:48:14.818+0000] {logging_mixin.py:190} INFO - [2025-02-23T04:48:14.818+0000] {dag.py:4180} INFO - Setting next_dagrun for example_branch_labels to 2025-02-22 00:00:00+00:00, run_after=2025-02-23 00:00:00+00:00
[2025-02-23T04:48:14.836+0000] {processor.py:208} INFO - Processing /home/airflow/.local/lib/python3.12/site-packages/airflow/example_dags/example_branch_labels.py took 0.081 seconds
[2025-02-23T04:48:45.122+0000] {processor.py:186} INFO - Started process (PID=399) to work on /home/airflow/.local/lib/python3.12/site-packages/airflow/example_dags/example_branch_labels.py
[2025-02-23T04:48:45.123+0000] {processor.py:914} INFO - Processing file /home/airflow/.local/lib/python3.12/site-packages/airflow/example_dags/example_branch_labels.py for tasks to queue
[2025-02-23T04:48:45.125+0000] {logging_mixin.py:190} INFO - [2025-02-23T04:48:45.124+0000] {dagbag.py:588} INFO - Filling up the DagBag from /home/airflow/.local/lib/python3.12/site-packages/airflow/example_dags/example_branch_labels.py
[2025-02-23T04:48:45.135+0000] {processor.py:925} INFO - DAG(s) 'example_branch_labels' retrieved from /home/airflow/.local/lib/python3.12/site-packages/airflow/example_dags/example_branch_labels.py
[2025-02-23T04:48:45.157+0000] {logging_mixin.py:190} INFO - [2025-02-23T04:48:45.157+0000] {dag.py:3239} INFO - Sync 1 DAGs
[2025-02-23T04:48:45.181+0000] {logging_mixin.py:190} INFO - [2025-02-23T04:48:45.181+0000] {dag.py:4180} INFO - Setting next_dagrun for example_branch_labels to 2025-02-22 00:00:00+00:00, run_after=2025-02-23 00:00:00+00:00
[2025-02-23T04:48:45.198+0000] {processor.py:208} INFO - Processing /home/airflow/.local/lib/python3.12/site-packages/airflow/example_dags/example_branch_labels.py took 0.082 seconds
[2025-02-23T04:49:15.654+0000] {processor.py:186} INFO - Started process (PID=462) to work on /home/airflow/.local/lib/python3.12/site-packages/airflow/example_dags/example_branch_labels.py
[2025-02-23T04:49:15.655+0000] {processor.py:914} INFO - Processing file /home/airflow/.local/lib/python3.12/site-packages/airflow/example_dags/example_branch_labels.py for tasks to queue
[2025-02-23T04:49:15.656+0000] {logging_mixin.py:190} INFO - [2025-02-23T04:49:15.656+0000] {dagbag.py:588} INFO - Filling up the DagBag from /home/airflow/.local/lib/python3.12/site-packages/airflow/example_dags/example_branch_labels.py
[2025-02-23T04:49:15.663+0000] {processor.py:925} INFO - DAG(s) 'example_branch_labels' retrieved from /home/airflow/.local/lib/python3.12/site-packages/airflow/example_dags/example_branch_labels.py
[2025-02-23T04:49:15.678+0000] {logging_mixin.py:190} INFO - [2025-02-23T04:49:15.678+0000] {dag.py:3239} INFO - Sync 1 DAGs
[2025-02-23T04:49:15.700+0000] {logging_mixin.py:190} INFO - [2025-02-23T04:49:15.699+0000] {dag.py:4180} INFO - Setting next_dagrun for example_branch_labels to 2025-02-22 00:00:00+00:00, run_after=2025-02-23 00:00:00+00:00
[2025-02-23T04:49:15.713+0000] {processor.py:208} INFO - Processing /home/airflow/.local/lib/python3.12/site-packages/airflow/example_dags/example_branch_labels.py took 0.063 seconds
[2025-02-23T04:49:45.961+0000] {processor.py:186} INFO - Started process (PID=525) to work on /home/airflow/.local/lib/python3.12/site-packages/airflow/example_dags/example_branch_labels.py
[2025-02-23T04:49:45.961+0000] {processor.py:914} INFO - Processing file /home/airflow/.local/lib/python3.12/site-packages/airflow/example_dags/example_branch_labels.py for tasks to queue
[2025-02-23T04:49:45.963+0000] {logging_mixin.py:190} INFO - [2025-02-23T04:49:45.963+0000] {dagbag.py:588} INFO - Filling up the DagBag from /home/airflow/.local/lib/python3.12/site-packages/airflow/example_dags/example_branch_labels.py
[2025-02-23T04:49:45.971+0000] {processor.py:925} INFO - DAG(s) 'example_branch_labels' retrieved from /home/airflow/.local/lib/python3.12/site-packages/airflow/example_dags/example_branch_labels.py
[2025-02-23T04:49:45.986+0000] {logging_mixin.py:190} INFO - [2025-02-23T04:49:45.986+0000] {dag.py:3239} INFO - Sync 1 DAGs
[2025-02-23T04:49:46.010+0000] {logging_mixin.py:190} INFO - [2025-02-23T04:49:46.010+0000] {dag.py:4180} INFO - Setting next_dagrun for example_branch_labels to 2025-02-22 00:00:00+00:00, run_after=2025-02-23 00:00:00+00:00
[2025-02-23T04:49:46.022+0000] {processor.py:208} INFO - Processing /home/airflow/.local/lib/python3.12/site-packages/airflow/example_dags/example_branch_labels.py took 0.065 seconds
