[2025-02-23T04:46:14.211+0000] {processor.py:186} INFO - Started process (PID=95) to work on /home/airflow/.local/lib/python3.12/site-packages/airflow/example_dags/example_python_decorator.py
[2025-02-23T04:46:14.211+0000] {processor.py:914} INFO - Processing file /home/airflow/.local/lib/python3.12/site-packages/airflow/example_dags/example_python_decorator.py for tasks to queue
[2025-02-23T04:46:14.213+0000] {logging_mixin.py:190} INFO - [2025-02-23T04:46:14.213+0000] {dagbag.py:588} INFO - Filling up the DagBag from /home/airflow/.local/lib/python3.12/site-packages/airflow/example_dags/example_python_decorator.py
[2025-02-23T04:46:14.226+0000] {processor.py:925} INFO - DAG(s) 'example_python_decorator' retrieved from /home/airflow/.local/lib/python3.12/site-packages/airflow/example_dags/example_python_decorator.py
[2025-02-23T04:46:14.309+0000] {logging_mixin.py:190} INFO - [2025-02-23T04:46:14.309+0000] {override.py:1911} INFO - Created Permission View: can delete on DAG:example_python_decorator
[2025-02-23T04:46:14.316+0000] {logging_mixin.py:190} INFO - [2025-02-23T04:46:14.315+0000] {override.py:1911} INFO - Created Permission View: can read on DAG:example_python_decorator
[2025-02-23T04:46:14.320+0000] {logging_mixin.py:190} INFO - [2025-02-23T04:46:14.320+0000] {override.py:1911} INFO - Created Permission View: can edit on DAG:example_python_decorator
[2025-02-23T04:46:14.325+0000] {logging_mixin.py:190} INFO - [2025-02-23T04:46:14.324+0000] {override.py:1911} INFO - Created Permission View: can create on DAG Run:example_python_decorator
[2025-02-23T04:46:14.329+0000] {logging_mixin.py:190} INFO - [2025-02-23T04:46:14.329+0000] {override.py:1911} INFO - Created Permission View: can read on DAG Run:example_python_decorator
[2025-02-23T04:46:14.333+0000] {logging_mixin.py:190} INFO - [2025-02-23T04:46:14.333+0000] {override.py:1911} INFO - Created Permission View: menu access on DAG Run:example_python_decorator
[2025-02-23T04:46:14.337+0000] {logging_mixin.py:190} INFO - [2025-02-23T04:46:14.337+0000] {override.py:1911} INFO - Created Permission View: can delete on DAG Run:example_python_decorator
[2025-02-23T04:46:14.337+0000] {logging_mixin.py:190} INFO - [2025-02-23T04:46:14.337+0000] {dag.py:3239} INFO - Sync 1 DAGs
[2025-02-23T04:46:14.347+0000] {logging_mixin.py:190} INFO - [2025-02-23T04:46:14.347+0000] {dag.py:3262} INFO - Creating ORM DAG for example_python_decorator
[2025-02-23T04:46:14.348+0000] {logging_mixin.py:190} INFO - [2025-02-23T04:46:14.348+0000] {dag.py:4180} INFO - Setting next_dagrun for example_python_decorator to None, run_after=None
[2025-02-23T04:46:14.358+0000] {processor.py:208} INFO - Processing /home/airflow/.local/lib/python3.12/site-packages/airflow/example_dags/example_python_decorator.py took 0.154 seconds
[2025-02-23T04:46:45.020+0000] {processor.py:186} INFO - Started process (PID=157) to work on /home/airflow/.local/lib/python3.12/site-packages/airflow/example_dags/example_python_decorator.py
[2025-02-23T04:46:45.021+0000] {processor.py:914} INFO - Processing file /home/airflow/.local/lib/python3.12/site-packages/airflow/example_dags/example_python_decorator.py for tasks to queue
[2025-02-23T04:46:45.023+0000] {logging_mixin.py:190} INFO - [2025-02-23T04:46:45.022+0000] {dagbag.py:588} INFO - Filling up the DagBag from /home/airflow/.local/lib/python3.12/site-packages/airflow/example_dags/example_python_decorator.py
[2025-02-23T04:46:45.034+0000] {processor.py:925} INFO - DAG(s) 'example_python_decorator' retrieved from /home/airflow/.local/lib/python3.12/site-packages/airflow/example_dags/example_python_decorator.py
[2025-02-23T04:46:45.055+0000] {logging_mixin.py:190} INFO - [2025-02-23T04:46:45.054+0000] {dag.py:3239} INFO - Sync 1 DAGs
[2025-02-23T04:46:45.069+0000] {logging_mixin.py:190} INFO - [2025-02-23T04:46:45.069+0000] {dag.py:4180} INFO - Setting next_dagrun for example_python_decorator to None, run_after=None
[2025-02-23T04:46:45.082+0000] {processor.py:208} INFO - Processing /home/airflow/.local/lib/python3.12/site-packages/airflow/example_dags/example_python_decorator.py took 0.066 seconds
[2025-02-23T04:47:15.895+0000] {processor.py:186} INFO - Started process (PID=220) to work on /home/airflow/.local/lib/python3.12/site-packages/airflow/example_dags/example_python_decorator.py
[2025-02-23T04:47:15.895+0000] {processor.py:914} INFO - Processing file /home/airflow/.local/lib/python3.12/site-packages/airflow/example_dags/example_python_decorator.py for tasks to queue
[2025-02-23T04:47:15.897+0000] {logging_mixin.py:190} INFO - [2025-02-23T04:47:15.897+0000] {dagbag.py:588} INFO - Filling up the DagBag from /home/airflow/.local/lib/python3.12/site-packages/airflow/example_dags/example_python_decorator.py
[2025-02-23T04:47:15.908+0000] {processor.py:925} INFO - DAG(s) 'example_python_decorator' retrieved from /home/airflow/.local/lib/python3.12/site-packages/airflow/example_dags/example_python_decorator.py
[2025-02-23T04:47:15.925+0000] {logging_mixin.py:190} INFO - [2025-02-23T04:47:15.925+0000] {dag.py:3239} INFO - Sync 1 DAGs
[2025-02-23T04:47:15.937+0000] {logging_mixin.py:190} INFO - [2025-02-23T04:47:15.937+0000] {dag.py:4180} INFO - Setting next_dagrun for example_python_decorator to None, run_after=None
[2025-02-23T04:47:15.952+0000] {processor.py:208} INFO - Processing /home/airflow/.local/lib/python3.12/site-packages/airflow/example_dags/example_python_decorator.py took 0.061 seconds
[2025-02-23T04:47:46.169+0000] {processor.py:186} INFO - Started process (PID=284) to work on /home/airflow/.local/lib/python3.12/site-packages/airflow/example_dags/example_python_decorator.py
[2025-02-23T04:47:46.170+0000] {processor.py:914} INFO - Processing file /home/airflow/.local/lib/python3.12/site-packages/airflow/example_dags/example_python_decorator.py for tasks to queue
[2025-02-23T04:47:46.171+0000] {logging_mixin.py:190} INFO - [2025-02-23T04:47:46.171+0000] {dagbag.py:588} INFO - Filling up the DagBag from /home/airflow/.local/lib/python3.12/site-packages/airflow/example_dags/example_python_decorator.py
[2025-02-23T04:47:46.183+0000] {processor.py:925} INFO - DAG(s) 'example_python_decorator' retrieved from /home/airflow/.local/lib/python3.12/site-packages/airflow/example_dags/example_python_decorator.py
[2025-02-23T04:47:46.204+0000] {logging_mixin.py:190} INFO - [2025-02-23T04:47:46.204+0000] {dag.py:3239} INFO - Sync 1 DAGs
[2025-02-23T04:47:46.220+0000] {logging_mixin.py:190} INFO - [2025-02-23T04:47:46.219+0000] {dag.py:4180} INFO - Setting next_dagrun for example_python_decorator to None, run_after=None
[2025-02-23T04:47:46.237+0000] {processor.py:208} INFO - Processing /home/airflow/.local/lib/python3.12/site-packages/airflow/example_dags/example_python_decorator.py took 0.072 seconds
[2025-02-23T04:48:16.503+0000] {processor.py:186} INFO - Started process (PID=347) to work on /home/airflow/.local/lib/python3.12/site-packages/airflow/example_dags/example_python_decorator.py
[2025-02-23T04:48:16.504+0000] {processor.py:914} INFO - Processing file /home/airflow/.local/lib/python3.12/site-packages/airflow/example_dags/example_python_decorator.py for tasks to queue
[2025-02-23T04:48:16.506+0000] {logging_mixin.py:190} INFO - [2025-02-23T04:48:16.506+0000] {dagbag.py:588} INFO - Filling up the DagBag from /home/airflow/.local/lib/python3.12/site-packages/airflow/example_dags/example_python_decorator.py
[2025-02-23T04:48:16.522+0000] {processor.py:925} INFO - DAG(s) 'example_python_decorator' retrieved from /home/airflow/.local/lib/python3.12/site-packages/airflow/example_dags/example_python_decorator.py
[2025-02-23T04:48:16.545+0000] {logging_mixin.py:190} INFO - [2025-02-23T04:48:16.544+0000] {dag.py:3239} INFO - Sync 1 DAGs
[2025-02-23T04:48:16.560+0000] {logging_mixin.py:190} INFO - [2025-02-23T04:48:16.560+0000] {dag.py:4180} INFO - Setting next_dagrun for example_python_decorator to None, run_after=None
[2025-02-23T04:48:16.575+0000] {processor.py:208} INFO - Processing /home/airflow/.local/lib/python3.12/site-packages/airflow/example_dags/example_python_decorator.py took 0.079 seconds
[2025-02-23T04:48:46.736+0000] {processor.py:186} INFO - Started process (PID=410) to work on /home/airflow/.local/lib/python3.12/site-packages/airflow/example_dags/example_python_decorator.py
[2025-02-23T04:48:46.737+0000] {processor.py:914} INFO - Processing file /home/airflow/.local/lib/python3.12/site-packages/airflow/example_dags/example_python_decorator.py for tasks to queue
[2025-02-23T04:48:46.738+0000] {logging_mixin.py:190} INFO - [2025-02-23T04:48:46.738+0000] {dagbag.py:588} INFO - Filling up the DagBag from /home/airflow/.local/lib/python3.12/site-packages/airflow/example_dags/example_python_decorator.py
[2025-02-23T04:48:46.750+0000] {processor.py:925} INFO - DAG(s) 'example_python_decorator' retrieved from /home/airflow/.local/lib/python3.12/site-packages/airflow/example_dags/example_python_decorator.py
[2025-02-23T04:48:46.771+0000] {logging_mixin.py:190} INFO - [2025-02-23T04:48:46.771+0000] {dag.py:3239} INFO - Sync 1 DAGs
[2025-02-23T04:48:46.783+0000] {logging_mixin.py:190} INFO - [2025-02-23T04:48:46.783+0000] {dag.py:4180} INFO - Setting next_dagrun for example_python_decorator to None, run_after=None
[2025-02-23T04:48:46.797+0000] {processor.py:208} INFO - Processing /home/airflow/.local/lib/python3.12/site-packages/airflow/example_dags/example_python_decorator.py took 0.065 seconds
[2025-02-23T04:49:17.241+0000] {processor.py:186} INFO - Started process (PID=473) to work on /home/airflow/.local/lib/python3.12/site-packages/airflow/example_dags/example_python_decorator.py
[2025-02-23T04:49:17.242+0000] {processor.py:914} INFO - Processing file /home/airflow/.local/lib/python3.12/site-packages/airflow/example_dags/example_python_decorator.py for tasks to queue
[2025-02-23T04:49:17.244+0000] {logging_mixin.py:190} INFO - [2025-02-23T04:49:17.243+0000] {dagbag.py:588} INFO - Filling up the DagBag from /home/airflow/.local/lib/python3.12/site-packages/airflow/example_dags/example_python_decorator.py
[2025-02-23T04:49:17.258+0000] {processor.py:925} INFO - DAG(s) 'example_python_decorator' retrieved from /home/airflow/.local/lib/python3.12/site-packages/airflow/example_dags/example_python_decorator.py
[2025-02-23T04:49:17.281+0000] {logging_mixin.py:190} INFO - [2025-02-23T04:49:17.281+0000] {dag.py:3239} INFO - Sync 1 DAGs
[2025-02-23T04:49:17.298+0000] {logging_mixin.py:190} INFO - [2025-02-23T04:49:17.297+0000] {dag.py:4180} INFO - Setting next_dagrun for example_python_decorator to None, run_after=None
[2025-02-23T04:49:17.314+0000] {processor.py:208} INFO - Processing /home/airflow/.local/lib/python3.12/site-packages/airflow/example_dags/example_python_decorator.py took 0.080 seconds
[2025-02-23T04:49:47.491+0000] {processor.py:186} INFO - Started process (PID=536) to work on /home/airflow/.local/lib/python3.12/site-packages/airflow/example_dags/example_python_decorator.py
[2025-02-23T04:49:47.492+0000] {processor.py:914} INFO - Processing file /home/airflow/.local/lib/python3.12/site-packages/airflow/example_dags/example_python_decorator.py for tasks to queue
[2025-02-23T04:49:47.493+0000] {logging_mixin.py:190} INFO - [2025-02-23T04:49:47.493+0000] {dagbag.py:588} INFO - Filling up the DagBag from /home/airflow/.local/lib/python3.12/site-packages/airflow/example_dags/example_python_decorator.py
[2025-02-23T04:49:47.505+0000] {processor.py:925} INFO - DAG(s) 'example_python_decorator' retrieved from /home/airflow/.local/lib/python3.12/site-packages/airflow/example_dags/example_python_decorator.py
[2025-02-23T04:49:47.526+0000] {logging_mixin.py:190} INFO - [2025-02-23T04:49:47.525+0000] {dag.py:3239} INFO - Sync 1 DAGs
[2025-02-23T04:49:47.538+0000] {logging_mixin.py:190} INFO - [2025-02-23T04:49:47.538+0000] {dag.py:4180} INFO - Setting next_dagrun for example_python_decorator to None, run_after=None
[2025-02-23T04:49:47.551+0000] {processor.py:208} INFO - Processing /home/airflow/.local/lib/python3.12/site-packages/airflow/example_dags/example_python_decorator.py took 0.064 seconds
