[2025-02-23T04:46:14.384+0000] {processor.py:186} INFO - Started process (PID=96) to work on /home/airflow/.local/lib/python3.12/site-packages/airflow/example_dags/example_latest_only.py
[2025-02-23T04:46:14.384+0000] {processor.py:914} INFO - Processing file /home/airflow/.local/lib/python3.12/site-packages/airflow/example_dags/example_latest_only.py for tasks to queue
[2025-02-23T04:46:14.386+0000] {logging_mixin.py:190} INFO - [2025-02-23T04:46:14.386+0000] {dagbag.py:588} INFO - Filling up the DagBag from /home/airflow/.local/lib/python3.12/site-packages/airflow/example_dags/example_latest_only.py
[2025-02-23T04:46:14.394+0000] {processor.py:925} INFO - DAG(s) 'latest_only' retrieved from /home/airflow/.local/lib/python3.12/site-packages/airflow/example_dags/example_latest_only.py
[2025-02-23T04:46:14.507+0000] {logging_mixin.py:190} INFO - [2025-02-23T04:46:14.506+0000] {override.py:1911} INFO - Created Permission View: can delete on DAG:latest_only
[2025-02-23T04:46:14.515+0000] {logging_mixin.py:190} INFO - [2025-02-23T04:46:14.515+0000] {override.py:1911} INFO - Created Permission View: can read on DAG:latest_only
[2025-02-23T04:46:14.520+0000] {logging_mixin.py:190} INFO - [2025-02-23T04:46:14.520+0000] {override.py:1911} INFO - Created Permission View: can edit on DAG:latest_only
[2025-02-23T04:46:14.525+0000] {logging_mixin.py:190} INFO - [2025-02-23T04:46:14.525+0000] {override.py:1911} INFO - Created Permission View: can create on DAG Run:latest_only
[2025-02-23T04:46:14.530+0000] {logging_mixin.py:190} INFO - [2025-02-23T04:46:14.530+0000] {override.py:1911} INFO - Created Permission View: can read on DAG Run:latest_only
[2025-02-23T04:46:14.535+0000] {logging_mixin.py:190} INFO - [2025-02-23T04:46:14.535+0000] {override.py:1911} INFO - Created Permission View: menu access on DAG Run:latest_only
[2025-02-23T04:46:14.540+0000] {logging_mixin.py:190} INFO - [2025-02-23T04:46:14.540+0000] {override.py:1911} INFO - Created Permission View: can delete on DAG Run:latest_only
[2025-02-23T04:46:14.541+0000] {logging_mixin.py:190} INFO - [2025-02-23T04:46:14.541+0000] {dag.py:3239} INFO - Sync 1 DAGs
[2025-02-23T04:46:14.553+0000] {logging_mixin.py:190} INFO - [2025-02-23T04:46:14.552+0000] {dag.py:3262} INFO - Creating ORM DAG for latest_only
[2025-02-23T04:46:14.560+0000] {logging_mixin.py:190} INFO - [2025-02-23T04:46:14.560+0000] {dag.py:4180} INFO - Setting next_dagrun for latest_only to 2025-02-23 00:00:00+00:00, run_after=2025-02-23 04:00:00+00:00
[2025-02-23T04:46:14.572+0000] {processor.py:208} INFO - Processing /home/airflow/.local/lib/python3.12/site-packages/airflow/example_dags/example_latest_only.py took 0.194 seconds
[2025-02-23T04:46:45.106+0000] {processor.py:186} INFO - Started process (PID=158) to work on /home/airflow/.local/lib/python3.12/site-packages/airflow/example_dags/example_latest_only.py
[2025-02-23T04:46:45.107+0000] {processor.py:914} INFO - Processing file /home/airflow/.local/lib/python3.12/site-packages/airflow/example_dags/example_latest_only.py for tasks to queue
[2025-02-23T04:46:45.109+0000] {logging_mixin.py:190} INFO - [2025-02-23T04:46:45.109+0000] {dagbag.py:588} INFO - Filling up the DagBag from /home/airflow/.local/lib/python3.12/site-packages/airflow/example_dags/example_latest_only.py
[2025-02-23T04:46:45.116+0000] {processor.py:925} INFO - DAG(s) 'latest_only' retrieved from /home/airflow/.local/lib/python3.12/site-packages/airflow/example_dags/example_latest_only.py
[2025-02-23T04:46:45.133+0000] {logging_mixin.py:190} INFO - [2025-02-23T04:46:45.133+0000] {dag.py:3239} INFO - Sync 1 DAGs
[2025-02-23T04:46:45.158+0000] {logging_mixin.py:190} INFO - [2025-02-23T04:46:45.157+0000] {dag.py:4180} INFO - Setting next_dagrun for latest_only to 2025-02-23 00:00:00+00:00, run_after=2025-02-23 04:00:00+00:00
[2025-02-23T04:46:45.174+0000] {processor.py:208} INFO - Processing /home/airflow/.local/lib/python3.12/site-packages/airflow/example_dags/example_latest_only.py took 0.073 seconds
[2025-02-23T04:47:15.979+0000] {processor.py:186} INFO - Started process (PID=221) to work on /home/airflow/.local/lib/python3.12/site-packages/airflow/example_dags/example_latest_only.py
[2025-02-23T04:47:15.979+0000] {processor.py:914} INFO - Processing file /home/airflow/.local/lib/python3.12/site-packages/airflow/example_dags/example_latest_only.py for tasks to queue
[2025-02-23T04:47:15.981+0000] {logging_mixin.py:190} INFO - [2025-02-23T04:47:15.981+0000] {dagbag.py:588} INFO - Filling up the DagBag from /home/airflow/.local/lib/python3.12/site-packages/airflow/example_dags/example_latest_only.py
[2025-02-23T04:47:15.988+0000] {processor.py:925} INFO - DAG(s) 'latest_only' retrieved from /home/airflow/.local/lib/python3.12/site-packages/airflow/example_dags/example_latest_only.py
[2025-02-23T04:47:16.005+0000] {logging_mixin.py:190} INFO - [2025-02-23T04:47:16.005+0000] {dag.py:3239} INFO - Sync 1 DAGs
[2025-02-23T04:47:16.032+0000] {logging_mixin.py:190} INFO - [2025-02-23T04:47:16.031+0000] {dag.py:4180} INFO - Setting next_dagrun for latest_only to 2025-02-23 00:00:00+00:00, run_after=2025-02-23 04:00:00+00:00
[2025-02-23T04:47:16.045+0000] {processor.py:208} INFO - Processing /home/airflow/.local/lib/python3.12/site-packages/airflow/example_dags/example_latest_only.py took 0.073 seconds
[2025-02-23T04:47:46.260+0000] {processor.py:186} INFO - Started process (PID=285) to work on /home/airflow/.local/lib/python3.12/site-packages/airflow/example_dags/example_latest_only.py
[2025-02-23T04:47:46.261+0000] {processor.py:914} INFO - Processing file /home/airflow/.local/lib/python3.12/site-packages/airflow/example_dags/example_latest_only.py for tasks to queue
[2025-02-23T04:47:46.262+0000] {logging_mixin.py:190} INFO - [2025-02-23T04:47:46.262+0000] {dagbag.py:588} INFO - Filling up the DagBag from /home/airflow/.local/lib/python3.12/site-packages/airflow/example_dags/example_latest_only.py
[2025-02-23T04:47:46.269+0000] {processor.py:925} INFO - DAG(s) 'latest_only' retrieved from /home/airflow/.local/lib/python3.12/site-packages/airflow/example_dags/example_latest_only.py
[2025-02-23T04:47:46.285+0000] {logging_mixin.py:190} INFO - [2025-02-23T04:47:46.284+0000] {dag.py:3239} INFO - Sync 1 DAGs
[2025-02-23T04:47:46.302+0000] {logging_mixin.py:190} INFO - [2025-02-23T04:47:46.301+0000] {dag.py:4180} INFO - Setting next_dagrun for latest_only to 2025-02-23 00:00:00+00:00, run_after=2025-02-23 04:00:00+00:00
[2025-02-23T04:47:46.314+0000] {processor.py:208} INFO - Processing /home/airflow/.local/lib/python3.12/site-packages/airflow/example_dags/example_latest_only.py took 0.058 seconds
[2025-02-23T04:48:16.605+0000] {processor.py:186} INFO - Started process (PID=348) to work on /home/airflow/.local/lib/python3.12/site-packages/airflow/example_dags/example_latest_only.py
[2025-02-23T04:48:16.606+0000] {processor.py:914} INFO - Processing file /home/airflow/.local/lib/python3.12/site-packages/airflow/example_dags/example_latest_only.py for tasks to queue
[2025-02-23T04:48:16.608+0000] {logging_mixin.py:190} INFO - [2025-02-23T04:48:16.608+0000] {dagbag.py:588} INFO - Filling up the DagBag from /home/airflow/.local/lib/python3.12/site-packages/airflow/example_dags/example_latest_only.py
[2025-02-23T04:48:16.616+0000] {processor.py:925} INFO - DAG(s) 'latest_only' retrieved from /home/airflow/.local/lib/python3.12/site-packages/airflow/example_dags/example_latest_only.py
[2025-02-23T04:48:16.636+0000] {logging_mixin.py:190} INFO - [2025-02-23T04:48:16.635+0000] {dag.py:3239} INFO - Sync 1 DAGs
[2025-02-23T04:48:16.661+0000] {logging_mixin.py:190} INFO - [2025-02-23T04:48:16.661+0000] {dag.py:4180} INFO - Setting next_dagrun for latest_only to 2025-02-23 00:00:00+00:00, run_after=2025-02-23 04:00:00+00:00
[2025-02-23T04:48:16.678+0000] {processor.py:208} INFO - Processing /home/airflow/.local/lib/python3.12/site-packages/airflow/example_dags/example_latest_only.py took 0.079 seconds
[2025-02-23T04:48:46.808+0000] {processor.py:186} INFO - Started process (PID=411) to work on /home/airflow/.local/lib/python3.12/site-packages/airflow/example_dags/example_latest_only.py
[2025-02-23T04:48:46.808+0000] {processor.py:914} INFO - Processing file /home/airflow/.local/lib/python3.12/site-packages/airflow/example_dags/example_latest_only.py for tasks to queue
[2025-02-23T04:48:46.810+0000] {logging_mixin.py:190} INFO - [2025-02-23T04:48:46.810+0000] {dagbag.py:588} INFO - Filling up the DagBag from /home/airflow/.local/lib/python3.12/site-packages/airflow/example_dags/example_latest_only.py
[2025-02-23T04:48:46.817+0000] {processor.py:925} INFO - DAG(s) 'latest_only' retrieved from /home/airflow/.local/lib/python3.12/site-packages/airflow/example_dags/example_latest_only.py
[2025-02-23T04:48:46.832+0000] {logging_mixin.py:190} INFO - [2025-02-23T04:48:46.832+0000] {dag.py:3239} INFO - Sync 1 DAGs
[2025-02-23T04:48:46.851+0000] {logging_mixin.py:190} INFO - [2025-02-23T04:48:46.851+0000] {dag.py:4180} INFO - Setting next_dagrun for latest_only to 2025-02-23 00:00:00+00:00, run_after=2025-02-23 04:00:00+00:00
[2025-02-23T04:48:46.864+0000] {processor.py:208} INFO - Processing /home/airflow/.local/lib/python3.12/site-packages/airflow/example_dags/example_latest_only.py took 0.062 seconds
[2025-02-23T04:49:17.266+0000] {processor.py:186} INFO - Started process (PID=474) to work on /home/airflow/.local/lib/python3.12/site-packages/airflow/example_dags/example_latest_only.py
[2025-02-23T04:49:17.267+0000] {processor.py:914} INFO - Processing file /home/airflow/.local/lib/python3.12/site-packages/airflow/example_dags/example_latest_only.py for tasks to queue
[2025-02-23T04:49:17.269+0000] {logging_mixin.py:190} INFO - [2025-02-23T04:49:17.269+0000] {dagbag.py:588} INFO - Filling up the DagBag from /home/airflow/.local/lib/python3.12/site-packages/airflow/example_dags/example_latest_only.py
[2025-02-23T04:49:17.274+0000] {processor.py:925} INFO - DAG(s) 'latest_only' retrieved from /home/airflow/.local/lib/python3.12/site-packages/airflow/example_dags/example_latest_only.py
[2025-02-23T04:49:17.289+0000] {logging_mixin.py:190} INFO - [2025-02-23T04:49:17.289+0000] {dag.py:3239} INFO - Sync 1 DAGs
[2025-02-23T04:49:17.310+0000] {logging_mixin.py:190} INFO - [2025-02-23T04:49:17.310+0000] {dag.py:4180} INFO - Setting next_dagrun for latest_only to 2025-02-23 00:00:00+00:00, run_after=2025-02-23 04:00:00+00:00
[2025-02-23T04:49:17.326+0000] {processor.py:208} INFO - Processing /home/airflow/.local/lib/python3.12/site-packages/airflow/example_dags/example_latest_only.py took 0.071 seconds
