[2025-02-23T04:46:12.810+0000] {processor.py:186} INFO - Started process (PID=86) to work on /home/airflow/.local/lib/python3.12/site-packages/airflow/example_dags/example_xcomargs.py
[2025-02-23T04:46:12.811+0000] {processor.py:914} INFO - Processing file /home/airflow/.local/lib/python3.12/site-packages/airflow/example_dags/example_xcomargs.py for tasks to queue
[2025-02-23T04:46:12.813+0000] {logging_mixin.py:190} INFO - [2025-02-23T04:46:12.813+0000] {dagbag.py:588} INFO - Filling up the DagBag from /home/airflow/.local/lib/python3.12/site-packages/airflow/example_dags/example_xcomargs.py
[2025-02-23T04:46:12.826+0000] {processor.py:925} INFO - DAG(s) 'example_xcom_args', 'example_xcom_args_with_operators' retrieved from /home/airflow/.local/lib/python3.12/site-packages/airflow/example_dags/example_xcomargs.py
[2025-02-23T04:46:12.946+0000] {logging_mixin.py:190} INFO - [2025-02-23T04:46:12.946+0000] {override.py:1911} INFO - Created Permission View: can delete on DAG:example_xcom_args
[2025-02-23T04:46:12.955+0000] {logging_mixin.py:190} INFO - [2025-02-23T04:46:12.955+0000] {override.py:1911} INFO - Created Permission View: can read on DAG:example_xcom_args
[2025-02-23T04:46:12.961+0000] {logging_mixin.py:190} INFO - [2025-02-23T04:46:12.960+0000] {override.py:1911} INFO - Created Permission View: can edit on DAG:example_xcom_args
[2025-02-23T04:46:12.966+0000] {logging_mixin.py:190} INFO - [2025-02-23T04:46:12.966+0000] {override.py:1911} INFO - Created Permission View: can create on DAG Run:example_xcom_args
[2025-02-23T04:46:12.971+0000] {logging_mixin.py:190} INFO - [2025-02-23T04:46:12.971+0000] {override.py:1911} INFO - Created Permission View: can read on DAG Run:example_xcom_args
[2025-02-23T04:46:12.976+0000] {logging_mixin.py:190} INFO - [2025-02-23T04:46:12.976+0000] {override.py:1911} INFO - Created Permission View: menu access on DAG Run:example_xcom_args
[2025-02-23T04:46:12.982+0000] {logging_mixin.py:190} INFO - [2025-02-23T04:46:12.981+0000] {override.py:1911} INFO - Created Permission View: can delete on DAG Run:example_xcom_args
[2025-02-23T04:46:12.994+0000] {logging_mixin.py:190} INFO - [2025-02-23T04:46:12.994+0000] {override.py:1911} INFO - Created Permission View: can delete on DAG:example_xcom_args_with_operators
[2025-02-23T04:46:12.999+0000] {logging_mixin.py:190} INFO - [2025-02-23T04:46:12.999+0000] {override.py:1911} INFO - Created Permission View: can read on DAG:example_xcom_args_with_operators
[2025-02-23T04:46:13.004+0000] {logging_mixin.py:190} INFO - [2025-02-23T04:46:13.004+0000] {override.py:1911} INFO - Created Permission View: can edit on DAG:example_xcom_args_with_operators
[2025-02-23T04:46:13.009+0000] {logging_mixin.py:190} INFO - [2025-02-23T04:46:13.009+0000] {override.py:1911} INFO - Created Permission View: can create on DAG Run:example_xcom_args_with_operators
[2025-02-23T04:46:13.014+0000] {logging_mixin.py:190} INFO - [2025-02-23T04:46:13.014+0000] {override.py:1911} INFO - Created Permission View: can read on DAG Run:example_xcom_args_with_operators
[2025-02-23T04:46:13.019+0000] {logging_mixin.py:190} INFO - [2025-02-23T04:46:13.019+0000] {override.py:1911} INFO - Created Permission View: menu access on DAG Run:example_xcom_args_with_operators
[2025-02-23T04:46:13.025+0000] {logging_mixin.py:190} INFO - [2025-02-23T04:46:13.025+0000] {override.py:1911} INFO - Created Permission View: can delete on DAG Run:example_xcom_args_with_operators
[2025-02-23T04:46:13.025+0000] {logging_mixin.py:190} INFO - [2025-02-23T04:46:13.025+0000] {dag.py:3239} INFO - Sync 2 DAGs
[2025-02-23T04:46:13.039+0000] {logging_mixin.py:190} INFO - [2025-02-23T04:46:13.039+0000] {dag.py:3262} INFO - Creating ORM DAG for example_xcom_args_with_operators
[2025-02-23T04:46:13.040+0000] {logging_mixin.py:190} INFO - [2025-02-23T04:46:13.039+0000] {dag.py:3262} INFO - Creating ORM DAG for example_xcom_args
[2025-02-23T04:46:13.040+0000] {logging_mixin.py:190} INFO - [2025-02-23T04:46:13.040+0000] {dag.py:4180} INFO - Setting next_dagrun for example_xcom_args to None, run_after=None
[2025-02-23T04:46:13.041+0000] {logging_mixin.py:190} INFO - [2025-02-23T04:46:13.041+0000] {dag.py:4180} INFO - Setting next_dagrun for example_xcom_args_with_operators to None, run_after=None
[2025-02-23T04:46:13.056+0000] {processor.py:208} INFO - Processing /home/airflow/.local/lib/python3.12/site-packages/airflow/example_dags/example_xcomargs.py took 0.252 seconds
[2025-02-23T04:46:43.515+0000] {processor.py:186} INFO - Started process (PID=149) to work on /home/airflow/.local/lib/python3.12/site-packages/airflow/example_dags/example_xcomargs.py
[2025-02-23T04:46:43.515+0000] {processor.py:914} INFO - Processing file /home/airflow/.local/lib/python3.12/site-packages/airflow/example_dags/example_xcomargs.py for tasks to queue
[2025-02-23T04:46:43.517+0000] {logging_mixin.py:190} INFO - [2025-02-23T04:46:43.517+0000] {dagbag.py:588} INFO - Filling up the DagBag from /home/airflow/.local/lib/python3.12/site-packages/airflow/example_dags/example_xcomargs.py
[2025-02-23T04:46:43.526+0000] {processor.py:925} INFO - DAG(s) 'example_xcom_args_with_operators', 'example_xcom_args' retrieved from /home/airflow/.local/lib/python3.12/site-packages/airflow/example_dags/example_xcomargs.py
[2025-02-23T04:46:43.552+0000] {logging_mixin.py:190} INFO - [2025-02-23T04:46:43.552+0000] {dag.py:3239} INFO - Sync 2 DAGs
[2025-02-23T04:46:43.569+0000] {logging_mixin.py:190} INFO - [2025-02-23T04:46:43.569+0000] {dag.py:4180} INFO - Setting next_dagrun for example_xcom_args to None, run_after=None
[2025-02-23T04:46:43.574+0000] {logging_mixin.py:190} INFO - [2025-02-23T04:46:43.574+0000] {dag.py:4180} INFO - Setting next_dagrun for example_xcom_args_with_operators to None, run_after=None
[2025-02-23T04:46:43.587+0000] {processor.py:208} INFO - Processing /home/airflow/.local/lib/python3.12/site-packages/airflow/example_dags/example_xcomargs.py took 0.077 seconds
[2025-02-23T04:47:13.889+0000] {processor.py:186} INFO - Started process (PID=211) to work on /home/airflow/.local/lib/python3.12/site-packages/airflow/example_dags/example_xcomargs.py
[2025-02-23T04:47:13.890+0000] {processor.py:914} INFO - Processing file /home/airflow/.local/lib/python3.12/site-packages/airflow/example_dags/example_xcomargs.py for tasks to queue
[2025-02-23T04:47:13.893+0000] {logging_mixin.py:190} INFO - [2025-02-23T04:47:13.892+0000] {dagbag.py:588} INFO - Filling up the DagBag from /home/airflow/.local/lib/python3.12/site-packages/airflow/example_dags/example_xcomargs.py
[2025-02-23T04:47:13.903+0000] {processor.py:925} INFO - DAG(s) 'example_xcom_args_with_operators', 'example_xcom_args' retrieved from /home/airflow/.local/lib/python3.12/site-packages/airflow/example_dags/example_xcomargs.py
[2025-02-23T04:47:13.928+0000] {logging_mixin.py:190} INFO - [2025-02-23T04:47:13.928+0000] {dag.py:3239} INFO - Sync 2 DAGs
[2025-02-23T04:47:13.944+0000] {logging_mixin.py:190} INFO - [2025-02-23T04:47:13.944+0000] {dag.py:4180} INFO - Setting next_dagrun for example_xcom_args to None, run_after=None
[2025-02-23T04:47:13.948+0000] {logging_mixin.py:190} INFO - [2025-02-23T04:47:13.948+0000] {dag.py:4180} INFO - Setting next_dagrun for example_xcom_args_with_operators to None, run_after=None
[2025-02-23T04:47:13.962+0000] {processor.py:208} INFO - Processing /home/airflow/.local/lib/python3.12/site-packages/airflow/example_dags/example_xcomargs.py took 0.079 seconds
[2025-02-23T04:47:44.357+0000] {processor.py:186} INFO - Started process (PID=275) to work on /home/airflow/.local/lib/python3.12/site-packages/airflow/example_dags/example_xcomargs.py
[2025-02-23T04:47:44.358+0000] {processor.py:914} INFO - Processing file /home/airflow/.local/lib/python3.12/site-packages/airflow/example_dags/example_xcomargs.py for tasks to queue
[2025-02-23T04:47:44.360+0000] {logging_mixin.py:190} INFO - [2025-02-23T04:47:44.360+0000] {dagbag.py:588} INFO - Filling up the DagBag from /home/airflow/.local/lib/python3.12/site-packages/airflow/example_dags/example_xcomargs.py
[2025-02-23T04:47:44.371+0000] {processor.py:925} INFO - DAG(s) 'example_xcom_args_with_operators', 'example_xcom_args' retrieved from /home/airflow/.local/lib/python3.12/site-packages/airflow/example_dags/example_xcomargs.py
[2025-02-23T04:47:44.390+0000] {logging_mixin.py:190} INFO - [2025-02-23T04:47:44.390+0000] {dag.py:3239} INFO - Sync 2 DAGs
[2025-02-23T04:47:44.402+0000] {logging_mixin.py:190} INFO - [2025-02-23T04:47:44.402+0000] {dag.py:4180} INFO - Setting next_dagrun for example_xcom_args to None, run_after=None
[2025-02-23T04:47:44.405+0000] {logging_mixin.py:190} INFO - [2025-02-23T04:47:44.405+0000] {dag.py:4180} INFO - Setting next_dagrun for example_xcom_args_with_operators to None, run_after=None
[2025-02-23T04:47:44.417+0000] {processor.py:208} INFO - Processing /home/airflow/.local/lib/python3.12/site-packages/airflow/example_dags/example_xcomargs.py took 0.066 seconds
[2025-02-23T04:48:14.928+0000] {processor.py:186} INFO - Started process (PID=338) to work on /home/airflow/.local/lib/python3.12/site-packages/airflow/example_dags/example_xcomargs.py
[2025-02-23T04:48:14.929+0000] {processor.py:914} INFO - Processing file /home/airflow/.local/lib/python3.12/site-packages/airflow/example_dags/example_xcomargs.py for tasks to queue
[2025-02-23T04:48:14.931+0000] {logging_mixin.py:190} INFO - [2025-02-23T04:48:14.930+0000] {dagbag.py:588} INFO - Filling up the DagBag from /home/airflow/.local/lib/python3.12/site-packages/airflow/example_dags/example_xcomargs.py
[2025-02-23T04:48:14.939+0000] {processor.py:925} INFO - DAG(s) 'example_xcom_args', 'example_xcom_args_with_operators' retrieved from /home/airflow/.local/lib/python3.12/site-packages/airflow/example_dags/example_xcomargs.py
[2025-02-23T04:48:14.958+0000] {logging_mixin.py:190} INFO - [2025-02-23T04:48:14.958+0000] {dag.py:3239} INFO - Sync 2 DAGs
[2025-02-23T04:48:14.969+0000] {logging_mixin.py:190} INFO - [2025-02-23T04:48:14.969+0000] {dag.py:4180} INFO - Setting next_dagrun for example_xcom_args to None, run_after=None
[2025-02-23T04:48:14.972+0000] {logging_mixin.py:190} INFO - [2025-02-23T04:48:14.972+0000] {dag.py:4180} INFO - Setting next_dagrun for example_xcom_args_with_operators to None, run_after=None
[2025-02-23T04:48:14.982+0000] {processor.py:208} INFO - Processing /home/airflow/.local/lib/python3.12/site-packages/airflow/example_dags/example_xcomargs.py took 0.058 seconds
[2025-02-23T04:48:45.314+0000] {processor.py:186} INFO - Started process (PID=402) to work on /home/airflow/.local/lib/python3.12/site-packages/airflow/example_dags/example_xcomargs.py
[2025-02-23T04:48:45.315+0000] {processor.py:914} INFO - Processing file /home/airflow/.local/lib/python3.12/site-packages/airflow/example_dags/example_xcomargs.py for tasks to queue
[2025-02-23T04:48:45.317+0000] {logging_mixin.py:190} INFO - [2025-02-23T04:48:45.316+0000] {dagbag.py:588} INFO - Filling up the DagBag from /home/airflow/.local/lib/python3.12/site-packages/airflow/example_dags/example_xcomargs.py
[2025-02-23T04:48:45.327+0000] {processor.py:925} INFO - DAG(s) 'example_xcom_args_with_operators', 'example_xcom_args' retrieved from /home/airflow/.local/lib/python3.12/site-packages/airflow/example_dags/example_xcomargs.py
[2025-02-23T04:48:45.351+0000] {logging_mixin.py:190} INFO - [2025-02-23T04:48:45.351+0000] {dag.py:3239} INFO - Sync 2 DAGs
[2025-02-23T04:48:45.368+0000] {logging_mixin.py:190} INFO - [2025-02-23T04:48:45.368+0000] {dag.py:4180} INFO - Setting next_dagrun for example_xcom_args to None, run_after=None
[2025-02-23T04:48:45.372+0000] {logging_mixin.py:190} INFO - [2025-02-23T04:48:45.372+0000] {dag.py:4180} INFO - Setting next_dagrun for example_xcom_args_with_operators to None, run_after=None
[2025-02-23T04:48:45.388+0000] {processor.py:208} INFO - Processing /home/airflow/.local/lib/python3.12/site-packages/airflow/example_dags/example_xcomargs.py took 0.080 seconds
[2025-02-23T04:49:15.811+0000] {processor.py:186} INFO - Started process (PID=465) to work on /home/airflow/.local/lib/python3.12/site-packages/airflow/example_dags/example_xcomargs.py
[2025-02-23T04:49:15.812+0000] {processor.py:914} INFO - Processing file /home/airflow/.local/lib/python3.12/site-packages/airflow/example_dags/example_xcomargs.py for tasks to queue
[2025-02-23T04:49:15.814+0000] {logging_mixin.py:190} INFO - [2025-02-23T04:49:15.813+0000] {dagbag.py:588} INFO - Filling up the DagBag from /home/airflow/.local/lib/python3.12/site-packages/airflow/example_dags/example_xcomargs.py
[2025-02-23T04:49:15.821+0000] {processor.py:925} INFO - DAG(s) 'example_xcom_args_with_operators', 'example_xcom_args' retrieved from /home/airflow/.local/lib/python3.12/site-packages/airflow/example_dags/example_xcomargs.py
[2025-02-23T04:49:15.840+0000] {logging_mixin.py:190} INFO - [2025-02-23T04:49:15.839+0000] {dag.py:3239} INFO - Sync 2 DAGs
[2025-02-23T04:49:15.851+0000] {logging_mixin.py:190} INFO - [2025-02-23T04:49:15.850+0000] {dag.py:4180} INFO - Setting next_dagrun for example_xcom_args to None, run_after=None
[2025-02-23T04:49:15.853+0000] {logging_mixin.py:190} INFO - [2025-02-23T04:49:15.853+0000] {dag.py:4180} INFO - Setting next_dagrun for example_xcom_args_with_operators to None, run_after=None
[2025-02-23T04:49:15.863+0000] {processor.py:208} INFO - Processing /home/airflow/.local/lib/python3.12/site-packages/airflow/example_dags/example_xcomargs.py took 0.057 seconds
[2025-02-23T04:49:46.132+0000] {processor.py:186} INFO - Started process (PID=528) to work on /home/airflow/.local/lib/python3.12/site-packages/airflow/example_dags/example_xcomargs.py
[2025-02-23T04:49:46.132+0000] {processor.py:914} INFO - Processing file /home/airflow/.local/lib/python3.12/site-packages/airflow/example_dags/example_xcomargs.py for tasks to queue
[2025-02-23T04:49:46.134+0000] {logging_mixin.py:190} INFO - [2025-02-23T04:49:46.134+0000] {dagbag.py:588} INFO - Filling up the DagBag from /home/airflow/.local/lib/python3.12/site-packages/airflow/example_dags/example_xcomargs.py
[2025-02-23T04:49:46.144+0000] {processor.py:925} INFO - DAG(s) 'example_xcom_args_with_operators', 'example_xcom_args' retrieved from /home/airflow/.local/lib/python3.12/site-packages/airflow/example_dags/example_xcomargs.py
[2025-02-23T04:49:46.163+0000] {logging_mixin.py:190} INFO - [2025-02-23T04:49:46.163+0000] {dag.py:3239} INFO - Sync 2 DAGs
[2025-02-23T04:49:46.174+0000] {logging_mixin.py:190} INFO - [2025-02-23T04:49:46.174+0000] {dag.py:4180} INFO - Setting next_dagrun for example_xcom_args to None, run_after=None
[2025-02-23T04:49:46.176+0000] {logging_mixin.py:190} INFO - [2025-02-23T04:49:46.176+0000] {dag.py:4180} INFO - Setting next_dagrun for example_xcom_args_with_operators to None, run_after=None
[2025-02-23T04:49:46.187+0000] {processor.py:208} INFO - Processing /home/airflow/.local/lib/python3.12/site-packages/airflow/example_dags/example_xcomargs.py took 0.061 seconds
[2025-02-23T04:50:16.434+0000] {processor.py:186} INFO - Started process (PID=592) to work on /home/airflow/.local/lib/python3.12/site-packages/airflow/example_dags/example_xcomargs.py
[2025-02-23T04:50:16.435+0000] {processor.py:914} INFO - Processing file /home/airflow/.local/lib/python3.12/site-packages/airflow/example_dags/example_xcomargs.py for tasks to queue
[2025-02-23T04:50:16.437+0000] {logging_mixin.py:190} INFO - [2025-02-23T04:50:16.436+0000] {dagbag.py:588} INFO - Filling up the DagBag from /home/airflow/.local/lib/python3.12/site-packages/airflow/example_dags/example_xcomargs.py
[2025-02-23T04:50:16.444+0000] {processor.py:925} INFO - DAG(s) 'example_xcom_args', 'example_xcom_args_with_operators' retrieved from /home/airflow/.local/lib/python3.12/site-packages/airflow/example_dags/example_xcomargs.py
[2025-02-23T04:50:16.461+0000] {logging_mixin.py:190} INFO - [2025-02-23T04:50:16.461+0000] {dag.py:3239} INFO - Sync 2 DAGs
[2025-02-23T04:50:16.473+0000] {logging_mixin.py:190} INFO - [2025-02-23T04:50:16.472+0000] {dag.py:4180} INFO - Setting next_dagrun for example_xcom_args to None, run_after=None
[2025-02-23T04:50:16.475+0000] {logging_mixin.py:190} INFO - [2025-02-23T04:50:16.475+0000] {dag.py:4180} INFO - Setting next_dagrun for example_xcom_args_with_operators to None, run_after=None
[2025-02-23T04:50:16.486+0000] {processor.py:208} INFO - Processing /home/airflow/.local/lib/python3.12/site-packages/airflow/example_dags/example_xcomargs.py took 0.056 seconds
