[2025-02-23T04:46:11.870+0000] {processor.py:186} INFO - Started process (PID=81) to work on /home/airflow/.local/lib/python3.12/site-packages/airflow/example_dags/example_dynamic_task_mapping.py
[2025-02-23T04:46:11.871+0000] {processor.py:914} INFO - Processing file /home/airflow/.local/lib/python3.12/site-packages/airflow/example_dags/example_dynamic_task_mapping.py for tasks to queue
[2025-02-23T04:46:11.874+0000] {logging_mixin.py:190} INFO - [2025-02-23T04:46:11.873+0000] {dagbag.py:588} INFO - Filling up the DagBag from /home/airflow/.local/lib/python3.12/site-packages/airflow/example_dags/example_dynamic_task_mapping.py
[2025-02-23T04:46:11.883+0000] {processor.py:925} INFO - DAG(s) 'example_dynamic_task_mapping' retrieved from /home/airflow/.local/lib/python3.12/site-packages/airflow/example_dags/example_dynamic_task_mapping.py
[2025-02-23T04:46:11.991+0000] {logging_mixin.py:190} INFO - [2025-02-23T04:46:11.990+0000] {override.py:1911} INFO - Created Permission View: can delete on DAG:example_dynamic_task_mapping
[2025-02-23T04:46:11.999+0000] {logging_mixin.py:190} INFO - [2025-02-23T04:46:11.998+0000] {override.py:1911} INFO - Created Permission View: can read on DAG:example_dynamic_task_mapping
[2025-02-23T04:46:12.003+0000] {logging_mixin.py:190} INFO - [2025-02-23T04:46:12.003+0000] {override.py:1911} INFO - Created Permission View: can edit on DAG:example_dynamic_task_mapping
[2025-02-23T04:46:12.008+0000] {logging_mixin.py:190} INFO - [2025-02-23T04:46:12.008+0000] {override.py:1911} INFO - Created Permission View: can create on DAG Run:example_dynamic_task_mapping
[2025-02-23T04:46:12.013+0000] {logging_mixin.py:190} INFO - [2025-02-23T04:46:12.012+0000] {override.py:1911} INFO - Created Permission View: can read on DAG Run:example_dynamic_task_mapping
[2025-02-23T04:46:12.017+0000] {logging_mixin.py:190} INFO - [2025-02-23T04:46:12.017+0000] {override.py:1911} INFO - Created Permission View: menu access on DAG Run:example_dynamic_task_mapping
[2025-02-23T04:46:12.022+0000] {logging_mixin.py:190} INFO - [2025-02-23T04:46:12.022+0000] {override.py:1911} INFO - Created Permission View: can delete on DAG Run:example_dynamic_task_mapping
[2025-02-23T04:46:12.023+0000] {logging_mixin.py:190} INFO - [2025-02-23T04:46:12.022+0000] {dag.py:3239} INFO - Sync 1 DAGs
[2025-02-23T04:46:12.035+0000] {logging_mixin.py:190} INFO - [2025-02-23T04:46:12.035+0000] {dag.py:3262} INFO - Creating ORM DAG for example_dynamic_task_mapping
[2025-02-23T04:46:12.036+0000] {logging_mixin.py:190} INFO - [2025-02-23T04:46:12.036+0000] {dag.py:4180} INFO - Setting next_dagrun for example_dynamic_task_mapping to None, run_after=None
[2025-02-23T04:46:12.049+0000] {processor.py:208} INFO - Processing /home/airflow/.local/lib/python3.12/site-packages/airflow/example_dags/example_dynamic_task_mapping.py took 0.191 seconds
[2025-02-23T04:46:42.121+0000] {processor.py:186} INFO - Started process (PID=143) to work on /home/airflow/.local/lib/python3.12/site-packages/airflow/example_dags/example_dynamic_task_mapping.py
[2025-02-23T04:46:42.122+0000] {processor.py:914} INFO - Processing file /home/airflow/.local/lib/python3.12/site-packages/airflow/example_dags/example_dynamic_task_mapping.py for tasks to queue
[2025-02-23T04:46:42.124+0000] {logging_mixin.py:190} INFO - [2025-02-23T04:46:42.123+0000] {dagbag.py:588} INFO - Filling up the DagBag from /home/airflow/.local/lib/python3.12/site-packages/airflow/example_dags/example_dynamic_task_mapping.py
[2025-02-23T04:46:42.130+0000] {processor.py:925} INFO - DAG(s) 'example_dynamic_task_mapping' retrieved from /home/airflow/.local/lib/python3.12/site-packages/airflow/example_dags/example_dynamic_task_mapping.py
[2025-02-23T04:46:42.143+0000] {logging_mixin.py:190} INFO - [2025-02-23T04:46:42.143+0000] {dag.py:3239} INFO - Sync 1 DAGs
[2025-02-23T04:46:42.154+0000] {logging_mixin.py:190} INFO - [2025-02-23T04:46:42.154+0000] {dag.py:4180} INFO - Setting next_dagrun for example_dynamic_task_mapping to None, run_after=None
[2025-02-23T04:46:42.167+0000] {processor.py:208} INFO - Processing /home/airflow/.local/lib/python3.12/site-packages/airflow/example_dags/example_dynamic_task_mapping.py took 0.050 seconds
[2025-02-23T04:47:12.675+0000] {processor.py:186} INFO - Started process (PID=206) to work on /home/airflow/.local/lib/python3.12/site-packages/airflow/example_dags/example_dynamic_task_mapping.py
[2025-02-23T04:47:12.675+0000] {processor.py:914} INFO - Processing file /home/airflow/.local/lib/python3.12/site-packages/airflow/example_dags/example_dynamic_task_mapping.py for tasks to queue
[2025-02-23T04:47:12.677+0000] {logging_mixin.py:190} INFO - [2025-02-23T04:47:12.677+0000] {dagbag.py:588} INFO - Filling up the DagBag from /home/airflow/.local/lib/python3.12/site-packages/airflow/example_dags/example_dynamic_task_mapping.py
[2025-02-23T04:47:12.684+0000] {processor.py:925} INFO - DAG(s) 'example_dynamic_task_mapping' retrieved from /home/airflow/.local/lib/python3.12/site-packages/airflow/example_dags/example_dynamic_task_mapping.py
[2025-02-23T04:47:12.698+0000] {logging_mixin.py:190} INFO - [2025-02-23T04:47:12.698+0000] {dag.py:3239} INFO - Sync 1 DAGs
[2025-02-23T04:47:12.709+0000] {logging_mixin.py:190} INFO - [2025-02-23T04:47:12.709+0000] {dag.py:4180} INFO - Setting next_dagrun for example_dynamic_task_mapping to None, run_after=None
[2025-02-23T04:47:12.721+0000] {processor.py:208} INFO - Processing /home/airflow/.local/lib/python3.12/site-packages/airflow/example_dags/example_dynamic_task_mapping.py took 0.052 seconds
[2025-02-23T04:47:43.115+0000] {processor.py:186} INFO - Started process (PID=270) to work on /home/airflow/.local/lib/python3.12/site-packages/airflow/example_dags/example_dynamic_task_mapping.py
[2025-02-23T04:47:43.117+0000] {processor.py:914} INFO - Processing file /home/airflow/.local/lib/python3.12/site-packages/airflow/example_dags/example_dynamic_task_mapping.py for tasks to queue
[2025-02-23T04:47:43.119+0000] {logging_mixin.py:190} INFO - [2025-02-23T04:47:43.118+0000] {dagbag.py:588} INFO - Filling up the DagBag from /home/airflow/.local/lib/python3.12/site-packages/airflow/example_dags/example_dynamic_task_mapping.py
[2025-02-23T04:47:43.128+0000] {processor.py:925} INFO - DAG(s) 'example_dynamic_task_mapping' retrieved from /home/airflow/.local/lib/python3.12/site-packages/airflow/example_dags/example_dynamic_task_mapping.py
[2025-02-23T04:47:43.145+0000] {logging_mixin.py:190} INFO - [2025-02-23T04:47:43.145+0000] {dag.py:3239} INFO - Sync 1 DAGs
[2025-02-23T04:47:43.161+0000] {logging_mixin.py:190} INFO - [2025-02-23T04:47:43.161+0000] {dag.py:4180} INFO - Setting next_dagrun for example_dynamic_task_mapping to None, run_after=None
[2025-02-23T04:47:43.178+0000] {processor.py:208} INFO - Processing /home/airflow/.local/lib/python3.12/site-packages/airflow/example_dags/example_dynamic_task_mapping.py took 0.068 seconds
[2025-02-23T04:48:13.733+0000] {processor.py:186} INFO - Started process (PID=333) to work on /home/airflow/.local/lib/python3.12/site-packages/airflow/example_dags/example_dynamic_task_mapping.py
[2025-02-23T04:48:13.734+0000] {processor.py:914} INFO - Processing file /home/airflow/.local/lib/python3.12/site-packages/airflow/example_dags/example_dynamic_task_mapping.py for tasks to queue
[2025-02-23T04:48:13.736+0000] {logging_mixin.py:190} INFO - [2025-02-23T04:48:13.736+0000] {dagbag.py:588} INFO - Filling up the DagBag from /home/airflow/.local/lib/python3.12/site-packages/airflow/example_dags/example_dynamic_task_mapping.py
[2025-02-23T04:48:13.744+0000] {processor.py:925} INFO - DAG(s) 'example_dynamic_task_mapping' retrieved from /home/airflow/.local/lib/python3.12/site-packages/airflow/example_dags/example_dynamic_task_mapping.py
[2025-02-23T04:48:13.758+0000] {logging_mixin.py:190} INFO - [2025-02-23T04:48:13.757+0000] {dag.py:3239} INFO - Sync 1 DAGs
[2025-02-23T04:48:13.768+0000] {logging_mixin.py:190} INFO - [2025-02-23T04:48:13.768+0000] {dag.py:4180} INFO - Setting next_dagrun for example_dynamic_task_mapping to None, run_after=None
[2025-02-23T04:48:13.781+0000] {processor.py:208} INFO - Processing /home/airflow/.local/lib/python3.12/site-packages/airflow/example_dags/example_dynamic_task_mapping.py took 0.053 seconds
[2025-02-23T04:48:44.099+0000] {processor.py:186} INFO - Started process (PID=397) to work on /home/airflow/.local/lib/python3.12/site-packages/airflow/example_dags/example_dynamic_task_mapping.py
[2025-02-23T04:48:44.100+0000] {processor.py:914} INFO - Processing file /home/airflow/.local/lib/python3.12/site-packages/airflow/example_dags/example_dynamic_task_mapping.py for tasks to queue
[2025-02-23T04:48:44.102+0000] {logging_mixin.py:190} INFO - [2025-02-23T04:48:44.101+0000] {dagbag.py:588} INFO - Filling up the DagBag from /home/airflow/.local/lib/python3.12/site-packages/airflow/example_dags/example_dynamic_task_mapping.py
[2025-02-23T04:48:44.108+0000] {processor.py:925} INFO - DAG(s) 'example_dynamic_task_mapping' retrieved from /home/airflow/.local/lib/python3.12/site-packages/airflow/example_dags/example_dynamic_task_mapping.py
[2025-02-23T04:48:44.123+0000] {logging_mixin.py:190} INFO - [2025-02-23T04:48:44.122+0000] {dag.py:3239} INFO - Sync 1 DAGs
[2025-02-23T04:48:44.134+0000] {logging_mixin.py:190} INFO - [2025-02-23T04:48:44.133+0000] {dag.py:4180} INFO - Setting next_dagrun for example_dynamic_task_mapping to None, run_after=None
[2025-02-23T04:48:44.146+0000] {processor.py:208} INFO - Processing /home/airflow/.local/lib/python3.12/site-packages/airflow/example_dags/example_dynamic_task_mapping.py took 0.051 seconds
[2025-02-23T04:49:14.628+0000] {processor.py:186} INFO - Started process (PID=460) to work on /home/airflow/.local/lib/python3.12/site-packages/airflow/example_dags/example_dynamic_task_mapping.py
[2025-02-23T04:49:14.629+0000] {processor.py:914} INFO - Processing file /home/airflow/.local/lib/python3.12/site-packages/airflow/example_dags/example_dynamic_task_mapping.py for tasks to queue
[2025-02-23T04:49:14.630+0000] {logging_mixin.py:190} INFO - [2025-02-23T04:49:14.630+0000] {dagbag.py:588} INFO - Filling up the DagBag from /home/airflow/.local/lib/python3.12/site-packages/airflow/example_dags/example_dynamic_task_mapping.py
[2025-02-23T04:49:14.636+0000] {processor.py:925} INFO - DAG(s) 'example_dynamic_task_mapping' retrieved from /home/airflow/.local/lib/python3.12/site-packages/airflow/example_dags/example_dynamic_task_mapping.py
[2025-02-23T04:49:14.650+0000] {logging_mixin.py:190} INFO - [2025-02-23T04:49:14.649+0000] {dag.py:3239} INFO - Sync 1 DAGs
[2025-02-23T04:49:14.660+0000] {logging_mixin.py:190} INFO - [2025-02-23T04:49:14.660+0000] {dag.py:4180} INFO - Setting next_dagrun for example_dynamic_task_mapping to None, run_after=None
[2025-02-23T04:49:14.672+0000] {processor.py:208} INFO - Processing /home/airflow/.local/lib/python3.12/site-packages/airflow/example_dags/example_dynamic_task_mapping.py took 0.048 seconds
[2025-02-23T04:49:44.933+0000] {processor.py:186} INFO - Started process (PID=523) to work on /home/airflow/.local/lib/python3.12/site-packages/airflow/example_dags/example_dynamic_task_mapping.py
[2025-02-23T04:49:44.934+0000] {processor.py:914} INFO - Processing file /home/airflow/.local/lib/python3.12/site-packages/airflow/example_dags/example_dynamic_task_mapping.py for tasks to queue
[2025-02-23T04:49:44.935+0000] {logging_mixin.py:190} INFO - [2025-02-23T04:49:44.935+0000] {dagbag.py:588} INFO - Filling up the DagBag from /home/airflow/.local/lib/python3.12/site-packages/airflow/example_dags/example_dynamic_task_mapping.py
[2025-02-23T04:49:44.941+0000] {processor.py:925} INFO - DAG(s) 'example_dynamic_task_mapping' retrieved from /home/airflow/.local/lib/python3.12/site-packages/airflow/example_dags/example_dynamic_task_mapping.py
[2025-02-23T04:49:44.955+0000] {logging_mixin.py:190} INFO - [2025-02-23T04:49:44.954+0000] {dag.py:3239} INFO - Sync 1 DAGs
[2025-02-23T04:49:44.965+0000] {logging_mixin.py:190} INFO - [2025-02-23T04:49:44.965+0000] {dag.py:4180} INFO - Setting next_dagrun for example_dynamic_task_mapping to None, run_after=None
[2025-02-23T04:49:44.977+0000] {processor.py:208} INFO - Processing /home/airflow/.local/lib/python3.12/site-packages/airflow/example_dags/example_dynamic_task_mapping.py took 0.049 seconds
