[2025-02-23T04:46:09.140+0000] {processor.py:186} INFO - Started process (PID=71) to work on /home/airflow/.local/lib/python3.12/site-packages/airflow/example_dags/example_setup_teardown.py
[2025-02-23T04:46:09.141+0000] {processor.py:914} INFO - Processing file /home/airflow/.local/lib/python3.12/site-packages/airflow/example_dags/example_setup_teardown.py for tasks to queue
[2025-02-23T04:46:09.143+0000] {logging_mixin.py:190} INFO - [2025-02-23T04:46:09.142+0000] {dagbag.py:588} INFO - Filling up the DagBag from /home/airflow/.local/lib/python3.12/site-packages/airflow/example_dags/example_setup_teardown.py
[2025-02-23T04:46:09.152+0000] {processor.py:925} INFO - DAG(s) 'example_setup_teardown' retrieved from /home/airflow/.local/lib/python3.12/site-packages/airflow/example_dags/example_setup_teardown.py
[2025-02-23T04:46:09.321+0000] {logging_mixin.py:190} INFO - [2025-02-23T04:46:09.320+0000] {override.py:1911} INFO - Created Permission View: can delete on DAG:example_setup_teardown
[2025-02-23T04:46:09.338+0000] {logging_mixin.py:190} INFO - [2025-02-23T04:46:09.338+0000] {override.py:1911} INFO - Created Permission View: can read on DAG:example_setup_teardown
[2025-02-23T04:46:09.349+0000] {logging_mixin.py:190} INFO - [2025-02-23T04:46:09.349+0000] {override.py:1911} INFO - Created Permission View: can edit on DAG:example_setup_teardown
[2025-02-23T04:46:09.359+0000] {logging_mixin.py:190} INFO - [2025-02-23T04:46:09.359+0000] {override.py:1911} INFO - Created Permission View: can create on DAG Run:example_setup_teardown
[2025-02-23T04:46:09.364+0000] {logging_mixin.py:190} INFO - [2025-02-23T04:46:09.364+0000] {override.py:1911} INFO - Created Permission View: can read on DAG Run:example_setup_teardown
[2025-02-23T04:46:09.377+0000] {logging_mixin.py:190} INFO - [2025-02-23T04:46:09.377+0000] {override.py:1911} INFO - Created Permission View: menu access on DAG Run:example_setup_teardown
[2025-02-23T04:46:09.382+0000] {logging_mixin.py:190} INFO - [2025-02-23T04:46:09.382+0000] {override.py:1911} INFO - Created Permission View: can delete on DAG Run:example_setup_teardown
[2025-02-23T04:46:09.382+0000] {logging_mixin.py:190} INFO - [2025-02-23T04:46:09.382+0000] {dag.py:3239} INFO - Sync 1 DAGs
[2025-02-23T04:46:09.403+0000] {logging_mixin.py:190} INFO - [2025-02-23T04:46:09.403+0000] {dag.py:3262} INFO - Creating ORM DAG for example_setup_teardown
[2025-02-23T04:46:09.404+0000] {logging_mixin.py:190} INFO - [2025-02-23T04:46:09.404+0000] {dag.py:4180} INFO - Setting next_dagrun for example_setup_teardown to None, run_after=None
[2025-02-23T04:46:09.417+0000] {processor.py:208} INFO - Processing /home/airflow/.local/lib/python3.12/site-packages/airflow/example_dags/example_setup_teardown.py took 0.283 seconds
[2025-02-23T04:46:39.734+0000] {processor.py:186} INFO - Started process (PID=134) to work on /home/airflow/.local/lib/python3.12/site-packages/airflow/example_dags/example_setup_teardown.py
[2025-02-23T04:46:39.734+0000] {processor.py:914} INFO - Processing file /home/airflow/.local/lib/python3.12/site-packages/airflow/example_dags/example_setup_teardown.py for tasks to queue
[2025-02-23T04:46:39.736+0000] {logging_mixin.py:190} INFO - [2025-02-23T04:46:39.736+0000] {dagbag.py:588} INFO - Filling up the DagBag from /home/airflow/.local/lib/python3.12/site-packages/airflow/example_dags/example_setup_teardown.py
[2025-02-23T04:46:39.743+0000] {processor.py:925} INFO - DAG(s) 'example_setup_teardown' retrieved from /home/airflow/.local/lib/python3.12/site-packages/airflow/example_dags/example_setup_teardown.py
[2025-02-23T04:46:39.763+0000] {logging_mixin.py:190} INFO - [2025-02-23T04:46:39.763+0000] {dag.py:3239} INFO - Sync 1 DAGs
[2025-02-23T04:46:39.775+0000] {logging_mixin.py:190} INFO - [2025-02-23T04:46:39.775+0000] {dag.py:4180} INFO - Setting next_dagrun for example_setup_teardown to None, run_after=None
[2025-02-23T04:46:39.788+0000] {processor.py:208} INFO - Processing /home/airflow/.local/lib/python3.12/site-packages/airflow/example_dags/example_setup_teardown.py took 0.060 seconds
[2025-02-23T04:47:10.232+0000] {processor.py:186} INFO - Started process (PID=197) to work on /home/airflow/.local/lib/python3.12/site-packages/airflow/example_dags/example_setup_teardown.py
[2025-02-23T04:47:10.233+0000] {processor.py:914} INFO - Processing file /home/airflow/.local/lib/python3.12/site-packages/airflow/example_dags/example_setup_teardown.py for tasks to queue
[2025-02-23T04:47:10.235+0000] {logging_mixin.py:190} INFO - [2025-02-23T04:47:10.235+0000] {dagbag.py:588} INFO - Filling up the DagBag from /home/airflow/.local/lib/python3.12/site-packages/airflow/example_dags/example_setup_teardown.py
[2025-02-23T04:47:10.244+0000] {processor.py:925} INFO - DAG(s) 'example_setup_teardown' retrieved from /home/airflow/.local/lib/python3.12/site-packages/airflow/example_dags/example_setup_teardown.py
[2025-02-23T04:47:10.268+0000] {logging_mixin.py:190} INFO - [2025-02-23T04:47:10.268+0000] {dag.py:3239} INFO - Sync 1 DAGs
[2025-02-23T04:47:10.285+0000] {logging_mixin.py:190} INFO - [2025-02-23T04:47:10.285+0000] {dag.py:4180} INFO - Setting next_dagrun for example_setup_teardown to None, run_after=None
[2025-02-23T04:47:10.302+0000] {processor.py:208} INFO - Processing /home/airflow/.local/lib/python3.12/site-packages/airflow/example_dags/example_setup_teardown.py took 0.076 seconds
[2025-02-23T04:47:40.656+0000] {processor.py:186} INFO - Started process (PID=261) to work on /home/airflow/.local/lib/python3.12/site-packages/airflow/example_dags/example_setup_teardown.py
[2025-02-23T04:47:40.656+0000] {processor.py:914} INFO - Processing file /home/airflow/.local/lib/python3.12/site-packages/airflow/example_dags/example_setup_teardown.py for tasks to queue
[2025-02-23T04:47:40.658+0000] {logging_mixin.py:190} INFO - [2025-02-23T04:47:40.658+0000] {dagbag.py:588} INFO - Filling up the DagBag from /home/airflow/.local/lib/python3.12/site-packages/airflow/example_dags/example_setup_teardown.py
[2025-02-23T04:47:40.664+0000] {processor.py:925} INFO - DAG(s) 'example_setup_teardown' retrieved from /home/airflow/.local/lib/python3.12/site-packages/airflow/example_dags/example_setup_teardown.py
[2025-02-23T04:47:40.680+0000] {logging_mixin.py:190} INFO - [2025-02-23T04:47:40.680+0000] {dag.py:3239} INFO - Sync 1 DAGs
[2025-02-23T04:47:40.691+0000] {logging_mixin.py:190} INFO - [2025-02-23T04:47:40.691+0000] {dag.py:4180} INFO - Setting next_dagrun for example_setup_teardown to None, run_after=None
[2025-02-23T04:47:40.703+0000] {processor.py:208} INFO - Processing /home/airflow/.local/lib/python3.12/site-packages/airflow/example_dags/example_setup_teardown.py took 0.052 seconds
[2025-02-23T04:48:11.241+0000] {processor.py:186} INFO - Started process (PID=324) to work on /home/airflow/.local/lib/python3.12/site-packages/airflow/example_dags/example_setup_teardown.py
[2025-02-23T04:48:11.242+0000] {processor.py:914} INFO - Processing file /home/airflow/.local/lib/python3.12/site-packages/airflow/example_dags/example_setup_teardown.py for tasks to queue
[2025-02-23T04:48:11.244+0000] {logging_mixin.py:190} INFO - [2025-02-23T04:48:11.244+0000] {dagbag.py:588} INFO - Filling up the DagBag from /home/airflow/.local/lib/python3.12/site-packages/airflow/example_dags/example_setup_teardown.py
[2025-02-23T04:48:11.254+0000] {processor.py:925} INFO - DAG(s) 'example_setup_teardown' retrieved from /home/airflow/.local/lib/python3.12/site-packages/airflow/example_dags/example_setup_teardown.py
[2025-02-23T04:48:11.277+0000] {logging_mixin.py:190} INFO - [2025-02-23T04:48:11.277+0000] {dag.py:3239} INFO - Sync 1 DAGs
[2025-02-23T04:48:11.293+0000] {logging_mixin.py:190} INFO - [2025-02-23T04:48:11.293+0000] {dag.py:4180} INFO - Setting next_dagrun for example_setup_teardown to None, run_after=None
[2025-02-23T04:48:11.308+0000] {processor.py:208} INFO - Processing /home/airflow/.local/lib/python3.12/site-packages/airflow/example_dags/example_setup_teardown.py took 0.074 seconds
[2025-02-23T04:48:41.649+0000] {processor.py:186} INFO - Started process (PID=388) to work on /home/airflow/.local/lib/python3.12/site-packages/airflow/example_dags/example_setup_teardown.py
[2025-02-23T04:48:41.649+0000] {processor.py:914} INFO - Processing file /home/airflow/.local/lib/python3.12/site-packages/airflow/example_dags/example_setup_teardown.py for tasks to queue
[2025-02-23T04:48:41.651+0000] {logging_mixin.py:190} INFO - [2025-02-23T04:48:41.651+0000] {dagbag.py:588} INFO - Filling up the DagBag from /home/airflow/.local/lib/python3.12/site-packages/airflow/example_dags/example_setup_teardown.py
[2025-02-23T04:48:41.659+0000] {processor.py:925} INFO - DAG(s) 'example_setup_teardown' retrieved from /home/airflow/.local/lib/python3.12/site-packages/airflow/example_dags/example_setup_teardown.py
[2025-02-23T04:48:41.677+0000] {logging_mixin.py:190} INFO - [2025-02-23T04:48:41.677+0000] {dag.py:3239} INFO - Sync 1 DAGs
[2025-02-23T04:48:41.691+0000] {logging_mixin.py:190} INFO - [2025-02-23T04:48:41.691+0000] {dag.py:4180} INFO - Setting next_dagrun for example_setup_teardown to None, run_after=None
[2025-02-23T04:48:41.707+0000] {processor.py:208} INFO - Processing /home/airflow/.local/lib/python3.12/site-packages/airflow/example_dags/example_setup_teardown.py took 0.062 seconds
[2025-02-23T04:49:12.218+0000] {processor.py:186} INFO - Started process (PID=451) to work on /home/airflow/.local/lib/python3.12/site-packages/airflow/example_dags/example_setup_teardown.py
[2025-02-23T04:49:12.219+0000] {processor.py:914} INFO - Processing file /home/airflow/.local/lib/python3.12/site-packages/airflow/example_dags/example_setup_teardown.py for tasks to queue
[2025-02-23T04:49:12.220+0000] {logging_mixin.py:190} INFO - [2025-02-23T04:49:12.220+0000] {dagbag.py:588} INFO - Filling up the DagBag from /home/airflow/.local/lib/python3.12/site-packages/airflow/example_dags/example_setup_teardown.py
[2025-02-23T04:49:12.226+0000] {processor.py:925} INFO - DAG(s) 'example_setup_teardown' retrieved from /home/airflow/.local/lib/python3.12/site-packages/airflow/example_dags/example_setup_teardown.py
[2025-02-23T04:49:12.242+0000] {logging_mixin.py:190} INFO - [2025-02-23T04:49:12.242+0000] {dag.py:3239} INFO - Sync 1 DAGs
[2025-02-23T04:49:12.254+0000] {logging_mixin.py:190} INFO - [2025-02-23T04:49:12.254+0000] {dag.py:4180} INFO - Setting next_dagrun for example_setup_teardown to None, run_after=None
[2025-02-23T04:49:12.266+0000] {processor.py:208} INFO - Processing /home/airflow/.local/lib/python3.12/site-packages/airflow/example_dags/example_setup_teardown.py took 0.053 seconds
[2025-02-23T04:49:42.517+0000] {processor.py:186} INFO - Started process (PID=514) to work on /home/airflow/.local/lib/python3.12/site-packages/airflow/example_dags/example_setup_teardown.py
[2025-02-23T04:49:42.517+0000] {processor.py:914} INFO - Processing file /home/airflow/.local/lib/python3.12/site-packages/airflow/example_dags/example_setup_teardown.py for tasks to queue
[2025-02-23T04:49:42.519+0000] {logging_mixin.py:190} INFO - [2025-02-23T04:49:42.519+0000] {dagbag.py:588} INFO - Filling up the DagBag from /home/airflow/.local/lib/python3.12/site-packages/airflow/example_dags/example_setup_teardown.py
[2025-02-23T04:49:42.525+0000] {processor.py:925} INFO - DAG(s) 'example_setup_teardown' retrieved from /home/airflow/.local/lib/python3.12/site-packages/airflow/example_dags/example_setup_teardown.py
[2025-02-23T04:49:42.543+0000] {logging_mixin.py:190} INFO - [2025-02-23T04:49:42.543+0000] {dag.py:3239} INFO - Sync 1 DAGs
[2025-02-23T04:49:42.557+0000] {logging_mixin.py:190} INFO - [2025-02-23T04:49:42.557+0000] {dag.py:4180} INFO - Setting next_dagrun for example_setup_teardown to None, run_after=None
[2025-02-23T04:49:42.573+0000] {processor.py:208} INFO - Processing /home/airflow/.local/lib/python3.12/site-packages/airflow/example_dags/example_setup_teardown.py took 0.060 seconds
[2025-02-23T04:50:12.723+0000] {processor.py:186} INFO - Started process (PID=578) to work on /home/airflow/.local/lib/python3.12/site-packages/airflow/example_dags/example_setup_teardown.py
[2025-02-23T04:50:12.724+0000] {processor.py:914} INFO - Processing file /home/airflow/.local/lib/python3.12/site-packages/airflow/example_dags/example_setup_teardown.py for tasks to queue
[2025-02-23T04:50:12.725+0000] {logging_mixin.py:190} INFO - [2025-02-23T04:50:12.725+0000] {dagbag.py:588} INFO - Filling up the DagBag from /home/airflow/.local/lib/python3.12/site-packages/airflow/example_dags/example_setup_teardown.py
[2025-02-23T04:50:12.732+0000] {processor.py:925} INFO - DAG(s) 'example_setup_teardown' retrieved from /home/airflow/.local/lib/python3.12/site-packages/airflow/example_dags/example_setup_teardown.py
[2025-02-23T04:50:12.748+0000] {logging_mixin.py:190} INFO - [2025-02-23T04:50:12.748+0000] {dag.py:3239} INFO - Sync 1 DAGs
[2025-02-23T04:50:12.759+0000] {logging_mixin.py:190} INFO - [2025-02-23T04:50:12.759+0000] {dag.py:4180} INFO - Setting next_dagrun for example_setup_teardown to None, run_after=None
[2025-02-23T04:50:12.773+0000] {processor.py:208} INFO - Processing /home/airflow/.local/lib/python3.12/site-packages/airflow/example_dags/example_setup_teardown.py took 0.054 seconds
