[2025-02-23T04:46:17.133+0000] {processor.py:186} INFO - Started process (PID=110) to work on /home/airflow/.local/lib/python3.12/site-packages/airflow/example_dags/example_python_operator.py
[2025-02-23T04:46:17.134+0000] {processor.py:914} INFO - Processing file /home/airflow/.local/lib/python3.12/site-packages/airflow/example_dags/example_python_operator.py for tasks to queue
[2025-02-23T04:46:17.135+0000] {logging_mixin.py:190} INFO - [2025-02-23T04:46:17.135+0000] {dagbag.py:588} INFO - Filling up the DagBag from /home/airflow/.local/lib/python3.12/site-packages/airflow/example_dags/example_python_operator.py
[2025-02-23T04:46:17.145+0000] {processor.py:925} INFO - DAG(s) 'example_python_operator' retrieved from /home/airflow/.local/lib/python3.12/site-packages/airflow/example_dags/example_python_operator.py
[2025-02-23T04:46:17.241+0000] {logging_mixin.py:190} INFO - [2025-02-23T04:46:17.240+0000] {override.py:1911} INFO - Created Permission View: can delete on DAG:example_python_operator
[2025-02-23T04:46:17.250+0000] {logging_mixin.py:190} INFO - [2025-02-23T04:46:17.249+0000] {override.py:1911} INFO - Created Permission View: can read on DAG:example_python_operator
[2025-02-23T04:46:17.254+0000] {logging_mixin.py:190} INFO - [2025-02-23T04:46:17.254+0000] {override.py:1911} INFO - Created Permission View: can edit on DAG:example_python_operator
[2025-02-23T04:46:17.258+0000] {logging_mixin.py:190} INFO - [2025-02-23T04:46:17.258+0000] {override.py:1911} INFO - Created Permission View: can create on DAG Run:example_python_operator
[2025-02-23T04:46:17.264+0000] {logging_mixin.py:190} INFO - [2025-02-23T04:46:17.263+0000] {override.py:1911} INFO - Created Permission View: can read on DAG Run:example_python_operator
[2025-02-23T04:46:17.268+0000] {logging_mixin.py:190} INFO - [2025-02-23T04:46:17.268+0000] {override.py:1911} INFO - Created Permission View: menu access on DAG Run:example_python_operator
[2025-02-23T04:46:17.272+0000] {logging_mixin.py:190} INFO - [2025-02-23T04:46:17.272+0000] {override.py:1911} INFO - Created Permission View: can delete on DAG Run:example_python_operator
[2025-02-23T04:46:17.273+0000] {logging_mixin.py:190} INFO - [2025-02-23T04:46:17.273+0000] {dag.py:3239} INFO - Sync 1 DAGs
[2025-02-23T04:46:17.283+0000] {logging_mixin.py:190} INFO - [2025-02-23T04:46:17.283+0000] {dag.py:3262} INFO - Creating ORM DAG for example_python_operator
[2025-02-23T04:46:17.284+0000] {logging_mixin.py:190} INFO - [2025-02-23T04:46:17.284+0000] {dag.py:4180} INFO - Setting next_dagrun for example_python_operator to None, run_after=None
[2025-02-23T04:46:17.295+0000] {processor.py:208} INFO - Processing /home/airflow/.local/lib/python3.12/site-packages/airflow/example_dags/example_python_operator.py took 0.166 seconds
[2025-02-23T04:46:47.398+0000] {processor.py:186} INFO - Started process (PID=173) to work on /home/airflow/.local/lib/python3.12/site-packages/airflow/example_dags/example_python_operator.py
[2025-02-23T04:46:47.398+0000] {processor.py:914} INFO - Processing file /home/airflow/.local/lib/python3.12/site-packages/airflow/example_dags/example_python_operator.py for tasks to queue
[2025-02-23T04:46:47.400+0000] {logging_mixin.py:190} INFO - [2025-02-23T04:46:47.400+0000] {dagbag.py:588} INFO - Filling up the DagBag from /home/airflow/.local/lib/python3.12/site-packages/airflow/example_dags/example_python_operator.py
[2025-02-23T04:46:47.410+0000] {processor.py:925} INFO - DAG(s) 'example_python_operator' retrieved from /home/airflow/.local/lib/python3.12/site-packages/airflow/example_dags/example_python_operator.py
[2025-02-23T04:46:47.429+0000] {logging_mixin.py:190} INFO - [2025-02-23T04:46:47.429+0000] {dag.py:3239} INFO - Sync 1 DAGs
[2025-02-23T04:46:47.440+0000] {logging_mixin.py:190} INFO - [2025-02-23T04:46:47.440+0000] {dag.py:4180} INFO - Setting next_dagrun for example_python_operator to None, run_after=None
[2025-02-23T04:46:47.453+0000] {processor.py:208} INFO - Processing /home/airflow/.local/lib/python3.12/site-packages/airflow/example_dags/example_python_operator.py took 0.059 seconds
[2025-02-23T04:47:17.649+0000] {processor.py:186} INFO - Started process (PID=236) to work on /home/airflow/.local/lib/python3.12/site-packages/airflow/example_dags/example_python_operator.py
[2025-02-23T04:47:17.650+0000] {processor.py:914} INFO - Processing file /home/airflow/.local/lib/python3.12/site-packages/airflow/example_dags/example_python_operator.py for tasks to queue
[2025-02-23T04:47:17.652+0000] {logging_mixin.py:190} INFO - [2025-02-23T04:47:17.651+0000] {dagbag.py:588} INFO - Filling up the DagBag from /home/airflow/.local/lib/python3.12/site-packages/airflow/example_dags/example_python_operator.py
[2025-02-23T04:47:17.661+0000] {processor.py:925} INFO - DAG(s) 'example_python_operator' retrieved from /home/airflow/.local/lib/python3.12/site-packages/airflow/example_dags/example_python_operator.py
[2025-02-23T04:47:17.679+0000] {logging_mixin.py:190} INFO - [2025-02-23T04:47:17.679+0000] {dag.py:3239} INFO - Sync 1 DAGs
[2025-02-23T04:47:17.691+0000] {logging_mixin.py:190} INFO - [2025-02-23T04:47:17.691+0000] {dag.py:4180} INFO - Setting next_dagrun for example_python_operator to None, run_after=None
[2025-02-23T04:47:17.709+0000] {processor.py:208} INFO - Processing /home/airflow/.local/lib/python3.12/site-packages/airflow/example_dags/example_python_operator.py took 0.064 seconds
[2025-02-23T04:47:48.621+0000] {processor.py:186} INFO - Started process (PID=300) to work on /home/airflow/.local/lib/python3.12/site-packages/airflow/example_dags/example_python_operator.py
[2025-02-23T04:47:48.621+0000] {processor.py:914} INFO - Processing file /home/airflow/.local/lib/python3.12/site-packages/airflow/example_dags/example_python_operator.py for tasks to queue
[2025-02-23T04:47:48.623+0000] {logging_mixin.py:190} INFO - [2025-02-23T04:47:48.623+0000] {dagbag.py:588} INFO - Filling up the DagBag from /home/airflow/.local/lib/python3.12/site-packages/airflow/example_dags/example_python_operator.py
[2025-02-23T04:47:48.633+0000] {processor.py:925} INFO - DAG(s) 'example_python_operator' retrieved from /home/airflow/.local/lib/python3.12/site-packages/airflow/example_dags/example_python_operator.py
[2025-02-23T04:47:48.650+0000] {logging_mixin.py:190} INFO - [2025-02-23T04:47:48.650+0000] {dag.py:3239} INFO - Sync 1 DAGs
[2025-02-23T04:47:48.661+0000] {logging_mixin.py:190} INFO - [2025-02-23T04:47:48.661+0000] {dag.py:4180} INFO - Setting next_dagrun for example_python_operator to None, run_after=None
[2025-02-23T04:47:48.674+0000] {processor.py:208} INFO - Processing /home/airflow/.local/lib/python3.12/site-packages/airflow/example_dags/example_python_operator.py took 0.059 seconds
[2025-02-23T04:48:20.012+0000] {processor.py:186} INFO - Started process (PID=362) to work on /home/airflow/.local/lib/python3.12/site-packages/airflow/example_dags/example_python_operator.py
[2025-02-23T04:48:20.013+0000] {processor.py:914} INFO - Processing file /home/airflow/.local/lib/python3.12/site-packages/airflow/example_dags/example_python_operator.py for tasks to queue
[2025-02-23T04:48:20.015+0000] {logging_mixin.py:190} INFO - [2025-02-23T04:48:20.014+0000] {dagbag.py:588} INFO - Filling up the DagBag from /home/airflow/.local/lib/python3.12/site-packages/airflow/example_dags/example_python_operator.py
[2025-02-23T04:48:20.024+0000] {processor.py:925} INFO - DAG(s) 'example_python_operator' retrieved from /home/airflow/.local/lib/python3.12/site-packages/airflow/example_dags/example_python_operator.py
[2025-02-23T04:48:20.044+0000] {logging_mixin.py:190} INFO - [2025-02-23T04:48:20.044+0000] {dag.py:3239} INFO - Sync 1 DAGs
[2025-02-23T04:48:20.058+0000] {logging_mixin.py:190} INFO - [2025-02-23T04:48:20.058+0000] {dag.py:4180} INFO - Setting next_dagrun for example_python_operator to None, run_after=None
[2025-02-23T04:48:20.073+0000] {processor.py:208} INFO - Processing /home/airflow/.local/lib/python3.12/site-packages/airflow/example_dags/example_python_operator.py took 0.065 seconds
[2025-02-23T04:48:51.866+0000] {processor.py:186} INFO - Started process (PID=427) to work on /home/airflow/.local/lib/python3.12/site-packages/airflow/example_dags/example_python_operator.py
[2025-02-23T04:48:51.867+0000] {processor.py:914} INFO - Processing file /home/airflow/.local/lib/python3.12/site-packages/airflow/example_dags/example_python_operator.py for tasks to queue
[2025-02-23T04:48:51.870+0000] {logging_mixin.py:190} INFO - [2025-02-23T04:48:51.869+0000] {dagbag.py:588} INFO - Filling up the DagBag from /home/airflow/.local/lib/python3.12/site-packages/airflow/example_dags/example_python_operator.py
[2025-02-23T04:48:51.882+0000] {processor.py:925} INFO - DAG(s) 'example_python_operator' retrieved from /home/airflow/.local/lib/python3.12/site-packages/airflow/example_dags/example_python_operator.py
[2025-02-23T04:48:51.904+0000] {logging_mixin.py:190} INFO - [2025-02-23T04:48:51.904+0000] {dag.py:3239} INFO - Sync 1 DAGs
[2025-02-23T04:48:51.914+0000] {logging_mixin.py:190} INFO - [2025-02-23T04:48:51.914+0000] {dag.py:4180} INFO - Setting next_dagrun for example_python_operator to None, run_after=None
[2025-02-23T04:48:51.928+0000] {processor.py:208} INFO - Processing /home/airflow/.local/lib/python3.12/site-packages/airflow/example_dags/example_python_operator.py took 0.066 seconds
[2025-02-23T04:49:22.566+0000] {processor.py:186} INFO - Started process (PID=490) to work on /home/airflow/.local/lib/python3.12/site-packages/airflow/example_dags/example_python_operator.py
[2025-02-23T04:49:22.566+0000] {processor.py:914} INFO - Processing file /home/airflow/.local/lib/python3.12/site-packages/airflow/example_dags/example_python_operator.py for tasks to queue
[2025-02-23T04:49:22.568+0000] {logging_mixin.py:190} INFO - [2025-02-23T04:49:22.568+0000] {dagbag.py:588} INFO - Filling up the DagBag from /home/airflow/.local/lib/python3.12/site-packages/airflow/example_dags/example_python_operator.py
[2025-02-23T04:49:22.578+0000] {processor.py:925} INFO - DAG(s) 'example_python_operator' retrieved from /home/airflow/.local/lib/python3.12/site-packages/airflow/example_dags/example_python_operator.py
[2025-02-23T04:49:22.594+0000] {logging_mixin.py:190} INFO - [2025-02-23T04:49:22.594+0000] {dag.py:3239} INFO - Sync 1 DAGs
[2025-02-23T04:49:22.606+0000] {logging_mixin.py:190} INFO - [2025-02-23T04:49:22.605+0000] {dag.py:4180} INFO - Setting next_dagrun for example_python_operator to None, run_after=None
[2025-02-23T04:49:22.621+0000] {processor.py:208} INFO - Processing /home/airflow/.local/lib/python3.12/site-packages/airflow/example_dags/example_python_operator.py took 0.060 seconds
[2025-02-23T04:49:53.263+0000] {processor.py:186} INFO - Started process (PID=553) to work on /home/airflow/.local/lib/python3.12/site-packages/airflow/example_dags/example_python_operator.py
[2025-02-23T04:49:53.264+0000] {processor.py:914} INFO - Processing file /home/airflow/.local/lib/python3.12/site-packages/airflow/example_dags/example_python_operator.py for tasks to queue
[2025-02-23T04:49:53.266+0000] {logging_mixin.py:190} INFO - [2025-02-23T04:49:53.266+0000] {dagbag.py:588} INFO - Filling up the DagBag from /home/airflow/.local/lib/python3.12/site-packages/airflow/example_dags/example_python_operator.py
[2025-02-23T04:49:53.280+0000] {processor.py:925} INFO - DAG(s) 'example_python_operator' retrieved from /home/airflow/.local/lib/python3.12/site-packages/airflow/example_dags/example_python_operator.py
[2025-02-23T04:49:53.302+0000] {logging_mixin.py:190} INFO - [2025-02-23T04:49:53.302+0000] {dag.py:3239} INFO - Sync 1 DAGs
[2025-02-23T04:49:53.314+0000] {logging_mixin.py:190} INFO - [2025-02-23T04:49:53.314+0000] {dag.py:4180} INFO - Setting next_dagrun for example_python_operator to None, run_after=None
[2025-02-23T04:49:53.327+0000] {processor.py:208} INFO - Processing /home/airflow/.local/lib/python3.12/site-packages/airflow/example_dags/example_python_operator.py took 0.069 seconds
