[2025-02-23T04:46:08.232+0000] {processor.py:186} INFO - Started process (PID=61) to work on /home/airflow/.local/lib/python3.12/site-packages/airflow/example_dags/example_params_trigger_ui.py
[2025-02-23T04:46:08.233+0000] {processor.py:914} INFO - Processing file /home/airflow/.local/lib/python3.12/site-packages/airflow/example_dags/example_params_trigger_ui.py for tasks to queue
[2025-02-23T04:46:08.268+0000] {logging_mixin.py:190} INFO - [2025-02-23T04:46:08.267+0000] {dagbag.py:588} INFO - Filling up the DagBag from /home/airflow/.local/lib/python3.12/site-packages/airflow/example_dags/example_params_trigger_ui.py
[2025-02-23T04:46:08.314+0000] {processor.py:925} INFO - DAG(s) 'example_params_trigger_ui' retrieved from /home/airflow/.local/lib/python3.12/site-packages/airflow/example_dags/example_params_trigger_ui.py
[2025-02-23T04:46:08.695+0000] {logging_mixin.py:190} INFO - [2025-02-23T04:46:08.694+0000] {override.py:1911} INFO - Created Permission View: can delete on DAG:example_params_trigger_ui
[2025-02-23T04:46:08.709+0000] {logging_mixin.py:190} INFO - [2025-02-23T04:46:08.709+0000] {override.py:1911} INFO - Created Permission View: can read on DAG:example_params_trigger_ui
[2025-02-23T04:46:08.716+0000] {logging_mixin.py:190} INFO - [2025-02-23T04:46:08.716+0000] {override.py:1911} INFO - Created Permission View: can edit on DAG:example_params_trigger_ui
[2025-02-23T04:46:08.726+0000] {logging_mixin.py:190} INFO - [2025-02-23T04:46:08.726+0000] {override.py:1911} INFO - Created Permission View: can create on DAG Run:example_params_trigger_ui
[2025-02-23T04:46:08.753+0000] {logging_mixin.py:190} INFO - [2025-02-23T04:46:08.753+0000] {override.py:1911} INFO - Created Permission View: can read on DAG Run:example_params_trigger_ui
[2025-02-23T04:46:08.762+0000] {logging_mixin.py:190} INFO - [2025-02-23T04:46:08.762+0000] {override.py:1911} INFO - Created Permission View: menu access on DAG Run:example_params_trigger_ui
[2025-02-23T04:46:08.769+0000] {logging_mixin.py:190} INFO - [2025-02-23T04:46:08.769+0000] {override.py:1911} INFO - Created Permission View: can delete on DAG Run:example_params_trigger_ui
[2025-02-23T04:46:08.770+0000] {logging_mixin.py:190} INFO - [2025-02-23T04:46:08.769+0000] {dag.py:3239} INFO - Sync 1 DAGs
[2025-02-23T04:46:08.789+0000] {logging_mixin.py:190} INFO - [2025-02-23T04:46:08.789+0000] {dag.py:3262} INFO - Creating ORM DAG for example_params_trigger_ui
[2025-02-23T04:46:08.789+0000] {logging_mixin.py:190} INFO - [2025-02-23T04:46:08.789+0000] {dag.py:4180} INFO - Setting next_dagrun for example_params_trigger_ui to None, run_after=None
[2025-02-23T04:46:08.820+0000] {processor.py:208} INFO - Processing /home/airflow/.local/lib/python3.12/site-packages/airflow/example_dags/example_params_trigger_ui.py took 0.597 seconds
[2025-02-23T04:46:39.425+0000] {processor.py:186} INFO - Started process (PID=130) to work on /home/airflow/.local/lib/python3.12/site-packages/airflow/example_dags/example_params_trigger_ui.py
[2025-02-23T04:46:39.426+0000] {processor.py:914} INFO - Processing file /home/airflow/.local/lib/python3.12/site-packages/airflow/example_dags/example_params_trigger_ui.py for tasks to queue
[2025-02-23T04:46:39.427+0000] {logging_mixin.py:190} INFO - [2025-02-23T04:46:39.427+0000] {dagbag.py:588} INFO - Filling up the DagBag from /home/airflow/.local/lib/python3.12/site-packages/airflow/example_dags/example_params_trigger_ui.py
[2025-02-23T04:46:39.438+0000] {processor.py:925} INFO - DAG(s) 'example_params_trigger_ui' retrieved from /home/airflow/.local/lib/python3.12/site-packages/airflow/example_dags/example_params_trigger_ui.py
[2025-02-23T04:46:39.490+0000] {logging_mixin.py:190} INFO - [2025-02-23T04:46:39.490+0000] {dag.py:3239} INFO - Sync 1 DAGs
[2025-02-23T04:46:39.501+0000] {logging_mixin.py:190} INFO - [2025-02-23T04:46:39.501+0000] {dag.py:4180} INFO - Setting next_dagrun for example_params_trigger_ui to None, run_after=None
[2025-02-23T04:46:39.517+0000] {processor.py:208} INFO - Processing /home/airflow/.local/lib/python3.12/site-packages/airflow/example_dags/example_params_trigger_ui.py took 0.096 seconds
[2025-02-23T04:47:10.032+0000] {processor.py:186} INFO - Started process (PID=193) to work on /home/airflow/.local/lib/python3.12/site-packages/airflow/example_dags/example_params_trigger_ui.py
[2025-02-23T04:47:10.033+0000] {processor.py:914} INFO - Processing file /home/airflow/.local/lib/python3.12/site-packages/airflow/example_dags/example_params_trigger_ui.py for tasks to queue
[2025-02-23T04:47:10.034+0000] {logging_mixin.py:190} INFO - [2025-02-23T04:47:10.034+0000] {dagbag.py:588} INFO - Filling up the DagBag from /home/airflow/.local/lib/python3.12/site-packages/airflow/example_dags/example_params_trigger_ui.py
[2025-02-23T04:47:10.046+0000] {processor.py:925} INFO - DAG(s) 'example_params_trigger_ui' retrieved from /home/airflow/.local/lib/python3.12/site-packages/airflow/example_dags/example_params_trigger_ui.py
[2025-02-23T04:47:10.086+0000] {logging_mixin.py:190} INFO - [2025-02-23T04:47:10.086+0000] {dag.py:3239} INFO - Sync 1 DAGs
[2025-02-23T04:47:10.098+0000] {logging_mixin.py:190} INFO - [2025-02-23T04:47:10.098+0000] {dag.py:4180} INFO - Setting next_dagrun for example_params_trigger_ui to None, run_after=None
[2025-02-23T04:47:10.112+0000] {processor.py:208} INFO - Processing /home/airflow/.local/lib/python3.12/site-packages/airflow/example_dags/example_params_trigger_ui.py took 0.084 seconds
[2025-02-23T04:47:40.444+0000] {processor.py:186} INFO - Started process (PID=257) to work on /home/airflow/.local/lib/python3.12/site-packages/airflow/example_dags/example_params_trigger_ui.py
[2025-02-23T04:47:40.445+0000] {processor.py:914} INFO - Processing file /home/airflow/.local/lib/python3.12/site-packages/airflow/example_dags/example_params_trigger_ui.py for tasks to queue
[2025-02-23T04:47:40.447+0000] {logging_mixin.py:190} INFO - [2025-02-23T04:47:40.446+0000] {dagbag.py:588} INFO - Filling up the DagBag from /home/airflow/.local/lib/python3.12/site-packages/airflow/example_dags/example_params_trigger_ui.py
[2025-02-23T04:47:40.456+0000] {processor.py:925} INFO - DAG(s) 'example_params_trigger_ui' retrieved from /home/airflow/.local/lib/python3.12/site-packages/airflow/example_dags/example_params_trigger_ui.py
[2025-02-23T04:47:40.494+0000] {logging_mixin.py:190} INFO - [2025-02-23T04:47:40.493+0000] {dag.py:3239} INFO - Sync 1 DAGs
[2025-02-23T04:47:40.507+0000] {logging_mixin.py:190} INFO - [2025-02-23T04:47:40.507+0000] {dag.py:4180} INFO - Setting next_dagrun for example_params_trigger_ui to None, run_after=None
[2025-02-23T04:47:40.525+0000] {processor.py:208} INFO - Processing /home/airflow/.local/lib/python3.12/site-packages/airflow/example_dags/example_params_trigger_ui.py took 0.087 seconds
[2025-02-23T04:48:10.968+0000] {processor.py:186} INFO - Started process (PID=320) to work on /home/airflow/.local/lib/python3.12/site-packages/airflow/example_dags/example_params_trigger_ui.py
[2025-02-23T04:48:10.969+0000] {processor.py:914} INFO - Processing file /home/airflow/.local/lib/python3.12/site-packages/airflow/example_dags/example_params_trigger_ui.py for tasks to queue
[2025-02-23T04:48:10.971+0000] {logging_mixin.py:190} INFO - [2025-02-23T04:48:10.971+0000] {dagbag.py:588} INFO - Filling up the DagBag from /home/airflow/.local/lib/python3.12/site-packages/airflow/example_dags/example_params_trigger_ui.py
[2025-02-23T04:48:10.983+0000] {processor.py:925} INFO - DAG(s) 'example_params_trigger_ui' retrieved from /home/airflow/.local/lib/python3.12/site-packages/airflow/example_dags/example_params_trigger_ui.py
[2025-02-23T04:48:11.035+0000] {logging_mixin.py:190} INFO - [2025-02-23T04:48:11.034+0000] {dag.py:3239} INFO - Sync 1 DAGs
[2025-02-23T04:48:11.051+0000] {logging_mixin.py:190} INFO - [2025-02-23T04:48:11.050+0000] {dag.py:4180} INFO - Setting next_dagrun for example_params_trigger_ui to None, run_after=None
[2025-02-23T04:48:11.069+0000] {processor.py:208} INFO - Processing /home/airflow/.local/lib/python3.12/site-packages/airflow/example_dags/example_params_trigger_ui.py took 0.107 seconds
[2025-02-23T04:48:41.470+0000] {processor.py:186} INFO - Started process (PID=384) to work on /home/airflow/.local/lib/python3.12/site-packages/airflow/example_dags/example_params_trigger_ui.py
[2025-02-23T04:48:41.471+0000] {processor.py:914} INFO - Processing file /home/airflow/.local/lib/python3.12/site-packages/airflow/example_dags/example_params_trigger_ui.py for tasks to queue
[2025-02-23T04:48:41.473+0000] {logging_mixin.py:190} INFO - [2025-02-23T04:48:41.472+0000] {dagbag.py:588} INFO - Filling up the DagBag from /home/airflow/.local/lib/python3.12/site-packages/airflow/example_dags/example_params_trigger_ui.py
[2025-02-23T04:48:41.481+0000] {processor.py:925} INFO - DAG(s) 'example_params_trigger_ui' retrieved from /home/airflow/.local/lib/python3.12/site-packages/airflow/example_dags/example_params_trigger_ui.py
[2025-02-23T04:48:41.515+0000] {logging_mixin.py:190} INFO - [2025-02-23T04:48:41.515+0000] {dag.py:3239} INFO - Sync 1 DAGs
[2025-02-23T04:48:41.527+0000] {logging_mixin.py:190} INFO - [2025-02-23T04:48:41.526+0000] {dag.py:4180} INFO - Setting next_dagrun for example_params_trigger_ui to None, run_after=None
[2025-02-23T04:48:41.540+0000] {processor.py:208} INFO - Processing /home/airflow/.local/lib/python3.12/site-packages/airflow/example_dags/example_params_trigger_ui.py took 0.074 seconds
[2025-02-23T04:49:12.030+0000] {processor.py:186} INFO - Started process (PID=447) to work on /home/airflow/.local/lib/python3.12/site-packages/airflow/example_dags/example_params_trigger_ui.py
[2025-02-23T04:49:12.031+0000] {processor.py:914} INFO - Processing file /home/airflow/.local/lib/python3.12/site-packages/airflow/example_dags/example_params_trigger_ui.py for tasks to queue
[2025-02-23T04:49:12.033+0000] {logging_mixin.py:190} INFO - [2025-02-23T04:49:12.033+0000] {dagbag.py:588} INFO - Filling up the DagBag from /home/airflow/.local/lib/python3.12/site-packages/airflow/example_dags/example_params_trigger_ui.py
[2025-02-23T04:49:12.044+0000] {processor.py:925} INFO - DAG(s) 'example_params_trigger_ui' retrieved from /home/airflow/.local/lib/python3.12/site-packages/airflow/example_dags/example_params_trigger_ui.py
[2025-02-23T04:49:12.091+0000] {logging_mixin.py:190} INFO - [2025-02-23T04:49:12.091+0000] {dag.py:3239} INFO - Sync 1 DAGs
[2025-02-23T04:49:12.106+0000] {logging_mixin.py:190} INFO - [2025-02-23T04:49:12.106+0000] {dag.py:4180} INFO - Setting next_dagrun for example_params_trigger_ui to None, run_after=None
[2025-02-23T04:49:12.120+0000] {processor.py:208} INFO - Processing /home/airflow/.local/lib/python3.12/site-packages/airflow/example_dags/example_params_trigger_ui.py took 0.094 seconds
