[2025-02-23T04:46:15.109+0000] {processor.py:186} INFO - Started process (PID=99) to work on /home/airflow/.local/lib/python3.12/site-packages/airflow/example_dags/example_sensors.py
[2025-02-23T04:46:15.110+0000] {processor.py:914} INFO - Processing file /home/airflow/.local/lib/python3.12/site-packages/airflow/example_dags/example_sensors.py for tasks to queue
[2025-02-23T04:46:15.112+0000] {logging_mixin.py:190} INFO - [2025-02-23T04:46:15.112+0000] {dagbag.py:588} INFO - Filling up the DagBag from /home/airflow/.local/lib/python3.12/site-packages/airflow/example_dags/example_sensors.py
[2025-02-23T04:46:15.126+0000] {processor.py:925} INFO - DAG(s) 'example_sensors' retrieved from /home/airflow/.local/lib/python3.12/site-packages/airflow/example_dags/example_sensors.py
[2025-02-23T04:46:15.279+0000] {logging_mixin.py:190} INFO - [2025-02-23T04:46:15.278+0000] {override.py:1911} INFO - Created Permission View: can delete on DAG:example_sensors
[2025-02-23T04:46:15.289+0000] {logging_mixin.py:190} INFO - [2025-02-23T04:46:15.288+0000] {override.py:1911} INFO - Created Permission View: can read on DAG:example_sensors
[2025-02-23T04:46:15.293+0000] {logging_mixin.py:190} INFO - [2025-02-23T04:46:15.293+0000] {override.py:1911} INFO - Created Permission View: can edit on DAG:example_sensors
[2025-02-23T04:46:15.297+0000] {logging_mixin.py:190} INFO - [2025-02-23T04:46:15.297+0000] {override.py:1911} INFO - Created Permission View: can create on DAG Run:example_sensors
[2025-02-23T04:46:15.302+0000] {logging_mixin.py:190} INFO - [2025-02-23T04:46:15.301+0000] {override.py:1911} INFO - Created Permission View: can read on DAG Run:example_sensors
[2025-02-23T04:46:15.306+0000] {logging_mixin.py:190} INFO - [2025-02-23T04:46:15.306+0000] {override.py:1911} INFO - Created Permission View: menu access on DAG Run:example_sensors
[2025-02-23T04:46:15.311+0000] {logging_mixin.py:190} INFO - [2025-02-23T04:46:15.310+0000] {override.py:1911} INFO - Created Permission View: can delete on DAG Run:example_sensors
[2025-02-23T04:46:15.311+0000] {logging_mixin.py:190} INFO - [2025-02-23T04:46:15.311+0000] {dag.py:3239} INFO - Sync 1 DAGs
[2025-02-23T04:46:15.326+0000] {logging_mixin.py:190} INFO - [2025-02-23T04:46:15.325+0000] {dag.py:3262} INFO - Creating ORM DAG for example_sensors
[2025-02-23T04:46:15.326+0000] {logging_mixin.py:190} INFO - [2025-02-23T04:46:15.326+0000] {dag.py:4180} INFO - Setting next_dagrun for example_sensors to None, run_after=None
[2025-02-23T04:46:15.340+0000] {processor.py:208} INFO - Processing /home/airflow/.local/lib/python3.12/site-packages/airflow/example_dags/example_sensors.py took 0.238 seconds
[2025-02-23T04:46:45.912+0000] {processor.py:186} INFO - Started process (PID=162) to work on /home/airflow/.local/lib/python3.12/site-packages/airflow/example_dags/example_sensors.py
[2025-02-23T04:46:45.912+0000] {processor.py:914} INFO - Processing file /home/airflow/.local/lib/python3.12/site-packages/airflow/example_dags/example_sensors.py for tasks to queue
[2025-02-23T04:46:45.914+0000] {logging_mixin.py:190} INFO - [2025-02-23T04:46:45.914+0000] {dagbag.py:588} INFO - Filling up the DagBag from /home/airflow/.local/lib/python3.12/site-packages/airflow/example_dags/example_sensors.py
[2025-02-23T04:46:45.922+0000] {processor.py:925} INFO - DAG(s) 'example_sensors' retrieved from /home/airflow/.local/lib/python3.12/site-packages/airflow/example_dags/example_sensors.py
[2025-02-23T04:46:45.949+0000] {logging_mixin.py:190} INFO - [2025-02-23T04:46:45.949+0000] {dag.py:3239} INFO - Sync 1 DAGs
[2025-02-23T04:46:45.965+0000] {logging_mixin.py:190} INFO - [2025-02-23T04:46:45.965+0000] {dag.py:4180} INFO - Setting next_dagrun for example_sensors to None, run_after=None
[2025-02-23T04:46:45.982+0000] {processor.py:208} INFO - Processing /home/airflow/.local/lib/python3.12/site-packages/airflow/example_dags/example_sensors.py took 0.075 seconds
[2025-02-23T04:47:16.145+0000] {processor.py:186} INFO - Started process (PID=224) to work on /home/airflow/.local/lib/python3.12/site-packages/airflow/example_dags/example_sensors.py
[2025-02-23T04:47:16.146+0000] {processor.py:914} INFO - Processing file /home/airflow/.local/lib/python3.12/site-packages/airflow/example_dags/example_sensors.py for tasks to queue
[2025-02-23T04:47:16.147+0000] {logging_mixin.py:190} INFO - [2025-02-23T04:47:16.147+0000] {dagbag.py:588} INFO - Filling up the DagBag from /home/airflow/.local/lib/python3.12/site-packages/airflow/example_dags/example_sensors.py
[2025-02-23T04:47:16.155+0000] {processor.py:925} INFO - DAG(s) 'example_sensors' retrieved from /home/airflow/.local/lib/python3.12/site-packages/airflow/example_dags/example_sensors.py
[2025-02-23T04:47:16.176+0000] {logging_mixin.py:190} INFO - [2025-02-23T04:47:16.175+0000] {dag.py:3239} INFO - Sync 1 DAGs
[2025-02-23T04:47:16.186+0000] {logging_mixin.py:190} INFO - [2025-02-23T04:47:16.186+0000] {dag.py:4180} INFO - Setting next_dagrun for example_sensors to None, run_after=None
[2025-02-23T04:47:16.199+0000] {processor.py:208} INFO - Processing /home/airflow/.local/lib/python3.12/site-packages/airflow/example_dags/example_sensors.py took 0.059 seconds
[2025-02-23T04:47:46.344+0000] {processor.py:186} INFO - Started process (PID=287) to work on /home/airflow/.local/lib/python3.12/site-packages/airflow/example_dags/example_sensors.py
[2025-02-23T04:47:46.345+0000] {processor.py:914} INFO - Processing file /home/airflow/.local/lib/python3.12/site-packages/airflow/example_dags/example_sensors.py for tasks to queue
[2025-02-23T04:47:46.346+0000] {logging_mixin.py:190} INFO - [2025-02-23T04:47:46.346+0000] {dagbag.py:588} INFO - Filling up the DagBag from /home/airflow/.local/lib/python3.12/site-packages/airflow/example_dags/example_sensors.py
[2025-02-23T04:47:46.355+0000] {processor.py:925} INFO - DAG(s) 'example_sensors' retrieved from /home/airflow/.local/lib/python3.12/site-packages/airflow/example_dags/example_sensors.py
[2025-02-23T04:47:46.381+0000] {logging_mixin.py:190} INFO - [2025-02-23T04:47:46.381+0000] {dag.py:3239} INFO - Sync 1 DAGs
[2025-02-23T04:47:46.397+0000] {logging_mixin.py:190} INFO - [2025-02-23T04:47:46.396+0000] {dag.py:4180} INFO - Setting next_dagrun for example_sensors to None, run_after=None
[2025-02-23T04:47:46.414+0000] {processor.py:208} INFO - Processing /home/airflow/.local/lib/python3.12/site-packages/airflow/example_dags/example_sensors.py took 0.074 seconds
[2025-02-23T04:48:16.834+0000] {processor.py:186} INFO - Started process (PID=350) to work on /home/airflow/.local/lib/python3.12/site-packages/airflow/example_dags/example_sensors.py
[2025-02-23T04:48:16.835+0000] {processor.py:914} INFO - Processing file /home/airflow/.local/lib/python3.12/site-packages/airflow/example_dags/example_sensors.py for tasks to queue
[2025-02-23T04:48:16.837+0000] {logging_mixin.py:190} INFO - [2025-02-23T04:48:16.837+0000] {dagbag.py:588} INFO - Filling up the DagBag from /home/airflow/.local/lib/python3.12/site-packages/airflow/example_dags/example_sensors.py
[2025-02-23T04:48:16.850+0000] {processor.py:925} INFO - DAG(s) 'example_sensors' retrieved from /home/airflow/.local/lib/python3.12/site-packages/airflow/example_dags/example_sensors.py
[2025-02-23T04:48:16.880+0000] {logging_mixin.py:190} INFO - [2025-02-23T04:48:16.879+0000] {dag.py:3239} INFO - Sync 1 DAGs
[2025-02-23T04:48:16.895+0000] {logging_mixin.py:190} INFO - [2025-02-23T04:48:16.895+0000] {dag.py:4180} INFO - Setting next_dagrun for example_sensors to None, run_after=None
[2025-02-23T04:48:16.913+0000] {processor.py:208} INFO - Processing /home/airflow/.local/lib/python3.12/site-packages/airflow/example_dags/example_sensors.py took 0.087 seconds
[2025-02-23T04:48:47.903+0000] {processor.py:186} INFO - Started process (PID=414) to work on /home/airflow/.local/lib/python3.12/site-packages/airflow/example_dags/example_sensors.py
[2025-02-23T04:48:47.904+0000] {processor.py:914} INFO - Processing file /home/airflow/.local/lib/python3.12/site-packages/airflow/example_dags/example_sensors.py for tasks to queue
[2025-02-23T04:48:47.906+0000] {logging_mixin.py:190} INFO - [2025-02-23T04:48:47.905+0000] {dagbag.py:588} INFO - Filling up the DagBag from /home/airflow/.local/lib/python3.12/site-packages/airflow/example_dags/example_sensors.py
[2025-02-23T04:48:47.917+0000] {processor.py:925} INFO - DAG(s) 'example_sensors' retrieved from /home/airflow/.local/lib/python3.12/site-packages/airflow/example_dags/example_sensors.py
[2025-02-23T04:48:47.937+0000] {logging_mixin.py:190} INFO - [2025-02-23T04:48:47.936+0000] {dag.py:3239} INFO - Sync 1 DAGs
[2025-02-23T04:48:47.947+0000] {logging_mixin.py:190} INFO - [2025-02-23T04:48:47.947+0000] {dag.py:4180} INFO - Setting next_dagrun for example_sensors to None, run_after=None
[2025-02-23T04:48:47.960+0000] {processor.py:208} INFO - Processing /home/airflow/.local/lib/python3.12/site-packages/airflow/example_dags/example_sensors.py took 0.063 seconds
[2025-02-23T04:49:18.358+0000] {processor.py:186} INFO - Started process (PID=476) to work on /home/airflow/.local/lib/python3.12/site-packages/airflow/example_dags/example_sensors.py
[2025-02-23T04:49:18.358+0000] {processor.py:914} INFO - Processing file /home/airflow/.local/lib/python3.12/site-packages/airflow/example_dags/example_sensors.py for tasks to queue
[2025-02-23T04:49:18.360+0000] {logging_mixin.py:190} INFO - [2025-02-23T04:49:18.360+0000] {dagbag.py:588} INFO - Filling up the DagBag from /home/airflow/.local/lib/python3.12/site-packages/airflow/example_dags/example_sensors.py
[2025-02-23T04:49:18.371+0000] {processor.py:925} INFO - DAG(s) 'example_sensors' retrieved from /home/airflow/.local/lib/python3.12/site-packages/airflow/example_dags/example_sensors.py
[2025-02-23T04:49:18.400+0000] {logging_mixin.py:190} INFO - [2025-02-23T04:49:18.400+0000] {dag.py:3239} INFO - Sync 1 DAGs
[2025-02-23T04:49:18.417+0000] {logging_mixin.py:190} INFO - [2025-02-23T04:49:18.417+0000] {dag.py:4180} INFO - Setting next_dagrun for example_sensors to None, run_after=None
[2025-02-23T04:49:18.434+0000] {processor.py:208} INFO - Processing /home/airflow/.local/lib/python3.12/site-packages/airflow/example_dags/example_sensors.py took 0.080 seconds
[2025-02-23T04:49:48.635+0000] {processor.py:186} INFO - Started process (PID=539) to work on /home/airflow/.local/lib/python3.12/site-packages/airflow/example_dags/example_sensors.py
[2025-02-23T04:49:48.636+0000] {processor.py:914} INFO - Processing file /home/airflow/.local/lib/python3.12/site-packages/airflow/example_dags/example_sensors.py for tasks to queue
[2025-02-23T04:49:48.637+0000] {logging_mixin.py:190} INFO - [2025-02-23T04:49:48.637+0000] {dagbag.py:588} INFO - Filling up the DagBag from /home/airflow/.local/lib/python3.12/site-packages/airflow/example_dags/example_sensors.py
[2025-02-23T04:49:48.646+0000] {processor.py:925} INFO - DAG(s) 'example_sensors' retrieved from /home/airflow/.local/lib/python3.12/site-packages/airflow/example_dags/example_sensors.py
[2025-02-23T04:49:48.666+0000] {logging_mixin.py:190} INFO - [2025-02-23T04:49:48.666+0000] {dag.py:3239} INFO - Sync 1 DAGs
[2025-02-23T04:49:48.678+0000] {logging_mixin.py:190} INFO - [2025-02-23T04:49:48.678+0000] {dag.py:4180} INFO - Setting next_dagrun for example_sensors to None, run_after=None
[2025-02-23T04:49:48.691+0000] {processor.py:208} INFO - Processing /home/airflow/.local/lib/python3.12/site-packages/airflow/example_dags/example_sensors.py took 0.060 seconds
