[2025-02-23T04:46:09.455+0000] {processor.py:186} INFO - Started process (PID=73) to work on /home/airflow/.local/lib/python3.12/site-packages/airflow/example_dags/tutorial.py
[2025-02-23T04:46:09.456+0000] {processor.py:914} INFO - Processing file /home/airflow/.local/lib/python3.12/site-packages/airflow/example_dags/tutorial.py for tasks to queue
[2025-02-23T04:46:09.458+0000] {logging_mixin.py:190} INFO - [2025-02-23T04:46:09.458+0000] {dagbag.py:588} INFO - Filling up the DagBag from /home/airflow/.local/lib/python3.12/site-packages/airflow/example_dags/tutorial.py
[2025-02-23T04:46:09.468+0000] {processor.py:925} INFO - DAG(s) 'tutorial' retrieved from /home/airflow/.local/lib/python3.12/site-packages/airflow/example_dags/tutorial.py
[2025-02-23T04:46:09.648+0000] {logging_mixin.py:190} INFO - [2025-02-23T04:46:09.647+0000] {override.py:1911} INFO - Created Permission View: can delete on DAG:tutorial
[2025-02-23T04:46:09.658+0000] {logging_mixin.py:190} INFO - [2025-02-23T04:46:09.658+0000] {override.py:1911} INFO - Created Permission View: can read on DAG:tutorial
[2025-02-23T04:46:09.664+0000] {logging_mixin.py:190} INFO - [2025-02-23T04:46:09.664+0000] {override.py:1911} INFO - Created Permission View: can edit on DAG:tutorial
[2025-02-23T04:46:09.669+0000] {logging_mixin.py:190} INFO - [2025-02-23T04:46:09.669+0000] {override.py:1911} INFO - Created Permission View: can create on DAG Run:tutorial
[2025-02-23T04:46:09.674+0000] {logging_mixin.py:190} INFO - [2025-02-23T04:46:09.674+0000] {override.py:1911} INFO - Created Permission View: can read on DAG Run:tutorial
[2025-02-23T04:46:09.680+0000] {logging_mixin.py:190} INFO - [2025-02-23T04:46:09.680+0000] {override.py:1911} INFO - Created Permission View: menu access on DAG Run:tutorial
[2025-02-23T04:46:09.686+0000] {logging_mixin.py:190} INFO - [2025-02-23T04:46:09.686+0000] {override.py:1911} INFO - Created Permission View: can delete on DAG Run:tutorial
[2025-02-23T04:46:09.686+0000] {logging_mixin.py:190} INFO - [2025-02-23T04:46:09.686+0000] {dag.py:3239} INFO - Sync 1 DAGs
[2025-02-23T04:46:09.701+0000] {logging_mixin.py:190} INFO - [2025-02-23T04:46:09.701+0000] {dag.py:3262} INFO - Creating ORM DAG for tutorial
[2025-02-23T04:46:09.711+0000] {logging_mixin.py:190} INFO - [2025-02-23T04:46:09.711+0000] {dag.py:4180} INFO - Setting next_dagrun for tutorial to 2025-02-22 00:00:00+00:00, run_after=2025-02-23 00:00:00+00:00
[2025-02-23T04:46:09.725+0000] {processor.py:208} INFO - Processing /home/airflow/.local/lib/python3.12/site-packages/airflow/example_dags/tutorial.py took 0.276 seconds
[2025-02-23T04:46:39.819+0000] {processor.py:186} INFO - Started process (PID=136) to work on /home/airflow/.local/lib/python3.12/site-packages/airflow/example_dags/tutorial.py
[2025-02-23T04:46:39.820+0000] {processor.py:914} INFO - Processing file /home/airflow/.local/lib/python3.12/site-packages/airflow/example_dags/tutorial.py for tasks to queue
[2025-02-23T04:46:39.822+0000] {logging_mixin.py:190} INFO - [2025-02-23T04:46:39.822+0000] {dagbag.py:588} INFO - Filling up the DagBag from /home/airflow/.local/lib/python3.12/site-packages/airflow/example_dags/tutorial.py
[2025-02-23T04:46:39.830+0000] {processor.py:925} INFO - DAG(s) 'tutorial' retrieved from /home/airflow/.local/lib/python3.12/site-packages/airflow/example_dags/tutorial.py
[2025-02-23T04:46:39.847+0000] {logging_mixin.py:190} INFO - [2025-02-23T04:46:39.847+0000] {dag.py:3239} INFO - Sync 1 DAGs
[2025-02-23T04:46:39.865+0000] {logging_mixin.py:190} INFO - [2025-02-23T04:46:39.865+0000] {dag.py:4180} INFO - Setting next_dagrun for tutorial to 2025-02-22 00:00:00+00:00, run_after=2025-02-23 00:00:00+00:00
[2025-02-23T04:46:39.876+0000] {processor.py:208} INFO - Processing /home/airflow/.local/lib/python3.12/site-packages/airflow/example_dags/tutorial.py took 0.063 seconds
[2025-02-23T04:47:10.342+0000] {processor.py:186} INFO - Started process (PID=199) to work on /home/airflow/.local/lib/python3.12/site-packages/airflow/example_dags/tutorial.py
[2025-02-23T04:47:10.343+0000] {processor.py:914} INFO - Processing file /home/airflow/.local/lib/python3.12/site-packages/airflow/example_dags/tutorial.py for tasks to queue
[2025-02-23T04:47:10.345+0000] {logging_mixin.py:190} INFO - [2025-02-23T04:47:10.345+0000] {dagbag.py:588} INFO - Filling up the DagBag from /home/airflow/.local/lib/python3.12/site-packages/airflow/example_dags/tutorial.py
[2025-02-23T04:47:10.353+0000] {processor.py:925} INFO - DAG(s) 'tutorial' retrieved from /home/airflow/.local/lib/python3.12/site-packages/airflow/example_dags/tutorial.py
[2025-02-23T04:47:10.371+0000] {logging_mixin.py:190} INFO - [2025-02-23T04:47:10.371+0000] {dag.py:3239} INFO - Sync 1 DAGs
[2025-02-23T04:47:10.396+0000] {logging_mixin.py:190} INFO - [2025-02-23T04:47:10.396+0000] {dag.py:4180} INFO - Setting next_dagrun for tutorial to 2025-02-22 00:00:00+00:00, run_after=2025-02-23 00:00:00+00:00
[2025-02-23T04:47:10.412+0000] {processor.py:208} INFO - Processing /home/airflow/.local/lib/python3.12/site-packages/airflow/example_dags/tutorial.py took 0.077 seconds
[2025-02-23T04:47:40.731+0000] {processor.py:186} INFO - Started process (PID=263) to work on /home/airflow/.local/lib/python3.12/site-packages/airflow/example_dags/tutorial.py
[2025-02-23T04:47:40.732+0000] {processor.py:914} INFO - Processing file /home/airflow/.local/lib/python3.12/site-packages/airflow/example_dags/tutorial.py for tasks to queue
[2025-02-23T04:47:40.733+0000] {logging_mixin.py:190} INFO - [2025-02-23T04:47:40.733+0000] {dagbag.py:588} INFO - Filling up the DagBag from /home/airflow/.local/lib/python3.12/site-packages/airflow/example_dags/tutorial.py
[2025-02-23T04:47:40.740+0000] {processor.py:925} INFO - DAG(s) 'tutorial' retrieved from /home/airflow/.local/lib/python3.12/site-packages/airflow/example_dags/tutorial.py
[2025-02-23T04:47:40.757+0000] {logging_mixin.py:190} INFO - [2025-02-23T04:47:40.757+0000] {dag.py:3239} INFO - Sync 1 DAGs
[2025-02-23T04:47:40.780+0000] {logging_mixin.py:190} INFO - [2025-02-23T04:47:40.780+0000] {dag.py:4180} INFO - Setting next_dagrun for tutorial to 2025-02-22 00:00:00+00:00, run_after=2025-02-23 00:00:00+00:00
[2025-02-23T04:47:40.798+0000] {processor.py:208} INFO - Processing /home/airflow/.local/lib/python3.12/site-packages/airflow/example_dags/tutorial.py took 0.071 seconds
[2025-02-23T04:48:11.344+0000] {processor.py:186} INFO - Started process (PID=326) to work on /home/airflow/.local/lib/python3.12/site-packages/airflow/example_dags/tutorial.py
[2025-02-23T04:48:11.344+0000] {processor.py:914} INFO - Processing file /home/airflow/.local/lib/python3.12/site-packages/airflow/example_dags/tutorial.py for tasks to queue
[2025-02-23T04:48:11.347+0000] {logging_mixin.py:190} INFO - [2025-02-23T04:48:11.346+0000] {dagbag.py:588} INFO - Filling up the DagBag from /home/airflow/.local/lib/python3.12/site-packages/airflow/example_dags/tutorial.py
[2025-02-23T04:48:11.356+0000] {processor.py:925} INFO - DAG(s) 'tutorial' retrieved from /home/airflow/.local/lib/python3.12/site-packages/airflow/example_dags/tutorial.py
[2025-02-23T04:48:11.376+0000] {logging_mixin.py:190} INFO - [2025-02-23T04:48:11.375+0000] {dag.py:3239} INFO - Sync 1 DAGs
[2025-02-23T04:48:11.400+0000] {logging_mixin.py:190} INFO - [2025-02-23T04:48:11.400+0000] {dag.py:4180} INFO - Setting next_dagrun for tutorial to 2025-02-22 00:00:00+00:00, run_after=2025-02-23 00:00:00+00:00
[2025-02-23T04:48:11.418+0000] {processor.py:208} INFO - Processing /home/airflow/.local/lib/python3.12/site-packages/airflow/example_dags/tutorial.py took 0.080 seconds
[2025-02-23T04:48:41.818+0000] {processor.py:186} INFO - Started process (PID=390) to work on /home/airflow/.local/lib/python3.12/site-packages/airflow/example_dags/tutorial.py
[2025-02-23T04:48:41.818+0000] {processor.py:914} INFO - Processing file /home/airflow/.local/lib/python3.12/site-packages/airflow/example_dags/tutorial.py for tasks to queue
[2025-02-23T04:48:41.820+0000] {logging_mixin.py:190} INFO - [2025-02-23T04:48:41.820+0000] {dagbag.py:588} INFO - Filling up the DagBag from /home/airflow/.local/lib/python3.12/site-packages/airflow/example_dags/tutorial.py
[2025-02-23T04:48:41.826+0000] {processor.py:925} INFO - DAG(s) 'tutorial' retrieved from /home/airflow/.local/lib/python3.12/site-packages/airflow/example_dags/tutorial.py
[2025-02-23T04:48:41.842+0000] {logging_mixin.py:190} INFO - [2025-02-23T04:48:41.842+0000] {dag.py:3239} INFO - Sync 1 DAGs
[2025-02-23T04:48:41.863+0000] {logging_mixin.py:190} INFO - [2025-02-23T04:48:41.862+0000] {dag.py:4180} INFO - Setting next_dagrun for tutorial to 2025-02-22 00:00:00+00:00, run_after=2025-02-23 00:00:00+00:00
[2025-02-23T04:48:41.875+0000] {processor.py:208} INFO - Processing /home/airflow/.local/lib/python3.12/site-packages/airflow/example_dags/tutorial.py took 0.061 seconds
[2025-02-23T04:49:12.295+0000] {processor.py:186} INFO - Started process (PID=453) to work on /home/airflow/.local/lib/python3.12/site-packages/airflow/example_dags/tutorial.py
[2025-02-23T04:49:12.296+0000] {processor.py:914} INFO - Processing file /home/airflow/.local/lib/python3.12/site-packages/airflow/example_dags/tutorial.py for tasks to queue
[2025-02-23T04:49:12.297+0000] {logging_mixin.py:190} INFO - [2025-02-23T04:49:12.297+0000] {dagbag.py:588} INFO - Filling up the DagBag from /home/airflow/.local/lib/python3.12/site-packages/airflow/example_dags/tutorial.py
[2025-02-23T04:49:12.303+0000] {processor.py:925} INFO - DAG(s) 'tutorial' retrieved from /home/airflow/.local/lib/python3.12/site-packages/airflow/example_dags/tutorial.py
[2025-02-23T04:49:12.317+0000] {logging_mixin.py:190} INFO - [2025-02-23T04:49:12.317+0000] {dag.py:3239} INFO - Sync 1 DAGs
[2025-02-23T04:49:12.334+0000] {logging_mixin.py:190} INFO - [2025-02-23T04:49:12.334+0000] {dag.py:4180} INFO - Setting next_dagrun for tutorial to 2025-02-22 00:00:00+00:00, run_after=2025-02-23 00:00:00+00:00
[2025-02-23T04:49:12.346+0000] {processor.py:208} INFO - Processing /home/airflow/.local/lib/python3.12/site-packages/airflow/example_dags/tutorial.py took 0.055 seconds
[2025-02-23T04:49:42.682+0000] {processor.py:186} INFO - Started process (PID=516) to work on /home/airflow/.local/lib/python3.12/site-packages/airflow/example_dags/tutorial.py
[2025-02-23T04:49:42.683+0000] {processor.py:914} INFO - Processing file /home/airflow/.local/lib/python3.12/site-packages/airflow/example_dags/tutorial.py for tasks to queue
[2025-02-23T04:49:42.685+0000] {logging_mixin.py:190} INFO - [2025-02-23T04:49:42.684+0000] {dagbag.py:588} INFO - Filling up the DagBag from /home/airflow/.local/lib/python3.12/site-packages/airflow/example_dags/tutorial.py
[2025-02-23T04:49:42.691+0000] {processor.py:925} INFO - DAG(s) 'tutorial' retrieved from /home/airflow/.local/lib/python3.12/site-packages/airflow/example_dags/tutorial.py
[2025-02-23T04:49:42.704+0000] {logging_mixin.py:190} INFO - [2025-02-23T04:49:42.704+0000] {dag.py:3239} INFO - Sync 1 DAGs
[2025-02-23T04:49:42.721+0000] {logging_mixin.py:190} INFO - [2025-02-23T04:49:42.721+0000] {dag.py:4180} INFO - Setting next_dagrun for tutorial to 2025-02-22 00:00:00+00:00, run_after=2025-02-23 00:00:00+00:00
[2025-02-23T04:49:42.733+0000] {processor.py:208} INFO - Processing /home/airflow/.local/lib/python3.12/site-packages/airflow/example_dags/tutorial.py took 0.054 seconds
[2025-02-23T04:50:12.882+0000] {processor.py:186} INFO - Started process (PID=580) to work on /home/airflow/.local/lib/python3.12/site-packages/airflow/example_dags/tutorial.py
[2025-02-23T04:50:12.883+0000] {processor.py:914} INFO - Processing file /home/airflow/.local/lib/python3.12/site-packages/airflow/example_dags/tutorial.py for tasks to queue
[2025-02-23T04:50:12.885+0000] {logging_mixin.py:190} INFO - [2025-02-23T04:50:12.885+0000] {dagbag.py:588} INFO - Filling up the DagBag from /home/airflow/.local/lib/python3.12/site-packages/airflow/example_dags/tutorial.py
[2025-02-23T04:50:12.893+0000] {processor.py:925} INFO - DAG(s) 'tutorial' retrieved from /home/airflow/.local/lib/python3.12/site-packages/airflow/example_dags/tutorial.py
[2025-02-23T04:50:12.909+0000] {logging_mixin.py:190} INFO - [2025-02-23T04:50:12.909+0000] {dag.py:3239} INFO - Sync 1 DAGs
[2025-02-23T04:50:12.926+0000] {logging_mixin.py:190} INFO - [2025-02-23T04:50:12.925+0000] {dag.py:4180} INFO - Setting next_dagrun for tutorial to 2025-02-22 00:00:00+00:00, run_after=2025-02-23 00:00:00+00:00
[2025-02-23T04:50:12.941+0000] {processor.py:208} INFO - Processing /home/airflow/.local/lib/python3.12/site-packages/airflow/example_dags/tutorial.py took 0.064 seconds
