[2025-02-23T04:46:11.205+0000] {processor.py:186} INFO - Started process (PID=79) to work on /home/airflow/.local/lib/python3.12/site-packages/airflow/example_dags/tutorial_dag.py
[2025-02-23T04:46:11.206+0000] {processor.py:914} INFO - Processing file /home/airflow/.local/lib/python3.12/site-packages/airflow/example_dags/tutorial_dag.py for tasks to queue
[2025-02-23T04:46:11.208+0000] {logging_mixin.py:190} INFO - [2025-02-23T04:46:11.207+0000] {dagbag.py:588} INFO - Filling up the DagBag from /home/airflow/.local/lib/python3.12/site-packages/airflow/example_dags/tutorial_dag.py
[2025-02-23T04:46:11.216+0000] {processor.py:925} INFO - DAG(s) 'tutorial_dag' retrieved from /home/airflow/.local/lib/python3.12/site-packages/airflow/example_dags/tutorial_dag.py
[2025-02-23T04:46:11.418+0000] {logging_mixin.py:190} INFO - [2025-02-23T04:46:11.418+0000] {override.py:1911} INFO - Created Permission View: can delete on DAG:tutorial_dag
[2025-02-23T04:46:11.428+0000] {logging_mixin.py:190} INFO - [2025-02-23T04:46:11.427+0000] {override.py:1911} INFO - Created Permission View: can read on DAG:tutorial_dag
[2025-02-23T04:46:11.433+0000] {logging_mixin.py:190} INFO - [2025-02-23T04:46:11.433+0000] {override.py:1911} INFO - Created Permission View: can edit on DAG:tutorial_dag
[2025-02-23T04:46:11.439+0000] {logging_mixin.py:190} INFO - [2025-02-23T04:46:11.438+0000] {override.py:1911} INFO - Created Permission View: can create on DAG Run:tutorial_dag
[2025-02-23T04:46:11.445+0000] {logging_mixin.py:190} INFO - [2025-02-23T04:46:11.444+0000] {override.py:1911} INFO - Created Permission View: can read on DAG Run:tutorial_dag
[2025-02-23T04:46:11.450+0000] {logging_mixin.py:190} INFO - [2025-02-23T04:46:11.450+0000] {override.py:1911} INFO - Created Permission View: menu access on DAG Run:tutorial_dag
[2025-02-23T04:46:11.455+0000] {logging_mixin.py:190} INFO - [2025-02-23T04:46:11.455+0000] {override.py:1911} INFO - Created Permission View: can delete on DAG Run:tutorial_dag
[2025-02-23T04:46:11.456+0000] {logging_mixin.py:190} INFO - [2025-02-23T04:46:11.455+0000] {dag.py:3239} INFO - Sync 1 DAGs
[2025-02-23T04:46:11.474+0000] {logging_mixin.py:190} INFO - [2025-02-23T04:46:11.474+0000] {dag.py:3262} INFO - Creating ORM DAG for tutorial_dag
[2025-02-23T04:46:11.475+0000] {logging_mixin.py:190} INFO - [2025-02-23T04:46:11.475+0000] {dag.py:4180} INFO - Setting next_dagrun for tutorial_dag to None, run_after=None
[2025-02-23T04:46:11.496+0000] {processor.py:208} INFO - Processing /home/airflow/.local/lib/python3.12/site-packages/airflow/example_dags/tutorial_dag.py took 0.297 seconds
[2025-02-23T04:46:42.043+0000] {processor.py:186} INFO - Started process (PID=141) to work on /home/airflow/.local/lib/python3.12/site-packages/airflow/example_dags/tutorial_dag.py
[2025-02-23T04:46:42.044+0000] {processor.py:914} INFO - Processing file /home/airflow/.local/lib/python3.12/site-packages/airflow/example_dags/tutorial_dag.py for tasks to queue
[2025-02-23T04:46:42.046+0000] {logging_mixin.py:190} INFO - [2025-02-23T04:46:42.045+0000] {dagbag.py:588} INFO - Filling up the DagBag from /home/airflow/.local/lib/python3.12/site-packages/airflow/example_dags/tutorial_dag.py
[2025-02-23T04:46:42.051+0000] {processor.py:925} INFO - DAG(s) 'tutorial_dag' retrieved from /home/airflow/.local/lib/python3.12/site-packages/airflow/example_dags/tutorial_dag.py
[2025-02-23T04:46:42.067+0000] {logging_mixin.py:190} INFO - [2025-02-23T04:46:42.067+0000] {dag.py:3239} INFO - Sync 1 DAGs
[2025-02-23T04:46:42.081+0000] {logging_mixin.py:190} INFO - [2025-02-23T04:46:42.081+0000] {dag.py:4180} INFO - Setting next_dagrun for tutorial_dag to None, run_after=None
[2025-02-23T04:46:42.096+0000] {processor.py:208} INFO - Processing /home/airflow/.local/lib/python3.12/site-packages/airflow/example_dags/tutorial_dag.py took 0.057 seconds
[2025-02-23T04:47:12.594+0000] {processor.py:186} INFO - Started process (PID=204) to work on /home/airflow/.local/lib/python3.12/site-packages/airflow/example_dags/tutorial_dag.py
[2025-02-23T04:47:12.595+0000] {processor.py:914} INFO - Processing file /home/airflow/.local/lib/python3.12/site-packages/airflow/example_dags/tutorial_dag.py for tasks to queue
[2025-02-23T04:47:12.596+0000] {logging_mixin.py:190} INFO - [2025-02-23T04:47:12.596+0000] {dagbag.py:588} INFO - Filling up the DagBag from /home/airflow/.local/lib/python3.12/site-packages/airflow/example_dags/tutorial_dag.py
[2025-02-23T04:47:12.602+0000] {processor.py:925} INFO - DAG(s) 'tutorial_dag' retrieved from /home/airflow/.local/lib/python3.12/site-packages/airflow/example_dags/tutorial_dag.py
[2025-02-23T04:47:12.619+0000] {logging_mixin.py:190} INFO - [2025-02-23T04:47:12.619+0000] {dag.py:3239} INFO - Sync 1 DAGs
[2025-02-23T04:47:12.634+0000] {logging_mixin.py:190} INFO - [2025-02-23T04:47:12.634+0000] {dag.py:4180} INFO - Setting next_dagrun for tutorial_dag to None, run_after=None
[2025-02-23T04:47:12.649+0000] {processor.py:208} INFO - Processing /home/airflow/.local/lib/python3.12/site-packages/airflow/example_dags/tutorial_dag.py took 0.060 seconds
[2025-02-23T04:47:43.012+0000] {processor.py:186} INFO - Started process (PID=268) to work on /home/airflow/.local/lib/python3.12/site-packages/airflow/example_dags/tutorial_dag.py
[2025-02-23T04:47:43.013+0000] {processor.py:914} INFO - Processing file /home/airflow/.local/lib/python3.12/site-packages/airflow/example_dags/tutorial_dag.py for tasks to queue
[2025-02-23T04:47:43.015+0000] {logging_mixin.py:190} INFO - [2025-02-23T04:47:43.015+0000] {dagbag.py:588} INFO - Filling up the DagBag from /home/airflow/.local/lib/python3.12/site-packages/airflow/example_dags/tutorial_dag.py
[2025-02-23T04:47:43.022+0000] {processor.py:925} INFO - DAG(s) 'tutorial_dag' retrieved from /home/airflow/.local/lib/python3.12/site-packages/airflow/example_dags/tutorial_dag.py
[2025-02-23T04:47:43.045+0000] {logging_mixin.py:190} INFO - [2025-02-23T04:47:43.045+0000] {dag.py:3239} INFO - Sync 1 DAGs
[2025-02-23T04:47:43.063+0000] {logging_mixin.py:190} INFO - [2025-02-23T04:47:43.063+0000] {dag.py:4180} INFO - Setting next_dagrun for tutorial_dag to None, run_after=None
[2025-02-23T04:47:43.080+0000] {processor.py:208} INFO - Processing /home/airflow/.local/lib/python3.12/site-packages/airflow/example_dags/tutorial_dag.py took 0.074 seconds
[2025-02-23T04:48:13.640+0000] {processor.py:186} INFO - Started process (PID=331) to work on /home/airflow/.local/lib/python3.12/site-packages/airflow/example_dags/tutorial_dag.py
[2025-02-23T04:48:13.641+0000] {processor.py:914} INFO - Processing file /home/airflow/.local/lib/python3.12/site-packages/airflow/example_dags/tutorial_dag.py for tasks to queue
[2025-02-23T04:48:13.642+0000] {logging_mixin.py:190} INFO - [2025-02-23T04:48:13.642+0000] {dagbag.py:588} INFO - Filling up the DagBag from /home/airflow/.local/lib/python3.12/site-packages/airflow/example_dags/tutorial_dag.py
[2025-02-23T04:48:13.648+0000] {processor.py:925} INFO - DAG(s) 'tutorial_dag' retrieved from /home/airflow/.local/lib/python3.12/site-packages/airflow/example_dags/tutorial_dag.py
[2025-02-23T04:48:13.664+0000] {logging_mixin.py:190} INFO - [2025-02-23T04:48:13.664+0000] {dag.py:3239} INFO - Sync 1 DAGs
[2025-02-23T04:48:13.681+0000] {logging_mixin.py:190} INFO - [2025-02-23T04:48:13.680+0000] {dag.py:4180} INFO - Setting next_dagrun for tutorial_dag to None, run_after=None
[2025-02-23T04:48:13.699+0000] {processor.py:208} INFO - Processing /home/airflow/.local/lib/python3.12/site-packages/airflow/example_dags/tutorial_dag.py took 0.063 seconds
[2025-02-23T04:48:44.010+0000] {processor.py:186} INFO - Started process (PID=395) to work on /home/airflow/.local/lib/python3.12/site-packages/airflow/example_dags/tutorial_dag.py
[2025-02-23T04:48:44.011+0000] {processor.py:914} INFO - Processing file /home/airflow/.local/lib/python3.12/site-packages/airflow/example_dags/tutorial_dag.py for tasks to queue
[2025-02-23T04:48:44.012+0000] {logging_mixin.py:190} INFO - [2025-02-23T04:48:44.012+0000] {dagbag.py:588} INFO - Filling up the DagBag from /home/airflow/.local/lib/python3.12/site-packages/airflow/example_dags/tutorial_dag.py
[2025-02-23T04:48:44.019+0000] {processor.py:925} INFO - DAG(s) 'tutorial_dag' retrieved from /home/airflow/.local/lib/python3.12/site-packages/airflow/example_dags/tutorial_dag.py
[2025-02-23T04:48:44.040+0000] {logging_mixin.py:190} INFO - [2025-02-23T04:48:44.039+0000] {dag.py:3239} INFO - Sync 1 DAGs
[2025-02-23T04:48:44.056+0000] {logging_mixin.py:190} INFO - [2025-02-23T04:48:44.055+0000] {dag.py:4180} INFO - Setting next_dagrun for tutorial_dag to None, run_after=None
[2025-02-23T04:48:44.073+0000] {processor.py:208} INFO - Processing /home/airflow/.local/lib/python3.12/site-packages/airflow/example_dags/tutorial_dag.py took 0.068 seconds
[2025-02-23T04:49:14.560+0000] {processor.py:186} INFO - Started process (PID=458) to work on /home/airflow/.local/lib/python3.12/site-packages/airflow/example_dags/tutorial_dag.py
[2025-02-23T04:49:14.560+0000] {processor.py:914} INFO - Processing file /home/airflow/.local/lib/python3.12/site-packages/airflow/example_dags/tutorial_dag.py for tasks to queue
[2025-02-23T04:49:14.562+0000] {logging_mixin.py:190} INFO - [2025-02-23T04:49:14.562+0000] {dagbag.py:588} INFO - Filling up the DagBag from /home/airflow/.local/lib/python3.12/site-packages/airflow/example_dags/tutorial_dag.py
[2025-02-23T04:49:14.568+0000] {processor.py:925} INFO - DAG(s) 'tutorial_dag' retrieved from /home/airflow/.local/lib/python3.12/site-packages/airflow/example_dags/tutorial_dag.py
[2025-02-23T04:49:14.582+0000] {logging_mixin.py:190} INFO - [2025-02-23T04:49:14.582+0000] {dag.py:3239} INFO - Sync 1 DAGs
[2025-02-23T04:49:14.592+0000] {logging_mixin.py:190} INFO - [2025-02-23T04:49:14.592+0000] {dag.py:4180} INFO - Setting next_dagrun for tutorial_dag to None, run_after=None
[2025-02-23T04:49:14.604+0000] {processor.py:208} INFO - Processing /home/airflow/.local/lib/python3.12/site-packages/airflow/example_dags/tutorial_dag.py took 0.049 seconds
[2025-02-23T04:49:44.863+0000] {processor.py:186} INFO - Started process (PID=521) to work on /home/airflow/.local/lib/python3.12/site-packages/airflow/example_dags/tutorial_dag.py
[2025-02-23T04:49:44.863+0000] {processor.py:914} INFO - Processing file /home/airflow/.local/lib/python3.12/site-packages/airflow/example_dags/tutorial_dag.py for tasks to queue
[2025-02-23T04:49:44.865+0000] {logging_mixin.py:190} INFO - [2025-02-23T04:49:44.864+0000] {dagbag.py:588} INFO - Filling up the DagBag from /home/airflow/.local/lib/python3.12/site-packages/airflow/example_dags/tutorial_dag.py
[2025-02-23T04:49:44.870+0000] {processor.py:925} INFO - DAG(s) 'tutorial_dag' retrieved from /home/airflow/.local/lib/python3.12/site-packages/airflow/example_dags/tutorial_dag.py
[2025-02-23T04:49:44.885+0000] {logging_mixin.py:190} INFO - [2025-02-23T04:49:44.885+0000] {dag.py:3239} INFO - Sync 1 DAGs
[2025-02-23T04:49:44.897+0000] {logging_mixin.py:190} INFO - [2025-02-23T04:49:44.897+0000] {dag.py:4180} INFO - Setting next_dagrun for tutorial_dag to None, run_after=None
[2025-02-23T04:49:44.910+0000] {processor.py:208} INFO - Processing /home/airflow/.local/lib/python3.12/site-packages/airflow/example_dags/tutorial_dag.py took 0.051 seconds
